

Microchip Technology PIC LITE Macro Assembler V1.38 build -256452561 
                                                                                               Thu Feb 16 19:13:21 2017

Microchip Technology Omniscient Code Generator v1.38 (Free mode) build 201607010351
     1                           	processor	16F1717
     2                           	opt	pw 120
     3                           	opt	lm
     4                           	psect	idataBANK0,global,class=CODE,delta=2
     5                           	psect	cinit,global,class=CODE,merge=1,delta=2
     6                           	psect	dataBANK0,global,class=BANK0,space=1,delta=1
     7                           	psect	inittext,global,class=CODE,delta=2
     8                           	psect	cstackCOMMON,global,class=COMMON,space=1,delta=1
     9                           	psect	cstackBANK0,global,class=BANK0,space=1,delta=1
    10                           	psect	maintext,global,class=CODE,merge=1,split=1,delta=2
    11                           	psect	text1,local,class=CODE,merge=1,delta=2
    12                           	psect	text2,local,class=CODE,merge=1,delta=2
    13                           	psect	text3,local,class=CODE,merge=1,delta=2
    14                           	psect	text4,local,class=CODE,merge=1,delta=2
    15                           	psect	text5,local,class=CODE,merge=1,delta=2
    16                           	psect	text6,local,class=CODE,merge=1,delta=2
    17                           	psect	text7,local,class=CODE,merge=1,delta=2
    18                           	dabs	1,0x7E,2
    19  0000                     	;# 
    20  0001                     	;# 
    21  0002                     	;# 
    22  0003                     	;# 
    23  0004                     	;# 
    24  0005                     	;# 
    25  0006                     	;# 
    26  0007                     	;# 
    27  0008                     	;# 
    28  0009                     	;# 
    29  000A                     	;# 
    30  000B                     	;# 
    31  000C                     	;# 
    32  000D                     	;# 
    33  000E                     	;# 
    34  000F                     	;# 
    35  0010                     	;# 
    36  0011                     	;# 
    37  0012                     	;# 
    38  0013                     	;# 
    39  0015                     	;# 
    40  0016                     	;# 
    41  0016                     	;# 
    42  0017                     	;# 
    43  0018                     	;# 
    44  0019                     	;# 
    45  001A                     	;# 
    46  001B                     	;# 
    47  001C                     	;# 
    48  008C                     	;# 
    49  008D                     	;# 
    50  008E                     	;# 
    51  008F                     	;# 
    52  0090                     	;# 
    53  0091                     	;# 
    54  0092                     	;# 
    55  0093                     	;# 
    56  0095                     	;# 
    57  0096                     	;# 
    58  0097                     	;# 
    59  0098                     	;# 
    60  0099                     	;# 
    61  009A                     	;# 
    62  009B                     	;# 
    63  009B                     	;# 
    64  009C                     	;# 
    65  009D                     	;# 
    66  009E                     	;# 
    67  009F                     	;# 
    68  010C                     	;# 
    69  010D                     	;# 
    70  010E                     	;# 
    71  010F                     	;# 
    72  0110                     	;# 
    73  0111                     	;# 
    74  0112                     	;# 
    75  0113                     	;# 
    76  0114                     	;# 
    77  0115                     	;# 
    78  0116                     	;# 
    79  0117                     	;# 
    80  0118                     	;# 
    81  0119                     	;# 
    82  011A                     	;# 
    83  011B                     	;# 
    84  011B                     	;# 
    85  011C                     	;# 
    86  018C                     	;# 
    87  018D                     	;# 
    88  018E                     	;# 
    89  018F                     	;# 
    90  0190                     	;# 
    91  0191                     	;# 
    92  0191                     	;# 
    93  0192                     	;# 
    94  0193                     	;# 
    95  0193                     	;# 
    96  0194                     	;# 
    97  0195                     	;# 
    98  0196                     	;# 
    99  0197                     	;# 
   100  0199                     	;# 
   101  0199                     	;# 
   102  0199                     	;# 
   103  019A                     	;# 
   104  019A                     	;# 
   105  019A                     	;# 
   106  019B                     	;# 
   107  019B                     	;# 
   108  019B                     	;# 
   109  019B                     	;# 
   110  019B                     	;# 
   111  019C                     	;# 
   112  019C                     	;# 
   113  019C                     	;# 
   114  019D                     	;# 
   115  019D                     	;# 
   116  019D                     	;# 
   117  019E                     	;# 
   118  019E                     	;# 
   119  019E                     	;# 
   120  019F                     	;# 
   121  019F                     	;# 
   122  019F                     	;# 
   123  019F                     	;# 
   124  019F                     	;# 
   125  020C                     	;# 
   126  020D                     	;# 
   127  020E                     	;# 
   128  020F                     	;# 
   129  0210                     	;# 
   130  0211                     	;# 
   131  0211                     	;# 
   132  0212                     	;# 
   133  0212                     	;# 
   134  0213                     	;# 
   135  0213                     	;# 
   136  0214                     	;# 
   137  0214                     	;# 
   138  0215                     	;# 
   139  0215                     	;# 
   140  0215                     	;# 
   141  0215                     	;# 
   142  0216                     	;# 
   143  0216                     	;# 
   144  0217                     	;# 
   145  0217                     	;# 
   146  028C                     	;# 
   147  028D                     	;# 
   148  028E                     	;# 
   149  028F                     	;# 
   150  0290                     	;# 
   151  0291                     	;# 
   152  0291                     	;# 
   153  0292                     	;# 
   154  0293                     	;# 
   155  0293                     	;# 
   156  0298                     	;# 
   157  0298                     	;# 
   158  0299                     	;# 
   159  029A                     	;# 
   160  029A                     	;# 
   161  029E                     	;# 
   162  030C                     	;# 
   163  030D                     	;# 
   164  030E                     	;# 
   165  030F                     	;# 
   166  0310                     	;# 
   167  038C                     	;# 
   168  038D                     	;# 
   169  038E                     	;# 
   170  038F                     	;# 
   171  0390                     	;# 
   172  0391                     	;# 
   173  0392                     	;# 
   174  0393                     	;# 
   175  0394                     	;# 
   176  0395                     	;# 
   177  0396                     	;# 
   178  0397                     	;# 
   179  0398                     	;# 
   180  0399                     	;# 
   181  039D                     	;# 
   182  039E                     	;# 
   183  039F                     	;# 
   184  0415                     	;# 
   185  0416                     	;# 
   186  0417                     	;# 
   187  041C                     	;# 
   188  041D                     	;# 
   189  041E                     	;# 
   190  0498                     	;# 
   191  0498                     	;# 
   192  0499                     	;# 
   193  049A                     	;# 
   194  049B                     	;# 
   195  049B                     	;# 
   196  049C                     	;# 
   197  049D                     	;# 
   198  049E                     	;# 
   199  049F                     	;# 
   200  0511                     	;# 
   201  0515                     	;# 
   202  0617                     	;# 
   203  0618                     	;# 
   204  0619                     	;# 
   205  0619                     	;# 
   206  061A                     	;# 
   207  061B                     	;# 
   208  061C                     	;# 
   209  061C                     	;# 
   210  0691                     	;# 
   211  0692                     	;# 
   212  0693                     	;# 
   213  0694                     	;# 
   214  0695                     	;# 
   215  0696                     	;# 
   216  0697                     	;# 
   217  0698                     	;# 
   218  0699                     	;# 
   219  069A                     	;# 
   220  069B                     	;# 
   221  069C                     	;# 
   222  069D                     	;# 
   223  069E                     	;# 
   224  069F                     	;# 
   225  0E0F                     	;# 
   226  0E10                     	;# 
   227  0E11                     	;# 
   228  0E12                     	;# 
   229  0E13                     	;# 
   230  0E14                     	;# 
   231  0E15                     	;# 
   232  0E17                     	;# 
   233  0E20                     	;# 
   234  0E21                     	;# 
   235  0E22                     	;# 
   236  0E24                     	;# 
   237  0E25                     	;# 
   238  0E28                     	;# 
   239  0E29                     	;# 
   240  0E2A                     	;# 
   241  0E2B                     	;# 
   242  0E90                     	;# 
   243  0E91                     	;# 
   244  0E92                     	;# 
   245  0E93                     	;# 
   246  0E94                     	;# 
   247  0E95                     	;# 
   248  0E96                     	;# 
   249  0E97                     	;# 
   250  0E98                     	;# 
   251  0E99                     	;# 
   252  0E9A                     	;# 
   253  0E9B                     	;# 
   254  0E9C                     	;# 
   255  0E9D                     	;# 
   256  0E9E                     	;# 
   257  0E9F                     	;# 
   258  0EA0                     	;# 
   259  0EA1                     	;# 
   260  0EA2                     	;# 
   261  0EA3                     	;# 
   262  0EA4                     	;# 
   263  0EA5                     	;# 
   264  0EA6                     	;# 
   265  0EA7                     	;# 
   266  0EA8                     	;# 
   267  0EA9                     	;# 
   268  0EAA                     	;# 
   269  0EAB                     	;# 
   270  0EAC                     	;# 
   271  0EAD                     	;# 
   272  0EAE                     	;# 
   273  0EAF                     	;# 
   274  0EB0                     	;# 
   275  0EB1                     	;# 
   276  0EB2                     	;# 
   277  0F0F                     	;# 
   278  0F10                     	;# 
   279  0F11                     	;# 
   280  0F12                     	;# 
   281  0F13                     	;# 
   282  0F14                     	;# 
   283  0F15                     	;# 
   284  0F16                     	;# 
   285  0F17                     	;# 
   286  0F18                     	;# 
   287  0F19                     	;# 
   288  0F1A                     	;# 
   289  0F1B                     	;# 
   290  0F1C                     	;# 
   291  0F1D                     	;# 
   292  0F1E                     	;# 
   293  0F1F                     	;# 
   294  0F20                     	;# 
   295  0F21                     	;# 
   296  0F22                     	;# 
   297  0F23                     	;# 
   298  0F24                     	;# 
   299  0F25                     	;# 
   300  0F26                     	;# 
   301  0F27                     	;# 
   302  0F28                     	;# 
   303  0F29                     	;# 
   304  0F2A                     	;# 
   305  0F2B                     	;# 
   306  0F2C                     	;# 
   307  0F2D                     	;# 
   308  0F2E                     	;# 
   309  0F2F                     	;# 
   310  0F30                     	;# 
   311  0F31                     	;# 
   312  0F32                     	;# 
   313  0F33                     	;# 
   314  0F34                     	;# 
   315  0F35                     	;# 
   316  0F36                     	;# 
   317  0F37                     	;# 
   318  0FE4                     	;# 
   319  0FE5                     	;# 
   320  0FE6                     	;# 
   321  0FE7                     	;# 
   322  0FE8                     	;# 
   323  0FE9                     	;# 
   324  0FEA                     	;# 
   325  0FEB                     	;# 
   326  0FED                     	;# 
   327  0FEE                     	;# 
   328  0FEF                     	;# 
   329  0000                     	;# 
   330  0001                     	;# 
   331  0002                     	;# 
   332  0003                     	;# 
   333  0004                     	;# 
   334  0005                     	;# 
   335  0006                     	;# 
   336  0007                     	;# 
   337  0008                     	;# 
   338  0009                     	;# 
   339  000A                     	;# 
   340  000B                     	;# 
   341  000C                     	;# 
   342  000D                     	;# 
   343  000E                     	;# 
   344  000F                     	;# 
   345  0010                     	;# 
   346  0011                     	;# 
   347  0012                     	;# 
   348  0013                     	;# 
   349  0015                     	;# 
   350  0016                     	;# 
   351  0016                     	;# 
   352  0017                     	;# 
   353  0018                     	;# 
   354  0019                     	;# 
   355  001A                     	;# 
   356  001B                     	;# 
   357  001C                     	;# 
   358  008C                     	;# 
   359  008D                     	;# 
   360  008E                     	;# 
   361  008F                     	;# 
   362  0090                     	;# 
   363  0091                     	;# 
   364  0092                     	;# 
   365  0093                     	;# 
   366  0095                     	;# 
   367  0096                     	;# 
   368  0097                     	;# 
   369  0098                     	;# 
   370  0099                     	;# 
   371  009A                     	;# 
   372  009B                     	;# 
   373  009B                     	;# 
   374  009C                     	;# 
   375  009D                     	;# 
   376  009E                     	;# 
   377  009F                     	;# 
   378  010C                     	;# 
   379  010D                     	;# 
   380  010E                     	;# 
   381  010F                     	;# 
   382  0110                     	;# 
   383  0111                     	;# 
   384  0112                     	;# 
   385  0113                     	;# 
   386  0114                     	;# 
   387  0115                     	;# 
   388  0116                     	;# 
   389  0117                     	;# 
   390  0118                     	;# 
   391  0119                     	;# 
   392  011A                     	;# 
   393  011B                     	;# 
   394  011B                     	;# 
   395  011C                     	;# 
   396  018C                     	;# 
   397  018D                     	;# 
   398  018E                     	;# 
   399  018F                     	;# 
   400  0190                     	;# 
   401  0191                     	;# 
   402  0191                     	;# 
   403  0192                     	;# 
   404  0193                     	;# 
   405  0193                     	;# 
   406  0194                     	;# 
   407  0195                     	;# 
   408  0196                     	;# 
   409  0197                     	;# 
   410  0199                     	;# 
   411  0199                     	;# 
   412  0199                     	;# 
   413  019A                     	;# 
   414  019A                     	;# 
   415  019A                     	;# 
   416  019B                     	;# 
   417  019B                     	;# 
   418  019B                     	;# 
   419  019B                     	;# 
   420  019B                     	;# 
   421  019C                     	;# 
   422  019C                     	;# 
   423  019C                     	;# 
   424  019D                     	;# 
   425  019D                     	;# 
   426  019D                     	;# 
   427  019E                     	;# 
   428  019E                     	;# 
   429  019E                     	;# 
   430  019F                     	;# 
   431  019F                     	;# 
   432  019F                     	;# 
   433  019F                     	;# 
   434  019F                     	;# 
   435  020C                     	;# 
   436  020D                     	;# 
   437  020E                     	;# 
   438  020F                     	;# 
   439  0210                     	;# 
   440  0211                     	;# 
   441  0211                     	;# 
   442  0212                     	;# 
   443  0212                     	;# 
   444  0213                     	;# 
   445  0213                     	;# 
   446  0214                     	;# 
   447  0214                     	;# 
   448  0215                     	;# 
   449  0215                     	;# 
   450  0215                     	;# 
   451  0215                     	;# 
   452  0216                     	;# 
   453  0216                     	;# 
   454  0217                     	;# 
   455  0217                     	;# 
   456  028C                     	;# 
   457  028D                     	;# 
   458  028E                     	;# 
   459  028F                     	;# 
   460  0290                     	;# 
   461  0291                     	;# 
   462  0291                     	;# 
   463  0292                     	;# 
   464  0293                     	;# 
   465  0293                     	;# 
   466  0298                     	;# 
   467  0298                     	;# 
   468  0299                     	;# 
   469  029A                     	;# 
   470  029A                     	;# 
   471  029E                     	;# 
   472  030C                     	;# 
   473  030D                     	;# 
   474  030E                     	;# 
   475  030F                     	;# 
   476  0310                     	;# 
   477  038C                     	;# 
   478  038D                     	;# 
   479  038E                     	;# 
   480  038F                     	;# 
   481  0390                     	;# 
   482  0391                     	;# 
   483  0392                     	;# 
   484  0393                     	;# 
   485  0394                     	;# 
   486  0395                     	;# 
   487  0396                     	;# 
   488  0397                     	;# 
   489  0398                     	;# 
   490  0399                     	;# 
   491  039D                     	;# 
   492  039E                     	;# 
   493  039F                     	;# 
   494  0415                     	;# 
   495  0416                     	;# 
   496  0417                     	;# 
   497  041C                     	;# 
   498  041D                     	;# 
   499  041E                     	;# 
   500  0498                     	;# 
   501  0498                     	;# 
   502  0499                     	;# 
   503  049A                     	;# 
   504  049B                     	;# 
   505  049B                     	;# 
   506  049C                     	;# 
   507  049D                     	;# 
   508  049E                     	;# 
   509  049F                     	;# 
   510  0511                     	;# 
   511  0515                     	;# 
   512  0617                     	;# 
   513  0618                     	;# 
   514  0619                     	;# 
   515  0619                     	;# 
   516  061A                     	;# 
   517  061B                     	;# 
   518  061C                     	;# 
   519  061C                     	;# 
   520  0691                     	;# 
   521  0692                     	;# 
   522  0693                     	;# 
   523  0694                     	;# 
   524  0695                     	;# 
   525  0696                     	;# 
   526  0697                     	;# 
   527  0698                     	;# 
   528  0699                     	;# 
   529  069A                     	;# 
   530  069B                     	;# 
   531  069C                     	;# 
   532  069D                     	;# 
   533  069E                     	;# 
   534  069F                     	;# 
   535  0E0F                     	;# 
   536  0E10                     	;# 
   537  0E11                     	;# 
   538  0E12                     	;# 
   539  0E13                     	;# 
   540  0E14                     	;# 
   541  0E15                     	;# 
   542  0E17                     	;# 
   543  0E20                     	;# 
   544  0E21                     	;# 
   545  0E22                     	;# 
   546  0E24                     	;# 
   547  0E25                     	;# 
   548  0E28                     	;# 
   549  0E29                     	;# 
   550  0E2A                     	;# 
   551  0E2B                     	;# 
   552  0E90                     	;# 
   553  0E91                     	;# 
   554  0E92                     	;# 
   555  0E93                     	;# 
   556  0E94                     	;# 
   557  0E95                     	;# 
   558  0E96                     	;# 
   559  0E97                     	;# 
   560  0E98                     	;# 
   561  0E99                     	;# 
   562  0E9A                     	;# 
   563  0E9B                     	;# 
   564  0E9C                     	;# 
   565  0E9D                     	;# 
   566  0E9E                     	;# 
   567  0E9F                     	;# 
   568  0EA0                     	;# 
   569  0EA1                     	;# 
   570  0EA2                     	;# 
   571  0EA3                     	;# 
   572  0EA4                     	;# 
   573  0EA5                     	;# 
   574  0EA6                     	;# 
   575  0EA7                     	;# 
   576  0EA8                     	;# 
   577  0EA9                     	;# 
   578  0EAA                     	;# 
   579  0EAB                     	;# 
   580  0EAC                     	;# 
   581  0EAD                     	;# 
   582  0EAE                     	;# 
   583  0EAF                     	;# 
   584  0EB0                     	;# 
   585  0EB1                     	;# 
   586  0EB2                     	;# 
   587  0F0F                     	;# 
   588  0F10                     	;# 
   589  0F11                     	;# 
   590  0F12                     	;# 
   591  0F13                     	;# 
   592  0F14                     	;# 
   593  0F15                     	;# 
   594  0F16                     	;# 
   595  0F17                     	;# 
   596  0F18                     	;# 
   597  0F19                     	;# 
   598  0F1A                     	;# 
   599  0F1B                     	;# 
   600  0F1C                     	;# 
   601  0F1D                     	;# 
   602  0F1E                     	;# 
   603  0F1F                     	;# 
   604  0F20                     	;# 
   605  0F21                     	;# 
   606  0F22                     	;# 
   607  0F23                     	;# 
   608  0F24                     	;# 
   609  0F25                     	;# 
   610  0F26                     	;# 
   611  0F27                     	;# 
   612  0F28                     	;# 
   613  0F29                     	;# 
   614  0F2A                     	;# 
   615  0F2B                     	;# 
   616  0F2C                     	;# 
   617  0F2D                     	;# 
   618  0F2E                     	;# 
   619  0F2F                     	;# 
   620  0F30                     	;# 
   621  0F31                     	;# 
   622  0F32                     	;# 
   623  0F33                     	;# 
   624  0F34                     	;# 
   625  0F35                     	;# 
   626  0F36                     	;# 
   627  0F37                     	;# 
   628  0FE4                     	;# 
   629  0FE5                     	;# 
   630  0FE6                     	;# 
   631  0FE7                     	;# 
   632  0FE8                     	;# 
   633  0FE9                     	;# 
   634  0FEA                     	;# 
   635  0FEB                     	;# 
   636  0FED                     	;# 
   637  0FEE                     	;# 
   638  0FEF                     	;# 
   639                           
   640                           	psect	idataBANK0
   641  0655                     __pidataBANK0:	
   642                           
   643                           ;initializer for display@F6882
   644  0655  343F               	retlw	63
   645  0656  3406               	retlw	6
   646  0657  345B               	retlw	91
   647  0658  344F               	retlw	79
   648  0659  3466               	retlw	102
   649  065A  346D               	retlw	109
   650  065B  347D               	retlw	125
   651  065C  3407               	retlw	7
   652  065D  347F               	retlw	127
   653  065E  346F               	retlw	111
   654  065F  3477               	retlw	119
   655  0660  347C               	retlw	124
   656  0661  3439               	retlw	57
   657  0662  345E               	retlw	94
   658  0663  3479               	retlw	121
   659  0664  3471               	retlw	113
   660  0074                     _RC4	set	116
   661  0075                     _RC5	set	117
   662  0076                     _RC6	set	118
   663  0095                     _OPTION_REGbits	set	149
   664  008D                     _TRISB	set	141
   665  008E                     _TRISCbits	set	142
   666  008F                     _TRISD	set	143
   667  04CB                     _IRCF0	set	1227
   668  04CC                     _IRCF1	set	1228
   669  04CD                     _IRCF2	set	1229
   670  04CE                     _IRCF3	set	1230
   671  04C8                     _SCS0	set	1224
   672  04C9                     _SCS1	set	1225
   673  04CF                     _SPLLEN	set	1231
   674  010F                     _LATD	set	271
   675  0868                     _LATB0	set	2152
   676  0869                     _LATB1	set	2153
   677  018D                     _ANSELB	set	397
   678  018E                     _ANSELC	set	398
   679  018F                     _ANSELD	set	399
   680  020E                     _WPUCbits	set	526
   681                           
   682                           ; #config settings
   683  0000                     
   684                           	psect	cinit
   685  07F2                     start_initialization:	
   686  07F2                     __initialization:	
   687                           
   688                           ; Initialize objects allocated to BANK0
   689  07F2  3055               	movlw	low __pidataBANK0
   690  07F3  0084               	movwf	4
   691  07F4  3086               	movlw	(high __pidataBANK0)| (0+128)
   692  07F5  0085               	movwf	5
   693  07F6  303E               	movlw	low __pdataBANK0
   694  07F7  0086               	movwf	6
   695  07F8  3000               	movlw	high __pdataBANK0
   696  07F9  0087               	movwf	7
   697  07FA  3010               	movlw	16
   698  07FB  3186  2646         	fcall	init_ram
   699  07FD                     end_of_initialization:	
   700                           ;End of C runtime variable initialization code
   701                           
   702  07FD                     __end_of__initialization:	
   703  07FD  0020               	movlb	0
   704  07FE  3187  2F9D         	ljmp	_main	;jump to C main() function
   705                           
   706                           	psect	dataBANK0
   707  003E                     __pdataBANK0:	
   708  003E                     display@F6882:	
   709  003E                     	ds	16
   710                           
   711                           	psect	inittext
   712  0646                     init_ram:	
   713  0646  00FE               	movwf	126
   714  0647                     initloop:	
   715  0647  0012               	moviw fsr0++
   716  0648  001E               	movwi fsr1++
   717  0649  0BFE               	decfsz	126,f
   718  064A  2E47               	goto	initloop
   719  064B  3400               	retlw	0
   720                           
   721                           	psect	cstackCOMMON
   722  0070                     __pcstackCOMMON:	
   723  0070                     ?_countDown:	
   724  0070                     ?_showNumber:	
   725                           ; 1 bytes @ 0x0
   726                           
   727  0070                     ?_internal_16:	
   728                           ; 1 bytes @ 0x0
   729                           
   730  0070                     ??_internal_16:	
   731                           ; 1 bytes @ 0x0
   732                           
   733  0070                     ?_initMain:	
   734                           ; 1 bytes @ 0x0
   735                           
   736  0070                     ??_initMain:	
   737                           ; 1 bytes @ 0x0
   738                           
   739  0070                     ?_main:	
   740                           ; 1 bytes @ 0x0
   741                           
   742  0070                     ?_display:	
   743                           ; 1 bytes @ 0x0
   744                           
   745  0070                     ??_display:	
   746                           ; 1 bytes @ 0x0
   747                           
   748  0070                     ?___awdiv:	
   749                           ; 1 bytes @ 0x0
   750                           
   751  0070                     ?___awmod:	
   752                           ; 2 bytes @ 0x0
   753                           
   754  0070                     ___awdiv@divisor:	
   755                           ; 2 bytes @ 0x0
   756                           
   757  0070                     ___awmod@divisor:	
   758                           ; 2 bytes @ 0x0
   759                           
   760                           
   761                           ; 2 bytes @ 0x0
   762  0070                     	ds	2
   763  0072                     ___awdiv@dividend:	
   764  0072                     ___awmod@dividend:	
   765                           ; 2 bytes @ 0x2
   766                           
   767                           
   768                           ; 2 bytes @ 0x2
   769  0072                     	ds	2
   770  0074                     ??___awdiv:	
   771  0074                     ??___awmod:	
   772                           ; 1 bytes @ 0x4
   773                           
   774                           
   775                           ; 1 bytes @ 0x4
   776  0074                     	ds	1
   777  0075                     ___awdiv@counter:	
   778  0075                     ___awmod@counter:	
   779                           ; 1 bytes @ 0x5
   780                           
   781                           
   782                           ; 1 bytes @ 0x5
   783  0075                     	ds	1
   784  0076                     ___awdiv@sign:	
   785  0076                     ___awmod@sign:	
   786                           ; 1 bytes @ 0x6
   787                           
   788                           
   789                           ; 1 bytes @ 0x6
   790  0076                     	ds	1
   791  0077                     ___awdiv@quotient:	
   792                           
   793                           ; 2 bytes @ 0x7
   794  0077                     	ds	2
   795  0079                     ??_showNumber:	
   796                           
   797                           ; 1 bytes @ 0x9
   798  0079                     	ds	3
   799  007C                     main@count:	
   800                           
   801                           ; 1 bytes @ 0xC
   802  007C                     	ds	1
   803                           
   804                           	psect	cstackBANK0
   805  0020                     __pcstackBANK0:	
   806  0020                     display@DIGITS:	
   807                           
   808                           ; 16 bytes @ 0x0
   809  0020                     	ds	16
   810  0030                     display@digit:	
   811                           
   812                           ; 1 bytes @ 0x10
   813  0030                     	ds	1
   814  0031                     display@numbers:	
   815                           
   816                           ; 1 bytes @ 0x11
   817  0031                     	ds	1
   818  0032                     showNumber@MSD:	
   819                           
   820                           ; 1 bytes @ 0x12
   821  0032                     	ds	1
   822  0033                     showNumber@LSD:	
   823                           
   824                           ; 1 bytes @ 0x13
   825  0033                     	ds	1
   826  0034                     showNumber@number:	
   827                           
   828                           ; 1 bytes @ 0x14
   829  0034                     	ds	1
   830  0035                     ??_countDown:	
   831                           
   832                           ; 1 bytes @ 0x15
   833  0035                     	ds	3
   834  0038                     countDown@number:	
   835                           
   836                           ; 1 bytes @ 0x18
   837  0038                     	ds	1
   838  0039                     countDown@i:	
   839                           
   840                           ; 2 bytes @ 0x19
   841  0039                     	ds	2
   842  003B                     ??_main:	
   843                           
   844                           ; 1 bytes @ 0x1B
   845  003B                     	ds	3
   846                           
   847                           	psect	maintext
   848  079D                     __pmaintext:	
   849 ;;
   850 ;;Main: autosize = 0, tempsize = 3, incstack = 0, save=0
   851 ;;
   852 ;; *************** function _main *****************
   853 ;; Defined at:
   854 ;;		line 94 in file "Main.c"
   855 ;; Parameters:    Size  Location     Type
   856 ;;		None
   857 ;; Auto vars:     Size  Location     Type
   858 ;;  count           1   12[COMMON] unsigned char 
   859 ;; Return value:  Size  Location     Type
   860 ;;                  1    wreg      void 
   861 ;; Registers used:
   862 ;;		wreg, fsr0l, fsr0h, fsr1l, fsr1h, status,2, status,0, pclath, cstack
   863 ;; Tracked objects:
   864 ;;		On entry : B1F/0
   865 ;;		On exit  : 0/0
   866 ;;		Unchanged: 0/0
   867 ;; Data sizes:     COMMON   BANK0   BANK1   BANK2   BANK3   BANK4   BANK5   BANK6   BANK7   BANK8   BANK9  BANK10  BANK1
      +1  BANK12
   868 ;;      Params:         0       0       0       0       0       0       0       0       0       0       0       0       
      +0       0
   869 ;;      Locals:         1       0       0       0       0       0       0       0       0       0       0       0       
      +0       0
   870 ;;      Temps:          0       3       0       0       0       0       0       0       0       0       0       0       
      +0       0
   871 ;;      Totals:         1       3       0       0       0       0       0       0       0       0       0       0       
      +0       0
   872 ;;Total ram usage:        4 bytes
   873 ;; Hardware stack levels required when called:    3
   874 ;; This function calls:
   875 ;;		_countDown
   876 ;;		_initMain
   877 ;;		_showNumber
   878 ;; This function is called by:
   879 ;;		Startup code after reset
   880 ;; This function uses a non-reentrant model
   881 ;;
   882                           
   883                           
   884                           ;psect for function _main
   885  079D                     _main:	
   886                           
   887                           ;Main.c: 97: unsigned char count = 0;
   888                           
   889                           ;incstack = 0
   890                           ; Regs used in _main: [wreg-fsr1h+status,2+status,0+pclath+cstack]
   891  079D  01FC               	clrf	main@count
   892                           
   893                           ;Main.c: 99: initMain();
   894  079E  3186  2665  3187   	fcall	_initMain
   895  07A1                     l832:	
   896                           ;Main.c: 102: while(1){
   897                           
   898                           
   899                           ;Main.c: 105: if(RC4 == 0){
   900  07A1  0020               	movlb	0	; select bank0
   901  07A2  1A0E               	btfsc	14,4	;volatile
   902  07A3  2FB7               	goto	l840
   903                           
   904                           ;Main.c: 106: _delay((unsigned long)((100)*(16000000/4000.0)));
   905  07A4  3003               	movlw	3
   906  07A5  00BD               	movwf	??_main+2
   907  07A6  3008               	movlw	8
   908  07A7  00BC               	movwf	??_main+1
   909  07A8  3078               	movlw	120
   910  07A9  00BB               	movwf	??_main
   911  07AA                     u597:	
   912  07AA  0BBB               	decfsz	??_main,f
   913  07AB  2FAA               	goto	u597
   914  07AC  0BBC               	decfsz	??_main+1,f
   915  07AD  2FAA               	goto	u597
   916  07AE  0BBD               	decfsz	??_main+2,f
   917  07AF  2FAA               	goto	u597
   918                           
   919                           ;Main.c: 108: if (RC4 == 0){
   920  07B0  0020               	movlb	0	; select bank0
   921  07B1  1A0E               	btfsc	14,4	;volatile
   922  07B2  2FB7               	goto	l840
   923                           
   924                           ;Main.c: 109: count++;
   925  07B3  3001               	movlw	1
   926  07B4  00BB               	movwf	??_main
   927  07B5  083B               	movf	??_main,w
   928  07B6  07FC               	addwf	main@count,f
   929  07B7                     l840:	
   930                           
   931                           ;Main.c: 110: }
   932                           ;Main.c: 111: }
   933                           ;Main.c: 114: if (RC5 == 0)
   934  07B7  1A8E               	btfsc	14,5	;volatile
   935  07B8  2FCA               	goto	l848
   936                           
   937                           ;Main.c: 115: {
   938                           ;Main.c: 116: _delay((unsigned long)((100)*(16000000/4000.0)));
   939  07B9  3003               	movlw	3
   940  07BA  00BD               	movwf	??_main+2
   941  07BB  3008               	movlw	8
   942  07BC  00BC               	movwf	??_main+1
   943  07BD  3078               	movlw	120
   944  07BE  00BB               	movwf	??_main
   945  07BF                     u607:	
   946  07BF  0BBB               	decfsz	??_main,f
   947  07C0  2FBF               	goto	u607
   948  07C1  0BBC               	decfsz	??_main+1,f
   949  07C2  2FBF               	goto	u607
   950  07C3  0BBD               	decfsz	??_main+2,f
   951  07C4  2FBF               	goto	u607
   952                           
   953                           ;Main.c: 118: if(RC5 == 0){
   954  07C5  0020               	movlb	0	; select bank0
   955  07C6  1A8E               	btfsc	14,5	;volatile
   956  07C7  2FCA               	goto	l848
   957                           
   958                           ;Main.c: 119: count--;
   959  07C8  3001               	movlw	1
   960  07C9  02FC               	subwf	main@count,f
   961  07CA                     l848:	
   962                           
   963                           ;Main.c: 120: }
   964                           ;Main.c: 121: }
   965                           ;Main.c: 125: if (RC6 == 0)
   966  07CA  1B0E               	btfsc	14,6	;volatile
   967  07CB  2FDF               	goto	l856
   968                           
   969                           ;Main.c: 126: {
   970                           ;Main.c: 127: _delay((unsigned long)((100)*(16000000/4000.0)));
   971  07CC  3003               	movlw	3
   972  07CD  00BD               	movwf	??_main+2
   973  07CE  3008               	movlw	8
   974  07CF  00BC               	movwf	??_main+1
   975  07D0  3078               	movlw	120
   976  07D1  00BB               	movwf	??_main
   977  07D2                     u617:	
   978  07D2  0BBB               	decfsz	??_main,f
   979  07D3  2FD2               	goto	u617
   980  07D4  0BBC               	decfsz	??_main+1,f
   981  07D5  2FD2               	goto	u617
   982  07D6  0BBD               	decfsz	??_main+2,f
   983  07D7  2FD2               	goto	u617
   984                           
   985                           ;Main.c: 129: if (RC6 == 0){
   986  07D8  0020               	movlb	0	; select bank0
   987  07D9  1B0E               	btfsc	14,6	;volatile
   988  07DA  2FDF               	goto	l856
   989                           
   990                           ;Main.c: 130: countDown(count);
   991  07DB  087C               	movf	main@count,w
   992  07DC  3186  2696  3187   	fcall	_countDown
   993  07DF                     l856:	
   994                           
   995                           ;Main.c: 131: }
   996                           ;Main.c: 132: }
   997                           ;Main.c: 136: if (count > 99 || count < 0){
   998  07DF  3064               	movlw	100
   999  07E0  027C               	subwf	main@count,w
  1000  07E1  1803               	skipnc
  1001                           
  1002                           ;Main.c: 137: count = 0;
  1003  07E2  01FC               	clrf	main@count
  1004                           
  1005                           ;Main.c: 138: }
  1006                           ;Main.c: 141: showNumber(count);
  1007  07E3  087C               	movf	main@count,w
  1008  07E4  3186  26FE  3187   	fcall	_showNumber
  1009                           
  1010                           ;Main.c: 143: _delay((unsigned long)((1)*(16000000/4000.0)));
  1011  07E7  3006               	movlw	6
  1012  07E8  0020               	movlb	0	; select bank0
  1013  07E9  00BC               	movwf	??_main+1
  1014  07EA  3030               	movlw	48
  1015  07EB  00BB               	movwf	??_main
  1016  07EC                     u627:	
  1017  07EC  0BBB               	decfsz	??_main,f
  1018  07ED  2FEC               	goto	u627
  1019  07EE  0BBC               	decfsz	??_main+1,f
  1020  07EF  2FEC               	goto	u627
  1021  07F0  0000               	nop
  1022  07F1  2FA1               	goto	l832
  1023  07F2                     __end_of_main:	
  1024                           ;Main.c: 144: }
  1025                           ;Main.c: 146: return;
  1026                           
  1027                           
  1028                           	psect	text1
  1029  0665                     __ptext1:	
  1030 ;; *************** function _initMain *****************
  1031 ;; Defined at:
  1032 ;;		line 55 in file "Main.c"
  1033 ;; Parameters:    Size  Location     Type
  1034 ;;		None
  1035 ;; Auto vars:     Size  Location     Type
  1036 ;;		None
  1037 ;; Return value:  Size  Location     Type
  1038 ;;                  1    wreg      void 
  1039 ;; Registers used:
  1040 ;;		status,2, status,0, pclath, cstack
  1041 ;; Tracked objects:
  1042 ;;		On entry : 0/0
  1043 ;;		On exit  : 0/0
  1044 ;;		Unchanged: 0/0
  1045 ;; Data sizes:     COMMON   BANK0   BANK1   BANK2   BANK3   BANK4   BANK5   BANK6   BANK7   BANK8   BANK9  BANK10  BANK1
      +1  BANK12
  1046 ;;      Params:         0       0       0       0       0       0       0       0       0       0       0       0       
      +0       0
  1047 ;;      Locals:         0       0       0       0       0       0       0       0       0       0       0       0       
      +0       0
  1048 ;;      Temps:          0       0       0       0       0       0       0       0       0       0       0       0       
      +0       0
  1049 ;;      Totals:         0       0       0       0       0       0       0       0       0       0       0       0       
      +0       0
  1050 ;;Total ram usage:        0 bytes
  1051 ;; Hardware stack levels used:    1
  1052 ;; Hardware stack levels required when called:    1
  1053 ;; This function calls:
  1054 ;;		_internal_16
  1055 ;; This function is called by:
  1056 ;;		_main
  1057 ;; This function uses a non-reentrant model
  1058 ;;
  1059                           
  1060                           
  1061                           ;psect for function _initMain
  1062  0665                     _initMain:	
  1063                           
  1064                           ;Main.c: 57: internal_16();
  1065                           
  1066                           ;incstack = 0
  1067                           ; Regs used in _initMain: [status,2+status,0+pclath+cstack]
  1068  0665  3186  264C         	fcall	_internal_16
  1069                           
  1070                           ;Main.c: 61: TRISD = 0;
  1071  0667  0021               	movlb	1	; select bank1
  1072  0668  018F               	clrf	15	;volatile
  1073                           
  1074                           ;Main.c: 62: ANSELD = 0;
  1075  0669  0023               	movlb	3	; select bank3
  1076  066A  018F               	clrf	15	;volatile
  1077                           
  1078                           ;Main.c: 66: TRISB = 0;
  1079  066B  0021               	movlb	1	; select bank1
  1080  066C  018D               	clrf	13	;volatile
  1081                           
  1082                           ;Main.c: 67: ANSELB = 0;
  1083  066D  0023               	movlb	3	; select bank3
  1084  066E  018D               	clrf	13	;volatile
  1085                           
  1086                           ;Main.c: 70: TRISCbits.TRISC4 = 1;
  1087  066F  0021               	movlb	1	; select bank1
  1088  0670  160E               	bsf	14,4	;volatile
  1089                           
  1090                           ;Main.c: 71: TRISCbits.TRISC5 = 1;
  1091  0671  168E               	bsf	14,5	;volatile
  1092                           
  1093                           ;Main.c: 72: TRISCbits.TRISC6 = 1;
  1094  0672  170E               	bsf	14,6	;volatile
  1095                           
  1096                           ;Main.c: 75: ANSELC = 0;
  1097  0673  0023               	movlb	3	; select bank3
  1098  0674  018E               	clrf	14	;volatile
  1099                           
  1100                           ;Main.c: 78: OPTION_REGbits.nWPUEN = 0;
  1101  0675  0021               	movlb	1	; select bank1
  1102  0676  1395               	bcf	21,7	;volatile
  1103                           
  1104                           ;Main.c: 81: WPUCbits.WPUC4 = 1;
  1105  0677  0024               	movlb	4	; select bank4
  1106  0678  160E               	bsf	14,4	;volatile
  1107                           
  1108                           ;Main.c: 82: WPUCbits.WPUC5 = 1;
  1109  0679  168E               	bsf	14,5	;volatile
  1110                           
  1111                           ;Main.c: 83: WPUCbits.WPUC6 = 1;
  1112  067A  170E               	bsf	14,6	;volatile
  1113  067B  0008               	return
  1114  067C                     __end_of_initMain:	
  1115                           
  1116                           	psect	text2
  1117  064C                     __ptext2:	
  1118 ;; *************** function _internal_16 *****************
  1119 ;; Defined at:
  1120 ;;		line 56 in file "16F1717_Internal.c"
  1121 ;; Parameters:    Size  Location     Type
  1122 ;;		None
  1123 ;; Auto vars:     Size  Location     Type
  1124 ;;		None
  1125 ;; Return value:  Size  Location     Type
  1126 ;;                  1    wreg      void 
  1127 ;; Registers used:
  1128 ;;		None
  1129 ;; Tracked objects:
  1130 ;;		On entry : 0/0
  1131 ;;		On exit  : 0/0
  1132 ;;		Unchanged: 0/0
  1133 ;; Data sizes:     COMMON   BANK0   BANK1   BANK2   BANK3   BANK4   BANK5   BANK6   BANK7   BANK8   BANK9  BANK10  BANK1
      +1  BANK12
  1134 ;;      Params:         0       0       0       0       0       0       0       0       0       0       0       0       
      +0       0
  1135 ;;      Locals:         0       0       0       0       0       0       0       0       0       0       0       0       
      +0       0
  1136 ;;      Temps:          0       0       0       0       0       0       0       0       0       0       0       0       
      +0       0
  1137 ;;      Totals:         0       0       0       0       0       0       0       0       0       0       0       0       
      +0       0
  1138 ;;Total ram usage:        0 bytes
  1139 ;; Hardware stack levels used:    1
  1140 ;; This function calls:
  1141 ;;		Nothing
  1142 ;; This function is called by:
  1143 ;;		_initMain
  1144 ;; This function uses a non-reentrant model
  1145 ;;
  1146                           
  1147                           
  1148                           ;psect for function _internal_16
  1149  064C                     _internal_16:	
  1150                           
  1151                           ;16F1717_Internal.c: 58: SCS0 = 0;
  1152                           
  1153                           ;incstack = 0
  1154                           ; Regs used in _internal_16: []
  1155  064C  0021               	movlb	1	; select bank1
  1156  064D  1019               	bcf	25,0	;volatile
  1157                           
  1158                           ;16F1717_Internal.c: 59: SCS1 = 0;
  1159  064E  1099               	bcf	25,1	;volatile
  1160                           
  1161                           ;16F1717_Internal.c: 62: IRCF0 = 1;
  1162  064F  1599               	bsf	25,3	;volatile
  1163                           
  1164                           ;16F1717_Internal.c: 63: IRCF1 = 1;
  1165  0650  1619               	bsf	25,4	;volatile
  1166                           
  1167                           ;16F1717_Internal.c: 64: IRCF2 = 1;
  1168  0651  1699               	bsf	25,5	;volatile
  1169                           
  1170                           ;16F1717_Internal.c: 65: IRCF3 = 1;
  1171  0652  1719               	bsf	25,6	;volatile
  1172                           
  1173                           ;16F1717_Internal.c: 68: SPLLEN = 0;
  1174  0653  1399               	bcf	25,7	;volatile
  1175  0654  0008               	return
  1176  0655                     __end_of_internal_16:	
  1177                           
  1178                           	psect	text3
  1179  0696                     __ptext3:	
  1180 ;; *************** function _countDown *****************
  1181 ;; Defined at:
  1182 ;;		line 184 in file "Main.c"
  1183 ;; Parameters:    Size  Location     Type
  1184 ;;  number          1    wreg     unsigned char 
  1185 ;; Auto vars:     Size  Location     Type
  1186 ;;  number          1   24[BANK0 ] unsigned char 
  1187 ;;  i               2   25[BANK0 ] int 
  1188 ;; Return value:  Size  Location     Type
  1189 ;;                  1    wreg      void 
  1190 ;; Registers used:
  1191 ;;		wreg, fsr0l, fsr0h, fsr1l, fsr1h, status,2, status,0, pclath, cstack
  1192 ;; Tracked objects:
  1193 ;;		On entry : 0/0
  1194 ;;		On exit  : 0/0
  1195 ;;		Unchanged: 0/0
  1196 ;; Data sizes:     COMMON   BANK0   BANK1   BANK2   BANK3   BANK4   BANK5   BANK6   BANK7   BANK8   BANK9  BANK10  BANK1
      +1  BANK12
  1197 ;;      Params:         0       0       0       0       0       0       0       0       0       0       0       0       
      +0       0
  1198 ;;      Locals:         0       3       0       0       0       0       0       0       0       0       0       0       
      +0       0
  1199 ;;      Temps:          0       3       0       0       0       0       0       0       0       0       0       0       
      +0       0
  1200 ;;      Totals:         0       6       0       0       0       0       0       0       0       0       0       0       
      +0       0
  1201 ;;Total ram usage:        6 bytes
  1202 ;; Hardware stack levels used:    1
  1203 ;; Hardware stack levels required when called:    2
  1204 ;; This function calls:
  1205 ;;		_showNumber
  1206 ;; This function is called by:
  1207 ;;		_main
  1208 ;; This function uses a non-reentrant model
  1209 ;;
  1210                           
  1211                           
  1212                           ;psect for function _countDown
  1213  0696                     _countDown:	
  1214                           
  1215                           ;incstack = 0
  1216                           ; Regs used in _countDown: [wreg-fsr1h+status,2+status,0+pclath+cstack]
  1217                           ;countDown@number stored from wreg
  1218  0696  0020               	movlb	0	; select bank0
  1219  0697  00B8               	movwf	countDown@number
  1220                           
  1221                           ;Main.c: 187: int i;
  1222                           ;Main.c: 190: for (i = number; i >= 0; i--)
  1223  0698  0838               	movf	countDown@number,w
  1224  0699  00B5               	movwf	??_countDown
  1225  069A  01B6               	clrf	??_countDown+1
  1226  069B  0835               	movf	??_countDown,w
  1227  069C  00B9               	movwf	countDown@i
  1228  069D  0836               	movf	??_countDown+1,w
  1229  069E  00BA               	movwf	countDown@i+1
  1230  069F                     L1:	
  1231  069F  1BBA               	btfsc	countDown@i+1,7
  1232  06A0  0008               	return
  1233                           
  1234                           ;Main.c: 191: {
  1235                           ;Main.c: 192: showNumber(i);
  1236  06A1  0839               	movf	countDown@i,w
  1237  06A2  3186  26FE  3186   	fcall	_showNumber
  1238                           
  1239                           ;Main.c: 193: _delay((unsigned long)((1000)*(16000000/4000.0)));
  1240  06A5  3015               	movlw	21
  1241  06A6  0020               	movlb	0	; select bank0
  1242  06A7  00B7               	movwf	??_countDown+2
  1243  06A8  304B               	movlw	75
  1244  06A9  00B6               	movwf	??_countDown+1
  1245  06AA  30D1               	movlw	209
  1246  06AB  00B5               	movwf	??_countDown
  1247  06AC                     u637:	
  1248  06AC  0BB5               	decfsz	??_countDown,f
  1249  06AD  2EAC               	goto	u637
  1250  06AE  0BB6               	decfsz	??_countDown+1,f
  1251  06AF  2EAC               	goto	u637
  1252  06B0  0BB7               	decfsz	??_countDown+2,f
  1253  06B1  2EAC               	goto	u637
  1254  06B2  0000               	nop
  1255  06B3  30FF               	movlw	255
  1256  06B4  0020               	movlb	0	; select bank0
  1257  06B5  07B9               	addwf	countDown@i,f
  1258  06B6  30FF               	movlw	255
  1259  06B7  3DBA               	addwfc	countDown@i+1,f
  1260  06B8  2E9F               	goto	L1
  1261  06B9                     __end_of_countDown:	
  1262                           ;Main.c: 194: }
  1263                           ;Main.c: 196: return;
  1264                           
  1265                           
  1266                           	psect	text4
  1267  06FE                     __ptext4:	
  1268 ;; *************** function _showNumber *****************
  1269 ;; Defined at:
  1270 ;;		line 209 in file "Main.c"
  1271 ;; Parameters:    Size  Location     Type
  1272 ;;  number          1    wreg     unsigned char 
  1273 ;; Auto vars:     Size  Location     Type
  1274 ;;  number          1   20[BANK0 ] unsigned char 
  1275 ;;  LSD             1   19[BANK0 ] unsigned char 
  1276 ;;  MSD             1   18[BANK0 ] unsigned char 
  1277 ;; Return value:  Size  Location     Type
  1278 ;;                  1    wreg      void 
  1279 ;; Registers used:
  1280 ;;		wreg, fsr0l, fsr0h, fsr1l, fsr1h, status,2, status,0, pclath, cstack
  1281 ;; Tracked objects:
  1282 ;;		On entry : 0/0
  1283 ;;		On exit  : 0/0
  1284 ;;		Unchanged: 0/0
  1285 ;; Data sizes:     COMMON   BANK0   BANK1   BANK2   BANK3   BANK4   BANK5   BANK6   BANK7   BANK8   BANK9  BANK10  BANK1
      +1  BANK12
  1286 ;;      Params:         0       0       0       0       0       0       0       0       0       0       0       0       
      +0       0
  1287 ;;      Locals:         0       3       0       0       0       0       0       0       0       0       0       0       
      +0       0
  1288 ;;      Temps:          3       0       0       0       0       0       0       0       0       0       0       0       
      +0       0
  1289 ;;      Totals:         3       3       0       0       0       0       0       0       0       0       0       0       
      +0       0
  1290 ;;Total ram usage:        6 bytes
  1291 ;; Hardware stack levels used:    1
  1292 ;; Hardware stack levels required when called:    1
  1293 ;; This function calls:
  1294 ;;		___awdiv
  1295 ;;		___awmod
  1296 ;;		_display
  1297 ;; This function is called by:
  1298 ;;		_main
  1299 ;;		_countDown
  1300 ;; This function uses a non-reentrant model
  1301 ;;
  1302                           
  1303                           
  1304                           ;psect for function _showNumber
  1305  06FE                     _showNumber:	
  1306                           
  1307                           ;incstack = 0
  1308                           ; Regs used in _showNumber: [wreg-fsr1h+status,2+status,0+pclath+cstack]
  1309                           ;showNumber@number stored from wreg
  1310  06FE  0020               	movlb	0	; select bank0
  1311  06FF  00B4               	movwf	showNumber@number
  1312                           
  1313                           ;Main.c: 212: unsigned char MSD;
  1314                           ;Main.c: 215: unsigned char LSD;
  1315                           ;Main.c: 218: MSD = number/10;
  1316  0700  300A               	movlw	10
  1317  0701  00F0               	movwf	___awdiv@divisor
  1318  0702  3000               	movlw	0
  1319  0703  00F1               	movwf	___awdiv@divisor+1
  1320  0704  0834               	movf	showNumber@number,w
  1321  0705  00F9               	movwf	??_showNumber
  1322  0706  01FA               	clrf	??_showNumber+1
  1323  0707  0879               	movf	??_showNumber,w
  1324  0708  00F2               	movwf	___awdiv@dividend
  1325  0709  087A               	movf	??_showNumber+1,w
  1326  070A  00F3               	movwf	___awdiv@dividend+1
  1327  070B  3187  274C  3186   	fcall	___awdiv
  1328  070E  0870               	movf	?___awdiv,w
  1329  070F  00FB               	movwf	??_showNumber+2
  1330  0710  087B               	movf	??_showNumber+2,w
  1331  0711  0020               	movlb	0	; select bank0
  1332  0712  00B2               	movwf	showNumber@MSD
  1333                           
  1334                           ;Main.c: 219: LSD = number%10;
  1335  0713  300A               	movlw	10
  1336  0714  00F0               	movwf	___awmod@divisor
  1337  0715  3000               	movlw	0
  1338  0716  00F1               	movwf	___awmod@divisor+1
  1339  0717  0834               	movf	showNumber@number,w
  1340  0718  00F9               	movwf	??_showNumber
  1341  0719  01FA               	clrf	??_showNumber+1
  1342  071A  0879               	movf	??_showNumber,w
  1343  071B  00F2               	movwf	___awmod@dividend
  1344  071C  087A               	movf	??_showNumber+1,w
  1345  071D  00F3               	movwf	___awmod@dividend+1
  1346  071E  3186  26B9  3186   	fcall	___awmod
  1347  0721  0870               	movf	?___awmod,w
  1348  0722  00FB               	movwf	??_showNumber+2
  1349  0723  087B               	movf	??_showNumber+2,w
  1350  0724  0020               	movlb	0	; select bank0
  1351  0725  00B3               	movwf	showNumber@LSD
  1352                           
  1353                           ;Main.c: 222: LATD = display(MSD);
  1354  0726  0832               	movf	showNumber@MSD,w
  1355  0727  3186  267C  3186   	fcall	_display
  1356  072A  0022               	movlb	2	; select bank2
  1357  072B  008F               	movwf	15	;volatile
  1358                           
  1359                           ;Main.c: 223: LATB1 = 1;
  1360  072C  148D               	bsf	13,1	;volatile
  1361                           
  1362                           ;Main.c: 224: _delay((unsigned long)((20)*(16000000/4000.0)));
  1363  072D  3068               	movlw	104
  1364  072E  00FA               	movwf	??_showNumber+1
  1365  072F  30E4               	movlw	228
  1366  0730  00F9               	movwf	??_showNumber
  1367  0731                     u647:	
  1368  0731  0BF9               	decfsz	??_showNumber,f
  1369  0732  2F31               	goto	u647
  1370  0733  0BFA               	decfsz	??_showNumber+1,f
  1371  0734  2F31               	goto	u647
  1372  0735  0000               	nop
  1373                           
  1374                           ;Main.c: 225: LATB1 = 0;
  1375  0736  0022               	movlb	2	; select bank2
  1376  0737  108D               	bcf	13,1	;volatile
  1377                           
  1378                           ;Main.c: 228: LATD = display(LSD);
  1379  0738  0020               	movlb	0	; select bank0
  1380  0739  0833               	movf	showNumber@LSD,w
  1381  073A  3186  267C  3186   	fcall	_display
  1382  073D  0022               	movlb	2	; select bank2
  1383  073E  008F               	movwf	15	;volatile
  1384                           
  1385                           ;Main.c: 229: LATB0 = 1;
  1386  073F  140D               	bsf	13,0	;volatile
  1387                           
  1388                           ;Main.c: 230: _delay((unsigned long)((20)*(16000000/4000.0)));
  1389  0740  3068               	movlw	104
  1390  0741  00FA               	movwf	??_showNumber+1
  1391  0742  30E4               	movlw	228
  1392  0743  00F9               	movwf	??_showNumber
  1393  0744                     u657:	
  1394  0744  0BF9               	decfsz	??_showNumber,f
  1395  0745  2F44               	goto	u657
  1396  0746  0BFA               	decfsz	??_showNumber+1,f
  1397  0747  2F44               	goto	u657
  1398  0748  0000               	nop
  1399                           
  1400                           ;Main.c: 231: LATB0 = 0;
  1401  0749  0022               	movlb	2	; select bank2
  1402  074A  100D               	bcf	13,0	;volatile
  1403  074B  0008               	return
  1404  074C                     __end_of_showNumber:	
  1405                           
  1406                           	psect	text5
  1407  067C                     __ptext5:	
  1408 ;; *************** function _display *****************
  1409 ;; Defined at:
  1410 ;;		line 159 in file "Main.c"
  1411 ;; Parameters:    Size  Location     Type
  1412 ;;  digit           1    wreg     unsigned char 
  1413 ;; Auto vars:     Size  Location     Type
  1414 ;;  digit           1   16[BANK0 ] unsigned char 
  1415 ;;  DIGITS         16    0[BANK0 ] unsigned char [16]
  1416 ;;  numbers         1   17[BANK0 ] unsigned char 
  1417 ;; Return value:  Size  Location     Type
  1418 ;;                  1    wreg      unsigned char 
  1419 ;; Registers used:
  1420 ;;		wreg, fsr0l, fsr0h, fsr1l, fsr1h, status,2, status,0
  1421 ;; Tracked objects:
  1422 ;;		On entry : 0/0
  1423 ;;		On exit  : 0/0
  1424 ;;		Unchanged: 0/0
  1425 ;; Data sizes:     COMMON   BANK0   BANK1   BANK2   BANK3   BANK4   BANK5   BANK6   BANK7   BANK8   BANK9  BANK10  BANK1
      +1  BANK12
  1426 ;;      Params:         0       0       0       0       0       0       0       0       0       0       0       0       
      +0       0
  1427 ;;      Locals:         0      18       0       0       0       0       0       0       0       0       0       0       
      +0       0
  1428 ;;      Temps:          1       0       0       0       0       0       0       0       0       0       0       0       
      +0       0
  1429 ;;      Totals:         1      18       0       0       0       0       0       0       0       0       0       0       
      +0       0
  1430 ;;Total ram usage:       19 bytes
  1431 ;; Hardware stack levels used:    1
  1432 ;; This function calls:
  1433 ;;		Nothing
  1434 ;; This function is called by:
  1435 ;;		_showNumber
  1436 ;; This function uses a non-reentrant model
  1437 ;;
  1438                           
  1439                           
  1440                           ;psect for function _display
  1441  067C                     _display:	
  1442                           
  1443                           ;incstack = 0
  1444                           ; Regs used in _display: [wreg-fsr1h+status,2+status,0]
  1445                           ;display@digit stored from wreg
  1446  067C  0020               	movlb	0	; select bank0
  1447  067D  00B0               	movwf	display@digit
  1448                           
  1449                           ;Main.c: 162: unsigned char numbers;
  1450                           ;Main.c: 165: unsigned char DIGITS[] = {0x3F, 0x06, 0x5B, 0x4F, 0x66, 0x6D, 0x7D, 0x07,
  1451                           ;Main.c: 166: 0x7F, 0x6F, 0x77, 0x7C, 0x39, 0x5E, 0x79, 0x71};
  1452  067E  303E               	movlw	low display@F6882
  1453  067F  0086               	movwf	6
  1454  0680  3000               	movlw	high display@F6882
  1455  0681  0087               	movwf	7
  1456  0682  3020               	movlw	low display@DIGITS
  1457  0683  0084               	movwf	4
  1458  0684  3000               	movlw	high display@DIGITS
  1459  0685  0085               	movwf	5
  1460  0686  3010               	movlw	16
  1461  0687  00F0               	movwf	??_display
  1462  0688                     u300:	
  1463  0688  0016               	moviw fsr1++
  1464  0689  001A               	movwi fsr0++
  1465  068A  0BF0               	decfsz	??_display,f
  1466  068B  2E88               	goto	u300
  1467                           
  1468                           ;Main.c: 169: numbers = DIGITS[digit];
  1469  068C  0830               	movf	display@digit,w
  1470  068D  3E20               	addlw	(low (display@DIGITS| 0))& (0+255)
  1471  068E  0086               	movwf	6
  1472  068F  0187               	clrf	7
  1473  0690  0801               	movf	1,w
  1474  0691  00F0               	movwf	??_display
  1475  0692  0870               	movf	??_display,w
  1476  0693  00B1               	movwf	display@numbers
  1477                           
  1478                           ;Main.c: 172: return numbers;
  1479  0694  0831               	movf	display@numbers,w
  1480  0695  0008               	return
  1481  0696                     __end_of_display:	
  1482                           
  1483                           	psect	text6
  1484  06B9                     __ptext6:	
  1485 ;; *************** function ___awmod *****************
  1486 ;; Defined at:
  1487 ;;		line 6 in file "C:\Program Files (x86)\Microchip\xc8\v1.38\sources\common\awmod.c"
  1488 ;; Parameters:    Size  Location     Type
  1489 ;;  divisor         2    0[COMMON] int 
  1490 ;;  dividend        2    2[COMMON] int 
  1491 ;; Auto vars:     Size  Location     Type
  1492 ;;  sign            1    6[COMMON] unsigned char 
  1493 ;;  counter         1    5[COMMON] unsigned char 
  1494 ;; Return value:  Size  Location     Type
  1495 ;;                  2    0[COMMON] int 
  1496 ;; Registers used:
  1497 ;;		wreg, status,2, status,0
  1498 ;; Tracked objects:
  1499 ;;		On entry : 0/0
  1500 ;;		On exit  : 0/0
  1501 ;;		Unchanged: 0/0
  1502 ;; Data sizes:     COMMON   BANK0   BANK1   BANK2   BANK3   BANK4   BANK5   BANK6   BANK7   BANK8   BANK9  BANK10  BANK1
      +1  BANK12
  1503 ;;      Params:         4       0       0       0       0       0       0       0       0       0       0       0       
      +0       0
  1504 ;;      Locals:         2       0       0       0       0       0       0       0       0       0       0       0       
      +0       0
  1505 ;;      Temps:          1       0       0       0       0       0       0       0       0       0       0       0       
      +0       0
  1506 ;;      Totals:         7       0       0       0       0       0       0       0       0       0       0       0       
      +0       0
  1507 ;;Total ram usage:        7 bytes
  1508 ;; Hardware stack levels used:    1
  1509 ;; This function calls:
  1510 ;;		Nothing
  1511 ;; This function is called by:
  1512 ;;		_showNumber
  1513 ;; This function uses a non-reentrant model
  1514 ;;
  1515                           
  1516                           
  1517                           ;psect for function ___awmod
  1518  06B9                     ___awmod:	
  1519                           
  1520                           ;incstack = 0
  1521                           ; Regs used in ___awmod: [wreg+status,2+status,0]
  1522  06B9  01F6               	clrf	___awmod@sign
  1523  06BA  1FF3               	btfss	___awmod@dividend+1,7
  1524  06BB  2EC3               	goto	l738
  1525  06BC  09F2               	comf	___awmod@dividend,f
  1526  06BD  09F3               	comf	___awmod@dividend+1,f
  1527  06BE  0AF2               	incf	___awmod@dividend,f
  1528  06BF  1903               	skipnz
  1529  06C0  0AF3               	incf	___awmod@dividend+1,f
  1530  06C1  01F6               	clrf	___awmod@sign
  1531  06C2  0AF6               	incf	___awmod@sign,f
  1532  06C3                     l738:	
  1533  06C3  1FF1               	btfss	___awmod@divisor+1,7
  1534  06C4  2ECA               	goto	l742
  1535  06C5  09F0               	comf	___awmod@divisor,f
  1536  06C6  09F1               	comf	___awmod@divisor+1,f
  1537  06C7  0AF0               	incf	___awmod@divisor,f
  1538  06C8  1903               	skipnz
  1539  06C9  0AF1               	incf	___awmod@divisor+1,f
  1540  06CA                     l742:	
  1541  06CA  0870               	movf	___awmod@divisor,w
  1542  06CB  0471               	iorwf	___awmod@divisor+1,w
  1543  06CC  1903               	btfsc	3,2
  1544  06CD  2EF1               	goto	l760
  1545  06CE  01F5               	clrf	___awmod@counter
  1546  06CF  0AF5               	incf	___awmod@counter,f
  1547  06D0                     l750:	
  1548  06D0  1BF1               	btfsc	___awmod@divisor+1,7
  1549  06D1  2EDC               	goto	l752
  1550  06D2  3001               	movlw	1
  1551  06D3                     u445:	
  1552  06D3  35F0               	lslf	___awmod@divisor,f
  1553  06D4  0DF1               	rlf	___awmod@divisor+1,f
  1554  06D5  0B89               	decfsz	9,f
  1555  06D6  2ED3               	goto	u445
  1556  06D7  3001               	movlw	1
  1557  06D8  00F4               	movwf	??___awmod
  1558  06D9  0874               	movf	??___awmod,w
  1559  06DA  07F5               	addwf	___awmod@counter,f
  1560  06DB  2ED0               	goto	l750
  1561  06DC                     l752:	
  1562  06DC  0871               	movf	___awmod@divisor+1,w
  1563  06DD  0273               	subwf	___awmod@dividend+1,w
  1564  06DE  1D03               	skipz
  1565  06DF  2EE2               	goto	u465
  1566  06E0  0870               	movf	___awmod@divisor,w
  1567  06E1  0272               	subwf	___awmod@dividend,w
  1568  06E2                     u465:	
  1569  06E2  1C03               	skipc
  1570  06E3  2EE8               	goto	l756
  1571  06E4  0870               	movf	___awmod@divisor,w
  1572  06E5  02F2               	subwf	___awmod@dividend,f
  1573  06E6  0871               	movf	___awmod@divisor+1,w
  1574  06E7  3BF3               	subwfb	___awmod@dividend+1,f
  1575  06E8                     l756:	
  1576  06E8  3001               	movlw	1
  1577  06E9                     u475:	
  1578  06E9  36F1               	lsrf	___awmod@divisor+1,f
  1579  06EA  0CF0               	rrf	___awmod@divisor,f
  1580  06EB  0B89               	decfsz	9,f
  1581  06EC  2EE9               	goto	u475
  1582  06ED  3001               	movlw	1
  1583  06EE  02F5               	subwf	___awmod@counter,f
  1584  06EF  1D03               	btfss	3,2
  1585  06F0  2EDC               	goto	l752
  1586  06F1                     l760:	
  1587  06F1  0876               	movf	___awmod@sign,w
  1588  06F2  1903               	btfsc	3,2
  1589  06F3  2EF9               	goto	l764
  1590  06F4  09F2               	comf	___awmod@dividend,f
  1591  06F5  09F3               	comf	___awmod@dividend+1,f
  1592  06F6  0AF2               	incf	___awmod@dividend,f
  1593  06F7  1903               	skipnz
  1594  06F8  0AF3               	incf	___awmod@dividend+1,f
  1595  06F9                     l764:	
  1596  06F9  0873               	movf	___awmod@dividend+1,w
  1597  06FA  00F1               	movwf	?___awmod+1
  1598  06FB  0872               	movf	___awmod@dividend,w
  1599  06FC  00F0               	movwf	?___awmod
  1600  06FD  0008               	return
  1601  06FE                     __end_of___awmod:	
  1602                           
  1603                           	psect	text7
  1604  074C                     __ptext7:	
  1605 ;; *************** function ___awdiv *****************
  1606 ;; Defined at:
  1607 ;;		line 6 in file "C:\Program Files (x86)\Microchip\xc8\v1.38\sources\common\awdiv.c"
  1608 ;; Parameters:    Size  Location     Type
  1609 ;;  divisor         2    0[COMMON] int 
  1610 ;;  dividend        2    2[COMMON] int 
  1611 ;; Auto vars:     Size  Location     Type
  1612 ;;  quotient        2    7[COMMON] int 
  1613 ;;  sign            1    6[COMMON] unsigned char 
  1614 ;;  counter         1    5[COMMON] unsigned char 
  1615 ;; Return value:  Size  Location     Type
  1616 ;;                  2    0[COMMON] int 
  1617 ;; Registers used:
  1618 ;;		wreg, status,2, status,0
  1619 ;; Tracked objects:
  1620 ;;		On entry : 0/0
  1621 ;;		On exit  : 0/0
  1622 ;;		Unchanged: 0/0
  1623 ;; Data sizes:     COMMON   BANK0   BANK1   BANK2   BANK3   BANK4   BANK5   BANK6   BANK7   BANK8   BANK9  BANK10  BANK1
      +1  BANK12
  1624 ;;      Params:         4       0       0       0       0       0       0       0       0       0       0       0       
      +0       0
  1625 ;;      Locals:         4       0       0       0       0       0       0       0       0       0       0       0       
      +0       0
  1626 ;;      Temps:          1       0       0       0       0       0       0       0       0       0       0       0       
      +0       0
  1627 ;;      Totals:         9       0       0       0       0       0       0       0       0       0       0       0       
      +0       0
  1628 ;;Total ram usage:        9 bytes
  1629 ;; Hardware stack levels used:    1
  1630 ;; This function calls:
  1631 ;;		Nothing
  1632 ;; This function is called by:
  1633 ;;		_showNumber
  1634 ;; This function uses a non-reentrant model
  1635 ;;
  1636                           
  1637                           
  1638                           ;psect for function ___awdiv
  1639  074C                     ___awdiv:	
  1640                           
  1641                           ;incstack = 0
  1642                           ; Regs used in ___awdiv: [wreg+status,2+status,0]
  1643  074C  01F6               	clrf	___awdiv@sign
  1644  074D  1FF1               	btfss	___awdiv@divisor+1,7
  1645  074E  2F56               	goto	l694
  1646  074F  09F0               	comf	___awdiv@divisor,f
  1647  0750  09F1               	comf	___awdiv@divisor+1,f
  1648  0751  0AF0               	incf	___awdiv@divisor,f
  1649  0752  1903               	skipnz
  1650  0753  0AF1               	incf	___awdiv@divisor+1,f
  1651  0754  01F6               	clrf	___awdiv@sign
  1652  0755  0AF6               	incf	___awdiv@sign,f
  1653  0756                     l694:	
  1654  0756  1FF3               	btfss	___awdiv@dividend+1,7
  1655  0757  2F61               	goto	l700
  1656  0758  09F2               	comf	___awdiv@dividend,f
  1657  0759  09F3               	comf	___awdiv@dividend+1,f
  1658  075A  0AF2               	incf	___awdiv@dividend,f
  1659  075B  1903               	skipnz
  1660  075C  0AF3               	incf	___awdiv@dividend+1,f
  1661  075D  3001               	movlw	1
  1662  075E  00F4               	movwf	??___awdiv
  1663  075F  0874               	movf	??___awdiv,w
  1664  0760  06F6               	xorwf	___awdiv@sign,f
  1665  0761                     l700:	
  1666  0761  01F7               	clrf	___awdiv@quotient
  1667  0762  01F8               	clrf	___awdiv@quotient+1
  1668  0763  0870               	movf	___awdiv@divisor,w
  1669  0764  0471               	iorwf	___awdiv@divisor+1,w
  1670  0765  1903               	btfsc	3,2
  1671  0766  2F90               	goto	l722
  1672  0767  01F5               	clrf	___awdiv@counter
  1673  0768  0AF5               	incf	___awdiv@counter,f
  1674  0769                     l710:	
  1675  0769  1BF1               	btfsc	___awdiv@divisor+1,7
  1676  076A  2F75               	goto	l712
  1677  076B  3001               	movlw	1
  1678  076C                     u345:	
  1679  076C  35F0               	lslf	___awdiv@divisor,f
  1680  076D  0DF1               	rlf	___awdiv@divisor+1,f
  1681  076E  0B89               	decfsz	9,f
  1682  076F  2F6C               	goto	u345
  1683  0770  3001               	movlw	1
  1684  0771  00F4               	movwf	??___awdiv
  1685  0772  0874               	movf	??___awdiv,w
  1686  0773  07F5               	addwf	___awdiv@counter,f
  1687  0774  2F69               	goto	l710
  1688  0775                     l712:	
  1689  0775  3001               	movlw	1
  1690  0776                     u365:	
  1691  0776  35F7               	lslf	___awdiv@quotient,f
  1692  0777  0DF8               	rlf	___awdiv@quotient+1,f
  1693  0778  0B89               	decfsz	9,f
  1694  0779  2F76               	goto	u365
  1695  077A  0871               	movf	___awdiv@divisor+1,w
  1696  077B  0273               	subwf	___awdiv@dividend+1,w
  1697  077C  1D03               	skipz
  1698  077D  2F80               	goto	u375
  1699  077E  0870               	movf	___awdiv@divisor,w
  1700  077F  0272               	subwf	___awdiv@dividend,w
  1701  0780                     u375:	
  1702  0780  1C03               	skipc
  1703  0781  2F87               	goto	l718
  1704  0782  0870               	movf	___awdiv@divisor,w
  1705  0783  02F2               	subwf	___awdiv@dividend,f
  1706  0784  0871               	movf	___awdiv@divisor+1,w
  1707  0785  3BF3               	subwfb	___awdiv@dividend+1,f
  1708  0786  1477               	bsf	___awdiv@quotient,0
  1709  0787                     l718:	
  1710  0787  3001               	movlw	1
  1711  0788                     u385:	
  1712  0788  36F1               	lsrf	___awdiv@divisor+1,f
  1713  0789  0CF0               	rrf	___awdiv@divisor,f
  1714  078A  0B89               	decfsz	9,f
  1715  078B  2F88               	goto	u385
  1716  078C  3001               	movlw	1
  1717  078D  02F5               	subwf	___awdiv@counter,f
  1718  078E  1D03               	btfss	3,2
  1719  078F  2F75               	goto	l712
  1720  0790                     l722:	
  1721  0790  0876               	movf	___awdiv@sign,w
  1722  0791  1903               	btfsc	3,2
  1723  0792  2F98               	goto	l726
  1724  0793  09F7               	comf	___awdiv@quotient,f
  1725  0794  09F8               	comf	___awdiv@quotient+1,f
  1726  0795  0AF7               	incf	___awdiv@quotient,f
  1727  0796  1903               	skipnz
  1728  0797  0AF8               	incf	___awdiv@quotient+1,f
  1729  0798                     l726:	
  1730  0798  0878               	movf	___awdiv@quotient+1,w
  1731  0799  00F1               	movwf	?___awdiv+1
  1732  079A  0877               	movf	___awdiv@quotient,w
  1733  079B  00F0               	movwf	?___awdiv
  1734  079C  0008               	return
  1735  079D                     __end_of___awdiv:	
  1736  007E                     btemp	set	126	;btemp
  1737  007E                     wtemp	set	126
  1738  007E                     wtemp0	set	126
  1739  0080                     wtemp1	set	128
  1740  0082                     wtemp2	set	130
  1741  0084                     wtemp3	set	132
  1742  0086                     wtemp4	set	134
  1743  0088                     wtemp5	set	136
  1744  007F                     wtemp6	set	127
  1745  007E                     ttemp	set	126
  1746  007E                     ttemp0	set	126
  1747  0081                     ttemp1	set	129
  1748  0084                     ttemp2	set	132
  1749  0087                     ttemp3	set	135
  1750  007F                     ttemp4	set	127
  1751  007E                     ltemp	set	126
  1752  007E                     ltemp0	set	126
  1753  0082                     ltemp1	set	130
  1754  0086                     ltemp2	set	134
  1755  0080                     ltemp3	set	128


Data Sizes:
    Strings     0
    Constant    0
    Data        16
    BSS         0
    Persistent  0
    Stack       0

Auto Spaces:
    Space          Size  Autos    Used
    COMMON           14     13      13
    BANK0            80     30      46
    BANK1            80      0       0
    BANK2            80      0       0
    BANK3            80      0       0
    BANK4            80      0       0
    BANK5            80      0       0
    BANK6            80      0       0
    BANK7            80      0       0
    BANK8            80      0       0
    BANK9            80      0       0
    BANK10           80      0       0
    BANK11           80      0       0
    BANK12           48      0       0

Pointer List with Targets:

    None.

Critical Paths under _main in COMMON

    _main->_showNumber
    _countDown->_showNumber
    _showNumber->___awdiv

Critical Paths under _main in BANK0

    _main->_countDown
    _countDown->_showNumber
    _showNumber->_display

Critical Paths under _main in BANK1

    None.

Critical Paths under _main in BANK2

    None.

Critical Paths under _main in BANK3

    None.

Critical Paths under _main in BANK4

    None.

Critical Paths under _main in BANK5

    None.

Critical Paths under _main in BANK6

    None.

Critical Paths under _main in BANK7

    None.

Critical Paths under _main in BANK8

    None.

Critical Paths under _main in BANK9

    None.

Critical Paths under _main in BANK10

    None.

Critical Paths under _main in BANK11

    None.

Critical Paths under _main in BANK12

    None.

Call Graph Tables:

 ---------------------------------------------------------------------------------
 (Depth) Function   	        Calls       Base Space   Used Autos Params    Refs
 ---------------------------------------------------------------------------------
 (0) _main                                                 4     4      0    2014
                                             12 COMMON     1     1      0
                                             27 BANK0      3     3      0
                          _countDown
                           _initMain
                         _showNumber
 ---------------------------------------------------------------------------------
 (1) _initMain                                             0     0      0       0
                        _internal_16
 ---------------------------------------------------------------------------------
 (2) _internal_16                                          0     0      0       0
 ---------------------------------------------------------------------------------
 (1) _countDown                                            6     6      0    1017
                                             21 BANK0      6     6      0
                         _showNumber
 ---------------------------------------------------------------------------------
 (1) _showNumber                                           6     6      0     927
                                              9 COMMON     3     3      0
                                             18 BANK0      3     3      0
                            ___awdiv
                            ___awmod
                            _display
 ---------------------------------------------------------------------------------
 (2) _display                                             19    19      0      69
                                              0 COMMON     1     1      0
                                              0 BANK0     18    18      0
 ---------------------------------------------------------------------------------
 (2) ___awmod                                              7     3      4     382
                                              0 COMMON     7     3      4
 ---------------------------------------------------------------------------------
 (2) ___awdiv                                              9     5      4     386
                                              0 COMMON     9     5      4
 ---------------------------------------------------------------------------------
 Estimated maximum stack depth 2
 ---------------------------------------------------------------------------------

 Call Graph Graphs:

 _main (ROOT)
   _countDown
     _showNumber
       ___awdiv
       ___awmod
       _display
   _initMain
     _internal_16
   _showNumber
     ___awdiv
     ___awmod
     _display

 Address spaces:
Name               Size   Autos  Total    Cost      Usage
BIGRAM             3F0      0       0       0        0.0%
NULL                 0      0       0       0        0.0%
CODE                 0      0       0       0        0.0%
BITCOMMON            E      0       0       1        0.0%
BITSFR0              0      0       0       1        0.0%
SFR0                 0      0       0       1        0.0%
COMMON               E      D       D       2       92.9%
BITSFR1              0      0       0       2        0.0%
SFR1                 0      0       0       2        0.0%
BITSFR2              0      0       0       3        0.0%
SFR2                 0      0       0       3        0.0%
STACK                0      0       0       3        0.0%
BITBANK0            50      0       0       4        0.0%
BITSFR3              0      0       0       4        0.0%
SFR3                 0      0       0       4        0.0%
BANK0               50     1E      2E       5       57.5%
BITSFR4              0      0       0       5        0.0%
SFR4                 0      0       0       5        0.0%
BITBANK1            50      0       0       6        0.0%
BITSFR5              0      0       0       6        0.0%
SFR5                 0      0       0       6        0.0%
BANK1               50      0       0       7        0.0%
BITSFR6              0      0       0       7        0.0%
SFR6                 0      0       0       7        0.0%
BITBANK2            50      0       0       8        0.0%
BITSFR7              0      0       0       8        0.0%
SFR7                 0      0       0       8        0.0%
BANK2               50      0       0       9        0.0%
BITSFR8              0      0       0       9        0.0%
SFR8                 0      0       0       9        0.0%
BITBANK3            50      0       0      10        0.0%
BITSFR9              0      0       0      10        0.0%
SFR9                 0      0       0      10        0.0%
BANK3               50      0       0      11        0.0%
BITSFR10             0      0       0      11        0.0%
SFR10                0      0       0      11        0.0%
BITBANK4            50      0       0      12        0.0%
BITSFR11             0      0       0      12        0.0%
SFR11                0      0       0      12        0.0%
BANK4               50      0       0      13        0.0%
BITSFR12             0      0       0      13        0.0%
SFR12                0      0       0      13        0.0%
BITBANK5            50      0       0      14        0.0%
BITSFR13             0      0       0      14        0.0%
SFR13                0      0       0      14        0.0%
BANK5               50      0       0      15        0.0%
BITSFR14             0      0       0      15        0.0%
SFR14                0      0       0      15        0.0%
BITBANK6            50      0       0      16        0.0%
BITSFR15             0      0       0      16        0.0%
SFR15                0      0       0      16        0.0%
BANK6               50      0       0      17        0.0%
BITSFR16             0      0       0      17        0.0%
SFR16                0      0       0      17        0.0%
BITBANK7            50      0       0      18        0.0%
BITSFR17             0      0       0      18        0.0%
SFR17                0      0       0      18        0.0%
BANK7               50      0       0      19        0.0%
BITSFR18             0      0       0      19        0.0%
SFR18                0      0       0      19        0.0%
BITSFR19             0      0       0      20        0.0%
SFR19                0      0       0      20        0.0%
ABS                  0      0      3B      20        0.0%
BITBANK8            50      0       0      21        0.0%
BITSFR20             0      0       0      21        0.0%
SFR20                0      0       0      21        0.0%
BANK8               50      0       0      22        0.0%
BITSFR21             0      0       0      22        0.0%
SFR21                0      0       0      22        0.0%
BITBANK9            50      0       0      23        0.0%
BITSFR22             0      0       0      23        0.0%
SFR22                0      0       0      23        0.0%
BANK9               50      0       0      24        0.0%
BITSFR23             0      0       0      24        0.0%
SFR23                0      0       0      24        0.0%
BITBANK10           50      0       0      25        0.0%
BITSFR24             0      0       0      25        0.0%
SFR24                0      0       0      25        0.0%
BANK10              50      0       0      26        0.0%
BITSFR25             0      0       0      26        0.0%
SFR25                0      0       0      26        0.0%
BITBANK11           50      0       0      27        0.0%
BITSFR26             0      0       0      27        0.0%
SFR26                0      0       0      27        0.0%
BANK11              50      0       0      28        0.0%
BITSFR27             0      0       0      28        0.0%
SFR27                0      0       0      28        0.0%
BITBANK12           30      0       0      29        0.0%
BITSFR28             0      0       0      29        0.0%
SFR28                0      0       0      29        0.0%
BANK12              30      0       0      30        0.0%
BITSFR29             0      0       0      30        0.0%
SFR29                0      0       0      30        0.0%
BITSFR30             0      0       0      31        0.0%
SFR30                0      0       0      31        0.0%
DATA                 0      0      3B      31        0.0%
BITSFR31             0      0       0      32        0.0%
SFR31                0      0       0      32        0.0%


Microchip Technology PIC Macro Assembler V1.38 build -256452561 
Symbol Table                                                                                   Thu Feb 16 19:13:21 2017

            __CFG_CP$OFF 0000             ___awdiv@sign 0076                      l700 0761  
                    l710 0769                      l712 0775                      l722 0790  
                    l726 0798                      l718 0787                      l750 06D0  
                    l742 06CA                      l752 06DC                      l760 06F1  
                    l840 07B7                      l832 07A1                      l738 06C3  
                    l764 06F9                      l756 06E8                      l694 0756  
                    l856 07DF                      l848 07CA                      _RC4 0074  
                    _RC5 0075                      _RC6 0076                      u300 0688  
                    u345 076C                      u365 0776                      u445 06D3  
                    u375 0780                      u607 07BF                      u385 0788  
                    u465 06E2                      u617 07D2                      u475 06E9  
                    u627 07EC                      u637 06AC                      u647 0731  
                    u657 0744                      u597 07AA             ___awmod@sign 0076  
           __CFG_BORV$LO 0000                      wreg 0009             __CFG_IESO$ON 0000  
           __CFG_LVP$OFF 0000                     _LATD 010F                     _SCS0 04C8  
                   _SCS1 04C9             __CFG_WRT$OFF 0000                     _main 079D  
                   fsr0h 0005                     fsr1h 0007                     fsr0l 0004  
                   indf1 0001                     fsr1l 0006                     btemp 007E  
                   ltemp 007E                     start 0002                     ttemp 007E  
                   wtemp 007E             display@F6882 003E                    ?_main 0070  
        __end_of___awdiv 079D            __CFG_WDTE$OFF 0000          __end_of___awmod 06FE  
        ___awdiv@divisor 0070                    _LATB0 0868                    _LATB1 0869  
                  _IRCF0 04CB                    _IRCF1 04CC                    _IRCF2 04CD  
                  _IRCF3 04CE          ___awdiv@counter 0075                    _TRISB 008D  
                  _TRISD 008F             display@digit 0030           __CFG_FCMEN$OFF 0000  
        __end_of_display 0696           __CFG_BOREN$OFF 0000                    ltemp0 007E  
                  ltemp1 0082                    ltemp2 0086                    ltemp3 0080  
                  ttemp0 007E                    ttemp1 0081                    ttemp2 0084  
                  ttemp3 0087                    ttemp4 007F                    status 0003  
                  wtemp0 007E                    wtemp1 0080                    wtemp2 0082  
                  wtemp3 0084                    wtemp4 0086                    wtemp5 0088  
                  wtemp6 007F             ?_internal_16 0070           __CFG_MCLRE$OFF 0000  
        __initialization 07F2             __end_of_main 07F2           __CFG_LPBOR$OFF 0000  
                 ??_main 003B           __CFG_PLLEN$OFF 0000            display@DIGITS 0020  
       ___awdiv@dividend 0072           __CFG_ZCDDIS$ON 0000                   _ANSELB 018D  
                 _ANSELC 018E                   _ANSELD 018F                   _SPLLEN 04CF  
         __CFG_PWRTE$OFF 0000                ??___awdiv 0074           __CFG_STVREN$ON 0000  
              ??___awmod 0074         __end_of_initMain 067C         ___awdiv@quotient 0077  
        ___awmod@divisor 0070          ___awmod@counter 0075                ??_display 0070  
__end_of__initialization 07FD           __pcstackCOMMON 0070             __pidataBANK0 0655  
         _OPTION_REGbits 0095       __size_of_countDown 0023               __pmaintext 079D  
   __size_of_internal_16 0009          __CFG_PPS1WAY$ON 0000                ?_initMain 0070  
                ___awdiv 074C                  ___awmod 06B9           display@numbers 0031  
      __end_of_countDown 06B9                  __ptext1 0665                  __ptext2 064C  
                __ptext3 0696                  __ptext4 06FE                  __ptext5 067C  
                __ptext6 06B9                  __ptext7 074C                  _display 067C  
       ___awmod@dividend 0072     end_of_initialization 07FD               ??_initMain 0070  
                init_ram 0646                  initloop 0647               _showNumber 06FE  
       __CFG_FOSC$INTOSC 0000                _TRISCbits 008E               countDown@i 0039  
    start_initialization 07F2              __pdataBANK0 003E              ?_showNumber 0070  
              ___latbits 0002            __pcstackBANK0 0020            ??_internal_16 0070  
      __size_of_initMain 0017                 ?___awdiv 0070                 ?___awmod 0070  
               ?_display 0070                _countDown 0696      __size_of_showNumber 004E  
    __end_of_internal_16 0655               ?_countDown 0070                 _WPUCbits 020E  
              main@count 007C         __size_of___awdiv 0051         __size_of___awmod 0045  
       __size_of_display 001A                 _initMain 0665            __size_of_main 0055  
            _internal_16 064C         showNumber@number 0034             ??_showNumber 0079  
            ??_countDown 0035          countDown@number 0038        __CFG_CLKOUTEN$OFF 0000  
     __end_of_showNumber 074C            showNumber@LSD 0033            showNumber@MSD 0032  
