

Microchip MPLAB XC8 Assembler V2.45 build 20230818022343 
                                                                                               Sat Nov 18 01:03:35 2023

Microchip MPLAB XC8 C Compiler v2.45 (Free license) build 20230818022343 Og1 
     1                           	processor	16F1719
     2                           	pagewidth 120
     3                           	opt	flic
     4                           	psect	cinit,global,class=CODE,merge=1,delta=2
     5                           	psect	cstackCOMMON,global,class=COMMON,space=1,delta=1,noexec
     6                           	psect	maintext,global,class=CODE,merge=1,split=1,delta=2
     7                           	psect	text1,local,class=CODE,merge=1,delta=2
     8                           	psect	text2,local,class=CODE,merge=1,delta=2
     9                           	psect	text3,local,class=CODE,merge=1,delta=2
    10                           	psect	config,global,abs,ovrld,class=CONFIG,space=4,delta=2,noexec
    11                           	dabs	1,0x7E,2
    12     0000                     
    13                           ; Generated 06/07/2023 GMT
    14                           ; 
    15                           ; Copyright © 2023, Microchip Technology Inc. and its subsidiaries ("Microchip")
    16                           ; All rights reserved.
    17                           ; 
    18                           ; This software is developed by Microchip Technology Inc. and its subsidiaries ("Microch
      +                          ip").
    19                           ; 
    20                           ; Redistribution and use in source and binary forms, with or without modification, are
    21                           ; permitted provided that the following conditions are met:
    22                           ; 
    23                           ;     1. Redistributions of source code must retain the above copyright notice, this lis
      +                          t of
    24                           ;        conditions and the following disclaimer.
    25                           ; 
    26                           ;     2. Redistributions in binary form must reproduce the above copyright notice, this 
      +                          list
    27                           ;        of conditions and the following disclaimer in the documentation and/or other
    28                           ;        materials provided with the distribution. Publication is not required when
    29                           ;        this file is used in an embedded application.
    30                           ; 
    31                           ;     3. Microchip's name may not be used to endorse or promote products derived from th
      +                          is
    32                           ;        software without specific prior written permission.
    33                           ; 
    34                           ; THIS SOFTWARE IS PROVIDED BY MICROCHIP "AS IS" AND ANY EXPRESS OR IMPLIED WARRANTIES,
    35                           ; INCLUDING, BUT NOT LIMITED TO, THE IMPLIED WARRANTIES OF MERCHANTABILITY AND FITNESS F
      +                          OR
    36                           ; PURPOSE ARE DISCLAIMED.  IN NO EVENT SHALL MICROCHIP BE LIABLE FOR ANY DIRECT, INDIREC
      +                          T,
    37                           ; INCIDENTAL, SPECIAL, EXEMPLARY, OR CONSEQUENTIAL DAMAGES (INCLUDING BUT NOT LIMITED TO
    38                           ; PROCUREMENT OF SUBSTITUTE GOODS OR SERVICES; LOSS OF USE, DATA OR PROFITS; OR BUSINESS
    39                           ; INTERRUPTION) HOWSOEVER CAUSED AND ON ANY THEORY OF LIABILITY, WHETHER IN CONTRACT, ST
      +                          RICT
    40                           ; LIABILITY, OR TORT (INCLUDING NEGLIGENCE OR OTHERWISE) ARISING IN ANY WAY OUT OF THE U
      +                          SE OF
    41                           ; THIS SOFTWARE, EVEN IF ADVISED OF THE POSSIBILITY OF SUCH DAMAGE.
    42                           ; 
    43                           ; 
    44                           ; Code-generator required, PIC16F1719 Definitions
    45                           ; 
    46                           ; SFR Addresses
    47     0000                     	;# 
    48     0001                     	;# 
    49     0002                     	;# 
    50     0003                     	;# 
    51     0004                     	;# 
    52     0005                     	;# 
    53     0006                     	;# 
    54     0007                     	;# 
    55     0008                     	;# 
    56     0009                     	;# 
    57     000A                     	;# 
    58     000B                     	;# 
    59     000C                     	;# 
    60     000D                     	;# 
    61     000E                     	;# 
    62     000F                     	;# 
    63     0010                     	;# 
    64     0011                     	;# 
    65     0012                     	;# 
    66     0013                     	;# 
    67     0015                     	;# 
    68     0016                     	;# 
    69     0016                     	;# 
    70     0017                     	;# 
    71     0018                     	;# 
    72     0019                     	;# 
    73     001A                     	;# 
    74     001B                     	;# 
    75     001C                     	;# 
    76     008C                     	;# 
    77     008D                     	;# 
    78     008E                     	;# 
    79     008F                     	;# 
    80     0090                     	;# 
    81     0091                     	;# 
    82     0092                     	;# 
    83     0093                     	;# 
    84     0095                     	;# 
    85     0096                     	;# 
    86     0097                     	;# 
    87     0098                     	;# 
    88     0099                     	;# 
    89     009A                     	;# 
    90     009B                     	;# 
    91     009B                     	;# 
    92     009C                     	;# 
    93     009D                     	;# 
    94     009E                     	;# 
    95     009F                     	;# 
    96     010C                     	;# 
    97     010D                     	;# 
    98     010E                     	;# 
    99     010F                     	;# 
   100     0110                     	;# 
   101     0111                     	;# 
   102     0112                     	;# 
   103     0113                     	;# 
   104     0114                     	;# 
   105     0115                     	;# 
   106     0116                     	;# 
   107     0117                     	;# 
   108     0118                     	;# 
   109     0119                     	;# 
   110     011A                     	;# 
   111     011B                     	;# 
   112     011B                     	;# 
   113     011C                     	;# 
   114     018C                     	;# 
   115     018D                     	;# 
   116     018E                     	;# 
   117     018F                     	;# 
   118     0190                     	;# 
   119     0191                     	;# 
   120     0191                     	;# 
   121     0192                     	;# 
   122     0193                     	;# 
   123     0193                     	;# 
   124     0194                     	;# 
   125     0195                     	;# 
   126     0196                     	;# 
   127     0197                     	;# 
   128     0199                     	;# 
   129     0199                     	;# 
   130     0199                     	;# 
   131     019A                     	;# 
   132     019A                     	;# 
   133     019A                     	;# 
   134     019B                     	;# 
   135     019B                     	;# 
   136     019B                     	;# 
   137     019B                     	;# 
   138     019B                     	;# 
   139     019C                     	;# 
   140     019C                     	;# 
   141     019C                     	;# 
   142     019D                     	;# 
   143     019D                     	;# 
   144     019D                     	;# 
   145     019E                     	;# 
   146     019E                     	;# 
   147     019E                     	;# 
   148     019F                     	;# 
   149     019F                     	;# 
   150     019F                     	;# 
   151     019F                     	;# 
   152     019F                     	;# 
   153     020C                     	;# 
   154     020D                     	;# 
   155     020E                     	;# 
   156     020F                     	;# 
   157     0210                     	;# 
   158     0211                     	;# 
   159     0211                     	;# 
   160     0212                     	;# 
   161     0212                     	;# 
   162     0213                     	;# 
   163     0213                     	;# 
   164     0214                     	;# 
   165     0214                     	;# 
   166     0215                     	;# 
   167     0215                     	;# 
   168     0215                     	;# 
   169     0215                     	;# 
   170     0216                     	;# 
   171     0216                     	;# 
   172     0217                     	;# 
   173     0217                     	;# 
   174     028C                     	;# 
   175     028D                     	;# 
   176     028E                     	;# 
   177     028F                     	;# 
   178     0290                     	;# 
   179     0291                     	;# 
   180     0291                     	;# 
   181     0292                     	;# 
   182     0293                     	;# 
   183     0293                     	;# 
   184     0298                     	;# 
   185     0298                     	;# 
   186     0299                     	;# 
   187     029A                     	;# 
   188     029A                     	;# 
   189     029E                     	;# 
   190     030C                     	;# 
   191     030D                     	;# 
   192     030E                     	;# 
   193     030F                     	;# 
   194     0310                     	;# 
   195     038C                     	;# 
   196     038D                     	;# 
   197     038E                     	;# 
   198     038F                     	;# 
   199     0390                     	;# 
   200     0391                     	;# 
   201     0392                     	;# 
   202     0393                     	;# 
   203     0394                     	;# 
   204     0395                     	;# 
   205     0396                     	;# 
   206     0397                     	;# 
   207     0398                     	;# 
   208     0399                     	;# 
   209     039D                     	;# 
   210     039E                     	;# 
   211     039F                     	;# 
   212     0415                     	;# 
   213     0416                     	;# 
   214     0417                     	;# 
   215     041C                     	;# 
   216     041D                     	;# 
   217     041E                     	;# 
   218     0498                     	;# 
   219     0498                     	;# 
   220     0499                     	;# 
   221     049A                     	;# 
   222     049B                     	;# 
   223     049B                     	;# 
   224     049C                     	;# 
   225     049D                     	;# 
   226     049E                     	;# 
   227     049F                     	;# 
   228     0511                     	;# 
   229     0515                     	;# 
   230     0617                     	;# 
   231     0618                     	;# 
   232     0619                     	;# 
   233     0619                     	;# 
   234     061A                     	;# 
   235     061B                     	;# 
   236     061C                     	;# 
   237     061C                     	;# 
   238     0691                     	;# 
   239     0692                     	;# 
   240     0693                     	;# 
   241     0694                     	;# 
   242     0695                     	;# 
   243     0696                     	;# 
   244     0697                     	;# 
   245     0698                     	;# 
   246     0699                     	;# 
   247     069A                     	;# 
   248     069B                     	;# 
   249     069C                     	;# 
   250     069D                     	;# 
   251     069E                     	;# 
   252     069F                     	;# 
   253     0E0F                     	;# 
   254     0E10                     	;# 
   255     0E11                     	;# 
   256     0E12                     	;# 
   257     0E13                     	;# 
   258     0E14                     	;# 
   259     0E15                     	;# 
   260     0E17                     	;# 
   261     0E20                     	;# 
   262     0E21                     	;# 
   263     0E22                     	;# 
   264     0E24                     	;# 
   265     0E25                     	;# 
   266     0E28                     	;# 
   267     0E29                     	;# 
   268     0E2A                     	;# 
   269     0E2B                     	;# 
   270     0E90                     	;# 
   271     0E91                     	;# 
   272     0E92                     	;# 
   273     0E93                     	;# 
   274     0E94                     	;# 
   275     0E95                     	;# 
   276     0E96                     	;# 
   277     0E97                     	;# 
   278     0E98                     	;# 
   279     0E99                     	;# 
   280     0E9A                     	;# 
   281     0E9B                     	;# 
   282     0E9C                     	;# 
   283     0E9D                     	;# 
   284     0E9E                     	;# 
   285     0E9F                     	;# 
   286     0EA0                     	;# 
   287     0EA1                     	;# 
   288     0EA2                     	;# 
   289     0EA3                     	;# 
   290     0EA4                     	;# 
   291     0EA5                     	;# 
   292     0EA6                     	;# 
   293     0EA7                     	;# 
   294     0EA8                     	;# 
   295     0EA9                     	;# 
   296     0EAA                     	;# 
   297     0EAB                     	;# 
   298     0EAC                     	;# 
   299     0EAD                     	;# 
   300     0EAE                     	;# 
   301     0EAF                     	;# 
   302     0EB0                     	;# 
   303     0EB1                     	;# 
   304     0EB2                     	;# 
   305     0F0F                     	;# 
   306     0F10                     	;# 
   307     0F11                     	;# 
   308     0F12                     	;# 
   309     0F13                     	;# 
   310     0F14                     	;# 
   311     0F15                     	;# 
   312     0F16                     	;# 
   313     0F17                     	;# 
   314     0F18                     	;# 
   315     0F19                     	;# 
   316     0F1A                     	;# 
   317     0F1B                     	;# 
   318     0F1C                     	;# 
   319     0F1D                     	;# 
   320     0F1E                     	;# 
   321     0F1F                     	;# 
   322     0F20                     	;# 
   323     0F21                     	;# 
   324     0F22                     	;# 
   325     0F23                     	;# 
   326     0F24                     	;# 
   327     0F25                     	;# 
   328     0F26                     	;# 
   329     0F27                     	;# 
   330     0F28                     	;# 
   331     0F29                     	;# 
   332     0F2A                     	;# 
   333     0F2B                     	;# 
   334     0F2C                     	;# 
   335     0F2D                     	;# 
   336     0F2E                     	;# 
   337     0F2F                     	;# 
   338     0F30                     	;# 
   339     0F31                     	;# 
   340     0F32                     	;# 
   341     0F33                     	;# 
   342     0F34                     	;# 
   343     0F35                     	;# 
   344     0F36                     	;# 
   345     0F37                     	;# 
   346     0FE4                     	;# 
   347     0FE5                     	;# 
   348     0FE6                     	;# 
   349     0FE7                     	;# 
   350     0FE8                     	;# 
   351     0FE9                     	;# 
   352     0FEA                     	;# 
   353     0FEB                     	;# 
   354     0FED                     	;# 
   355     0FEE                     	;# 
   356     0FEF                     	;# 
   357     0000                     	;# 
   358     0001                     	;# 
   359     0002                     	;# 
   360     0003                     	;# 
   361     0004                     	;# 
   362     0005                     	;# 
   363     0006                     	;# 
   364     0007                     	;# 
   365     0008                     	;# 
   366     0009                     	;# 
   367     000A                     	;# 
   368     000B                     	;# 
   369     000C                     	;# 
   370     000D                     	;# 
   371     000E                     	;# 
   372     000F                     	;# 
   373     0010                     	;# 
   374     0011                     	;# 
   375     0012                     	;# 
   376     0013                     	;# 
   377     0015                     	;# 
   378     0016                     	;# 
   379     0016                     	;# 
   380     0017                     	;# 
   381     0018                     	;# 
   382     0019                     	;# 
   383     001A                     	;# 
   384     001B                     	;# 
   385     001C                     	;# 
   386     008C                     	;# 
   387     008D                     	;# 
   388     008E                     	;# 
   389     008F                     	;# 
   390     0090                     	;# 
   391     0091                     	;# 
   392     0092                     	;# 
   393     0093                     	;# 
   394     0095                     	;# 
   395     0096                     	;# 
   396     0097                     	;# 
   397     0098                     	;# 
   398     0099                     	;# 
   399     009A                     	;# 
   400     009B                     	;# 
   401     009B                     	;# 
   402     009C                     	;# 
   403     009D                     	;# 
   404     009E                     	;# 
   405     009F                     	;# 
   406     010C                     	;# 
   407     010D                     	;# 
   408     010E                     	;# 
   409     010F                     	;# 
   410     0110                     	;# 
   411     0111                     	;# 
   412     0112                     	;# 
   413     0113                     	;# 
   414     0114                     	;# 
   415     0115                     	;# 
   416     0116                     	;# 
   417     0117                     	;# 
   418     0118                     	;# 
   419     0119                     	;# 
   420     011A                     	;# 
   421     011B                     	;# 
   422     011B                     	;# 
   423     011C                     	;# 
   424     018C                     	;# 
   425     018D                     	;# 
   426     018E                     	;# 
   427     018F                     	;# 
   428     0190                     	;# 
   429     0191                     	;# 
   430     0191                     	;# 
   431     0192                     	;# 
   432     0193                     	;# 
   433     0193                     	;# 
   434     0194                     	;# 
   435     0195                     	;# 
   436     0196                     	;# 
   437     0197                     	;# 
   438     0199                     	;# 
   439     0199                     	;# 
   440     0199                     	;# 
   441     019A                     	;# 
   442     019A                     	;# 
   443     019A                     	;# 
   444     019B                     	;# 
   445     019B                     	;# 
   446     019B                     	;# 
   447     019B                     	;# 
   448     019B                     	;# 
   449     019C                     	;# 
   450     019C                     	;# 
   451     019C                     	;# 
   452     019D                     	;# 
   453     019D                     	;# 
   454     019D                     	;# 
   455     019E                     	;# 
   456     019E                     	;# 
   457     019E                     	;# 
   458     019F                     	;# 
   459     019F                     	;# 
   460     019F                     	;# 
   461     019F                     	;# 
   462     019F                     	;# 
   463     020C                     	;# 
   464     020D                     	;# 
   465     020E                     	;# 
   466     020F                     	;# 
   467     0210                     	;# 
   468     0211                     	;# 
   469     0211                     	;# 
   470     0212                     	;# 
   471     0212                     	;# 
   472     0213                     	;# 
   473     0213                     	;# 
   474     0214                     	;# 
   475     0214                     	;# 
   476     0215                     	;# 
   477     0215                     	;# 
   478     0215                     	;# 
   479     0215                     	;# 
   480     0216                     	;# 
   481     0216                     	;# 
   482     0217                     	;# 
   483     0217                     	;# 
   484     028C                     	;# 
   485     028D                     	;# 
   486     028E                     	;# 
   487     028F                     	;# 
   488     0290                     	;# 
   489     0291                     	;# 
   490     0291                     	;# 
   491     0292                     	;# 
   492     0293                     	;# 
   493     0293                     	;# 
   494     0298                     	;# 
   495     0298                     	;# 
   496     0299                     	;# 
   497     029A                     	;# 
   498     029A                     	;# 
   499     029E                     	;# 
   500     030C                     	;# 
   501     030D                     	;# 
   502     030E                     	;# 
   503     030F                     	;# 
   504     0310                     	;# 
   505     038C                     	;# 
   506     038D                     	;# 
   507     038E                     	;# 
   508     038F                     	;# 
   509     0390                     	;# 
   510     0391                     	;# 
   511     0392                     	;# 
   512     0393                     	;# 
   513     0394                     	;# 
   514     0395                     	;# 
   515     0396                     	;# 
   516     0397                     	;# 
   517     0398                     	;# 
   518     0399                     	;# 
   519     039D                     	;# 
   520     039E                     	;# 
   521     039F                     	;# 
   522     0415                     	;# 
   523     0416                     	;# 
   524     0417                     	;# 
   525     041C                     	;# 
   526     041D                     	;# 
   527     041E                     	;# 
   528     0498                     	;# 
   529     0498                     	;# 
   530     0499                     	;# 
   531     049A                     	;# 
   532     049B                     	;# 
   533     049B                     	;# 
   534     049C                     	;# 
   535     049D                     	;# 
   536     049E                     	;# 
   537     049F                     	;# 
   538     0511                     	;# 
   539     0515                     	;# 
   540     0617                     	;# 
   541     0618                     	;# 
   542     0619                     	;# 
   543     0619                     	;# 
   544     061A                     	;# 
   545     061B                     	;# 
   546     061C                     	;# 
   547     061C                     	;# 
   548     0691                     	;# 
   549     0692                     	;# 
   550     0693                     	;# 
   551     0694                     	;# 
   552     0695                     	;# 
   553     0696                     	;# 
   554     0697                     	;# 
   555     0698                     	;# 
   556     0699                     	;# 
   557     069A                     	;# 
   558     069B                     	;# 
   559     069C                     	;# 
   560     069D                     	;# 
   561     069E                     	;# 
   562     069F                     	;# 
   563     0E0F                     	;# 
   564     0E10                     	;# 
   565     0E11                     	;# 
   566     0E12                     	;# 
   567     0E13                     	;# 
   568     0E14                     	;# 
   569     0E15                     	;# 
   570     0E17                     	;# 
   571     0E20                     	;# 
   572     0E21                     	;# 
   573     0E22                     	;# 
   574     0E24                     	;# 
   575     0E25                     	;# 
   576     0E28                     	;# 
   577     0E29                     	;# 
   578     0E2A                     	;# 
   579     0E2B                     	;# 
   580     0E90                     	;# 
   581     0E91                     	;# 
   582     0E92                     	;# 
   583     0E93                     	;# 
   584     0E94                     	;# 
   585     0E95                     	;# 
   586     0E96                     	;# 
   587     0E97                     	;# 
   588     0E98                     	;# 
   589     0E99                     	;# 
   590     0E9A                     	;# 
   591     0E9B                     	;# 
   592     0E9C                     	;# 
   593     0E9D                     	;# 
   594     0E9E                     	;# 
   595     0E9F                     	;# 
   596     0EA0                     	;# 
   597     0EA1                     	;# 
   598     0EA2                     	;# 
   599     0EA3                     	;# 
   600     0EA4                     	;# 
   601     0EA5                     	;# 
   602     0EA6                     	;# 
   603     0EA7                     	;# 
   604     0EA8                     	;# 
   605     0EA9                     	;# 
   606     0EAA                     	;# 
   607     0EAB                     	;# 
   608     0EAC                     	;# 
   609     0EAD                     	;# 
   610     0EAE                     	;# 
   611     0EAF                     	;# 
   612     0EB0                     	;# 
   613     0EB1                     	;# 
   614     0EB2                     	;# 
   615     0F0F                     	;# 
   616     0F10                     	;# 
   617     0F11                     	;# 
   618     0F12                     	;# 
   619     0F13                     	;# 
   620     0F14                     	;# 
   621     0F15                     	;# 
   622     0F16                     	;# 
   623     0F17                     	;# 
   624     0F18                     	;# 
   625     0F19                     	;# 
   626     0F1A                     	;# 
   627     0F1B                     	;# 
   628     0F1C                     	;# 
   629     0F1D                     	;# 
   630     0F1E                     	;# 
   631     0F1F                     	;# 
   632     0F20                     	;# 
   633     0F21                     	;# 
   634     0F22                     	;# 
   635     0F23                     	;# 
   636     0F24                     	;# 
   637     0F25                     	;# 
   638     0F26                     	;# 
   639     0F27                     	;# 
   640     0F28                     	;# 
   641     0F29                     	;# 
   642     0F2A                     	;# 
   643     0F2B                     	;# 
   644     0F2C                     	;# 
   645     0F2D                     	;# 
   646     0F2E                     	;# 
   647     0F2F                     	;# 
   648     0F30                     	;# 
   649     0F31                     	;# 
   650     0F32                     	;# 
   651     0F33                     	;# 
   652     0F34                     	;# 
   653     0F35                     	;# 
   654     0F36                     	;# 
   655     0F37                     	;# 
   656     0FE4                     	;# 
   657     0FE5                     	;# 
   658     0FE6                     	;# 
   659     0FE7                     	;# 
   660     0FE8                     	;# 
   661     0FE9                     	;# 
   662     0FEA                     	;# 
   663     0FEB                     	;# 
   664     0FED                     	;# 
   665     0FEE                     	;# 
   666     0FEF                     	;# 
   667     000B                     _INTCONbits	set	11
   668     0015                     _TMR0	set	21
   669     005F                     _GIE	set	95
   670     0095                     _OPTION_REGbits	set	149
   671     008D                     _TRISBbits	set	141
   672     008F                     _TRISDbits	set	143
   673     04CF                     _SPLLEN	set	1231
   674     04CE                     _IRCF3	set	1230
   675     04CD                     _IRCF2	set	1229
   676     04CC                     _IRCF1	set	1228
   677     04CB                     _IRCF0	set	1227
   678     04C9                     _SCS1	set	1225
   679     04C8                     _SCS0	set	1224
   680     010F                     _LATDbits	set	271
   681     018D                     _ANSELBbits	set	397
   682     0E11                     _T0CKIPPSbits	set	3601
   683     0E0F                     _PPSLOCKbits	set	3599
   684     0E0F                     _PPSLOCK	set	3599
   685                           
   686                           	psect	cinit
   687     07FD                     start_initialization:	
   688                           ; #config settings
   689                           
   690     07FD                     __initialization:
   691     07FD                     end_of_initialization:	
   692                           ;End of C runtime variable initialization code
   693                           
   694     07FD                     __end_of__initialization:
   695     07FD  0020               	movlb	0
   696     07FE  3187  2FAE         	ljmp	_main	;jump to C main() function
   697                           
   698                           	psect	cstackCOMMON
   699     0070                     __pcstackCOMMON:
   700     0070                     ?_internal_32:
   701     0070                     ??_internal_32:	
   702                           ; 1 bytes @ 0x0
   703                           
   704     0070                     ?_initMain:	
   705                           ; 1 bytes @ 0x0
   706                           
   707     0070                     ??_initMain:	
   708                           ; 1 bytes @ 0x0
   709                           
   710     0070                     ?_ReadTimer0:	
   711                           ; 1 bytes @ 0x0
   712                           
   713     0070                     ??_ReadTimer0:	
   714                           ; 1 bytes @ 0x0
   715                           
   716     0070                     ?_main:	
   717                           ; 1 bytes @ 0x0
   718                           
   719     0070                     initMain@state:	
   720                           ; 1 bytes @ 0x0
   721                           
   722     0070                     ReadTimer0@readVal:	
   723                           ; 1 bytes @ 0x0
   724                           
   725                           
   726                           ; 1 bytes @ 0x0
   727     0070                     	ds	1
   728     0071                     ??_main:
   729                           
   730                           ; 1 bytes @ 0x1
   731     0071                     	ds	2
   732     0073                     main@count:
   733                           
   734                           ; 1 bytes @ 0x3
   735     0073                     	ds	1
   736                           
   737                           	psect	maintext
   738     07AE                     __pmaintext:	
   739 ;;
   740 ;;Main: autosize = 0, tempsize = 2, incstack = 0, save=0
   741 ;;
   742 ;; *************** function _main *****************
   743 ;; Defined at:
   744 ;;		line 128 in file "main.c"
   745 ;; Parameters:    Size  Location     Type
   746 ;;		None
   747 ;; Auto vars:     Size  Location     Type
   748 ;;  count           1    3[COMMON] unsigned char 
   749 ;; Return value:  Size  Location     Type
   750 ;;                  1    wreg      void 
   751 ;; Registers used:
   752 ;;		wreg, status,2, status,0, pclath, cstack
   753 ;; Tracked objects:
   754 ;;		On entry : B1F/0
   755 ;;		On exit  : 0/0
   756 ;;		Unchanged: 0/0
   757 ;; Data sizes:     COMMON   BANK0   BANK1   BANK2   BANK3   BANK4   BANK5   BANK6   BANK7   BANK8   BANK9  BANK10  BANK1
      +1  BANK12  BANK13  BANK14  BANK15  BANK16  BANK17  BANK18  BANK19  BANK20  BANK21  BANK22  BANK23  BANK24  BANK25
   758 ;;      Params:         0       0       0       0       0       0       0       0       0       0       0       0       
      +0       0       0       0       0       0       0       0       0       0       0       0       0       0       0
   759 ;;      Locals:         1       0       0       0       0       0       0       0       0       0       0       0       
      +0       0       0       0       0       0       0       0       0       0       0       0       0       0       0
   760 ;;      Temps:          2       0       0       0       0       0       0       0       0       0       0       0       
      +0       0       0       0       0       0       0       0       0       0       0       0       0       0       0
   761 ;;      Totals:         3       0       0       0       0       0       0       0       0       0       0       0       
      +0       0       0       0       0       0       0       0       0       0       0       0       0       0       0
   762 ;;Total ram usage:        3 bytes
   763 ;; Hardware stack levels required when called: 2
   764 ;; This function calls:
   765 ;;		_ReadTimer0
   766 ;;		_initMain
   767 ;; This function is called by:
   768 ;;		Startup code after reset
   769 ;; This function uses a non-reentrant model
   770 ;;
   771                           
   772     07AE                     _main:	
   773                           ;psect for function _main
   774                           
   775     07AE                     l661:	
   776                           ;incstack = 0
   777                           ; Regs used in _main: [wreg+status,2+status,0+pclath+cstack]
   778                           
   779                           
   780                           ;main.c: 129:     initMain();
   781     07AE  3187  27D1  3187   	fcall	_initMain
   782     07B1                     l663:
   783                           
   784                           ;main.c: 137:         count = ReadTimer0();
   785     07B1  3187  27A0  3187   	fcall	_ReadTimer0
   786     07B4  00F3               	movwf	main@count
   787     07B5                     l665:
   788                           
   789                           ;main.c: 140:         if (count == 5){
   790     07B5  3005               	movlw	5
   791     07B6  0673               	xorwf	main@count,w
   792     07B7  1D03               	btfss	3,2
   793     07B8  2FBA               	goto	u11
   794     07B9  2FBB               	goto	u10
   795     07BA                     u11:
   796     07BA  2FCC               	goto	l73
   797     07BB                     u10:
   798     07BB                     l667:
   799                           
   800                           ;main.c: 142:             LATDbits.LATD1 = 1;
   801     07BB  0022               	movlb	2	; select bank2
   802     07BC  148F               	bsf	15,1	;volatile
   803     07BD                     l669:
   804                           
   805                           ;main.c: 145:             _delay((unsigned long)((2000)*(32000000/4000.0)));
   806     07BD  3052               	movlw	82
   807     07BE  00F2               	movwf	??_main+1
   808     07BF  302B               	movlw	43
   809     07C0  00F1               	movwf	??_main
   810     07C1  3000               	movlw	0
   811     07C2                     u27:
   812     07C2  0B89               	decfsz	9,f
   813     07C3  2FC2               	goto	u27
   814     07C4  0BF1               	decfsz	??_main,f
   815     07C5  2FC2               	goto	u27
   816     07C6  0BF2               	decfsz	??_main+1,f
   817     07C7  2FC2               	goto	u27
   818     07C8  3200               	nop2
   819     07C9                     l671:
   820                           
   821                           ;main.c: 148:             TMR0 = 0;
   822     07C9  0020               	movlb	0	; select bank0
   823     07CA  0195               	clrf	21	;volatile
   824                           
   825                           ;main.c: 149:         }
   826     07CB  2FB1               	goto	l663
   827     07CC                     l73:	
   828                           ;main.c: 151:         else
   829                           
   830                           
   831                           ;main.c: 152:         {;main.c: 154:             LATDbits.LATD1 = 0;
   832     07CC  0022               	movlb	2	; select bank2
   833     07CD  108F               	bcf	15,1	;volatile
   834     07CE  2FB1               	goto	l663
   835     07CF  3180  2803         	ljmp	start
   836     07D1                     __end_of_main:
   837                           
   838                           	psect	text1
   839     07D1                     __ptext1:	
   840 ;; *************** function _initMain *****************
   841 ;; Defined at:
   842 ;;		line 43 in file "main.c"
   843 ;; Parameters:    Size  Location     Type
   844 ;;		None
   845 ;; Auto vars:     Size  Location     Type
   846 ;;  state           1    0[COMMON] _Bool 
   847 ;; Return value:  Size  Location     Type
   848 ;;                  1    wreg      void 
   849 ;; Registers used:
   850 ;;		wreg, status,2, status,0, pclath, cstack
   851 ;; Tracked objects:
   852 ;;		On entry : 0/0
   853 ;;		On exit  : 0/0
   854 ;;		Unchanged: 0/0
   855 ;; Data sizes:     COMMON   BANK0   BANK1   BANK2   BANK3   BANK4   BANK5   BANK6   BANK7   BANK8   BANK9  BANK10  BANK1
      +1  BANK12  BANK13  BANK14  BANK15  BANK16  BANK17  BANK18  BANK19  BANK20  BANK21  BANK22  BANK23  BANK24  BANK25
   856 ;;      Params:         0       0       0       0       0       0       0       0       0       0       0       0       
      +0       0       0       0       0       0       0       0       0       0       0       0       0       0       0
   857 ;;      Locals:         1       0       0       0       0       0       0       0       0       0       0       0       
      +0       0       0       0       0       0       0       0       0       0       0       0       0       0       0
   858 ;;      Temps:          0       0       0       0       0       0       0       0       0       0       0       0       
      +0       0       0       0       0       0       0       0       0       0       0       0       0       0       0
   859 ;;      Totals:         1       0       0       0       0       0       0       0       0       0       0       0       
      +0       0       0       0       0       0       0       0       0       0       0       0       0       0       0
   860 ;;Total ram usage:        1 bytes
   861 ;; Hardware stack levels used: 1
   862 ;; Hardware stack levels required when called: 1
   863 ;; This function calls:
   864 ;;		_internal_32
   865 ;; This function is called by:
   866 ;;		_main
   867 ;; This function uses a non-reentrant model
   868 ;;
   869                           
   870     07D1                     _initMain:	
   871                           ;psect for function _initMain
   872                           
   873     07D1                     l605:	
   874                           ;incstack = 0
   875                           ; Regs used in _initMain: [wreg+status,2+status,0+pclath+cstack]
   876                           
   877                           
   878                           ;main.c: 45:     internal_32();
   879     07D1  3187  27A5  3187   	fcall	_internal_32
   880     07D4                     l607:
   881                           
   882                           ;main.c: 52:     TRISDbits.TRISD1 = 0;
   883     07D4  0021               	movlb	1	; select bank1
   884     07D5  108F               	bcf	15,1	;volatile
   885     07D6                     l609:
   886                           
   887                           ;main.c: 55:     LATDbits.LATD1 = 0;
   888     07D6  0022               	movlb	2	; select bank2
   889     07D7  108F               	bcf	15,1	;volatile
   890     07D8                     l611:
   891                           
   892                           ;main.c: 58:     TRISBbits.TRISB0 = 1;
   893     07D8  0021               	movlb	1	; select bank1
   894     07D9  140D               	bsf	13,0	;volatile
   895     07DA                     l613:
   896                           
   897                           ;main.c: 61:     ANSELBbits.ANSB0 = 0;
   898     07DA  0023               	movlb	3	; select bank3
   899     07DB  100D               	bcf	13,0	;volatile
   900     07DC                     l615:
   901                           
   902                           ;main.c: 69:     OPTION_REGbits.TMR0CS = 1;
   903     07DC  0021               	movlb	1	; select bank1
   904     07DD  1695               	bsf	21,5	;volatile
   905     07DE                     l617:
   906                           
   907                           ;main.c: 72:     OPTION_REGbits.PSA = 1;
   908     07DE  1595               	bsf	21,3	;volatile
   909     07DF                     l619:
   910                           
   911                           ;main.c: 74:     _Bool state = GIE;
   912     07DF  3000               	movlw	0
   913     07E0  1B8B               	btfsc	11,7	;volatile
   914     07E1  3001               	movlw	1
   915     07E2  00F0               	movwf	initMain@state
   916     07E3                     l621:
   917                           
   918                           ;main.c: 75:     GIE = 0;
   919     07E3  138B               	bcf	11,7	;volatile
   920     07E4                     l623:
   921                           
   922                           ;main.c: 76:     PPSLOCK = 0x55;
   923     07E4  3055               	movlw	85
   924     07E5  003C               	movlb	28	; select bank28
   925     07E6  008F               	movwf	15	;volsfr
   926     07E7                     l625:
   927                           
   928                           ;main.c: 77:     PPSLOCK = 0xAA;
   929     07E7  30AA               	movlw	170
   930     07E8  008F               	movwf	15	;volsfr
   931     07E9                     l627:
   932                           
   933                           ;main.c: 78:     PPSLOCKbits.PPSLOCKED = 0x00;
   934     07E9  100F               	bcf	15,0	;volsfr
   935     07EA                     l629:
   936                           
   937                           ;main.c: 80:     T0CKIPPSbits.T0CKIPPS = 0x08;
   938     07EA  0811               	movf	17,w	;volatile
   939     07EB  39E0               	andlw	-32
   940     07EC  3808               	iorlw	8
   941     07ED  0091               	movwf	17	;volatile
   942     07EE                     l631:
   943                           
   944                           ;main.c: 82:     PPSLOCK = 0x55;
   945     07EE  3055               	movlw	85
   946     07EF  008F               	movwf	15	;volsfr
   947     07F0                     l633:
   948                           
   949                           ;main.c: 83:     PPSLOCK = 0xAA;
   950     07F0  30AA               	movlw	170
   951     07F1  008F               	movwf	15	;volsfr
   952     07F2                     l635:
   953                           
   954                           ;main.c: 84:     PPSLOCKbits.PPSLOCKED = 0x01;
   955     07F2  140F               	bsf	15,0	;volsfr
   956     07F3                     l637:
   957                           
   958                           ;main.c: 86:     GIE = state;
   959     07F3  0C70               	rrf	initMain@state,w
   960     07F4  1C03               	skipc
   961     07F5  138B               	bcf	11,7	;volatile
   962     07F6  1803               	skipnc
   963     07F7  178B               	bsf	11,7	;volatile
   964     07F8                     l639:
   965                           
   966                           ;main.c: 89:     TMR0 = 0;
   967     07F8  0020               	movlb	0	; select bank0
   968     07F9  0195               	clrf	21	;volatile
   969     07FA                     l641:
   970                           
   971                           ;main.c: 92:     INTCONbits.TMR0IE = 1;
   972     07FA  168B               	bsf	11,5	;volatile
   973     07FB                     l643:
   974                           
   975                           ;main.c: 93:     INTCONbits.TMR0IF = 0;
   976     07FB  110B               	bcf	11,2	;volatile
   977     07FC                     l64:
   978     07FC  0008               	return
   979     07FD                     __end_of_initMain:
   980                           
   981                           	psect	text2
   982     07A5                     __ptext2:	
   983 ;; *************** function _internal_32 *****************
   984 ;; Defined at:
   985 ;;		line 32 in file "PIC16F1719_Internal.c"
   986 ;; Parameters:    Size  Location     Type
   987 ;;		None
   988 ;; Auto vars:     Size  Location     Type
   989 ;;		None
   990 ;; Return value:  Size  Location     Type
   991 ;;                  1    wreg      void 
   992 ;; Registers used:
   993 ;;		None
   994 ;; Tracked objects:
   995 ;;		On entry : 0/0
   996 ;;		On exit  : 0/0
   997 ;;		Unchanged: 0/0
   998 ;; Data sizes:     COMMON   BANK0   BANK1   BANK2   BANK3   BANK4   BANK5   BANK6   BANK7   BANK8   BANK9  BANK10  BANK1
      +1  BANK12  BANK13  BANK14  BANK15  BANK16  BANK17  BANK18  BANK19  BANK20  BANK21  BANK22  BANK23  BANK24  BANK25
   999 ;;      Params:         0       0       0       0       0       0       0       0       0       0       0       0       
      +0       0       0       0       0       0       0       0       0       0       0       0       0       0       0
  1000 ;;      Locals:         0       0       0       0       0       0       0       0       0       0       0       0       
      +0       0       0       0       0       0       0       0       0       0       0       0       0       0       0
  1001 ;;      Temps:          0       0       0       0       0       0       0       0       0       0       0       0       
      +0       0       0       0       0       0       0       0       0       0       0       0       0       0       0
  1002 ;;      Totals:         0       0       0       0       0       0       0       0       0       0       0       0       
      +0       0       0       0       0       0       0       0       0       0       0       0       0       0       0
  1003 ;;Total ram usage:        0 bytes
  1004 ;; Hardware stack levels used: 1
  1005 ;; This function calls:
  1006 ;;		Nothing
  1007 ;; This function is called by:
  1008 ;;		_initMain
  1009 ;; This function uses a non-reentrant model
  1010 ;;
  1011                           
  1012     07A5                     _internal_32:	
  1013                           ;psect for function _internal_32
  1014                           
  1015     07A5                     l603:	
  1016                           ;incstack = 0
  1017                           ; Regs used in _internal_32: []
  1018                           
  1019                           
  1020                           ;PIC16F1719_Internal.c: 34:     SCS0 = 0;
  1021     07A5  0021               	movlb	1	; select bank1
  1022     07A6  1019               	bcf	25,0	;volatile
  1023                           
  1024                           ;PIC16F1719_Internal.c: 35:     SCS1 = 0;
  1025     07A7  1099               	bcf	25,1	;volatile
  1026                           
  1027                           ;PIC16F1719_Internal.c: 38:     IRCF0 = 0;
  1028     07A8  1199               	bcf	25,3	;volatile
  1029                           
  1030                           ;PIC16F1719_Internal.c: 39:     IRCF1 = 1;
  1031     07A9  1619               	bsf	25,4	;volatile
  1032                           
  1033                           ;PIC16F1719_Internal.c: 40:     IRCF2 = 1;
  1034     07AA  1699               	bsf	25,5	;volatile
  1035                           
  1036                           ;PIC16F1719_Internal.c: 41:     IRCF3 = 1;
  1037     07AB  1719               	bsf	25,6	;volatile
  1038                           
  1039                           ;PIC16F1719_Internal.c: 44:     SPLLEN = 1;
  1040     07AC  1799               	bsf	25,7	;volatile
  1041     07AD                     l17:
  1042     07AD  0008               	return
  1043     07AE                     __end_of_internal_32:
  1044                           
  1045                           	psect	text3
  1046     07A0                     __ptext3:	
  1047 ;; *************** function _ReadTimer0 *****************
  1048 ;; Defined at:
  1049 ;;		line 107 in file "main.c"
  1050 ;; Parameters:    Size  Location     Type
  1051 ;;		None
  1052 ;; Auto vars:     Size  Location     Type
  1053 ;;  readVal         1    0[COMMON] unsigned char 
  1054 ;; Return value:  Size  Location     Type
  1055 ;;                  1    wreg      unsigned char 
  1056 ;; Registers used:
  1057 ;;		wreg
  1058 ;; Tracked objects:
  1059 ;;		On entry : 0/0
  1060 ;;		On exit  : 0/0
  1061 ;;		Unchanged: 0/0
  1062 ;; Data sizes:     COMMON   BANK0   BANK1   BANK2   BANK3   BANK4   BANK5   BANK6   BANK7   BANK8   BANK9  BANK10  BANK1
      +1  BANK12  BANK13  BANK14  BANK15  BANK16  BANK17  BANK18  BANK19  BANK20  BANK21  BANK22  BANK23  BANK24  BANK25
  1063 ;;      Params:         0       0       0       0       0       0       0       0       0       0       0       0       
      +0       0       0       0       0       0       0       0       0       0       0       0       0       0       0
  1064 ;;      Locals:         1       0       0       0       0       0       0       0       0       0       0       0       
      +0       0       0       0       0       0       0       0       0       0       0       0       0       0       0
  1065 ;;      Temps:          0       0       0       0       0       0       0       0       0       0       0       0       
      +0       0       0       0       0       0       0       0       0       0       0       0       0       0       0
  1066 ;;      Totals:         1       0       0       0       0       0       0       0       0       0       0       0       
      +0       0       0       0       0       0       0       0       0       0       0       0       0       0       0
  1067 ;;Total ram usage:        1 bytes
  1068 ;; Hardware stack levels used: 1
  1069 ;; This function calls:
  1070 ;;		Nothing
  1071 ;; This function is called by:
  1072 ;;		_main
  1073 ;; This function uses a non-reentrant model
  1074 ;;
  1075                           
  1076     07A0                     _ReadTimer0:	
  1077                           ;psect for function _ReadTimer0
  1078                           
  1079     07A0                     l645:	
  1080                           ;incstack = 0
  1081                           ; Regs used in _ReadTimer0: [wreg]
  1082                           
  1083                           
  1084                           ;main.c: 110:     uint8_t readVal;;main.c: 113:     readVal = TMR0;
  1085     07A0  0020               	movlb	0	; select bank0
  1086     07A1  0815               	movf	21,w	;volatile
  1087     07A2  00F0               	movwf	ReadTimer0@readVal
  1088                           
  1089                           ;main.c: 116:     return readVal;
  1090     07A3  0870               	movf	ReadTimer0@readVal,w
  1091     07A4                     l67:
  1092     07A4  0008               	return
  1093     07A5                     __end_of_ReadTimer0:
  1094     007E                     btemp	set	126	;btemp
  1095     007E                     wtemp0	set	126
  1096                           
  1097                           	psect	config
  1098                           
  1099                           ;Config register CONFIG1 @ 0x8007
  1100                           ;	Oscillator Selection Bits
  1101                           ;	FOSC = INTOSC, INTOSC oscillator: I/O function on CLKIN pin
  1102                           ;	Watchdog Timer Enable
  1103                           ;	WDTE = OFF, WDT disabled
  1104                           ;	Power-up Timer Enable
  1105                           ;	PWRTE = OFF, PWRT disabled
  1106                           ;	MCLR Pin Function Select
  1107                           ;	MCLRE = OFF, MCLR/VPP pin function is digital input if LVP bit is also 0.
  1108                           ;	Flash Program Memory Code Protection
  1109                           ;	CP = OFF, Program memory code protection is disabled
  1110                           ;	Brown-out Reset Enable
  1111                           ;	BOREN = OFF, Brown-out Reset disabled
  1112                           ;	Clock Out Enable
  1113                           ;	CLKOUTEN = OFF, CLKOUT function is disabled. I/O or oscillator function on the CLKOUT 
      +                          pin
  1114                           ;	Internal/External Switchover Mode
  1115                           ;	IESO = ON, Internal/External Switchover Mode is enabled
  1116                           ;	Fail-Safe Clock Monitor Enable
  1117                           ;	FCMEN = OFF, Fail-Safe Clock Monitor is disabled
  1118     8007                     	org	32775
  1119     8007  19A4               	dw	6564
  1120                           
  1121                           ;Config register CONFIG2 @ 0x8008
  1122                           ;	Flash Memory Self-Write Protection
  1123                           ;	WRT = OFF, Write protection off
  1124                           ;	Peripheral Pin Select one-way control
  1125                           ;	PPS1WAY = ON, The PPSLOCK bit cannot be cleared once it is set by software
  1126                           ;	Zero-cross detect disable
  1127                           ;	ZCDDIS = ON, ZCD disabled. ZCD can be enabled by setting the ZCDSEN bit of ZCDCON
  1128                           ;	Phase Lock Loop enable
  1129                           ;	PLLEN = OFF, 4x PLL is disabled
  1130                           ;	Stack Overflow/Underflow Reset Enable
  1131                           ;	STVREN = ON, Stack Overflow or Underflow will cause a Reset
  1132                           ;	Brown-out Reset Voltage Selection
  1133                           ;	BORV = LO, Brown-out Reset Voltage (Vbor), low trip point selected.
  1134                           ;	Low-Power Brown Out Reset
  1135                           ;	LPBOR = OFF, Low-Power BOR is disabled
  1136                           ;	In-Circuit Debugger Mode
  1137                           ;	DEBUG = 0x1, unprogrammed default
  1138                           ;	Low-Voltage Programming Enable
  1139                           ;	LVP = OFF, High-voltage on MCLR/VPP must be used for programming
  1140     8008                     	org	32776
  1141     8008  1EFF               	dw	7935

Data Sizes:
    Strings     0
    Constant    0
    Data        0
    BSS         0
    Persistent  32
    Stack       0

Auto Spaces:
    Space          Size  Autos    Used
    COMMON           14      4       4
    BANK0            80      0       0
    BANK1            80      0       0
    BANK2            80      0       0
    BANK3            80      0       0
    BANK4            80      0       0
    BANK5            80      0       0
    BANK6            80      0       0
    BANK7            80      0       0
    BANK8            80      0       0
    BANK9            80      0       0
    BANK10           80      0       0
    BANK11           80      0       0
    BANK12           80      0       0
    BANK13           80      0       0
    BANK14           80      0       0
    BANK15           80      0       0
    BANK16           80      0       0
    BANK17           80      0       0
    BANK18           80      0       0
    BANK19           80      0       0
    BANK20           80      0       0
    BANK21           80      0       0
    BANK22           80      0       0
    BANK23           80      0       0
    BANK24           80      0       0
    BANK25           32      0       0

Pointer List with Targets:

    None.

Critical Paths under _main in COMMON

    _main->_ReadTimer0
    _main->_initMain

Critical Paths under _main in BANK0

    None.

Critical Paths under _main in BANK1

    None.

Critical Paths under _main in BANK2

    None.

Critical Paths under _main in BANK3

    None.

Critical Paths under _main in BANK4

    None.

Critical Paths under _main in BANK5

    None.

Critical Paths under _main in BANK6

    None.

Critical Paths under _main in BANK7

    None.

Critical Paths under _main in BANK8

    None.

Critical Paths under _main in BANK9

    None.

Critical Paths under _main in BANK10

    None.

Critical Paths under _main in BANK11

    None.

Critical Paths under _main in BANK12

    None.

Critical Paths under _main in BANK13

    None.

Critical Paths under _main in BANK14

    None.

Critical Paths under _main in BANK15

    None.

Critical Paths under _main in BANK16

    None.

Critical Paths under _main in BANK17

    None.

Critical Paths under _main in BANK18

    None.

Critical Paths under _main in BANK19

    None.

Critical Paths under _main in BANK20

    None.

Critical Paths under _main in BANK21

    None.

Critical Paths under _main in BANK22

    None.

Critical Paths under _main in BANK23

    None.

Critical Paths under _main in BANK24

    None.

Critical Paths under _main in BANK25

    None.

Call Graph Tables:

 ---------------------------------------------------------------------------------
 (Depth) Function   	        Calls       Base Space   Used Autos Params    Refs
 ---------------------------------------------------------------------------------
 (0) _main                                                 3     3      0      45
                                              1 COMMON     3     3      0
                         _ReadTimer0
                           _initMain
 ---------------------------------------------------------------------------------
 (1) _initMain                                             1     1      0      15
                                              0 COMMON     1     1      0
                        _internal_32
 ---------------------------------------------------------------------------------
 (2) _internal_32                                          0     0      0       0
 ---------------------------------------------------------------------------------
 (1) _ReadTimer0                                           1     1      0      15
                                              0 COMMON     1     1      0
 ---------------------------------------------------------------------------------
 Estimated maximum stack depth 2
 ---------------------------------------------------------------------------------

 Call Graph Graphs:

 _main (ROOT)
   _ReadTimer0
   _initMain
     _internal_32

 Address spaces:
Name               Size   Autos  Total    Cost      Usage
BIGRAM             7F0      0       0       0        0.0%
NULL                 0      0       0       0        0.0%
CODE                 0      0       0       0        0.0%
BITCOMMON            E      0       0       1        0.0%
BITSFR0              0      0       0       1        0.0%
SFR0                 0      0       0       1        0.0%
COMMON               E      4       4       2       28.6%
BITSFR1              0      0       0       2        0.0%
SFR1                 0      0       0       2        0.0%
BITSFR2              0      0       0       3        0.0%
SFR2                 0      0       0       3        0.0%
STACK                0      0       0       3        0.0%
BITBANK0            50      0       0       4        0.0%
BITSFR3              0      0       0       4        0.0%
SFR3                 0      0       0       4        0.0%
BANK0               50      0       0       5        0.0%
BITSFR4              0      0       0       5        0.0%
SFR4                 0      0       0       5        0.0%
BITBANK1            50      0       0       6        0.0%
BITSFR5              0      0       0       6        0.0%
SFR5                 0      0       0       6        0.0%
BANK1               50      0       0       7        0.0%
BITSFR6              0      0       0       7        0.0%
SFR6                 0      0       0       7        0.0%
BITBANK2            50      0       0       8        0.0%
BITSFR7              0      0       0       8        0.0%
SFR7                 0      0       0       8        0.0%
BANK2               50      0       0       9        0.0%
BITSFR8              0      0       0       9        0.0%
SFR8                 0      0       0       9        0.0%
BITBANK3            50      0       0      10        0.0%
BITSFR9              0      0       0      10        0.0%
SFR9                 0      0       0      10        0.0%
BANK3               50      0       0      11        0.0%
BITSFR10             0      0       0      11        0.0%
SFR10                0      0       0      11        0.0%
BITBANK4            50      0       0      12        0.0%
BITSFR11             0      0       0      12        0.0%
SFR11                0      0       0      12        0.0%
BANK4               50      0       0      13        0.0%
BITSFR12             0      0       0      13        0.0%
SFR12                0      0       0      13        0.0%
BITSFR13             0      0       0      14        0.0%
SFR13                0      0       0      14        0.0%
ABS                  0      0       0      14        0.0%
BITBANK5            50      0       0      15        0.0%
BITSFR14             0      0       0      15        0.0%
SFR14                0      0       0      15        0.0%
BANK5               50      0       0      16        0.0%
BITSFR15             0      0       0      16        0.0%
SFR15                0      0       0      16        0.0%
BITBANK6            50      0       0      17        0.0%
BITSFR16             0      0       0      17        0.0%
SFR16                0      0       0      17        0.0%
BANK6               50      0       0      18        0.0%
BITSFR17             0      0       0      18        0.0%
SFR17                0      0       0      18        0.0%
BITBANK7            50      0       0      19        0.0%
BITSFR18             0      0       0      19        0.0%
SFR18                0      0       0      19        0.0%
BANK7               50      0       0      20        0.0%
BITSFR19             0      0       0      20        0.0%
SFR19                0      0       0      20        0.0%
BITBANK8            50      0       0      21        0.0%
BITSFR20             0      0       0      21        0.0%
SFR20                0      0       0      21        0.0%
BANK8               50      0       0      22        0.0%
BITSFR21             0      0       0      22        0.0%
SFR21                0      0       0      22        0.0%
BITBANK9            50      0       0      23        0.0%
BITSFR22             0      0       0      23        0.0%
SFR22                0      0       0      23        0.0%
BANK9               50      0       0      24        0.0%
BITSFR23             0      0       0      24        0.0%
SFR23                0      0       0      24        0.0%
BITBANK10           50      0       0      25        0.0%
BITSFR24             0      0       0      25        0.0%
SFR24                0      0       0      25        0.0%
BANK10              50      0       0      26        0.0%
BITSFR25             0      0       0      26        0.0%
SFR25                0      0       0      26        0.0%
BITBANK11           50      0       0      27        0.0%
BITSFR26             0      0       0      27        0.0%
SFR26                0      0       0      27        0.0%
BITSFR27             0      0       0      28        0.0%
SFR27                0      0       0      28        0.0%
DATA                 0      0       0      28        0.0%
BANK11              50      0       0      29        0.0%
BITSFR28             0      0       0      29        0.0%
SFR28                0      0       0      29        0.0%
BITBANK12           50      0       0      30        0.0%
BITSFR29             0      0       0      30        0.0%
SFR29                0      0       0      30        0.0%
BANK12              50      0       0      31        0.0%
BITSFR30             0      0       0      31        0.0%
SFR30                0      0       0      31        0.0%
BITBANK13           50      0       0      32        0.0%
BITSFR31             0      0       0      32        0.0%
SFR31                0      0       0      32        0.0%
BANK13              50      0       0      33        0.0%
BITBANK14           50      0       0      34        0.0%
BANK14              50      0       0      35        0.0%
BITBANK15           50      0       0      36        0.0%
BANK15              50      0       0      37        0.0%
BITBANK16           50      0       0      38        0.0%
BANK16              50      0       0      39        0.0%
BITBANK17           50      0       0      40        0.0%
BANK17              50      0       0      41        0.0%
BITBANK18           50      0       0      42        0.0%
BANK18              50      0       0      43        0.0%
BITBANK19           50      0       0      44        0.0%
BANK19              50      0       0      45        0.0%
BITBANK20           50      0       0      46        0.0%
BANK20              50      0       0      47        0.0%
BITBANK21           50      0       0      48        0.0%
BANK21              50      0       0      49        0.0%
BITBANK22           50      0       0      50        0.0%
BANK22              50      0       0      51        0.0%
BITBANK23           50      0       0      52        0.0%
BANK23              50      0       0      53        0.0%
BITBANK24           50      0       0      54        0.0%
BANK24              50      0       0      55        0.0%
BITBANK25           20      0       0      56        0.0%
BANK25              20      0       0      57        0.0%


Microchip Technology PIC Macro Assembler V2.45 build 20230818022343 
Symbol Table                                                                                   Sat Nov 18 01:03:35 2023

                     l17 07AD                       l64 07FC                       l73 07CC  
                     l67 07A4                       u10 07BB                       u11 07BA  
                     u27 07C2                      l603 07A5                      l611 07D8  
                    l621 07E3                      l613 07DA                      l605 07D1  
                    l631 07EE                      l623 07E4                      l615 07DC  
                    l607 07D4                      l641 07FA                      l633 07F0  
                    l625 07E7                      l617 07DE                      l609 07D6  
                    l643 07FB                      l635 07F2                      l627 07E9  
                    l619 07DF                      l645 07A0                      l637 07F3  
                    l629 07EA                      l661 07AE                      l639 07F8  
                    l671 07C9                      l663 07B1                      l665 07B5  
                    l667 07BB                      l669 07BD                      _GIE 005F  
                    wreg 0009                     _SCS0 04C8                     _SCS1 04C9  
                   _TMR0 0015                     _main 07AE                     btemp 007E  
                   start 0003                    ?_main 0070                    _IRCF0 04CB  
                  _IRCF1 04CC                    _IRCF2 04CD                    _IRCF3 04CE  
                  status 0003                    wtemp0 007E             ?_internal_32 0070  
      ReadTimer0@readVal 0070          __initialization 07FD             __end_of_main 07D1  
             _ReadTimer0 07A0                   ??_main 0071                   _SPLLEN 04CF  
       __end_of_initMain 07FD  __end_of__initialization 07FD           __pcstackCOMMON 0070  
            ?_ReadTimer0 0070           _OPTION_REGbits 0095             _T0CKIPPSbits 0E11  
             __pmaintext 07AE                  _PPSLOCK 0E0F                ?_initMain 0070  
                __ptext1 07D1                  __ptext2 07A5                  __ptext3 07A0  
   end_of_initialization 07FD               ??_initMain 0070                _TRISBbits 008D  
              _TRISDbits 008F             ??_ReadTimer0 0070      start_initialization 07FD  
     __end_of_ReadTimer0 07A5                ___latbits 0003            ??_internal_32 0070  
          initMain@state 0070                 _LATDbits 010F      __end_of_internal_32 07AE  
              main@count 0073               _ANSELBbits 018D                 _initMain 07D1  
            _internal_32 07A5               _INTCONbits 000B              _PPSLOCKbits 0E0F  
