

Microchip MPLAB XC8 Assembler V2.46 build 20240104201356 
                                                                                               Thu Dec 25 16:15:14 2025

Microchip MPLAB XC8 C Compiler v2.46 (Free license) build 20240104201356 Og1 
     1                           	processor	16F1718
     2                           	pagewidth 120
     3                           	opt	flic
     4                           	psect	cinit,global,class=CODE,merge=1,delta=2
     5                           	psect	cstackCOMMON,global,class=COMMON,space=1,delta=1,noexec
     6                           	psect	maintext,global,class=CODE,merge=1,split=1,delta=2
     7                           	psect	text1,local,class=CODE,merge=1,delta=2
     8                           	psect	text2,local,class=CODE,merge=1,delta=2
     9                           	psect	text3,local,class=CODE,merge=1,delta=2
    10                           	psect	text4,local,class=CODE,merge=1,delta=2
    11                           	psect	text5,local,class=CODE,merge=1,delta=2
    12                           	psect	config,global,abs,ovrld,class=CONFIG,space=4,delta=2,noexec
    13                           	dabs	1,0x7E,2
    14     0000                     
    15                           ; Generated 07/09/2023 GMT
    16                           ; 
    17                           ; Copyright © 2023, Microchip Technology Inc. and its subsidiaries ("Microchip")
    18                           ; All rights reserved.
    19                           ; 
    20                           ; This software is developed by Microchip Technology Inc. and its subsidiaries ("Microch
      +                          ip").
    21                           ; 
    22                           ; Redistribution and use in source and binary forms, with or without modification, are
    23                           ; permitted provided that the following conditions are met:
    24                           ; 
    25                           ;     1. Redistributions of source code must retain the above copyright notice, this lis
      +                          t of
    26                           ;        conditions and the following disclaimer.
    27                           ; 
    28                           ;     2. Redistributions in binary form must reproduce the above copyright notice, this 
      +                          list
    29                           ;        of conditions and the following disclaimer in the documentation and/or other
    30                           ;        materials provided with the distribution. Publication is not required when
    31                           ;        this file is used in an embedded application.
    32                           ; 
    33                           ;     3. Microchip's name may not be used to endorse or promote products derived from th
      +                          is
    34                           ;        software without specific prior written permission.
    35                           ; 
    36                           ; THIS SOFTWARE IS PROVIDED BY MICROCHIP "AS IS" AND ANY EXPRESS OR IMPLIED WARRANTIES,
    37                           ; INCLUDING, BUT NOT LIMITED TO, THE IMPLIED WARRANTIES OF MERCHANTABILITY AND FITNESS F
      +                          OR
    38                           ; PURPOSE ARE DISCLAIMED.  IN NO EVENT SHALL MICROCHIP BE LIABLE FOR ANY DIRECT, INDIREC
      +                          T,
    39                           ; INCIDENTAL, SPECIAL, EXEMPLARY, OR CONSEQUENTIAL DAMAGES (INCLUDING BUT NOT LIMITED TO
    40                           ; PROCUREMENT OF SUBSTITUTE GOODS OR SERVICES; LOSS OF USE, DATA OR PROFITS; OR BUSINESS
    41                           ; INTERRUPTION) HOWSOEVER CAUSED AND ON ANY THEORY OF LIABILITY, WHETHER IN CONTRACT, ST
      +                          RICT
    42                           ; LIABILITY, OR TORT (INCLUDING NEGLIGENCE OR OTHERWISE) ARISING IN ANY WAY OUT OF THE U
      +                          SE OF
    43                           ; THIS SOFTWARE, EVEN IF ADVISED OF THE POSSIBILITY OF SUCH DAMAGE.
    44                           ; 
    45                           ; 
    46                           ; Code-generator required, PIC16F1718 Definitions
    47                           ; 
    48                           ; SFR Addresses
    49     0000                     	;# 
    50     0001                     	;# 
    51     0002                     	;# 
    52     0003                     	;# 
    53     0004                     	;# 
    54     0005                     	;# 
    55     0006                     	;# 
    56     0007                     	;# 
    57     0008                     	;# 
    58     0009                     	;# 
    59     000A                     	;# 
    60     000B                     	;# 
    61     000C                     	;# 
    62     000D                     	;# 
    63     000E                     	;# 
    64     0010                     	;# 
    65     0011                     	;# 
    66     0012                     	;# 
    67     0013                     	;# 
    68     0015                     	;# 
    69     0016                     	;# 
    70     0016                     	;# 
    71     0017                     	;# 
    72     0018                     	;# 
    73     0019                     	;# 
    74     001A                     	;# 
    75     001B                     	;# 
    76     001C                     	;# 
    77     008C                     	;# 
    78     008D                     	;# 
    79     008E                     	;# 
    80     0090                     	;# 
    81     0091                     	;# 
    82     0092                     	;# 
    83     0093                     	;# 
    84     0095                     	;# 
    85     0096                     	;# 
    86     0097                     	;# 
    87     0098                     	;# 
    88     0099                     	;# 
    89     009A                     	;# 
    90     009B                     	;# 
    91     009B                     	;# 
    92     009C                     	;# 
    93     009D                     	;# 
    94     009E                     	;# 
    95     009F                     	;# 
    96     010C                     	;# 
    97     010D                     	;# 
    98     010E                     	;# 
    99     0111                     	;# 
   100     0112                     	;# 
   101     0113                     	;# 
   102     0114                     	;# 
   103     0115                     	;# 
   104     0116                     	;# 
   105     0117                     	;# 
   106     0118                     	;# 
   107     0119                     	;# 
   108     011A                     	;# 
   109     011B                     	;# 
   110     011B                     	;# 
   111     011C                     	;# 
   112     018C                     	;# 
   113     018D                     	;# 
   114     018E                     	;# 
   115     0191                     	;# 
   116     0191                     	;# 
   117     0192                     	;# 
   118     0193                     	;# 
   119     0193                     	;# 
   120     0194                     	;# 
   121     0195                     	;# 
   122     0196                     	;# 
   123     0197                     	;# 
   124     0199                     	;# 
   125     0199                     	;# 
   126     0199                     	;# 
   127     019A                     	;# 
   128     019A                     	;# 
   129     019A                     	;# 
   130     019B                     	;# 
   131     019B                     	;# 
   132     019B                     	;# 
   133     019B                     	;# 
   134     019B                     	;# 
   135     019C                     	;# 
   136     019C                     	;# 
   137     019C                     	;# 
   138     019D                     	;# 
   139     019D                     	;# 
   140     019D                     	;# 
   141     019E                     	;# 
   142     019E                     	;# 
   143     019E                     	;# 
   144     019F                     	;# 
   145     019F                     	;# 
   146     019F                     	;# 
   147     019F                     	;# 
   148     019F                     	;# 
   149     020C                     	;# 
   150     020D                     	;# 
   151     020E                     	;# 
   152     0210                     	;# 
   153     0211                     	;# 
   154     0211                     	;# 
   155     0212                     	;# 
   156     0212                     	;# 
   157     0213                     	;# 
   158     0213                     	;# 
   159     0214                     	;# 
   160     0214                     	;# 
   161     0215                     	;# 
   162     0215                     	;# 
   163     0215                     	;# 
   164     0215                     	;# 
   165     0216                     	;# 
   166     0216                     	;# 
   167     0217                     	;# 
   168     0217                     	;# 
   169     028C                     	;# 
   170     028D                     	;# 
   171     028E                     	;# 
   172     0291                     	;# 
   173     0291                     	;# 
   174     0292                     	;# 
   175     0293                     	;# 
   176     0293                     	;# 
   177     0298                     	;# 
   178     0298                     	;# 
   179     0299                     	;# 
   180     029A                     	;# 
   181     029A                     	;# 
   182     029E                     	;# 
   183     030C                     	;# 
   184     030D                     	;# 
   185     030E                     	;# 
   186     038C                     	;# 
   187     038D                     	;# 
   188     038E                     	;# 
   189     0390                     	;# 
   190     0391                     	;# 
   191     0392                     	;# 
   192     0393                     	;# 
   193     0394                     	;# 
   194     0395                     	;# 
   195     0396                     	;# 
   196     0397                     	;# 
   197     0398                     	;# 
   198     0399                     	;# 
   199     039D                     	;# 
   200     039E                     	;# 
   201     039F                     	;# 
   202     0415                     	;# 
   203     0416                     	;# 
   204     0417                     	;# 
   205     041C                     	;# 
   206     041D                     	;# 
   207     041E                     	;# 
   208     0498                     	;# 
   209     0498                     	;# 
   210     0499                     	;# 
   211     049A                     	;# 
   212     049B                     	;# 
   213     049B                     	;# 
   214     049C                     	;# 
   215     049D                     	;# 
   216     049E                     	;# 
   217     049F                     	;# 
   218     0511                     	;# 
   219     0515                     	;# 
   220     0617                     	;# 
   221     0618                     	;# 
   222     0619                     	;# 
   223     0619                     	;# 
   224     061A                     	;# 
   225     061B                     	;# 
   226     061C                     	;# 
   227     061C                     	;# 
   228     0691                     	;# 
   229     0692                     	;# 
   230     0693                     	;# 
   231     0694                     	;# 
   232     0695                     	;# 
   233     0696                     	;# 
   234     0697                     	;# 
   235     0698                     	;# 
   236     0699                     	;# 
   237     069A                     	;# 
   238     069B                     	;# 
   239     069C                     	;# 
   240     069D                     	;# 
   241     069E                     	;# 
   242     069F                     	;# 
   243     0E0F                     	;# 
   244     0E10                     	;# 
   245     0E11                     	;# 
   246     0E12                     	;# 
   247     0E13                     	;# 
   248     0E14                     	;# 
   249     0E15                     	;# 
   250     0E17                     	;# 
   251     0E20                     	;# 
   252     0E21                     	;# 
   253     0E22                     	;# 
   254     0E24                     	;# 
   255     0E25                     	;# 
   256     0E28                     	;# 
   257     0E29                     	;# 
   258     0E2A                     	;# 
   259     0E2B                     	;# 
   260     0E90                     	;# 
   261     0E91                     	;# 
   262     0E92                     	;# 
   263     0E93                     	;# 
   264     0E94                     	;# 
   265     0E95                     	;# 
   266     0E96                     	;# 
   267     0E97                     	;# 
   268     0E98                     	;# 
   269     0E99                     	;# 
   270     0E9A                     	;# 
   271     0E9B                     	;# 
   272     0E9C                     	;# 
   273     0E9D                     	;# 
   274     0E9E                     	;# 
   275     0E9F                     	;# 
   276     0EA0                     	;# 
   277     0EA1                     	;# 
   278     0EA2                     	;# 
   279     0EA3                     	;# 
   280     0EA4                     	;# 
   281     0EA5                     	;# 
   282     0EA6                     	;# 
   283     0EA7                     	;# 
   284     0F0F                     	;# 
   285     0F10                     	;# 
   286     0F11                     	;# 
   287     0F12                     	;# 
   288     0F13                     	;# 
   289     0F14                     	;# 
   290     0F15                     	;# 
   291     0F16                     	;# 
   292     0F17                     	;# 
   293     0F18                     	;# 
   294     0F19                     	;# 
   295     0F1A                     	;# 
   296     0F1B                     	;# 
   297     0F1C                     	;# 
   298     0F1D                     	;# 
   299     0F1E                     	;# 
   300     0F1F                     	;# 
   301     0F20                     	;# 
   302     0F21                     	;# 
   303     0F22                     	;# 
   304     0F23                     	;# 
   305     0F24                     	;# 
   306     0F25                     	;# 
   307     0F26                     	;# 
   308     0F27                     	;# 
   309     0F28                     	;# 
   310     0F29                     	;# 
   311     0F2A                     	;# 
   312     0F2B                     	;# 
   313     0F2C                     	;# 
   314     0F2D                     	;# 
   315     0F2E                     	;# 
   316     0F2F                     	;# 
   317     0F30                     	;# 
   318     0F31                     	;# 
   319     0F32                     	;# 
   320     0F33                     	;# 
   321     0F34                     	;# 
   322     0F35                     	;# 
   323     0F36                     	;# 
   324     0F37                     	;# 
   325     0FE4                     	;# 
   326     0FE5                     	;# 
   327     0FE6                     	;# 
   328     0FE7                     	;# 
   329     0FE8                     	;# 
   330     0FE9                     	;# 
   331     0FEA                     	;# 
   332     0FEB                     	;# 
   333     0FED                     	;# 
   334     0FEE                     	;# 
   335     0FEF                     	;# 
   336     0000                     	;# 
   337     0001                     	;# 
   338     0002                     	;# 
   339     0003                     	;# 
   340     0004                     	;# 
   341     0005                     	;# 
   342     0006                     	;# 
   343     0007                     	;# 
   344     0008                     	;# 
   345     0009                     	;# 
   346     000A                     	;# 
   347     000B                     	;# 
   348     000C                     	;# 
   349     000D                     	;# 
   350     000E                     	;# 
   351     0010                     	;# 
   352     0011                     	;# 
   353     0012                     	;# 
   354     0013                     	;# 
   355     0015                     	;# 
   356     0016                     	;# 
   357     0016                     	;# 
   358     0017                     	;# 
   359     0018                     	;# 
   360     0019                     	;# 
   361     001A                     	;# 
   362     001B                     	;# 
   363     001C                     	;# 
   364     008C                     	;# 
   365     008D                     	;# 
   366     008E                     	;# 
   367     0090                     	;# 
   368     0091                     	;# 
   369     0092                     	;# 
   370     0093                     	;# 
   371     0095                     	;# 
   372     0096                     	;# 
   373     0097                     	;# 
   374     0098                     	;# 
   375     0099                     	;# 
   376     009A                     	;# 
   377     009B                     	;# 
   378     009B                     	;# 
   379     009C                     	;# 
   380     009D                     	;# 
   381     009E                     	;# 
   382     009F                     	;# 
   383     010C                     	;# 
   384     010D                     	;# 
   385     010E                     	;# 
   386     0111                     	;# 
   387     0112                     	;# 
   388     0113                     	;# 
   389     0114                     	;# 
   390     0115                     	;# 
   391     0116                     	;# 
   392     0117                     	;# 
   393     0118                     	;# 
   394     0119                     	;# 
   395     011A                     	;# 
   396     011B                     	;# 
   397     011B                     	;# 
   398     011C                     	;# 
   399     018C                     	;# 
   400     018D                     	;# 
   401     018E                     	;# 
   402     0191                     	;# 
   403     0191                     	;# 
   404     0192                     	;# 
   405     0193                     	;# 
   406     0193                     	;# 
   407     0194                     	;# 
   408     0195                     	;# 
   409     0196                     	;# 
   410     0197                     	;# 
   411     0199                     	;# 
   412     0199                     	;# 
   413     0199                     	;# 
   414     019A                     	;# 
   415     019A                     	;# 
   416     019A                     	;# 
   417     019B                     	;# 
   418     019B                     	;# 
   419     019B                     	;# 
   420     019B                     	;# 
   421     019B                     	;# 
   422     019C                     	;# 
   423     019C                     	;# 
   424     019C                     	;# 
   425     019D                     	;# 
   426     019D                     	;# 
   427     019D                     	;# 
   428     019E                     	;# 
   429     019E                     	;# 
   430     019E                     	;# 
   431     019F                     	;# 
   432     019F                     	;# 
   433     019F                     	;# 
   434     019F                     	;# 
   435     019F                     	;# 
   436     020C                     	;# 
   437     020D                     	;# 
   438     020E                     	;# 
   439     0210                     	;# 
   440     0211                     	;# 
   441     0211                     	;# 
   442     0212                     	;# 
   443     0212                     	;# 
   444     0213                     	;# 
   445     0213                     	;# 
   446     0214                     	;# 
   447     0214                     	;# 
   448     0215                     	;# 
   449     0215                     	;# 
   450     0215                     	;# 
   451     0215                     	;# 
   452     0216                     	;# 
   453     0216                     	;# 
   454     0217                     	;# 
   455     0217                     	;# 
   456     028C                     	;# 
   457     028D                     	;# 
   458     028E                     	;# 
   459     0291                     	;# 
   460     0291                     	;# 
   461     0292                     	;# 
   462     0293                     	;# 
   463     0293                     	;# 
   464     0298                     	;# 
   465     0298                     	;# 
   466     0299                     	;# 
   467     029A                     	;# 
   468     029A                     	;# 
   469     029E                     	;# 
   470     030C                     	;# 
   471     030D                     	;# 
   472     030E                     	;# 
   473     038C                     	;# 
   474     038D                     	;# 
   475     038E                     	;# 
   476     0390                     	;# 
   477     0391                     	;# 
   478     0392                     	;# 
   479     0393                     	;# 
   480     0394                     	;# 
   481     0395                     	;# 
   482     0396                     	;# 
   483     0397                     	;# 
   484     0398                     	;# 
   485     0399                     	;# 
   486     039D                     	;# 
   487     039E                     	;# 
   488     039F                     	;# 
   489     0415                     	;# 
   490     0416                     	;# 
   491     0417                     	;# 
   492     041C                     	;# 
   493     041D                     	;# 
   494     041E                     	;# 
   495     0498                     	;# 
   496     0498                     	;# 
   497     0499                     	;# 
   498     049A                     	;# 
   499     049B                     	;# 
   500     049B                     	;# 
   501     049C                     	;# 
   502     049D                     	;# 
   503     049E                     	;# 
   504     049F                     	;# 
   505     0511                     	;# 
   506     0515                     	;# 
   507     0617                     	;# 
   508     0618                     	;# 
   509     0619                     	;# 
   510     0619                     	;# 
   511     061A                     	;# 
   512     061B                     	;# 
   513     061C                     	;# 
   514     061C                     	;# 
   515     0691                     	;# 
   516     0692                     	;# 
   517     0693                     	;# 
   518     0694                     	;# 
   519     0695                     	;# 
   520     0696                     	;# 
   521     0697                     	;# 
   522     0698                     	;# 
   523     0699                     	;# 
   524     069A                     	;# 
   525     069B                     	;# 
   526     069C                     	;# 
   527     069D                     	;# 
   528     069E                     	;# 
   529     069F                     	;# 
   530     0E0F                     	;# 
   531     0E10                     	;# 
   532     0E11                     	;# 
   533     0E12                     	;# 
   534     0E13                     	;# 
   535     0E14                     	;# 
   536     0E15                     	;# 
   537     0E17                     	;# 
   538     0E20                     	;# 
   539     0E21                     	;# 
   540     0E22                     	;# 
   541     0E24                     	;# 
   542     0E25                     	;# 
   543     0E28                     	;# 
   544     0E29                     	;# 
   545     0E2A                     	;# 
   546     0E2B                     	;# 
   547     0E90                     	;# 
   548     0E91                     	;# 
   549     0E92                     	;# 
   550     0E93                     	;# 
   551     0E94                     	;# 
   552     0E95                     	;# 
   553     0E96                     	;# 
   554     0E97                     	;# 
   555     0E98                     	;# 
   556     0E99                     	;# 
   557     0E9A                     	;# 
   558     0E9B                     	;# 
   559     0E9C                     	;# 
   560     0E9D                     	;# 
   561     0E9E                     	;# 
   562     0E9F                     	;# 
   563     0EA0                     	;# 
   564     0EA1                     	;# 
   565     0EA2                     	;# 
   566     0EA3                     	;# 
   567     0EA4                     	;# 
   568     0EA5                     	;# 
   569     0EA6                     	;# 
   570     0EA7                     	;# 
   571     0F0F                     	;# 
   572     0F10                     	;# 
   573     0F11                     	;# 
   574     0F12                     	;# 
   575     0F13                     	;# 
   576     0F14                     	;# 
   577     0F15                     	;# 
   578     0F16                     	;# 
   579     0F17                     	;# 
   580     0F18                     	;# 
   581     0F19                     	;# 
   582     0F1A                     	;# 
   583     0F1B                     	;# 
   584     0F1C                     	;# 
   585     0F1D                     	;# 
   586     0F1E                     	;# 
   587     0F1F                     	;# 
   588     0F20                     	;# 
   589     0F21                     	;# 
   590     0F22                     	;# 
   591     0F23                     	;# 
   592     0F24                     	;# 
   593     0F25                     	;# 
   594     0F26                     	;# 
   595     0F27                     	;# 
   596     0F28                     	;# 
   597     0F29                     	;# 
   598     0F2A                     	;# 
   599     0F2B                     	;# 
   600     0F2C                     	;# 
   601     0F2D                     	;# 
   602     0F2E                     	;# 
   603     0F2F                     	;# 
   604     0F30                     	;# 
   605     0F31                     	;# 
   606     0F32                     	;# 
   607     0F33                     	;# 
   608     0F34                     	;# 
   609     0F35                     	;# 
   610     0F36                     	;# 
   611     0F37                     	;# 
   612     0FE4                     	;# 
   613     0FE5                     	;# 
   614     0FE6                     	;# 
   615     0FE7                     	;# 
   616     0FE8                     	;# 
   617     0FE9                     	;# 
   618     0FEA                     	;# 
   619     0FEB                     	;# 
   620     0FED                     	;# 
   621     0FEE                     	;# 
   622     0FEF                     	;# 
   623     0000                     	;# 
   624     0001                     	;# 
   625     0002                     	;# 
   626     0003                     	;# 
   627     0004                     	;# 
   628     0005                     	;# 
   629     0006                     	;# 
   630     0007                     	;# 
   631     0008                     	;# 
   632     0009                     	;# 
   633     000A                     	;# 
   634     000B                     	;# 
   635     000C                     	;# 
   636     000D                     	;# 
   637     000E                     	;# 
   638     0010                     	;# 
   639     0011                     	;# 
   640     0012                     	;# 
   641     0013                     	;# 
   642     0015                     	;# 
   643     0016                     	;# 
   644     0016                     	;# 
   645     0017                     	;# 
   646     0018                     	;# 
   647     0019                     	;# 
   648     001A                     	;# 
   649     001B                     	;# 
   650     001C                     	;# 
   651     008C                     	;# 
   652     008D                     	;# 
   653     008E                     	;# 
   654     0090                     	;# 
   655     0091                     	;# 
   656     0092                     	;# 
   657     0093                     	;# 
   658     0095                     	;# 
   659     0096                     	;# 
   660     0097                     	;# 
   661     0098                     	;# 
   662     0099                     	;# 
   663     009A                     	;# 
   664     009B                     	;# 
   665     009B                     	;# 
   666     009C                     	;# 
   667     009D                     	;# 
   668     009E                     	;# 
   669     009F                     	;# 
   670     010C                     	;# 
   671     010D                     	;# 
   672     010E                     	;# 
   673     0111                     	;# 
   674     0112                     	;# 
   675     0113                     	;# 
   676     0114                     	;# 
   677     0115                     	;# 
   678     0116                     	;# 
   679     0117                     	;# 
   680     0118                     	;# 
   681     0119                     	;# 
   682     011A                     	;# 
   683     011B                     	;# 
   684     011B                     	;# 
   685     011C                     	;# 
   686     018C                     	;# 
   687     018D                     	;# 
   688     018E                     	;# 
   689     0191                     	;# 
   690     0191                     	;# 
   691     0192                     	;# 
   692     0193                     	;# 
   693     0193                     	;# 
   694     0194                     	;# 
   695     0195                     	;# 
   696     0196                     	;# 
   697     0197                     	;# 
   698     0199                     	;# 
   699     0199                     	;# 
   700     0199                     	;# 
   701     019A                     	;# 
   702     019A                     	;# 
   703     019A                     	;# 
   704     019B                     	;# 
   705     019B                     	;# 
   706     019B                     	;# 
   707     019B                     	;# 
   708     019B                     	;# 
   709     019C                     	;# 
   710     019C                     	;# 
   711     019C                     	;# 
   712     019D                     	;# 
   713     019D                     	;# 
   714     019D                     	;# 
   715     019E                     	;# 
   716     019E                     	;# 
   717     019E                     	;# 
   718     019F                     	;# 
   719     019F                     	;# 
   720     019F                     	;# 
   721     019F                     	;# 
   722     019F                     	;# 
   723     020C                     	;# 
   724     020D                     	;# 
   725     020E                     	;# 
   726     0210                     	;# 
   727     0211                     	;# 
   728     0211                     	;# 
   729     0212                     	;# 
   730     0212                     	;# 
   731     0213                     	;# 
   732     0213                     	;# 
   733     0214                     	;# 
   734     0214                     	;# 
   735     0215                     	;# 
   736     0215                     	;# 
   737     0215                     	;# 
   738     0215                     	;# 
   739     0216                     	;# 
   740     0216                     	;# 
   741     0217                     	;# 
   742     0217                     	;# 
   743     028C                     	;# 
   744     028D                     	;# 
   745     028E                     	;# 
   746     0291                     	;# 
   747     0291                     	;# 
   748     0292                     	;# 
   749     0293                     	;# 
   750     0293                     	;# 
   751     0298                     	;# 
   752     0298                     	;# 
   753     0299                     	;# 
   754     029A                     	;# 
   755     029A                     	;# 
   756     029E                     	;# 
   757     030C                     	;# 
   758     030D                     	;# 
   759     030E                     	;# 
   760     038C                     	;# 
   761     038D                     	;# 
   762     038E                     	;# 
   763     0390                     	;# 
   764     0391                     	;# 
   765     0392                     	;# 
   766     0393                     	;# 
   767     0394                     	;# 
   768     0395                     	;# 
   769     0396                     	;# 
   770     0397                     	;# 
   771     0398                     	;# 
   772     0399                     	;# 
   773     039D                     	;# 
   774     039E                     	;# 
   775     039F                     	;# 
   776     0415                     	;# 
   777     0416                     	;# 
   778     0417                     	;# 
   779     041C                     	;# 
   780     041D                     	;# 
   781     041E                     	;# 
   782     0498                     	;# 
   783     0498                     	;# 
   784     0499                     	;# 
   785     049A                     	;# 
   786     049B                     	;# 
   787     049B                     	;# 
   788     049C                     	;# 
   789     049D                     	;# 
   790     049E                     	;# 
   791     049F                     	;# 
   792     0511                     	;# 
   793     0515                     	;# 
   794     0617                     	;# 
   795     0618                     	;# 
   796     0619                     	;# 
   797     0619                     	;# 
   798     061A                     	;# 
   799     061B                     	;# 
   800     061C                     	;# 
   801     061C                     	;# 
   802     0691                     	;# 
   803     0692                     	;# 
   804     0693                     	;# 
   805     0694                     	;# 
   806     0695                     	;# 
   807     0696                     	;# 
   808     0697                     	;# 
   809     0698                     	;# 
   810     0699                     	;# 
   811     069A                     	;# 
   812     069B                     	;# 
   813     069C                     	;# 
   814     069D                     	;# 
   815     069E                     	;# 
   816     069F                     	;# 
   817     0E0F                     	;# 
   818     0E10                     	;# 
   819     0E11                     	;# 
   820     0E12                     	;# 
   821     0E13                     	;# 
   822     0E14                     	;# 
   823     0E15                     	;# 
   824     0E17                     	;# 
   825     0E20                     	;# 
   826     0E21                     	;# 
   827     0E22                     	;# 
   828     0E24                     	;# 
   829     0E25                     	;# 
   830     0E28                     	;# 
   831     0E29                     	;# 
   832     0E2A                     	;# 
   833     0E2B                     	;# 
   834     0E90                     	;# 
   835     0E91                     	;# 
   836     0E92                     	;# 
   837     0E93                     	;# 
   838     0E94                     	;# 
   839     0E95                     	;# 
   840     0E96                     	;# 
   841     0E97                     	;# 
   842     0E98                     	;# 
   843     0E99                     	;# 
   844     0E9A                     	;# 
   845     0E9B                     	;# 
   846     0E9C                     	;# 
   847     0E9D                     	;# 
   848     0E9E                     	;# 
   849     0E9F                     	;# 
   850     0EA0                     	;# 
   851     0EA1                     	;# 
   852     0EA2                     	;# 
   853     0EA3                     	;# 
   854     0EA4                     	;# 
   855     0EA5                     	;# 
   856     0EA6                     	;# 
   857     0EA7                     	;# 
   858     0F0F                     	;# 
   859     0F10                     	;# 
   860     0F11                     	;# 
   861     0F12                     	;# 
   862     0F13                     	;# 
   863     0F14                     	;# 
   864     0F15                     	;# 
   865     0F16                     	;# 
   866     0F17                     	;# 
   867     0F18                     	;# 
   868     0F19                     	;# 
   869     0F1A                     	;# 
   870     0F1B                     	;# 
   871     0F1C                     	;# 
   872     0F1D                     	;# 
   873     0F1E                     	;# 
   874     0F1F                     	;# 
   875     0F20                     	;# 
   876     0F21                     	;# 
   877     0F22                     	;# 
   878     0F23                     	;# 
   879     0F24                     	;# 
   880     0F25                     	;# 
   881     0F26                     	;# 
   882     0F27                     	;# 
   883     0F28                     	;# 
   884     0F29                     	;# 
   885     0F2A                     	;# 
   886     0F2B                     	;# 
   887     0F2C                     	;# 
   888     0F2D                     	;# 
   889     0F2E                     	;# 
   890     0F2F                     	;# 
   891     0F30                     	;# 
   892     0F31                     	;# 
   893     0F32                     	;# 
   894     0F33                     	;# 
   895     0F34                     	;# 
   896     0F35                     	;# 
   897     0F36                     	;# 
   898     0F37                     	;# 
   899     0FE4                     	;# 
   900     0FE5                     	;# 
   901     0FE6                     	;# 
   902     0FE7                     	;# 
   903     0FE8                     	;# 
   904     0FE9                     	;# 
   905     0FEA                     	;# 
   906     0FEB                     	;# 
   907     0FED                     	;# 
   908     0FEE                     	;# 
   909     0FEF                     	;# 
   910     008E                     _TRISCbits	set	142
   911     04CF                     _SPLLEN	set	1231
   912     04CE                     _IRCF3	set	1230
   913     04CD                     _IRCF2	set	1229
   914     04CC                     _IRCF1	set	1228
   915     04CB                     _IRCF0	set	1227
   916     04C9                     _SCS1	set	1225
   917     04C8                     _SCS0	set	1224
   918     010E                     _LATCbits	set	270
   919     018E                     _ANSELCbits	set	398
   920     0214                     _SSP1STATbits	set	532
   921     0211                     _SSPBUF	set	529
   922     0215                     _SSP1CON1bits	set	533
   923     0212                     _SSP1ADD	set	530
   924     0215                     _SSP1CON1	set	533
   925     0214                     _SSP1STAT	set	532
   926     0E21                     _SSPDATPPSbits	set	3617
   927     0E0F                     _PPSLOCKbits	set	3599
   928     0E0F                     _PPSLOCK	set	3599
   929     0EA5                     _RC5PPSbits	set	3749
   930     0EA3                     _RC3PPSbits	set	3747
   931                           
   932                           	psect	cinit
   933     07FD                     start_initialization:	
   934                           ; #config settings
   935                           
   936     07FD                     __initialization:
   937     07FD                     end_of_initialization:	
   938                           ;End of C runtime variable initialization code
   939                           
   940     07FD                     __end_of__initialization:
   941     07FD  0020               	movlb	0
   942     07FE  3187  2FA8         	ljmp	_main	;jump to C main() function
   943                           
   944                           	psect	cstackCOMMON
   945     0070                     __pcstackCOMMON:
   946     0070                     ?_SPI_Initialize:
   947     0070                     ??_SPI_Initialize:	
   948                           ; 1 bytes @ 0x0
   949                           
   950     0070                     ?_digiPot_write:	
   951                           ; 1 bytes @ 0x0
   952                           
   953     0070                     ?_SPI_Exchange8bit:	
   954                           ; 1 bytes @ 0x0
   955                           
   956     0070                     ??_SPI_Exchange8bit:	
   957                           ; 1 bytes @ 0x0
   958                           
   959     0070                     ?_internal_16:	
   960                           ; 1 bytes @ 0x0
   961                           
   962     0070                     ??_internal_16:	
   963                           ; 1 bytes @ 0x0
   964                           
   965     0070                     ?_initMain:	
   966                           ; 1 bytes @ 0x0
   967                           
   968     0070                     ??_initMain:	
   969                           ; 1 bytes @ 0x0
   970                           
   971     0070                     ?_main:	
   972                           ; 1 bytes @ 0x0
   973                           
   974     0070                     SPI_Exchange8bit@data:	
   975                           ; 1 bytes @ 0x0
   976                           
   977                           
   978                           ; 1 bytes @ 0x0
   979     0070                     	ds	1
   980     0071                     ??_digiPot_write:
   981     0071                     digiPot_write@v:	
   982                           ; 1 bytes @ 0x1
   983                           
   984                           
   985                           ; 1 bytes @ 0x1
   986     0071                     	ds	1
   987     0072                     ??_main:
   988                           
   989                           ; 1 bytes @ 0x2
   990     0072                     	ds	1
   991     0073                     main@i_183:
   992                           
   993                           ; 2 bytes @ 0x3
   994     0073                     	ds	2
   995                           
   996                           	psect	maintext
   997     07A8                     __pmaintext:	
   998 ;;
   999 ;;Main: autosize = 0, tempsize = 1, incstack = 0, save=0
  1000 ;;
  1001 ;; *************** function _main *****************
  1002 ;; Defined at:
  1003 ;;		line 96 in file "main.c"
  1004 ;; Parameters:    Size  Location     Type
  1005 ;;		None
  1006 ;; Auto vars:     Size  Location     Type
  1007 ;;  i               2    3[COMMON] unsigned short 
  1008 ;;  i               2    0        int 
  1009 ;; Return value:  Size  Location     Type
  1010 ;;                  1    wreg      void 
  1011 ;; Registers used:
  1012 ;;		wreg, status,2, status,0, pclath, cstack
  1013 ;; Tracked objects:
  1014 ;;		On entry : B1F/0
  1015 ;;		On exit  : 0/0
  1016 ;;		Unchanged: 0/0
  1017 ;; Data sizes:     COMMON   BANK0   BANK1   BANK2   BANK3   BANK4   BANK5   BANK6   BANK7   BANK8   BANK9  BANK10  BANK1
      +1  BANK12  BANK13  BANK14  BANK15  BANK16  BANK17  BANK18  BANK19  BANK20  BANK21  BANK22  BANK23  BANK24  BANK25
  1018 ;;      Params:         0       0       0       0       0       0       0       0       0       0       0       0       
      +0       0       0       0       0       0       0       0       0       0       0       0       0       0       0
  1019 ;;      Locals:         2       0       0       0       0       0       0       0       0       0       0       0       
      +0       0       0       0       0       0       0       0       0       0       0       0       0       0       0
  1020 ;;      Temps:          1       0       0       0       0       0       0       0       0       0       0       0       
      +0       0       0       0       0       0       0       0       0       0       0       0       0       0       0
  1021 ;;      Totals:         3       0       0       0       0       0       0       0       0       0       0       0       
      +0       0       0       0       0       0       0       0       0       0       0       0       0       0       0
  1022 ;;Total ram usage:        3 bytes
  1023 ;; Hardware stack levels required when called: 2
  1024 ;; This function calls:
  1025 ;;		_digiPot_write
  1026 ;;		_initMain
  1027 ;; This function is called by:
  1028 ;;		Startup code after reset
  1029 ;; This function uses a non-reentrant model
  1030 ;;
  1031                           
  1032     07A8                     _main:	
  1033                           ;psect for function _main
  1034                           
  1035     07A8                     l722:	
  1036                           ;incstack = 0
  1037                           ; Regs used in _main: [wreg+status,2+status,0+pclath+cstack]
  1038                           
  1039                           
  1040                           ;main.c: 97:     initMain();
  1041     07A8  3187  27C9  3187   	fcall	_initMain
  1042     07AB                     l724:
  1043                           
  1044                           ;main.c: 105:       for (uint16_t i = 0; i < 255; i++) {
  1045     07AB  01F3               	clrf	main@i_183
  1046     07AC  01F4               	clrf	main@i_183+1
  1047     07AD                     l730:
  1048                           
  1049                           ;main.c: 106:     digiPot_write((uint8_t)i);
  1050     07AD  0873               	movf	main@i_183,w
  1051     07AE  3187  279A  3187   	fcall	_digiPot_write
  1052     07B1                     l732:
  1053                           
  1054                           ;main.c: 107:     _delay((unsigned long)((10)*(32000000/4000.0)));
  1055     07B1  3068               	movlw	104
  1056     07B2  00F2               	movwf	??_main
  1057     07B3  30E4               	movlw	228
  1058     07B4                     u97:
  1059     07B4  0B89               	decfsz	9,f
  1060     07B5  2FB4               	goto	u97
  1061     07B6  0BF2               	decfsz	??_main,f
  1062     07B7  2FB4               	goto	u97
  1063     07B8  3200               	nop2
  1064     07B9                     l734:
  1065                           
  1066                           ;main.c: 108:       }
  1067     07B9  3001               	movlw	1
  1068     07BA  07F3               	addwf	main@i_183,f
  1069     07BB  3000               	movlw	0
  1070     07BC  3DF4               	addwfc	main@i_183+1,f
  1071     07BD                     l736:
  1072     07BD  3000               	movlw	0
  1073     07BE  0274               	subwf	main@i_183+1,w
  1074     07BF  30FF               	movlw	255
  1075     07C0  1903               	skipnz
  1076     07C1  0273               	subwf	main@i_183,w
  1077     07C2  1C03               	skipc
  1078     07C3  2FC5               	goto	u21
  1079     07C4  2FC6               	goto	u20
  1080     07C5                     u21:
  1081     07C5  2FAD               	goto	l730
  1082     07C6                     u20:
  1083     07C6  2FAB               	goto	l724
  1084     07C7  3180  2803         	ljmp	start
  1085     07C9                     __end_of_main:
  1086                           
  1087                           	psect	text1
  1088     07C9                     __ptext1:	
  1089 ;; *************** function _initMain *****************
  1090 ;; Defined at:
  1091 ;;		line 50 in file "main.c"
  1092 ;; Parameters:    Size  Location     Type
  1093 ;;		None
  1094 ;; Auto vars:     Size  Location     Type
  1095 ;;		None
  1096 ;; Return value:  Size  Location     Type
  1097 ;;                  1    wreg      void 
  1098 ;; Registers used:
  1099 ;;		wreg, status,2, status,0, pclath, cstack
  1100 ;; Tracked objects:
  1101 ;;		On entry : 0/0
  1102 ;;		On exit  : 0/0
  1103 ;;		Unchanged: 0/0
  1104 ;; Data sizes:     COMMON   BANK0   BANK1   BANK2   BANK3   BANK4   BANK5   BANK6   BANK7   BANK8   BANK9  BANK10  BANK1
      +1  BANK12  BANK13  BANK14  BANK15  BANK16  BANK17  BANK18  BANK19  BANK20  BANK21  BANK22  BANK23  BANK24  BANK25
  1105 ;;      Params:         0       0       0       0       0       0       0       0       0       0       0       0       
      +0       0       0       0       0       0       0       0       0       0       0       0       0       0       0
  1106 ;;      Locals:         0       0       0       0       0       0       0       0       0       0       0       0       
      +0       0       0       0       0       0       0       0       0       0       0       0       0       0       0
  1107 ;;      Temps:          1       0       0       0       0       0       0       0       0       0       0       0       
      +0       0       0       0       0       0       0       0       0       0       0       0       0       0       0
  1108 ;;      Totals:         1       0       0       0       0       0       0       0       0       0       0       0       
      +0       0       0       0       0       0       0       0       0       0       0       0       0       0       0
  1109 ;;Total ram usage:        1 bytes
  1110 ;; Hardware stack levels used: 1
  1111 ;; Hardware stack levels required when called: 1
  1112 ;; This function calls:
  1113 ;;		_SPI_Initialize
  1114 ;;		_internal_16
  1115 ;; This function is called by:
  1116 ;;		_main
  1117 ;; This function uses a non-reentrant model
  1118 ;;
  1119                           
  1120     07C9                     _initMain:	
  1121                           ;psect for function _initMain
  1122                           
  1123     07C9                     l662:	
  1124                           ;incstack = 0
  1125                           ; Regs used in _initMain: [wreg+status,2+status,0+pclath+cstack]
  1126                           
  1127                           
  1128                           ;main.c: 52:     internal_16();
  1129     07C9  3187  2786  3187   	fcall	_internal_16
  1130     07CC                     l664:
  1131                           
  1132                           ;main.c: 55:     _delay((unsigned long)((10)*(32000000/4000.0)));
  1133     07CC  3068               	movlw	104
  1134     07CD  00F0               	movwf	??_initMain
  1135     07CE  30E4               	movlw	228
  1136     07CF                     u107:
  1137     07CF  0B89               	decfsz	9,f
  1138     07D0  2FCF               	goto	u107
  1139     07D1  0BF0               	decfsz	??_initMain,f
  1140     07D2  2FCF               	goto	u107
  1141     07D3  3200               	nop2
  1142     07D4                     l666:
  1143                           
  1144                           ;main.c: 61:     ANSELCbits.ANSC2 = 0;
  1145     07D4  0023               	movlb	3	; select bank3
  1146     07D5  110E               	bcf	14,2	;volatile
  1147     07D6                     l668:
  1148                           
  1149                           ;main.c: 62:     ANSELCbits.ANSC3 = 0;
  1150     07D6  118E               	bcf	14,3	;volatile
  1151     07D7                     l670:
  1152                           
  1153                           ;main.c: 63:     ANSELCbits.ANSC4 = 0;
  1154     07D7  120E               	bcf	14,4	;volatile
  1155     07D8                     l672:
  1156                           
  1157                           ;main.c: 64:     ANSELCbits.ANSC5 = 0;
  1158     07D8  128E               	bcf	14,5	;volatile
  1159     07D9                     l674:
  1160                           
  1161                           ;main.c: 66:     TRISCbits.TRISC2 = 0;
  1162     07D9  0021               	movlb	1	; select bank1
  1163     07DA  110E               	bcf	14,2	;volatile
  1164     07DB                     l676:
  1165                           
  1166                           ;main.c: 67:     TRISCbits.TRISC3 = 0;
  1167     07DB  118E               	bcf	14,3	;volatile
  1168     07DC                     l678:
  1169                           
  1170                           ;main.c: 68:     TRISCbits.TRISC4 = 1;
  1171     07DC  160E               	bsf	14,4	;volatile
  1172     07DD                     l680:
  1173                           
  1174                           ;main.c: 69:     TRISCbits.TRISC5 = 0;
  1175     07DD  128E               	bcf	14,5	;volatile
  1176     07DE                     l682:
  1177                           
  1178                           ;main.c: 71:     LATCbits.LATC2 = 1;
  1179     07DE  0022               	movlb	2	; select bank2
  1180     07DF  150E               	bsf	14,2	;volatile
  1181     07E0                     l684:
  1182                           
  1183                           ;main.c: 73:     PPSLOCK = 0x55;
  1184     07E0  3055               	movlw	85
  1185     07E1  003C               	movlb	28	; select bank28
  1186     07E2  008F               	movwf	15	;volsfr
  1187     07E3                     l686:
  1188                           
  1189                           ;main.c: 74:     PPSLOCK = 0xAA;
  1190     07E3  30AA               	movlw	170
  1191     07E4  008F               	movwf	15	;volsfr
  1192     07E5                     l688:
  1193                           
  1194                           ;main.c: 75:     PPSLOCKbits.PPSLOCKED = 0x00;
  1195     07E5  100F               	bcf	15,0	;volsfr
  1196     07E6                     l690:
  1197                           
  1198                           ;main.c: 77:     SSPDATPPSbits.SSPDATPPS = 0x14;
  1199     07E6  0821               	movf	33,w	;volatile
  1200     07E7  39E0               	andlw	-32
  1201     07E8  3814               	iorlw	20
  1202     07E9  00A1               	movwf	33	;volatile
  1203     07EA                     l692:
  1204                           
  1205                           ;main.c: 78:     RC3PPSbits.RC3PPS = 0x10;
  1206     07EA  003D               	movlb	29	; select bank29
  1207     07EB  0823               	movf	35,w	;volatile
  1208     07EC  39E0               	andlw	-32
  1209     07ED  3810               	iorlw	16
  1210     07EE  00A3               	movwf	35	;volatile
  1211     07EF                     l694:
  1212                           
  1213                           ;main.c: 79:     RC5PPSbits.RC5PPS = 0x11;
  1214     07EF  0825               	movf	37,w	;volatile
  1215     07F0  39E0               	andlw	-32
  1216     07F1  3811               	iorlw	17
  1217     07F2  00A5               	movwf	37	;volatile
  1218     07F3                     l696:
  1219                           
  1220                           ;main.c: 81:     PPSLOCK = 0x55;
  1221     07F3  3055               	movlw	85
  1222     07F4  003C               	movlb	28	; select bank28
  1223     07F5  008F               	movwf	15	;volsfr
  1224     07F6                     l698:
  1225                           
  1226                           ;main.c: 82:     PPSLOCK = 0xAA;
  1227     07F6  30AA               	movlw	170
  1228     07F7  008F               	movwf	15	;volsfr
  1229     07F8                     l700:
  1230                           
  1231                           ;main.c: 83:     PPSLOCKbits.PPSLOCKED = 0x01;
  1232     07F8  140F               	bsf	15,0	;volsfr
  1233     07F9                     l702:
  1234                           
  1235                           ;main.c: 86:     SPI_Initialize();
  1236     07F9  3187  277F  3187   	fcall	_SPI_Initialize
  1237     07FC                     l64:
  1238     07FC  0008               	return
  1239     07FD                     __end_of_initMain:
  1240                           
  1241                           	psect	text2
  1242     0786                     __ptext2:	
  1243 ;; *************** function _internal_16 *****************
  1244 ;; Defined at:
  1245 ;;		line 61 in file "PIC16F1718_Internal.c"
  1246 ;; Parameters:    Size  Location     Type
  1247 ;;		None
  1248 ;; Auto vars:     Size  Location     Type
  1249 ;;		None
  1250 ;; Return value:  Size  Location     Type
  1251 ;;                  1    wreg      void 
  1252 ;; Registers used:
  1253 ;;		None
  1254 ;; Tracked objects:
  1255 ;;		On entry : 0/0
  1256 ;;		On exit  : 0/0
  1257 ;;		Unchanged: 0/0
  1258 ;; Data sizes:     COMMON   BANK0   BANK1   BANK2   BANK3   BANK4   BANK5   BANK6   BANK7   BANK8   BANK9  BANK10  BANK1
      +1  BANK12  BANK13  BANK14  BANK15  BANK16  BANK17  BANK18  BANK19  BANK20  BANK21  BANK22  BANK23  BANK24  BANK25
  1259 ;;      Params:         0       0       0       0       0       0       0       0       0       0       0       0       
      +0       0       0       0       0       0       0       0       0       0       0       0       0       0       0
  1260 ;;      Locals:         0       0       0       0       0       0       0       0       0       0       0       0       
      +0       0       0       0       0       0       0       0       0       0       0       0       0       0       0
  1261 ;;      Temps:          0       0       0       0       0       0       0       0       0       0       0       0       
      +0       0       0       0       0       0       0       0       0       0       0       0       0       0       0
  1262 ;;      Totals:         0       0       0       0       0       0       0       0       0       0       0       0       
      +0       0       0       0       0       0       0       0       0       0       0       0       0       0       0
  1263 ;;Total ram usage:        0 bytes
  1264 ;; Hardware stack levels used: 1
  1265 ;; This function calls:
  1266 ;;		Nothing
  1267 ;; This function is called by:
  1268 ;;		_initMain
  1269 ;; This function uses a non-reentrant model
  1270 ;;
  1271                           
  1272     0786                     _internal_16:	
  1273                           ;psect for function _internal_16
  1274                           
  1275     0786                     l648:	
  1276                           ;incstack = 0
  1277                           ; Regs used in _internal_16: []
  1278                           
  1279                           
  1280                           ;PIC16F1718_Internal.c: 63:     SCS0 = 0;
  1281     0786  0021               	movlb	1	; select bank1
  1282     0787  1019               	bcf	25,0	;volatile
  1283                           
  1284                           ;PIC16F1718_Internal.c: 64:     SCS1 = 0;
  1285     0788  1099               	bcf	25,1	;volatile
  1286                           
  1287                           ;PIC16F1718_Internal.c: 67:     IRCF0 = 1;
  1288     0789  1599               	bsf	25,3	;volatile
  1289                           
  1290                           ;PIC16F1718_Internal.c: 68:     IRCF1 = 1;
  1291     078A  1619               	bsf	25,4	;volatile
  1292                           
  1293                           ;PIC16F1718_Internal.c: 69:     IRCF2 = 1;
  1294     078B  1699               	bsf	25,5	;volatile
  1295                           
  1296                           ;PIC16F1718_Internal.c: 70:     IRCF3 = 1;
  1297     078C  1719               	bsf	25,6	;volatile
  1298                           
  1299                           ;PIC16F1718_Internal.c: 73:     SPLLEN = 0;
  1300     078D  1399               	bcf	25,7	;volatile
  1301     078E                     l20:
  1302     078E  0008               	return
  1303     078F                     __end_of_internal_16:
  1304                           
  1305                           	psect	text3
  1306     077F                     __ptext3:	
  1307 ;; *************** function _SPI_Initialize *****************
  1308 ;; Defined at:
  1309 ;;		line 52 in file "SPI.c"
  1310 ;; Parameters:    Size  Location     Type
  1311 ;;		None
  1312 ;; Auto vars:     Size  Location     Type
  1313 ;;		None
  1314 ;; Return value:  Size  Location     Type
  1315 ;;                  1    wreg      void 
  1316 ;; Registers used:
  1317 ;;		wreg, status,2
  1318 ;; Tracked objects:
  1319 ;;		On entry : 0/0
  1320 ;;		On exit  : 0/0
  1321 ;;		Unchanged: 0/0
  1322 ;; Data sizes:     COMMON   BANK0   BANK1   BANK2   BANK3   BANK4   BANK5   BANK6   BANK7   BANK8   BANK9  BANK10  BANK1
      +1  BANK12  BANK13  BANK14  BANK15  BANK16  BANK17  BANK18  BANK19  BANK20  BANK21  BANK22  BANK23  BANK24  BANK25
  1323 ;;      Params:         0       0       0       0       0       0       0       0       0       0       0       0       
      +0       0       0       0       0       0       0       0       0       0       0       0       0       0       0
  1324 ;;      Locals:         0       0       0       0       0       0       0       0       0       0       0       0       
      +0       0       0       0       0       0       0       0       0       0       0       0       0       0       0
  1325 ;;      Temps:          0       0       0       0       0       0       0       0       0       0       0       0       
      +0       0       0       0       0       0       0       0       0       0       0       0       0       0       0
  1326 ;;      Totals:         0       0       0       0       0       0       0       0       0       0       0       0       
      +0       0       0       0       0       0       0       0       0       0       0       0       0       0       0
  1327 ;;Total ram usage:        0 bytes
  1328 ;; Hardware stack levels used: 1
  1329 ;; This function calls:
  1330 ;;		Nothing
  1331 ;; This function is called by:
  1332 ;;		_initMain
  1333 ;; This function uses a non-reentrant model
  1334 ;;
  1335                           
  1336     077F                     _SPI_Initialize:	
  1337                           ;psect for function _SPI_Initialize
  1338                           
  1339     077F                     l650:	
  1340                           ;incstack = 0
  1341                           ; Regs used in _SPI_Initialize: [wreg+status,2]
  1342                           
  1343                           
  1344                           ;SPI.c: 59:     SSP1STAT = 0x40;
  1345     077F  3040               	movlw	64
  1346     0780  0024               	movlb	4	; select bank4
  1347     0781  0094               	movwf	20	;volatile
  1348                           
  1349                           ;SPI.c: 63:     SSP1CON1 = 0x22;
  1350     0782  3022               	movlw	34
  1351     0783  0095               	movwf	21	;volatile
  1352     0784                     l652:
  1353                           
  1354                           ;SPI.c: 66:     SSP1ADD = 0x00;
  1355     0784  0192               	clrf	18	;volatile
  1356     0785                     l92:
  1357     0785  0008               	return
  1358     0786                     __end_of_SPI_Initialize:
  1359                           
  1360                           	psect	text4
  1361     079A                     __ptext4:	
  1362 ;; *************** function _digiPot_write *****************
  1363 ;; Defined at:
  1364 ;;		line 126 in file "main.c"
  1365 ;; Parameters:    Size  Location     Type
  1366 ;;  v               1    wreg     unsigned char 
  1367 ;; Auto vars:     Size  Location     Type
  1368 ;;  v               1    1[COMMON] unsigned char 
  1369 ;; Return value:  Size  Location     Type
  1370 ;;                  1    wreg      void 
  1371 ;; Registers used:
  1372 ;;		wreg, status,2, status,0, pclath, cstack
  1373 ;; Tracked objects:
  1374 ;;		On entry : 0/0
  1375 ;;		On exit  : 0/0
  1376 ;;		Unchanged: 0/0
  1377 ;; Data sizes:     COMMON   BANK0   BANK1   BANK2   BANK3   BANK4   BANK5   BANK6   BANK7   BANK8   BANK9  BANK10  BANK1
      +1  BANK12  BANK13  BANK14  BANK15  BANK16  BANK17  BANK18  BANK19  BANK20  BANK21  BANK22  BANK23  BANK24  BANK25
  1378 ;;      Params:         0       0       0       0       0       0       0       0       0       0       0       0       
      +0       0       0       0       0       0       0       0       0       0       0       0       0       0       0
  1379 ;;      Locals:         1       0       0       0       0       0       0       0       0       0       0       0       
      +0       0       0       0       0       0       0       0       0       0       0       0       0       0       0
  1380 ;;      Temps:          0       0       0       0       0       0       0       0       0       0       0       0       
      +0       0       0       0       0       0       0       0       0       0       0       0       0       0       0
  1381 ;;      Totals:         1       0       0       0       0       0       0       0       0       0       0       0       
      +0       0       0       0       0       0       0       0       0       0       0       0       0       0       0
  1382 ;;Total ram usage:        1 bytes
  1383 ;; Hardware stack levels used: 1
  1384 ;; Hardware stack levels required when called: 1
  1385 ;; This function calls:
  1386 ;;		_SPI_Exchange8bit
  1387 ;; This function is called by:
  1388 ;;		_main
  1389 ;; This function uses a non-reentrant model
  1390 ;;
  1391                           
  1392     079A                     _digiPot_write:	
  1393                           ;psect for function _digiPot_write
  1394                           
  1395                           
  1396                           ;incstack = 0
  1397                           ; Regs used in _digiPot_write: [wreg+status,2+status,0+pclath+cstack]
  1398                           ;digiPot_write@v stored from wreg
  1399     079A  00F1               	movwf	digiPot_write@v
  1400     079B                     l704:
  1401                           
  1402                           ;main.c: 126: void digiPot_write(uint8_t v);main.c: 127: {;main.c: 128:     LATCbits.LAT
      +                          C2 = 0;
  1403     079B  0022               	movlb	2	; select bank2
  1404     079C  110E               	bcf	14,2	;volatile
  1405     079D                     l706:
  1406                           
  1407                           ;main.c: 129:     SPI_Exchange8bit(0x11);
  1408     079D  3011               	movlw	17
  1409     079E  3187  278F  3187   	fcall	_SPI_Exchange8bit
  1410                           
  1411                           ;main.c: 130:     SPI_Exchange8bit(v);
  1412     07A1  0871               	movf	digiPot_write@v,w
  1413     07A2  3187  278F  3187   	fcall	_SPI_Exchange8bit
  1414     07A5                     l708:
  1415                           
  1416                           ;main.c: 131:     LATCbits.LATC2 = 1;
  1417     07A5  0022               	movlb	2	; select bank2
  1418     07A6  150E               	bsf	14,2	;volatile
  1419     07A7                     l77:
  1420     07A7  0008               	return
  1421     07A8                     __end_of_digiPot_write:
  1422                           
  1423                           	psect	text5
  1424     078F                     __ptext5:	
  1425 ;; *************** function _SPI_Exchange8bit *****************
  1426 ;; Defined at:
  1427 ;;		line 86 in file "SPI.c"
  1428 ;; Parameters:    Size  Location     Type
  1429 ;;  data            1    wreg     unsigned char 
  1430 ;; Auto vars:     Size  Location     Type
  1431 ;;  data            1    0[COMMON] unsigned char 
  1432 ;; Return value:  Size  Location     Type
  1433 ;;                  1    wreg      unsigned char 
  1434 ;; Registers used:
  1435 ;;		wreg
  1436 ;; Tracked objects:
  1437 ;;		On entry : 0/0
  1438 ;;		On exit  : 0/0
  1439 ;;		Unchanged: 0/0
  1440 ;; Data sizes:     COMMON   BANK0   BANK1   BANK2   BANK3   BANK4   BANK5   BANK6   BANK7   BANK8   BANK9  BANK10  BANK1
      +1  BANK12  BANK13  BANK14  BANK15  BANK16  BANK17  BANK18  BANK19  BANK20  BANK21  BANK22  BANK23  BANK24  BANK25
  1441 ;;      Params:         0       0       0       0       0       0       0       0       0       0       0       0       
      +0       0       0       0       0       0       0       0       0       0       0       0       0       0       0
  1442 ;;      Locals:         1       0       0       0       0       0       0       0       0       0       0       0       
      +0       0       0       0       0       0       0       0       0       0       0       0       0       0       0
  1443 ;;      Temps:          0       0       0       0       0       0       0       0       0       0       0       0       
      +0       0       0       0       0       0       0       0       0       0       0       0       0       0       0
  1444 ;;      Totals:         1       0       0       0       0       0       0       0       0       0       0       0       
      +0       0       0       0       0       0       0       0       0       0       0       0       0       0       0
  1445 ;;Total ram usage:        1 bytes
  1446 ;; Hardware stack levels used: 1
  1447 ;; This function calls:
  1448 ;;		Nothing
  1449 ;; This function is called by:
  1450 ;;		_digiPot_write
  1451 ;;		_SPI_Exchange8bitBuffer
  1452 ;; This function uses a non-reentrant model
  1453 ;;
  1454                           
  1455     078F                     _SPI_Exchange8bit:	
  1456                           ;psect for function _SPI_Exchange8bit
  1457                           
  1458                           
  1459                           ;incstack = 0
  1460                           ; Regs used in _SPI_Exchange8bit: [wreg]
  1461                           ;SPI_Exchange8bit@data stored from wreg
  1462     078F  00F0               	movwf	SPI_Exchange8bit@data
  1463     0790                     l654:
  1464                           
  1465                           ;SPI.c: 86: uint8_t SPI_Exchange8bit(uint8_t data);SPI.c: 87: {;SPI.c: 89:     SSP1CON1b
      +                          its.WCOL = 0;
  1466     0790  0024               	movlb	4	; select bank4
  1467     0791  1395               	bcf	21,7	;volatile
  1468     0792                     l656:
  1469                           
  1470                           ;SPI.c: 92:     SSPBUF = data;
  1471     0792  0870               	movf	SPI_Exchange8bit@data,w
  1472     0793  0091               	movwf	17	;volatile
  1473     0794                     l95:	
  1474                           ;SPI.c: 96:     {;SPI.c: 97:     }
  1475                           
  1476                           
  1477                           ;SPI.c: 95:     while (SSP1STATbits.BF == 0x0)
  1478     0794  1C14               	btfss	20,0	;volatile
  1479     0795  2F97               	goto	u11
  1480     0796  2F98               	goto	u10
  1481     0797                     u11:
  1482     0797  2F94               	goto	l95
  1483     0798                     u10:
  1484     0798                     l658:
  1485                           
  1486                           ;SPI.c: 100:     return (SSPBUF);
  1487     0798  0811               	movf	17,w	;volatile
  1488     0799                     l98:
  1489     0799  0008               	return
  1490     079A                     __end_of_SPI_Exchange8bit:
  1491     007E                     btemp	set	126	;btemp
  1492     007E                     wtemp0	set	126
  1493                           
  1494                           	psect	config
  1495                           
  1496                           ;Config register CONFIG1 @ 0x8007
  1497                           ;	Oscillator Selection Bits
  1498                           ;	FOSC = INTOSC, INTOSC oscillator: I/O function on CLKIN pin
  1499                           ;	Watchdog Timer Enable
  1500                           ;	WDTE = OFF, WDT disabled
  1501                           ;	Power-up Timer Enable
  1502                           ;	PWRTE = OFF, PWRT disabled
  1503                           ;	MCLR Pin Function Select
  1504                           ;	MCLRE = OFF, MCLR/VPP pin function is digital input if LVP bit is also 0.
  1505                           ;	Flash Program Memory Code Protection
  1506                           ;	CP = OFF, Program memory code protection is disabled
  1507                           ;	Brown-out Reset Enable
  1508                           ;	BOREN = OFF, Brown-out Reset disabled
  1509                           ;	Clock Out Enable
  1510                           ;	CLKOUTEN = OFF, CLKOUT function is disabled. I/O or oscillator function on the CLKOUT 
      +                          pin
  1511                           ;	Internal/External Switchover Mode
  1512                           ;	IESO = ON, Internal/External Switchover Mode is enabled
  1513                           ;	Fail-Safe Clock Monitor Enable
  1514                           ;	FCMEN = OFF, Fail-Safe Clock Monitor is disabled
  1515     8007                     	org	32775
  1516     8007  19A4               	dw	6564
  1517                           
  1518                           ;Config register CONFIG2 @ 0x8008
  1519                           ;	Flash Memory Self-Write Protection
  1520                           ;	WRT = OFF, Write protection off
  1521                           ;	Peripheral Pin Select one-way control
  1522                           ;	PPS1WAY = ON, The PPSLOCK bit cannot be cleared once it is set by software
  1523                           ;	Zero-cross detect disable
  1524                           ;	ZCDDIS = ON, ZCD disabled. ZCD can be enabled by setting the ZCDSEN bit of ZCDCON
  1525                           ;	Phase Lock Loop enable
  1526                           ;	PLLEN = OFF, 4x PLL is disabled
  1527                           ;	Stack Overflow/Underflow Reset Enable
  1528                           ;	STVREN = ON, Stack Overflow or Underflow will cause a Reset
  1529                           ;	Brown-out Reset Voltage Selection
  1530                           ;	BORV = LO, Brown-out Reset Voltage (Vbor), low trip point selected.
  1531                           ;	Low-Power Brown Out Reset
  1532                           ;	LPBOR = OFF, Low-Power BOR is disabled
  1533                           ;	In-Circuit Debugger Mode
  1534                           ;	DEBUG = 0x1, unprogrammed default
  1535                           ;	Low-Voltage Programming Enable
  1536                           ;	LVP = OFF, High-voltage on MCLR/VPP must be used for programming
  1537     8008                     	org	32776
  1538     8008  1EFF               	dw	7935

Data Sizes:
    Strings     0
    Constant    0
    Data        0
    BSS         0
    Persistent  32
    Stack       0

Auto Spaces:
    Space          Size  Autos    Used
    COMMON           14      5       5
    BANK0            80      0       0
    BANK1            80      0       0
    BANK2            80      0       0
    BANK3            80      0       0
    BANK4            80      0       0
    BANK5            80      0       0
    BANK6            80      0       0
    BANK7            80      0       0
    BANK8            80      0       0
    BANK9            80      0       0
    BANK10           80      0       0
    BANK11           80      0       0
    BANK12           80      0       0
    BANK13           80      0       0
    BANK14           80      0       0
    BANK15           80      0       0
    BANK16           80      0       0
    BANK17           80      0       0
    BANK18           80      0       0
    BANK19           80      0       0
    BANK20           80      0       0
    BANK21           80      0       0
    BANK22           80      0       0
    BANK23           80      0       0
    BANK24           80      0       0
    BANK25           32      0       0

Pointer List with Targets:

    None.

Critical Paths under _main in COMMON

    _main->_digiPot_write
    _digiPot_write->_SPI_Exchange8bit

Critical Paths under _main in BANK0

    None.

Critical Paths under _main in BANK1

    None.

Critical Paths under _main in BANK2

    None.

Critical Paths under _main in BANK3

    None.

Critical Paths under _main in BANK4

    None.

Critical Paths under _main in BANK5

    None.

Critical Paths under _main in BANK6

    None.

Critical Paths under _main in BANK7

    None.

Critical Paths under _main in BANK8

    None.

Critical Paths under _main in BANK9

    None.

Critical Paths under _main in BANK10

    None.

Critical Paths under _main in BANK11

    None.

Critical Paths under _main in BANK12

    None.

Critical Paths under _main in BANK13

    None.

Critical Paths under _main in BANK14

    None.

Critical Paths under _main in BANK15

    None.

Critical Paths under _main in BANK16

    None.

Critical Paths under _main in BANK17

    None.

Critical Paths under _main in BANK18

    None.

Critical Paths under _main in BANK19

    None.

Critical Paths under _main in BANK20

    None.

Critical Paths under _main in BANK21

    None.

Critical Paths under _main in BANK22

    None.

Critical Paths under _main in BANK23

    None.

Critical Paths under _main in BANK24

    None.

Critical Paths under _main in BANK25

    None.

Call Graph Tables:

 ---------------------------------------------------------------------------------
 (Depth) Function   	        Calls       Base Space   Used Autos Params    Refs
 ---------------------------------------------------------------------------------
 (0) _main                                                 5     5      0      75
                                              2 COMMON     3     3      0
                      _digiPot_write
                           _initMain
 ---------------------------------------------------------------------------------
 (1) _initMain                                             1     1      0       0
                                              0 COMMON     1     1      0
                     _SPI_Initialize
                        _internal_16
 ---------------------------------------------------------------------------------
 (2) _internal_16                                          0     0      0       0
 ---------------------------------------------------------------------------------
 (2) _SPI_Initialize                                       0     0      0       0
 ---------------------------------------------------------------------------------
 (1) _digiPot_write                                        1     1      0      30
                                              1 COMMON     1     1      0
                   _SPI_Exchange8bit
 ---------------------------------------------------------------------------------
 (2) _SPI_Exchange8bit                                     1     1      0      15
                                              0 COMMON     1     1      0
 ---------------------------------------------------------------------------------
 Estimated maximum stack depth 2
 ---------------------------------------------------------------------------------

 Call Graph Graphs:

 _main (ROOT)
   _digiPot_write
     _SPI_Exchange8bit
   _initMain
     _SPI_Initialize
     _internal_16

 Address spaces:
Name               Size   Autos  Total    Cost      Usage
BIGRAM             7F0      0       0       0        0.0%
NULL                 0      0       0       0        0.0%
CODE                 0      0       0       0        0.0%
BITCOMMON            E      0       0       1        0.0%
BITSFR0              0      0       0       1        0.0%
SFR0                 0      0       0       1        0.0%
COMMON               E      5       5       2       35.7%
BITSFR1              0      0       0       2        0.0%
SFR1                 0      0       0       2        0.0%
BITSFR2              0      0       0       3        0.0%
SFR2                 0      0       0       3        0.0%
STACK                0      0       0       3        0.0%
BITBANK0            50      0       0       4        0.0%
BITSFR3              0      0       0       4        0.0%
SFR3                 0      0       0       4        0.0%
BANK0               50      0       0       5        0.0%
BITSFR4              0      0       0       5        0.0%
SFR4                 0      0       0       5        0.0%
BITBANK1            50      0       0       6        0.0%
BITSFR5              0      0       0       6        0.0%
SFR5                 0      0       0       6        0.0%
BANK1               50      0       0       7        0.0%
BITSFR6              0      0       0       7        0.0%
SFR6                 0      0       0       7        0.0%
BITBANK2            50      0       0       8        0.0%
BITSFR7              0      0       0       8        0.0%
SFR7                 0      0       0       8        0.0%
BANK2               50      0       0       9        0.0%
BITSFR8              0      0       0       9        0.0%
SFR8                 0      0       0       9        0.0%
BITBANK3            50      0       0      10        0.0%
BITSFR9              0      0       0      10        0.0%
SFR9                 0      0       0      10        0.0%
BANK3               50      0       0      11        0.0%
BITSFR10             0      0       0      11        0.0%
SFR10                0      0       0      11        0.0%
BITBANK4            50      0       0      12        0.0%
BITSFR11             0      0       0      12        0.0%
SFR11                0      0       0      12        0.0%
BANK4               50      0       0      13        0.0%
BITSFR12             0      0       0      13        0.0%
SFR12                0      0       0      13        0.0%
BITSFR13             0      0       0      14        0.0%
SFR13                0      0       0      14        0.0%
ABS                  0      0       0      14        0.0%
BITBANK5            50      0       0      15        0.0%
BITSFR14             0      0       0      15        0.0%
SFR14                0      0       0      15        0.0%
BANK5               50      0       0      16        0.0%
BITSFR15             0      0       0      16        0.0%
SFR15                0      0       0      16        0.0%
BITBANK6            50      0       0      17        0.0%
BITSFR16             0      0       0      17        0.0%
SFR16                0      0       0      17        0.0%
BANK6               50      0       0      18        0.0%
BITSFR17             0      0       0      18        0.0%
SFR17                0      0       0      18        0.0%
BITBANK7            50      0       0      19        0.0%
BITSFR18             0      0       0      19        0.0%
SFR18                0      0       0      19        0.0%
BANK7               50      0       0      20        0.0%
BITSFR19             0      0       0      20        0.0%
SFR19                0      0       0      20        0.0%
BITBANK8            50      0       0      21        0.0%
BITSFR20             0      0       0      21        0.0%
SFR20                0      0       0      21        0.0%
BANK8               50      0       0      22        0.0%
BITSFR21             0      0       0      22        0.0%
SFR21                0      0       0      22        0.0%
BITBANK9            50      0       0      23        0.0%
BITSFR22             0      0       0      23        0.0%
SFR22                0      0       0      23        0.0%
BANK9               50      0       0      24        0.0%
BITSFR23             0      0       0      24        0.0%
SFR23                0      0       0      24        0.0%
BITBANK10           50      0       0      25        0.0%
BITSFR24             0      0       0      25        0.0%
SFR24                0      0       0      25        0.0%
BANK10              50      0       0      26        0.0%
BITSFR25             0      0       0      26        0.0%
SFR25                0      0       0      26        0.0%
BITBANK11           50      0       0      27        0.0%
BITSFR26             0      0       0      27        0.0%
SFR26                0      0       0      27        0.0%
BITSFR27             0      0       0      28        0.0%
SFR27                0      0       0      28        0.0%
DATA                 0      0       0      28        0.0%
BANK11              50      0       0      29        0.0%
BITSFR28             0      0       0      29        0.0%
SFR28                0      0       0      29        0.0%
BITBANK12           50      0       0      30        0.0%
BITSFR29             0      0       0      30        0.0%
SFR29                0      0       0      30        0.0%
BANK12              50      0       0      31        0.0%
BITSFR30             0      0       0      31        0.0%
SFR30                0      0       0      31        0.0%
BITBANK13           50      0       0      32        0.0%
BITSFR31             0      0       0      32        0.0%
SFR31                0      0       0      32        0.0%
BANK13              50      0       0      33        0.0%
BITBANK14           50      0       0      34        0.0%
BANK14              50      0       0      35        0.0%
BITBANK15           50      0       0      36        0.0%
BANK15              50      0       0      37        0.0%
BITBANK16           50      0       0      38        0.0%
BANK16              50      0       0      39        0.0%
BITBANK17           50      0       0      40        0.0%
BANK17              50      0       0      41        0.0%
BITBANK18           50      0       0      42        0.0%
BANK18              50      0       0      43        0.0%
BITBANK19           50      0       0      44        0.0%
BANK19              50      0       0      45        0.0%
BITBANK20           50      0       0      46        0.0%
BANK20              50      0       0      47        0.0%
BITBANK21           50      0       0      48        0.0%
BANK21              50      0       0      49        0.0%
BITBANK22           50      0       0      50        0.0%
BANK22              50      0       0      51        0.0%
BITBANK23           50      0       0      52        0.0%
BANK23              50      0       0      53        0.0%
BITBANK24           50      0       0      54        0.0%
BANK24              50      0       0      55        0.0%
BITBANK25           20      0       0      56        0.0%
BANK25              20      0       0      57        0.0%


Microchip Technology PIC Macro Assembler V2.46 build 20240104201356 
Symbol Table                                                                                   Thu Dec 25 16:15:14 2025

          _SPI_Initialize 077F                        l20 078E                        l64 07FC  
                      l92 0785                        l77 07A7                        l95 0794  
                      l98 0799                        u10 0798                        u11 0797  
                      u20 07C6                        u21 07C5                        u97 07B4  
                     l700 07F8                       l702 07F9                       l704 079B  
                     l706 079D                       l650 077F                       l730 07AD  
                     l722 07A8                       l708 07A5                       l652 0784  
                     l732 07B1                       l724 07AB                       l654 0790  
                     l670 07D7                       l662 07C9                       l734 07B9  
                     l656 0792                       l648 0786                       l680 07DD  
                     l672 07D8                       l664 07CC                       l736 07BD  
                     l658 0798                       l690 07E6                       l682 07DE  
                     l674 07D9                       l666 07D4                       l692 07EA  
                     l684 07E0                       l676 07DB                       l668 07D6  
                     l694 07EF                       l686 07E3                       l678 07DC  
                     l696 07F3                       l688 07E5                       l698 07F6  
                     u107 07CF                       wreg 0009                      _SCS0 04C8  
                    _SCS1 04C9                      _main 07A8                      btemp 007E  
                    start 0003            digiPot_write@v 0071    __end_of_SPI_Initialize 0786  
                   ?_main 0070                     _IRCF0 04CB                     _IRCF1 04CC  
                   _IRCF2 04CD                     _IRCF3 04CE                     wtemp0 007E  
            ?_internal_16 0070           ?_SPI_Initialize 0070           __initialization 07FD  
            __end_of_main 07C9                    ??_main 0072     __end_of_digiPot_write 07A8  
__end_of_SPI_Exchange8bit 079A                    _SPLLEN 04CF                    _SSPBUF 0211  
        __end_of_initMain 07FD   __end_of__initialization 07FD            __pcstackCOMMON 0070  
              __pmaintext 07A8                   _SSP1ADD 0212                   _PPSLOCK 0E0F  
        ??_SPI_Initialize 0070                 ?_initMain 0070                   __ptext1 07C9  
                 __ptext2 0786                   __ptext3 077F                   __ptext4 079A  
                 __ptext5 078F         ?_SPI_Exchange8bit 0070      end_of_initialization 07FD  
      ??_SPI_Exchange8bit 0070      SPI_Exchange8bit@data 0070                ??_initMain 0070  
               _TRISCbits 008E       start_initialization 07FD             _digiPot_write 079A  
               ___latbits 0003             ??_internal_16 0070            ?_digiPot_write 0070  
                _LATCbits 010E                  _SSP1CON1 0215       __end_of_internal_16 078F  
                _SSP1STAT 0214                 main@i_183 0073           ??_digiPot_write 0071  
              _ANSELCbits 018E              _SSP1CON1bits 0215                  _initMain 07C9  
           _SSPDATPPSbits 0E21               _internal_16 0786                _RC3PPSbits 0EA3  
              _RC5PPSbits 0EA5              _SSP1STATbits 0214               _PPSLOCKbits 0E0F  
        _SPI_Exchange8bit 078F  
