

Microchip MPLAB XC8 Assembler V2.46 build 20240104201356 
                                                                                               Fri Dec 26 01:14:37 2025

Microchip MPLAB XC8 C Compiler v2.46 (Free license) build 20240104201356 Og1 
     1                           	processor	16F1718
     2                           	pagewidth 120
     3                           	opt	flic
     4                           	psect	cinit,global,class=CODE,merge=1,delta=2
     5                           	psect	cstackCOMMON,global,class=COMMON,space=1,delta=1,noexec
     6                           	psect	maintext,global,class=CODE,merge=1,split=1,delta=2
     7                           	psect	text1,local,class=CODE,merge=1,delta=2
     8                           	psect	text2,local,class=CODE,merge=1,delta=2
     9                           	psect	text3,local,class=CODE,merge=1,inline,delta=2
    10                           	psect	text4,local,class=CODE,merge=1,inline,delta=2
    11                           	psect	config,global,abs,ovrld,class=CONFIG,space=4,delta=2,noexec
    12                           	dabs	1,0x7E,2
    13     0000                     
    14                           ; Generated 07/09/2023 GMT
    15                           ; 
    16                           ; Copyright © 2023, Microchip Technology Inc. and its subsidiaries ("Microchip")
    17                           ; All rights reserved.
    18                           ; 
    19                           ; This software is developed by Microchip Technology Inc. and its subsidiaries ("Microch
      +                          ip").
    20                           ; 
    21                           ; Redistribution and use in source and binary forms, with or without modification, are
    22                           ; permitted provided that the following conditions are met:
    23                           ; 
    24                           ;     1. Redistributions of source code must retain the above copyright notice, this lis
      +                          t of
    25                           ;        conditions and the following disclaimer.
    26                           ; 
    27                           ;     2. Redistributions in binary form must reproduce the above copyright notice, this 
      +                          list
    28                           ;        of conditions and the following disclaimer in the documentation and/or other
    29                           ;        materials provided with the distribution. Publication is not required when
    30                           ;        this file is used in an embedded application.
    31                           ; 
    32                           ;     3. Microchip's name may not be used to endorse or promote products derived from th
      +                          is
    33                           ;        software without specific prior written permission.
    34                           ; 
    35                           ; THIS SOFTWARE IS PROVIDED BY MICROCHIP "AS IS" AND ANY EXPRESS OR IMPLIED WARRANTIES,
    36                           ; INCLUDING, BUT NOT LIMITED TO, THE IMPLIED WARRANTIES OF MERCHANTABILITY AND FITNESS F
      +                          OR
    37                           ; PURPOSE ARE DISCLAIMED.  IN NO EVENT SHALL MICROCHIP BE LIABLE FOR ANY DIRECT, INDIREC
      +                          T,
    38                           ; INCIDENTAL, SPECIAL, EXEMPLARY, OR CONSEQUENTIAL DAMAGES (INCLUDING BUT NOT LIMITED TO
    39                           ; PROCUREMENT OF SUBSTITUTE GOODS OR SERVICES; LOSS OF USE, DATA OR PROFITS; OR BUSINESS
    40                           ; INTERRUPTION) HOWSOEVER CAUSED AND ON ANY THEORY OF LIABILITY, WHETHER IN CONTRACT, ST
      +                          RICT
    41                           ; LIABILITY, OR TORT (INCLUDING NEGLIGENCE OR OTHERWISE) ARISING IN ANY WAY OUT OF THE U
      +                          SE OF
    42                           ; THIS SOFTWARE, EVEN IF ADVISED OF THE POSSIBILITY OF SUCH DAMAGE.
    43                           ; 
    44                           ; 
    45                           ; Code-generator required, PIC16F1718 Definitions
    46                           ; 
    47                           ; SFR Addresses
    48     0000                     	;# 
    49     0001                     	;# 
    50     0002                     	;# 
    51     0003                     	;# 
    52     0004                     	;# 
    53     0005                     	;# 
    54     0006                     	;# 
    55     0007                     	;# 
    56     0008                     	;# 
    57     0009                     	;# 
    58     000A                     	;# 
    59     000B                     	;# 
    60     000C                     	;# 
    61     000D                     	;# 
    62     000E                     	;# 
    63     0010                     	;# 
    64     0011                     	;# 
    65     0012                     	;# 
    66     0013                     	;# 
    67     0015                     	;# 
    68     0016                     	;# 
    69     0016                     	;# 
    70     0017                     	;# 
    71     0018                     	;# 
    72     0019                     	;# 
    73     001A                     	;# 
    74     001B                     	;# 
    75     001C                     	;# 
    76     008C                     	;# 
    77     008D                     	;# 
    78     008E                     	;# 
    79     0090                     	;# 
    80     0091                     	;# 
    81     0092                     	;# 
    82     0093                     	;# 
    83     0095                     	;# 
    84     0096                     	;# 
    85     0097                     	;# 
    86     0098                     	;# 
    87     0099                     	;# 
    88     009A                     	;# 
    89     009B                     	;# 
    90     009B                     	;# 
    91     009C                     	;# 
    92     009D                     	;# 
    93     009E                     	;# 
    94     009F                     	;# 
    95     010C                     	;# 
    96     010D                     	;# 
    97     010E                     	;# 
    98     0111                     	;# 
    99     0112                     	;# 
   100     0113                     	;# 
   101     0114                     	;# 
   102     0115                     	;# 
   103     0116                     	;# 
   104     0117                     	;# 
   105     0118                     	;# 
   106     0119                     	;# 
   107     011A                     	;# 
   108     011B                     	;# 
   109     011B                     	;# 
   110     011C                     	;# 
   111     018C                     	;# 
   112     018D                     	;# 
   113     018E                     	;# 
   114     0191                     	;# 
   115     0191                     	;# 
   116     0192                     	;# 
   117     0193                     	;# 
   118     0193                     	;# 
   119     0194                     	;# 
   120     0195                     	;# 
   121     0196                     	;# 
   122     0197                     	;# 
   123     0199                     	;# 
   124     0199                     	;# 
   125     0199                     	;# 
   126     019A                     	;# 
   127     019A                     	;# 
   128     019A                     	;# 
   129     019B                     	;# 
   130     019B                     	;# 
   131     019B                     	;# 
   132     019B                     	;# 
   133     019B                     	;# 
   134     019C                     	;# 
   135     019C                     	;# 
   136     019C                     	;# 
   137     019D                     	;# 
   138     019D                     	;# 
   139     019D                     	;# 
   140     019E                     	;# 
   141     019E                     	;# 
   142     019E                     	;# 
   143     019F                     	;# 
   144     019F                     	;# 
   145     019F                     	;# 
   146     019F                     	;# 
   147     019F                     	;# 
   148     020C                     	;# 
   149     020D                     	;# 
   150     020E                     	;# 
   151     0210                     	;# 
   152     0211                     	;# 
   153     0211                     	;# 
   154     0212                     	;# 
   155     0212                     	;# 
   156     0213                     	;# 
   157     0213                     	;# 
   158     0214                     	;# 
   159     0214                     	;# 
   160     0215                     	;# 
   161     0215                     	;# 
   162     0215                     	;# 
   163     0215                     	;# 
   164     0216                     	;# 
   165     0216                     	;# 
   166     0217                     	;# 
   167     0217                     	;# 
   168     028C                     	;# 
   169     028D                     	;# 
   170     028E                     	;# 
   171     0291                     	;# 
   172     0291                     	;# 
   173     0292                     	;# 
   174     0293                     	;# 
   175     0293                     	;# 
   176     0298                     	;# 
   177     0298                     	;# 
   178     0299                     	;# 
   179     029A                     	;# 
   180     029A                     	;# 
   181     029E                     	;# 
   182     030C                     	;# 
   183     030D                     	;# 
   184     030E                     	;# 
   185     038C                     	;# 
   186     038D                     	;# 
   187     038E                     	;# 
   188     0390                     	;# 
   189     0391                     	;# 
   190     0392                     	;# 
   191     0393                     	;# 
   192     0394                     	;# 
   193     0395                     	;# 
   194     0396                     	;# 
   195     0397                     	;# 
   196     0398                     	;# 
   197     0399                     	;# 
   198     039D                     	;# 
   199     039E                     	;# 
   200     039F                     	;# 
   201     0415                     	;# 
   202     0416                     	;# 
   203     0417                     	;# 
   204     041C                     	;# 
   205     041D                     	;# 
   206     041E                     	;# 
   207     0498                     	;# 
   208     0498                     	;# 
   209     0499                     	;# 
   210     049A                     	;# 
   211     049B                     	;# 
   212     049B                     	;# 
   213     049C                     	;# 
   214     049D                     	;# 
   215     049E                     	;# 
   216     049F                     	;# 
   217     0511                     	;# 
   218     0515                     	;# 
   219     0617                     	;# 
   220     0618                     	;# 
   221     0619                     	;# 
   222     0619                     	;# 
   223     061A                     	;# 
   224     061B                     	;# 
   225     061C                     	;# 
   226     061C                     	;# 
   227     0691                     	;# 
   228     0692                     	;# 
   229     0693                     	;# 
   230     0694                     	;# 
   231     0695                     	;# 
   232     0696                     	;# 
   233     0697                     	;# 
   234     0698                     	;# 
   235     0699                     	;# 
   236     069A                     	;# 
   237     069B                     	;# 
   238     069C                     	;# 
   239     069D                     	;# 
   240     069E                     	;# 
   241     069F                     	;# 
   242     0E0F                     	;# 
   243     0E10                     	;# 
   244     0E11                     	;# 
   245     0E12                     	;# 
   246     0E13                     	;# 
   247     0E14                     	;# 
   248     0E15                     	;# 
   249     0E17                     	;# 
   250     0E20                     	;# 
   251     0E21                     	;# 
   252     0E22                     	;# 
   253     0E24                     	;# 
   254     0E25                     	;# 
   255     0E28                     	;# 
   256     0E29                     	;# 
   257     0E2A                     	;# 
   258     0E2B                     	;# 
   259     0E90                     	;# 
   260     0E91                     	;# 
   261     0E92                     	;# 
   262     0E93                     	;# 
   263     0E94                     	;# 
   264     0E95                     	;# 
   265     0E96                     	;# 
   266     0E97                     	;# 
   267     0E98                     	;# 
   268     0E99                     	;# 
   269     0E9A                     	;# 
   270     0E9B                     	;# 
   271     0E9C                     	;# 
   272     0E9D                     	;# 
   273     0E9E                     	;# 
   274     0E9F                     	;# 
   275     0EA0                     	;# 
   276     0EA1                     	;# 
   277     0EA2                     	;# 
   278     0EA3                     	;# 
   279     0EA4                     	;# 
   280     0EA5                     	;# 
   281     0EA6                     	;# 
   282     0EA7                     	;# 
   283     0F0F                     	;# 
   284     0F10                     	;# 
   285     0F11                     	;# 
   286     0F12                     	;# 
   287     0F13                     	;# 
   288     0F14                     	;# 
   289     0F15                     	;# 
   290     0F16                     	;# 
   291     0F17                     	;# 
   292     0F18                     	;# 
   293     0F19                     	;# 
   294     0F1A                     	;# 
   295     0F1B                     	;# 
   296     0F1C                     	;# 
   297     0F1D                     	;# 
   298     0F1E                     	;# 
   299     0F1F                     	;# 
   300     0F20                     	;# 
   301     0F21                     	;# 
   302     0F22                     	;# 
   303     0F23                     	;# 
   304     0F24                     	;# 
   305     0F25                     	;# 
   306     0F26                     	;# 
   307     0F27                     	;# 
   308     0F28                     	;# 
   309     0F29                     	;# 
   310     0F2A                     	;# 
   311     0F2B                     	;# 
   312     0F2C                     	;# 
   313     0F2D                     	;# 
   314     0F2E                     	;# 
   315     0F2F                     	;# 
   316     0F30                     	;# 
   317     0F31                     	;# 
   318     0F32                     	;# 
   319     0F33                     	;# 
   320     0F34                     	;# 
   321     0F35                     	;# 
   322     0F36                     	;# 
   323     0F37                     	;# 
   324     0FE4                     	;# 
   325     0FE5                     	;# 
   326     0FE6                     	;# 
   327     0FE7                     	;# 
   328     0FE8                     	;# 
   329     0FE9                     	;# 
   330     0FEA                     	;# 
   331     0FEB                     	;# 
   332     0FED                     	;# 
   333     0FEE                     	;# 
   334     0FEF                     	;# 
   335     0000                     	;# 
   336     0001                     	;# 
   337     0002                     	;# 
   338     0003                     	;# 
   339     0004                     	;# 
   340     0005                     	;# 
   341     0006                     	;# 
   342     0007                     	;# 
   343     0008                     	;# 
   344     0009                     	;# 
   345     000A                     	;# 
   346     000B                     	;# 
   347     000C                     	;# 
   348     000D                     	;# 
   349     000E                     	;# 
   350     0010                     	;# 
   351     0011                     	;# 
   352     0012                     	;# 
   353     0013                     	;# 
   354     0015                     	;# 
   355     0016                     	;# 
   356     0016                     	;# 
   357     0017                     	;# 
   358     0018                     	;# 
   359     0019                     	;# 
   360     001A                     	;# 
   361     001B                     	;# 
   362     001C                     	;# 
   363     008C                     	;# 
   364     008D                     	;# 
   365     008E                     	;# 
   366     0090                     	;# 
   367     0091                     	;# 
   368     0092                     	;# 
   369     0093                     	;# 
   370     0095                     	;# 
   371     0096                     	;# 
   372     0097                     	;# 
   373     0098                     	;# 
   374     0099                     	;# 
   375     009A                     	;# 
   376     009B                     	;# 
   377     009B                     	;# 
   378     009C                     	;# 
   379     009D                     	;# 
   380     009E                     	;# 
   381     009F                     	;# 
   382     010C                     	;# 
   383     010D                     	;# 
   384     010E                     	;# 
   385     0111                     	;# 
   386     0112                     	;# 
   387     0113                     	;# 
   388     0114                     	;# 
   389     0115                     	;# 
   390     0116                     	;# 
   391     0117                     	;# 
   392     0118                     	;# 
   393     0119                     	;# 
   394     011A                     	;# 
   395     011B                     	;# 
   396     011B                     	;# 
   397     011C                     	;# 
   398     018C                     	;# 
   399     018D                     	;# 
   400     018E                     	;# 
   401     0191                     	;# 
   402     0191                     	;# 
   403     0192                     	;# 
   404     0193                     	;# 
   405     0193                     	;# 
   406     0194                     	;# 
   407     0195                     	;# 
   408     0196                     	;# 
   409     0197                     	;# 
   410     0199                     	;# 
   411     0199                     	;# 
   412     0199                     	;# 
   413     019A                     	;# 
   414     019A                     	;# 
   415     019A                     	;# 
   416     019B                     	;# 
   417     019B                     	;# 
   418     019B                     	;# 
   419     019B                     	;# 
   420     019B                     	;# 
   421     019C                     	;# 
   422     019C                     	;# 
   423     019C                     	;# 
   424     019D                     	;# 
   425     019D                     	;# 
   426     019D                     	;# 
   427     019E                     	;# 
   428     019E                     	;# 
   429     019E                     	;# 
   430     019F                     	;# 
   431     019F                     	;# 
   432     019F                     	;# 
   433     019F                     	;# 
   434     019F                     	;# 
   435     020C                     	;# 
   436     020D                     	;# 
   437     020E                     	;# 
   438     0210                     	;# 
   439     0211                     	;# 
   440     0211                     	;# 
   441     0212                     	;# 
   442     0212                     	;# 
   443     0213                     	;# 
   444     0213                     	;# 
   445     0214                     	;# 
   446     0214                     	;# 
   447     0215                     	;# 
   448     0215                     	;# 
   449     0215                     	;# 
   450     0215                     	;# 
   451     0216                     	;# 
   452     0216                     	;# 
   453     0217                     	;# 
   454     0217                     	;# 
   455     028C                     	;# 
   456     028D                     	;# 
   457     028E                     	;# 
   458     0291                     	;# 
   459     0291                     	;# 
   460     0292                     	;# 
   461     0293                     	;# 
   462     0293                     	;# 
   463     0298                     	;# 
   464     0298                     	;# 
   465     0299                     	;# 
   466     029A                     	;# 
   467     029A                     	;# 
   468     029E                     	;# 
   469     030C                     	;# 
   470     030D                     	;# 
   471     030E                     	;# 
   472     038C                     	;# 
   473     038D                     	;# 
   474     038E                     	;# 
   475     0390                     	;# 
   476     0391                     	;# 
   477     0392                     	;# 
   478     0393                     	;# 
   479     0394                     	;# 
   480     0395                     	;# 
   481     0396                     	;# 
   482     0397                     	;# 
   483     0398                     	;# 
   484     0399                     	;# 
   485     039D                     	;# 
   486     039E                     	;# 
   487     039F                     	;# 
   488     0415                     	;# 
   489     0416                     	;# 
   490     0417                     	;# 
   491     041C                     	;# 
   492     041D                     	;# 
   493     041E                     	;# 
   494     0498                     	;# 
   495     0498                     	;# 
   496     0499                     	;# 
   497     049A                     	;# 
   498     049B                     	;# 
   499     049B                     	;# 
   500     049C                     	;# 
   501     049D                     	;# 
   502     049E                     	;# 
   503     049F                     	;# 
   504     0511                     	;# 
   505     0515                     	;# 
   506     0617                     	;# 
   507     0618                     	;# 
   508     0619                     	;# 
   509     0619                     	;# 
   510     061A                     	;# 
   511     061B                     	;# 
   512     061C                     	;# 
   513     061C                     	;# 
   514     0691                     	;# 
   515     0692                     	;# 
   516     0693                     	;# 
   517     0694                     	;# 
   518     0695                     	;# 
   519     0696                     	;# 
   520     0697                     	;# 
   521     0698                     	;# 
   522     0699                     	;# 
   523     069A                     	;# 
   524     069B                     	;# 
   525     069C                     	;# 
   526     069D                     	;# 
   527     069E                     	;# 
   528     069F                     	;# 
   529     0E0F                     	;# 
   530     0E10                     	;# 
   531     0E11                     	;# 
   532     0E12                     	;# 
   533     0E13                     	;# 
   534     0E14                     	;# 
   535     0E15                     	;# 
   536     0E17                     	;# 
   537     0E20                     	;# 
   538     0E21                     	;# 
   539     0E22                     	;# 
   540     0E24                     	;# 
   541     0E25                     	;# 
   542     0E28                     	;# 
   543     0E29                     	;# 
   544     0E2A                     	;# 
   545     0E2B                     	;# 
   546     0E90                     	;# 
   547     0E91                     	;# 
   548     0E92                     	;# 
   549     0E93                     	;# 
   550     0E94                     	;# 
   551     0E95                     	;# 
   552     0E96                     	;# 
   553     0E97                     	;# 
   554     0E98                     	;# 
   555     0E99                     	;# 
   556     0E9A                     	;# 
   557     0E9B                     	;# 
   558     0E9C                     	;# 
   559     0E9D                     	;# 
   560     0E9E                     	;# 
   561     0E9F                     	;# 
   562     0EA0                     	;# 
   563     0EA1                     	;# 
   564     0EA2                     	;# 
   565     0EA3                     	;# 
   566     0EA4                     	;# 
   567     0EA5                     	;# 
   568     0EA6                     	;# 
   569     0EA7                     	;# 
   570     0F0F                     	;# 
   571     0F10                     	;# 
   572     0F11                     	;# 
   573     0F12                     	;# 
   574     0F13                     	;# 
   575     0F14                     	;# 
   576     0F15                     	;# 
   577     0F16                     	;# 
   578     0F17                     	;# 
   579     0F18                     	;# 
   580     0F19                     	;# 
   581     0F1A                     	;# 
   582     0F1B                     	;# 
   583     0F1C                     	;# 
   584     0F1D                     	;# 
   585     0F1E                     	;# 
   586     0F1F                     	;# 
   587     0F20                     	;# 
   588     0F21                     	;# 
   589     0F22                     	;# 
   590     0F23                     	;# 
   591     0F24                     	;# 
   592     0F25                     	;# 
   593     0F26                     	;# 
   594     0F27                     	;# 
   595     0F28                     	;# 
   596     0F29                     	;# 
   597     0F2A                     	;# 
   598     0F2B                     	;# 
   599     0F2C                     	;# 
   600     0F2D                     	;# 
   601     0F2E                     	;# 
   602     0F2F                     	;# 
   603     0F30                     	;# 
   604     0F31                     	;# 
   605     0F32                     	;# 
   606     0F33                     	;# 
   607     0F34                     	;# 
   608     0F35                     	;# 
   609     0F36                     	;# 
   610     0F37                     	;# 
   611     0FE4                     	;# 
   612     0FE5                     	;# 
   613     0FE6                     	;# 
   614     0FE7                     	;# 
   615     0FE8                     	;# 
   616     0FE9                     	;# 
   617     0FEA                     	;# 
   618     0FEB                     	;# 
   619     0FED                     	;# 
   620     0FEE                     	;# 
   621     0FEF                     	;# 
   622     008D                     _TRISBbits	set	141
   623     008C                     _TRISAbits	set	140
   624     04CF                     _SPLLEN	set	1231
   625     04CE                     _IRCF3	set	1230
   626     04CD                     _IRCF2	set	1229
   627     04CC                     _IRCF1	set	1228
   628     04CB                     _IRCF0	set	1227
   629     04C9                     _SCS1	set	1225
   630     04C8                     _SCS0	set	1224
   631     018D                     _ANSELBbits	set	397
   632     018C                     _ANSELAbits	set	396
   633     0E29                     _CLCIN1PPS	set	3625
   634     0E28                     _CLCIN0PPS	set	3624
   635     0E0F                     _PPSLOCKbits	set	3599
   636     0E0F                     _PPSLOCK	set	3599
   637     0E9A                     _RB2PPS	set	3738
   638     0F11                     _CLC1POL	set	3857
   639     0F19                     _CLC1GLS3	set	3865
   640     0F18                     _CLC1GLS2	set	3864
   641     0F17                     _CLC1GLS1	set	3863
   642     0F16                     _CLC1GLS0	set	3862
   643     0F15                     _CLC1SEL3	set	3861
   644     0F14                     _CLC1SEL2	set	3860
   645     0F13                     _CLC1SEL1	set	3859
   646     0F12                     _CLC1SEL0	set	3858
   647     0F10                     _CLC1CONbits	set	3856
   648                           
   649                           	psect	cinit
   650     07FD                     start_initialization:	
   651                           ; #config settings
   652                           
   653     07FD                     __initialization:
   654     07FD                     end_of_initialization:	
   655                           ;End of C runtime variable initialization code
   656                           
   657     07FD                     __end_of__initialization:
   658     07FD  0020               	movlb	0
   659     07FE  3187  2FBF         	ljmp	_main	;jump to C main() function
   660                           
   661                           	psect	cstackCOMMON
   662     0070                     __pcstackCOMMON:
   663     0070                     ?_internal_32:
   664     0070                     ??_internal_32:	
   665                           ; 1 bytes @ 0x0
   666                           
   667     0070                     ?_PPS_Unlock:	
   668                           ; 1 bytes @ 0x0
   669                           
   670     0070                     ??_PPS_Unlock:	
   671                           ; 1 bytes @ 0x0
   672                           
   673     0070                     ?_PPS_Lock:	
   674                           ; 1 bytes @ 0x0
   675                           
   676     0070                     ??_PPS_Lock:	
   677                           ; 1 bytes @ 0x0
   678                           
   679     0070                     ?_CLC1_Init_OR_RA0_RA1_to_RB2:	
   680                           ; 1 bytes @ 0x0
   681                           
   682     0070                     ??_CLC1_Init_OR_RA0_RA1_to_RB2:	
   683                           ; 1 bytes @ 0x0
   684                           
   685     0070                     ?_main:	
   686                           ; 1 bytes @ 0x0
   687                           
   688     0070                     ??_main:	
   689                           ; 1 bytes @ 0x0
   690                           
   691                           
   692                           ; 1 bytes @ 0x0
   693     0070                     	ds	2
   694                           
   695                           	psect	maintext
   696     07BF                     __pmaintext:	
   697 ;;
   698 ;;Main: autosize = 0, tempsize = 2, incstack = 0, save=0
   699 ;;
   700 ;; *************** function _main *****************
   701 ;; Defined at:
   702 ;;		line 74 in file "main.c"
   703 ;; Parameters:    Size  Location     Type
   704 ;;		None
   705 ;; Auto vars:     Size  Location     Type
   706 ;;		None
   707 ;; Return value:  Size  Location     Type
   708 ;;                  1    wreg      void 
   709 ;; Registers used:
   710 ;;		wreg, status,2, status,0, pclath, cstack
   711 ;; Tracked objects:
   712 ;;		On entry : B1F/0
   713 ;;		On exit  : 0/0
   714 ;;		Unchanged: 0/0
   715 ;; Data sizes:     COMMON   BANK0   BANK1   BANK2   BANK3   BANK4   BANK5   BANK6   BANK7   BANK8   BANK9  BANK10  BANK1
      +1  BANK12  BANK13  BANK14  BANK15  BANK16  BANK17  BANK18  BANK19  BANK20  BANK21  BANK22  BANK23  BANK24  BANK25
   716 ;;      Params:         0       0       0       0       0       0       0       0       0       0       0       0       
      +0       0       0       0       0       0       0       0       0       0       0       0       0       0       0
   717 ;;      Locals:         0       0       0       0       0       0       0       0       0       0       0       0       
      +0       0       0       0       0       0       0       0       0       0       0       0       0       0       0
   718 ;;      Temps:          2       0       0       0       0       0       0       0       0       0       0       0       
      +0       0       0       0       0       0       0       0       0       0       0       0       0       0       0
   719 ;;      Totals:         2       0       0       0       0       0       0       0       0       0       0       0       
      +0       0       0       0       0       0       0       0       0       0       0       0       0       0       0
   720 ;;Total ram usage:        2 bytes
   721 ;; Hardware stack levels required when called: 2
   722 ;; This function calls:
   723 ;;		_CLC1_Init_OR_RA0_RA1_to_RB2
   724 ;;		_internal_32
   725 ;; This function is called by:
   726 ;;		Startup code after reset
   727 ;; This function uses a non-reentrant model
   728 ;;
   729                           
   730     07BF                     _main:	
   731                           ;psect for function _main
   732                           
   733     07BF                     l676:	
   734                           ;incstack = 0
   735                           ; Regs used in _main: [wreg+status,2+status,0+pclath+cstack]
   736                           
   737                           
   738                           ;main.c: 76:     internal_32();
   739     07BF  3187  27B6  3187   	fcall	_internal_32
   740     07C2                     l678:
   741                           
   742                           ;main.c: 77:     _delay((unsigned long)((100)*(32000000/4000.0)));
   743     07C2  3005               	movlw	5
   744     07C3  00F1               	movwf	??_main+1
   745     07C4  300F               	movlw	15
   746     07C5  00F0               	movwf	??_main
   747     07C6  30F1               	movlw	241
   748     07C7                     u17:
   749     07C7  0B89               	decfsz	9,f
   750     07C8  2FC7               	goto	u17
   751     07C9  0BF0               	decfsz	??_main,f
   752     07CA  2FC7               	goto	u17
   753     07CB  0BF1               	decfsz	??_main+1,f
   754     07CC  2FC7               	goto	u17
   755     07CD  0000               	nop
   756                           
   757                           ;main.c: 79:     CLC1_Init_OR_RA0_RA1_to_RB2();
   758     07CE  3187  27D4  3187   	fcall	_CLC1_Init_OR_RA0_RA1_to_RB2
   759     07D1                     l91:	
   760                           ;main.c: 81:     while(1){;}
   761                           
   762     07D1                     l92:
   763     07D1  2FD1               	goto	l91
   764     07D2  3180  2803         	ljmp	start
   765     07D4                     __end_of_main:
   766                           
   767                           	psect	text1
   768     07B6                     __ptext1:	
   769 ;; *************** function _internal_32 *****************
   770 ;; Defined at:
   771 ;;		line 36 in file "PIC16F1718_Internal.c"
   772 ;; Parameters:    Size  Location     Type
   773 ;;		None
   774 ;; Auto vars:     Size  Location     Type
   775 ;;		None
   776 ;; Return value:  Size  Location     Type
   777 ;;                  1    wreg      void 
   778 ;; Registers used:
   779 ;;		None
   780 ;; Tracked objects:
   781 ;;		On entry : 0/0
   782 ;;		On exit  : 0/0
   783 ;;		Unchanged: 0/0
   784 ;; Data sizes:     COMMON   BANK0   BANK1   BANK2   BANK3   BANK4   BANK5   BANK6   BANK7   BANK8   BANK9  BANK10  BANK1
      +1  BANK12  BANK13  BANK14  BANK15  BANK16  BANK17  BANK18  BANK19  BANK20  BANK21  BANK22  BANK23  BANK24  BANK25
   785 ;;      Params:         0       0       0       0       0       0       0       0       0       0       0       0       
      +0       0       0       0       0       0       0       0       0       0       0       0       0       0       0
   786 ;;      Locals:         0       0       0       0       0       0       0       0       0       0       0       0       
      +0       0       0       0       0       0       0       0       0       0       0       0       0       0       0
   787 ;;      Temps:          0       0       0       0       0       0       0       0       0       0       0       0       
      +0       0       0       0       0       0       0       0       0       0       0       0       0       0       0
   788 ;;      Totals:         0       0       0       0       0       0       0       0       0       0       0       0       
      +0       0       0       0       0       0       0       0       0       0       0       0       0       0       0
   789 ;;Total ram usage:        0 bytes
   790 ;; Hardware stack levels used: 1
   791 ;; This function calls:
   792 ;;		Nothing
   793 ;; This function is called by:
   794 ;;		_main
   795 ;; This function uses a non-reentrant model
   796 ;;
   797                           
   798     07B6                     _internal_32:	
   799                           ;psect for function _internal_32
   800                           
   801     07B6                     l628:	
   802                           ;incstack = 0
   803                           ; Regs used in _internal_32: []
   804                           
   805                           
   806                           ;PIC16F1718_Internal.c: 38:     SCS0 = 0;
   807     07B6  0021               	movlb	1	; select bank1
   808     07B7  1019               	bcf	25,0	;volatile
   809                           
   810                           ;PIC16F1718_Internal.c: 39:     SCS1 = 0;
   811     07B8  1099               	bcf	25,1	;volatile
   812                           
   813                           ;PIC16F1718_Internal.c: 42:     IRCF0 = 0;
   814     07B9  1199               	bcf	25,3	;volatile
   815                           
   816                           ;PIC16F1718_Internal.c: 43:     IRCF1 = 1;
   817     07BA  1619               	bsf	25,4	;volatile
   818                           
   819                           ;PIC16F1718_Internal.c: 44:     IRCF2 = 1;
   820     07BB  1699               	bsf	25,5	;volatile
   821                           
   822                           ;PIC16F1718_Internal.c: 45:     IRCF3 = 1;
   823     07BC  1719               	bsf	25,6	;volatile
   824                           
   825                           ;PIC16F1718_Internal.c: 48:     SPLLEN = 1;
   826     07BD  1799               	bsf	25,7	;volatile
   827     07BE                     l17:
   828     07BE  0008               	return
   829     07BF                     __end_of_internal_32:
   830                           
   831                           	psect	text2
   832     07D4                     __ptext2:	
   833 ;; *************** function _CLC1_Init_OR_RA0_RA1_to_RB2 *****************
   834 ;; Defined at:
   835 ;;		line 20 in file "main.c"
   836 ;; Parameters:    Size  Location     Type
   837 ;;		None
   838 ;; Auto vars:     Size  Location     Type
   839 ;;		None
   840 ;; Return value:  Size  Location     Type
   841 ;;                  1    wreg      void 
   842 ;; Registers used:
   843 ;;		wreg, status,2, status,0, pclath, cstack
   844 ;; Tracked objects:
   845 ;;		On entry : 0/0
   846 ;;		On exit  : 0/0
   847 ;;		Unchanged: 0/0
   848 ;; Data sizes:     COMMON   BANK0   BANK1   BANK2   BANK3   BANK4   BANK5   BANK6   BANK7   BANK8   BANK9  BANK10  BANK1
      +1  BANK12  BANK13  BANK14  BANK15  BANK16  BANK17  BANK18  BANK19  BANK20  BANK21  BANK22  BANK23  BANK24  BANK25
   849 ;;      Params:         0       0       0       0       0       0       0       0       0       0       0       0       
      +0       0       0       0       0       0       0       0       0       0       0       0       0       0       0
   850 ;;      Locals:         0       0       0       0       0       0       0       0       0       0       0       0       
      +0       0       0       0       0       0       0       0       0       0       0       0       0       0       0
   851 ;;      Temps:          0       0       0       0       0       0       0       0       0       0       0       0       
      +0       0       0       0       0       0       0       0       0       0       0       0       0       0       0
   852 ;;      Totals:         0       0       0       0       0       0       0       0       0       0       0       0       
      +0       0       0       0       0       0       0       0       0       0       0       0       0       0       0
   853 ;;Total ram usage:        0 bytes
   854 ;; Hardware stack levels used: 1
   855 ;; Hardware stack levels required when called: 1
   856 ;; This function calls:
   857 ;;		_PPS_Lock
   858 ;;		_PPS_Unlock
   859 ;; This function is called by:
   860 ;;		_main
   861 ;; This function uses a non-reentrant model
   862 ;;
   863                           
   864     07D4                     _CLC1_Init_OR_RA0_RA1_to_RB2:	
   865                           ;psect for function _CLC1_Init_OR_RA0_RA1_to_RB2
   866                           
   867     07D4                     l630:	
   868                           ;incstack = 0
   869                           ; Regs used in _CLC1_Init_OR_RA0_RA1_to_RB2: [wreg+status,2+status,0+pclath+cstack]
   870                           
   871                           
   872                           ;main.c: 23:     ANSELAbits.ANSA0 = 0;
   873     07D4  0023               	movlb	3	; select bank3
   874     07D5  100C               	bcf	12,0	;volatile
   875                           
   876                           ;main.c: 24:     ANSELAbits.ANSA1 = 0;
   877     07D6  108C               	bcf	12,1	;volatile
   878                           
   879                           ;main.c: 25:     TRISAbits.TRISA0 = 1;
   880     07D7  0021               	movlb	1	; select bank1
   881     07D8  140C               	bsf	12,0	;volatile
   882                           
   883                           ;main.c: 26:     TRISAbits.TRISA1 = 1;
   884     07D9  148C               	bsf	12,1	;volatile
   885                           
   886                           ;main.c: 28:     ANSELBbits.ANSB2 = 0;
   887     07DA  0023               	movlb	3	; select bank3
   888     07DB  110D               	bcf	13,2	;volatile
   889                           
   890                           ;main.c: 29:     TRISBbits.TRISB2 = 0;
   891     07DC  0021               	movlb	1	; select bank1
   892     07DD  110D               	bcf	13,2	;volatile
   893     07DE                     l632:
   894                           
   895                           ;main.c: 32:     PPS_Unlock();
   896     07DE  3187  27AF  3187   	fcall	_PPS_Unlock
   897     07E1                     l634:
   898                           
   899                           ;main.c: 35:     CLCIN0PPS = ( ((0) << 3) | ((0) & 0x07) );
   900     07E1  003C               	movlb	28	; select bank28
   901     07E2  01A8               	clrf	40	;volatile
   902     07E3                     l636:
   903                           
   904                           ;main.c: 36:     CLCIN1PPS = ( ((0) << 3) | ((1) & 0x07) );
   905     07E3  3001               	movlw	1
   906     07E4  00A9               	movwf	41	;volatile
   907     07E5                     l638:
   908                           
   909                           ;main.c: 39:     RB2PPS = 0x04;
   910     07E5  3004               	movlw	4
   911     07E6  003D               	movlb	29	; select bank29
   912     07E7  009A               	movwf	26	;volatile
   913     07E8                     l640:
   914                           
   915                           ;main.c: 41:     PPS_Lock();
   916     07E8  3187  27A8  3187   	fcall	_PPS_Lock
   917     07EB                     l642:
   918                           
   919                           ;main.c: 44:     CLC1CONbits.LC1EN = 0;
   920     07EB  003E               	movlb	30	; select bank30
   921     07EC  1390               	bcf	16,7	;volatile
   922                           
   923                           ;main.c: 51:     CLC1SEL0 = 0x00;
   924     07ED  0192               	clrf	18	;volatile
   925     07EE                     l644:
   926                           
   927                           ;main.c: 52:     CLC1SEL1 = 0x01;
   928     07EE  3001               	movlw	1
   929     07EF  0093               	movwf	19	;volatile
   930     07F0                     l646:
   931                           
   932                           ;main.c: 53:     CLC1SEL2 = 0x00;
   933     07F0  0194               	clrf	20	;volatile
   934     07F1                     l648:
   935                           
   936                           ;main.c: 54:     CLC1SEL3 = 0x00;
   937     07F1  0195               	clrf	21	;volatile
   938     07F2                     l650:
   939                           
   940                           ;main.c: 59:     CLC1GLS0 = 0x02;
   941     07F2  3002               	movlw	2
   942     07F3  0096               	movwf	22	;volatile
   943     07F4                     l652:
   944                           
   945                           ;main.c: 60:     CLC1GLS1 = 0x08;
   946     07F4  3008               	movlw	8
   947     07F5  0097               	movwf	23	;volatile
   948     07F6                     l654:
   949                           
   950                           ;main.c: 61:     CLC1GLS2 = 0x00;
   951     07F6  0198               	clrf	24	;volatile
   952     07F7                     l656:
   953                           
   954                           ;main.c: 62:     CLC1GLS3 = 0x00;
   955     07F7  0199               	clrf	25	;volatile
   956     07F8                     l658:
   957                           
   958                           ;main.c: 65:     CLC1POL = 0x00;
   959     07F8  0191               	clrf	17	;volatile
   960     07F9                     l660:
   961                           
   962                           ;main.c: 68:     CLC1CONbits.LC1MODE = 0b000;
   963     07F9  30F8               	movlw	-8
   964     07FA  0590               	andwf	16,f	;volatile
   965     07FB                     l662:
   966                           
   967                           ;main.c: 71:     CLC1CONbits.LC1EN = 1;
   968     07FB  1790               	bsf	16,7	;volatile
   969     07FC                     l86:
   970     07FC  0008               	return
   971     07FD                     __end_of_CLC1_Init_OR_RA0_RA1_to_RB2:
   972                           
   973                           	psect	text3
   974     07AF                     __ptext3:	
   975 ;; *************** function _PPS_Unlock *****************
   976 ;; Defined at:
   977 ;;		line 3 in file "main.c"
   978 ;; Parameters:    Size  Location     Type
   979 ;;		None
   980 ;; Auto vars:     Size  Location     Type
   981 ;;		None
   982 ;; Return value:  Size  Location     Type
   983 ;;                  1    wreg      void 
   984 ;; Registers used:
   985 ;;		wreg
   986 ;; Tracked objects:
   987 ;;		On entry : 0/0
   988 ;;		On exit  : 0/0
   989 ;;		Unchanged: 0/0
   990 ;; Data sizes:     COMMON   BANK0   BANK1   BANK2   BANK3   BANK4   BANK5   BANK6   BANK7   BANK8   BANK9  BANK10  BANK1
      +1  BANK12  BANK13  BANK14  BANK15  BANK16  BANK17  BANK18  BANK19  BANK20  BANK21  BANK22  BANK23  BANK24  BANK25
   991 ;;      Params:         0       0       0       0       0       0       0       0       0       0       0       0       
      +0       0       0       0       0       0       0       0       0       0       0       0       0       0       0
   992 ;;      Locals:         0       0       0       0       0       0       0       0       0       0       0       0       
      +0       0       0       0       0       0       0       0       0       0       0       0       0       0       0
   993 ;;      Temps:          0       0       0       0       0       0       0       0       0       0       0       0       
      +0       0       0       0       0       0       0       0       0       0       0       0       0       0       0
   994 ;;      Totals:         0       0       0       0       0       0       0       0       0       0       0       0       
      +0       0       0       0       0       0       0       0       0       0       0       0       0       0       0
   995 ;;Total ram usage:        0 bytes
   996 ;; Hardware stack levels used: 1
   997 ;; This function calls:
   998 ;;		Nothing
   999 ;; This function is called by:
  1000 ;;		_CLC1_Init_OR_RA0_RA1_to_RB2
  1001 ;; This function uses a non-reentrant model
  1002 ;;
  1003                           
  1004     07AF                     _PPS_Unlock:	
  1005                           ;psect for function _PPS_Unlock
  1006                           
  1007     07AF                     l620:	
  1008                           ;incstack = 0
  1009                           ; Regs used in _PPS_Unlock: [wreg]
  1010                           
  1011                           
  1012                           ;main.c: 5:     PPSLOCK = 0x55;
  1013     07AF  3055               	movlw	85
  1014     07B0  003C               	movlb	28	; select bank28
  1015     07B1  008F               	movwf	15	;volsfr
  1016                           
  1017                           ;main.c: 6:     PPSLOCK = 0xAA;
  1018     07B2  30AA               	movlw	170
  1019     07B3  008F               	movwf	15	;volsfr
  1020     07B4                     l622:
  1021                           
  1022                           ;main.c: 7:     PPSLOCKbits.PPSLOCKED = 0;
  1023     07B4  100F               	bcf	15,0	;volsfr
  1024     07B5                     l80:
  1025     07B5  0008               	return
  1026     07B6                     __end_of_PPS_Unlock:
  1027                           
  1028                           	psect	text4
  1029     07A8                     __ptext4:	
  1030 ;; *************** function _PPS_Lock *****************
  1031 ;; Defined at:
  1032 ;;		line 10 in file "main.c"
  1033 ;; Parameters:    Size  Location     Type
  1034 ;;		None
  1035 ;; Auto vars:     Size  Location     Type
  1036 ;;		None
  1037 ;; Return value:  Size  Location     Type
  1038 ;;                  1    wreg      void 
  1039 ;; Registers used:
  1040 ;;		wreg
  1041 ;; Tracked objects:
  1042 ;;		On entry : 0/0
  1043 ;;		On exit  : 0/0
  1044 ;;		Unchanged: 0/0
  1045 ;; Data sizes:     COMMON   BANK0   BANK1   BANK2   BANK3   BANK4   BANK5   BANK6   BANK7   BANK8   BANK9  BANK10  BANK1
      +1  BANK12  BANK13  BANK14  BANK15  BANK16  BANK17  BANK18  BANK19  BANK20  BANK21  BANK22  BANK23  BANK24  BANK25
  1046 ;;      Params:         0       0       0       0       0       0       0       0       0       0       0       0       
      +0       0       0       0       0       0       0       0       0       0       0       0       0       0       0
  1047 ;;      Locals:         0       0       0       0       0       0       0       0       0       0       0       0       
      +0       0       0       0       0       0       0       0       0       0       0       0       0       0       0
  1048 ;;      Temps:          0       0       0       0       0       0       0       0       0       0       0       0       
      +0       0       0       0       0       0       0       0       0       0       0       0       0       0       0
  1049 ;;      Totals:         0       0       0       0       0       0       0       0       0       0       0       0       
      +0       0       0       0       0       0       0       0       0       0       0       0       0       0       0
  1050 ;;Total ram usage:        0 bytes
  1051 ;; Hardware stack levels used: 1
  1052 ;; This function calls:
  1053 ;;		Nothing
  1054 ;; This function is called by:
  1055 ;;		_CLC1_Init_OR_RA0_RA1_to_RB2
  1056 ;; This function uses a non-reentrant model
  1057 ;;
  1058                           
  1059     07A8                     _PPS_Lock:	
  1060                           ;psect for function _PPS_Lock
  1061                           
  1062     07A8                     l624:	
  1063                           ;incstack = 0
  1064                           ; Regs used in _PPS_Lock: [wreg]
  1065                           
  1066                           
  1067                           ;main.c: 12:     PPSLOCK = 0x55;
  1068     07A8  3055               	movlw	85
  1069     07A9  003C               	movlb	28	; select bank28
  1070     07AA  008F               	movwf	15	;volsfr
  1071                           
  1072                           ;main.c: 13:     PPSLOCK = 0xAA;
  1073     07AB  30AA               	movlw	170
  1074     07AC  008F               	movwf	15	;volsfr
  1075     07AD                     l626:
  1076                           
  1077                           ;main.c: 14:     PPSLOCKbits.PPSLOCKED = 1;
  1078     07AD  140F               	bsf	15,0	;volsfr
  1079     07AE                     l83:
  1080     07AE  0008               	return
  1081     07AF                     __end_of_PPS_Lock:
  1082     007E                     btemp	set	126	;btemp
  1083     007E                     wtemp0	set	126
  1084                           
  1085                           	psect	config
  1086                           
  1087                           ;Config register CONFIG1 @ 0x8007
  1088                           ;	Oscillator Selection Bits
  1089                           ;	FOSC = INTOSC, INTOSC oscillator: I/O function on CLKIN pin
  1090                           ;	Watchdog Timer Enable
  1091                           ;	WDTE = OFF, WDT disabled
  1092                           ;	Power-up Timer Enable
  1093                           ;	PWRTE = OFF, PWRT disabled
  1094                           ;	MCLR Pin Function Select
  1095                           ;	MCLRE = OFF, MCLR/VPP pin function is digital input if LVP bit is also 0.
  1096                           ;	Flash Program Memory Code Protection
  1097                           ;	CP = OFF, Program memory code protection is disabled
  1098                           ;	Brown-out Reset Enable
  1099                           ;	BOREN = OFF, Brown-out Reset disabled
  1100                           ;	Clock Out Enable
  1101                           ;	CLKOUTEN = OFF, CLKOUT function is disabled. I/O or oscillator function on the CLKOUT 
      +                          pin
  1102                           ;	Internal/External Switchover Mode
  1103                           ;	IESO = ON, Internal/External Switchover Mode is enabled
  1104                           ;	Fail-Safe Clock Monitor Enable
  1105                           ;	FCMEN = OFF, Fail-Safe Clock Monitor is disabled
  1106     8007                     	org	32775
  1107     8007  19A4               	dw	6564
  1108                           
  1109                           ;Config register CONFIG2 @ 0x8008
  1110                           ;	Flash Memory Self-Write Protection
  1111                           ;	WRT = OFF, Write protection off
  1112                           ;	Peripheral Pin Select one-way control
  1113                           ;	PPS1WAY = ON, The PPSLOCK bit cannot be cleared once it is set by software
  1114                           ;	Zero-cross detect disable
  1115                           ;	ZCDDIS = ON, ZCD disabled. ZCD can be enabled by setting the ZCDSEN bit of ZCDCON
  1116                           ;	Phase Lock Loop enable
  1117                           ;	PLLEN = OFF, 4x PLL is disabled
  1118                           ;	Stack Overflow/Underflow Reset Enable
  1119                           ;	STVREN = ON, Stack Overflow or Underflow will cause a Reset
  1120                           ;	Brown-out Reset Voltage Selection
  1121                           ;	BORV = LO, Brown-out Reset Voltage (Vbor), low trip point selected.
  1122                           ;	Low-Power Brown Out Reset
  1123                           ;	LPBOR = OFF, Low-Power BOR is disabled
  1124                           ;	In-Circuit Debugger Mode
  1125                           ;	DEBUG = 0x1, unprogrammed default
  1126                           ;	Low-Voltage Programming Enable
  1127                           ;	LVP = OFF, High-voltage on MCLR/VPP must be used for programming
  1128     8008                     	org	32776
  1129     8008  1EFF               	dw	7935

Data Sizes:
    Strings     0
    Constant    0
    Data        0
    BSS         0
    Persistent  32
    Stack       0

Auto Spaces:
    Space          Size  Autos    Used
    COMMON           14      2       2
    BANK0            80      0       0
    BANK1            80      0       0
    BANK2            80      0       0
    BANK3            80      0       0
    BANK4            80      0       0
    BANK5            80      0       0
    BANK6            80      0       0
    BANK7            80      0       0
    BANK8            80      0       0
    BANK9            80      0       0
    BANK10           80      0       0
    BANK11           80      0       0
    BANK12           80      0       0
    BANK13           80      0       0
    BANK14           80      0       0
    BANK15           80      0       0
    BANK16           80      0       0
    BANK17           80      0       0
    BANK18           80      0       0
    BANK19           80      0       0
    BANK20           80      0       0
    BANK21           80      0       0
    BANK22           80      0       0
    BANK23           80      0       0
    BANK24           80      0       0
    BANK25           32      0       0

Pointer List with Targets:

    None.

Critical Paths under _main in COMMON

    None.

Critical Paths under _main in BANK0

    None.

Critical Paths under _main in BANK1

    None.

Critical Paths under _main in BANK2

    None.

Critical Paths under _main in BANK3

    None.

Critical Paths under _main in BANK4

    None.

Critical Paths under _main in BANK5

    None.

Critical Paths under _main in BANK6

    None.

Critical Paths under _main in BANK7

    None.

Critical Paths under _main in BANK8

    None.

Critical Paths under _main in BANK9

    None.

Critical Paths under _main in BANK10

    None.

Critical Paths under _main in BANK11

    None.

Critical Paths under _main in BANK12

    None.

Critical Paths under _main in BANK13

    None.

Critical Paths under _main in BANK14

    None.

Critical Paths under _main in BANK15

    None.

Critical Paths under _main in BANK16

    None.

Critical Paths under _main in BANK17

    None.

Critical Paths under _main in BANK18

    None.

Critical Paths under _main in BANK19

    None.

Critical Paths under _main in BANK20

    None.

Critical Paths under _main in BANK21

    None.

Critical Paths under _main in BANK22

    None.

Critical Paths under _main in BANK23

    None.

Critical Paths under _main in BANK24

    None.

Critical Paths under _main in BANK25

    None.

Call Graph Tables:

 ---------------------------------------------------------------------------------
 (Depth) Function   	        Calls       Base Space   Used Autos Params    Refs
 ---------------------------------------------------------------------------------
 (0) _main                                                 2     2      0       0
                                              0 COMMON     2     2      0
        _CLC1_Init_OR_RA0_RA1_to_RB2
                        _internal_32
 ---------------------------------------------------------------------------------
 (1) _internal_32                                          0     0      0       0
 ---------------------------------------------------------------------------------
 (1) _CLC1_Init_OR_RA0_RA1_to_RB2                          0     0      0       0
                           _PPS_Lock
                         _PPS_Unlock
 ---------------------------------------------------------------------------------
 (2) _PPS_Unlock                                           0     0      0       0
 ---------------------------------------------------------------------------------
 (2) _PPS_Lock                                             0     0      0       0
 ---------------------------------------------------------------------------------
 Estimated maximum stack depth 2
 ---------------------------------------------------------------------------------

 Call Graph Graphs:

 _main (ROOT)
   _CLC1_Init_OR_RA0_RA1_to_RB2
     _PPS_Lock
     _PPS_Unlock
   _internal_32

 Address spaces:
Name               Size   Autos  Total    Cost      Usage
BIGRAM             7F0      0       0       0        0.0%
NULL                 0      0       0       0        0.0%
CODE                 0      0       0       0        0.0%
BITCOMMON            E      0       0       1        0.0%
BITSFR0              0      0       0       1        0.0%
SFR0                 0      0       0       1        0.0%
COMMON               E      2       2       2       14.3%
BITSFR1              0      0       0       2        0.0%
SFR1                 0      0       0       2        0.0%
BITSFR2              0      0       0       3        0.0%
SFR2                 0      0       0       3        0.0%
STACK                0      0       0       3        0.0%
BITBANK0            50      0       0       4        0.0%
BITSFR3              0      0       0       4        0.0%
SFR3                 0      0       0       4        0.0%
BANK0               50      0       0       5        0.0%
BITSFR4              0      0       0       5        0.0%
SFR4                 0      0       0       5        0.0%
BITBANK1            50      0       0       6        0.0%
BITSFR5              0      0       0       6        0.0%
SFR5                 0      0       0       6        0.0%
BANK1               50      0       0       7        0.0%
BITSFR6              0      0       0       7        0.0%
SFR6                 0      0       0       7        0.0%
BITBANK2            50      0       0       8        0.0%
BITSFR7              0      0       0       8        0.0%
SFR7                 0      0       0       8        0.0%
BANK2               50      0       0       9        0.0%
BITSFR8              0      0       0       9        0.0%
SFR8                 0      0       0       9        0.0%
BITBANK3            50      0       0      10        0.0%
BITSFR9              0      0       0      10        0.0%
SFR9                 0      0       0      10        0.0%
BANK3               50      0       0      11        0.0%
BITSFR10             0      0       0      11        0.0%
SFR10                0      0       0      11        0.0%
BITBANK4            50      0       0      12        0.0%
BITSFR11             0      0       0      12        0.0%
SFR11                0      0       0      12        0.0%
BANK4               50      0       0      13        0.0%
BITSFR12             0      0       0      13        0.0%
SFR12                0      0       0      13        0.0%
BITSFR13             0      0       0      14        0.0%
SFR13                0      0       0      14        0.0%
ABS                  0      0       0      14        0.0%
BITBANK5            50      0       0      15        0.0%
BITSFR14             0      0       0      15        0.0%
SFR14                0      0       0      15        0.0%
BANK5               50      0       0      16        0.0%
BITSFR15             0      0       0      16        0.0%
SFR15                0      0       0      16        0.0%
BITBANK6            50      0       0      17        0.0%
BITSFR16             0      0       0      17        0.0%
SFR16                0      0       0      17        0.0%
BANK6               50      0       0      18        0.0%
BITSFR17             0      0       0      18        0.0%
SFR17                0      0       0      18        0.0%
BITBANK7            50      0       0      19        0.0%
BITSFR18             0      0       0      19        0.0%
SFR18                0      0       0      19        0.0%
BANK7               50      0       0      20        0.0%
BITSFR19             0      0       0      20        0.0%
SFR19                0      0       0      20        0.0%
BITBANK8            50      0       0      21        0.0%
BITSFR20             0      0       0      21        0.0%
SFR20                0      0       0      21        0.0%
BANK8               50      0       0      22        0.0%
BITSFR21             0      0       0      22        0.0%
SFR21                0      0       0      22        0.0%
BITBANK9            50      0       0      23        0.0%
BITSFR22             0      0       0      23        0.0%
SFR22                0      0       0      23        0.0%
BANK9               50      0       0      24        0.0%
BITSFR23             0      0       0      24        0.0%
SFR23                0      0       0      24        0.0%
BITBANK10           50      0       0      25        0.0%
BITSFR24             0      0       0      25        0.0%
SFR24                0      0       0      25        0.0%
BANK10              50      0       0      26        0.0%
BITSFR25             0      0       0      26        0.0%
SFR25                0      0       0      26        0.0%
BITBANK11           50      0       0      27        0.0%
BITSFR26             0      0       0      27        0.0%
SFR26                0      0       0      27        0.0%
BITSFR27             0      0       0      28        0.0%
SFR27                0      0       0      28        0.0%
DATA                 0      0       0      28        0.0%
BANK11              50      0       0      29        0.0%
BITSFR28             0      0       0      29        0.0%
SFR28                0      0       0      29        0.0%
BITBANK12           50      0       0      30        0.0%
BITSFR29             0      0       0      30        0.0%
SFR29                0      0       0      30        0.0%
BANK12              50      0       0      31        0.0%
BITSFR30             0      0       0      31        0.0%
SFR30                0      0       0      31        0.0%
BITBANK13           50      0       0      32        0.0%
BITSFR31             0      0       0      32        0.0%
SFR31                0      0       0      32        0.0%
BANK13              50      0       0      33        0.0%
BITBANK14           50      0       0      34        0.0%
BANK14              50      0       0      35        0.0%
BITBANK15           50      0       0      36        0.0%
BANK15              50      0       0      37        0.0%
BITBANK16           50      0       0      38        0.0%
BANK16              50      0       0      39        0.0%
BITBANK17           50      0       0      40        0.0%
BANK17              50      0       0      41        0.0%
BITBANK18           50      0       0      42        0.0%
BANK18              50      0       0      43        0.0%
BITBANK19           50      0       0      44        0.0%
BANK19              50      0       0      45        0.0%
BITBANK20           50      0       0      46        0.0%
BANK20              50      0       0      47        0.0%
BITBANK21           50      0       0      48        0.0%
BANK21              50      0       0      49        0.0%
BITBANK22           50      0       0      50        0.0%
BANK22              50      0       0      51        0.0%
BITBANK23           50      0       0      52        0.0%
BANK23              50      0       0      53        0.0%
BITBANK24           50      0       0      54        0.0%
BANK24              50      0       0      55        0.0%
BITBANK25           20      0       0      56        0.0%
BANK25              20      0       0      57        0.0%


Microchip Technology PIC Macro Assembler V2.46 build 20240104201356 
Symbol Table                                                                                   Fri Dec 26 01:14:37 2025

                         _PPS_Unlock 07AF                                   l17 07BE  
                                 l80 07B5                                   l83 07AE  
                                 l91 07D1                                   l92 07D1  
                                 l86 07FC                                   u17 07C7  
                                l620 07AF                                  l622 07B4  
                                l630 07D4                                  l624 07A8  
                                l640 07E8                                  l632 07DE  
                                l626 07AD                                  l650 07F2  
                                l642 07EB                                  l634 07E1  
                                l660 07F9                                  l652 07F4  
                                l644 07EE                                  l636 07E3  
                                l628 07B6                                  l662 07FB  
                                l654 07F6                                  l646 07F0  
                                l638 07E5                                  l656 07F7  
                                l648 07F1                                  l658 07F8  
                                l676 07BF                                  l678 07C2  
                                wreg 0009                                 _SCS0 04C8  
                               _SCS1 04C9                                 _main 07BF  
                               btemp 007E                                 start 0003  
                              ?_main 0070                                _IRCF0 04CB  
                              _IRCF1 04CC                                _IRCF2 04CD  
                              _IRCF3 04CE                     __end_of_PPS_Lock 07AF  
                              wtemp0 007E                         ?_internal_32 0070  
                    __initialization 07FD                          ?_PPS_Unlock 0070  
                       __end_of_main 07D4                               ??_main 0070  
                             _RB2PPS 0E9A                               _SPLLEN 04CF  
__end_of_CLC1_Init_OR_RA0_RA1_to_RB2 07FD          _CLC1_Init_OR_RA0_RA1_to_RB2 07D4  
      ??_CLC1_Init_OR_RA0_RA1_to_RB2 0070              __end_of__initialization 07FD  
                     __pcstackCOMMON 0070                            ?_PPS_Lock 0070  
                         __pmaintext 07BF                              _CLC1POL 0F11  
                         ??_PPS_Lock 0070                              _PPSLOCK 0E0F  
                          _CLCIN0PPS 0E28                            _CLCIN1PPS 0E29  
                       ??_PPS_Unlock 0070                              __ptext1 07B6  
                            __ptext2 07D4                              __ptext3 07AF  
                            __ptext4 07A8                   __end_of_PPS_Unlock 07B6  
               end_of_initialization 07FD                            _TRISAbits 008C  
                          _TRISBbits 008D                          _CLC1CONbits 0F10  
                start_initialization 07FD                            ___latbits 0003  
                      ??_internal_32 0070                             _CLC1GLS0 0F16  
                           _CLC1GLS1 0F17                             _CLC1GLS2 0F18  
                           _CLC1GLS3 0F19                             _CLC1SEL0 0F12  
                           _CLC1SEL1 0F13                             _CLC1SEL2 0F14  
                           _CLC1SEL3 0F15                  __end_of_internal_32 07BF  
                           _PPS_Lock 07A8         ?_CLC1_Init_OR_RA0_RA1_to_RB2 0070  
                         _ANSELAbits 018C                           _ANSELBbits 018D  
                        _internal_32 07B6                          _PPSLOCKbits 0E0F  
