

Microchip MPLAB XC8 Assembler V2.46 build 20240104201356 
                                                                                               Fri Jan 30 12:12:06 2026

Microchip MPLAB XC8 C Compiler v2.46 (Free license) build 20240104201356 Og1 
     1                           	processor	16F1718
     2                           	pagewidth 120
     3                           	opt	flic
     4                           	psect	stringtext1,global,class=STRCODE,delta=2,noexec
     5                           	psect	stringtext2,global,class=STRCODE,delta=2,noexec
     6                           	psect	cinit,global,class=CODE,merge=1,delta=2
     7                           	psect	bssBANK0,global,class=BANK0,space=1,delta=1,noexec
     8                           	psect	cstackCOMMON,global,class=COMMON,space=1,delta=1,noexec
     9                           	psect	cstackBANK0,global,class=BANK0,space=1,delta=1,noexec
    10                           	psect	maintext,global,class=CODE,merge=1,split=1,delta=2
    11                           	psect	text1,local,class=CODE,merge=1,delta=2
    12                           	psect	text2,local,class=CODE,merge=1,delta=2
    13                           	psect	text3,local,class=CODE,merge=1,delta=2
    14                           	psect	text4,local,class=CODE,merge=1,delta=2
    15                           	psect	text5,local,class=CODE,merge=1,delta=2
    16                           	psect	intentry,global,class=CODE,delta=2
    17                           	psect	config,global,abs,ovrld,class=CONFIG,space=4,delta=2,noexec
    18                           	dabs	1,0x7E,2
    19     0000                     
    20                           ; Generated 07/09/2023 GMT
    21                           ; 
    22                           ; Copyright © 2023, Microchip Technology Inc. and its subsidiaries ("Microchip")
    23                           ; All rights reserved.
    24                           ; 
    25                           ; This software is developed by Microchip Technology Inc. and its subsidiaries ("Microch
      +                          ip").
    26                           ; 
    27                           ; Redistribution and use in source and binary forms, with or without modification, are
    28                           ; permitted provided that the following conditions are met:
    29                           ; 
    30                           ;     1. Redistributions of source code must retain the above copyright notice, this lis
      +                          t of
    31                           ;        conditions and the following disclaimer.
    32                           ; 
    33                           ;     2. Redistributions in binary form must reproduce the above copyright notice, this 
      +                          list
    34                           ;        of conditions and the following disclaimer in the documentation and/or other
    35                           ;        materials provided with the distribution. Publication is not required when
    36                           ;        this file is used in an embedded application.
    37                           ; 
    38                           ;     3. Microchip's name may not be used to endorse or promote products derived from th
      +                          is
    39                           ;        software without specific prior written permission.
    40                           ; 
    41                           ; THIS SOFTWARE IS PROVIDED BY MICROCHIP "AS IS" AND ANY EXPRESS OR IMPLIED WARRANTIES,
    42                           ; INCLUDING, BUT NOT LIMITED TO, THE IMPLIED WARRANTIES OF MERCHANTABILITY AND FITNESS F
      +                          OR
    43                           ; PURPOSE ARE DISCLAIMED.  IN NO EVENT SHALL MICROCHIP BE LIABLE FOR ANY DIRECT, INDIREC
      +                          T,
    44                           ; INCIDENTAL, SPECIAL, EXEMPLARY, OR CONSEQUENTIAL DAMAGES (INCLUDING BUT NOT LIMITED TO
    45                           ; PROCUREMENT OF SUBSTITUTE GOODS OR SERVICES; LOSS OF USE, DATA OR PROFITS; OR BUSINESS
    46                           ; INTERRUPTION) HOWSOEVER CAUSED AND ON ANY THEORY OF LIABILITY, WHETHER IN CONTRACT, ST
      +                          RICT
    47                           ; LIABILITY, OR TORT (INCLUDING NEGLIGENCE OR OTHERWISE) ARISING IN ANY WAY OUT OF THE U
      +                          SE OF
    48                           ; THIS SOFTWARE, EVEN IF ADVISED OF THE POSSIBILITY OF SUCH DAMAGE.
    49                           ; 
    50                           ; 
    51                           ; Code-generator required, PIC16F1718 Definitions
    52                           ; 
    53                           ; SFR Addresses
    54     0000                     	;# 
    55     0001                     	;# 
    56     0002                     	;# 
    57     0003                     	;# 
    58     0004                     	;# 
    59     0005                     	;# 
    60     0006                     	;# 
    61     0007                     	;# 
    62     0008                     	;# 
    63     0009                     	;# 
    64     000A                     	;# 
    65     000B                     	;# 
    66     000C                     	;# 
    67     000D                     	;# 
    68     000E                     	;# 
    69     0010                     	;# 
    70     0011                     	;# 
    71     0012                     	;# 
    72     0013                     	;# 
    73     0015                     	;# 
    74     0016                     	;# 
    75     0016                     	;# 
    76     0017                     	;# 
    77     0018                     	;# 
    78     0019                     	;# 
    79     001A                     	;# 
    80     001B                     	;# 
    81     001C                     	;# 
    82     008C                     	;# 
    83     008D                     	;# 
    84     008E                     	;# 
    85     0090                     	;# 
    86     0091                     	;# 
    87     0092                     	;# 
    88     0093                     	;# 
    89     0095                     	;# 
    90     0096                     	;# 
    91     0097                     	;# 
    92     0098                     	;# 
    93     0099                     	;# 
    94     009A                     	;# 
    95     009B                     	;# 
    96     009B                     	;# 
    97     009C                     	;# 
    98     009D                     	;# 
    99     009E                     	;# 
   100     009F                     	;# 
   101     010C                     	;# 
   102     010D                     	;# 
   103     010E                     	;# 
   104     0111                     	;# 
   105     0112                     	;# 
   106     0113                     	;# 
   107     0114                     	;# 
   108     0115                     	;# 
   109     0116                     	;# 
   110     0117                     	;# 
   111     0118                     	;# 
   112     0119                     	;# 
   113     011A                     	;# 
   114     011B                     	;# 
   115     011B                     	;# 
   116     011C                     	;# 
   117     018C                     	;# 
   118     018D                     	;# 
   119     018E                     	;# 
   120     0191                     	;# 
   121     0191                     	;# 
   122     0192                     	;# 
   123     0193                     	;# 
   124     0193                     	;# 
   125     0194                     	;# 
   126     0195                     	;# 
   127     0196                     	;# 
   128     0197                     	;# 
   129     0199                     	;# 
   130     0199                     	;# 
   131     0199                     	;# 
   132     019A                     	;# 
   133     019A                     	;# 
   134     019A                     	;# 
   135     019B                     	;# 
   136     019B                     	;# 
   137     019B                     	;# 
   138     019B                     	;# 
   139     019B                     	;# 
   140     019C                     	;# 
   141     019C                     	;# 
   142     019C                     	;# 
   143     019D                     	;# 
   144     019D                     	;# 
   145     019D                     	;# 
   146     019E                     	;# 
   147     019E                     	;# 
   148     019E                     	;# 
   149     019F                     	;# 
   150     019F                     	;# 
   151     019F                     	;# 
   152     019F                     	;# 
   153     019F                     	;# 
   154     020C                     	;# 
   155     020D                     	;# 
   156     020E                     	;# 
   157     0210                     	;# 
   158     0211                     	;# 
   159     0211                     	;# 
   160     0212                     	;# 
   161     0212                     	;# 
   162     0213                     	;# 
   163     0213                     	;# 
   164     0214                     	;# 
   165     0214                     	;# 
   166     0215                     	;# 
   167     0215                     	;# 
   168     0215                     	;# 
   169     0215                     	;# 
   170     0216                     	;# 
   171     0216                     	;# 
   172     0217                     	;# 
   173     0217                     	;# 
   174     028C                     	;# 
   175     028D                     	;# 
   176     028E                     	;# 
   177     0291                     	;# 
   178     0291                     	;# 
   179     0292                     	;# 
   180     0293                     	;# 
   181     0293                     	;# 
   182     0298                     	;# 
   183     0298                     	;# 
   184     0299                     	;# 
   185     029A                     	;# 
   186     029A                     	;# 
   187     029E                     	;# 
   188     030C                     	;# 
   189     030D                     	;# 
   190     030E                     	;# 
   191     038C                     	;# 
   192     038D                     	;# 
   193     038E                     	;# 
   194     0390                     	;# 
   195     0391                     	;# 
   196     0392                     	;# 
   197     0393                     	;# 
   198     0394                     	;# 
   199     0395                     	;# 
   200     0396                     	;# 
   201     0397                     	;# 
   202     0398                     	;# 
   203     0399                     	;# 
   204     039D                     	;# 
   205     039E                     	;# 
   206     039F                     	;# 
   207     0415                     	;# 
   208     0416                     	;# 
   209     0417                     	;# 
   210     041C                     	;# 
   211     041D                     	;# 
   212     041E                     	;# 
   213     0498                     	;# 
   214     0498                     	;# 
   215     0499                     	;# 
   216     049A                     	;# 
   217     049B                     	;# 
   218     049B                     	;# 
   219     049C                     	;# 
   220     049D                     	;# 
   221     049E                     	;# 
   222     049F                     	;# 
   223     0511                     	;# 
   224     0515                     	;# 
   225     0617                     	;# 
   226     0618                     	;# 
   227     0619                     	;# 
   228     0619                     	;# 
   229     061A                     	;# 
   230     061B                     	;# 
   231     061C                     	;# 
   232     061C                     	;# 
   233     0691                     	;# 
   234     0692                     	;# 
   235     0693                     	;# 
   236     0694                     	;# 
   237     0695                     	;# 
   238     0696                     	;# 
   239     0697                     	;# 
   240     0698                     	;# 
   241     0699                     	;# 
   242     069A                     	;# 
   243     069B                     	;# 
   244     069C                     	;# 
   245     069D                     	;# 
   246     069E                     	;# 
   247     069F                     	;# 
   248     0E0F                     	;# 
   249     0E10                     	;# 
   250     0E11                     	;# 
   251     0E12                     	;# 
   252     0E13                     	;# 
   253     0E14                     	;# 
   254     0E15                     	;# 
   255     0E17                     	;# 
   256     0E20                     	;# 
   257     0E21                     	;# 
   258     0E22                     	;# 
   259     0E24                     	;# 
   260     0E25                     	;# 
   261     0E28                     	;# 
   262     0E29                     	;# 
   263     0E2A                     	;# 
   264     0E2B                     	;# 
   265     0E90                     	;# 
   266     0E91                     	;# 
   267     0E92                     	;# 
   268     0E93                     	;# 
   269     0E94                     	;# 
   270     0E95                     	;# 
   271     0E96                     	;# 
   272     0E97                     	;# 
   273     0E98                     	;# 
   274     0E99                     	;# 
   275     0E9A                     	;# 
   276     0E9B                     	;# 
   277     0E9C                     	;# 
   278     0E9D                     	;# 
   279     0E9E                     	;# 
   280     0E9F                     	;# 
   281     0EA0                     	;# 
   282     0EA1                     	;# 
   283     0EA2                     	;# 
   284     0EA3                     	;# 
   285     0EA4                     	;# 
   286     0EA5                     	;# 
   287     0EA6                     	;# 
   288     0EA7                     	;# 
   289     0F0F                     	;# 
   290     0F10                     	;# 
   291     0F11                     	;# 
   292     0F12                     	;# 
   293     0F13                     	;# 
   294     0F14                     	;# 
   295     0F15                     	;# 
   296     0F16                     	;# 
   297     0F17                     	;# 
   298     0F18                     	;# 
   299     0F19                     	;# 
   300     0F1A                     	;# 
   301     0F1B                     	;# 
   302     0F1C                     	;# 
   303     0F1D                     	;# 
   304     0F1E                     	;# 
   305     0F1F                     	;# 
   306     0F20                     	;# 
   307     0F21                     	;# 
   308     0F22                     	;# 
   309     0F23                     	;# 
   310     0F24                     	;# 
   311     0F25                     	;# 
   312     0F26                     	;# 
   313     0F27                     	;# 
   314     0F28                     	;# 
   315     0F29                     	;# 
   316     0F2A                     	;# 
   317     0F2B                     	;# 
   318     0F2C                     	;# 
   319     0F2D                     	;# 
   320     0F2E                     	;# 
   321     0F2F                     	;# 
   322     0F30                     	;# 
   323     0F31                     	;# 
   324     0F32                     	;# 
   325     0F33                     	;# 
   326     0F34                     	;# 
   327     0F35                     	;# 
   328     0F36                     	;# 
   329     0F37                     	;# 
   330     0FE4                     	;# 
   331     0FE5                     	;# 
   332     0FE6                     	;# 
   333     0FE7                     	;# 
   334     0FE8                     	;# 
   335     0FE9                     	;# 
   336     0FEA                     	;# 
   337     0FEB                     	;# 
   338     0FED                     	;# 
   339     0FEE                     	;# 
   340     0FEF                     	;# 
   341     0000                     	;# 
   342     0001                     	;# 
   343     0002                     	;# 
   344     0003                     	;# 
   345     0004                     	;# 
   346     0005                     	;# 
   347     0006                     	;# 
   348     0007                     	;# 
   349     0008                     	;# 
   350     0009                     	;# 
   351     000A                     	;# 
   352     000B                     	;# 
   353     000C                     	;# 
   354     000D                     	;# 
   355     000E                     	;# 
   356     0010                     	;# 
   357     0011                     	;# 
   358     0012                     	;# 
   359     0013                     	;# 
   360     0015                     	;# 
   361     0016                     	;# 
   362     0016                     	;# 
   363     0017                     	;# 
   364     0018                     	;# 
   365     0019                     	;# 
   366     001A                     	;# 
   367     001B                     	;# 
   368     001C                     	;# 
   369     008C                     	;# 
   370     008D                     	;# 
   371     008E                     	;# 
   372     0090                     	;# 
   373     0091                     	;# 
   374     0092                     	;# 
   375     0093                     	;# 
   376     0095                     	;# 
   377     0096                     	;# 
   378     0097                     	;# 
   379     0098                     	;# 
   380     0099                     	;# 
   381     009A                     	;# 
   382     009B                     	;# 
   383     009B                     	;# 
   384     009C                     	;# 
   385     009D                     	;# 
   386     009E                     	;# 
   387     009F                     	;# 
   388     010C                     	;# 
   389     010D                     	;# 
   390     010E                     	;# 
   391     0111                     	;# 
   392     0112                     	;# 
   393     0113                     	;# 
   394     0114                     	;# 
   395     0115                     	;# 
   396     0116                     	;# 
   397     0117                     	;# 
   398     0118                     	;# 
   399     0119                     	;# 
   400     011A                     	;# 
   401     011B                     	;# 
   402     011B                     	;# 
   403     011C                     	;# 
   404     018C                     	;# 
   405     018D                     	;# 
   406     018E                     	;# 
   407     0191                     	;# 
   408     0191                     	;# 
   409     0192                     	;# 
   410     0193                     	;# 
   411     0193                     	;# 
   412     0194                     	;# 
   413     0195                     	;# 
   414     0196                     	;# 
   415     0197                     	;# 
   416     0199                     	;# 
   417     0199                     	;# 
   418     0199                     	;# 
   419     019A                     	;# 
   420     019A                     	;# 
   421     019A                     	;# 
   422     019B                     	;# 
   423     019B                     	;# 
   424     019B                     	;# 
   425     019B                     	;# 
   426     019B                     	;# 
   427     019C                     	;# 
   428     019C                     	;# 
   429     019C                     	;# 
   430     019D                     	;# 
   431     019D                     	;# 
   432     019D                     	;# 
   433     019E                     	;# 
   434     019E                     	;# 
   435     019E                     	;# 
   436     019F                     	;# 
   437     019F                     	;# 
   438     019F                     	;# 
   439     019F                     	;# 
   440     019F                     	;# 
   441     020C                     	;# 
   442     020D                     	;# 
   443     020E                     	;# 
   444     0210                     	;# 
   445     0211                     	;# 
   446     0211                     	;# 
   447     0212                     	;# 
   448     0212                     	;# 
   449     0213                     	;# 
   450     0213                     	;# 
   451     0214                     	;# 
   452     0214                     	;# 
   453     0215                     	;# 
   454     0215                     	;# 
   455     0215                     	;# 
   456     0215                     	;# 
   457     0216                     	;# 
   458     0216                     	;# 
   459     0217                     	;# 
   460     0217                     	;# 
   461     028C                     	;# 
   462     028D                     	;# 
   463     028E                     	;# 
   464     0291                     	;# 
   465     0291                     	;# 
   466     0292                     	;# 
   467     0293                     	;# 
   468     0293                     	;# 
   469     0298                     	;# 
   470     0298                     	;# 
   471     0299                     	;# 
   472     029A                     	;# 
   473     029A                     	;# 
   474     029E                     	;# 
   475     030C                     	;# 
   476     030D                     	;# 
   477     030E                     	;# 
   478     038C                     	;# 
   479     038D                     	;# 
   480     038E                     	;# 
   481     0390                     	;# 
   482     0391                     	;# 
   483     0392                     	;# 
   484     0393                     	;# 
   485     0394                     	;# 
   486     0395                     	;# 
   487     0396                     	;# 
   488     0397                     	;# 
   489     0398                     	;# 
   490     0399                     	;# 
   491     039D                     	;# 
   492     039E                     	;# 
   493     039F                     	;# 
   494     0415                     	;# 
   495     0416                     	;# 
   496     0417                     	;# 
   497     041C                     	;# 
   498     041D                     	;# 
   499     041E                     	;# 
   500     0498                     	;# 
   501     0498                     	;# 
   502     0499                     	;# 
   503     049A                     	;# 
   504     049B                     	;# 
   505     049B                     	;# 
   506     049C                     	;# 
   507     049D                     	;# 
   508     049E                     	;# 
   509     049F                     	;# 
   510     0511                     	;# 
   511     0515                     	;# 
   512     0617                     	;# 
   513     0618                     	;# 
   514     0619                     	;# 
   515     0619                     	;# 
   516     061A                     	;# 
   517     061B                     	;# 
   518     061C                     	;# 
   519     061C                     	;# 
   520     0691                     	;# 
   521     0692                     	;# 
   522     0693                     	;# 
   523     0694                     	;# 
   524     0695                     	;# 
   525     0696                     	;# 
   526     0697                     	;# 
   527     0698                     	;# 
   528     0699                     	;# 
   529     069A                     	;# 
   530     069B                     	;# 
   531     069C                     	;# 
   532     069D                     	;# 
   533     069E                     	;# 
   534     069F                     	;# 
   535     0E0F                     	;# 
   536     0E10                     	;# 
   537     0E11                     	;# 
   538     0E12                     	;# 
   539     0E13                     	;# 
   540     0E14                     	;# 
   541     0E15                     	;# 
   542     0E17                     	;# 
   543     0E20                     	;# 
   544     0E21                     	;# 
   545     0E22                     	;# 
   546     0E24                     	;# 
   547     0E25                     	;# 
   548     0E28                     	;# 
   549     0E29                     	;# 
   550     0E2A                     	;# 
   551     0E2B                     	;# 
   552     0E90                     	;# 
   553     0E91                     	;# 
   554     0E92                     	;# 
   555     0E93                     	;# 
   556     0E94                     	;# 
   557     0E95                     	;# 
   558     0E96                     	;# 
   559     0E97                     	;# 
   560     0E98                     	;# 
   561     0E99                     	;# 
   562     0E9A                     	;# 
   563     0E9B                     	;# 
   564     0E9C                     	;# 
   565     0E9D                     	;# 
   566     0E9E                     	;# 
   567     0E9F                     	;# 
   568     0EA0                     	;# 
   569     0EA1                     	;# 
   570     0EA2                     	;# 
   571     0EA3                     	;# 
   572     0EA4                     	;# 
   573     0EA5                     	;# 
   574     0EA6                     	;# 
   575     0EA7                     	;# 
   576     0F0F                     	;# 
   577     0F10                     	;# 
   578     0F11                     	;# 
   579     0F12                     	;# 
   580     0F13                     	;# 
   581     0F14                     	;# 
   582     0F15                     	;# 
   583     0F16                     	;# 
   584     0F17                     	;# 
   585     0F18                     	;# 
   586     0F19                     	;# 
   587     0F1A                     	;# 
   588     0F1B                     	;# 
   589     0F1C                     	;# 
   590     0F1D                     	;# 
   591     0F1E                     	;# 
   592     0F1F                     	;# 
   593     0F20                     	;# 
   594     0F21                     	;# 
   595     0F22                     	;# 
   596     0F23                     	;# 
   597     0F24                     	;# 
   598     0F25                     	;# 
   599     0F26                     	;# 
   600     0F27                     	;# 
   601     0F28                     	;# 
   602     0F29                     	;# 
   603     0F2A                     	;# 
   604     0F2B                     	;# 
   605     0F2C                     	;# 
   606     0F2D                     	;# 
   607     0F2E                     	;# 
   608     0F2F                     	;# 
   609     0F30                     	;# 
   610     0F31                     	;# 
   611     0F32                     	;# 
   612     0F33                     	;# 
   613     0F34                     	;# 
   614     0F35                     	;# 
   615     0F36                     	;# 
   616     0F37                     	;# 
   617     0FE4                     	;# 
   618     0FE5                     	;# 
   619     0FE6                     	;# 
   620     0FE7                     	;# 
   621     0FE8                     	;# 
   622     0FE9                     	;# 
   623     0FEA                     	;# 
   624     0FEB                     	;# 
   625     0FED                     	;# 
   626     0FEE                     	;# 
   627     0FEF                     	;# 
   628                           
   629                           	psect	stringtext1
   630     011B                     __pstringtext1:
   631     011B                     main@half_period:
   632     011B  34B4               	retlw	180
   633     011C  3404               	retlw	4
   634     011D  3470               	retlw	112
   635     011E  3404               	retlw	4
   636     011F  34B4               	retlw	180
   637     0120  3404               	retlw	4
   638     0121  34EC               	retlw	236
   639     0122  3405               	retlw	5
   640     0123                     __end_ofmain@half_period:
   641                           
   642                           	psect	stringtext2
   643     0123                     __pstringtext2:
   644     0123                     main@beat:
   645     0123  34FA               	retlw	250
   646     0124  3400               	retlw	0
   647     0125                     __end_ofmain@beat:
   648     0015                     _TMR0	set	21
   649     000B                     _INTCONbits	set	11
   650     0095                     _OPTION_REGbits	set	149
   651     008C                     _TRISAbits	set	140
   652     008E                     _TRISCbits	set	142
   653     04CF                     _SPLLEN	set	1231
   654     04CE                     _IRCF3	set	1230
   655     04CD                     _IRCF2	set	1229
   656     04CC                     _IRCF1	set	1228
   657     04CB                     _IRCF0	set	1227
   658     04C9                     _SCS1	set	1225
   659     04C8                     _SCS0	set	1224
   660     010E                     _LATCbits	set	270
   661     018C                     _ANSELAbits	set	396
   662     018E                     _ANSELCbits	set	398
   663     049F                     _NCO1CLKbits	set	1183
   664     049E                     _NCO1CONbits	set	1182
   665     049B                     _NCO1INCL	set	1179
   666     049C                     _NCO1INCH	set	1180
   667     0E0F                     _PPSLOCK	set	3599
   668     0E94                     _RA4PPSbits	set	3732
   669                           
   670                           	psect	cinit
   671     001E                     start_initialization:	
   672                           ; #config settings
   673                           
   674     001E                     __initialization:
   675                           
   676                           ; Clear objects allocated to BANK0
   677     001E  0020               	movlb	0	; select bank0
   678     001F  01AD               	clrf	__pbssBANK0& (0+127)
   679     0020  01AE               	clrf	(__pbssBANK0+1)& (0+127)
   680     0021  01AF               	clrf	(__pbssBANK0+2)& (0+127)
   681     0022  01B0               	clrf	(__pbssBANK0+3)& (0+127)
   682     0023                     end_of_initialization:	
   683                           ;End of C runtime variable initialization code
   684                           
   685     0023                     __end_of__initialization:
   686     0023  107E               	bcf	int$flags,0	;clear compiler interrupt flag (level 1)
   687     0024  0020               	movlb	0
   688     0025  3180  28B6         	ljmp	_main	;jump to C main() function
   689                           
   690                           	psect	bssBANK0
   691     002D                     __pbssBANK0:
   692     002D                     _millis_count:
   693     002D                     	ds	4
   694                           
   695                           	psect	cstackCOMMON
   696     0070                     __pcstackCOMMON:
   697     0070                     ?_internal_32:
   698     0070                     ??_internal_32:	
   699                           ; 1 bytes @ 0x0
   700                           
   701     0070                     ?_delay_us_var:	
   702                           ; 1 bytes @ 0x0
   703                           
   704     0070                     ?_initMain:	
   705                           ; 1 bytes @ 0x0
   706                           
   707     0070                     ??_initMain:	
   708                           ; 1 bytes @ 0x0
   709                           
   710     0070                     ?_isr:	
   711                           ; 1 bytes @ 0x0
   712                           
   713     0070                     ??_isr:	
   714                           ; 1 bytes @ 0x0
   715                           
   716     0070                     ?_main:	
   717                           ; 1 bytes @ 0x0
   718                           
   719     0070                     ?_millis:	
   720                           ; 1 bytes @ 0x0
   721                           
   722     0070                     delay_us_var@us:	
   723                           ; 4 bytes @ 0x0
   724                           
   725                           
   726                           ; 2 bytes @ 0x0
   727     0070                     	ds	2
   728     0072                     ??_delay_us_var:
   729                           
   730                           ; 1 bytes @ 0x2
   731     0072                     	ds	2
   732     0074                     ??_millis:
   733     0074                     millis@m:	
   734                           ; 1 bytes @ 0x4
   735                           
   736                           
   737                           ; 4 bytes @ 0x4
   738     0074                     	ds	4
   739     0078                     ?_play_note:
   740     0078                     play_note@half_period_us:	
   741                           ; 1 bytes @ 0x8
   742                           
   743                           
   744                           ; 2 bytes @ 0x8
   745     0078                     	ds	2
   746     007A                     play_note@duration_ms:
   747                           
   748                           ; 2 bytes @ 0xA
   749     007A                     	ds	2
   750     007C                     ??_main:
   751                           
   752                           ; 1 bytes @ 0xC
   753     007C                     	ds	2
   754                           
   755                           	psect	cstackBANK0
   756     0020                     __pcstackBANK0:
   757     0020                     ??_play_note:
   758                           
   759                           ; 1 bytes @ 0x0
   760     0020                     	ds	8
   761     0028                     play_note@start:
   762                           
   763                           ; 4 bytes @ 0x8
   764     0028                     	ds	4
   765     002C                     main@i:
   766                           
   767                           ; 1 bytes @ 0xC
   768     002C                     	ds	1
   769                           
   770                           	psect	maintext
   771     00B6                     __pmaintext:	
   772 ;;
   773 ;;Main: autosize = 0, tempsize = 2, incstack = 0, save=0
   774 ;;
   775 ;; *************** function _main *****************
   776 ;; Defined at:
   777 ;;		line 189 in file "main.c"
   778 ;; Parameters:    Size  Location     Type
   779 ;;		None
   780 ;; Auto vars:     Size  Location     Type
   781 ;;  i               1   12[BANK0 ] unsigned char 
   782 ;; Return value:  Size  Location     Type
   783 ;;                  1    wreg      void 
   784 ;; Registers used:
   785 ;;		wreg, fsr0l, fsr0h, status,2, status,0, pclath, cstack
   786 ;; Tracked objects:
   787 ;;		On entry : B1F/0
   788 ;;		On exit  : 0/0
   789 ;;		Unchanged: 0/0
   790 ;; Data sizes:     COMMON   BANK0   BANK1   BANK2   BANK3   BANK4   BANK5   BANK6   BANK7   BANK8   BANK9  BANK10  BANK1
      +1  BANK12  BANK13  BANK14  BANK15  BANK16  BANK17  BANK18  BANK19  BANK20  BANK21  BANK22  BANK23  BANK24  BANK25
   791 ;;      Params:         0       0       0       0       0       0       0       0       0       0       0       0       
      +0       0       0       0       0       0       0       0       0       0       0       0       0       0       0
   792 ;;      Locals:         0       1       0       0       0       0       0       0       0       0       0       0       
      +0       0       0       0       0       0       0       0       0       0       0       0       0       0       0
   793 ;;      Temps:          2       0       0       0       0       0       0       0       0       0       0       0       
      +0       0       0       0       0       0       0       0       0       0       0       0       0       0       0
   794 ;;      Totals:         2       1       0       0       0       0       0       0       0       0       0       0       
      +0       0       0       0       0       0       0       0       0       0       0       0       0       0       0
   795 ;;Total ram usage:        3 bytes
   796 ;; Hardware stack levels required when called: 3
   797 ;; This function calls:
   798 ;;		_initMain
   799 ;;		_play_note
   800 ;; This function is called by:
   801 ;;		Startup code after reset
   802 ;; This function uses a non-reentrant model
   803 ;;
   804                           
   805     00B6                     _main:	
   806                           ;psect for function _main
   807                           
   808     00B6                     l831:	
   809                           ;incstack = 0
   810                           ; Regs used in _main: [wreg-fsr0h+status,2+status,0+pclath+cstack]
   811                           
   812                           
   813                           ;main.c: 190:     initMain();
   814     00B6  3180  2072  3180   	fcall	_initMain
   815     00B9                     l833:
   816                           
   817                           ;main.c: 204:         for (uint8_t i = 0; i < 4; i++) {
   818     00B9  0020               	movlb	0	; select bank0
   819     00BA  01AC               	clrf	main@i
   820     00BB                     l839:
   821                           
   822                           ;main.c: 205:             play_note(half_period[i], beat);
   823     00BB  082C               	movf	main@i,w
   824     00BC  00FC               	movwf	??_main
   825     00BD  01FD               	clrf	??_main+1
   826     00BE  35FC               	lslf	??_main,f
   827     00BF  0DFD               	rlf	??_main+1,f
   828     00C0  301B               	movlw	low main@half_period
   829     00C1  077C               	addwf	??_main,w
   830     00C2  0084               	movwf	4
   831     00C3  3001               	movlw	high main@half_period
   832     00C4  3D7D               	addwfc	??_main+1,w
   833     00C5  3880               	iorlw	128
   834     00C6  0085               	movwf	5
   835     00C7  3F00               	moviw [0]fsr0
   836     00C8  00F8               	movwf	play_note@half_period_us
   837     00C9  3F01               	moviw [1]fsr0
   838     00CA  00F9               	movwf	play_note@half_period_us+1
   839     00CB  30FA               	movlw	250
   840     00CC  00FA               	movwf	play_note@duration_ms
   841     00CD  3000               	movlw	0
   842     00CE  00FB               	movwf	play_note@duration_ms+1
   843     00CF  3180  2027  3180   	fcall	_play_note
   844     00D2                     l841:
   845                           
   846                           ;main.c: 206:         }
   847     00D2  3001               	movlw	1
   848     00D3  00FC               	movwf	??_main
   849     00D4  087C               	movf	??_main,w
   850     00D5  0020               	movlb	0	; select bank0
   851     00D6  07AC               	addwf	main@i,f
   852     00D7                     l843:
   853     00D7  3004               	movlw	4
   854     00D8  022C               	subwf	main@i,w
   855     00D9  1C03               	skipc
   856     00DA  28DC               	goto	u101
   857     00DB  28DD               	goto	u100
   858     00DC                     u101:
   859     00DC  28BB               	goto	l839
   860     00DD                     u100:
   861     00DD                     l104:
   862                           
   863                           ;main.c: 209:         LATCbits.LATC3 = 1;
   864     00DD  0022               	movlb	2	; select bank2
   865     00DE  158E               	bsf	14,3	;volatile
   866     00DF                     l845:
   867                           
   868                           ;main.c: 210:         _delay((unsigned long)((1)*(32000000/4000.0)));
   869     00DF  300B               	movlw	11
   870     00E0  00FC               	movwf	??_main
   871     00E1  3062               	movlw	98
   872     00E2                     u117:
   873     00E2  0B89               	decfsz	9,f
   874     00E3  28E2               	goto	u117
   875     00E4  0BFC               	decfsz	??_main,f
   876     00E5  28E2               	goto	u117
   877     00E6  3200               	nop2
   878     00E7                     l847:
   879                           
   880                           ;main.c: 211:         LATCbits.LATC3 = 0;
   881     00E7  0022               	movlb	2	; select bank2
   882     00E8  118E               	bcf	14,3	;volatile
   883     00E9  28B9               	goto	l833
   884     00EA  3180  281C         	ljmp	start
   885     00EC                     __end_of_main:
   886                           
   887                           	psect	text1
   888     0027                     __ptext1:	
   889 ;; *************** function _play_note *****************
   890 ;; Defined at:
   891 ;;		line 168 in file "main.c"
   892 ;; Parameters:    Size  Location     Type
   893 ;;  half_period_    2    8[COMMON] unsigned int 
   894 ;;  duration_ms     2   10[COMMON] unsigned int 
   895 ;; Auto vars:     Size  Location     Type
   896 ;;  start           4    8[BANK0 ] unsigned long 
   897 ;; Return value:  Size  Location     Type
   898 ;;                  1    wreg      void 
   899 ;; Registers used:
   900 ;;		wreg, status,2, status,0, pclath, cstack
   901 ;; Tracked objects:
   902 ;;		On entry : 0/0
   903 ;;		On exit  : 0/0
   904 ;;		Unchanged: 0/0
   905 ;; Data sizes:     COMMON   BANK0   BANK1   BANK2   BANK3   BANK4   BANK5   BANK6   BANK7   BANK8   BANK9  BANK10  BANK1
      +1  BANK12  BANK13  BANK14  BANK15  BANK16  BANK17  BANK18  BANK19  BANK20  BANK21  BANK22  BANK23  BANK24  BANK25
   906 ;;      Params:         4       0       0       0       0       0       0       0       0       0       0       0       
      +0       0       0       0       0       0       0       0       0       0       0       0       0       0       0
   907 ;;      Locals:         0       4       0       0       0       0       0       0       0       0       0       0       
      +0       0       0       0       0       0       0       0       0       0       0       0       0       0       0
   908 ;;      Temps:          0       8       0       0       0       0       0       0       0       0       0       0       
      +0       0       0       0       0       0       0       0       0       0       0       0       0       0       0
   909 ;;      Totals:         4      12       0       0       0       0       0       0       0       0       0       0       
      +0       0       0       0       0       0       0       0       0       0       0       0       0       0       0
   910 ;;Total ram usage:       16 bytes
   911 ;; Hardware stack levels used: 1
   912 ;; Hardware stack levels required when called: 2
   913 ;; This function calls:
   914 ;;		_delay_us_var
   915 ;;		_millis
   916 ;; This function is called by:
   917 ;;		_main
   918 ;; This function uses a non-reentrant model
   919 ;;
   920                           
   921     0027                     _play_note:	
   922                           ;psect for function _play_note
   923                           
   924     0027                     l815:	
   925                           ;incstack = 0
   926                           ; Regs used in _play_note: [wreg+status,2+status,0+pclath+cstack]
   927                           
   928                           
   929                           ;main.c: 169:     unsigned long start = millis();
   930     0027  3180  20EC  3180   	fcall	_millis
   931     002A  0873               	movf	?_millis+3,w
   932     002B  0020               	movlb	0	; select bank0
   933     002C  00AB               	movwf	play_note@start+3
   934     002D  0872               	movf	?_millis+2,w
   935     002E  00AA               	movwf	play_note@start+2
   936     002F  0871               	movf	?_millis+1,w
   937     0030  00A9               	movwf	play_note@start+1
   938     0031  0870               	movf	?_millis,w
   939     0032  00A8               	movwf	play_note@start
   940                           
   941                           ;main.c: 171:     while ((millis() - start) < duration_ms) {
   942     0033  2846               	goto	l821
   943     0034                     l91:
   944                           
   945                           ;main.c: 172:         NCO1CONbits.N1EN = 0;
   946     0034  0029               	movlb	9	; select bank9
   947     0035  139E               	bcf	30,7	;volatile
   948     0036                     l817:
   949                           
   950                           ;main.c: 173:         delay_us_var(half_period_us);
   951     0036  0879               	movf	play_note@half_period_us+1,w
   952     0037  00F1               	movwf	delay_us_var@us+1
   953     0038  0878               	movf	play_note@half_period_us,w
   954     0039  00F0               	movwf	delay_us_var@us
   955     003A  3181  2100  3180   	fcall	_delay_us_var
   956     003D                     l819:
   957                           
   958                           ;main.c: 174:         NCO1CONbits.N1EN = 1;
   959     003D  0029               	movlb	9	; select bank9
   960     003E  179E               	bsf	30,7	;volatile
   961                           
   962                           ;main.c: 175:         delay_us_var(half_period_us);
   963     003F  0879               	movf	play_note@half_period_us+1,w
   964     0040  00F1               	movwf	delay_us_var@us+1
   965     0041  0878               	movf	play_note@half_period_us,w
   966     0042  00F0               	movwf	delay_us_var@us
   967     0043  3181  2100  3180   	fcall	_delay_us_var
   968     0046                     l821:
   969                           
   970                           ;main.c: 171:     while ((millis() - start) < duration_ms) {
   971     0046  087A               	movf	play_note@duration_ms,w
   972     0047  0020               	movlb	0	; select bank0
   973     0048  00A0               	movwf	??_play_note
   974     0049  087B               	movf	play_note@duration_ms+1,w
   975     004A  00A1               	movwf	??_play_note+1
   976     004B  01A2               	clrf	??_play_note+2
   977     004C  01A3               	clrf	??_play_note+3
   978     004D  3180  20EC  3180   	fcall	_millis
   979     0050  0020               	movlb	0	; select bank0
   980     0051  0828               	movf	play_note@start,w
   981     0052  0270               	subwf	?_millis,w
   982     0053  00A4               	movwf	??_play_note+4
   983     0054  0829               	movf	play_note@start+1,w
   984     0055  3B71               	subwfb	?_millis+1,w
   985     0056  00A5               	movwf	??_play_note+5
   986     0057  082A               	movf	play_note@start+2,w
   987     0058  3B72               	subwfb	?_millis+2,w
   988     0059  00A6               	movwf	??_play_note+6
   989     005A  082B               	movf	play_note@start+3,w
   990     005B  3B73               	subwfb	?_millis+3,w
   991     005C  00A7               	movwf	??_play_note+7
   992     005D  0823               	movf	??_play_note+3,w
   993     005E  0227               	subwf	??_play_note+7,w
   994     005F  1D03               	skipz
   995     0060  286B               	goto	u75
   996     0061  0822               	movf	??_play_note+2,w
   997     0062  0226               	subwf	??_play_note+6,w
   998     0063  1D03               	skipz
   999     0064  286B               	goto	u75
  1000     0065  0821               	movf	??_play_note+1,w
  1001     0066  0225               	subwf	??_play_note+5,w
  1002     0067  1D03               	skipz
  1003     0068  286B               	goto	u75
  1004     0069  0820               	movf	??_play_note,w
  1005     006A  0224               	subwf	??_play_note+4,w
  1006     006B                     u75:
  1007     006B  1C03               	skipc
  1008     006C  286E               	goto	u71
  1009     006D  286F               	goto	u70
  1010     006E                     u71:
  1011     006E  2834               	goto	l91
  1012     006F                     u70:
  1013     006F                     l92:
  1014                           
  1015                           ;main.c: 179:     NCO1CONbits.N1EN = 0;
  1016     006F  0029               	movlb	9	; select bank9
  1017     0070  139E               	bcf	30,7	;volatile
  1018     0071                     l93:
  1019     0071  0008               	return
  1020     0072                     __end_of_play_note:
  1021                           
  1022                           	psect	text2
  1023     00EC                     __ptext2:	
  1024 ;; *************** function _millis *****************
  1025 ;; Defined at:
  1026 ;;		line 35 in file "main.c"
  1027 ;; Parameters:    Size  Location     Type
  1028 ;;		None
  1029 ;; Auto vars:     Size  Location     Type
  1030 ;;  m               4    4[COMMON] unsigned long 
  1031 ;; Return value:  Size  Location     Type
  1032 ;;                  4    0[COMMON] unsigned long 
  1033 ;; Registers used:
  1034 ;;		wreg
  1035 ;; Tracked objects:
  1036 ;;		On entry : 0/0
  1037 ;;		On exit  : 0/0
  1038 ;;		Unchanged: 0/0
  1039 ;; Data sizes:     COMMON   BANK0   BANK1   BANK2   BANK3   BANK4   BANK5   BANK6   BANK7   BANK8   BANK9  BANK10  BANK1
      +1  BANK12  BANK13  BANK14  BANK15  BANK16  BANK17  BANK18  BANK19  BANK20  BANK21  BANK22  BANK23  BANK24  BANK25
  1040 ;;      Params:         4       0       0       0       0       0       0       0       0       0       0       0       
      +0       0       0       0       0       0       0       0       0       0       0       0       0       0       0
  1041 ;;      Locals:         4       0       0       0       0       0       0       0       0       0       0       0       
      +0       0       0       0       0       0       0       0       0       0       0       0       0       0       0
  1042 ;;      Temps:          0       0       0       0       0       0       0       0       0       0       0       0       
      +0       0       0       0       0       0       0       0       0       0       0       0       0       0       0
  1043 ;;      Totals:         8       0       0       0       0       0       0       0       0       0       0       0       
      +0       0       0       0       0       0       0       0       0       0       0       0       0       0       0
  1044 ;;Total ram usage:        8 bytes
  1045 ;; Hardware stack levels used: 1
  1046 ;; Hardware stack levels required when called: 1
  1047 ;; This function calls:
  1048 ;;		Nothing
  1049 ;; This function is called by:
  1050 ;;		_play_note
  1051 ;; This function uses a non-reentrant model
  1052 ;;
  1053                           
  1054     00EC                     _millis:	
  1055                           ;psect for function _millis
  1056                           
  1057     00EC                     l749:	
  1058                           ;incstack = 0
  1059                           ; Regs used in _millis: [wreg]
  1060                           
  1061                           
  1062                           ;main.c: 36:     unsigned long m;;main.c: 37:     (INTCONbits.GIE = 0);
  1063     00EC  138B               	bcf	11,7	;volatile
  1064     00ED                     l751:
  1065                           
  1066                           ;main.c: 38:     m = millis_count;
  1067     00ED  0020               	movlb	0	; select bank0
  1068     00EE  0830               	movf	_millis_count+3,w	;volatile
  1069     00EF  00F7               	movwf	millis@m+3
  1070     00F0  082F               	movf	_millis_count+2,w	;volatile
  1071     00F1  00F6               	movwf	millis@m+2
  1072     00F2  082E               	movf	_millis_count+1,w	;volatile
  1073     00F3  00F5               	movwf	millis@m+1
  1074     00F4  082D               	movf	_millis_count,w	;volatile
  1075     00F5  00F4               	movwf	millis@m
  1076     00F6                     l753:
  1077                           
  1078                           ;main.c: 39:     (INTCONbits.GIE = 1);
  1079     00F6  178B               	bsf	11,7	;volatile
  1080                           
  1081                           ;main.c: 40:     return m;
  1082     00F7  0877               	movf	millis@m+3,w
  1083     00F8  00F3               	movwf	?_millis+3
  1084     00F9  0876               	movf	millis@m+2,w
  1085     00FA  00F2               	movwf	?_millis+2
  1086     00FB  0875               	movf	millis@m+1,w
  1087     00FC  00F1               	movwf	?_millis+1
  1088     00FD  0874               	movf	millis@m,w
  1089     00FE  00F0               	movwf	?_millis
  1090     00FF                     l72:
  1091     00FF  0008               	return
  1092     0100                     __end_of_millis:
  1093                           
  1094                           	psect	text3
  1095     0100                     __ptext3:	
  1096 ;; *************** function _delay_us_var *****************
  1097 ;; Defined at:
  1098 ;;		line 50 in file "main.c"
  1099 ;; Parameters:    Size  Location     Type
  1100 ;;  us              2    0[COMMON] unsigned int 
  1101 ;; Auto vars:     Size  Location     Type
  1102 ;;		None
  1103 ;; Return value:  Size  Location     Type
  1104 ;;                  1    wreg      void 
  1105 ;; Registers used:
  1106 ;;		wreg, status,2, status,0
  1107 ;; Tracked objects:
  1108 ;;		On entry : 0/0
  1109 ;;		On exit  : 0/0
  1110 ;;		Unchanged: 0/0
  1111 ;; Data sizes:     COMMON   BANK0   BANK1   BANK2   BANK3   BANK4   BANK5   BANK6   BANK7   BANK8   BANK9  BANK10  BANK1
      +1  BANK12  BANK13  BANK14  BANK15  BANK16  BANK17  BANK18  BANK19  BANK20  BANK21  BANK22  BANK23  BANK24  BANK25
  1112 ;;      Params:         2       0       0       0       0       0       0       0       0       0       0       0       
      +0       0       0       0       0       0       0       0       0       0       0       0       0       0       0
  1113 ;;      Locals:         0       0       0       0       0       0       0       0       0       0       0       0       
      +0       0       0       0       0       0       0       0       0       0       0       0       0       0       0
  1114 ;;      Temps:          0       0       0       0       0       0       0       0       0       0       0       0       
      +0       0       0       0       0       0       0       0       0       0       0       0       0       0       0
  1115 ;;      Totals:         2       0       0       0       0       0       0       0       0       0       0       0       
      +0       0       0       0       0       0       0       0       0       0       0       0       0       0       0
  1116 ;;Total ram usage:        2 bytes
  1117 ;; Hardware stack levels used: 1
  1118 ;; Hardware stack levels required when called: 1
  1119 ;; This function calls:
  1120 ;;		Nothing
  1121 ;; This function is called by:
  1122 ;;		_play_note
  1123 ;; This function uses a non-reentrant model
  1124 ;;
  1125                           
  1126     0100                     _delay_us_var:	
  1127                           ;psect for function _delay_us_var
  1128                           
  1129     0100                     l757:	
  1130                           ;incstack = 0
  1131                           ; Regs used in _delay_us_var: [wreg+status,2+status,0]
  1132                           
  1133                           
  1134                           ;main.c: 51:     while (us--) {
  1135     0100  2905               	goto	l759
  1136     0101                     l76:
  1137                           
  1138                           ;main.c: 52:         _delay((unsigned long)((1)*(32000000/4000000.0)));
  1139     0101  3200               	nop2	;2 cycle nop
  1140     0102  3200               	nop2	;2 cycle nop
  1141     0103  3200               	nop2	;2 cycle nop
  1142     0104  3200               	nop2	;2 cycle nop
  1143     0105                     l759:
  1144                           
  1145                           ;main.c: 51:     while (us--) {
  1146     0105  3001               	movlw	1
  1147     0106  02F0               	subwf	delay_us_var@us,f
  1148     0107  3000               	movlw	0
  1149     0108  3BF1               	subwfb	delay_us_var@us+1,f
  1150     0109  0A70               	incf	delay_us_var@us,w
  1151     010A  1D03               	skipz
  1152     010B  2910               	goto	u61
  1153     010C  0A71               	incf	delay_us_var@us+1,w
  1154     010D  1D03               	btfss	3,2
  1155     010E  2910               	goto	u61
  1156     010F  2911               	goto	u60
  1157     0110                     u61:
  1158     0110  2901               	goto	l76
  1159     0111                     u60:
  1160     0111                     l78:
  1161     0111  0008               	return
  1162     0112                     __end_of_delay_us_var:
  1163                           
  1164                           	psect	text4
  1165     0072                     __ptext4:	
  1166 ;; *************** function _initMain *****************
  1167 ;; Defined at:
  1168 ;;		line 63 in file "main.c"
  1169 ;; Parameters:    Size  Location     Type
  1170 ;;		None
  1171 ;; Auto vars:     Size  Location     Type
  1172 ;;		None
  1173 ;; Return value:  Size  Location     Type
  1174 ;;                  1    wreg      void 
  1175 ;; Registers used:
  1176 ;;		wreg, status,2, status,0, pclath, cstack
  1177 ;; Tracked objects:
  1178 ;;		On entry : 0/0
  1179 ;;		On exit  : 0/0
  1180 ;;		Unchanged: 0/0
  1181 ;; Data sizes:     COMMON   BANK0   BANK1   BANK2   BANK3   BANK4   BANK5   BANK6   BANK7   BANK8   BANK9  BANK10  BANK1
      +1  BANK12  BANK13  BANK14  BANK15  BANK16  BANK17  BANK18  BANK19  BANK20  BANK21  BANK22  BANK23  BANK24  BANK25
  1182 ;;      Params:         0       0       0       0       0       0       0       0       0       0       0       0       
      +0       0       0       0       0       0       0       0       0       0       0       0       0       0       0
  1183 ;;      Locals:         0       0       0       0       0       0       0       0       0       0       0       0       
      +0       0       0       0       0       0       0       0       0       0       0       0       0       0       0
  1184 ;;      Temps:          2       0       0       0       0       0       0       0       0       0       0       0       
      +0       0       0       0       0       0       0       0       0       0       0       0       0       0       0
  1185 ;;      Totals:         2       0       0       0       0       0       0       0       0       0       0       0       
      +0       0       0       0       0       0       0       0       0       0       0       0       0       0       0
  1186 ;;Total ram usage:        2 bytes
  1187 ;; Hardware stack levels used: 1
  1188 ;; Hardware stack levels required when called: 2
  1189 ;; This function calls:
  1190 ;;		_internal_32
  1191 ;; This function is called by:
  1192 ;;		_main
  1193 ;; This function uses a non-reentrant model
  1194 ;;
  1195                           
  1196     0072                     _initMain:	
  1197                           ;psect for function _initMain
  1198                           
  1199     0072                     l761:	
  1200                           ;incstack = 0
  1201                           ; Regs used in _initMain: [wreg+status,2+status,0+pclath+cstack]
  1202                           
  1203                           
  1204                           ;main.c: 66:     internal_32();
  1205     0072  3181  2112  3180   	fcall	_internal_32
  1206     0075                     l763:
  1207                           
  1208                           ;main.c: 69:     _delay((unsigned long)((100)*(32000000/4000.0)));
  1209     0075  3005               	movlw	5
  1210     0076  00F1               	movwf	??_initMain+1
  1211     0077  300F               	movlw	15
  1212     0078  00F0               	movwf	??_initMain
  1213     0079  30F1               	movlw	241
  1214     007A                     u127:
  1215     007A  0B89               	decfsz	9,f
  1216     007B  287A               	goto	u127
  1217     007C  0BF0               	decfsz	??_initMain,f
  1218     007D  287A               	goto	u127
  1219     007E  0BF1               	decfsz	??_initMain+1,f
  1220     007F  287A               	goto	u127
  1221     0080  0000               	nop
  1222     0081                     l765:
  1223                           
  1224                           ;main.c: 74:     TRISCbits.TRISC3 = 0;
  1225     0081  0021               	movlb	1	; select bank1
  1226     0082  118E               	bcf	14,3	;volatile
  1227     0083                     l767:
  1228                           
  1229                           ;main.c: 75:     ANSELCbits.ANSC3 = 0;
  1230     0083  0023               	movlb	3	; select bank3
  1231     0084  118E               	bcf	14,3	;volatile
  1232     0085                     l769:
  1233                           
  1234                           ;main.c: 76:     LATCbits.LATC3 = 0;
  1235     0085  0022               	movlb	2	; select bank2
  1236     0086  118E               	bcf	14,3	;volatile
  1237     0087                     l771:
  1238                           
  1239                           ;main.c: 83:     PPSLOCK = 0x55;
  1240     0087  3055               	movlw	85
  1241     0088  003C               	movlb	28	; select bank28
  1242     0089  008F               	movwf	15	;volsfr
  1243     008A                     l773:
  1244                           
  1245                           ;main.c: 84:     PPSLOCK = 0xAA;
  1246     008A  30AA               	movlw	170
  1247     008B  008F               	movwf	15	;volsfr
  1248     008C                     l775:
  1249                           
  1250                           ;main.c: 85:     PPSLOCK = 0x00;
  1251     008C  018F               	clrf	15	;volsfr
  1252     008D                     l777:
  1253                           
  1254                           ;main.c: 88:     RA4PPSbits.RA4PPS = 0x03;
  1255     008D  003D               	movlb	29	; select bank29
  1256     008E  0814               	movf	20,w	;volatile
  1257     008F  39E0               	andlw	-32
  1258     0090  3803               	iorlw	3
  1259     0091  0094               	movwf	20	;volatile
  1260     0092                     l779:
  1261                           
  1262                           ;main.c: 91:     PPSLOCK = 0x55;
  1263     0092  3055               	movlw	85
  1264     0093  003C               	movlb	28	; select bank28
  1265     0094  008F               	movwf	15	;volsfr
  1266     0095                     l781:
  1267                           
  1268                           ;main.c: 92:     PPSLOCK = 0xAA;
  1269     0095  30AA               	movlw	170
  1270     0096  008F               	movwf	15	;volsfr
  1271     0097                     l783:
  1272                           
  1273                           ;main.c: 93:     PPSLOCK = 0x01;
  1274     0097  3001               	movlw	1
  1275     0098  008F               	movwf	15	;volsfr
  1276     0099                     l785:
  1277                           
  1278                           ;main.c: 96:     TRISAbits.TRISA4 = 0;
  1279     0099  0021               	movlb	1	; select bank1
  1280     009A  120C               	bcf	12,4	;volatile
  1281     009B                     l787:
  1282                           
  1283                           ;main.c: 97:     ANSELAbits.ANSA4 = 0;
  1284     009B  0023               	movlb	3	; select bank3
  1285     009C  120C               	bcf	12,4	;volatile
  1286     009D                     l789:
  1287                           
  1288                           ;main.c: 103:     NCO1INCH = 0x80;
  1289     009D  3080               	movlw	128
  1290     009E  0029               	movlb	9	; select bank9
  1291     009F  009C               	movwf	28	;volatile
  1292     00A0                     l791:
  1293                           
  1294                           ;main.c: 104:     NCO1INCL = 0x00;
  1295     00A0  019B               	clrf	27	;volatile
  1296     00A1                     l793:
  1297                           
  1298                           ;main.c: 107:     NCO1CONbits.N1PFM = 0;
  1299     00A1  101E               	bcf	30,0	;volatile
  1300     00A2                     l795:
  1301                           
  1302                           ;main.c: 110:     NCO1CONbits.N1POL = 0;
  1303     00A2  121E               	bcf	30,4	;volatile
  1304     00A3                     l797:
  1305                           
  1306                           ;main.c: 113:     NCO1CLKbits.N1CKS = 0b01;
  1307     00A3  081F               	movf	31,w	;volatile
  1308     00A4  39F0               	andlw	-16
  1309     00A5  3801               	iorlw	1
  1310     00A6  009F               	movwf	31	;volatile
  1311     00A7                     l799:
  1312                           
  1313                           ;main.c: 116:     NCO1CONbits.N1EN = 0;
  1314     00A7  139E               	bcf	30,7	;volatile
  1315     00A8                     l801:
  1316                           
  1317                           ;main.c: 123:     OPTION_REGbits.TMR0CS = 0;
  1318     00A8  0021               	movlb	1	; select bank1
  1319     00A9  1295               	bcf	21,5	;volatile
  1320     00AA                     l803:
  1321                           
  1322                           ;main.c: 126:     OPTION_REGbits.PSA = 0;
  1323     00AA  1195               	bcf	21,3	;volatile
  1324     00AB                     l805:
  1325                           
  1326                           ;main.c: 129:     OPTION_REGbits.PS = 0b100;
  1327     00AB  0815               	movf	21,w	;volatile
  1328     00AC  39F8               	andlw	-8
  1329     00AD  3804               	iorlw	4
  1330     00AE  0095               	movwf	21	;volatile
  1331     00AF                     l807:
  1332                           
  1333                           ;main.c: 132:     TMR0 = 6;
  1334     00AF  3006               	movlw	6
  1335     00B0  0020               	movlb	0	; select bank0
  1336     00B1  0095               	movwf	21	;volatile
  1337     00B2                     l809:
  1338                           
  1339                           ;main.c: 135:     INTCONbits.TMR0IF = 0;
  1340     00B2  110B               	bcf	11,2	;volatile
  1341     00B3                     l811:
  1342                           
  1343                           ;main.c: 138:     INTCONbits.TMR0IE = 1;
  1344     00B3  168B               	bsf	11,5	;volatile
  1345     00B4                     l813:
  1346                           
  1347                           ;main.c: 141:     (INTCONbits.GIE = 1);
  1348     00B4  178B               	bsf	11,7	;volatile
  1349     00B5                     l81:
  1350     00B5  0008               	return
  1351     00B6                     __end_of_initMain:
  1352                           
  1353                           	psect	text5
  1354     0112                     __ptext5:	
  1355 ;; *************** function _internal_32 *****************
  1356 ;; Defined at:
  1357 ;;		line 36 in file "PIC16F1718_Internal.c"
  1358 ;; Parameters:    Size  Location     Type
  1359 ;;		None
  1360 ;; Auto vars:     Size  Location     Type
  1361 ;;		None
  1362 ;; Return value:  Size  Location     Type
  1363 ;;                  1    wreg      void 
  1364 ;; Registers used:
  1365 ;;		None
  1366 ;; Tracked objects:
  1367 ;;		On entry : 0/0
  1368 ;;		On exit  : 0/0
  1369 ;;		Unchanged: 0/0
  1370 ;; Data sizes:     COMMON   BANK0   BANK1   BANK2   BANK3   BANK4   BANK5   BANK6   BANK7   BANK8   BANK9  BANK10  BANK1
      +1  BANK12  BANK13  BANK14  BANK15  BANK16  BANK17  BANK18  BANK19  BANK20  BANK21  BANK22  BANK23  BANK24  BANK25
  1371 ;;      Params:         0       0       0       0       0       0       0       0       0       0       0       0       
      +0       0       0       0       0       0       0       0       0       0       0       0       0       0       0
  1372 ;;      Locals:         0       0       0       0       0       0       0       0       0       0       0       0       
      +0       0       0       0       0       0       0       0       0       0       0       0       0       0       0
  1373 ;;      Temps:          0       0       0       0       0       0       0       0       0       0       0       0       
      +0       0       0       0       0       0       0       0       0       0       0       0       0       0       0
  1374 ;;      Totals:         0       0       0       0       0       0       0       0       0       0       0       0       
      +0       0       0       0       0       0       0       0       0       0       0       0       0       0       0
  1375 ;;Total ram usage:        0 bytes
  1376 ;; Hardware stack levels used: 1
  1377 ;; Hardware stack levels required when called: 1
  1378 ;; This function calls:
  1379 ;;		Nothing
  1380 ;; This function is called by:
  1381 ;;		_initMain
  1382 ;; This function uses a non-reentrant model
  1383 ;;
  1384                           
  1385     0112                     _internal_32:	
  1386                           ;psect for function _internal_32
  1387                           
  1388     0112                     l747:	
  1389                           ;incstack = 0
  1390                           ; Regs used in _internal_32: []
  1391                           
  1392                           
  1393                           ;PIC16F1718_Internal.c: 38:     SCS0 = 0;
  1394     0112  0021               	movlb	1	; select bank1
  1395     0113  1019               	bcf	25,0	;volatile
  1396                           
  1397                           ;PIC16F1718_Internal.c: 39:     SCS1 = 0;
  1398     0114  1099               	bcf	25,1	;volatile
  1399                           
  1400                           ;PIC16F1718_Internal.c: 42:     IRCF0 = 0;
  1401     0115  1199               	bcf	25,3	;volatile
  1402                           
  1403                           ;PIC16F1718_Internal.c: 43:     IRCF1 = 1;
  1404     0116  1619               	bsf	25,4	;volatile
  1405                           
  1406                           ;PIC16F1718_Internal.c: 44:     IRCF2 = 1;
  1407     0117  1699               	bsf	25,5	;volatile
  1408                           
  1409                           ;PIC16F1718_Internal.c: 45:     IRCF3 = 1;
  1410     0118  1719               	bsf	25,6	;volatile
  1411                           
  1412                           ;PIC16F1718_Internal.c: 48:     SPLLEN = 1;
  1413     0119  1799               	bsf	25,7	;volatile
  1414     011A                     l17:
  1415     011A  0008               	return
  1416     011B                     __end_of_internal_32:
  1417                           
  1418                           	psect	intentry
  1419     0004                     __pintentry:	
  1420 ;; *************** function _isr *****************
  1421 ;; Defined at:
  1422 ;;		line 151 in file "main.c"
  1423 ;; Parameters:    Size  Location     Type
  1424 ;;		None
  1425 ;; Auto vars:     Size  Location     Type
  1426 ;;		None
  1427 ;; Return value:  Size  Location     Type
  1428 ;;                  1    wreg      void 
  1429 ;; Registers used:
  1430 ;;		wreg
  1431 ;; Tracked objects:
  1432 ;;		On entry : 0/0
  1433 ;;		On exit  : 0/0
  1434 ;;		Unchanged: 0/0
  1435 ;; Data sizes:     COMMON   BANK0   BANK1   BANK2   BANK3   BANK4   BANK5   BANK6   BANK7   BANK8   BANK9  BANK10  BANK1
      +1  BANK12  BANK13  BANK14  BANK15  BANK16  BANK17  BANK18  BANK19  BANK20  BANK21  BANK22  BANK23  BANK24  BANK25
  1436 ;;      Params:         0       0       0       0       0       0       0       0       0       0       0       0       
      +0       0       0       0       0       0       0       0       0       0       0       0       0       0       0
  1437 ;;      Locals:         0       0       0       0       0       0       0       0       0       0       0       0       
      +0       0       0       0       0       0       0       0       0       0       0       0       0       0       0
  1438 ;;      Temps:          0       0       0       0       0       0       0       0       0       0       0       0       
      +0       0       0       0       0       0       0       0       0       0       0       0       0       0       0
  1439 ;;      Totals:         0       0       0       0       0       0       0       0       0       0       0       0       
      +0       0       0       0       0       0       0       0       0       0       0       0       0       0       0
  1440 ;;Total ram usage:        0 bytes
  1441 ;; Hardware stack levels used: 1
  1442 ;; This function calls:
  1443 ;;		Nothing
  1444 ;; This function is called by:
  1445 ;;		Interrupt level 1
  1446 ;; This function uses a non-reentrant model
  1447 ;;
  1448                           
  1449     0004                     _isr:
  1450                           
  1451                           ;incstack = 0
  1452     0004  147E               	bsf	int$flags,0	;set compiler interrupt flag (level 1)
  1453                           
  1454                           ; Regs used in _isr: [wreg]
  1455     0005  3180               	pagesel	$
  1456     0006                     i1l823:
  1457                           
  1458                           ;main.c: 152:     if (INTCONbits.TMR0IE && INTCONbits.TMR0IF) {
  1459     0006  1E8B               	btfss	11,5	;volatile
  1460     0007  2809               	goto	u8_21
  1461     0008  280A               	goto	u8_20
  1462     0009                     u8_21:
  1463     0009  281A               	goto	i1l87
  1464     000A                     u8_20:
  1465     000A                     i1l825:
  1466     000A  1D0B               	btfss	11,2	;volatile
  1467     000B  280D               	goto	u9_21
  1468     000C  280E               	goto	u9_20
  1469     000D                     u9_21:
  1470     000D  281A               	goto	i1l87
  1471     000E                     u9_20:
  1472     000E                     i1l827:
  1473                           
  1474                           ;main.c: 153:         INTCONbits.TMR0IF = 0;
  1475     000E  110B               	bcf	11,2	;volatile
  1476     000F                     i1l829:
  1477                           
  1478                           ;main.c: 154:         TMR0 = 6;
  1479     000F  3006               	movlw	6
  1480     0010  0020               	movlb	0	; select bank0
  1481     0011  0095               	movwf	21	;volatile
  1482                           
  1483                           ;main.c: 155:         millis_count++;
  1484     0012  3001               	movlw	1
  1485     0013  07AD               	addwf	_millis_count,f	;volatile
  1486     0014  3000               	movlw	0
  1487     0015  3DAE               	addwfc	_millis_count+1,f	;volatile
  1488     0016  3000               	movlw	0
  1489     0017  3DAF               	addwfc	_millis_count+2,f	;volatile
  1490     0018  3000               	movlw	0
  1491     0019  3DB0               	addwfc	_millis_count+3,f	;volatile
  1492     001A                     i1l87:
  1493     001A  107E               	bcf	int$flags,0	;clear compiler interrupt flag (level 1)
  1494     001B  0009               	retfie
  1495     001C                     __end_of_isr:
  1496     007E                     btemp	set	126	;btemp
  1497     007E                     int$flags	set	126
  1498     007E                     wtemp0	set	126
  1499                           
  1500                           	psect	config
  1501                           
  1502                           ;Config register CONFIG1 @ 0x8007
  1503                           ;	Oscillator Selection Bits
  1504                           ;	FOSC = INTOSC, INTOSC oscillator: I/O function on CLKIN pin
  1505                           ;	Watchdog Timer Enable
  1506                           ;	WDTE = OFF, WDT disabled
  1507                           ;	Power-up Timer Enable
  1508                           ;	PWRTE = OFF, PWRT disabled
  1509                           ;	MCLR Pin Function Select
  1510                           ;	MCLRE = OFF, MCLR/VPP pin function is digital input if LVP bit is also 0.
  1511                           ;	Flash Program Memory Code Protection
  1512                           ;	CP = OFF, Program memory code protection is disabled
  1513                           ;	Brown-out Reset Enable
  1514                           ;	BOREN = OFF, Brown-out Reset disabled
  1515                           ;	Clock Out Enable
  1516                           ;	CLKOUTEN = OFF, CLKOUT function is disabled. I/O or oscillator function on the CLKOUT 
      +                          pin
  1517                           ;	Internal/External Switchover Mode
  1518                           ;	IESO = ON, Internal/External Switchover Mode is enabled
  1519                           ;	Fail-Safe Clock Monitor Enable
  1520                           ;	FCMEN = OFF, Fail-Safe Clock Monitor is disabled
  1521     8007                     	org	32775
  1522     8007  19A4               	dw	6564
  1523                           
  1524                           ;Config register CONFIG2 @ 0x8008
  1525                           ;	Flash Memory Self-Write Protection
  1526                           ;	WRT = OFF, Write protection off
  1527                           ;	Peripheral Pin Select one-way control
  1528                           ;	PPS1WAY = ON, The PPSLOCK bit cannot be cleared once it is set by software
  1529                           ;	Zero-cross detect disable
  1530                           ;	ZCDDIS = ON, ZCD disabled. ZCD can be enabled by setting the ZCDSEN bit of ZCDCON
  1531                           ;	Phase Lock Loop enable
  1532                           ;	PLLEN = OFF, 4x PLL is disabled
  1533                           ;	Stack Overflow/Underflow Reset Enable
  1534                           ;	STVREN = ON, Stack Overflow or Underflow will cause a Reset
  1535                           ;	Brown-out Reset Voltage Selection
  1536                           ;	BORV = LO, Brown-out Reset Voltage (Vbor), low trip point selected.
  1537                           ;	Low-Power Brown Out Reset
  1538                           ;	LPBOR = OFF, Low-Power BOR is disabled
  1539                           ;	In-Circuit Debugger Mode
  1540                           ;	DEBUG = 0x1, unprogrammed default
  1541                           ;	Low-Voltage Programming Enable
  1542                           ;	LVP = OFF, High-voltage on MCLR/VPP must be used for programming
  1543     8008                     	org	32776
  1544     8008  1EFF               	dw	7935

Data Sizes:
    Strings     0
    Constant    10
    Data        0
    BSS         4
    Persistent  32
    Stack       0

Auto Spaces:
    Space          Size  Autos    Used
    COMMON           14     14      14
    BANK0            80     13      17
    BANK1            80      0       0
    BANK2            80      0       0
    BANK3            80      0       0
    BANK4            80      0       0
    BANK5            80      0       0
    BANK6            80      0       0
    BANK7            80      0       0
    BANK8            80      0       0
    BANK9            80      0       0
    BANK10           80      0       0
    BANK11           80      0       0
    BANK12           80      0       0
    BANK13           80      0       0
    BANK14           80      0       0
    BANK15           80      0       0
    BANK16           80      0       0
    BANK17           80      0       0
    BANK18           80      0       0
    BANK19           80      0       0
    BANK20           80      0       0
    BANK21           80      0       0
    BANK22           80      0       0
    BANK23           80      0       0
    BANK24           80      0       0
    BANK25           32      0       0

Pointer List with Targets:

    None.

Critical Paths under _main in COMMON

    _main->_play_note
    _play_note->_millis

Critical Paths under _isr in COMMON

    None.

Critical Paths under _main in BANK0

    _main->_play_note

Critical Paths under _isr in BANK0

    None.

Critical Paths under _main in BANK1

    None.

Critical Paths under _isr in BANK1

    None.

Critical Paths under _main in BANK2

    None.

Critical Paths under _isr in BANK2

    None.

Critical Paths under _main in BANK3

    None.

Critical Paths under _isr in BANK3

    None.

Critical Paths under _main in BANK4

    None.

Critical Paths under _isr in BANK4

    None.

Critical Paths under _main in BANK5

    None.

Critical Paths under _isr in BANK5

    None.

Critical Paths under _main in BANK6

    None.

Critical Paths under _isr in BANK6

    None.

Critical Paths under _main in BANK7

    None.

Critical Paths under _isr in BANK7

    None.

Critical Paths under _main in BANK8

    None.

Critical Paths under _isr in BANK8

    None.

Critical Paths under _main in BANK9

    None.

Critical Paths under _isr in BANK9

    None.

Critical Paths under _main in BANK10

    None.

Critical Paths under _isr in BANK10

    None.

Critical Paths under _main in BANK11

    None.

Critical Paths under _isr in BANK11

    None.

Critical Paths under _main in BANK12

    None.

Critical Paths under _isr in BANK12

    None.

Critical Paths under _main in BANK13

    None.

Critical Paths under _isr in BANK13

    None.

Critical Paths under _main in BANK14

    None.

Critical Paths under _isr in BANK14

    None.

Critical Paths under _main in BANK15

    None.

Critical Paths under _isr in BANK15

    None.

Critical Paths under _main in BANK16

    None.

Critical Paths under _isr in BANK16

    None.

Critical Paths under _main in BANK17

    None.

Critical Paths under _isr in BANK17

    None.

Critical Paths under _main in BANK18

    None.

Critical Paths under _isr in BANK18

    None.

Critical Paths under _main in BANK19

    None.

Critical Paths under _isr in BANK19

    None.

Critical Paths under _main in BANK20

    None.

Critical Paths under _isr in BANK20

    None.

Critical Paths under _main in BANK21

    None.

Critical Paths under _isr in BANK21

    None.

Critical Paths under _main in BANK22

    None.

Critical Paths under _isr in BANK22

    None.

Critical Paths under _main in BANK23

    None.

Critical Paths under _isr in BANK23

    None.

Critical Paths under _main in BANK24

    None.

Critical Paths under _isr in BANK24

    None.

Critical Paths under _main in BANK25

    None.

Critical Paths under _isr in BANK25

    None.

Call Graph Tables:

 ---------------------------------------------------------------------------------
 (Depth) Function   	        Calls       Base Space   Used Autos Params    Refs
 ---------------------------------------------------------------------------------
 (0) _main                                                 3     3      0     506
                                             12 COMMON     2     2      0
                                             12 BANK0      1     1      0
                           _initMain
                          _play_note
 ---------------------------------------------------------------------------------
 (1) _play_note                                           16    12      4     438
                                              8 COMMON     4     0      4
                                              0 BANK0     12    12      0
                       _delay_us_var
                             _millis
 ---------------------------------------------------------------------------------
 (2) _millis                                               8     4      4      23
                                              0 COMMON     8     4      4
 ---------------------------------------------------------------------------------
 (2) _delay_us_var                                         2     0      2     174
                                              0 COMMON     2     0      2
 ---------------------------------------------------------------------------------
 (1) _initMain                                             2     2      0       0
                                              0 COMMON     2     2      0
                        _internal_32
 ---------------------------------------------------------------------------------
 (2) _internal_32                                          0     0      0       0
 ---------------------------------------------------------------------------------
 Estimated maximum stack depth 2
 ---------------------------------------------------------------------------------
 (Depth) Function   	        Calls       Base Space   Used Autos Params    Refs
 ---------------------------------------------------------------------------------
 (3) _isr                                                  0     0      0       0
 ---------------------------------------------------------------------------------
 Estimated maximum stack depth 3
 ---------------------------------------------------------------------------------

 Call Graph Graphs:

 _main (ROOT)
   _initMain
     _internal_32
   _play_note
     _delay_us_var
     _millis

 _isr (ROOT)

 Address spaces:
Name               Size   Autos  Total    Cost      Usage
BIGRAM             7F0      0       0       0        0.0%
NULL                 0      0       0       0        0.0%
CODE                 0      0       0       0        0.0%
BITCOMMON            E      0       0       1        0.0%
BITSFR0              0      0       0       1        0.0%
SFR0                 0      0       0       1        0.0%
COMMON               E      E       E       2      100.0%
BITSFR1              0      0       0       2        0.0%
SFR1                 0      0       0       2        0.0%
BITSFR2              0      0       0       3        0.0%
SFR2                 0      0       0       3        0.0%
STACK                0      0       0       3        0.0%
BITBANK0            50      0       0       4        0.0%
BITSFR3              0      0       0       4        0.0%
SFR3                 0      0       0       4        0.0%
BANK0               50      D      11       5       21.2%
BITSFR4              0      0       0       5        0.0%
SFR4                 0      0       0       5        0.0%
BITBANK1            50      0       0       6        0.0%
BITSFR5              0      0       0       6        0.0%
SFR5                 0      0       0       6        0.0%
BANK1               50      0       0       7        0.0%
BITSFR6              0      0       0       7        0.0%
SFR6                 0      0       0       7        0.0%
BITBANK2            50      0       0       8        0.0%
BITSFR7              0      0       0       8        0.0%
SFR7                 0      0       0       8        0.0%
BANK2               50      0       0       9        0.0%
BITSFR8              0      0       0       9        0.0%
SFR8                 0      0       0       9        0.0%
BITBANK3            50      0       0      10        0.0%
BITSFR9              0      0       0      10        0.0%
SFR9                 0      0       0      10        0.0%
BANK3               50      0       0      11        0.0%
BITSFR10             0      0       0      11        0.0%
SFR10                0      0       0      11        0.0%
BITBANK4            50      0       0      12        0.0%
BITSFR11             0      0       0      12        0.0%
SFR11                0      0       0      12        0.0%
BANK4               50      0       0      13        0.0%
BITSFR12             0      0       0      13        0.0%
SFR12                0      0       0      13        0.0%
BITSFR13             0      0       0      14        0.0%
SFR13                0      0       0      14        0.0%
ABS                  0      0      1F      14        0.0%
BITBANK5            50      0       0      15        0.0%
BITSFR14             0      0       0      15        0.0%
SFR14                0      0       0      15        0.0%
BANK5               50      0       0      16        0.0%
BITSFR15             0      0       0      16        0.0%
SFR15                0      0       0      16        0.0%
BITBANK6            50      0       0      17        0.0%
BITSFR16             0      0       0      17        0.0%
SFR16                0      0       0      17        0.0%
BANK6               50      0       0      18        0.0%
BITSFR17             0      0       0      18        0.0%
SFR17                0      0       0      18        0.0%
BITBANK7            50      0       0      19        0.0%
BITSFR18             0      0       0      19        0.0%
SFR18                0      0       0      19        0.0%
BANK7               50      0       0      20        0.0%
BITSFR19             0      0       0      20        0.0%
SFR19                0      0       0      20        0.0%
BITBANK8            50      0       0      21        0.0%
BITSFR20             0      0       0      21        0.0%
SFR20                0      0       0      21        0.0%
BANK8               50      0       0      22        0.0%
BITSFR21             0      0       0      22        0.0%
SFR21                0      0       0      22        0.0%
BITBANK9            50      0       0      23        0.0%
BITSFR22             0      0       0      23        0.0%
SFR22                0      0       0      23        0.0%
BANK9               50      0       0      24        0.0%
BITSFR23             0      0       0      24        0.0%
SFR23                0      0       0      24        0.0%
BITBANK10           50      0       0      25        0.0%
BITSFR24             0      0       0      25        0.0%
SFR24                0      0       0      25        0.0%
BANK10              50      0       0      26        0.0%
BITSFR25             0      0       0      26        0.0%
SFR25                0      0       0      26        0.0%
BITBANK11           50      0       0      27        0.0%
BITSFR26             0      0       0      27        0.0%
SFR26                0      0       0      27        0.0%
BITSFR27             0      0       0      28        0.0%
SFR27                0      0       0      28        0.0%
DATA                 0      0      1F      28        0.0%
BANK11              50      0       0      29        0.0%
BITSFR28             0      0       0      29        0.0%
SFR28                0      0       0      29        0.0%
BITBANK12           50      0       0      30        0.0%
BITSFR29             0      0       0      30        0.0%
SFR29                0      0       0      30        0.0%
BANK12              50      0       0      31        0.0%
BITSFR30             0      0       0      31        0.0%
SFR30                0      0       0      31        0.0%
BITBANK13           50      0       0      32        0.0%
BITSFR31             0      0       0      32        0.0%
SFR31                0      0       0      32        0.0%
BANK13              50      0       0      33        0.0%
BITBANK14           50      0       0      34        0.0%
BANK14              50      0       0      35        0.0%
BITBANK15           50      0       0      36        0.0%
BANK15              50      0       0      37        0.0%
BITBANK16           50      0       0      38        0.0%
BANK16              50      0       0      39        0.0%
BITBANK17           50      0       0      40        0.0%
BANK17              50      0       0      41        0.0%
BITBANK18           50      0       0      42        0.0%
BANK18              50      0       0      43        0.0%
BITBANK19           50      0       0      44        0.0%
BANK19              50      0       0      45        0.0%
BITBANK20           50      0       0      46        0.0%
BANK20              50      0       0      47        0.0%
BITBANK21           50      0       0      48        0.0%
BANK21              50      0       0      49        0.0%
BITBANK22           50      0       0      50        0.0%
BANK22              50      0       0      51        0.0%
BITBANK23           50      0       0      52        0.0%
BANK23              50      0       0      53        0.0%
BITBANK24           50      0       0      54        0.0%
BANK24              50      0       0      55        0.0%
BITBANK25           20      0       0      56        0.0%
BANK25              20      0       0      57        0.0%


Microchip Technology PIC Macro Assembler V2.46 build 20240104201356 
Symbol Table                                                                                   Fri Jan 30 12:12:06 2026

                     l17 011A                       l72 00FF                       l81 00B5  
                     l91 0034                       l76 0101                       l92 006F  
                     l93 0071                       l78 0111                       u60 0111  
                     u61 0110                       u70 006F                       u71 006E  
                     u75 006B                      l104 00DD                      l801 00A8  
                    l811 00B3                      l803 00AA                      l813 00B4  
                    l805 00AB                      l821 0046                      l807 00AF  
                    l751 00ED                      l815 0027                      l831 00B6  
                    l809 00B2                      l761 0072                      l753 00F6  
                    l817 0036                      l841 00D2                      l833 00B9  
                    l747 0112                      l771 0087                      l763 0075  
                    l819 003D                      l843 00D7                      l781 0095  
                    l773 008A                      l765 0081                      l757 0100  
                    l749 00EC                      l845 00DF                      l791 00A0  
                    l783 0097                      l775 008C                      l767 0083  
                    l759 0105                      l847 00E7                      l839 00BB  
                    l793 00A1                      l785 0099                      l777 008D  
                    l769 0085                      l795 00A2                      l787 009B  
                    l779 0092                      l797 00A3                      l789 009D  
                    l799 00A7                      u100 00DD                      u101 00DC  
                    u117 00E2                      u127 007A                      _isr 0004  
                    wreg 0009                     ?_isr 0070                     _SCS0 04C8  
                   _SCS1 04C9                     i1l87 001A                     _TMR0 0015  
                   u8_20 000A                     u8_21 0009                     u9_20 000E  
                   u9_21 000D                     _main 00B6                     fsr0h 0005  
                   fsr0l 0004                     btemp 007E                     start 001C  
                  ??_isr 0070           play_note@start 0028                    ?_main 0070  
                  _IRCF0 04CB                    _IRCF1 04CC                    _IRCF2 04CD  
                  _IRCF3 04CE                    i1l823 0006                    i1l825 000A  
                  i1l827 000E                    i1l829 000F     __end_of_delay_us_var 0112  
                  main@i 002C                    status 0003                    wtemp0 007E  
           ?_internal_32 0070          __initialization 001E             __end_of_main 00EC  
                 ??_main 007C           delay_us_var@us 0070                   _SPLLEN 04CF  
       __end_of_initMain 00B6                   _millis 00EC         __end_ofmain@beat 0125  
__end_of__initialization 0023           __pcstackCOMMON 0070           _OPTION_REGbits 0095  
             __pbssBANK0 002D             _delay_us_var 0100               __pmaintext 00B6  
             __pintentry 0004                  ?_millis 0070                  _PPSLOCK 0E0F  
              ?_initMain 0070                  __ptext1 0027                  __ptext2 00EC  
                __ptext3 0100                  __ptext4 0072                  __ptext5 0112  
   end_of_initialization 0023        __end_of_play_note 0072               ??_initMain 0070  
                millis@m 0074                _TRISAbits 008C                _TRISCbits 008E  
play_note@half_period_us 0078           __end_of_millis 0100      start_initialization 001E  
            __end_of_isr 001C                 ??_millis 0074          main@half_period 011B  
              ___latbits 0003            __pcstackBANK0 0020            ??_internal_32 0070  
            _NCO1CLKbits 049F              _NCO1CONbits 049E                 _NCO1INCH 049C  
               _NCO1INCL 049B                 _LATCbits 010E             _millis_count 002D  
              _play_note 0027  __end_ofmain@half_period 0123      __end_of_internal_32 011B  
             ?_play_note 0078               _ANSELAbits 018C               _ANSELCbits 018E  
   play_note@duration_ms 007A                 _initMain 0072              _internal_32 0112  
          ?_delay_us_var 0070               _RA4PPSbits 0E94                 int$flags 007E  
               main@beat 0123               _INTCONbits 000B                 intlevel1 0000  
         ??_delay_us_var 0072              ??_play_note 0020            __pstringtext1 011B  
          __pstringtext2 0123  
