

Microchip MPLAB XC8 Assembler V2.46 build 20240104201356 
                                                                                               Thu Jan 29 17:46:11 2026

Microchip MPLAB XC8 C Compiler v2.46 (Free license) build 20240104201356 Og1 
     1                           	processor	16F1718
     2                           	pagewidth 120
     3                           	opt	flic
     4                           	psect	stringtext1,global,class=STRCODE,delta=2,noexec
     5                           	psect	stringtext2,global,class=STRCODE,delta=2,noexec
     6                           	psect	cinit,global,class=CODE,merge=1,delta=2
     7                           	psect	cstackCOMMON,global,class=COMMON,space=1,delta=1,noexec
     8                           	psect	maintext,global,class=CODE,merge=1,split=1,delta=2
     9                           	psect	text1,local,class=CODE,merge=1,delta=2
    10                           	psect	text2,local,class=CODE,merge=1,delta=2
    11                           	psect	text3,local,class=CODE,merge=1,delta=2
    12                           	psect	text4,local,class=CODE,merge=1,delta=2
    13                           	psect	text5,local,class=CODE,merge=1,delta=2
    14                           	psect	config,global,abs,ovrld,class=CONFIG,space=4,delta=2,noexec
    15                           	dabs	1,0x7E,2
    16     0000                     
    17                           ; Generated 07/09/2023 GMT
    18                           ; 
    19                           ; Copyright © 2023, Microchip Technology Inc. and its subsidiaries ("Microchip")
    20                           ; All rights reserved.
    21                           ; 
    22                           ; This software is developed by Microchip Technology Inc. and its subsidiaries ("Microch
      +                          ip").
    23                           ; 
    24                           ; Redistribution and use in source and binary forms, with or without modification, are
    25                           ; permitted provided that the following conditions are met:
    26                           ; 
    27                           ;     1. Redistributions of source code must retain the above copyright notice, this lis
      +                          t of
    28                           ;        conditions and the following disclaimer.
    29                           ; 
    30                           ;     2. Redistributions in binary form must reproduce the above copyright notice, this 
      +                          list
    31                           ;        of conditions and the following disclaimer in the documentation and/or other
    32                           ;        materials provided with the distribution. Publication is not required when
    33                           ;        this file is used in an embedded application.
    34                           ; 
    35                           ;     3. Microchip's name may not be used to endorse or promote products derived from th
      +                          is
    36                           ;        software without specific prior written permission.
    37                           ; 
    38                           ; THIS SOFTWARE IS PROVIDED BY MICROCHIP "AS IS" AND ANY EXPRESS OR IMPLIED WARRANTIES,
    39                           ; INCLUDING, BUT NOT LIMITED TO, THE IMPLIED WARRANTIES OF MERCHANTABILITY AND FITNESS F
      +                          OR
    40                           ; PURPOSE ARE DISCLAIMED.  IN NO EVENT SHALL MICROCHIP BE LIABLE FOR ANY DIRECT, INDIREC
      +                          T,
    41                           ; INCIDENTAL, SPECIAL, EXEMPLARY, OR CONSEQUENTIAL DAMAGES (INCLUDING BUT NOT LIMITED TO
    42                           ; PROCUREMENT OF SUBSTITUTE GOODS OR SERVICES; LOSS OF USE, DATA OR PROFITS; OR BUSINESS
    43                           ; INTERRUPTION) HOWSOEVER CAUSED AND ON ANY THEORY OF LIABILITY, WHETHER IN CONTRACT, ST
      +                          RICT
    44                           ; LIABILITY, OR TORT (INCLUDING NEGLIGENCE OR OTHERWISE) ARISING IN ANY WAY OUT OF THE U
      +                          SE OF
    45                           ; THIS SOFTWARE, EVEN IF ADVISED OF THE POSSIBILITY OF SUCH DAMAGE.
    46                           ; 
    47                           ; 
    48                           ; Code-generator required, PIC16F1718 Definitions
    49                           ; 
    50                           ; SFR Addresses
    51     0000                     	;# 
    52     0001                     	;# 
    53     0002                     	;# 
    54     0003                     	;# 
    55     0004                     	;# 
    56     0005                     	;# 
    57     0006                     	;# 
    58     0007                     	;# 
    59     0008                     	;# 
    60     0009                     	;# 
    61     000A                     	;# 
    62     000B                     	;# 
    63     000C                     	;# 
    64     000D                     	;# 
    65     000E                     	;# 
    66     0010                     	;# 
    67     0011                     	;# 
    68     0012                     	;# 
    69     0013                     	;# 
    70     0015                     	;# 
    71     0016                     	;# 
    72     0016                     	;# 
    73     0017                     	;# 
    74     0018                     	;# 
    75     0019                     	;# 
    76     001A                     	;# 
    77     001B                     	;# 
    78     001C                     	;# 
    79     008C                     	;# 
    80     008D                     	;# 
    81     008E                     	;# 
    82     0090                     	;# 
    83     0091                     	;# 
    84     0092                     	;# 
    85     0093                     	;# 
    86     0095                     	;# 
    87     0096                     	;# 
    88     0097                     	;# 
    89     0098                     	;# 
    90     0099                     	;# 
    91     009A                     	;# 
    92     009B                     	;# 
    93     009B                     	;# 
    94     009C                     	;# 
    95     009D                     	;# 
    96     009E                     	;# 
    97     009F                     	;# 
    98     010C                     	;# 
    99     010D                     	;# 
   100     010E                     	;# 
   101     0111                     	;# 
   102     0112                     	;# 
   103     0113                     	;# 
   104     0114                     	;# 
   105     0115                     	;# 
   106     0116                     	;# 
   107     0117                     	;# 
   108     0118                     	;# 
   109     0119                     	;# 
   110     011A                     	;# 
   111     011B                     	;# 
   112     011B                     	;# 
   113     011C                     	;# 
   114     018C                     	;# 
   115     018D                     	;# 
   116     018E                     	;# 
   117     0191                     	;# 
   118     0191                     	;# 
   119     0192                     	;# 
   120     0193                     	;# 
   121     0193                     	;# 
   122     0194                     	;# 
   123     0195                     	;# 
   124     0196                     	;# 
   125     0197                     	;# 
   126     0199                     	;# 
   127     0199                     	;# 
   128     0199                     	;# 
   129     019A                     	;# 
   130     019A                     	;# 
   131     019A                     	;# 
   132     019B                     	;# 
   133     019B                     	;# 
   134     019B                     	;# 
   135     019B                     	;# 
   136     019B                     	;# 
   137     019C                     	;# 
   138     019C                     	;# 
   139     019C                     	;# 
   140     019D                     	;# 
   141     019D                     	;# 
   142     019D                     	;# 
   143     019E                     	;# 
   144     019E                     	;# 
   145     019E                     	;# 
   146     019F                     	;# 
   147     019F                     	;# 
   148     019F                     	;# 
   149     019F                     	;# 
   150     019F                     	;# 
   151     020C                     	;# 
   152     020D                     	;# 
   153     020E                     	;# 
   154     0210                     	;# 
   155     0211                     	;# 
   156     0211                     	;# 
   157     0212                     	;# 
   158     0212                     	;# 
   159     0213                     	;# 
   160     0213                     	;# 
   161     0214                     	;# 
   162     0214                     	;# 
   163     0215                     	;# 
   164     0215                     	;# 
   165     0215                     	;# 
   166     0215                     	;# 
   167     0216                     	;# 
   168     0216                     	;# 
   169     0217                     	;# 
   170     0217                     	;# 
   171     028C                     	;# 
   172     028D                     	;# 
   173     028E                     	;# 
   174     0291                     	;# 
   175     0291                     	;# 
   176     0292                     	;# 
   177     0293                     	;# 
   178     0293                     	;# 
   179     0298                     	;# 
   180     0298                     	;# 
   181     0299                     	;# 
   182     029A                     	;# 
   183     029A                     	;# 
   184     029E                     	;# 
   185     030C                     	;# 
   186     030D                     	;# 
   187     030E                     	;# 
   188     038C                     	;# 
   189     038D                     	;# 
   190     038E                     	;# 
   191     0390                     	;# 
   192     0391                     	;# 
   193     0392                     	;# 
   194     0393                     	;# 
   195     0394                     	;# 
   196     0395                     	;# 
   197     0396                     	;# 
   198     0397                     	;# 
   199     0398                     	;# 
   200     0399                     	;# 
   201     039D                     	;# 
   202     039E                     	;# 
   203     039F                     	;# 
   204     0415                     	;# 
   205     0416                     	;# 
   206     0417                     	;# 
   207     041C                     	;# 
   208     041D                     	;# 
   209     041E                     	;# 
   210     0498                     	;# 
   211     0498                     	;# 
   212     0499                     	;# 
   213     049A                     	;# 
   214     049B                     	;# 
   215     049B                     	;# 
   216     049C                     	;# 
   217     049D                     	;# 
   218     049E                     	;# 
   219     049F                     	;# 
   220     0511                     	;# 
   221     0515                     	;# 
   222     0617                     	;# 
   223     0618                     	;# 
   224     0619                     	;# 
   225     0619                     	;# 
   226     061A                     	;# 
   227     061B                     	;# 
   228     061C                     	;# 
   229     061C                     	;# 
   230     0691                     	;# 
   231     0692                     	;# 
   232     0693                     	;# 
   233     0694                     	;# 
   234     0695                     	;# 
   235     0696                     	;# 
   236     0697                     	;# 
   237     0698                     	;# 
   238     0699                     	;# 
   239     069A                     	;# 
   240     069B                     	;# 
   241     069C                     	;# 
   242     069D                     	;# 
   243     069E                     	;# 
   244     069F                     	;# 
   245     0E0F                     	;# 
   246     0E10                     	;# 
   247     0E11                     	;# 
   248     0E12                     	;# 
   249     0E13                     	;# 
   250     0E14                     	;# 
   251     0E15                     	;# 
   252     0E17                     	;# 
   253     0E20                     	;# 
   254     0E21                     	;# 
   255     0E22                     	;# 
   256     0E24                     	;# 
   257     0E25                     	;# 
   258     0E28                     	;# 
   259     0E29                     	;# 
   260     0E2A                     	;# 
   261     0E2B                     	;# 
   262     0E90                     	;# 
   263     0E91                     	;# 
   264     0E92                     	;# 
   265     0E93                     	;# 
   266     0E94                     	;# 
   267     0E95                     	;# 
   268     0E96                     	;# 
   269     0E97                     	;# 
   270     0E98                     	;# 
   271     0E99                     	;# 
   272     0E9A                     	;# 
   273     0E9B                     	;# 
   274     0E9C                     	;# 
   275     0E9D                     	;# 
   276     0E9E                     	;# 
   277     0E9F                     	;# 
   278     0EA0                     	;# 
   279     0EA1                     	;# 
   280     0EA2                     	;# 
   281     0EA3                     	;# 
   282     0EA4                     	;# 
   283     0EA5                     	;# 
   284     0EA6                     	;# 
   285     0EA7                     	;# 
   286     0F0F                     	;# 
   287     0F10                     	;# 
   288     0F11                     	;# 
   289     0F12                     	;# 
   290     0F13                     	;# 
   291     0F14                     	;# 
   292     0F15                     	;# 
   293     0F16                     	;# 
   294     0F17                     	;# 
   295     0F18                     	;# 
   296     0F19                     	;# 
   297     0F1A                     	;# 
   298     0F1B                     	;# 
   299     0F1C                     	;# 
   300     0F1D                     	;# 
   301     0F1E                     	;# 
   302     0F1F                     	;# 
   303     0F20                     	;# 
   304     0F21                     	;# 
   305     0F22                     	;# 
   306     0F23                     	;# 
   307     0F24                     	;# 
   308     0F25                     	;# 
   309     0F26                     	;# 
   310     0F27                     	;# 
   311     0F28                     	;# 
   312     0F29                     	;# 
   313     0F2A                     	;# 
   314     0F2B                     	;# 
   315     0F2C                     	;# 
   316     0F2D                     	;# 
   317     0F2E                     	;# 
   318     0F2F                     	;# 
   319     0F30                     	;# 
   320     0F31                     	;# 
   321     0F32                     	;# 
   322     0F33                     	;# 
   323     0F34                     	;# 
   324     0F35                     	;# 
   325     0F36                     	;# 
   326     0F37                     	;# 
   327     0FE4                     	;# 
   328     0FE5                     	;# 
   329     0FE6                     	;# 
   330     0FE7                     	;# 
   331     0FE8                     	;# 
   332     0FE9                     	;# 
   333     0FEA                     	;# 
   334     0FEB                     	;# 
   335     0FED                     	;# 
   336     0FEE                     	;# 
   337     0FEF                     	;# 
   338     0000                     	;# 
   339     0001                     	;# 
   340     0002                     	;# 
   341     0003                     	;# 
   342     0004                     	;# 
   343     0005                     	;# 
   344     0006                     	;# 
   345     0007                     	;# 
   346     0008                     	;# 
   347     0009                     	;# 
   348     000A                     	;# 
   349     000B                     	;# 
   350     000C                     	;# 
   351     000D                     	;# 
   352     000E                     	;# 
   353     0010                     	;# 
   354     0011                     	;# 
   355     0012                     	;# 
   356     0013                     	;# 
   357     0015                     	;# 
   358     0016                     	;# 
   359     0016                     	;# 
   360     0017                     	;# 
   361     0018                     	;# 
   362     0019                     	;# 
   363     001A                     	;# 
   364     001B                     	;# 
   365     001C                     	;# 
   366     008C                     	;# 
   367     008D                     	;# 
   368     008E                     	;# 
   369     0090                     	;# 
   370     0091                     	;# 
   371     0092                     	;# 
   372     0093                     	;# 
   373     0095                     	;# 
   374     0096                     	;# 
   375     0097                     	;# 
   376     0098                     	;# 
   377     0099                     	;# 
   378     009A                     	;# 
   379     009B                     	;# 
   380     009B                     	;# 
   381     009C                     	;# 
   382     009D                     	;# 
   383     009E                     	;# 
   384     009F                     	;# 
   385     010C                     	;# 
   386     010D                     	;# 
   387     010E                     	;# 
   388     0111                     	;# 
   389     0112                     	;# 
   390     0113                     	;# 
   391     0114                     	;# 
   392     0115                     	;# 
   393     0116                     	;# 
   394     0117                     	;# 
   395     0118                     	;# 
   396     0119                     	;# 
   397     011A                     	;# 
   398     011B                     	;# 
   399     011B                     	;# 
   400     011C                     	;# 
   401     018C                     	;# 
   402     018D                     	;# 
   403     018E                     	;# 
   404     0191                     	;# 
   405     0191                     	;# 
   406     0192                     	;# 
   407     0193                     	;# 
   408     0193                     	;# 
   409     0194                     	;# 
   410     0195                     	;# 
   411     0196                     	;# 
   412     0197                     	;# 
   413     0199                     	;# 
   414     0199                     	;# 
   415     0199                     	;# 
   416     019A                     	;# 
   417     019A                     	;# 
   418     019A                     	;# 
   419     019B                     	;# 
   420     019B                     	;# 
   421     019B                     	;# 
   422     019B                     	;# 
   423     019B                     	;# 
   424     019C                     	;# 
   425     019C                     	;# 
   426     019C                     	;# 
   427     019D                     	;# 
   428     019D                     	;# 
   429     019D                     	;# 
   430     019E                     	;# 
   431     019E                     	;# 
   432     019E                     	;# 
   433     019F                     	;# 
   434     019F                     	;# 
   435     019F                     	;# 
   436     019F                     	;# 
   437     019F                     	;# 
   438     020C                     	;# 
   439     020D                     	;# 
   440     020E                     	;# 
   441     0210                     	;# 
   442     0211                     	;# 
   443     0211                     	;# 
   444     0212                     	;# 
   445     0212                     	;# 
   446     0213                     	;# 
   447     0213                     	;# 
   448     0214                     	;# 
   449     0214                     	;# 
   450     0215                     	;# 
   451     0215                     	;# 
   452     0215                     	;# 
   453     0215                     	;# 
   454     0216                     	;# 
   455     0216                     	;# 
   456     0217                     	;# 
   457     0217                     	;# 
   458     028C                     	;# 
   459     028D                     	;# 
   460     028E                     	;# 
   461     0291                     	;# 
   462     0291                     	;# 
   463     0292                     	;# 
   464     0293                     	;# 
   465     0293                     	;# 
   466     0298                     	;# 
   467     0298                     	;# 
   468     0299                     	;# 
   469     029A                     	;# 
   470     029A                     	;# 
   471     029E                     	;# 
   472     030C                     	;# 
   473     030D                     	;# 
   474     030E                     	;# 
   475     038C                     	;# 
   476     038D                     	;# 
   477     038E                     	;# 
   478     0390                     	;# 
   479     0391                     	;# 
   480     0392                     	;# 
   481     0393                     	;# 
   482     0394                     	;# 
   483     0395                     	;# 
   484     0396                     	;# 
   485     0397                     	;# 
   486     0398                     	;# 
   487     0399                     	;# 
   488     039D                     	;# 
   489     039E                     	;# 
   490     039F                     	;# 
   491     0415                     	;# 
   492     0416                     	;# 
   493     0417                     	;# 
   494     041C                     	;# 
   495     041D                     	;# 
   496     041E                     	;# 
   497     0498                     	;# 
   498     0498                     	;# 
   499     0499                     	;# 
   500     049A                     	;# 
   501     049B                     	;# 
   502     049B                     	;# 
   503     049C                     	;# 
   504     049D                     	;# 
   505     049E                     	;# 
   506     049F                     	;# 
   507     0511                     	;# 
   508     0515                     	;# 
   509     0617                     	;# 
   510     0618                     	;# 
   511     0619                     	;# 
   512     0619                     	;# 
   513     061A                     	;# 
   514     061B                     	;# 
   515     061C                     	;# 
   516     061C                     	;# 
   517     0691                     	;# 
   518     0692                     	;# 
   519     0693                     	;# 
   520     0694                     	;# 
   521     0695                     	;# 
   522     0696                     	;# 
   523     0697                     	;# 
   524     0698                     	;# 
   525     0699                     	;# 
   526     069A                     	;# 
   527     069B                     	;# 
   528     069C                     	;# 
   529     069D                     	;# 
   530     069E                     	;# 
   531     069F                     	;# 
   532     0E0F                     	;# 
   533     0E10                     	;# 
   534     0E11                     	;# 
   535     0E12                     	;# 
   536     0E13                     	;# 
   537     0E14                     	;# 
   538     0E15                     	;# 
   539     0E17                     	;# 
   540     0E20                     	;# 
   541     0E21                     	;# 
   542     0E22                     	;# 
   543     0E24                     	;# 
   544     0E25                     	;# 
   545     0E28                     	;# 
   546     0E29                     	;# 
   547     0E2A                     	;# 
   548     0E2B                     	;# 
   549     0E90                     	;# 
   550     0E91                     	;# 
   551     0E92                     	;# 
   552     0E93                     	;# 
   553     0E94                     	;# 
   554     0E95                     	;# 
   555     0E96                     	;# 
   556     0E97                     	;# 
   557     0E98                     	;# 
   558     0E99                     	;# 
   559     0E9A                     	;# 
   560     0E9B                     	;# 
   561     0E9C                     	;# 
   562     0E9D                     	;# 
   563     0E9E                     	;# 
   564     0E9F                     	;# 
   565     0EA0                     	;# 
   566     0EA1                     	;# 
   567     0EA2                     	;# 
   568     0EA3                     	;# 
   569     0EA4                     	;# 
   570     0EA5                     	;# 
   571     0EA6                     	;# 
   572     0EA7                     	;# 
   573     0F0F                     	;# 
   574     0F10                     	;# 
   575     0F11                     	;# 
   576     0F12                     	;# 
   577     0F13                     	;# 
   578     0F14                     	;# 
   579     0F15                     	;# 
   580     0F16                     	;# 
   581     0F17                     	;# 
   582     0F18                     	;# 
   583     0F19                     	;# 
   584     0F1A                     	;# 
   585     0F1B                     	;# 
   586     0F1C                     	;# 
   587     0F1D                     	;# 
   588     0F1E                     	;# 
   589     0F1F                     	;# 
   590     0F20                     	;# 
   591     0F21                     	;# 
   592     0F22                     	;# 
   593     0F23                     	;# 
   594     0F24                     	;# 
   595     0F25                     	;# 
   596     0F26                     	;# 
   597     0F27                     	;# 
   598     0F28                     	;# 
   599     0F29                     	;# 
   600     0F2A                     	;# 
   601     0F2B                     	;# 
   602     0F2C                     	;# 
   603     0F2D                     	;# 
   604     0F2E                     	;# 
   605     0F2F                     	;# 
   606     0F30                     	;# 
   607     0F31                     	;# 
   608     0F32                     	;# 
   609     0F33                     	;# 
   610     0F34                     	;# 
   611     0F35                     	;# 
   612     0F36                     	;# 
   613     0F37                     	;# 
   614     0FE4                     	;# 
   615     0FE5                     	;# 
   616     0FE6                     	;# 
   617     0FE7                     	;# 
   618     0FE8                     	;# 
   619     0FE9                     	;# 
   620     0FEA                     	;# 
   621     0FEB                     	;# 
   622     0FED                     	;# 
   623     0FEE                     	;# 
   624     0FEF                     	;# 
   625     0000                     	;# 
   626     0001                     	;# 
   627     0002                     	;# 
   628     0003                     	;# 
   629     0004                     	;# 
   630     0005                     	;# 
   631     0006                     	;# 
   632     0007                     	;# 
   633     0008                     	;# 
   634     0009                     	;# 
   635     000A                     	;# 
   636     000B                     	;# 
   637     000C                     	;# 
   638     000D                     	;# 
   639     000E                     	;# 
   640     0010                     	;# 
   641     0011                     	;# 
   642     0012                     	;# 
   643     0013                     	;# 
   644     0015                     	;# 
   645     0016                     	;# 
   646     0016                     	;# 
   647     0017                     	;# 
   648     0018                     	;# 
   649     0019                     	;# 
   650     001A                     	;# 
   651     001B                     	;# 
   652     001C                     	;# 
   653     008C                     	;# 
   654     008D                     	;# 
   655     008E                     	;# 
   656     0090                     	;# 
   657     0091                     	;# 
   658     0092                     	;# 
   659     0093                     	;# 
   660     0095                     	;# 
   661     0096                     	;# 
   662     0097                     	;# 
   663     0098                     	;# 
   664     0099                     	;# 
   665     009A                     	;# 
   666     009B                     	;# 
   667     009B                     	;# 
   668     009C                     	;# 
   669     009D                     	;# 
   670     009E                     	;# 
   671     009F                     	;# 
   672     010C                     	;# 
   673     010D                     	;# 
   674     010E                     	;# 
   675     0111                     	;# 
   676     0112                     	;# 
   677     0113                     	;# 
   678     0114                     	;# 
   679     0115                     	;# 
   680     0116                     	;# 
   681     0117                     	;# 
   682     0118                     	;# 
   683     0119                     	;# 
   684     011A                     	;# 
   685     011B                     	;# 
   686     011B                     	;# 
   687     011C                     	;# 
   688     018C                     	;# 
   689     018D                     	;# 
   690     018E                     	;# 
   691     0191                     	;# 
   692     0191                     	;# 
   693     0192                     	;# 
   694     0193                     	;# 
   695     0193                     	;# 
   696     0194                     	;# 
   697     0195                     	;# 
   698     0196                     	;# 
   699     0197                     	;# 
   700     0199                     	;# 
   701     0199                     	;# 
   702     0199                     	;# 
   703     019A                     	;# 
   704     019A                     	;# 
   705     019A                     	;# 
   706     019B                     	;# 
   707     019B                     	;# 
   708     019B                     	;# 
   709     019B                     	;# 
   710     019B                     	;# 
   711     019C                     	;# 
   712     019C                     	;# 
   713     019C                     	;# 
   714     019D                     	;# 
   715     019D                     	;# 
   716     019D                     	;# 
   717     019E                     	;# 
   718     019E                     	;# 
   719     019E                     	;# 
   720     019F                     	;# 
   721     019F                     	;# 
   722     019F                     	;# 
   723     019F                     	;# 
   724     019F                     	;# 
   725     020C                     	;# 
   726     020D                     	;# 
   727     020E                     	;# 
   728     0210                     	;# 
   729     0211                     	;# 
   730     0211                     	;# 
   731     0212                     	;# 
   732     0212                     	;# 
   733     0213                     	;# 
   734     0213                     	;# 
   735     0214                     	;# 
   736     0214                     	;# 
   737     0215                     	;# 
   738     0215                     	;# 
   739     0215                     	;# 
   740     0215                     	;# 
   741     0216                     	;# 
   742     0216                     	;# 
   743     0217                     	;# 
   744     0217                     	;# 
   745     028C                     	;# 
   746     028D                     	;# 
   747     028E                     	;# 
   748     0291                     	;# 
   749     0291                     	;# 
   750     0292                     	;# 
   751     0293                     	;# 
   752     0293                     	;# 
   753     0298                     	;# 
   754     0298                     	;# 
   755     0299                     	;# 
   756     029A                     	;# 
   757     029A                     	;# 
   758     029E                     	;# 
   759     030C                     	;# 
   760     030D                     	;# 
   761     030E                     	;# 
   762     038C                     	;# 
   763     038D                     	;# 
   764     038E                     	;# 
   765     0390                     	;# 
   766     0391                     	;# 
   767     0392                     	;# 
   768     0393                     	;# 
   769     0394                     	;# 
   770     0395                     	;# 
   771     0396                     	;# 
   772     0397                     	;# 
   773     0398                     	;# 
   774     0399                     	;# 
   775     039D                     	;# 
   776     039E                     	;# 
   777     039F                     	;# 
   778     0415                     	;# 
   779     0416                     	;# 
   780     0417                     	;# 
   781     041C                     	;# 
   782     041D                     	;# 
   783     041E                     	;# 
   784     0498                     	;# 
   785     0498                     	;# 
   786     0499                     	;# 
   787     049A                     	;# 
   788     049B                     	;# 
   789     049B                     	;# 
   790     049C                     	;# 
   791     049D                     	;# 
   792     049E                     	;# 
   793     049F                     	;# 
   794     0511                     	;# 
   795     0515                     	;# 
   796     0617                     	;# 
   797     0618                     	;# 
   798     0619                     	;# 
   799     0619                     	;# 
   800     061A                     	;# 
   801     061B                     	;# 
   802     061C                     	;# 
   803     061C                     	;# 
   804     0691                     	;# 
   805     0692                     	;# 
   806     0693                     	;# 
   807     0694                     	;# 
   808     0695                     	;# 
   809     0696                     	;# 
   810     0697                     	;# 
   811     0698                     	;# 
   812     0699                     	;# 
   813     069A                     	;# 
   814     069B                     	;# 
   815     069C                     	;# 
   816     069D                     	;# 
   817     069E                     	;# 
   818     069F                     	;# 
   819     0E0F                     	;# 
   820     0E10                     	;# 
   821     0E11                     	;# 
   822     0E12                     	;# 
   823     0E13                     	;# 
   824     0E14                     	;# 
   825     0E15                     	;# 
   826     0E17                     	;# 
   827     0E20                     	;# 
   828     0E21                     	;# 
   829     0E22                     	;# 
   830     0E24                     	;# 
   831     0E25                     	;# 
   832     0E28                     	;# 
   833     0E29                     	;# 
   834     0E2A                     	;# 
   835     0E2B                     	;# 
   836     0E90                     	;# 
   837     0E91                     	;# 
   838     0E92                     	;# 
   839     0E93                     	;# 
   840     0E94                     	;# 
   841     0E95                     	;# 
   842     0E96                     	;# 
   843     0E97                     	;# 
   844     0E98                     	;# 
   845     0E99                     	;# 
   846     0E9A                     	;# 
   847     0E9B                     	;# 
   848     0E9C                     	;# 
   849     0E9D                     	;# 
   850     0E9E                     	;# 
   851     0E9F                     	;# 
   852     0EA0                     	;# 
   853     0EA1                     	;# 
   854     0EA2                     	;# 
   855     0EA3                     	;# 
   856     0EA4                     	;# 
   857     0EA5                     	;# 
   858     0EA6                     	;# 
   859     0EA7                     	;# 
   860     0F0F                     	;# 
   861     0F10                     	;# 
   862     0F11                     	;# 
   863     0F12                     	;# 
   864     0F13                     	;# 
   865     0F14                     	;# 
   866     0F15                     	;# 
   867     0F16                     	;# 
   868     0F17                     	;# 
   869     0F18                     	;# 
   870     0F19                     	;# 
   871     0F1A                     	;# 
   872     0F1B                     	;# 
   873     0F1C                     	;# 
   874     0F1D                     	;# 
   875     0F1E                     	;# 
   876     0F1F                     	;# 
   877     0F20                     	;# 
   878     0F21                     	;# 
   879     0F22                     	;# 
   880     0F23                     	;# 
   881     0F24                     	;# 
   882     0F25                     	;# 
   883     0F26                     	;# 
   884     0F27                     	;# 
   885     0F28                     	;# 
   886     0F29                     	;# 
   887     0F2A                     	;# 
   888     0F2B                     	;# 
   889     0F2C                     	;# 
   890     0F2D                     	;# 
   891     0F2E                     	;# 
   892     0F2F                     	;# 
   893     0F30                     	;# 
   894     0F31                     	;# 
   895     0F32                     	;# 
   896     0F33                     	;# 
   897     0F34                     	;# 
   898     0F35                     	;# 
   899     0F36                     	;# 
   900     0F37                     	;# 
   901     0FE4                     	;# 
   902     0FE5                     	;# 
   903     0FE6                     	;# 
   904     0FE7                     	;# 
   905     0FE8                     	;# 
   906     0FE9                     	;# 
   907     0FEA                     	;# 
   908     0FEB                     	;# 
   909     0FED                     	;# 
   910     0FEE                     	;# 
   911     0FEF                     	;# 
   912     008D                     _TRISBbits	set	141
   913     0469                     _TRISB1	set	1129
   914     0468                     _TRISB0	set	1128
   915     04CF                     _SPLLEN	set	1231
   916     04CE                     _IRCF3	set	1230
   917     04CD                     _IRCF2	set	1229
   918     04CC                     _IRCF1	set	1228
   919     04CB                     _IRCF0	set	1227
   920     04C9                     _SCS1	set	1225
   921     04C8                     _SCS0	set	1224
   922     010D                     _LATBbits	set	269
   923     018D                     _ANSELBbits	set	397
   924                           
   925                           	psect	stringtext1
   926     0800                     __pstringtext1:
   927     0800                     STR_1:
   928     0800  3448               	retlw	72	;'H'
   929     0801  3465               	retlw	101	;'e'
   930     0802  346C               	retlw	108	;'l'
   931     0803  346C               	retlw	108	;'l'
   932     0804  346F               	retlw	111	;'o'
   933     0805  3400               	retlw	0
   934                           
   935                           	psect	stringtext2
   936     0000                     __pstringtext2:
   937                           
   938                           	psect	cinit
   939     07FD                     start_initialization:	
   940                           ; #config settings
   941                           
   942     07FD                     __initialization:
   943     07FD                     end_of_initialization:	
   944                           ;End of C runtime variable initialization code
   945                           
   946     07FD                     __end_of__initialization:
   947     07FD  0020               	movlb	0
   948     07FE  3187  2F9C         	ljmp	_main	;jump to C main() function
   949                           
   950                           	psect	cstackCOMMON
   951     0070                     __pcstackCOMMON:
   952     0070                     ?_SUART_Init:
   953     0070                     ??_SUART_Init:	
   954                           ; 1 bytes @ 0x0
   955                           
   956     0070                     ?_internal_16:	
   957                           ; 1 bytes @ 0x0
   958                           
   959     0070                     ??_internal_16:	
   960                           ; 1 bytes @ 0x0
   961                           
   962     0070                     ?_initMain:	
   963                           ; 1 bytes @ 0x0
   964                           
   965     0070                     ??_initMain:	
   966                           ; 1 bytes @ 0x0
   967                           
   968     0070                     ?_main:	
   969                           ; 1 bytes @ 0x0
   970                           
   971     0070                     ?_SUART_Transmit:	
   972                           ; 1 bytes @ 0x0
   973                           
   974     0070                     ??_SUART_Transmit:	
   975                           ; 1 bytes @ 0x0
   976                           
   977                           
   978                           ; 1 bytes @ 0x0
   979     0070                     	ds	1
   980     0071                     SUART_Transmit@DataValue:
   981                           
   982                           ; 1 bytes @ 0x1
   983     0071                     	ds	1
   984     0072                     SUART_Transmit@i:
   985                           
   986                           ; 1 bytes @ 0x2
   987     0072                     	ds	1
   988     0073                     ?_SUART_Write_Text:
   989     0073                     SUART_Write_Text@text:	
   990                           ; 1 bytes @ 0x3
   991                           
   992                           
   993                           ; 2 bytes @ 0x3
   994     0073                     	ds	2
   995     0075                     ??_SUART_Write_Text:
   996                           
   997                           ; 1 bytes @ 0x5
   998     0075                     	ds	1
   999     0076                     SUART_Write_Text@i:
  1000                           
  1001                           ; 2 bytes @ 0x6
  1002     0076                     	ds	2
  1003     0078                     ??_main:
  1004                           
  1005                           ; 1 bytes @ 0x8
  1006     0078                     	ds	2
  1007                           
  1008                           	psect	maintext
  1009     079C                     __pmaintext:	
  1010 ;;
  1011 ;;Main: autosize = 0, tempsize = 2, incstack = 0, save=0
  1012 ;;
  1013 ;; *************** function _main *****************
  1014 ;; Defined at:
  1015 ;;		line 62 in file "main.c"
  1016 ;; Parameters:    Size  Location     Type
  1017 ;;		None
  1018 ;; Auto vars:     Size  Location     Type
  1019 ;;		None
  1020 ;; Return value:  Size  Location     Type
  1021 ;;                  1    wreg      void 
  1022 ;; Registers used:
  1023 ;;		wreg, fsr0l, fsr0h, status,2, status,0, pclath, cstack
  1024 ;; Tracked objects:
  1025 ;;		On entry : B1F/0
  1026 ;;		On exit  : 0/0
  1027 ;;		Unchanged: 0/0
  1028 ;; Data sizes:     COMMON   BANK0   BANK1   BANK2   BANK3   BANK4   BANK5   BANK6   BANK7   BANK8   BANK9  BANK10  BANK1
      +1  BANK12  BANK13  BANK14  BANK15  BANK16  BANK17  BANK18  BANK19  BANK20  BANK21  BANK22  BANK23  BANK24  BANK25
  1029 ;;      Params:         0       0       0       0       0       0       0       0       0       0       0       0       
      +0       0       0       0       0       0       0       0       0       0       0       0       0       0       0
  1030 ;;      Locals:         0       0       0       0       0       0       0       0       0       0       0       0       
      +0       0       0       0       0       0       0       0       0       0       0       0       0       0       0
  1031 ;;      Temps:          2       0       0       0       0       0       0       0       0       0       0       0       
      +0       0       0       0       0       0       0       0       0       0       0       0       0       0       0
  1032 ;;      Totals:         2       0       0       0       0       0       0       0       0       0       0       0       
      +0       0       0       0       0       0       0       0       0       0       0       0       0       0       0
  1033 ;;Total ram usage:        2 bytes
  1034 ;; Hardware stack levels required when called: 2
  1035 ;; This function calls:
  1036 ;;		_SUART_Init
  1037 ;;		_SUART_Write_Text
  1038 ;;		_initMain
  1039 ;; This function is called by:
  1040 ;;		Startup code after reset
  1041 ;; This function uses a non-reentrant model
  1042 ;;
  1043                           
  1044     079C                     _main:	
  1045                           ;psect for function _main
  1046                           
  1047     079C                     l734:	
  1048                           ;incstack = 0
  1049                           ; Regs used in _main: [wreg-fsr0h+status,2+status,0+pclath+cstack]
  1050                           
  1051                           
  1052                           ;main.c: 63:     initMain();
  1053     079C  3187  276B  3187   	fcall	_initMain
  1054     079F                     l736:
  1055                           
  1056                           ;main.c: 66:      SUART_Init();
  1057     079F  3187  275C  3187   	fcall	_SUART_Init
  1058                           
  1059                           ;main.c: 67:      _delay((unsigned long)((1000)*(32000000/4000.0)));
  1060     07A2  3029               	movlw	41
  1061     07A3  00F9               	movwf	??_main+1
  1062     07A4  3096               	movlw	150
  1063     07A5  00F8               	movwf	??_main
  1064     07A6  307F               	movlw	127
  1065     07A7                     u127:
  1066     07A7  0B89               	decfsz	9,f
  1067     07A8  2FA7               	goto	u127
  1068     07A9  0BF8               	decfsz	??_main,f
  1069     07AA  2FA7               	goto	u127
  1070     07AB  0BF9               	decfsz	??_main+1,f
  1071     07AC  2FA7               	goto	u127
  1072     07AD  0000               	nop
  1073     07AE                     l738:
  1074                           
  1075                           ;main.c: 71:       SUART_Write_Text("Hello");
  1076     07AE  3000               	movlw	low (STR_1| (0+32768))
  1077     07AF  00F3               	movwf	SUART_Write_Text@text
  1078     07B0  3088               	movlw	high (STR_1| (0+32768))
  1079     07B1  00F4               	movwf	SUART_Write_Text@text+1
  1080     07B2  3187  277F  3187   	fcall	_SUART_Write_Text
  1081     07B5                     l740:
  1082                           
  1083                           ;main.c: 72:       _delay((unsigned long)((1000)*(32000000/4000.0)));
  1084     07B5  3029               	movlw	41
  1085     07B6  00F9               	movwf	??_main+1
  1086     07B7  3096               	movlw	150
  1087     07B8  00F8               	movwf	??_main
  1088     07B9  307F               	movlw	127
  1089     07BA                     u137:
  1090     07BA  0B89               	decfsz	9,f
  1091     07BB  2FBA               	goto	u137
  1092     07BC  0BF8               	decfsz	??_main,f
  1093     07BD  2FBA               	goto	u137
  1094     07BE  0BF9               	decfsz	??_main+1,f
  1095     07BF  2FBA               	goto	u137
  1096     07C0  0000               	nop
  1097     07C1  2FAE               	goto	l738
  1098     07C2  3180  2803         	ljmp	start
  1099     07C4                     __end_of_main:
  1100                           
  1101                           	psect	text1
  1102     076B                     __ptext1:	
  1103 ;; *************** function _initMain *****************
  1104 ;; Defined at:
  1105 ;;		line 43 in file "main.c"
  1106 ;; Parameters:    Size  Location     Type
  1107 ;;		None
  1108 ;; Auto vars:     Size  Location     Type
  1109 ;;		None
  1110 ;; Return value:  Size  Location     Type
  1111 ;;                  1    wreg      void 
  1112 ;; Registers used:
  1113 ;;		wreg, status,2, status,0, pclath, cstack
  1114 ;; Tracked objects:
  1115 ;;		On entry : 0/0
  1116 ;;		On exit  : 0/0
  1117 ;;		Unchanged: 0/0
  1118 ;; Data sizes:     COMMON   BANK0   BANK1   BANK2   BANK3   BANK4   BANK5   BANK6   BANK7   BANK8   BANK9  BANK10  BANK1
      +1  BANK12  BANK13  BANK14  BANK15  BANK16  BANK17  BANK18  BANK19  BANK20  BANK21  BANK22  BANK23  BANK24  BANK25
  1119 ;;      Params:         0       0       0       0       0       0       0       0       0       0       0       0       
      +0       0       0       0       0       0       0       0       0       0       0       0       0       0       0
  1120 ;;      Locals:         0       0       0       0       0       0       0       0       0       0       0       0       
      +0       0       0       0       0       0       0       0       0       0       0       0       0       0       0
  1121 ;;      Temps:          2       0       0       0       0       0       0       0       0       0       0       0       
      +0       0       0       0       0       0       0       0       0       0       0       0       0       0       0
  1122 ;;      Totals:         2       0       0       0       0       0       0       0       0       0       0       0       
      +0       0       0       0       0       0       0       0       0       0       0       0       0       0       0
  1123 ;;Total ram usage:        2 bytes
  1124 ;; Hardware stack levels used: 1
  1125 ;; Hardware stack levels required when called: 1
  1126 ;; This function calls:
  1127 ;;		_internal_16
  1128 ;; This function is called by:
  1129 ;;		_main
  1130 ;; This function uses a non-reentrant model
  1131 ;;
  1132                           
  1133     076B                     _initMain:	
  1134                           ;psect for function _initMain
  1135                           
  1136     076B                     l652:	
  1137                           ;incstack = 0
  1138                           ; Regs used in _initMain: [wreg+status,2+status,0+pclath+cstack]
  1139                           
  1140                           
  1141                           ;main.c: 45:     internal_16();
  1142     076B  3187  2762  3187   	fcall	_internal_16
  1143     076E                     l654:
  1144                           
  1145                           ;main.c: 48:     _delay((unsigned long)((100)*(32000000/4000.0)));
  1146     076E  3005               	movlw	5
  1147     076F  00F1               	movwf	??_initMain+1
  1148     0770  300F               	movlw	15
  1149     0771  00F0               	movwf	??_initMain
  1150     0772  30F1               	movlw	241
  1151     0773                     u147:
  1152     0773  0B89               	decfsz	9,f
  1153     0774  2F73               	goto	u147
  1154     0775  0BF0               	decfsz	??_initMain,f
  1155     0776  2F73               	goto	u147
  1156     0777  0BF1               	decfsz	??_initMain+1,f
  1157     0778  2F73               	goto	u147
  1158     0779  0000               	nop
  1159     077A                     l656:
  1160                           
  1161                           ;main.c: 50:     TRISBbits.TRISB0 = 0;
  1162     077A  0021               	movlb	1	; select bank1
  1163     077B  100D               	bcf	13,0	;volatile
  1164     077C                     l658:
  1165                           
  1166                           ;main.c: 51:     ANSELBbits.ANSB0 = 0;
  1167     077C  0023               	movlb	3	; select bank3
  1168     077D  100D               	bcf	13,0	;volatile
  1169     077E                     l50:
  1170     077E  0008               	return
  1171     077F                     __end_of_initMain:
  1172                           
  1173                           	psect	text2
  1174     0762                     __ptext2:	
  1175 ;; *************** function _internal_16 *****************
  1176 ;; Defined at:
  1177 ;;		line 61 in file "PIC16F1718_Internal.c"
  1178 ;; Parameters:    Size  Location     Type
  1179 ;;		None
  1180 ;; Auto vars:     Size  Location     Type
  1181 ;;		None
  1182 ;; Return value:  Size  Location     Type
  1183 ;;                  1    wreg      void 
  1184 ;; Registers used:
  1185 ;;		None
  1186 ;; Tracked objects:
  1187 ;;		On entry : 0/0
  1188 ;;		On exit  : 0/0
  1189 ;;		Unchanged: 0/0
  1190 ;; Data sizes:     COMMON   BANK0   BANK1   BANK2   BANK3   BANK4   BANK5   BANK6   BANK7   BANK8   BANK9  BANK10  BANK1
      +1  BANK12  BANK13  BANK14  BANK15  BANK16  BANK17  BANK18  BANK19  BANK20  BANK21  BANK22  BANK23  BANK24  BANK25
  1191 ;;      Params:         0       0       0       0       0       0       0       0       0       0       0       0       
      +0       0       0       0       0       0       0       0       0       0       0       0       0       0       0
  1192 ;;      Locals:         0       0       0       0       0       0       0       0       0       0       0       0       
      +0       0       0       0       0       0       0       0       0       0       0       0       0       0       0
  1193 ;;      Temps:          0       0       0       0       0       0       0       0       0       0       0       0       
      +0       0       0       0       0       0       0       0       0       0       0       0       0       0       0
  1194 ;;      Totals:         0       0       0       0       0       0       0       0       0       0       0       0       
      +0       0       0       0       0       0       0       0       0       0       0       0       0       0       0
  1195 ;;Total ram usage:        0 bytes
  1196 ;; Hardware stack levels used: 1
  1197 ;; This function calls:
  1198 ;;		Nothing
  1199 ;; This function is called by:
  1200 ;;		_initMain
  1201 ;; This function uses a non-reentrant model
  1202 ;;
  1203                           
  1204     0762                     _internal_16:	
  1205                           ;psect for function _internal_16
  1206                           
  1207     0762                     l628:	
  1208                           ;incstack = 0
  1209                           ; Regs used in _internal_16: []
  1210                           
  1211                           
  1212                           ;PIC16F1718_Internal.c: 63:     SCS0 = 0;
  1213     0762  0021               	movlb	1	; select bank1
  1214     0763  1019               	bcf	25,0	;volatile
  1215                           
  1216                           ;PIC16F1718_Internal.c: 64:     SCS1 = 0;
  1217     0764  1099               	bcf	25,1	;volatile
  1218                           
  1219                           ;PIC16F1718_Internal.c: 67:     IRCF0 = 1;
  1220     0765  1599               	bsf	25,3	;volatile
  1221                           
  1222                           ;PIC16F1718_Internal.c: 68:     IRCF1 = 1;
  1223     0766  1619               	bsf	25,4	;volatile
  1224                           
  1225                           ;PIC16F1718_Internal.c: 69:     IRCF2 = 1;
  1226     0767  1699               	bsf	25,5	;volatile
  1227                           
  1228                           ;PIC16F1718_Internal.c: 70:     IRCF3 = 1;
  1229     0768  1719               	bsf	25,6	;volatile
  1230                           
  1231                           ;PIC16F1718_Internal.c: 73:     SPLLEN = 0;
  1232     0769  1399               	bcf	25,7	;volatile
  1233     076A                     l20:
  1234     076A  0008               	return
  1235     076B                     __end_of_internal_16:
  1236                           
  1237                           	psect	text3
  1238     077F                     __ptext3:	
  1239 ;; *************** function _SUART_Write_Text *****************
  1240 ;; Defined at:
  1241 ;;		line 132 in file "SEUSART.c"
  1242 ;; Parameters:    Size  Location     Type
  1243 ;;  text            2    3[COMMON] PTR unsigned char 
  1244 ;;		 -> STR_1(6), 
  1245 ;; Auto vars:     Size  Location     Type
  1246 ;;  i               2    6[COMMON] int 
  1247 ;; Return value:  Size  Location     Type
  1248 ;;                  1    wreg      void 
  1249 ;; Registers used:
  1250 ;;		wreg, fsr0l, fsr0h, status,2, status,0, pclath, cstack
  1251 ;; Tracked objects:
  1252 ;;		On entry : 0/0
  1253 ;;		On exit  : 0/0
  1254 ;;		Unchanged: 0/0
  1255 ;; Data sizes:     COMMON   BANK0   BANK1   BANK2   BANK3   BANK4   BANK5   BANK6   BANK7   BANK8   BANK9  BANK10  BANK1
      +1  BANK12  BANK13  BANK14  BANK15  BANK16  BANK17  BANK18  BANK19  BANK20  BANK21  BANK22  BANK23  BANK24  BANK25
  1256 ;;      Params:         2       0       0       0       0       0       0       0       0       0       0       0       
      +0       0       0       0       0       0       0       0       0       0       0       0       0       0       0
  1257 ;;      Locals:         2       0       0       0       0       0       0       0       0       0       0       0       
      +0       0       0       0       0       0       0       0       0       0       0       0       0       0       0
  1258 ;;      Temps:          1       0       0       0       0       0       0       0       0       0       0       0       
      +0       0       0       0       0       0       0       0       0       0       0       0       0       0       0
  1259 ;;      Totals:         5       0       0       0       0       0       0       0       0       0       0       0       
      +0       0       0       0       0       0       0       0       0       0       0       0       0       0       0
  1260 ;;Total ram usage:        5 bytes
  1261 ;; Hardware stack levels used: 1
  1262 ;; Hardware stack levels required when called: 1
  1263 ;; This function calls:
  1264 ;;		_SUART_Transmit
  1265 ;; This function is called by:
  1266 ;;		_main
  1267 ;; This function uses a non-reentrant model
  1268 ;;
  1269                           
  1270     077F                     _SUART_Write_Text:	
  1271                           ;psect for function _SUART_Write_Text
  1272                           
  1273     077F                     l726:	
  1274                           ;incstack = 0
  1275                           ; Regs used in _SUART_Write_Text: [wreg-fsr0h+status,2+status,0+pclath+cstack]
  1276                           
  1277                           
  1278                           ;SEUSART.c: 132: void SUART_Write_Text(char *text);SEUSART.c: 133: {;SEUSART.c: 134:   i
      +                          nt i;;SEUSART.c: 136:   for(i=0;text[i]!='\0';i++)
  1279     077F  01F6               	clrf	SUART_Write_Text@i
  1280     0780  01F7               	clrf	SUART_Write_Text@i+1
  1281     0781  2F90               	goto	l732
  1282     0782                     l728:
  1283                           
  1284                           ;SEUSART.c: 137:       SUART_Transmit(text[i]);
  1285     0782  0873               	movf	SUART_Write_Text@text,w
  1286     0783  0776               	addwf	SUART_Write_Text@i,w
  1287     0784  0084               	movwf	4
  1288     0785  0874               	movf	SUART_Write_Text@text+1,w
  1289     0786  3D77               	addwfc	SUART_Write_Text@i+1,w
  1290     0787  0085               	movwf	5
  1291     0788  0800               	movf	0,w	;code access
  1292     0789  3187  27C4  3187   	fcall	_SUART_Transmit
  1293     078C                     l730:
  1294     078C  3001               	movlw	1
  1295     078D  07F6               	addwf	SUART_Write_Text@i,f
  1296     078E  3000               	movlw	0
  1297     078F  3DF7               	addwfc	SUART_Write_Text@i+1,f
  1298     0790                     l732:
  1299     0790  0873               	movf	SUART_Write_Text@text,w
  1300     0791  0776               	addwf	SUART_Write_Text@i,w
  1301     0792  0084               	movwf	4
  1302     0793  0874               	movf	SUART_Write_Text@text+1,w
  1303     0794  3D77               	addwfc	SUART_Write_Text@i+1,w
  1304     0795  0085               	movwf	5
  1305     0796  0012               	moviw fsr0++
  1306     0797  1D03               	btfss	3,2
  1307     0798  2F9A               	goto	u111
  1308     0799  2F9B               	goto	u110
  1309     079A                     u111:
  1310     079A  2F82               	goto	l728
  1311     079B                     u110:
  1312     079B                     l93:
  1313     079B  0008               	return
  1314     079C                     __end_of_SUART_Write_Text:
  1315                           
  1316                           	psect	text4
  1317     07C4                     __ptext4:	
  1318 ;; *************** function _SUART_Transmit *****************
  1319 ;; Defined at:
  1320 ;;		line 89 in file "SEUSART.c"
  1321 ;; Parameters:    Size  Location     Type
  1322 ;;  DataValue       1    wreg     const unsigned char 
  1323 ;; Auto vars:     Size  Location     Type
  1324 ;;  DataValue       1    1[COMMON] const unsigned char 
  1325 ;;  i               1    2[COMMON] unsigned char 
  1326 ;; Return value:  Size  Location     Type
  1327 ;;                  1    wreg      void 
  1328 ;; Registers used:
  1329 ;;		wreg, status,2, status,0
  1330 ;; Tracked objects:
  1331 ;;		On entry : 0/0
  1332 ;;		On exit  : 0/0
  1333 ;;		Unchanged: 0/0
  1334 ;; Data sizes:     COMMON   BANK0   BANK1   BANK2   BANK3   BANK4   BANK5   BANK6   BANK7   BANK8   BANK9  BANK10  BANK1
      +1  BANK12  BANK13  BANK14  BANK15  BANK16  BANK17  BANK18  BANK19  BANK20  BANK21  BANK22  BANK23  BANK24  BANK25
  1335 ;;      Params:         0       0       0       0       0       0       0       0       0       0       0       0       
      +0       0       0       0       0       0       0       0       0       0       0       0       0       0       0
  1336 ;;      Locals:         2       0       0       0       0       0       0       0       0       0       0       0       
      +0       0       0       0       0       0       0       0       0       0       0       0       0       0       0
  1337 ;;      Temps:          1       0       0       0       0       0       0       0       0       0       0       0       
      +0       0       0       0       0       0       0       0       0       0       0       0       0       0       0
  1338 ;;      Totals:         3       0       0       0       0       0       0       0       0       0       0       0       
      +0       0       0       0       0       0       0       0       0       0       0       0       0       0       0
  1339 ;;Total ram usage:        3 bytes
  1340 ;; Hardware stack levels used: 1
  1341 ;; This function calls:
  1342 ;;		Nothing
  1343 ;; This function is called by:
  1344 ;;		_SUART_Write_Text
  1345 ;;		_SUART_Write_Char
  1346 ;; This function uses a non-reentrant model
  1347 ;;
  1348                           
  1349     07C4                     _SUART_Transmit:	
  1350                           ;psect for function _SUART_Transmit
  1351                           
  1352                           
  1353                           ;incstack = 0
  1354                           ; Regs used in _SUART_Transmit: [wreg+status,2+status,0]
  1355                           ;SUART_Transmit@DataValue stored from wreg
  1356     07C4  00F1               	movwf	SUART_Transmit@DataValue
  1357     07C5                     l630:
  1358                           
  1359                           ;SEUSART.c: 89: void SUART_Transmit(const char DataValue);SEUSART.c: 90: {;SEUSART.c: 10
      +                          0:  LATBbits.LATB1 = 0;
  1360     07C5  0022               	movlb	2	; select bank2
  1361     07C6  108D               	bcf	13,1	;volatile
  1362     07C7                     l632:
  1363                           
  1364                           ;SEUSART.c: 101:  _delay((unsigned long)(((1000000/2400))*(32000000/4000000.0)));
  1365     07C7  3005               	movlw	5
  1366     07C8  00F0               	movwf	??_SUART_Transmit
  1367     07C9  3051               	movlw	81
  1368     07CA                     u157:
  1369     07CA  0B89               	decfsz	9,f
  1370     07CB  2FCA               	goto	u157
  1371     07CC  0BF0               	decfsz	??_SUART_Transmit,f
  1372     07CD  2FCA               	goto	u157
  1373     07CE  0000               	nop
  1374     07CF                     l634:
  1375                           
  1376                           ;SEUSART.c: 103:  for ( unsigned char i = 0; i < 8; i++ )
  1377     07CF  01F2               	clrf	SUART_Transmit@i
  1378     07D0                     l640:
  1379                           
  1380                           ;SEUSART.c: 104:  {;SEUSART.c: 106:   if(((DataValue>>i)&0x1) == 0x1 )
  1381     07D0  0871               	movf	SUART_Transmit@DataValue,w
  1382     07D1  00F0               	movwf	??_SUART_Transmit
  1383     07D2  0A72               	incf	SUART_Transmit@i,w
  1384     07D3  2FD5               	goto	u14
  1385     07D4                     u15:
  1386     07D4  36F0               	lsrf	??_SUART_Transmit,f
  1387     07D5                     u14:
  1388     07D5  0B89               	decfsz	9,f
  1389     07D6  2FD4               	goto	u15
  1390     07D7  1C70               	btfss	??_SUART_Transmit,0
  1391     07D8  2FDA               	goto	u21
  1392     07D9  2FDB               	goto	u20
  1393     07DA                     u21:
  1394     07DA  2FDE               	goto	l85
  1395     07DB                     u20:
  1396     07DB                     l642:
  1397                           
  1398                           ;SEUSART.c: 107:   {;SEUSART.c: 108:    LATBbits.LATB1 = 1;
  1399     07DB  0022               	movlb	2	; select bank2
  1400     07DC  148D               	bsf	13,1	;volatile
  1401                           
  1402                           ;SEUSART.c: 109:   }
  1403     07DD  2FE0               	goto	l644
  1404     07DE                     l85:	
  1405                           ;SEUSART.c: 110:   else
  1406                           
  1407                           
  1408                           ;SEUSART.c: 111:   {;SEUSART.c: 112:    LATBbits.LATB1 = 0;
  1409     07DE  0022               	movlb	2	; select bank2
  1410     07DF  108D               	bcf	13,1	;volatile
  1411     07E0                     l644:
  1412                           
  1413                           ;SEUSART.c: 115:      _delay((unsigned long)(((1000000/2400))*(32000000/4000000.0)));
  1414     07E0  3005               	movlw	5
  1415     07E1  00F0               	movwf	??_SUART_Transmit
  1416     07E2  3051               	movlw	81
  1417     07E3                     u167:
  1418     07E3  0B89               	decfsz	9,f
  1419     07E4  2FE3               	goto	u167
  1420     07E5  0BF0               	decfsz	??_SUART_Transmit,f
  1421     07E6  2FE3               	goto	u167
  1422     07E7  0000               	nop
  1423     07E8                     l646:
  1424                           
  1425                           ;SEUSART.c: 116:  }
  1426     07E8  3001               	movlw	1
  1427     07E9  00F0               	movwf	??_SUART_Transmit
  1428     07EA  0870               	movf	??_SUART_Transmit,w
  1429     07EB  07F2               	addwf	SUART_Transmit@i,f
  1430     07EC                     l648:
  1431     07EC  3008               	movlw	8
  1432     07ED  0272               	subwf	SUART_Transmit@i,w
  1433     07EE  1C03               	skipc
  1434     07EF  2FF1               	goto	u31
  1435     07F0  2FF2               	goto	u30
  1436     07F1                     u31:
  1437     07F1  2FD0               	goto	l640
  1438     07F2                     u30:
  1439     07F2                     l84:
  1440                           
  1441                           ;SEUSART.c: 119:  LATBbits.LATB1 = 1;
  1442     07F2  0022               	movlb	2	; select bank2
  1443     07F3  148D               	bsf	13,1	;volatile
  1444     07F4                     l650:
  1445                           
  1446                           ;SEUSART.c: 120:  _delay((unsigned long)(((1000000/2400))*(32000000/4000000.0)));
  1447     07F4  3005               	movlw	5
  1448     07F5  00F0               	movwf	??_SUART_Transmit
  1449     07F6  3051               	movlw	81
  1450     07F7                     u177:
  1451     07F7  0B89               	decfsz	9,f
  1452     07F8  2FF7               	goto	u177
  1453     07F9  0BF0               	decfsz	??_SUART_Transmit,f
  1454     07FA  2FF7               	goto	u177
  1455     07FB  0000               	nop
  1456     07FC                     l87:
  1457     07FC  0008               	return
  1458     07FD                     __end_of_SUART_Transmit:
  1459                           
  1460                           	psect	text5
  1461     075C                     __ptext5:	
  1462 ;; *************** function _SUART_Init *****************
  1463 ;; Defined at:
  1464 ;;		line 27 in file "SEUSART.c"
  1465 ;; Parameters:    Size  Location     Type
  1466 ;;		None
  1467 ;; Auto vars:     Size  Location     Type
  1468 ;;		None
  1469 ;; Return value:  Size  Location     Type
  1470 ;;                  1    wreg      void 
  1471 ;; Registers used:
  1472 ;;		None
  1473 ;; Tracked objects:
  1474 ;;		On entry : 0/0
  1475 ;;		On exit  : 0/0
  1476 ;;		Unchanged: 0/0
  1477 ;; Data sizes:     COMMON   BANK0   BANK1   BANK2   BANK3   BANK4   BANK5   BANK6   BANK7   BANK8   BANK9  BANK10  BANK1
      +1  BANK12  BANK13  BANK14  BANK15  BANK16  BANK17  BANK18  BANK19  BANK20  BANK21  BANK22  BANK23  BANK24  BANK25
  1478 ;;      Params:         0       0       0       0       0       0       0       0       0       0       0       0       
      +0       0       0       0       0       0       0       0       0       0       0       0       0       0       0
  1479 ;;      Locals:         0       0       0       0       0       0       0       0       0       0       0       0       
      +0       0       0       0       0       0       0       0       0       0       0       0       0       0       0
  1480 ;;      Temps:          0       0       0       0       0       0       0       0       0       0       0       0       
      +0       0       0       0       0       0       0       0       0       0       0       0       0       0       0
  1481 ;;      Totals:         0       0       0       0       0       0       0       0       0       0       0       0       
      +0       0       0       0       0       0       0       0       0       0       0       0       0       0       0
  1482 ;;Total ram usage:        0 bytes
  1483 ;; Hardware stack levels used: 1
  1484 ;; This function calls:
  1485 ;;		Nothing
  1486 ;; This function is called by:
  1487 ;;		_main
  1488 ;; This function uses a non-reentrant model
  1489 ;;
  1490                           
  1491     075C                     _SUART_Init:	
  1492                           ;psect for function _SUART_Init
  1493                           
  1494     075C                     l660:	
  1495                           ;incstack = 0
  1496                           ; Regs used in _SUART_Init: []
  1497                           
  1498                           
  1499                           ;SEUSART.c: 29:  LATBbits.LATB1 = 1;
  1500     075C  0022               	movlb	2	; select bank2
  1501     075D  148D               	bsf	13,1	;volatile
  1502                           
  1503                           ;SEUSART.c: 31:  TRISB0 = 1;
  1504     075E  0021               	movlb	1	; select bank1
  1505     075F  140D               	bsf	13,0	;volatile
  1506                           
  1507                           ;SEUSART.c: 32:  TRISB1 = 0;
  1508     0760  108D               	bcf	13,1	;volatile
  1509     0761                     l69:
  1510     0761  0008               	return
  1511     0762                     __end_of_SUART_Init:
  1512     007E                     btemp	set	126	;btemp
  1513     007E                     wtemp0	set	126
  1514                           
  1515                           	psect	config
  1516                           
  1517                           ;Config register CONFIG1 @ 0x8007
  1518                           ;	Oscillator Selection Bits
  1519                           ;	FOSC = INTOSC, INTOSC oscillator: I/O function on CLKIN pin
  1520                           ;	Watchdog Timer Enable
  1521                           ;	WDTE = OFF, WDT disabled
  1522                           ;	Power-up Timer Enable
  1523                           ;	PWRTE = OFF, PWRT disabled
  1524                           ;	MCLR Pin Function Select
  1525                           ;	MCLRE = OFF, MCLR/VPP pin function is digital input if LVP bit is also 0.
  1526                           ;	Flash Program Memory Code Protection
  1527                           ;	CP = OFF, Program memory code protection is disabled
  1528                           ;	Brown-out Reset Enable
  1529                           ;	BOREN = OFF, Brown-out Reset disabled
  1530                           ;	Clock Out Enable
  1531                           ;	CLKOUTEN = OFF, CLKOUT function is disabled. I/O or oscillator function on the CLKOUT 
      +                          pin
  1532                           ;	Internal/External Switchover Mode
  1533                           ;	IESO = ON, Internal/External Switchover Mode is enabled
  1534                           ;	Fail-Safe Clock Monitor Enable
  1535                           ;	FCMEN = OFF, Fail-Safe Clock Monitor is disabled
  1536     8007                     	org	32775
  1537     8007  19A4               	dw	6564
  1538                           
  1539                           ;Config register CONFIG2 @ 0x8008
  1540                           ;	Flash Memory Self-Write Protection
  1541                           ;	WRT = OFF, Write protection off
  1542                           ;	Peripheral Pin Select one-way control
  1543                           ;	PPS1WAY = ON, The PPSLOCK bit cannot be cleared once it is set by software
  1544                           ;	Zero-cross detect disable
  1545                           ;	ZCDDIS = ON, ZCD disabled. ZCD can be enabled by setting the ZCDSEN bit of ZCDCON
  1546                           ;	Phase Lock Loop enable
  1547                           ;	PLLEN = OFF, 4x PLL is disabled
  1548                           ;	Stack Overflow/Underflow Reset Enable
  1549                           ;	STVREN = ON, Stack Overflow or Underflow will cause a Reset
  1550                           ;	Brown-out Reset Voltage Selection
  1551                           ;	BORV = LO, Brown-out Reset Voltage (Vbor), low trip point selected.
  1552                           ;	Low-Power Brown Out Reset
  1553                           ;	LPBOR = OFF, Low-Power BOR is disabled
  1554                           ;	In-Circuit Debugger Mode
  1555                           ;	DEBUG = 0x1, unprogrammed default
  1556                           ;	Low-Voltage Programming Enable
  1557                           ;	LVP = OFF, High-voltage on MCLR/VPP must be used for programming
  1558     8008                     	org	32776
  1559     8008  1EFF               	dw	7935

Data Sizes:
    Strings     6
    Constant    0
    Data        0
    BSS         0
    Persistent  32
    Stack       0

Auto Spaces:
    Space          Size  Autos    Used
    COMMON           14     10      10
    BANK0            80      0       0
    BANK1            80      0       0
    BANK2            80      0       0
    BANK3            80      0       0
    BANK4            80      0       0
    BANK5            80      0       0
    BANK6            80      0       0
    BANK7            80      0       0
    BANK8            80      0       0
    BANK9            80      0       0
    BANK10           80      0       0
    BANK11           80      0       0
    BANK12           80      0       0
    BANK13           80      0       0
    BANK14           80      0       0
    BANK15           80      0       0
    BANK16           80      0       0
    BANK17           80      0       0
    BANK18           80      0       0
    BANK19           80      0       0
    BANK20           80      0       0
    BANK21           80      0       0
    BANK22           80      0       0
    BANK23           80      0       0
    BANK24           80      0       0
    BANK25           32      0       0

Pointer List with Targets:

    SUART_Write_Text@text	PTR unsigned char  size(2) Largest target is 6
		 -> STR_1(CODE[6]), 


Critical Paths under _main in COMMON

    _main->_SUART_Write_Text
    _SUART_Write_Text->_SUART_Transmit

Critical Paths under _main in BANK0

    None.

Critical Paths under _main in BANK1

    None.

Critical Paths under _main in BANK2

    None.

Critical Paths under _main in BANK3

    None.

Critical Paths under _main in BANK4

    None.

Critical Paths under _main in BANK5

    None.

Critical Paths under _main in BANK6

    None.

Critical Paths under _main in BANK7

    None.

Critical Paths under _main in BANK8

    None.

Critical Paths under _main in BANK9

    None.

Critical Paths under _main in BANK10

    None.

Critical Paths under _main in BANK11

    None.

Critical Paths under _main in BANK12

    None.

Critical Paths under _main in BANK13

    None.

Critical Paths under _main in BANK14

    None.

Critical Paths under _main in BANK15

    None.

Critical Paths under _main in BANK16

    None.

Critical Paths under _main in BANK17

    None.

Critical Paths under _main in BANK18

    None.

Critical Paths under _main in BANK19

    None.

Critical Paths under _main in BANK20

    None.

Critical Paths under _main in BANK21

    None.

Critical Paths under _main in BANK22

    None.

Critical Paths under _main in BANK23

    None.

Critical Paths under _main in BANK24

    None.

Critical Paths under _main in BANK25

    None.

Call Graph Tables:

 ---------------------------------------------------------------------------------
 (Depth) Function   	        Calls       Base Space   Used Autos Params    Refs
 ---------------------------------------------------------------------------------
 (0) _main                                                 2     2      0     226
                                              8 COMMON     2     2      0
                         _SUART_Init
                   _SUART_Write_Text
                           _initMain
 ---------------------------------------------------------------------------------
 (1) _initMain                                             2     2      0       0
                                              0 COMMON     2     2      0
                        _internal_16
 ---------------------------------------------------------------------------------
 (2) _internal_16                                          0     0      0       0
 ---------------------------------------------------------------------------------
 (1) _SUART_Write_Text                                     5     3      2     226
                                              3 COMMON     5     3      2
                     _SUART_Transmit
 ---------------------------------------------------------------------------------
 (2) _SUART_Transmit                                       3     3      0      60
                                              0 COMMON     3     3      0
 ---------------------------------------------------------------------------------
 (1) _SUART_Init                                           0     0      0       0
 ---------------------------------------------------------------------------------
 Estimated maximum stack depth 2
 ---------------------------------------------------------------------------------

 Call Graph Graphs:

 _main (ROOT)
   _SUART_Init
   _SUART_Write_Text
     _SUART_Transmit
   _initMain
     _internal_16

 Address spaces:
Name               Size   Autos  Total    Cost      Usage
BIGRAM             7F0      0       0       0        0.0%
NULL                 0      0       0       0        0.0%
CODE                 0      0       0       0        0.0%
BITCOMMON            E      0       0       1        0.0%
BITSFR0              0      0       0       1        0.0%
SFR0                 0      0       0       1        0.0%
COMMON               E      A       A       2       71.4%
BITSFR1              0      0       0       2        0.0%
SFR1                 0      0       0       2        0.0%
BITSFR2              0      0       0       3        0.0%
SFR2                 0      0       0       3        0.0%
STACK                0      0       0       3        0.0%
BITBANK0            50      0       0       4        0.0%
BITSFR3              0      0       0       4        0.0%
SFR3                 0      0       0       4        0.0%
BANK0               50      0       0       5        0.0%
BITSFR4              0      0       0       5        0.0%
SFR4                 0      0       0       5        0.0%
BITBANK1            50      0       0       6        0.0%
BITSFR5              0      0       0       6        0.0%
SFR5                 0      0       0       6        0.0%
BANK1               50      0       0       7        0.0%
BITSFR6              0      0       0       7        0.0%
SFR6                 0      0       0       7        0.0%
BITBANK2            50      0       0       8        0.0%
BITSFR7              0      0       0       8        0.0%
SFR7                 0      0       0       8        0.0%
BANK2               50      0       0       9        0.0%
BITSFR8              0      0       0       9        0.0%
SFR8                 0      0       0       9        0.0%
BITBANK3            50      0       0      10        0.0%
BITSFR9              0      0       0      10        0.0%
SFR9                 0      0       0      10        0.0%
BANK3               50      0       0      11        0.0%
BITSFR10             0      0       0      11        0.0%
SFR10                0      0       0      11        0.0%
BITBANK4            50      0       0      12        0.0%
BITSFR11             0      0       0      12        0.0%
SFR11                0      0       0      12        0.0%
BANK4               50      0       0      13        0.0%
BITSFR12             0      0       0      13        0.0%
SFR12                0      0       0      13        0.0%
BITSFR13             0      0       0      14        0.0%
SFR13                0      0       0      14        0.0%
ABS                  0      0       0      14        0.0%
BITBANK5            50      0       0      15        0.0%
BITSFR14             0      0       0      15        0.0%
SFR14                0      0       0      15        0.0%
BANK5               50      0       0      16        0.0%
BITSFR15             0      0       0      16        0.0%
SFR15                0      0       0      16        0.0%
BITBANK6            50      0       0      17        0.0%
BITSFR16             0      0       0      17        0.0%
SFR16                0      0       0      17        0.0%
BANK6               50      0       0      18        0.0%
BITSFR17             0      0       0      18        0.0%
SFR17                0      0       0      18        0.0%
BITBANK7            50      0       0      19        0.0%
BITSFR18             0      0       0      19        0.0%
SFR18                0      0       0      19        0.0%
BANK7               50      0       0      20        0.0%
BITSFR19             0      0       0      20        0.0%
SFR19                0      0       0      20        0.0%
BITBANK8            50      0       0      21        0.0%
BITSFR20             0      0       0      21        0.0%
SFR20                0      0       0      21        0.0%
BANK8               50      0       0      22        0.0%
BITSFR21             0      0       0      22        0.0%
SFR21                0      0       0      22        0.0%
BITBANK9            50      0       0      23        0.0%
BITSFR22             0      0       0      23        0.0%
SFR22                0      0       0      23        0.0%
BANK9               50      0       0      24        0.0%
BITSFR23             0      0       0      24        0.0%
SFR23                0      0       0      24        0.0%
BITBANK10           50      0       0      25        0.0%
BITSFR24             0      0       0      25        0.0%
SFR24                0      0       0      25        0.0%
BANK10              50      0       0      26        0.0%
BITSFR25             0      0       0      26        0.0%
SFR25                0      0       0      26        0.0%
BITBANK11           50      0       0      27        0.0%
BITSFR26             0      0       0      27        0.0%
SFR26                0      0       0      27        0.0%
BITSFR27             0      0       0      28        0.0%
SFR27                0      0       0      28        0.0%
DATA                 0      0       0      28        0.0%
BANK11              50      0       0      29        0.0%
BITSFR28             0      0       0      29        0.0%
SFR28                0      0       0      29        0.0%
BITBANK12           50      0       0      30        0.0%
BITSFR29             0      0       0      30        0.0%
SFR29                0      0       0      30        0.0%
BANK12              50      0       0      31        0.0%
BITSFR30             0      0       0      31        0.0%
SFR30                0      0       0      31        0.0%
BITBANK13           50      0       0      32        0.0%
BITSFR31             0      0       0      32        0.0%
SFR31                0      0       0      32        0.0%
BANK13              50      0       0      33        0.0%
BITBANK14           50      0       0      34        0.0%
BANK14              50      0       0      35        0.0%
BITBANK15           50      0       0      36        0.0%
BANK15              50      0       0      37        0.0%
BITBANK16           50      0       0      38        0.0%
BANK16              50      0       0      39        0.0%
BITBANK17           50      0       0      40        0.0%
BANK17              50      0       0      41        0.0%
BITBANK18           50      0       0      42        0.0%
BANK18              50      0       0      43        0.0%
BITBANK19           50      0       0      44        0.0%
BANK19              50      0       0      45        0.0%
BITBANK20           50      0       0      46        0.0%
BANK20              50      0       0      47        0.0%
BITBANK21           50      0       0      48        0.0%
BANK21              50      0       0      49        0.0%
BITBANK22           50      0       0      50        0.0%
BANK22              50      0       0      51        0.0%
BITBANK23           50      0       0      52        0.0%
BANK23              50      0       0      53        0.0%
BITBANK24           50      0       0      54        0.0%
BANK24              50      0       0      55        0.0%
BITBANK25           20      0       0      56        0.0%
BANK25              20      0       0      57        0.0%


Microchip Technology PIC Macro Assembler V2.46 build 20240104201356 
Symbol Table                                                                                   Thu Jan 29 17:46:11 2026

                      l20 076A                        l50 077E                        l84 07F2  
                      l69 0761                        l85 07DE                        l93 079B  
                      l87 07FC                        u20 07DB                        u21 07DA  
                      u30 07F2                        u14 07D5                        u31 07F1  
                      u15 07D4                       l630 07C5                       l640 07D0  
                     l632 07C7                       l650 07F4                       l642 07DB  
                     l634 07CF                       l730 078C                       l660 075C  
                     l644 07E0                       l732 0790                       l628 0762  
                     l652 076B                       l740 07B5                       l646 07E8  
                     l726 077F                       l654 076E                       l734 079C  
                     l648 07EC                       l728 0782                       l656 077A  
                     l736 079F                       l658 077C                       l738 07AE  
                     u110 079B                       u111 079A                       u127 07A7  
                     u137 07BA                       u147 0773                       u157 07CA  
                     u167 07E3                       u177 07F7                       wreg 0009  
                    STR_1 0800                      _SCS0 04C8                      _SCS1 04C9  
                    _main 079C                      fsr0h 0005                      indf0 0000  
                    fsr0l 0004                      btemp 007E                      start 0003  
                   ?_main 0070                     _IRCF0 04CB                     _IRCF1 04CC  
                   _IRCF2 04CD                     _IRCF3 04CE                     status 0003  
                   wtemp0 007E               ?_SUART_Init 0070              ?_internal_16 0070  
         __initialization 07FD              __end_of_main 07C4                    ??_main 0078  
                  _SPLLEN 04CF                    _TRISB0 0468                    _TRISB1 0469  
        __end_of_initMain 077F          ??_SUART_Transmit 0070   SUART_Transmit@DataValue 0071  
 __end_of__initialization 07FD            __pcstackCOMMON 0070                __pmaintext 079C  
        _SUART_Write_Text 077F                 ?_initMain 0070              ??_SUART_Init 0070  
                 __ptext1 076B                   __ptext2 0762                   __ptext3 077F  
                 __ptext4 07C4                   __ptext5 075C           SUART_Transmit@i 0072  
      __end_of_SUART_Init 0762      end_of_initialization 07FD                ??_initMain 0070  
               _TRISBbits 008D      SUART_Write_Text@text 0073       start_initialization 07FD  
__end_of_SUART_Write_Text 079C                 ___latbits 0003             ??_internal_16 0070  
                _LATBbits 010D       __end_of_internal_16 076B         SUART_Write_Text@i 0076  
              _ANSELBbits 018D            _SUART_Transmit 07C4                  _initMain 076B  
             _internal_16 0762         ?_SUART_Write_Text 0073        ??_SUART_Write_Text 0075  
  __end_of_SUART_Transmit 07FD             __pstringtext1 0800             __pstringtext2 0000  
         ?_SUART_Transmit 0070                _SUART_Init 075C  
