

Microchip Technology PIC LITE Macro Assembler V1.38 build -256452561 
                                                                                               Thu Feb 16 11:59:08 2017

Microchip Technology Omniscient Code Generator v1.38 (Free mode) build 201607010351
     1                           	processor	16F1717
     2                           	opt	pw 120
     3                           	opt	lm
     4                           	psect	cinit,global,class=CODE,merge=1,delta=2
     5                           	psect	cstackCOMMON,global,class=COMMON,space=1,delta=1
     6                           	psect	maintext,global,class=CODE,merge=1,split=1,delta=2
     7                           	psect	text1,local,class=CODE,merge=1,delta=2
     8                           	psect	text2,local,class=CODE,merge=1,delta=2
     9                           	dabs	1,0x7E,2
    10  0000                     	;# 
    11  0001                     	;# 
    12  0002                     	;# 
    13  0003                     	;# 
    14  0004                     	;# 
    15  0005                     	;# 
    16  0006                     	;# 
    17  0007                     	;# 
    18  0008                     	;# 
    19  0009                     	;# 
    20  000A                     	;# 
    21  000B                     	;# 
    22  000C                     	;# 
    23  000D                     	;# 
    24  000E                     	;# 
    25  000F                     	;# 
    26  0010                     	;# 
    27  0011                     	;# 
    28  0012                     	;# 
    29  0013                     	;# 
    30  0015                     	;# 
    31  0016                     	;# 
    32  0016                     	;# 
    33  0017                     	;# 
    34  0018                     	;# 
    35  0019                     	;# 
    36  001A                     	;# 
    37  001B                     	;# 
    38  001C                     	;# 
    39  008C                     	;# 
    40  008D                     	;# 
    41  008E                     	;# 
    42  008F                     	;# 
    43  0090                     	;# 
    44  0091                     	;# 
    45  0092                     	;# 
    46  0093                     	;# 
    47  0095                     	;# 
    48  0096                     	;# 
    49  0097                     	;# 
    50  0098                     	;# 
    51  0099                     	;# 
    52  009A                     	;# 
    53  009B                     	;# 
    54  009B                     	;# 
    55  009C                     	;# 
    56  009D                     	;# 
    57  009E                     	;# 
    58  009F                     	;# 
    59  010C                     	;# 
    60  010D                     	;# 
    61  010E                     	;# 
    62  010F                     	;# 
    63  0110                     	;# 
    64  0111                     	;# 
    65  0112                     	;# 
    66  0113                     	;# 
    67  0114                     	;# 
    68  0115                     	;# 
    69  0116                     	;# 
    70  0117                     	;# 
    71  0118                     	;# 
    72  0119                     	;# 
    73  011A                     	;# 
    74  011B                     	;# 
    75  011B                     	;# 
    76  011C                     	;# 
    77  018C                     	;# 
    78  018D                     	;# 
    79  018E                     	;# 
    80  018F                     	;# 
    81  0190                     	;# 
    82  0191                     	;# 
    83  0191                     	;# 
    84  0192                     	;# 
    85  0193                     	;# 
    86  0193                     	;# 
    87  0194                     	;# 
    88  0195                     	;# 
    89  0196                     	;# 
    90  0197                     	;# 
    91  0199                     	;# 
    92  0199                     	;# 
    93  0199                     	;# 
    94  019A                     	;# 
    95  019A                     	;# 
    96  019A                     	;# 
    97  019B                     	;# 
    98  019B                     	;# 
    99  019B                     	;# 
   100  019B                     	;# 
   101  019B                     	;# 
   102  019C                     	;# 
   103  019C                     	;# 
   104  019C                     	;# 
   105  019D                     	;# 
   106  019D                     	;# 
   107  019D                     	;# 
   108  019E                     	;# 
   109  019E                     	;# 
   110  019E                     	;# 
   111  019F                     	;# 
   112  019F                     	;# 
   113  019F                     	;# 
   114  019F                     	;# 
   115  019F                     	;# 
   116  020C                     	;# 
   117  020D                     	;# 
   118  020E                     	;# 
   119  020F                     	;# 
   120  0210                     	;# 
   121  0211                     	;# 
   122  0211                     	;# 
   123  0212                     	;# 
   124  0212                     	;# 
   125  0213                     	;# 
   126  0213                     	;# 
   127  0214                     	;# 
   128  0214                     	;# 
   129  0215                     	;# 
   130  0215                     	;# 
   131  0215                     	;# 
   132  0215                     	;# 
   133  0216                     	;# 
   134  0216                     	;# 
   135  0217                     	;# 
   136  0217                     	;# 
   137  028C                     	;# 
   138  028D                     	;# 
   139  028E                     	;# 
   140  028F                     	;# 
   141  0290                     	;# 
   142  0291                     	;# 
   143  0291                     	;# 
   144  0292                     	;# 
   145  0293                     	;# 
   146  0293                     	;# 
   147  0298                     	;# 
   148  0298                     	;# 
   149  0299                     	;# 
   150  029A                     	;# 
   151  029A                     	;# 
   152  029E                     	;# 
   153  030C                     	;# 
   154  030D                     	;# 
   155  030E                     	;# 
   156  030F                     	;# 
   157  0310                     	;# 
   158  038C                     	;# 
   159  038D                     	;# 
   160  038E                     	;# 
   161  038F                     	;# 
   162  0390                     	;# 
   163  0391                     	;# 
   164  0392                     	;# 
   165  0393                     	;# 
   166  0394                     	;# 
   167  0395                     	;# 
   168  0396                     	;# 
   169  0397                     	;# 
   170  0398                     	;# 
   171  0399                     	;# 
   172  039D                     	;# 
   173  039E                     	;# 
   174  039F                     	;# 
   175  0415                     	;# 
   176  0416                     	;# 
   177  0417                     	;# 
   178  041C                     	;# 
   179  041D                     	;# 
   180  041E                     	;# 
   181  0498                     	;# 
   182  0498                     	;# 
   183  0499                     	;# 
   184  049A                     	;# 
   185  049B                     	;# 
   186  049B                     	;# 
   187  049C                     	;# 
   188  049D                     	;# 
   189  049E                     	;# 
   190  049F                     	;# 
   191  0511                     	;# 
   192  0515                     	;# 
   193  0617                     	;# 
   194  0618                     	;# 
   195  0619                     	;# 
   196  0619                     	;# 
   197  061A                     	;# 
   198  061B                     	;# 
   199  061C                     	;# 
   200  061C                     	;# 
   201  0691                     	;# 
   202  0692                     	;# 
   203  0693                     	;# 
   204  0694                     	;# 
   205  0695                     	;# 
   206  0696                     	;# 
   207  0697                     	;# 
   208  0698                     	;# 
   209  0699                     	;# 
   210  069A                     	;# 
   211  069B                     	;# 
   212  069C                     	;# 
   213  069D                     	;# 
   214  069E                     	;# 
   215  069F                     	;# 
   216  0E0F                     	;# 
   217  0E10                     	;# 
   218  0E11                     	;# 
   219  0E12                     	;# 
   220  0E13                     	;# 
   221  0E14                     	;# 
   222  0E15                     	;# 
   223  0E17                     	;# 
   224  0E20                     	;# 
   225  0E21                     	;# 
   226  0E22                     	;# 
   227  0E24                     	;# 
   228  0E25                     	;# 
   229  0E28                     	;# 
   230  0E29                     	;# 
   231  0E2A                     	;# 
   232  0E2B                     	;# 
   233  0E90                     	;# 
   234  0E91                     	;# 
   235  0E92                     	;# 
   236  0E93                     	;# 
   237  0E94                     	;# 
   238  0E95                     	;# 
   239  0E96                     	;# 
   240  0E97                     	;# 
   241  0E98                     	;# 
   242  0E99                     	;# 
   243  0E9A                     	;# 
   244  0E9B                     	;# 
   245  0E9C                     	;# 
   246  0E9D                     	;# 
   247  0E9E                     	;# 
   248  0E9F                     	;# 
   249  0EA0                     	;# 
   250  0EA1                     	;# 
   251  0EA2                     	;# 
   252  0EA3                     	;# 
   253  0EA4                     	;# 
   254  0EA5                     	;# 
   255  0EA6                     	;# 
   256  0EA7                     	;# 
   257  0EA8                     	;# 
   258  0EA9                     	;# 
   259  0EAA                     	;# 
   260  0EAB                     	;# 
   261  0EAC                     	;# 
   262  0EAD                     	;# 
   263  0EAE                     	;# 
   264  0EAF                     	;# 
   265  0EB0                     	;# 
   266  0EB1                     	;# 
   267  0EB2                     	;# 
   268  0F0F                     	;# 
   269  0F10                     	;# 
   270  0F11                     	;# 
   271  0F12                     	;# 
   272  0F13                     	;# 
   273  0F14                     	;# 
   274  0F15                     	;# 
   275  0F16                     	;# 
   276  0F17                     	;# 
   277  0F18                     	;# 
   278  0F19                     	;# 
   279  0F1A                     	;# 
   280  0F1B                     	;# 
   281  0F1C                     	;# 
   282  0F1D                     	;# 
   283  0F1E                     	;# 
   284  0F1F                     	;# 
   285  0F20                     	;# 
   286  0F21                     	;# 
   287  0F22                     	;# 
   288  0F23                     	;# 
   289  0F24                     	;# 
   290  0F25                     	;# 
   291  0F26                     	;# 
   292  0F27                     	;# 
   293  0F28                     	;# 
   294  0F29                     	;# 
   295  0F2A                     	;# 
   296  0F2B                     	;# 
   297  0F2C                     	;# 
   298  0F2D                     	;# 
   299  0F2E                     	;# 
   300  0F2F                     	;# 
   301  0F30                     	;# 
   302  0F31                     	;# 
   303  0F32                     	;# 
   304  0F33                     	;# 
   305  0F34                     	;# 
   306  0F35                     	;# 
   307  0F36                     	;# 
   308  0F37                     	;# 
   309  0FE4                     	;# 
   310  0FE5                     	;# 
   311  0FE6                     	;# 
   312  0FE7                     	;# 
   313  0FE8                     	;# 
   314  0FE9                     	;# 
   315  0FEA                     	;# 
   316  0FEB                     	;# 
   317  0FED                     	;# 
   318  0FEE                     	;# 
   319  0FEF                     	;# 
   320  0000                     	;# 
   321  0001                     	;# 
   322  0002                     	;# 
   323  0003                     	;# 
   324  0004                     	;# 
   325  0005                     	;# 
   326  0006                     	;# 
   327  0007                     	;# 
   328  0008                     	;# 
   329  0009                     	;# 
   330  000A                     	;# 
   331  000B                     	;# 
   332  000C                     	;# 
   333  000D                     	;# 
   334  000E                     	;# 
   335  000F                     	;# 
   336  0010                     	;# 
   337  0011                     	;# 
   338  0012                     	;# 
   339  0013                     	;# 
   340  0015                     	;# 
   341  0016                     	;# 
   342  0016                     	;# 
   343  0017                     	;# 
   344  0018                     	;# 
   345  0019                     	;# 
   346  001A                     	;# 
   347  001B                     	;# 
   348  001C                     	;# 
   349  008C                     	;# 
   350  008D                     	;# 
   351  008E                     	;# 
   352  008F                     	;# 
   353  0090                     	;# 
   354  0091                     	;# 
   355  0092                     	;# 
   356  0093                     	;# 
   357  0095                     	;# 
   358  0096                     	;# 
   359  0097                     	;# 
   360  0098                     	;# 
   361  0099                     	;# 
   362  009A                     	;# 
   363  009B                     	;# 
   364  009B                     	;# 
   365  009C                     	;# 
   366  009D                     	;# 
   367  009E                     	;# 
   368  009F                     	;# 
   369  010C                     	;# 
   370  010D                     	;# 
   371  010E                     	;# 
   372  010F                     	;# 
   373  0110                     	;# 
   374  0111                     	;# 
   375  0112                     	;# 
   376  0113                     	;# 
   377  0114                     	;# 
   378  0115                     	;# 
   379  0116                     	;# 
   380  0117                     	;# 
   381  0118                     	;# 
   382  0119                     	;# 
   383  011A                     	;# 
   384  011B                     	;# 
   385  011B                     	;# 
   386  011C                     	;# 
   387  018C                     	;# 
   388  018D                     	;# 
   389  018E                     	;# 
   390  018F                     	;# 
   391  0190                     	;# 
   392  0191                     	;# 
   393  0191                     	;# 
   394  0192                     	;# 
   395  0193                     	;# 
   396  0193                     	;# 
   397  0194                     	;# 
   398  0195                     	;# 
   399  0196                     	;# 
   400  0197                     	;# 
   401  0199                     	;# 
   402  0199                     	;# 
   403  0199                     	;# 
   404  019A                     	;# 
   405  019A                     	;# 
   406  019A                     	;# 
   407  019B                     	;# 
   408  019B                     	;# 
   409  019B                     	;# 
   410  019B                     	;# 
   411  019B                     	;# 
   412  019C                     	;# 
   413  019C                     	;# 
   414  019C                     	;# 
   415  019D                     	;# 
   416  019D                     	;# 
   417  019D                     	;# 
   418  019E                     	;# 
   419  019E                     	;# 
   420  019E                     	;# 
   421  019F                     	;# 
   422  019F                     	;# 
   423  019F                     	;# 
   424  019F                     	;# 
   425  019F                     	;# 
   426  020C                     	;# 
   427  020D                     	;# 
   428  020E                     	;# 
   429  020F                     	;# 
   430  0210                     	;# 
   431  0211                     	;# 
   432  0211                     	;# 
   433  0212                     	;# 
   434  0212                     	;# 
   435  0213                     	;# 
   436  0213                     	;# 
   437  0214                     	;# 
   438  0214                     	;# 
   439  0215                     	;# 
   440  0215                     	;# 
   441  0215                     	;# 
   442  0215                     	;# 
   443  0216                     	;# 
   444  0216                     	;# 
   445  0217                     	;# 
   446  0217                     	;# 
   447  028C                     	;# 
   448  028D                     	;# 
   449  028E                     	;# 
   450  028F                     	;# 
   451  0290                     	;# 
   452  0291                     	;# 
   453  0291                     	;# 
   454  0292                     	;# 
   455  0293                     	;# 
   456  0293                     	;# 
   457  0298                     	;# 
   458  0298                     	;# 
   459  0299                     	;# 
   460  029A                     	;# 
   461  029A                     	;# 
   462  029E                     	;# 
   463  030C                     	;# 
   464  030D                     	;# 
   465  030E                     	;# 
   466  030F                     	;# 
   467  0310                     	;# 
   468  038C                     	;# 
   469  038D                     	;# 
   470  038E                     	;# 
   471  038F                     	;# 
   472  0390                     	;# 
   473  0391                     	;# 
   474  0392                     	;# 
   475  0393                     	;# 
   476  0394                     	;# 
   477  0395                     	;# 
   478  0396                     	;# 
   479  0397                     	;# 
   480  0398                     	;# 
   481  0399                     	;# 
   482  039D                     	;# 
   483  039E                     	;# 
   484  039F                     	;# 
   485  0415                     	;# 
   486  0416                     	;# 
   487  0417                     	;# 
   488  041C                     	;# 
   489  041D                     	;# 
   490  041E                     	;# 
   491  0498                     	;# 
   492  0498                     	;# 
   493  0499                     	;# 
   494  049A                     	;# 
   495  049B                     	;# 
   496  049B                     	;# 
   497  049C                     	;# 
   498  049D                     	;# 
   499  049E                     	;# 
   500  049F                     	;# 
   501  0511                     	;# 
   502  0515                     	;# 
   503  0617                     	;# 
   504  0618                     	;# 
   505  0619                     	;# 
   506  0619                     	;# 
   507  061A                     	;# 
   508  061B                     	;# 
   509  061C                     	;# 
   510  061C                     	;# 
   511  0691                     	;# 
   512  0692                     	;# 
   513  0693                     	;# 
   514  0694                     	;# 
   515  0695                     	;# 
   516  0696                     	;# 
   517  0697                     	;# 
   518  0698                     	;# 
   519  0699                     	;# 
   520  069A                     	;# 
   521  069B                     	;# 
   522  069C                     	;# 
   523  069D                     	;# 
   524  069E                     	;# 
   525  069F                     	;# 
   526  0E0F                     	;# 
   527  0E10                     	;# 
   528  0E11                     	;# 
   529  0E12                     	;# 
   530  0E13                     	;# 
   531  0E14                     	;# 
   532  0E15                     	;# 
   533  0E17                     	;# 
   534  0E20                     	;# 
   535  0E21                     	;# 
   536  0E22                     	;# 
   537  0E24                     	;# 
   538  0E25                     	;# 
   539  0E28                     	;# 
   540  0E29                     	;# 
   541  0E2A                     	;# 
   542  0E2B                     	;# 
   543  0E90                     	;# 
   544  0E91                     	;# 
   545  0E92                     	;# 
   546  0E93                     	;# 
   547  0E94                     	;# 
   548  0E95                     	;# 
   549  0E96                     	;# 
   550  0E97                     	;# 
   551  0E98                     	;# 
   552  0E99                     	;# 
   553  0E9A                     	;# 
   554  0E9B                     	;# 
   555  0E9C                     	;# 
   556  0E9D                     	;# 
   557  0E9E                     	;# 
   558  0E9F                     	;# 
   559  0EA0                     	;# 
   560  0EA1                     	;# 
   561  0EA2                     	;# 
   562  0EA3                     	;# 
   563  0EA4                     	;# 
   564  0EA5                     	;# 
   565  0EA6                     	;# 
   566  0EA7                     	;# 
   567  0EA8                     	;# 
   568  0EA9                     	;# 
   569  0EAA                     	;# 
   570  0EAB                     	;# 
   571  0EAC                     	;# 
   572  0EAD                     	;# 
   573  0EAE                     	;# 
   574  0EAF                     	;# 
   575  0EB0                     	;# 
   576  0EB1                     	;# 
   577  0EB2                     	;# 
   578  0F0F                     	;# 
   579  0F10                     	;# 
   580  0F11                     	;# 
   581  0F12                     	;# 
   582  0F13                     	;# 
   583  0F14                     	;# 
   584  0F15                     	;# 
   585  0F16                     	;# 
   586  0F17                     	;# 
   587  0F18                     	;# 
   588  0F19                     	;# 
   589  0F1A                     	;# 
   590  0F1B                     	;# 
   591  0F1C                     	;# 
   592  0F1D                     	;# 
   593  0F1E                     	;# 
   594  0F1F                     	;# 
   595  0F20                     	;# 
   596  0F21                     	;# 
   597  0F22                     	;# 
   598  0F23                     	;# 
   599  0F24                     	;# 
   600  0F25                     	;# 
   601  0F26                     	;# 
   602  0F27                     	;# 
   603  0F28                     	;# 
   604  0F29                     	;# 
   605  0F2A                     	;# 
   606  0F2B                     	;# 
   607  0F2C                     	;# 
   608  0F2D                     	;# 
   609  0F2E                     	;# 
   610  0F2F                     	;# 
   611  0F30                     	;# 
   612  0F31                     	;# 
   613  0F32                     	;# 
   614  0F33                     	;# 
   615  0F34                     	;# 
   616  0F35                     	;# 
   617  0F36                     	;# 
   618  0F37                     	;# 
   619  0FE4                     	;# 
   620  0FE5                     	;# 
   621  0FE6                     	;# 
   622  0FE7                     	;# 
   623  0FE8                     	;# 
   624  0FE9                     	;# 
   625  0FEA                     	;# 
   626  0FEB                     	;# 
   627  0FED                     	;# 
   628  0FEE                     	;# 
   629  0FEF                     	;# 
   630  008F                     _TRISDbits	set	143
   631  04CB                     _IRCF0	set	1227
   632  04CC                     _IRCF1	set	1228
   633  04CD                     _IRCF2	set	1229
   634  04CE                     _IRCF3	set	1230
   635  04C8                     _SCS0	set	1224
   636  04C9                     _SCS1	set	1225
   637  04CF                     _SPLLEN	set	1231
   638  010F                     _LATDbits	set	271
   639                           
   640                           ; #config settings
   641  0000                     
   642                           	psect	cinit
   643  07FD                     start_initialization:	
   644  07FD                     __initialization:	
   645  07FD                     end_of_initialization:	
   646                           ;End of C runtime variable initialization code
   647                           
   648  07FD                     __end_of__initialization:	
   649  07FD  0020               	movlb	0
   650  07FE  3187  2FEE         	ljmp	_main	;jump to C main() function
   651                           
   652                           	psect	cstackCOMMON
   653  0000                     __pcstackCOMMON:	
   654  0000                     ?_internal_16:	
   655  0000                     ??_internal_16:	
   656                           ; 1 bytes @ 0x0
   657                           
   658  0000                     ?_initMain:	
   659                           ; 1 bytes @ 0x0
   660                           
   661  0000                     ??_initMain:	
   662                           ; 1 bytes @ 0x0
   663                           
   664  0000                     ?_main:	
   665                           ; 1 bytes @ 0x0
   666                           
   667  0000                     ??_main:	
   668                           ; 1 bytes @ 0x0
   669                           
   670                           
   671                           	psect	maintext
   672  07EE                     __pmaintext:	
   673                           ; 1 bytes @ 0x0
   674 ;;
   675 ;;Main: autosize = 0, tempsize = 0, incstack = 0, save=0
   676 ;;
   677 ;; *************** function _main *****************
   678 ;; Defined at:
   679 ;;		line 51 in file "Main.c"
   680 ;; Parameters:    Size  Location     Type
   681 ;;		None
   682 ;; Auto vars:     Size  Location     Type
   683 ;;		None
   684 ;; Return value:  Size  Location     Type
   685 ;;                  1    wreg      void 
   686 ;; Registers used:
   687 ;;		status,2, status,0, pclath, cstack
   688 ;; Tracked objects:
   689 ;;		On entry : B1F/0
   690 ;;		On exit  : 0/0
   691 ;;		Unchanged: 0/0
   692 ;; Data sizes:     COMMON   BANK0   BANK1   BANK2   BANK3   BANK4   BANK5   BANK6   BANK7   BANK8   BANK9  BANK10  BANK1
      +1  BANK12
   693 ;;      Params:         0       0       0       0       0       0       0       0       0       0       0       0       
      +0       0
   694 ;;      Locals:         0       0       0       0       0       0       0       0       0       0       0       0       
      +0       0
   695 ;;      Temps:          0       0       0       0       0       0       0       0       0       0       0       0       
      +0       0
   696 ;;      Totals:         0       0       0       0       0       0       0       0       0       0       0       0       
      +0       0
   697 ;;Total ram usage:        0 bytes
   698 ;; Hardware stack levels required when called:    2
   699 ;; This function calls:
   700 ;;		_initMain
   701 ;; This function is called by:
   702 ;;		Startup code after reset
   703 ;; This function uses a non-reentrant model
   704 ;;
   705                           
   706                           
   707                           ;psect for function _main
   708  07EE                     _main:	
   709                           
   710                           ;Main.c: 52: initMain();
   711                           
   712                           ;incstack = 0
   713                           ; Regs used in _main: [status,2+status,0+pclath+cstack]
   714  07EE  3187  27E9  3187   	fcall	_initMain
   715  07F1                     l434:	
   716                           ;Main.c: 54: while(1){
   717                           
   718                           
   719                           ;Main.c: 56: LATDbits.LATD1 = 1;
   720  07F1  0022               	movlb	2	; select bank2
   721  07F2  148F               	bsf	15,1	;volatile
   722  07F3  2FF1               	goto	l434
   723  07F4                     __end_of_main:	
   724                           ;Main.c: 57: }
   725                           ;Main.c: 59: return;
   726                           
   727                           
   728                           	psect	text1
   729  07E9                     __ptext1:	
   730 ;; *************** function _initMain *****************
   731 ;; Defined at:
   732 ;;		line 35 in file "Main.c"
   733 ;; Parameters:    Size  Location     Type
   734 ;;		None
   735 ;; Auto vars:     Size  Location     Type
   736 ;;		None
   737 ;; Return value:  Size  Location     Type
   738 ;;                  1    wreg      void 
   739 ;; Registers used:
   740 ;;		status,2, status,0, pclath, cstack
   741 ;; Tracked objects:
   742 ;;		On entry : 0/0
   743 ;;		On exit  : 0/0
   744 ;;		Unchanged: 0/0
   745 ;; Data sizes:     COMMON   BANK0   BANK1   BANK2   BANK3   BANK4   BANK5   BANK6   BANK7   BANK8   BANK9  BANK10  BANK1
      +1  BANK12
   746 ;;      Params:         0       0       0       0       0       0       0       0       0       0       0       0       
      +0       0
   747 ;;      Locals:         0       0       0       0       0       0       0       0       0       0       0       0       
      +0       0
   748 ;;      Temps:          0       0       0       0       0       0       0       0       0       0       0       0       
      +0       0
   749 ;;      Totals:         0       0       0       0       0       0       0       0       0       0       0       0       
      +0       0
   750 ;;Total ram usage:        0 bytes
   751 ;; Hardware stack levels used:    1
   752 ;; Hardware stack levels required when called:    1
   753 ;; This function calls:
   754 ;;		_internal_16
   755 ;; This function is called by:
   756 ;;		_main
   757 ;; This function uses a non-reentrant model
   758 ;;
   759                           
   760                           
   761                           ;psect for function _initMain
   762  07E9                     _initMain:	
   763                           
   764                           ;Main.c: 37: internal_16();
   765                           
   766                           ;incstack = 0
   767                           ; Regs used in _initMain: [status,2+status,0+pclath+cstack]
   768  07E9  3187  27F4         	fcall	_internal_16
   769                           
   770                           ;Main.c: 40: TRISDbits.TRISD1 = 0;
   771  07EB  0021               	movlb	1	; select bank1
   772  07EC  108F               	bcf	15,1	;volatile
   773  07ED  0008               	return
   774  07EE                     __end_of_initMain:	
   775                           
   776                           	psect	text2
   777  07F4                     __ptext2:	
   778 ;; *************** function _internal_16 *****************
   779 ;; Defined at:
   780 ;;		line 56 in file "16F1717_Internal.c"
   781 ;; Parameters:    Size  Location     Type
   782 ;;		None
   783 ;; Auto vars:     Size  Location     Type
   784 ;;		None
   785 ;; Return value:  Size  Location     Type
   786 ;;                  1    wreg      void 
   787 ;; Registers used:
   788 ;;		None
   789 ;; Tracked objects:
   790 ;;		On entry : 0/0
   791 ;;		On exit  : 0/0
   792 ;;		Unchanged: 0/0
   793 ;; Data sizes:     COMMON   BANK0   BANK1   BANK2   BANK3   BANK4   BANK5   BANK6   BANK7   BANK8   BANK9  BANK10  BANK1
      +1  BANK12
   794 ;;      Params:         0       0       0       0       0       0       0       0       0       0       0       0       
      +0       0
   795 ;;      Locals:         0       0       0       0       0       0       0       0       0       0       0       0       
      +0       0
   796 ;;      Temps:          0       0       0       0       0       0       0       0       0       0       0       0       
      +0       0
   797 ;;      Totals:         0       0       0       0       0       0       0       0       0       0       0       0       
      +0       0
   798 ;;Total ram usage:        0 bytes
   799 ;; Hardware stack levels used:    1
   800 ;; This function calls:
   801 ;;		Nothing
   802 ;; This function is called by:
   803 ;;		_initMain
   804 ;; This function uses a non-reentrant model
   805 ;;
   806                           
   807                           
   808                           ;psect for function _internal_16
   809  07F4                     _internal_16:	
   810                           
   811                           ;16F1717_Internal.c: 58: SCS0 = 0;
   812                           
   813                           ;incstack = 0
   814                           ; Regs used in _internal_16: []
   815  07F4  0021               	movlb	1	; select bank1
   816  07F5  1019               	bcf	25,0	;volatile
   817                           
   818                           ;16F1717_Internal.c: 59: SCS1 = 0;
   819  07F6  1099               	bcf	25,1	;volatile
   820                           
   821                           ;16F1717_Internal.c: 62: IRCF0 = 1;
   822  07F7  1599               	bsf	25,3	;volatile
   823                           
   824                           ;16F1717_Internal.c: 63: IRCF1 = 1;
   825  07F8  1619               	bsf	25,4	;volatile
   826                           
   827                           ;16F1717_Internal.c: 64: IRCF2 = 1;
   828  07F9  1699               	bsf	25,5	;volatile
   829                           
   830                           ;16F1717_Internal.c: 65: IRCF3 = 1;
   831  07FA  1719               	bsf	25,6	;volatile
   832                           
   833                           ;16F1717_Internal.c: 68: SPLLEN = 0;
   834  07FB  1399               	bcf	25,7	;volatile
   835  07FC  0008               	return
   836  07FD                     __end_of_internal_16:	
   837  007E                     btemp	set	126	;btemp
   838  007E                     wtemp	set	126
   839  007E                     wtemp0	set	126
   840  0080                     wtemp1	set	128
   841  0082                     wtemp2	set	130
   842  0084                     wtemp3	set	132
   843  0086                     wtemp4	set	134
   844  0088                     wtemp5	set	136
   845  007F                     wtemp6	set	127
   846  007E                     ttemp	set	126
   847  007E                     ttemp0	set	126
   848  0081                     ttemp1	set	129
   849  0084                     ttemp2	set	132
   850  0087                     ttemp3	set	135
   851  007F                     ttemp4	set	127
   852  007E                     ltemp	set	126
   853  007E                     ltemp0	set	126
   854  0082                     ltemp1	set	130
   855  0086                     ltemp2	set	134
   856  0080                     ltemp3	set	128


Data Sizes:
    Strings     0
    Constant    0
    Data        0
    BSS         0
    Persistent  0
    Stack       0

Auto Spaces:
    Space          Size  Autos    Used
    COMMON           14      0       0
    BANK0            80      0       0
    BANK1            80      0       0
    BANK2            80      0       0
    BANK3            80      0       0
    BANK4            80      0       0
    BANK5            80      0       0
    BANK6            80      0       0
    BANK7            80      0       0
    BANK8            80      0       0
    BANK9            80      0       0
    BANK10           80      0       0
    BANK11           80      0       0
    BANK12           48      0       0

Pointer List with Targets:

    None.

Critical Paths under _main in COMMON

    None.

Critical Paths under _main in BANK0

    None.

Critical Paths under _main in BANK1

    None.

Critical Paths under _main in BANK2

    None.

Critical Paths under _main in BANK3

    None.

Critical Paths under _main in BANK4

    None.

Critical Paths under _main in BANK5

    None.

Critical Paths under _main in BANK6

    None.

Critical Paths under _main in BANK7

    None.

Critical Paths under _main in BANK8

    None.

Critical Paths under _main in BANK9

    None.

Critical Paths under _main in BANK10

    None.

Critical Paths under _main in BANK11

    None.

Critical Paths under _main in BANK12

    None.

Call Graph Tables:

 ---------------------------------------------------------------------------------
 (Depth) Function   	        Calls       Base Space   Used Autos Params    Refs
 ---------------------------------------------------------------------------------
 (0) _main                                                 0     0      0       0
                           _initMain
 ---------------------------------------------------------------------------------
 (1) _initMain                                             0     0      0       0
                        _internal_16
 ---------------------------------------------------------------------------------
 (2) _internal_16                                          0     0      0       0
 ---------------------------------------------------------------------------------
 Estimated maximum stack depth 2
 ---------------------------------------------------------------------------------

 Call Graph Graphs:

 _main (ROOT)
   _initMain
     _internal_16

 Address spaces:
Name               Size   Autos  Total    Cost      Usage
BIGRAM             3F0      0       0       0        0.0%
NULL                 0      0       0       0        0.0%
CODE                 0      0       0       0        0.0%
BITCOMMON            E      0       0       1        0.0%
BITSFR0              0      0       0       1        0.0%
SFR0                 0      0       0       1        0.0%
COMMON               E      0       0       2        0.0%
BITSFR1              0      0       0       2        0.0%
SFR1                 0      0       0       2        0.0%
BITSFR2              0      0       0       3        0.0%
SFR2                 0      0       0       3        0.0%
STACK                0      0       0       3        0.0%
BITBANK0            50      0       0       4        0.0%
BITSFR3              0      0       0       4        0.0%
SFR3                 0      0       0       4        0.0%
BANK0               50      0       0       5        0.0%
BITSFR4              0      0       0       5        0.0%
SFR4                 0      0       0       5        0.0%
BITBANK1            50      0       0       6        0.0%
BITSFR5              0      0       0       6        0.0%
SFR5                 0      0       0       6        0.0%
BANK1               50      0       0       7        0.0%
BITSFR6              0      0       0       7        0.0%
SFR6                 0      0       0       7        0.0%
BITBANK2            50      0       0       8        0.0%
BITSFR7              0      0       0       8        0.0%
SFR7                 0      0       0       8        0.0%
BANK2               50      0       0       9        0.0%
BITSFR8              0      0       0       9        0.0%
SFR8                 0      0       0       9        0.0%
BITBANK3            50      0       0      10        0.0%
BITSFR9              0      0       0      10        0.0%
SFR9                 0      0       0      10        0.0%
BANK3               50      0       0      11        0.0%
BITSFR10             0      0       0      11        0.0%
SFR10                0      0       0      11        0.0%
BITBANK4            50      0       0      12        0.0%
BITSFR11             0      0       0      12        0.0%
SFR11                0      0       0      12        0.0%
BANK4               50      0       0      13        0.0%
BITSFR12             0      0       0      13        0.0%
SFR12                0      0       0      13        0.0%
BITBANK5            50      0       0      14        0.0%
BITSFR13             0      0       0      14        0.0%
SFR13                0      0       0      14        0.0%
BANK5               50      0       0      15        0.0%
BITSFR14             0      0       0      15        0.0%
SFR14                0      0       0      15        0.0%
BITBANK6            50      0       0      16        0.0%
BITSFR15             0      0       0      16        0.0%
SFR15                0      0       0      16        0.0%
BANK6               50      0       0      17        0.0%
BITSFR16             0      0       0      17        0.0%
SFR16                0      0       0      17        0.0%
BITBANK7            50      0       0      18        0.0%
BITSFR17             0      0       0      18        0.0%
SFR17                0      0       0      18        0.0%
BANK7               50      0       0      19        0.0%
BITSFR18             0      0       0      19        0.0%
SFR18                0      0       0      19        0.0%
BITSFR19             0      0       0      20        0.0%
SFR19                0      0       0      20        0.0%
ABS                  0      0       0      20        0.0%
BITBANK8            50      0       0      21        0.0%
BITSFR20             0      0       0      21        0.0%
SFR20                0      0       0      21        0.0%
BANK8               50      0       0      22        0.0%
BITSFR21             0      0       0      22        0.0%
SFR21                0      0       0      22        0.0%
BITBANK9            50      0       0      23        0.0%
BITSFR22             0      0       0      23        0.0%
SFR22                0      0       0      23        0.0%
BANK9               50      0       0      24        0.0%
BITSFR23             0      0       0      24        0.0%
SFR23                0      0       0      24        0.0%
BITBANK10           50      0       0      25        0.0%
BITSFR24             0      0       0      25        0.0%
SFR24                0      0       0      25        0.0%
BANK10              50      0       0      26        0.0%
BITSFR25             0      0       0      26        0.0%
SFR25                0      0       0      26        0.0%
BITBANK11           50      0       0      27        0.0%
BITSFR26             0      0       0      27        0.0%
SFR26                0      0       0      27        0.0%
BANK11              50      0       0      28        0.0%
BITSFR27             0      0       0      28        0.0%
SFR27                0      0       0      28        0.0%
BITBANK12           30      0       0      29        0.0%
BITSFR28             0      0       0      29        0.0%
SFR28                0      0       0      29        0.0%
BANK12              30      0       0      30        0.0%
BITSFR29             0      0       0      30        0.0%
SFR29                0      0       0      30        0.0%
BITSFR30             0      0       0      31        0.0%
SFR30                0      0       0      31        0.0%
DATA                 0      0       0      31        0.0%
BITSFR31             0      0       0      32        0.0%
SFR31                0      0       0      32        0.0%


Microchip Technology PIC Macro Assembler V1.38 build -256452561 
Symbol Table                                                                                   Thu Feb 16 11:59:08 2017

            __CFG_CP$OFF 0000                      l434 07F1             __CFG_BORV$LO 0000  
           __CFG_IESO$ON 0000             __CFG_LVP$OFF 0000                     _SCS0 04C8  
                   _SCS1 04C9             __CFG_WRT$OFF 0000                     _main 07EE  
                   btemp 007E                     ltemp 007E                     start 0002  
                   ttemp 007E                     wtemp 007E                    ?_main 0000  
          __CFG_WDTE$OFF 0000                    _IRCF0 04CB                    _IRCF1 04CC  
                  _IRCF2 04CD                    _IRCF3 04CE           __CFG_FCMEN$OFF 0000  
         __CFG_BOREN$OFF 0000                    ltemp0 007E                    ltemp1 0082  
                  ltemp2 0086                    ltemp3 0080                    ttemp0 007E  
                  ttemp1 0081                    ttemp2 0084                    ttemp3 0087  
                  ttemp4 007F                    wtemp0 007E                    wtemp1 0080  
                  wtemp2 0082                    wtemp3 0084                    wtemp4 0086  
                  wtemp5 0088                    wtemp6 007F             ?_internal_16 0000  
         __CFG_MCLRE$OFF 0000          __initialization 07FD             __end_of_main 07F4  
         __CFG_LPBOR$OFF 0000                   ??_main 0000           __CFG_PLLEN$OFF 0000  
         __CFG_ZCDDIS$ON 0000                   _SPLLEN 04CF           __CFG_PWRTE$OFF 0000  
         __CFG_STVREN$ON 0000         __end_of_initMain 07EE  __end_of__initialization 07FD  
         __pcstackCOMMON 0000               __pmaintext 07EE     __size_of_internal_16 0009  
        __CFG_PPS1WAY$ON 0000                ?_initMain 0000                  __ptext1 07E9  
                __ptext2 07F4     end_of_initialization 07FD               ??_initMain 0000  
       __CFG_FOSC$INTOSC 0000                _TRISDbits 008F      start_initialization 07FD  
              ___latbits 0002            ??_internal_16 0000        __size_of_initMain 0005  
               _LATDbits 010F      __end_of_internal_16 07FD                 _initMain 07E9  
          __size_of_main 0006              _internal_16 07F4        __CFG_CLKOUTEN$OFF 0000  
