

Microchip MPLAB XC8 Assembler V2.45 build 20230818022343 
                                                                                               Sat Nov 18 05:36:41 2023

Microchip MPLAB XC8 C Compiler v2.45 (Free license) build 20230818022343 Og1 
     1                           	processor	16F1719
     2                           	pagewidth 120
     3                           	opt	flic
     4                           	psect	idataBIGRAM,global,class=CODE,delta=2,noexec
     5                           	psect	cinit,global,class=CODE,merge=1,delta=2
     6                           	psect	bssCOMMON,global,class=COMMON,space=1,delta=1,noexec
     7                           	psect	inittext,global,class=CODE,delta=2
     8                           	psect	cstackCOMMON,global,class=COMMON,space=1,delta=1,noexec
     9                           	psect	maintext,global,class=CODE,merge=1,split=1,delta=2
    10                           	psect	text1,local,class=CODE,merge=1,delta=2
    11                           	psect	text2,local,class=CODE,merge=1,delta=2
    12                           	psect	intentry,global,class=CODE,delta=2
    13                           	psect	config,global,abs,ovrld,class=CONFIG,space=4,delta=2,noexec
    14                           	dabs	1,0xCA0,32
    15                           	dabs	1,0xC20,80
    16                           	dabs	1,0xBDD,19
    17                           	dabs	1,0x276D,0,_sineData
    18                           	dabs	1,0x7E,2
    19     0000                     
    20                           ; Generated 06/07/2023 GMT
    21                           ; 
    22                           ; Copyright © 2023, Microchip Technology Inc. and its subsidiaries ("Microchip")
    23                           ; All rights reserved.
    24                           ; 
    25                           ; This software is developed by Microchip Technology Inc. and its subsidiaries ("Microch
      +                          ip").
    26                           ; 
    27                           ; Redistribution and use in source and binary forms, with or without modification, are
    28                           ; permitted provided that the following conditions are met:
    29                           ; 
    30                           ;     1. Redistributions of source code must retain the above copyright notice, this lis
      +                          t of
    31                           ;        conditions and the following disclaimer.
    32                           ; 
    33                           ;     2. Redistributions in binary form must reproduce the above copyright notice, this 
      +                          list
    34                           ;        of conditions and the following disclaimer in the documentation and/or other
    35                           ;        materials provided with the distribution. Publication is not required when
    36                           ;        this file is used in an embedded application.
    37                           ; 
    38                           ;     3. Microchip's name may not be used to endorse or promote products derived from th
      +                          is
    39                           ;        software without specific prior written permission.
    40                           ; 
    41                           ; THIS SOFTWARE IS PROVIDED BY MICROCHIP "AS IS" AND ANY EXPRESS OR IMPLIED WARRANTIES,
    42                           ; INCLUDING, BUT NOT LIMITED TO, THE IMPLIED WARRANTIES OF MERCHANTABILITY AND FITNESS F
      +                          OR
    43                           ; PURPOSE ARE DISCLAIMED.  IN NO EVENT SHALL MICROCHIP BE LIABLE FOR ANY DIRECT, INDIREC
      +                          T,
    44                           ; INCIDENTAL, SPECIAL, EXEMPLARY, OR CONSEQUENTIAL DAMAGES (INCLUDING BUT NOT LIMITED TO
    45                           ; PROCUREMENT OF SUBSTITUTE GOODS OR SERVICES; LOSS OF USE, DATA OR PROFITS; OR BUSINESS
    46                           ; INTERRUPTION) HOWSOEVER CAUSED AND ON ANY THEORY OF LIABILITY, WHETHER IN CONTRACT, ST
      +                          RICT
    47                           ; LIABILITY, OR TORT (INCLUDING NEGLIGENCE OR OTHERWISE) ARISING IN ANY WAY OUT OF THE U
      +                          SE OF
    48                           ; THIS SOFTWARE, EVEN IF ADVISED OF THE POSSIBILITY OF SUCH DAMAGE.
    49                           ; 
    50                           ; 
    51                           ; Code-generator required, PIC16F1719 Definitions
    52                           ; 
    53                           ; SFR Addresses
    54     0000                     	;# 
    55     0001                     	;# 
    56     0002                     	;# 
    57     0003                     	;# 
    58     0004                     	;# 
    59     0005                     	;# 
    60     0006                     	;# 
    61     0007                     	;# 
    62     0008                     	;# 
    63     0009                     	;# 
    64     000A                     	;# 
    65     000B                     	;# 
    66     000C                     	;# 
    67     000D                     	;# 
    68     000E                     	;# 
    69     000F                     	;# 
    70     0010                     	;# 
    71     0011                     	;# 
    72     0012                     	;# 
    73     0013                     	;# 
    74     0015                     	;# 
    75     0016                     	;# 
    76     0016                     	;# 
    77     0017                     	;# 
    78     0018                     	;# 
    79     0019                     	;# 
    80     001A                     	;# 
    81     001B                     	;# 
    82     001C                     	;# 
    83     008C                     	;# 
    84     008D                     	;# 
    85     008E                     	;# 
    86     008F                     	;# 
    87     0090                     	;# 
    88     0091                     	;# 
    89     0092                     	;# 
    90     0093                     	;# 
    91     0095                     	;# 
    92     0096                     	;# 
    93     0097                     	;# 
    94     0098                     	;# 
    95     0099                     	;# 
    96     009A                     	;# 
    97     009B                     	;# 
    98     009B                     	;# 
    99     009C                     	;# 
   100     009D                     	;# 
   101     009E                     	;# 
   102     009F                     	;# 
   103     010C                     	;# 
   104     010D                     	;# 
   105     010E                     	;# 
   106     010F                     	;# 
   107     0110                     	;# 
   108     0111                     	;# 
   109     0112                     	;# 
   110     0113                     	;# 
   111     0114                     	;# 
   112     0115                     	;# 
   113     0116                     	;# 
   114     0117                     	;# 
   115     0118                     	;# 
   116     0119                     	;# 
   117     011A                     	;# 
   118     011B                     	;# 
   119     011B                     	;# 
   120     011C                     	;# 
   121     018C                     	;# 
   122     018D                     	;# 
   123     018E                     	;# 
   124     018F                     	;# 
   125     0190                     	;# 
   126     0191                     	;# 
   127     0191                     	;# 
   128     0192                     	;# 
   129     0193                     	;# 
   130     0193                     	;# 
   131     0194                     	;# 
   132     0195                     	;# 
   133     0196                     	;# 
   134     0197                     	;# 
   135     0199                     	;# 
   136     0199                     	;# 
   137     0199                     	;# 
   138     019A                     	;# 
   139     019A                     	;# 
   140     019A                     	;# 
   141     019B                     	;# 
   142     019B                     	;# 
   143     019B                     	;# 
   144     019B                     	;# 
   145     019B                     	;# 
   146     019C                     	;# 
   147     019C                     	;# 
   148     019C                     	;# 
   149     019D                     	;# 
   150     019D                     	;# 
   151     019D                     	;# 
   152     019E                     	;# 
   153     019E                     	;# 
   154     019E                     	;# 
   155     019F                     	;# 
   156     019F                     	;# 
   157     019F                     	;# 
   158     019F                     	;# 
   159     019F                     	;# 
   160     020C                     	;# 
   161     020D                     	;# 
   162     020E                     	;# 
   163     020F                     	;# 
   164     0210                     	;# 
   165     0211                     	;# 
   166     0211                     	;# 
   167     0212                     	;# 
   168     0212                     	;# 
   169     0213                     	;# 
   170     0213                     	;# 
   171     0214                     	;# 
   172     0214                     	;# 
   173     0215                     	;# 
   174     0215                     	;# 
   175     0215                     	;# 
   176     0215                     	;# 
   177     0216                     	;# 
   178     0216                     	;# 
   179     0217                     	;# 
   180     0217                     	;# 
   181     028C                     	;# 
   182     028D                     	;# 
   183     028E                     	;# 
   184     028F                     	;# 
   185     0290                     	;# 
   186     0291                     	;# 
   187     0291                     	;# 
   188     0292                     	;# 
   189     0293                     	;# 
   190     0293                     	;# 
   191     0298                     	;# 
   192     0298                     	;# 
   193     0299                     	;# 
   194     029A                     	;# 
   195     029A                     	;# 
   196     029E                     	;# 
   197     030C                     	;# 
   198     030D                     	;# 
   199     030E                     	;# 
   200     030F                     	;# 
   201     0310                     	;# 
   202     038C                     	;# 
   203     038D                     	;# 
   204     038E                     	;# 
   205     038F                     	;# 
   206     0390                     	;# 
   207     0391                     	;# 
   208     0392                     	;# 
   209     0393                     	;# 
   210     0394                     	;# 
   211     0395                     	;# 
   212     0396                     	;# 
   213     0397                     	;# 
   214     0398                     	;# 
   215     0399                     	;# 
   216     039D                     	;# 
   217     039E                     	;# 
   218     039F                     	;# 
   219     0415                     	;# 
   220     0416                     	;# 
   221     0417                     	;# 
   222     041C                     	;# 
   223     041D                     	;# 
   224     041E                     	;# 
   225     0498                     	;# 
   226     0498                     	;# 
   227     0499                     	;# 
   228     049A                     	;# 
   229     049B                     	;# 
   230     049B                     	;# 
   231     049C                     	;# 
   232     049D                     	;# 
   233     049E                     	;# 
   234     049F                     	;# 
   235     0511                     	;# 
   236     0515                     	;# 
   237     0617                     	;# 
   238     0618                     	;# 
   239     0619                     	;# 
   240     0619                     	;# 
   241     061A                     	;# 
   242     061B                     	;# 
   243     061C                     	;# 
   244     061C                     	;# 
   245     0691                     	;# 
   246     0692                     	;# 
   247     0693                     	;# 
   248     0694                     	;# 
   249     0695                     	;# 
   250     0696                     	;# 
   251     0697                     	;# 
   252     0698                     	;# 
   253     0699                     	;# 
   254     069A                     	;# 
   255     069B                     	;# 
   256     069C                     	;# 
   257     069D                     	;# 
   258     069E                     	;# 
   259     069F                     	;# 
   260     0E0F                     	;# 
   261     0E10                     	;# 
   262     0E11                     	;# 
   263     0E12                     	;# 
   264     0E13                     	;# 
   265     0E14                     	;# 
   266     0E15                     	;# 
   267     0E17                     	;# 
   268     0E20                     	;# 
   269     0E21                     	;# 
   270     0E22                     	;# 
   271     0E24                     	;# 
   272     0E25                     	;# 
   273     0E28                     	;# 
   274     0E29                     	;# 
   275     0E2A                     	;# 
   276     0E2B                     	;# 
   277     0E90                     	;# 
   278     0E91                     	;# 
   279     0E92                     	;# 
   280     0E93                     	;# 
   281     0E94                     	;# 
   282     0E95                     	;# 
   283     0E96                     	;# 
   284     0E97                     	;# 
   285     0E98                     	;# 
   286     0E99                     	;# 
   287     0E9A                     	;# 
   288     0E9B                     	;# 
   289     0E9C                     	;# 
   290     0E9D                     	;# 
   291     0E9E                     	;# 
   292     0E9F                     	;# 
   293     0EA0                     	;# 
   294     0EA1                     	;# 
   295     0EA2                     	;# 
   296     0EA3                     	;# 
   297     0EA4                     	;# 
   298     0EA5                     	;# 
   299     0EA6                     	;# 
   300     0EA7                     	;# 
   301     0EA8                     	;# 
   302     0EA9                     	;# 
   303     0EAA                     	;# 
   304     0EAB                     	;# 
   305     0EAC                     	;# 
   306     0EAD                     	;# 
   307     0EAE                     	;# 
   308     0EAF                     	;# 
   309     0EB0                     	;# 
   310     0EB1                     	;# 
   311     0EB2                     	;# 
   312     0F0F                     	;# 
   313     0F10                     	;# 
   314     0F11                     	;# 
   315     0F12                     	;# 
   316     0F13                     	;# 
   317     0F14                     	;# 
   318     0F15                     	;# 
   319     0F16                     	;# 
   320     0F17                     	;# 
   321     0F18                     	;# 
   322     0F19                     	;# 
   323     0F1A                     	;# 
   324     0F1B                     	;# 
   325     0F1C                     	;# 
   326     0F1D                     	;# 
   327     0F1E                     	;# 
   328     0F1F                     	;# 
   329     0F20                     	;# 
   330     0F21                     	;# 
   331     0F22                     	;# 
   332     0F23                     	;# 
   333     0F24                     	;# 
   334     0F25                     	;# 
   335     0F26                     	;# 
   336     0F27                     	;# 
   337     0F28                     	;# 
   338     0F29                     	;# 
   339     0F2A                     	;# 
   340     0F2B                     	;# 
   341     0F2C                     	;# 
   342     0F2D                     	;# 
   343     0F2E                     	;# 
   344     0F2F                     	;# 
   345     0F30                     	;# 
   346     0F31                     	;# 
   347     0F32                     	;# 
   348     0F33                     	;# 
   349     0F34                     	;# 
   350     0F35                     	;# 
   351     0F36                     	;# 
   352     0F37                     	;# 
   353     0FE4                     	;# 
   354     0FE5                     	;# 
   355     0FE6                     	;# 
   356     0FE7                     	;# 
   357     0FE8                     	;# 
   358     0FE9                     	;# 
   359     0FEA                     	;# 
   360     0FEB                     	;# 
   361     0FED                     	;# 
   362     0FEE                     	;# 
   363     0FEF                     	;# 
   364     0000                     	;# 
   365     0001                     	;# 
   366     0002                     	;# 
   367     0003                     	;# 
   368     0004                     	;# 
   369     0005                     	;# 
   370     0006                     	;# 
   371     0007                     	;# 
   372     0008                     	;# 
   373     0009                     	;# 
   374     000A                     	;# 
   375     000B                     	;# 
   376     000C                     	;# 
   377     000D                     	;# 
   378     000E                     	;# 
   379     000F                     	;# 
   380     0010                     	;# 
   381     0011                     	;# 
   382     0012                     	;# 
   383     0013                     	;# 
   384     0015                     	;# 
   385     0016                     	;# 
   386     0016                     	;# 
   387     0017                     	;# 
   388     0018                     	;# 
   389     0019                     	;# 
   390     001A                     	;# 
   391     001B                     	;# 
   392     001C                     	;# 
   393     008C                     	;# 
   394     008D                     	;# 
   395     008E                     	;# 
   396     008F                     	;# 
   397     0090                     	;# 
   398     0091                     	;# 
   399     0092                     	;# 
   400     0093                     	;# 
   401     0095                     	;# 
   402     0096                     	;# 
   403     0097                     	;# 
   404     0098                     	;# 
   405     0099                     	;# 
   406     009A                     	;# 
   407     009B                     	;# 
   408     009B                     	;# 
   409     009C                     	;# 
   410     009D                     	;# 
   411     009E                     	;# 
   412     009F                     	;# 
   413     010C                     	;# 
   414     010D                     	;# 
   415     010E                     	;# 
   416     010F                     	;# 
   417     0110                     	;# 
   418     0111                     	;# 
   419     0112                     	;# 
   420     0113                     	;# 
   421     0114                     	;# 
   422     0115                     	;# 
   423     0116                     	;# 
   424     0117                     	;# 
   425     0118                     	;# 
   426     0119                     	;# 
   427     011A                     	;# 
   428     011B                     	;# 
   429     011B                     	;# 
   430     011C                     	;# 
   431     018C                     	;# 
   432     018D                     	;# 
   433     018E                     	;# 
   434     018F                     	;# 
   435     0190                     	;# 
   436     0191                     	;# 
   437     0191                     	;# 
   438     0192                     	;# 
   439     0193                     	;# 
   440     0193                     	;# 
   441     0194                     	;# 
   442     0195                     	;# 
   443     0196                     	;# 
   444     0197                     	;# 
   445     0199                     	;# 
   446     0199                     	;# 
   447     0199                     	;# 
   448     019A                     	;# 
   449     019A                     	;# 
   450     019A                     	;# 
   451     019B                     	;# 
   452     019B                     	;# 
   453     019B                     	;# 
   454     019B                     	;# 
   455     019B                     	;# 
   456     019C                     	;# 
   457     019C                     	;# 
   458     019C                     	;# 
   459     019D                     	;# 
   460     019D                     	;# 
   461     019D                     	;# 
   462     019E                     	;# 
   463     019E                     	;# 
   464     019E                     	;# 
   465     019F                     	;# 
   466     019F                     	;# 
   467     019F                     	;# 
   468     019F                     	;# 
   469     019F                     	;# 
   470     020C                     	;# 
   471     020D                     	;# 
   472     020E                     	;# 
   473     020F                     	;# 
   474     0210                     	;# 
   475     0211                     	;# 
   476     0211                     	;# 
   477     0212                     	;# 
   478     0212                     	;# 
   479     0213                     	;# 
   480     0213                     	;# 
   481     0214                     	;# 
   482     0214                     	;# 
   483     0215                     	;# 
   484     0215                     	;# 
   485     0215                     	;# 
   486     0215                     	;# 
   487     0216                     	;# 
   488     0216                     	;# 
   489     0217                     	;# 
   490     0217                     	;# 
   491     028C                     	;# 
   492     028D                     	;# 
   493     028E                     	;# 
   494     028F                     	;# 
   495     0290                     	;# 
   496     0291                     	;# 
   497     0291                     	;# 
   498     0292                     	;# 
   499     0293                     	;# 
   500     0293                     	;# 
   501     0298                     	;# 
   502     0298                     	;# 
   503     0299                     	;# 
   504     029A                     	;# 
   505     029A                     	;# 
   506     029E                     	;# 
   507     030C                     	;# 
   508     030D                     	;# 
   509     030E                     	;# 
   510     030F                     	;# 
   511     0310                     	;# 
   512     038C                     	;# 
   513     038D                     	;# 
   514     038E                     	;# 
   515     038F                     	;# 
   516     0390                     	;# 
   517     0391                     	;# 
   518     0392                     	;# 
   519     0393                     	;# 
   520     0394                     	;# 
   521     0395                     	;# 
   522     0396                     	;# 
   523     0397                     	;# 
   524     0398                     	;# 
   525     0399                     	;# 
   526     039D                     	;# 
   527     039E                     	;# 
   528     039F                     	;# 
   529     0415                     	;# 
   530     0416                     	;# 
   531     0417                     	;# 
   532     041C                     	;# 
   533     041D                     	;# 
   534     041E                     	;# 
   535     0498                     	;# 
   536     0498                     	;# 
   537     0499                     	;# 
   538     049A                     	;# 
   539     049B                     	;# 
   540     049B                     	;# 
   541     049C                     	;# 
   542     049D                     	;# 
   543     049E                     	;# 
   544     049F                     	;# 
   545     0511                     	;# 
   546     0515                     	;# 
   547     0617                     	;# 
   548     0618                     	;# 
   549     0619                     	;# 
   550     0619                     	;# 
   551     061A                     	;# 
   552     061B                     	;# 
   553     061C                     	;# 
   554     061C                     	;# 
   555     0691                     	;# 
   556     0692                     	;# 
   557     0693                     	;# 
   558     0694                     	;# 
   559     0695                     	;# 
   560     0696                     	;# 
   561     0697                     	;# 
   562     0698                     	;# 
   563     0699                     	;# 
   564     069A                     	;# 
   565     069B                     	;# 
   566     069C                     	;# 
   567     069D                     	;# 
   568     069E                     	;# 
   569     069F                     	;# 
   570     0E0F                     	;# 
   571     0E10                     	;# 
   572     0E11                     	;# 
   573     0E12                     	;# 
   574     0E13                     	;# 
   575     0E14                     	;# 
   576     0E15                     	;# 
   577     0E17                     	;# 
   578     0E20                     	;# 
   579     0E21                     	;# 
   580     0E22                     	;# 
   581     0E24                     	;# 
   582     0E25                     	;# 
   583     0E28                     	;# 
   584     0E29                     	;# 
   585     0E2A                     	;# 
   586     0E2B                     	;# 
   587     0E90                     	;# 
   588     0E91                     	;# 
   589     0E92                     	;# 
   590     0E93                     	;# 
   591     0E94                     	;# 
   592     0E95                     	;# 
   593     0E96                     	;# 
   594     0E97                     	;# 
   595     0E98                     	;# 
   596     0E99                     	;# 
   597     0E9A                     	;# 
   598     0E9B                     	;# 
   599     0E9C                     	;# 
   600     0E9D                     	;# 
   601     0E9E                     	;# 
   602     0E9F                     	;# 
   603     0EA0                     	;# 
   604     0EA1                     	;# 
   605     0EA2                     	;# 
   606     0EA3                     	;# 
   607     0EA4                     	;# 
   608     0EA5                     	;# 
   609     0EA6                     	;# 
   610     0EA7                     	;# 
   611     0EA8                     	;# 
   612     0EA9                     	;# 
   613     0EAA                     	;# 
   614     0EAB                     	;# 
   615     0EAC                     	;# 
   616     0EAD                     	;# 
   617     0EAE                     	;# 
   618     0EAF                     	;# 
   619     0EB0                     	;# 
   620     0EB1                     	;# 
   621     0EB2                     	;# 
   622     0F0F                     	;# 
   623     0F10                     	;# 
   624     0F11                     	;# 
   625     0F12                     	;# 
   626     0F13                     	;# 
   627     0F14                     	;# 
   628     0F15                     	;# 
   629     0F16                     	;# 
   630     0F17                     	;# 
   631     0F18                     	;# 
   632     0F19                     	;# 
   633     0F1A                     	;# 
   634     0F1B                     	;# 
   635     0F1C                     	;# 
   636     0F1D                     	;# 
   637     0F1E                     	;# 
   638     0F1F                     	;# 
   639     0F20                     	;# 
   640     0F21                     	;# 
   641     0F22                     	;# 
   642     0F23                     	;# 
   643     0F24                     	;# 
   644     0F25                     	;# 
   645     0F26                     	;# 
   646     0F27                     	;# 
   647     0F28                     	;# 
   648     0F29                     	;# 
   649     0F2A                     	;# 
   650     0F2B                     	;# 
   651     0F2C                     	;# 
   652     0F2D                     	;# 
   653     0F2E                     	;# 
   654     0F2F                     	;# 
   655     0F30                     	;# 
   656     0F31                     	;# 
   657     0F32                     	;# 
   658     0F33                     	;# 
   659     0F34                     	;# 
   660     0F35                     	;# 
   661     0F36                     	;# 
   662     0F37                     	;# 
   663     0FE4                     	;# 
   664     0FE5                     	;# 
   665     0FE6                     	;# 
   666     0FE7                     	;# 
   667     0FE8                     	;# 
   668     0FE9                     	;# 
   669     0FEA                     	;# 
   670     0FEB                     	;# 
   671     0FED                     	;# 
   672     0FEE                     	;# 
   673     0FEF                     	;_sineData
   674                           
   675                           	psect	idataBIGRAM
   676     002B                     __pidataBIGRAM:
   677                           
   678                           ;initializer for _sineData
   679     002B  347F               	retlw	127
   680     002C  3481               	retlw	129
   681     002D  3483               	retlw	131
   682     002E  3485               	retlw	133
   683     002F  3487               	retlw	135
   684     0030  3489               	retlw	137
   685     0031  348B               	retlw	139
   686     0032  348E               	retlw	142
   687     0033  3490               	retlw	144
   688     0034  3492               	retlw	146
   689     0035  3494               	retlw	148
   690     0036  3497               	retlw	151
   691     0037  3499               	retlw	153
   692     0038  349B               	retlw	155
   693     0039  349D               	retlw	157
   694     003A  349F               	retlw	159
   695     003B  34A0               	retlw	160
   696     003C  34A2               	retlw	162
   697     003D  34A3               	retlw	163
   698     003E  34A5               	retlw	165
   699     003F  34A6               	retlw	166
   700     0040  34A8               	retlw	168
   701     0041  34A9               	retlw	169
   702     0042  34AB               	retlw	171
   703     0043  34AC               	retlw	172
   704     0044  34AE               	retlw	174
   705     0045  34AF               	retlw	175
   706     0046  34B0               	retlw	176
   707     0047  34B1               	retlw	177
   708     0048  34B2               	retlw	178
   709     0049  34B3               	retlw	179
   710     004A  34B4               	retlw	180
   711     004B  34B5               	retlw	181
   712     004C  34B6               	retlw	182
   713     004D  34B7               	retlw	183
   714     004E  34B8               	retlw	184
   715     004F  34B9               	retlw	185
   716     0050  34BA               	retlw	186
   717     0051  34BB               	retlw	187
   718     0052  34BC               	retlw	188
   719     0053  34BD               	retlw	189
   720     0054  34BD               	retlw	189
   721     0055  34BE               	retlw	190
   722     0056  34BE               	retlw	190
   723     0057  34BD               	retlw	189
   724     0058  34BD               	retlw	189
   725     0059  34BC               	retlw	188
   726     005A  34BB               	retlw	187
   727     005B  34BA               	retlw	186
   728     005C  34B9               	retlw	185
   729     005D  34B8               	retlw	184
   730     005E  34B7               	retlw	183
   731     005F  34B6               	retlw	182
   732     0060  34B5               	retlw	181
   733     0061  34B4               	retlw	180
   734     0062  34B3               	retlw	179
   735     0063  34B2               	retlw	178
   736     0064  34B1               	retlw	177
   737     0065  34B0               	retlw	176
   738     0066  34AF               	retlw	175
   739     0067  34AE               	retlw	174
   740     0068  34AC               	retlw	172
   741     0069  34AB               	retlw	171
   742     006A  34A9               	retlw	169
   743     006B  34A8               	retlw	168
   744     006C  34A6               	retlw	166
   745     006D  34A5               	retlw	165
   746     006E  34A3               	retlw	163
   747     006F  34A2               	retlw	162
   748     0070  34A0               	retlw	160
   749     0071  349F               	retlw	159
   750     0072  349D               	retlw	157
   751     0073  349B               	retlw	155
   752     0074  3499               	retlw	153
   753     0075  3497               	retlw	151
   754     0076  3494               	retlw	148
   755     0077  3492               	retlw	146
   756     0078  3490               	retlw	144
   757     0079  348E               	retlw	142
   758     007A  348B               	retlw	139
   759     007B  3489               	retlw	137
   760     007C  3487               	retlw	135
   761     007D  3485               	retlw	133
   762     007E  3483               	retlw	131
   763     007F  3481               	retlw	129
   764     0080  347F               	retlw	127
   765     0081  347D               	retlw	125
   766     0082  347B               	retlw	123
   767     0083  3479               	retlw	121
   768     0084  3477               	retlw	119
   769     0085  3475               	retlw	117
   770     0086  3473               	retlw	115
   771     0087  3471               	retlw	113
   772     0088  346F               	retlw	111
   773     0089  346E               	retlw	110
   774     008A  346C               	retlw	108
   775     008B  346A               	retlw	106
   776     008C  3468               	retlw	104
   777     008D  3466               	retlw	102
   778     008E  3464               	retlw	100
   779     008F  3463               	retlw	99
   780     0090  3461               	retlw	97
   781     0091  345F               	retlw	95
   782     0092  345D               	retlw	93
   783     0093  345B               	retlw	91
   784     0094  345A               	retlw	90
   785     0095  3458               	retlw	88
   786     0096  3456               	retlw	86
   787     0097  3454               	retlw	84
   788     0098  3452               	retlw	82
   789     0099  3450               	retlw	80
   790     009A  344E               	retlw	78
   791     009B  344D               	retlw	77
   792     009C  344B               	retlw	75
   793     009D  3449               	retlw	73
   794     009E  3447               	retlw	71
   795     009F  3445               	retlw	69
   796     00A0  3443               	retlw	67
   797     00A1  3441               	retlw	65
   798     00A2  343F               	retlw	63
   799     00A3  343D               	retlw	61
   800     00A4  343B               	retlw	59
   801     00A5  3439               	retlw	57
   802     00A6  3437               	retlw	55
   803     00A7  3435               	retlw	53
   804     00A8  3433               	retlw	51
   805     00A9  3431               	retlw	49
   806     00AA  342F               	retlw	47
   807     00AB  342D               	retlw	45
   808     00AC  342B               	retlw	43
   809     00AD  3429               	retlw	41
   810     0011                     _PIR1bits	set	17
   811     000B                     _INTCONbits	set	11
   812     001A                     _TMR2	set	26
   813     001B                     _PR2	set	27
   814     001C                     _T2CONbits	set	28
   815     0091                     _PIE1bits	set	145
   816     008F                     _TRISDbits	set	143
   817     04CF                     _SPLLEN	set	1231
   818     04CE                     _IRCF3	set	1230
   819     04CD                     _IRCF2	set	1229
   820     04CC                     _IRCF1	set	1228
   821     04CB                     _IRCF0	set	1227
   822     04C9                     _SCS1	set	1225
   823     04C8                     _SCS0	set	1224
   824     0119                     _DAC1CON1	set	281
   825     0119                     _DAC1CON1bits	set	281
   826     0118                     _DAC1CON0bits	set	280
   827     010F                     _LATDbits	set	271
   828                           
   829                           	psect	cinit
   830     0018                     start_initialization:	
   831                           ; #config settings
   832                           
   833     0018                     __initialization:	;BIGRAM
   834                           
   835                           ; Initialize objects allocated to BIGRAM
   836     0018  302B               	movlw	low __pidataBIGRAM
   837     0019  0084               	movwf	4
   838     001A  3080               	movlw	(high __pidataBIGRAM)| (0+128)
   839     001B  0085               	movwf	5
   840     001C  306D               	movlw	low (0+10093)
   841     001D  0086               	movwf	6
   842     001E  3027               	movlw	high (0+10093)
   843     001F  0087               	movwf	7
   844     0020  3000               	movlw	0
   845     0021  00FF               	movwf	btemp+1
   846     0022  3083               	movlw	131
   847     0023  3180  20D0  3180   	fcall	init_ram
   848                           
   849                           ; Clear objects allocated to COMMON
   850     0026  01F0               	clrf	__pbssCOMMON& (0+127)
   851     0027                     end_of_initialization:	
   852                           ;End of C runtime variable initialization code
   853                           
   854     0027                     __end_of__initialization:
   855     0027  107E               	bcf	int$flags,0	;clear compiler interrupt flag (level 1)
   856     0028  0020               	movlb	0
   857     0029  3180  28E5         	ljmp	_main	;jump to C main() function
   858                           
   859                           	psect	bssCOMMON
   860     0070                     __pbssCOMMON:
   861     0070                     isr@index:
   862     0070                     	ds	1
   863                           
   864                           	psect	inittext
   865     00D0                     init_ram:
   866     00D0  00FE               	movwf	btemp
   867     00D1                     initloop:
   868     00D1  0012               	moviw fsr0++
   869     00D2  001E               	movwi fsr1++
   870     00D3  3001               	movlw	1
   871     00D4  02FE               	subwf	btemp,f
   872     00D5  3000               	movlw	0
   873     00D6  3BFF               	subwfb	btemp+1,f
   874     00D7  087F               	movf	btemp+1,w
   875     00D8  047E               	iorwf	btemp,w
   876     00D9  1D03               	skipz
   877     00DA  28D1               	goto	initloop
   878     00DB  3400               	retlw	0
   879                           
   880                           	psect	cstackCOMMON
   881     0000                     __pcstackCOMMON:
   882     0000                     ?_internal_32:
   883     0000                     ??_internal_32:	
   884                           ; 1 bytes @ 0x0
   885                           
   886     0000                     ?_initMain:	
   887                           ; 1 bytes @ 0x0
   888                           
   889     0000                     ??_initMain:	
   890                           ; 1 bytes @ 0x0
   891                           
   892     0000                     ?_main:	
   893                           ; 1 bytes @ 0x0
   894                           
   895     0000                     ??_main:	
   896                           ; 1 bytes @ 0x0
   897                           
   898     0000                     ?_isr:	
   899                           ; 1 bytes @ 0x0
   900                           
   901     0000                     ??_isr:	
   902                           ; 1 bytes @ 0x0
   903                           
   904                           
   905                           	psect	maintext
   906     00E5                     __pmaintext:	
   907                           ; 1 bytes @ 0x0
   908 ;;
   909 ;;Main: autosize = 0, tempsize = 0, incstack = 0, save=0
   910 ;;
   911 ;; *************** function _main *****************
   912 ;; Defined at:
   913 ;;		line 127 in file "main.c"
   914 ;; Parameters:    Size  Location     Type
   915 ;;		None
   916 ;; Auto vars:     Size  Location     Type
   917 ;;		None
   918 ;; Return value:  Size  Location     Type
   919 ;;                  1    wreg      void 
   920 ;; Registers used:
   921 ;;		wreg, status,2, status,0, pclath, cstack
   922 ;; Tracked objects:
   923 ;;		On entry : B1F/0
   924 ;;		On exit  : 0/0
   925 ;;		Unchanged: 0/0
   926 ;; Data sizes:     COMMON   BANK0   BANK1   BANK2   BANK3   BANK4   BANK5   BANK6   BANK7   BANK8   BANK9  BANK10  BANK1
      +1  BANK12  BANK13  BANK14  BANK15  BANK16  BANK17  BANK18  BANK19  BANK20  BANK21  BANK22  BANK23  BANK24  BANK25
   927 ;;      Params:         0       0       0       0       0       0       0       0       0       0       0       0       
      +0       0       0       0       0       0       0       0       0       0       0       0       0       0       0
   928 ;;      Locals:         0       0       0       0       0       0       0       0       0       0       0       0       
      +0       0       0       0       0       0       0       0       0       0       0       0       0       0       0
   929 ;;      Temps:          0       0       0       0       0       0       0       0       0       0       0       0       
      +0       0       0       0       0       0       0       0       0       0       0       0       0       0       0
   930 ;;      Totals:         0       0       0       0       0       0       0       0       0       0       0       0       
      +0       0       0       0       0       0       0       0       0       0       0       0       0       0       0
   931 ;;Total ram usage:        0 bytes
   932 ;; Hardware stack levels required when called: 3
   933 ;; This function calls:
   934 ;;		_initMain
   935 ;; This function is called by:
   936 ;;		Startup code after reset
   937 ;; This function uses a non-reentrant model
   938 ;;
   939                           
   940     00E5                     _main:	
   941                           ;psect for function _main
   942                           
   943     00E5                     l655:	
   944                           ;incstack = 0
   945                           ; Regs used in _main: [wreg+status,2+status,0+pclath+cstack]
   946                           
   947                           
   948                           ;main.c: 128:     initMain();
   949     00E5  3180  20AE  3180   	fcall	_initMain
   950     00E8                     l69:	
   951                           ;main.c: 130:     while(1){
   952                           
   953     00E8                     l70:	
   954                           ;main.c: 132:     }
   955                           
   956     00E8  28E8               	goto	l69
   957     00E9  3180  2816         	ljmp	start
   958     00EB                     __end_of_main:
   959                           
   960                           	psect	text1
   961     00AE                     __ptext1:	
   962 ;; *************** function _initMain *****************
   963 ;; Defined at:
   964 ;;		line 47 in file "main.c"
   965 ;; Parameters:    Size  Location     Type
   966 ;;		None
   967 ;; Auto vars:     Size  Location     Type
   968 ;;		None
   969 ;; Return value:  Size  Location     Type
   970 ;;                  1    wreg      void 
   971 ;; Registers used:
   972 ;;		wreg, status,2, status,0, pclath, cstack
   973 ;; Tracked objects:
   974 ;;		On entry : 0/0
   975 ;;		On exit  : 0/0
   976 ;;		Unchanged: 0/0
   977 ;; Data sizes:     COMMON   BANK0   BANK1   BANK2   BANK3   BANK4   BANK5   BANK6   BANK7   BANK8   BANK9  BANK10  BANK1
      +1  BANK12  BANK13  BANK14  BANK15  BANK16  BANK17  BANK18  BANK19  BANK20  BANK21  BANK22  BANK23  BANK24  BANK25
   978 ;;      Params:         0       0       0       0       0       0       0       0       0       0       0       0       
      +0       0       0       0       0       0       0       0       0       0       0       0       0       0       0
   979 ;;      Locals:         0       0       0       0       0       0       0       0       0       0       0       0       
      +0       0       0       0       0       0       0       0       0       0       0       0       0       0       0
   980 ;;      Temps:          0       0       0       0       0       0       0       0       0       0       0       0       
      +0       0       0       0       0       0       0       0       0       0       0       0       0       0       0
   981 ;;      Totals:         0       0       0       0       0       0       0       0       0       0       0       0       
      +0       0       0       0       0       0       0       0       0       0       0       0       0       0       0
   982 ;;Total ram usage:        0 bytes
   983 ;; Hardware stack levels used: 1
   984 ;; Hardware stack levels required when called: 2
   985 ;; This function calls:
   986 ;;		_internal_32
   987 ;; This function is called by:
   988 ;;		_main
   989 ;; This function uses a non-reentrant model
   990 ;;
   991                           
   992     00AE                     _initMain:	
   993                           ;psect for function _initMain
   994                           
   995     00AE                     l607:	
   996                           ;incstack = 0
   997                           ; Regs used in _initMain: [wreg+status,2+status,0+pclath+cstack]
   998                           
   999                           
  1000                           ;main.c: 49:     internal_32();
  1001     00AE  3180  20DC  3180   	fcall	_internal_32
  1002     00B1                     l609:
  1003                           
  1004                           ;main.c: 52:     TRISDbits.TRISD1 = 0;
  1005     00B1  0021               	movlb	1	; select bank1
  1006     00B2  108F               	bcf	15,1	;volatile
  1007     00B3                     l611:
  1008                           
  1009                           ;main.c: 53:     TRISDbits.TRISD2 = 0;
  1010     00B3  110F               	bcf	15,2	;volatile
  1011     00B4                     l613:
  1012                           
  1013                           ;main.c: 56:     LATDbits.LATD1 = 0;
  1014     00B4  0022               	movlb	2	; select bank2
  1015     00B5  108F               	bcf	15,1	;volatile
  1016     00B6                     l615:
  1017                           
  1018                           ;main.c: 57:     LATDbits.LATD1 = 0;
  1019     00B6  108F               	bcf	15,1	;volatile
  1020     00B7                     l617:
  1021                           
  1022                           ;main.c: 76:     T2CONbits.T2CKPS = 0b10;
  1023     00B7  0020               	movlb	0	; select bank0
  1024     00B8  081C               	movf	28,w	;volatile
  1025     00B9  39FC               	andlw	-4
  1026     00BA  3802               	iorlw	2
  1027     00BB  009C               	movwf	28	;volatile
  1028     00BC                     l619:
  1029                           
  1030                           ;main.c: 79:     PR2 = 2;
  1031     00BC  3002               	movlw	2
  1032     00BD  009B               	movwf	27	;volatile
  1033     00BE                     l621:
  1034                           
  1035                           ;main.c: 82:     TMR2 = 0;
  1036     00BE  019A               	clrf	26	;volatile
  1037     00BF                     l623:
  1038                           
  1039                           ;main.c: 85:     T2CONbits.T2OUTPS = 0b1110;
  1040     00BF  081C               	movf	28,w	;volatile
  1041     00C0  3987               	andlw	-121
  1042     00C1  3870               	iorlw	112
  1043     00C2  009C               	movwf	28	;volatile
  1044     00C3                     l625:
  1045                           
  1046                           ;main.c: 88:     T2CONbits.TMR2ON = 1;
  1047     00C3  151C               	bsf	28,2	;volatile
  1048     00C4                     l627:
  1049                           
  1050                           ;main.c: 91:     PIE1bits.TMR2IE = 1;
  1051     00C4  0021               	movlb	1	; select bank1
  1052     00C5  1491               	bsf	17,1	;volatile
  1053     00C6                     l629:
  1054                           
  1055                           ;main.c: 94:     INTCONbits.PEIE = 1;
  1056     00C6  170B               	bsf	11,6	;volatile
  1057     00C7                     l631:
  1058                           
  1059                           ;main.c: 97:     (INTCONbits.GIE = 1);
  1060     00C7  178B               	bsf	11,7	;volatile
  1061     00C8                     l633:
  1062                           
  1063                           ;main.c: 104:     DAC1CON0bits.DAC1EN = 1;
  1064     00C8  0022               	movlb	2	; select bank2
  1065     00C9  1798               	bsf	24,7	;volatile
  1066     00CA                     l635:
  1067                           
  1068                           ;main.c: 107:     DAC1CON0bits.DAC1OE1 = 1;
  1069     00CA  1698               	bsf	24,5	;volatile
  1070     00CB                     l637:
  1071                           
  1072                           ;main.c: 110:     DAC1CON0bits.DAC1PSS = 0;
  1073     00CB  30F3               	movlw	-13
  1074     00CC  0598               	andwf	24,f	;volatile
  1075     00CD                     l639:
  1076                           
  1077                           ;main.c: 113:     DAC1CON0bits.DAC1NSS = 0;
  1078     00CD  1018               	bcf	24,0	;volatile
  1079     00CE                     l641:
  1080                           
  1081                           ;main.c: 116:     DAC1CON1bits.DAC1R = 0;
  1082     00CE  0199               	clrf	25	;volatile
  1083     00CF                     l64:
  1084     00CF  0008               	return
  1085     00D0                     __end_of_initMain:
  1086                           
  1087                           	psect	text2
  1088     00DC                     __ptext2:	
  1089 ;; *************** function _internal_32 *****************
  1090 ;; Defined at:
  1091 ;;		line 32 in file "PIC16F1719_Internal.c"
  1092 ;; Parameters:    Size  Location     Type
  1093 ;;		None
  1094 ;; Auto vars:     Size  Location     Type
  1095 ;;		None
  1096 ;; Return value:  Size  Location     Type
  1097 ;;                  1    wreg      void 
  1098 ;; Registers used:
  1099 ;;		None
  1100 ;; Tracked objects:
  1101 ;;		On entry : 0/0
  1102 ;;		On exit  : 0/0
  1103 ;;		Unchanged: 0/0
  1104 ;; Data sizes:     COMMON   BANK0   BANK1   BANK2   BANK3   BANK4   BANK5   BANK6   BANK7   BANK8   BANK9  BANK10  BANK1
      +1  BANK12  BANK13  BANK14  BANK15  BANK16  BANK17  BANK18  BANK19  BANK20  BANK21  BANK22  BANK23  BANK24  BANK25
  1105 ;;      Params:         0       0       0       0       0       0       0       0       0       0       0       0       
      +0       0       0       0       0       0       0       0       0       0       0       0       0       0       0
  1106 ;;      Locals:         0       0       0       0       0       0       0       0       0       0       0       0       
      +0       0       0       0       0       0       0       0       0       0       0       0       0       0       0
  1107 ;;      Temps:          0       0       0       0       0       0       0       0       0       0       0       0       
      +0       0       0       0       0       0       0       0       0       0       0       0       0       0       0
  1108 ;;      Totals:         0       0       0       0       0       0       0       0       0       0       0       0       
      +0       0       0       0       0       0       0       0       0       0       0       0       0       0       0
  1109 ;;Total ram usage:        0 bytes
  1110 ;; Hardware stack levels used: 1
  1111 ;; Hardware stack levels required when called: 1
  1112 ;; This function calls:
  1113 ;;		Nothing
  1114 ;; This function is called by:
  1115 ;;		_initMain
  1116 ;; This function uses a non-reentrant model
  1117 ;;
  1118                           
  1119     00DC                     _internal_32:	
  1120                           ;psect for function _internal_32
  1121                           
  1122     00DC                     l605:	
  1123                           ;incstack = 0
  1124                           ; Regs used in _internal_32: []
  1125                           
  1126                           
  1127                           ;PIC16F1719_Internal.c: 34:     SCS0 = 0;
  1128     00DC  0021               	movlb	1	; select bank1
  1129     00DD  1019               	bcf	25,0	;volatile
  1130                           
  1131                           ;PIC16F1719_Internal.c: 35:     SCS1 = 0;
  1132     00DE  1099               	bcf	25,1	;volatile
  1133                           
  1134                           ;PIC16F1719_Internal.c: 38:     IRCF0 = 0;
  1135     00DF  1199               	bcf	25,3	;volatile
  1136                           
  1137                           ;PIC16F1719_Internal.c: 39:     IRCF1 = 1;
  1138     00E0  1619               	bsf	25,4	;volatile
  1139                           
  1140                           ;PIC16F1719_Internal.c: 40:     IRCF2 = 1;
  1141     00E1  1699               	bsf	25,5	;volatile
  1142                           
  1143                           ;PIC16F1719_Internal.c: 41:     IRCF3 = 1;
  1144     00E2  1719               	bsf	25,6	;volatile
  1145                           
  1146                           ;PIC16F1719_Internal.c: 44:     SPLLEN = 1;
  1147     00E3  1799               	bsf	25,7	;volatile
  1148     00E4                     l17:
  1149     00E4  0008               	return
  1150     00E5                     __end_of_internal_32:
  1151                           
  1152                           	psect	intentry
  1153     0004                     __pintentry:	
  1154 ;; *************** function _isr *****************
  1155 ;; Defined at:
  1156 ;;		line 146 in file "main.c"
  1157 ;; Parameters:    Size  Location     Type
  1158 ;;		None
  1159 ;; Auto vars:     Size  Location     Type
  1160 ;;		None
  1161 ;; Return value:  Size  Location     Type
  1162 ;;                  1    wreg      void 
  1163 ;; Registers used:
  1164 ;;		wreg, fsr1l, fsr1h, status,2, status,0
  1165 ;; Tracked objects:
  1166 ;;		On entry : 0/0
  1167 ;;		On exit  : 0/0
  1168 ;;		Unchanged: 0/0
  1169 ;; Data sizes:     COMMON   BANK0   BANK1   BANK2   BANK3   BANK4   BANK5   BANK6   BANK7   BANK8   BANK9  BANK10  BANK1
      +1  BANK12  BANK13  BANK14  BANK15  BANK16  BANK17  BANK18  BANK19  BANK20  BANK21  BANK22  BANK23  BANK24  BANK25
  1170 ;;      Params:         0       0       0       0       0       0       0       0       0       0       0       0       
      +0       0       0       0       0       0       0       0       0       0       0       0       0       0       0
  1171 ;;      Locals:         0       0       0       0       0       0       0       0       0       0       0       0       
      +0       0       0       0       0       0       0       0       0       0       0       0       0       0       0
  1172 ;;      Temps:          0       0       0       0       0       0       0       0       0       0       0       0       
      +0       0       0       0       0       0       0       0       0       0       0       0       0       0       0
  1173 ;;      Totals:         0       0       0       0       0       0       0       0       0       0       0       0       
      +0       0       0       0       0       0       0       0       0       0       0       0       0       0       0
  1174 ;;Total ram usage:        0 bytes
  1175 ;; Hardware stack levels used: 1
  1176 ;; This function calls:
  1177 ;;		Nothing
  1178 ;; This function is called by:
  1179 ;;		Interrupt level 1
  1180 ;; This function uses a non-reentrant model
  1181 ;;
  1182                           
  1183     0004                     _isr:
  1184                           
  1185                           ;incstack = 0
  1186     0004  147E               	bsf	int$flags,0	;set compiler interrupt flag (level 1)
  1187                           
  1188                           ; Regs used in _isr: [wreg+fsr1l+fsr1h+status,2+status,0]
  1189     0005  3180               	pagesel	$
  1190     0006                     i1l657:
  1191                           
  1192                           ;main.c: 147:     static uint8_t index = 0;;main.c: 149:     PIR1bits.TMR2IF = 0;
  1193     0006  0020               	movlb	0	; select bank0
  1194     0007  1091               	bcf	17,1	;volatile
  1195     0008                     i1l659:
  1196                           
  1197                           ;main.c: 151:     DAC1CON1 = sineData[index];
  1198     0008  0870               	movf	isr@index,w
  1199     0009  3E6D               	addlw	109
  1200     000A  0086               	movwf	6
  1201     000B  0187               	clrf	7
  1202     000C  3027               	movlw	39
  1203     000D  3D87               	addwfc	7,f
  1204     000E  0801               	movf	1,w
  1205     000F  0022               	movlb	2	; select bank2
  1206     0010  0099               	movwf	25	;volatile
  1207     0011                     i1l661:
  1208                           
  1209                           ;main.c: 154:     index = (index + 1) & 0xFF;
  1210     0011  0870               	movf	isr@index,w
  1211     0012  3E01               	addlw	1
  1212     0013  00F0               	movwf	isr@index
  1213     0014                     i1l79:
  1214     0014  107E               	bcf	int$flags,0	;clear compiler interrupt flag (level 1)
  1215     0015  0009               	retfie
  1216     0016                     __end_of_isr:
  1217     007E                     btemp	set	126	;btemp
  1218     007E                     int$flags	set	126
  1219     007E                     wtemp0	set	126
  1220     276D                     
  1221                           	psect	config
  1222                           
  1223                           ;Config register CONFIG1 @ 0x8007
  1224                           ;	Oscillator Selection Bits
  1225                           ;	FOSC = INTOSC, INTOSC oscillator: I/O function on CLKIN pin
  1226                           ;	Watchdog Timer Enable
  1227                           ;	WDTE = ON, WDT enabled
  1228                           ;	Power-up Timer Enable
  1229                           ;	PWRTE = OFF, PWRT disabled
  1230                           ;	MCLR Pin Function Select
  1231                           ;	MCLRE = OFF, MCLR/VPP pin function is digital input if LVP bit is also 0.
  1232                           ;	Flash Program Memory Code Protection
  1233                           ;	CP = OFF, Program memory code protection is disabled
  1234                           ;	Brown-out Reset Enable
  1235                           ;	BOREN = OFF, Brown-out Reset disabled
  1236                           ;	Clock Out Enable
  1237                           ;	CLKOUTEN = OFF, CLKOUT function is disabled. I/O or oscillator function on the CLKOUT 
      +                          pin
  1238                           ;	Internal/External Switchover Mode
  1239                           ;	IESO = ON, Internal/External Switchover Mode is enabled
  1240                           ;	Fail-Safe Clock Monitor Enable
  1241                           ;	FCMEN = OFF, Fail-Safe Clock Monitor is disabled
  1242     8007                     	org	32775
  1243     8007  19BC               	dw	6588
  1244                           
  1245                           ;Config register CONFIG2 @ 0x8008
  1246                           ;	Flash Memory Self-Write Protection
  1247                           ;	WRT = OFF, Write protection off
  1248                           ;	Peripheral Pin Select one-way control
  1249                           ;	PPS1WAY = ON, The PPSLOCK bit cannot be cleared once it is set by software
  1250                           ;	Zero-cross detect disable
  1251                           ;	ZCDDIS = ON, ZCD disabled. ZCD can be enabled by setting the ZCDSEN bit of ZCDCON
  1252                           ;	Phase Lock Loop enable
  1253                           ;	PLLEN = OFF, 4x PLL is disabled
  1254                           ;	Stack Overflow/Underflow Reset Enable
  1255                           ;	STVREN = ON, Stack Overflow or Underflow will cause a Reset
  1256                           ;	Brown-out Reset Voltage Selection
  1257                           ;	BORV = LO, Brown-out Reset Voltage (Vbor), low trip point selected.
  1258                           ;	Low-Power Brown Out Reset
  1259                           ;	LPBOR = OFF, Low-Power BOR is disabled
  1260                           ;	In-Circuit Debugger Mode
  1261                           ;	DEBUG = 0x1, unprogrammed default
  1262                           ;	Low-Voltage Programming Enable
  1263                           ;	LVP = OFF, High-voltage on MCLR/VPP must be used for programming
  1264     8008                     	org	32776
  1265     8008  1EFF               	dw	7935

Data Sizes:
    Strings     0
    Constant    0
    Data        131
    BSS         1
    Persistent  32
    Stack       0

Auto Spaces:
    Space          Size  Autos    Used
    COMMON           14      0       1
    BANK0            80      0       0
    BANK1            80      0       0
    BANK2            80      0       0
    BANK3            80      0       0
    BANK4            80      0       0
    BANK5            80      0       0
    BANK6            80      0       0
    BANK7            80      0       0
    BANK8            80      0       0
    BANK9            80      0       0
    BANK10           80      0       0
    BANK11           80      0       0
    BANK12           80      0       0
    BANK13           80      0       0
    BANK14           80      0       0
    BANK15           80      0       0
    BANK16           80      0       0
    BANK17           80      0       0
    BANK18           80      0       0
    BANK19           80      0       0
    BANK20           80      0       0
    BANK21           80      0       0
    BANK22           80      0       0
    BANK23           61      0       0
    BANK24            0      0       0
    BANK25            0      0       0

Pointer List with Targets:

    None.

Critical Paths under _main in COMMON

    None.

Critical Paths under _isr in COMMON

    None.

Critical Paths under _main in BANK0

    None.

Critical Paths under _isr in BANK0

    None.

Critical Paths under _main in BANK1

    None.

Critical Paths under _isr in BANK1

    None.

Critical Paths under _main in BANK2

    None.

Critical Paths under _isr in BANK2

    None.

Critical Paths under _main in BANK3

    None.

Critical Paths under _isr in BANK3

    None.

Critical Paths under _main in BANK4

    None.

Critical Paths under _isr in BANK4

    None.

Critical Paths under _main in BANK5

    None.

Critical Paths under _isr in BANK5

    None.

Critical Paths under _main in BANK6

    None.

Critical Paths under _isr in BANK6

    None.

Critical Paths under _main in BANK7

    None.

Critical Paths under _isr in BANK7

    None.

Critical Paths under _main in BANK8

    None.

Critical Paths under _isr in BANK8

    None.

Critical Paths under _main in BANK9

    None.

Critical Paths under _isr in BANK9

    None.

Critical Paths under _main in BANK10

    None.

Critical Paths under _isr in BANK10

    None.

Critical Paths under _main in BANK11

    None.

Critical Paths under _isr in BANK11

    None.

Critical Paths under _main in BANK12

    None.

Critical Paths under _isr in BANK12

    None.

Critical Paths under _main in BANK13

    None.

Critical Paths under _isr in BANK13

    None.

Critical Paths under _main in BANK14

    None.

Critical Paths under _isr in BANK14

    None.

Critical Paths under _main in BANK15

    None.

Critical Paths under _isr in BANK15

    None.

Critical Paths under _main in BANK16

    None.

Critical Paths under _isr in BANK16

    None.

Critical Paths under _main in BANK17

    None.

Critical Paths under _isr in BANK17

    None.

Critical Paths under _main in BANK18

    None.

Critical Paths under _isr in BANK18

    None.

Critical Paths under _main in BANK19

    None.

Critical Paths under _isr in BANK19

    None.

Critical Paths under _main in BANK20

    None.

Critical Paths under _isr in BANK20

    None.

Critical Paths under _main in BANK21

    None.

Critical Paths under _isr in BANK21

    None.

Critical Paths under _main in BANK22

    None.

Critical Paths under _isr in BANK22

    None.

Critical Paths under _main in BANK23

    None.

Critical Paths under _isr in BANK23

    None.

Critical Paths under _main in BANK24

    None.

Critical Paths under _isr in BANK24

    None.

Critical Paths under _main in BANK25

    None.

Critical Paths under _isr in BANK25

    None.

Call Graph Tables:

 ---------------------------------------------------------------------------------
 (Depth) Function   	        Calls       Base Space   Used Autos Params    Refs
 ---------------------------------------------------------------------------------
 (0) _main                                                 0     0      0       0
                           _initMain
 ---------------------------------------------------------------------------------
 (1) _initMain                                             0     0      0       0
                        _internal_32
 ---------------------------------------------------------------------------------
 (2) _internal_32                                          0     0      0       0
 ---------------------------------------------------------------------------------
 Estimated maximum stack depth 2
 ---------------------------------------------------------------------------------
 (Depth) Function   	        Calls       Base Space   Used Autos Params    Refs
 ---------------------------------------------------------------------------------
 (3) _isr                                                  0     0      0       0
 ---------------------------------------------------------------------------------
 Estimated maximum stack depth 3
 ---------------------------------------------------------------------------------

 Call Graph Graphs:

 _main (ROOT)
   _initMain
     _internal_32

 _isr (ROOT)

 Address spaces:
Name               Size   Autos  Total    Cost      Usage
BIGRAM             7F0      0       0       0        0.0%
NULL                 0      0       0       0        0.0%
CODE                 0      0       0       0        0.0%
BITCOMMON            E      0       0       1        0.0%
BITSFR0              0      0       0       1        0.0%
SFR0                 0      0       0       1        0.0%
COMMON               E      0       1       2        7.1%
BITSFR1              0      0       0       2        0.0%
SFR1                 0      0       0       2        0.0%
BITSFR2              0      0       0       3        0.0%
SFR2                 0      0       0       3        0.0%
STACK                0      0       0       3        0.0%
BITBANK0            50      0       0       4        0.0%
BITSFR3              0      0       0       4        0.0%
SFR3                 0      0       0       4        0.0%
BANK0               50      0       0       5        0.0%
BITSFR4              0      0       0       5        0.0%
SFR4                 0      0       0       5        0.0%
BITBANK1            50      0       0       6        0.0%
BITSFR5              0      0       0       6        0.0%
SFR5                 0      0       0       6        0.0%
BANK1               50      0       0       7        0.0%
BITSFR6              0      0       0       7        0.0%
SFR6                 0      0       0       7        0.0%
BITBANK2            50      0       0       8        0.0%
BITSFR7              0      0       0       8        0.0%
SFR7                 0      0       0       8        0.0%
BANK2               50      0       0       9        0.0%
BITSFR8              0      0       0       9        0.0%
SFR8                 0      0       0       9        0.0%
BITBANK3            50      0       0      10        0.0%
BITSFR9              0      0       0      10        0.0%
SFR9                 0      0       0      10        0.0%
BANK3               50      0       0      11        0.0%
BITSFR10             0      0       0      11        0.0%
SFR10                0      0       0      11        0.0%
BITBANK4            50      0       0      12        0.0%
BITSFR11             0      0       0      12        0.0%
SFR11                0      0       0      12        0.0%
BANK4               50      0       0      13        0.0%
BITSFR12             0      0       0      13        0.0%
SFR12                0      0       0      13        0.0%
BITSFR13             0      0       0      14        0.0%
SFR13                0      0       0      14        0.0%
ABS                  0      0       1      14        0.0%
BITBANK5            50      0       0      15        0.0%
BITSFR14             0      0       0      15        0.0%
SFR14                0      0       0      15        0.0%
BANK5               50      0       0      16        0.0%
BITSFR15             0      0       0      16        0.0%
SFR15                0      0       0      16        0.0%
BITBANK6            50      0       0      17        0.0%
BITSFR16             0      0       0      17        0.0%
SFR16                0      0       0      17        0.0%
BANK6               50      0       0      18        0.0%
BITSFR17             0      0       0      18        0.0%
SFR17                0      0       0      18        0.0%
BITBANK7            50      0       0      19        0.0%
BITSFR18             0      0       0      19        0.0%
SFR18                0      0       0      19        0.0%
BANK7               50      0       0      20        0.0%
BITSFR19             0      0       0      20        0.0%
SFR19                0      0       0      20        0.0%
BITBANK8            50      0       0      21        0.0%
BITSFR20             0      0       0      21        0.0%
SFR20                0      0       0      21        0.0%
BANK8               50      0       0      22        0.0%
BITSFR21             0      0       0      22        0.0%
SFR21                0      0       0      22        0.0%
BITBANK9            50      0       0      23        0.0%
BITSFR22             0      0       0      23        0.0%
SFR22                0      0       0      23        0.0%
BANK9               50      0       0      24        0.0%
BITSFR23             0      0       0      24        0.0%
SFR23                0      0       0      24        0.0%
BITBANK10           50      0       0      25        0.0%
BITSFR24             0      0       0      25        0.0%
SFR24                0      0       0      25        0.0%
BANK10              50      0       0      26        0.0%
BITSFR25             0      0       0      26        0.0%
SFR25                0      0       0      26        0.0%
BITBANK11           50      0       0      27        0.0%
BITSFR26             0      0       0      27        0.0%
SFR26                0      0       0      27        0.0%
BITSFR27             0      0       0      28        0.0%
SFR27                0      0       0      28        0.0%
DATA                 0      0       1      28        0.0%
BANK11              50      0       0      29        0.0%
BITSFR28             0      0       0      29        0.0%
SFR28                0      0       0      29        0.0%
BITBANK12           50      0       0      30        0.0%
BITSFR29             0      0       0      30        0.0%
SFR29                0      0       0      30        0.0%
BANK12              50      0       0      31        0.0%
BITSFR30             0      0       0      31        0.0%
SFR30                0      0       0      31        0.0%
BITBANK13           50      0       0      32        0.0%
BITSFR31             0      0       0      32        0.0%
SFR31                0      0       0      32        0.0%
BANK13              50      0       0      33        0.0%
BITBANK14           50      0       0      34        0.0%
BANK14              50      0       0      35        0.0%
BITBANK15           50      0       0      36        0.0%
BANK15              50      0       0      37        0.0%
BITBANK16           50      0       0      38        0.0%
BANK16              50      0       0      39        0.0%
BITBANK17           50      0       0      40        0.0%
BANK17              50      0       0      41        0.0%
BITBANK18           50      0       0      42        0.0%
BANK18              50      0       0      43        0.0%
BITBANK19           50      0       0      44        0.0%
BANK19              50      0       0      45        0.0%
BITBANK20           50      0       0      46        0.0%
BANK20              50      0       0      47        0.0%
BITBANK21           50      0       0      48        0.0%
BANK21              50      0       0      49        0.0%
BITBANK22           50      0       0      50        0.0%
BANK22              50      0       0      51        0.0%
BITBANK23           50      0       0      52        0.0%
BANK23              3D      0       0      53        0.0%
BITBANK24           50      0       0      54        0.0%
BANK24               0      0       0      55        0.0%
BITBANK25           20      0       0      56        0.0%
BANK25               0      0       0      57        0.0%


Microchip Technology PIC Macro Assembler V2.45 build 20230818022343 
Symbol Table                                                                                   Sat Nov 18 05:36:41 2023

                     l17 00E4                       l70 00E8                       l64 00CF  
                     l69 00E8                      l611 00B3                      l605 00DC  
                    l621 00BE                      l613 00B4                      l631 00C7  
                    l623 00BF                      l615 00B6                      l607 00AE  
                    l641 00CE                      l633 00C8                      l625 00C3  
                    l617 00B7                      l609 00B1                      l635 00CA  
                    l627 00C4                      l619 00BC                      l637 00CB  
                    l629 00C6                      l639 00CD                      l655 00E5  
                    _PR2 001B                      _isr 0004                     ?_isr 0000  
                   _SCS0 04C8                     _SCS1 04C9                     i1l79 0014  
                   _TMR2 001A                     _main 00E5                     fsr0h 0005  
                   fsr1h 0007                     fsr0l 0004                     indf1 0001  
                   fsr1l 0006                     btemp 007E                     start 0016  
                  ??_isr 0000                    ?_main 0000                    _IRCF0 04CB  
                  _IRCF1 04CC                    _IRCF2 04CD                    _IRCF3 04CE  
                  i1l661 0011                    i1l657 0006                    i1l659 0008  
                  wtemp0 007E             ?_internal_32 0000          __initialization 0018  
           __end_of_main 00EB                   ??_main 0000                   _SPLLEN 04CF  
       __end_of_initMain 00D0             __pdataBIGRAM 276D  __end_of__initialization 0027  
         __pcstackCOMMON 0000               __pmaintext 00E5               __pintentry 0004  
              ?_initMain 0000                  __ptext1 00AE                  __ptext2 00DC  
              _T2CONbits 001C     end_of_initialization 0027               ??_initMain 0000  
                init_ram 00D0                  initloop 00D1                _TRISDbits 008F  
          __pidataBIGRAM 002B      start_initialization 0018              __end_of_isr 0016  
            __pbssCOMMON 0070                ___latbits 0003            ??_internal_32 0000  
               _DAC1CON1 0119                 _LATDbits 010F                 _PIE1bits 0091  
               _PIR1bits 0011      __end_of_internal_32 00E5                 _initMain 00AE  
            _internal_32 00DC                 _sineData 276D                 int$flags 007E  
             _INTCONbits 000B                 isr@index 0070                 intlevel1 0000  
           _DAC1CON0bits 0118             _DAC1CON1bits 0119  
