

Microchip MPLAB XC8 Assembler V2.45 build 20230818022343 
                                                                                               Tue Dec 05 06:22:31 2023

Microchip MPLAB XC8 C Compiler v2.45 (Free license) build 20230818022343 Og1 
     1                           	processor	16F1719
     2                           	pagewidth 120
     3                           	opt	flic
     4                           	psect	stringtext1,global,class=STRCODE,delta=2,noexec
     5                           	psect	stringtext2,global,class=STRCODE,delta=2,noexec
     6                           	psect	cinit,global,class=CODE,merge=1,delta=2
     7                           	psect	cstackCOMMON,global,class=COMMON,space=1,delta=1,noexec
     8                           	psect	maintext,global,class=CODE,merge=1,split=1,delta=2
     9                           	psect	text1,local,class=CODE,merge=1,delta=2
    10                           	psect	text2,local,class=CODE,merge=1,delta=2
    11                           	psect	text3,local,class=CODE,merge=1,delta=2
    12                           	psect	text4,local,class=CODE,merge=1,delta=2
    13                           	psect	text5,local,class=CODE,merge=1,delta=2
    14                           	psect	config,global,abs,ovrld,class=CONFIG,space=4,delta=2,noexec
    15                           	dabs	1,0x7E,2
    16     0000                     
    17                           ; Generated 06/07/2023 GMT
    18                           ; 
    19                           ; Copyright © 2023, Microchip Technology Inc. and its subsidiaries ("Microchip")
    20                           ; All rights reserved.
    21                           ; 
    22                           ; This software is developed by Microchip Technology Inc. and its subsidiaries ("Microch
      +                          ip").
    23                           ; 
    24                           ; Redistribution and use in source and binary forms, with or without modification, are
    25                           ; permitted provided that the following conditions are met:
    26                           ; 
    27                           ;     1. Redistributions of source code must retain the above copyright notice, this lis
      +                          t of
    28                           ;        conditions and the following disclaimer.
    29                           ; 
    30                           ;     2. Redistributions in binary form must reproduce the above copyright notice, this 
      +                          list
    31                           ;        of conditions and the following disclaimer in the documentation and/or other
    32                           ;        materials provided with the distribution. Publication is not required when
    33                           ;        this file is used in an embedded application.
    34                           ; 
    35                           ;     3. Microchip's name may not be used to endorse or promote products derived from th
      +                          is
    36                           ;        software without specific prior written permission.
    37                           ; 
    38                           ; THIS SOFTWARE IS PROVIDED BY MICROCHIP "AS IS" AND ANY EXPRESS OR IMPLIED WARRANTIES,
    39                           ; INCLUDING, BUT NOT LIMITED TO, THE IMPLIED WARRANTIES OF MERCHANTABILITY AND FITNESS F
      +                          OR
    40                           ; PURPOSE ARE DISCLAIMED.  IN NO EVENT SHALL MICROCHIP BE LIABLE FOR ANY DIRECT, INDIREC
      +                          T,
    41                           ; INCIDENTAL, SPECIAL, EXEMPLARY, OR CONSEQUENTIAL DAMAGES (INCLUDING BUT NOT LIMITED TO
    42                           ; PROCUREMENT OF SUBSTITUTE GOODS OR SERVICES; LOSS OF USE, DATA OR PROFITS; OR BUSINESS
    43                           ; INTERRUPTION) HOWSOEVER CAUSED AND ON ANY THEORY OF LIABILITY, WHETHER IN CONTRACT, ST
      +                          RICT
    44                           ; LIABILITY, OR TORT (INCLUDING NEGLIGENCE OR OTHERWISE) ARISING IN ANY WAY OUT OF THE U
      +                          SE OF
    45                           ; THIS SOFTWARE, EVEN IF ADVISED OF THE POSSIBILITY OF SUCH DAMAGE.
    46                           ; 
    47                           ; 
    48                           ; Code-generator required, PIC16F1719 Definitions
    49                           ; 
    50                           ; SFR Addresses
    51     0000                     	;# 
    52     0001                     	;# 
    53     0002                     	;# 
    54     0003                     	;# 
    55     0004                     	;# 
    56     0005                     	;# 
    57     0006                     	;# 
    58     0007                     	;# 
    59     0008                     	;# 
    60     0009                     	;# 
    61     000A                     	;# 
    62     000B                     	;# 
    63     000C                     	;# 
    64     000D                     	;# 
    65     000E                     	;# 
    66     000F                     	;# 
    67     0010                     	;# 
    68     0011                     	;# 
    69     0012                     	;# 
    70     0013                     	;# 
    71     0015                     	;# 
    72     0016                     	;# 
    73     0016                     	;# 
    74     0017                     	;# 
    75     0018                     	;# 
    76     0019                     	;# 
    77     001A                     	;# 
    78     001B                     	;# 
    79     001C                     	;# 
    80     008C                     	;# 
    81     008D                     	;# 
    82     008E                     	;# 
    83     008F                     	;# 
    84     0090                     	;# 
    85     0091                     	;# 
    86     0092                     	;# 
    87     0093                     	;# 
    88     0095                     	;# 
    89     0096                     	;# 
    90     0097                     	;# 
    91     0098                     	;# 
    92     0099                     	;# 
    93     009A                     	;# 
    94     009B                     	;# 
    95     009B                     	;# 
    96     009C                     	;# 
    97     009D                     	;# 
    98     009E                     	;# 
    99     009F                     	;# 
   100     010C                     	;# 
   101     010D                     	;# 
   102     010E                     	;# 
   103     010F                     	;# 
   104     0110                     	;# 
   105     0111                     	;# 
   106     0112                     	;# 
   107     0113                     	;# 
   108     0114                     	;# 
   109     0115                     	;# 
   110     0116                     	;# 
   111     0117                     	;# 
   112     0118                     	;# 
   113     0119                     	;# 
   114     011A                     	;# 
   115     011B                     	;# 
   116     011B                     	;# 
   117     011C                     	;# 
   118     018C                     	;# 
   119     018D                     	;# 
   120     018E                     	;# 
   121     018F                     	;# 
   122     0190                     	;# 
   123     0191                     	;# 
   124     0191                     	;# 
   125     0192                     	;# 
   126     0193                     	;# 
   127     0193                     	;# 
   128     0194                     	;# 
   129     0195                     	;# 
   130     0196                     	;# 
   131     0197                     	;# 
   132     0199                     	;# 
   133     0199                     	;# 
   134     0199                     	;# 
   135     019A                     	;# 
   136     019A                     	;# 
   137     019A                     	;# 
   138     019B                     	;# 
   139     019B                     	;# 
   140     019B                     	;# 
   141     019B                     	;# 
   142     019B                     	;# 
   143     019C                     	;# 
   144     019C                     	;# 
   145     019C                     	;# 
   146     019D                     	;# 
   147     019D                     	;# 
   148     019D                     	;# 
   149     019E                     	;# 
   150     019E                     	;# 
   151     019E                     	;# 
   152     019F                     	;# 
   153     019F                     	;# 
   154     019F                     	;# 
   155     019F                     	;# 
   156     019F                     	;# 
   157     020C                     	;# 
   158     020D                     	;# 
   159     020E                     	;# 
   160     020F                     	;# 
   161     0210                     	;# 
   162     0211                     	;# 
   163     0211                     	;# 
   164     0212                     	;# 
   165     0212                     	;# 
   166     0213                     	;# 
   167     0213                     	;# 
   168     0214                     	;# 
   169     0214                     	;# 
   170     0215                     	;# 
   171     0215                     	;# 
   172     0215                     	;# 
   173     0215                     	;# 
   174     0216                     	;# 
   175     0216                     	;# 
   176     0217                     	;# 
   177     0217                     	;# 
   178     028C                     	;# 
   179     028D                     	;# 
   180     028E                     	;# 
   181     028F                     	;# 
   182     0290                     	;# 
   183     0291                     	;# 
   184     0291                     	;# 
   185     0292                     	;# 
   186     0293                     	;# 
   187     0293                     	;# 
   188     0298                     	;# 
   189     0298                     	;# 
   190     0299                     	;# 
   191     029A                     	;# 
   192     029A                     	;# 
   193     029E                     	;# 
   194     030C                     	;# 
   195     030D                     	;# 
   196     030E                     	;# 
   197     030F                     	;# 
   198     0310                     	;# 
   199     038C                     	;# 
   200     038D                     	;# 
   201     038E                     	;# 
   202     038F                     	;# 
   203     0390                     	;# 
   204     0391                     	;# 
   205     0392                     	;# 
   206     0393                     	;# 
   207     0394                     	;# 
   208     0395                     	;# 
   209     0396                     	;# 
   210     0397                     	;# 
   211     0398                     	;# 
   212     0399                     	;# 
   213     039D                     	;# 
   214     039E                     	;# 
   215     039F                     	;# 
   216     0415                     	;# 
   217     0416                     	;# 
   218     0417                     	;# 
   219     041C                     	;# 
   220     041D                     	;# 
   221     041E                     	;# 
   222     0498                     	;# 
   223     0498                     	;# 
   224     0499                     	;# 
   225     049A                     	;# 
   226     049B                     	;# 
   227     049B                     	;# 
   228     049C                     	;# 
   229     049D                     	;# 
   230     049E                     	;# 
   231     049F                     	;# 
   232     0511                     	;# 
   233     0515                     	;# 
   234     0617                     	;# 
   235     0618                     	;# 
   236     0619                     	;# 
   237     0619                     	;# 
   238     061A                     	;# 
   239     061B                     	;# 
   240     061C                     	;# 
   241     061C                     	;# 
   242     0691                     	;# 
   243     0692                     	;# 
   244     0693                     	;# 
   245     0694                     	;# 
   246     0695                     	;# 
   247     0696                     	;# 
   248     0697                     	;# 
   249     0698                     	;# 
   250     0699                     	;# 
   251     069A                     	;# 
   252     069B                     	;# 
   253     069C                     	;# 
   254     069D                     	;# 
   255     069E                     	;# 
   256     069F                     	;# 
   257     0E0F                     	;# 
   258     0E10                     	;# 
   259     0E11                     	;# 
   260     0E12                     	;# 
   261     0E13                     	;# 
   262     0E14                     	;# 
   263     0E15                     	;# 
   264     0E17                     	;# 
   265     0E20                     	;# 
   266     0E21                     	;# 
   267     0E22                     	;# 
   268     0E24                     	;# 
   269     0E25                     	;# 
   270     0E28                     	;# 
   271     0E29                     	;# 
   272     0E2A                     	;# 
   273     0E2B                     	;# 
   274     0E90                     	;# 
   275     0E91                     	;# 
   276     0E92                     	;# 
   277     0E93                     	;# 
   278     0E94                     	;# 
   279     0E95                     	;# 
   280     0E96                     	;# 
   281     0E97                     	;# 
   282     0E98                     	;# 
   283     0E99                     	;# 
   284     0E9A                     	;# 
   285     0E9B                     	;# 
   286     0E9C                     	;# 
   287     0E9D                     	;# 
   288     0E9E                     	;# 
   289     0E9F                     	;# 
   290     0EA0                     	;# 
   291     0EA1                     	;# 
   292     0EA2                     	;# 
   293     0EA3                     	;# 
   294     0EA4                     	;# 
   295     0EA5                     	;# 
   296     0EA6                     	;# 
   297     0EA7                     	;# 
   298     0EA8                     	;# 
   299     0EA9                     	;# 
   300     0EAA                     	;# 
   301     0EAB                     	;# 
   302     0EAC                     	;# 
   303     0EAD                     	;# 
   304     0EAE                     	;# 
   305     0EAF                     	;# 
   306     0EB0                     	;# 
   307     0EB1                     	;# 
   308     0EB2                     	;# 
   309     0F0F                     	;# 
   310     0F10                     	;# 
   311     0F11                     	;# 
   312     0F12                     	;# 
   313     0F13                     	;# 
   314     0F14                     	;# 
   315     0F15                     	;# 
   316     0F16                     	;# 
   317     0F17                     	;# 
   318     0F18                     	;# 
   319     0F19                     	;# 
   320     0F1A                     	;# 
   321     0F1B                     	;# 
   322     0F1C                     	;# 
   323     0F1D                     	;# 
   324     0F1E                     	;# 
   325     0F1F                     	;# 
   326     0F20                     	;# 
   327     0F21                     	;# 
   328     0F22                     	;# 
   329     0F23                     	;# 
   330     0F24                     	;# 
   331     0F25                     	;# 
   332     0F26                     	;# 
   333     0F27                     	;# 
   334     0F28                     	;# 
   335     0F29                     	;# 
   336     0F2A                     	;# 
   337     0F2B                     	;# 
   338     0F2C                     	;# 
   339     0F2D                     	;# 
   340     0F2E                     	;# 
   341     0F2F                     	;# 
   342     0F30                     	;# 
   343     0F31                     	;# 
   344     0F32                     	;# 
   345     0F33                     	;# 
   346     0F34                     	;# 
   347     0F35                     	;# 
   348     0F36                     	;# 
   349     0F37                     	;# 
   350     0FE4                     	;# 
   351     0FE5                     	;# 
   352     0FE6                     	;# 
   353     0FE7                     	;# 
   354     0FE8                     	;# 
   355     0FE9                     	;# 
   356     0FEA                     	;# 
   357     0FEB                     	;# 
   358     0FED                     	;# 
   359     0FEE                     	;# 
   360     0FEF                     	;# 
   361     0000                     	;# 
   362     0001                     	;# 
   363     0002                     	;# 
   364     0003                     	;# 
   365     0004                     	;# 
   366     0005                     	;# 
   367     0006                     	;# 
   368     0007                     	;# 
   369     0008                     	;# 
   370     0009                     	;# 
   371     000A                     	;# 
   372     000B                     	;# 
   373     000C                     	;# 
   374     000D                     	;# 
   375     000E                     	;# 
   376     000F                     	;# 
   377     0010                     	;# 
   378     0011                     	;# 
   379     0012                     	;# 
   380     0013                     	;# 
   381     0015                     	;# 
   382     0016                     	;# 
   383     0016                     	;# 
   384     0017                     	;# 
   385     0018                     	;# 
   386     0019                     	;# 
   387     001A                     	;# 
   388     001B                     	;# 
   389     001C                     	;# 
   390     008C                     	;# 
   391     008D                     	;# 
   392     008E                     	;# 
   393     008F                     	;# 
   394     0090                     	;# 
   395     0091                     	;# 
   396     0092                     	;# 
   397     0093                     	;# 
   398     0095                     	;# 
   399     0096                     	;# 
   400     0097                     	;# 
   401     0098                     	;# 
   402     0099                     	;# 
   403     009A                     	;# 
   404     009B                     	;# 
   405     009B                     	;# 
   406     009C                     	;# 
   407     009D                     	;# 
   408     009E                     	;# 
   409     009F                     	;# 
   410     010C                     	;# 
   411     010D                     	;# 
   412     010E                     	;# 
   413     010F                     	;# 
   414     0110                     	;# 
   415     0111                     	;# 
   416     0112                     	;# 
   417     0113                     	;# 
   418     0114                     	;# 
   419     0115                     	;# 
   420     0116                     	;# 
   421     0117                     	;# 
   422     0118                     	;# 
   423     0119                     	;# 
   424     011A                     	;# 
   425     011B                     	;# 
   426     011B                     	;# 
   427     011C                     	;# 
   428     018C                     	;# 
   429     018D                     	;# 
   430     018E                     	;# 
   431     018F                     	;# 
   432     0190                     	;# 
   433     0191                     	;# 
   434     0191                     	;# 
   435     0192                     	;# 
   436     0193                     	;# 
   437     0193                     	;# 
   438     0194                     	;# 
   439     0195                     	;# 
   440     0196                     	;# 
   441     0197                     	;# 
   442     0199                     	;# 
   443     0199                     	;# 
   444     0199                     	;# 
   445     019A                     	;# 
   446     019A                     	;# 
   447     019A                     	;# 
   448     019B                     	;# 
   449     019B                     	;# 
   450     019B                     	;# 
   451     019B                     	;# 
   452     019B                     	;# 
   453     019C                     	;# 
   454     019C                     	;# 
   455     019C                     	;# 
   456     019D                     	;# 
   457     019D                     	;# 
   458     019D                     	;# 
   459     019E                     	;# 
   460     019E                     	;# 
   461     019E                     	;# 
   462     019F                     	;# 
   463     019F                     	;# 
   464     019F                     	;# 
   465     019F                     	;# 
   466     019F                     	;# 
   467     020C                     	;# 
   468     020D                     	;# 
   469     020E                     	;# 
   470     020F                     	;# 
   471     0210                     	;# 
   472     0211                     	;# 
   473     0211                     	;# 
   474     0212                     	;# 
   475     0212                     	;# 
   476     0213                     	;# 
   477     0213                     	;# 
   478     0214                     	;# 
   479     0214                     	;# 
   480     0215                     	;# 
   481     0215                     	;# 
   482     0215                     	;# 
   483     0215                     	;# 
   484     0216                     	;# 
   485     0216                     	;# 
   486     0217                     	;# 
   487     0217                     	;# 
   488     028C                     	;# 
   489     028D                     	;# 
   490     028E                     	;# 
   491     028F                     	;# 
   492     0290                     	;# 
   493     0291                     	;# 
   494     0291                     	;# 
   495     0292                     	;# 
   496     0293                     	;# 
   497     0293                     	;# 
   498     0298                     	;# 
   499     0298                     	;# 
   500     0299                     	;# 
   501     029A                     	;# 
   502     029A                     	;# 
   503     029E                     	;# 
   504     030C                     	;# 
   505     030D                     	;# 
   506     030E                     	;# 
   507     030F                     	;# 
   508     0310                     	;# 
   509     038C                     	;# 
   510     038D                     	;# 
   511     038E                     	;# 
   512     038F                     	;# 
   513     0390                     	;# 
   514     0391                     	;# 
   515     0392                     	;# 
   516     0393                     	;# 
   517     0394                     	;# 
   518     0395                     	;# 
   519     0396                     	;# 
   520     0397                     	;# 
   521     0398                     	;# 
   522     0399                     	;# 
   523     039D                     	;# 
   524     039E                     	;# 
   525     039F                     	;# 
   526     0415                     	;# 
   527     0416                     	;# 
   528     0417                     	;# 
   529     041C                     	;# 
   530     041D                     	;# 
   531     041E                     	;# 
   532     0498                     	;# 
   533     0498                     	;# 
   534     0499                     	;# 
   535     049A                     	;# 
   536     049B                     	;# 
   537     049B                     	;# 
   538     049C                     	;# 
   539     049D                     	;# 
   540     049E                     	;# 
   541     049F                     	;# 
   542     0511                     	;# 
   543     0515                     	;# 
   544     0617                     	;# 
   545     0618                     	;# 
   546     0619                     	;# 
   547     0619                     	;# 
   548     061A                     	;# 
   549     061B                     	;# 
   550     061C                     	;# 
   551     061C                     	;# 
   552     0691                     	;# 
   553     0692                     	;# 
   554     0693                     	;# 
   555     0694                     	;# 
   556     0695                     	;# 
   557     0696                     	;# 
   558     0697                     	;# 
   559     0698                     	;# 
   560     0699                     	;# 
   561     069A                     	;# 
   562     069B                     	;# 
   563     069C                     	;# 
   564     069D                     	;# 
   565     069E                     	;# 
   566     069F                     	;# 
   567     0E0F                     	;# 
   568     0E10                     	;# 
   569     0E11                     	;# 
   570     0E12                     	;# 
   571     0E13                     	;# 
   572     0E14                     	;# 
   573     0E15                     	;# 
   574     0E17                     	;# 
   575     0E20                     	;# 
   576     0E21                     	;# 
   577     0E22                     	;# 
   578     0E24                     	;# 
   579     0E25                     	;# 
   580     0E28                     	;# 
   581     0E29                     	;# 
   582     0E2A                     	;# 
   583     0E2B                     	;# 
   584     0E90                     	;# 
   585     0E91                     	;# 
   586     0E92                     	;# 
   587     0E93                     	;# 
   588     0E94                     	;# 
   589     0E95                     	;# 
   590     0E96                     	;# 
   591     0E97                     	;# 
   592     0E98                     	;# 
   593     0E99                     	;# 
   594     0E9A                     	;# 
   595     0E9B                     	;# 
   596     0E9C                     	;# 
   597     0E9D                     	;# 
   598     0E9E                     	;# 
   599     0E9F                     	;# 
   600     0EA0                     	;# 
   601     0EA1                     	;# 
   602     0EA2                     	;# 
   603     0EA3                     	;# 
   604     0EA4                     	;# 
   605     0EA5                     	;# 
   606     0EA6                     	;# 
   607     0EA7                     	;# 
   608     0EA8                     	;# 
   609     0EA9                     	;# 
   610     0EAA                     	;# 
   611     0EAB                     	;# 
   612     0EAC                     	;# 
   613     0EAD                     	;# 
   614     0EAE                     	;# 
   615     0EAF                     	;# 
   616     0EB0                     	;# 
   617     0EB1                     	;# 
   618     0EB2                     	;# 
   619     0F0F                     	;# 
   620     0F10                     	;# 
   621     0F11                     	;# 
   622     0F12                     	;# 
   623     0F13                     	;# 
   624     0F14                     	;# 
   625     0F15                     	;# 
   626     0F16                     	;# 
   627     0F17                     	;# 
   628     0F18                     	;# 
   629     0F19                     	;# 
   630     0F1A                     	;# 
   631     0F1B                     	;# 
   632     0F1C                     	;# 
   633     0F1D                     	;# 
   634     0F1E                     	;# 
   635     0F1F                     	;# 
   636     0F20                     	;# 
   637     0F21                     	;# 
   638     0F22                     	;# 
   639     0F23                     	;# 
   640     0F24                     	;# 
   641     0F25                     	;# 
   642     0F26                     	;# 
   643     0F27                     	;# 
   644     0F28                     	;# 
   645     0F29                     	;# 
   646     0F2A                     	;# 
   647     0F2B                     	;# 
   648     0F2C                     	;# 
   649     0F2D                     	;# 
   650     0F2E                     	;# 
   651     0F2F                     	;# 
   652     0F30                     	;# 
   653     0F31                     	;# 
   654     0F32                     	;# 
   655     0F33                     	;# 
   656     0F34                     	;# 
   657     0F35                     	;# 
   658     0F36                     	;# 
   659     0F37                     	;# 
   660     0FE4                     	;# 
   661     0FE5                     	;# 
   662     0FE6                     	;# 
   663     0FE7                     	;# 
   664     0FE8                     	;# 
   665     0FE9                     	;# 
   666     0FEA                     	;# 
   667     0FEB                     	;# 
   668     0FED                     	;# 
   669     0FEE                     	;# 
   670     0FEF                     	;# 
   671     0000                     	;# 
   672     0001                     	;# 
   673     0002                     	;# 
   674     0003                     	;# 
   675     0004                     	;# 
   676     0005                     	;# 
   677     0006                     	;# 
   678     0007                     	;# 
   679     0008                     	;# 
   680     0009                     	;# 
   681     000A                     	;# 
   682     000B                     	;# 
   683     000C                     	;# 
   684     000D                     	;# 
   685     000E                     	;# 
   686     000F                     	;# 
   687     0010                     	;# 
   688     0011                     	;# 
   689     0012                     	;# 
   690     0013                     	;# 
   691     0015                     	;# 
   692     0016                     	;# 
   693     0016                     	;# 
   694     0017                     	;# 
   695     0018                     	;# 
   696     0019                     	;# 
   697     001A                     	;# 
   698     001B                     	;# 
   699     001C                     	;# 
   700     008C                     	;# 
   701     008D                     	;# 
   702     008E                     	;# 
   703     008F                     	;# 
   704     0090                     	;# 
   705     0091                     	;# 
   706     0092                     	;# 
   707     0093                     	;# 
   708     0095                     	;# 
   709     0096                     	;# 
   710     0097                     	;# 
   711     0098                     	;# 
   712     0099                     	;# 
   713     009A                     	;# 
   714     009B                     	;# 
   715     009B                     	;# 
   716     009C                     	;# 
   717     009D                     	;# 
   718     009E                     	;# 
   719     009F                     	;# 
   720     010C                     	;# 
   721     010D                     	;# 
   722     010E                     	;# 
   723     010F                     	;# 
   724     0110                     	;# 
   725     0111                     	;# 
   726     0112                     	;# 
   727     0113                     	;# 
   728     0114                     	;# 
   729     0115                     	;# 
   730     0116                     	;# 
   731     0117                     	;# 
   732     0118                     	;# 
   733     0119                     	;# 
   734     011A                     	;# 
   735     011B                     	;# 
   736     011B                     	;# 
   737     011C                     	;# 
   738     018C                     	;# 
   739     018D                     	;# 
   740     018E                     	;# 
   741     018F                     	;# 
   742     0190                     	;# 
   743     0191                     	;# 
   744     0191                     	;# 
   745     0192                     	;# 
   746     0193                     	;# 
   747     0193                     	;# 
   748     0194                     	;# 
   749     0195                     	;# 
   750     0196                     	;# 
   751     0197                     	;# 
   752     0199                     	;# 
   753     0199                     	;# 
   754     0199                     	;# 
   755     019A                     	;# 
   756     019A                     	;# 
   757     019A                     	;# 
   758     019B                     	;# 
   759     019B                     	;# 
   760     019B                     	;# 
   761     019B                     	;# 
   762     019B                     	;# 
   763     019C                     	;# 
   764     019C                     	;# 
   765     019C                     	;# 
   766     019D                     	;# 
   767     019D                     	;# 
   768     019D                     	;# 
   769     019E                     	;# 
   770     019E                     	;# 
   771     019E                     	;# 
   772     019F                     	;# 
   773     019F                     	;# 
   774     019F                     	;# 
   775     019F                     	;# 
   776     019F                     	;# 
   777     020C                     	;# 
   778     020D                     	;# 
   779     020E                     	;# 
   780     020F                     	;# 
   781     0210                     	;# 
   782     0211                     	;# 
   783     0211                     	;# 
   784     0212                     	;# 
   785     0212                     	;# 
   786     0213                     	;# 
   787     0213                     	;# 
   788     0214                     	;# 
   789     0214                     	;# 
   790     0215                     	;# 
   791     0215                     	;# 
   792     0215                     	;# 
   793     0215                     	;# 
   794     0216                     	;# 
   795     0216                     	;# 
   796     0217                     	;# 
   797     0217                     	;# 
   798     028C                     	;# 
   799     028D                     	;# 
   800     028E                     	;# 
   801     028F                     	;# 
   802     0290                     	;# 
   803     0291                     	;# 
   804     0291                     	;# 
   805     0292                     	;# 
   806     0293                     	;# 
   807     0293                     	;# 
   808     0298                     	;# 
   809     0298                     	;# 
   810     0299                     	;# 
   811     029A                     	;# 
   812     029A                     	;# 
   813     029E                     	;# 
   814     030C                     	;# 
   815     030D                     	;# 
   816     030E                     	;# 
   817     030F                     	;# 
   818     0310                     	;# 
   819     038C                     	;# 
   820     038D                     	;# 
   821     038E                     	;# 
   822     038F                     	;# 
   823     0390                     	;# 
   824     0391                     	;# 
   825     0392                     	;# 
   826     0393                     	;# 
   827     0394                     	;# 
   828     0395                     	;# 
   829     0396                     	;# 
   830     0397                     	;# 
   831     0398                     	;# 
   832     0399                     	;# 
   833     039D                     	;# 
   834     039E                     	;# 
   835     039F                     	;# 
   836     0415                     	;# 
   837     0416                     	;# 
   838     0417                     	;# 
   839     041C                     	;# 
   840     041D                     	;# 
   841     041E                     	;# 
   842     0498                     	;# 
   843     0498                     	;# 
   844     0499                     	;# 
   845     049A                     	;# 
   846     049B                     	;# 
   847     049B                     	;# 
   848     049C                     	;# 
   849     049D                     	;# 
   850     049E                     	;# 
   851     049F                     	;# 
   852     0511                     	;# 
   853     0515                     	;# 
   854     0617                     	;# 
   855     0618                     	;# 
   856     0619                     	;# 
   857     0619                     	;# 
   858     061A                     	;# 
   859     061B                     	;# 
   860     061C                     	;# 
   861     061C                     	;# 
   862     0691                     	;# 
   863     0692                     	;# 
   864     0693                     	;# 
   865     0694                     	;# 
   866     0695                     	;# 
   867     0696                     	;# 
   868     0697                     	;# 
   869     0698                     	;# 
   870     0699                     	;# 
   871     069A                     	;# 
   872     069B                     	;# 
   873     069C                     	;# 
   874     069D                     	;# 
   875     069E                     	;# 
   876     069F                     	;# 
   877     0E0F                     	;# 
   878     0E10                     	;# 
   879     0E11                     	;# 
   880     0E12                     	;# 
   881     0E13                     	;# 
   882     0E14                     	;# 
   883     0E15                     	;# 
   884     0E17                     	;# 
   885     0E20                     	;# 
   886     0E21                     	;# 
   887     0E22                     	;# 
   888     0E24                     	;# 
   889     0E25                     	;# 
   890     0E28                     	;# 
   891     0E29                     	;# 
   892     0E2A                     	;# 
   893     0E2B                     	;# 
   894     0E90                     	;# 
   895     0E91                     	;# 
   896     0E92                     	;# 
   897     0E93                     	;# 
   898     0E94                     	;# 
   899     0E95                     	;# 
   900     0E96                     	;# 
   901     0E97                     	;# 
   902     0E98                     	;# 
   903     0E99                     	;# 
   904     0E9A                     	;# 
   905     0E9B                     	;# 
   906     0E9C                     	;# 
   907     0E9D                     	;# 
   908     0E9E                     	;# 
   909     0E9F                     	;# 
   910     0EA0                     	;# 
   911     0EA1                     	;# 
   912     0EA2                     	;# 
   913     0EA3                     	;# 
   914     0EA4                     	;# 
   915     0EA5                     	;# 
   916     0EA6                     	;# 
   917     0EA7                     	;# 
   918     0EA8                     	;# 
   919     0EA9                     	;# 
   920     0EAA                     	;# 
   921     0EAB                     	;# 
   922     0EAC                     	;# 
   923     0EAD                     	;# 
   924     0EAE                     	;# 
   925     0EAF                     	;# 
   926     0EB0                     	;# 
   927     0EB1                     	;# 
   928     0EB2                     	;# 
   929     0F0F                     	;# 
   930     0F10                     	;# 
   931     0F11                     	;# 
   932     0F12                     	;# 
   933     0F13                     	;# 
   934     0F14                     	;# 
   935     0F15                     	;# 
   936     0F16                     	;# 
   937     0F17                     	;# 
   938     0F18                     	;# 
   939     0F19                     	;# 
   940     0F1A                     	;# 
   941     0F1B                     	;# 
   942     0F1C                     	;# 
   943     0F1D                     	;# 
   944     0F1E                     	;# 
   945     0F1F                     	;# 
   946     0F20                     	;# 
   947     0F21                     	;# 
   948     0F22                     	;# 
   949     0F23                     	;# 
   950     0F24                     	;# 
   951     0F25                     	;# 
   952     0F26                     	;# 
   953     0F27                     	;# 
   954     0F28                     	;# 
   955     0F29                     	;# 
   956     0F2A                     	;# 
   957     0F2B                     	;# 
   958     0F2C                     	;# 
   959     0F2D                     	;# 
   960     0F2E                     	;# 
   961     0F2F                     	;# 
   962     0F30                     	;# 
   963     0F31                     	;# 
   964     0F32                     	;# 
   965     0F33                     	;# 
   966     0F34                     	;# 
   967     0F35                     	;# 
   968     0F36                     	;# 
   969     0F37                     	;# 
   970     0FE4                     	;# 
   971     0FE5                     	;# 
   972     0FE6                     	;# 
   973     0FE7                     	;# 
   974     0FE8                     	;# 
   975     0FE9                     	;# 
   976     0FEA                     	;# 
   977     0FEB                     	;# 
   978     0FED                     	;# 
   979     0FEE                     	;# 
   980     0FEF                     	;# 
   981     0090                     _TRISE	set	144
   982     0481                     _TRISE1	set	1153
   983     0480                     _TRISE0	set	1152
   984     04CF                     _SPLLEN	set	1231
   985     04CE                     _IRCF3	set	1230
   986     04CD                     _IRCF2	set	1229
   987     04CC                     _IRCF1	set	1228
   988     04CB                     _IRCF0	set	1227
   989     04C9                     _SCS1	set	1225
   990     04C8                     _SCS0	set	1224
   991     0110                     _LATEbits	set	272
   992     0190                     _ANSELE	set	400
   993                           
   994                           	psect	stringtext1
   995     0800                     __pstringtext1:
   996     0800                     STR_1:
   997     0800  3448               	retlw	72	;'H'
   998     0801  3465               	retlw	101	;'e'
   999     0802  346C               	retlw	108	;'l'
  1000     0803  346C               	retlw	108	;'l'
  1001     0804  346F               	retlw	111	;'o'
  1002     0805  3400               	retlw	0
  1003                           
  1004                           	psect	stringtext2
  1005     0000                     __pstringtext2:
  1006                           
  1007                           	psect	cinit
  1008     07FD                     start_initialization:	
  1009                           ; #config settings
  1010                           
  1011     07FD                     __initialization:
  1012     07FD                     end_of_initialization:	
  1013                           ;End of C runtime variable initialization code
  1014                           
  1015     07FD                     __end_of__initialization:
  1016     07FD  0020               	movlb	0
  1017     07FE  3187  2F8B         	ljmp	_main	;jump to C main() function
  1018                           
  1019                           	psect	cstackCOMMON
  1020     0070                     __pcstackCOMMON:
  1021     0070                     ?_internal_16:
  1022     0070                     ??_internal_16:	
  1023                           ; 1 bytes @ 0x0
  1024                           
  1025     0070                     ?_SUART_Init:	
  1026                           ; 1 bytes @ 0x0
  1027                           
  1028     0070                     ??_SUART_Init:	
  1029                           ; 1 bytes @ 0x0
  1030                           
  1031     0070                     ?_initMain:	
  1032                           ; 1 bytes @ 0x0
  1033                           
  1034     0070                     ??_initMain:	
  1035                           ; 1 bytes @ 0x0
  1036                           
  1037     0070                     ?_main:	
  1038                           ; 1 bytes @ 0x0
  1039                           
  1040     0070                     ?_SUART_Transmit:	
  1041                           ; 1 bytes @ 0x0
  1042                           
  1043     0070                     ??_SUART_Transmit:	
  1044                           ; 1 bytes @ 0x0
  1045                           
  1046                           
  1047                           ; 1 bytes @ 0x0
  1048     0070                     	ds	1
  1049     0071                     SUART_Transmit@DataValue:
  1050                           
  1051                           ; 1 bytes @ 0x1
  1052     0071                     	ds	1
  1053     0072                     SUART_Transmit@i:
  1054                           
  1055                           ; 1 bytes @ 0x2
  1056     0072                     	ds	1
  1057     0073                     ?_SUART_Write_Text:
  1058     0073                     SUART_Write_Text@text:	
  1059                           ; 1 bytes @ 0x3
  1060                           
  1061                           
  1062                           ; 2 bytes @ 0x3
  1063     0073                     	ds	2
  1064     0075                     ??_SUART_Write_Text:
  1065                           
  1066                           ; 1 bytes @ 0x5
  1067     0075                     	ds	1
  1068     0076                     SUART_Write_Text@i:
  1069                           
  1070                           ; 2 bytes @ 0x6
  1071     0076                     	ds	2
  1072     0078                     ??_main:
  1073                           
  1074                           ; 1 bytes @ 0x8
  1075     0078                     	ds	2
  1076                           
  1077                           	psect	maintext
  1078     078B                     __pmaintext:	
  1079 ;;
  1080 ;;Main: autosize = 0, tempsize = 2, incstack = 0, save=0
  1081 ;;
  1082 ;; *************** function _main *****************
  1083 ;; Defined at:
  1084 ;;		line 60 in file "main.c"
  1085 ;; Parameters:    Size  Location     Type
  1086 ;;		None
  1087 ;; Auto vars:     Size  Location     Type
  1088 ;;		None
  1089 ;; Return value:  Size  Location     Type
  1090 ;;                  1    wreg      void 
  1091 ;; Registers used:
  1092 ;;		wreg, fsr0l, fsr0h, status,2, status,0, pclath, cstack
  1093 ;; Tracked objects:
  1094 ;;		On entry : B1F/0
  1095 ;;		On exit  : 0/0
  1096 ;;		Unchanged: 0/0
  1097 ;; Data sizes:     COMMON   BANK0   BANK1   BANK2   BANK3   BANK4   BANK5   BANK6   BANK7   BANK8   BANK9  BANK10  BANK1
      +1  BANK12  BANK13  BANK14  BANK15  BANK16  BANK17  BANK18  BANK19  BANK20  BANK21  BANK22  BANK23  BANK24  BANK25
  1098 ;;      Params:         0       0       0       0       0       0       0       0       0       0       0       0       
      +0       0       0       0       0       0       0       0       0       0       0       0       0       0       0
  1099 ;;      Locals:         0       0       0       0       0       0       0       0       0       0       0       0       
      +0       0       0       0       0       0       0       0       0       0       0       0       0       0       0
  1100 ;;      Temps:          2       0       0       0       0       0       0       0       0       0       0       0       
      +0       0       0       0       0       0       0       0       0       0       0       0       0       0       0
  1101 ;;      Totals:         2       0       0       0       0       0       0       0       0       0       0       0       
      +0       0       0       0       0       0       0       0       0       0       0       0       0       0       0
  1102 ;;Total ram usage:        2 bytes
  1103 ;; Hardware stack levels required when called: 2
  1104 ;; This function calls:
  1105 ;;		_SUART_Init
  1106 ;;		_SUART_Write_Text
  1107 ;;		_initMain
  1108 ;; This function is called by:
  1109 ;;		Startup code after reset
  1110 ;; This function uses a non-reentrant model
  1111 ;;
  1112                           
  1113     078B                     _main:	
  1114                           ;psect for function _main
  1115                           
  1116     078B                     l732:	
  1117                           ;incstack = 0
  1118                           ; Regs used in _main: [wreg-fsr0h+status,2+status,0+pclath+cstack]
  1119                           
  1120                           
  1121                           ;main.c: 61:     initMain();
  1122     078B  3187  277A  3187   	fcall	_initMain
  1123                           
  1124                           ;main.c: 64:      SUART_Init();
  1125     078E  3187  2774  3187   	fcall	_SUART_Init
  1126     0791                     l734:
  1127                           
  1128                           ;main.c: 65:      _delay((unsigned long)((1000)*(16000000/4000.0)));
  1129     0791  3015               	movlw	21
  1130     0792  00F9               	movwf	??_main+1
  1131     0793  304B               	movlw	75
  1132     0794  00F8               	movwf	??_main
  1133     0795  30BE               	movlw	190
  1134     0796                     u127:
  1135     0796  0B89               	decfsz	9,f
  1136     0797  2F96               	goto	u127
  1137     0798  0BF8               	decfsz	??_main,f
  1138     0799  2F96               	goto	u127
  1139     079A  0BF9               	decfsz	??_main+1,f
  1140     079B  2F96               	goto	u127
  1141     079C  3200               	nop2
  1142     079D                     l736:
  1143                           
  1144                           ;main.c: 69:       SUART_Write_Text("Hello");
  1145     079D  3000               	movlw	low (STR_1| (0+32768))
  1146     079E  00F3               	movwf	SUART_Write_Text@text
  1147     079F  3088               	movlw	high (STR_1| (0+32768))
  1148     07A0  00F4               	movwf	SUART_Write_Text@text+1
  1149     07A1  3187  27A7  3187   	fcall	_SUART_Write_Text
  1150     07A4  2F91               	goto	l734
  1151     07A5  3180  2803         	ljmp	start
  1152     07A7                     __end_of_main:
  1153                           
  1154                           	psect	text1
  1155     077A                     __ptext1:	
  1156 ;; *************** function _initMain *****************
  1157 ;; Defined at:
  1158 ;;		line 40 in file "main.c"
  1159 ;; Parameters:    Size  Location     Type
  1160 ;;		None
  1161 ;; Auto vars:     Size  Location     Type
  1162 ;;		None
  1163 ;; Return value:  Size  Location     Type
  1164 ;;                  1    wreg      void 
  1165 ;; Registers used:
  1166 ;;		status,2, status,0, pclath, cstack
  1167 ;; Tracked objects:
  1168 ;;		On entry : 0/0
  1169 ;;		On exit  : 0/0
  1170 ;;		Unchanged: 0/0
  1171 ;; Data sizes:     COMMON   BANK0   BANK1   BANK2   BANK3   BANK4   BANK5   BANK6   BANK7   BANK8   BANK9  BANK10  BANK1
      +1  BANK12  BANK13  BANK14  BANK15  BANK16  BANK17  BANK18  BANK19  BANK20  BANK21  BANK22  BANK23  BANK24  BANK25
  1172 ;;      Params:         0       0       0       0       0       0       0       0       0       0       0       0       
      +0       0       0       0       0       0       0       0       0       0       0       0       0       0       0
  1173 ;;      Locals:         0       0       0       0       0       0       0       0       0       0       0       0       
      +0       0       0       0       0       0       0       0       0       0       0       0       0       0       0
  1174 ;;      Temps:          0       0       0       0       0       0       0       0       0       0       0       0       
      +0       0       0       0       0       0       0       0       0       0       0       0       0       0       0
  1175 ;;      Totals:         0       0       0       0       0       0       0       0       0       0       0       0       
      +0       0       0       0       0       0       0       0       0       0       0       0       0       0       0
  1176 ;;Total ram usage:        0 bytes
  1177 ;; Hardware stack levels used: 1
  1178 ;; Hardware stack levels required when called: 1
  1179 ;; This function calls:
  1180 ;;		_internal_16
  1181 ;; This function is called by:
  1182 ;;		_main
  1183 ;; This function uses a non-reentrant model
  1184 ;;
  1185                           
  1186     077A                     _initMain:	
  1187                           ;psect for function _initMain
  1188                           
  1189     077A                     l652:	
  1190                           ;incstack = 0
  1191                           ; Regs used in _initMain: [status,2+status,0+pclath+cstack]
  1192                           
  1193                           
  1194                           ;main.c: 42:     internal_16();
  1195     077A  3187  2782  3187   	fcall	_internal_16
  1196     077D                     l654:
  1197                           
  1198                           ;main.c: 47:     TRISE = 0;
  1199     077D  0021               	movlb	1	; select bank1
  1200     077E  0190               	clrf	16	;volatile
  1201     077F                     l656:
  1202                           
  1203                           ;main.c: 48:     ANSELE = 0;
  1204     077F  0023               	movlb	3	; select bank3
  1205     0780  0190               	clrf	16	;volatile
  1206     0781                     l15:
  1207     0781  0008               	return
  1208     0782                     __end_of_initMain:
  1209                           
  1210                           	psect	text2
  1211     0782                     __ptext2:	
  1212 ;; *************** function _internal_16 *****************
  1213 ;; Defined at:
  1214 ;;		line 57 in file "PIC16F1719_Internal.c"
  1215 ;; Parameters:    Size  Location     Type
  1216 ;;		None
  1217 ;; Auto vars:     Size  Location     Type
  1218 ;;		None
  1219 ;; Return value:  Size  Location     Type
  1220 ;;                  1    wreg      void 
  1221 ;; Registers used:
  1222 ;;		None
  1223 ;; Tracked objects:
  1224 ;;		On entry : 0/0
  1225 ;;		On exit  : 0/0
  1226 ;;		Unchanged: 0/0
  1227 ;; Data sizes:     COMMON   BANK0   BANK1   BANK2   BANK3   BANK4   BANK5   BANK6   BANK7   BANK8   BANK9  BANK10  BANK1
      +1  BANK12  BANK13  BANK14  BANK15  BANK16  BANK17  BANK18  BANK19  BANK20  BANK21  BANK22  BANK23  BANK24  BANK25
  1228 ;;      Params:         0       0       0       0       0       0       0       0       0       0       0       0       
      +0       0       0       0       0       0       0       0       0       0       0       0       0       0       0
  1229 ;;      Locals:         0       0       0       0       0       0       0       0       0       0       0       0       
      +0       0       0       0       0       0       0       0       0       0       0       0       0       0       0
  1230 ;;      Temps:          0       0       0       0       0       0       0       0       0       0       0       0       
      +0       0       0       0       0       0       0       0       0       0       0       0       0       0       0
  1231 ;;      Totals:         0       0       0       0       0       0       0       0       0       0       0       0       
      +0       0       0       0       0       0       0       0       0       0       0       0       0       0       0
  1232 ;;Total ram usage:        0 bytes
  1233 ;; Hardware stack levels used: 1
  1234 ;; This function calls:
  1235 ;;		Nothing
  1236 ;; This function is called by:
  1237 ;;		_initMain
  1238 ;; This function uses a non-reentrant model
  1239 ;;
  1240                           
  1241     0782                     _internal_16:	
  1242                           ;psect for function _internal_16
  1243                           
  1244     0782                     l628:	
  1245                           ;incstack = 0
  1246                           ; Regs used in _internal_16: []
  1247                           
  1248                           
  1249                           ;PIC16F1719_Internal.c: 59:     SCS0 = 0;
  1250     0782  0021               	movlb	1	; select bank1
  1251     0783  1019               	bcf	25,0	;volatile
  1252                           
  1253                           ;PIC16F1719_Internal.c: 60:     SCS1 = 0;
  1254     0784  1099               	bcf	25,1	;volatile
  1255                           
  1256                           ;PIC16F1719_Internal.c: 63:     IRCF0 = 1;
  1257     0785  1599               	bsf	25,3	;volatile
  1258                           
  1259                           ;PIC16F1719_Internal.c: 64:     IRCF1 = 1;
  1260     0786  1619               	bsf	25,4	;volatile
  1261                           
  1262                           ;PIC16F1719_Internal.c: 65:     IRCF2 = 1;
  1263     0787  1699               	bsf	25,5	;volatile
  1264                           
  1265                           ;PIC16F1719_Internal.c: 66:     IRCF3 = 1;
  1266     0788  1719               	bsf	25,6	;volatile
  1267                           
  1268                           ;PIC16F1719_Internal.c: 69:     SPLLEN = 0;
  1269     0789  1399               	bcf	25,7	;volatile
  1270     078A                     l43:
  1271     078A  0008               	return
  1272     078B                     __end_of_internal_16:
  1273                           
  1274                           	psect	text3
  1275     07A7                     __ptext3:	
  1276 ;; *************** function _SUART_Write_Text *****************
  1277 ;; Defined at:
  1278 ;;		line 132 in file "swuart.c"
  1279 ;; Parameters:    Size  Location     Type
  1280 ;;  text            2    3[COMMON] PTR unsigned char 
  1281 ;;		 -> STR_1(6), 
  1282 ;; Auto vars:     Size  Location     Type
  1283 ;;  i               2    6[COMMON] int 
  1284 ;; Return value:  Size  Location     Type
  1285 ;;                  1    wreg      void 
  1286 ;; Registers used:
  1287 ;;		wreg, fsr0l, fsr0h, status,2, status,0, pclath, cstack
  1288 ;; Tracked objects:
  1289 ;;		On entry : 0/0
  1290 ;;		On exit  : 0/0
  1291 ;;		Unchanged: 0/0
  1292 ;; Data sizes:     COMMON   BANK0   BANK1   BANK2   BANK3   BANK4   BANK5   BANK6   BANK7   BANK8   BANK9  BANK10  BANK1
      +1  BANK12  BANK13  BANK14  BANK15  BANK16  BANK17  BANK18  BANK19  BANK20  BANK21  BANK22  BANK23  BANK24  BANK25
  1293 ;;      Params:         2       0       0       0       0       0       0       0       0       0       0       0       
      +0       0       0       0       0       0       0       0       0       0       0       0       0       0       0
  1294 ;;      Locals:         2       0       0       0       0       0       0       0       0       0       0       0       
      +0       0       0       0       0       0       0       0       0       0       0       0       0       0       0
  1295 ;;      Temps:          1       0       0       0       0       0       0       0       0       0       0       0       
      +0       0       0       0       0       0       0       0       0       0       0       0       0       0       0
  1296 ;;      Totals:         5       0       0       0       0       0       0       0       0       0       0       0       
      +0       0       0       0       0       0       0       0       0       0       0       0       0       0       0
  1297 ;;Total ram usage:        5 bytes
  1298 ;; Hardware stack levels used: 1
  1299 ;; Hardware stack levels required when called: 1
  1300 ;; This function calls:
  1301 ;;		_SUART_Transmit
  1302 ;; This function is called by:
  1303 ;;		_main
  1304 ;; This function uses a non-reentrant model
  1305 ;;
  1306                           
  1307     07A7                     _SUART_Write_Text:	
  1308                           ;psect for function _SUART_Write_Text
  1309                           
  1310     07A7                     l724:	
  1311                           ;incstack = 0
  1312                           ; Regs used in _SUART_Write_Text: [wreg-fsr0h+status,2+status,0+pclath+cstack]
  1313                           
  1314                           
  1315                           ;swuart.c: 132: void SUART_Write_Text(char *text);swuart.c: 133: {;swuart.c: 134:   int 
      +                          i;;swuart.c: 136:   for(i=0;text[i]!='\0';i++)
  1316     07A7  01F6               	clrf	SUART_Write_Text@i
  1317     07A8  01F7               	clrf	SUART_Write_Text@i+1
  1318     07A9  2FB8               	goto	l730
  1319     07AA                     l726:
  1320                           
  1321                           ;swuart.c: 137:       SUART_Transmit(text[i]);
  1322     07AA  0873               	movf	SUART_Write_Text@text,w
  1323     07AB  0776               	addwf	SUART_Write_Text@i,w
  1324     07AC  0084               	movwf	4
  1325     07AD  0874               	movf	SUART_Write_Text@text+1,w
  1326     07AE  3D77               	addwfc	SUART_Write_Text@i+1,w
  1327     07AF  0085               	movwf	5
  1328     07B0  0800               	movf	0,w	;code access
  1329     07B1  3187  27C4  3187   	fcall	_SUART_Transmit
  1330     07B4                     l728:
  1331     07B4  3001               	movlw	1
  1332     07B5  07F6               	addwf	SUART_Write_Text@i,f
  1333     07B6  3000               	movlw	0
  1334     07B7  3DF7               	addwfc	SUART_Write_Text@i+1,f
  1335     07B8                     l730:
  1336     07B8  0873               	movf	SUART_Write_Text@text,w
  1337     07B9  0776               	addwf	SUART_Write_Text@i,w
  1338     07BA  0084               	movwf	4
  1339     07BB  0874               	movf	SUART_Write_Text@text+1,w
  1340     07BC  3D77               	addwfc	SUART_Write_Text@i+1,w
  1341     07BD  0085               	movwf	5
  1342     07BE  0012               	moviw fsr0++
  1343     07BF  1D03               	btfss	3,2
  1344     07C0  2FC2               	goto	u111
  1345     07C1  2FC3               	goto	u110
  1346     07C2                     u111:
  1347     07C2  2FAA               	goto	l726
  1348     07C3                     u110:
  1349     07C3                     l93:
  1350     07C3  0008               	return
  1351     07C4                     __end_of_SUART_Write_Text:
  1352                           
  1353                           	psect	text4
  1354     07C4                     __ptext4:	
  1355 ;; *************** function _SUART_Transmit *****************
  1356 ;; Defined at:
  1357 ;;		line 89 in file "swuart.c"
  1358 ;; Parameters:    Size  Location     Type
  1359 ;;  DataValue       1    wreg     const unsigned char 
  1360 ;; Auto vars:     Size  Location     Type
  1361 ;;  DataValue       1    1[COMMON] const unsigned char 
  1362 ;;  i               1    2[COMMON] unsigned char 
  1363 ;; Return value:  Size  Location     Type
  1364 ;;                  1    wreg      void 
  1365 ;; Registers used:
  1366 ;;		wreg, status,2, status,0
  1367 ;; Tracked objects:
  1368 ;;		On entry : 0/0
  1369 ;;		On exit  : 0/0
  1370 ;;		Unchanged: 0/0
  1371 ;; Data sizes:     COMMON   BANK0   BANK1   BANK2   BANK3   BANK4   BANK5   BANK6   BANK7   BANK8   BANK9  BANK10  BANK1
      +1  BANK12  BANK13  BANK14  BANK15  BANK16  BANK17  BANK18  BANK19  BANK20  BANK21  BANK22  BANK23  BANK24  BANK25
  1372 ;;      Params:         0       0       0       0       0       0       0       0       0       0       0       0       
      +0       0       0       0       0       0       0       0       0       0       0       0       0       0       0
  1373 ;;      Locals:         2       0       0       0       0       0       0       0       0       0       0       0       
      +0       0       0       0       0       0       0       0       0       0       0       0       0       0       0
  1374 ;;      Temps:          1       0       0       0       0       0       0       0       0       0       0       0       
      +0       0       0       0       0       0       0       0       0       0       0       0       0       0       0
  1375 ;;      Totals:         3       0       0       0       0       0       0       0       0       0       0       0       
      +0       0       0       0       0       0       0       0       0       0       0       0       0       0       0
  1376 ;;Total ram usage:        3 bytes
  1377 ;; Hardware stack levels used: 1
  1378 ;; This function calls:
  1379 ;;		Nothing
  1380 ;; This function is called by:
  1381 ;;		_SUART_Write_Text
  1382 ;;		_SUART_Write_Char
  1383 ;; This function uses a non-reentrant model
  1384 ;;
  1385                           
  1386     07C4                     _SUART_Transmit:	
  1387                           ;psect for function _SUART_Transmit
  1388                           
  1389                           
  1390                           ;incstack = 0
  1391                           ; Regs used in _SUART_Transmit: [wreg+status,2+status,0]
  1392                           ;SUART_Transmit@DataValue stored from wreg
  1393     07C4  00F1               	movwf	SUART_Transmit@DataValue
  1394     07C5                     l630:
  1395                           
  1396                           ;swuart.c: 89: void SUART_Transmit(const char DataValue);swuart.c: 90: {;swuart.c: 100: 
      +                           LATEbits.LATE1 = 0;
  1397     07C5  0022               	movlb	2	; select bank2
  1398     07C6  1090               	bcf	16,1	;volatile
  1399     07C7                     l632:
  1400                           
  1401                           ;swuart.c: 101:  _delay((unsigned long)(((1000000/2400))*(16000000/4000000.0)));
  1402     07C7  30ED               	movlw	237
  1403     07C8                     u137:
  1404     07C8  3200               	nop2
  1405     07C9  3200               	nop2
  1406     07CA  0B89               	decfsz	9,f
  1407     07CB  2FC8               	goto	u137
  1408     07CC  3200               	nop2
  1409     07CD  3200               	nop2
  1410     07CE  0000               	nop
  1411     07CF                     l634:
  1412                           
  1413                           ;swuart.c: 103:  for ( unsigned char i = 0; i < 8; i++ )
  1414     07CF  01F2               	clrf	SUART_Transmit@i
  1415     07D0                     l640:
  1416                           
  1417                           ;swuart.c: 104:  {;swuart.c: 106:   if(((DataValue>>i)&0x1) == 0x1 )
  1418     07D0  0871               	movf	SUART_Transmit@DataValue,w
  1419     07D1  00F0               	movwf	??_SUART_Transmit
  1420     07D2  0A72               	incf	SUART_Transmit@i,w
  1421     07D3  2FD5               	goto	u14
  1422     07D4                     u15:
  1423     07D4  36F0               	lsrf	??_SUART_Transmit,f
  1424     07D5                     u14:
  1425     07D5  0B89               	decfsz	9,f
  1426     07D6  2FD4               	goto	u15
  1427     07D7  1C70               	btfss	??_SUART_Transmit,0
  1428     07D8  2FDA               	goto	u21
  1429     07D9  2FDB               	goto	u20
  1430     07DA                     u21:
  1431     07DA  2FDE               	goto	l85
  1432     07DB                     u20:
  1433     07DB                     l642:
  1434                           
  1435                           ;swuart.c: 107:   {;swuart.c: 108:    LATEbits.LATE1 = 1;
  1436     07DB  0022               	movlb	2	; select bank2
  1437     07DC  1490               	bsf	16,1	;volatile
  1438                           
  1439                           ;swuart.c: 109:   }
  1440     07DD  2FE0               	goto	l644
  1441     07DE                     l85:	
  1442                           ;swuart.c: 110:   else
  1443                           
  1444                           
  1445                           ;swuart.c: 111:   {;swuart.c: 112:    LATEbits.LATE1 = 0;
  1446     07DE  0022               	movlb	2	; select bank2
  1447     07DF  1090               	bcf	16,1	;volatile
  1448     07E0                     l644:
  1449                           
  1450                           ;swuart.c: 115:      _delay((unsigned long)(((1000000/2400))*(16000000/4000000.0)));
  1451     07E0  30ED               	movlw	237
  1452     07E1                     u147:
  1453     07E1  3200               	nop2
  1454     07E2  3200               	nop2
  1455     07E3  0B89               	decfsz	9,f
  1456     07E4  2FE1               	goto	u147
  1457     07E5  3200               	nop2
  1458     07E6  3200               	nop2
  1459     07E7  0000               	nop
  1460     07E8                     l646:
  1461                           
  1462                           ;swuart.c: 116:  }
  1463     07E8  3001               	movlw	1
  1464     07E9  00F0               	movwf	??_SUART_Transmit
  1465     07EA  0870               	movf	??_SUART_Transmit,w
  1466     07EB  07F2               	addwf	SUART_Transmit@i,f
  1467     07EC                     l648:
  1468     07EC  3008               	movlw	8
  1469     07ED  0272               	subwf	SUART_Transmit@i,w
  1470     07EE  1C03               	skipc
  1471     07EF  2FF1               	goto	u31
  1472     07F0  2FF2               	goto	u30
  1473     07F1                     u31:
  1474     07F1  2FD0               	goto	l640
  1475     07F2                     u30:
  1476     07F2                     l84:
  1477                           
  1478                           ;swuart.c: 119:  LATEbits.LATE1 = 1;
  1479     07F2  0022               	movlb	2	; select bank2
  1480     07F3  1490               	bsf	16,1	;volatile
  1481     07F4                     l650:
  1482                           
  1483                           ;swuart.c: 120:  _delay((unsigned long)(((1000000/2400))*(16000000/4000000.0)));
  1484     07F4  30ED               	movlw	237
  1485     07F5                     u157:
  1486     07F5  3200               	nop2
  1487     07F6  3200               	nop2
  1488     07F7  0B89               	decfsz	9,f
  1489     07F8  2FF5               	goto	u157
  1490     07F9  3200               	nop2
  1491     07FA  3200               	nop2
  1492     07FB  0000               	nop
  1493     07FC                     l87:
  1494     07FC  0008               	return
  1495     07FD                     __end_of_SUART_Transmit:
  1496                           
  1497                           	psect	text5
  1498     0774                     __ptext5:	
  1499 ;; *************** function _SUART_Init *****************
  1500 ;; Defined at:
  1501 ;;		line 27 in file "swuart.c"
  1502 ;; Parameters:    Size  Location     Type
  1503 ;;		None
  1504 ;; Auto vars:     Size  Location     Type
  1505 ;;		None
  1506 ;; Return value:  Size  Location     Type
  1507 ;;                  1    wreg      void 
  1508 ;; Registers used:
  1509 ;;		None
  1510 ;; Tracked objects:
  1511 ;;		On entry : 0/0
  1512 ;;		On exit  : 0/0
  1513 ;;		Unchanged: 0/0
  1514 ;; Data sizes:     COMMON   BANK0   BANK1   BANK2   BANK3   BANK4   BANK5   BANK6   BANK7   BANK8   BANK9  BANK10  BANK1
      +1  BANK12  BANK13  BANK14  BANK15  BANK16  BANK17  BANK18  BANK19  BANK20  BANK21  BANK22  BANK23  BANK24  BANK25
  1515 ;;      Params:         0       0       0       0       0       0       0       0       0       0       0       0       
      +0       0       0       0       0       0       0       0       0       0       0       0       0       0       0
  1516 ;;      Locals:         0       0       0       0       0       0       0       0       0       0       0       0       
      +0       0       0       0       0       0       0       0       0       0       0       0       0       0       0
  1517 ;;      Temps:          0       0       0       0       0       0       0       0       0       0       0       0       
      +0       0       0       0       0       0       0       0       0       0       0       0       0       0       0
  1518 ;;      Totals:         0       0       0       0       0       0       0       0       0       0       0       0       
      +0       0       0       0       0       0       0       0       0       0       0       0       0       0       0
  1519 ;;Total ram usage:        0 bytes
  1520 ;; Hardware stack levels used: 1
  1521 ;; This function calls:
  1522 ;;		Nothing
  1523 ;; This function is called by:
  1524 ;;		_main
  1525 ;; This function uses a non-reentrant model
  1526 ;;
  1527                           
  1528     0774                     _SUART_Init:	
  1529                           ;psect for function _SUART_Init
  1530                           
  1531     0774                     l658:	
  1532                           ;incstack = 0
  1533                           ; Regs used in _SUART_Init: []
  1534                           
  1535                           
  1536                           ;swuart.c: 29:  LATEbits.LATE1 = 1;
  1537     0774  0022               	movlb	2	; select bank2
  1538     0775  1490               	bsf	16,1	;volatile
  1539                           
  1540                           ;swuart.c: 31:  TRISE0 = 1;
  1541     0776  0021               	movlb	1	; select bank1
  1542     0777  1410               	bsf	16,0	;volatile
  1543                           
  1544                           ;swuart.c: 32:  TRISE1 = 0;
  1545     0778  1090               	bcf	16,1	;volatile
  1546     0779                     l69:
  1547     0779  0008               	return
  1548     077A                     __end_of_SUART_Init:
  1549     007E                     btemp	set	126	;btemp
  1550     007E                     wtemp0	set	126
  1551                           
  1552                           	psect	config
  1553                           
  1554                           ;Config register CONFIG1 @ 0x8007
  1555                           ;	Oscillator Selection Bits
  1556                           ;	FOSC = INTOSC, INTOSC oscillator: I/O function on CLKIN pin
  1557                           ;	Watchdog Timer Enable
  1558                           ;	WDTE = OFF, WDT disabled
  1559                           ;	Power-up Timer Enable
  1560                           ;	PWRTE = OFF, PWRT disabled
  1561                           ;	MCLR Pin Function Select
  1562                           ;	MCLRE = OFF, MCLR/VPP pin function is digital input if LVP bit is also 0.
  1563                           ;	Flash Program Memory Code Protection
  1564                           ;	CP = OFF, Program memory code protection is disabled
  1565                           ;	Brown-out Reset Enable
  1566                           ;	BOREN = OFF, Brown-out Reset disabled
  1567                           ;	Clock Out Enable
  1568                           ;	CLKOUTEN = OFF, CLKOUT function is disabled. I/O or oscillator function on the CLKOUT 
      +                          pin
  1569                           ;	Internal/External Switchover Mode
  1570                           ;	IESO = ON, Internal/External Switchover Mode is enabled
  1571                           ;	Fail-Safe Clock Monitor Enable
  1572                           ;	FCMEN = OFF, Fail-Safe Clock Monitor is disabled
  1573     8007                     	org	32775
  1574     8007  19A4               	dw	6564
  1575                           
  1576                           ;Config register CONFIG2 @ 0x8008
  1577                           ;	Flash Memory Self-Write Protection
  1578                           ;	WRT = OFF, Write protection off
  1579                           ;	Peripheral Pin Select one-way control
  1580                           ;	PPS1WAY = ON, The PPSLOCK bit cannot be cleared once it is set by software
  1581                           ;	Zero-cross detect disable
  1582                           ;	ZCDDIS = ON, ZCD disabled. ZCD can be enabled by setting the ZCDSEN bit of ZCDCON
  1583                           ;	Phase Lock Loop enable
  1584                           ;	PLLEN = OFF, 4x PLL is disabled
  1585                           ;	Stack Overflow/Underflow Reset Enable
  1586                           ;	STVREN = ON, Stack Overflow or Underflow will cause a Reset
  1587                           ;	Brown-out Reset Voltage Selection
  1588                           ;	BORV = LO, Brown-out Reset Voltage (Vbor), low trip point selected.
  1589                           ;	Low-Power Brown Out Reset
  1590                           ;	LPBOR = OFF, Low-Power BOR is disabled
  1591                           ;	In-Circuit Debugger Mode
  1592                           ;	DEBUG = 0x1, unprogrammed default
  1593                           ;	Low-Voltage Programming Enable
  1594                           ;	LVP = OFF, High-voltage on MCLR/VPP must be used for programming
  1595     8008                     	org	32776
  1596     8008  1EFF               	dw	7935

Data Sizes:
    Strings     6
    Constant    0
    Data        0
    BSS         0
    Persistent  32
    Stack       0

Auto Spaces:
    Space          Size  Autos    Used
    COMMON           14     10      10
    BANK0            80      0       0
    BANK1            80      0       0
    BANK2            80      0       0
    BANK3            80      0       0
    BANK4            80      0       0
    BANK5            80      0       0
    BANK6            80      0       0
    BANK7            80      0       0
    BANK8            80      0       0
    BANK9            80      0       0
    BANK10           80      0       0
    BANK11           80      0       0
    BANK12           80      0       0
    BANK13           80      0       0
    BANK14           80      0       0
    BANK15           80      0       0
    BANK16           80      0       0
    BANK17           80      0       0
    BANK18           80      0       0
    BANK19           80      0       0
    BANK20           80      0       0
    BANK21           80      0       0
    BANK22           80      0       0
    BANK23           80      0       0
    BANK24           80      0       0
    BANK25           32      0       0

Pointer List with Targets:

    SUART_Write_Text@text	PTR unsigned char  size(2) Largest target is 6
		 -> STR_1(CODE[6]), 


Critical Paths under _main in COMMON

    _main->_SUART_Write_Text
    _SUART_Write_Text->_SUART_Transmit

Critical Paths under _main in BANK0

    None.

Critical Paths under _main in BANK1

    None.

Critical Paths under _main in BANK2

    None.

Critical Paths under _main in BANK3

    None.

Critical Paths under _main in BANK4

    None.

Critical Paths under _main in BANK5

    None.

Critical Paths under _main in BANK6

    None.

Critical Paths under _main in BANK7

    None.

Critical Paths under _main in BANK8

    None.

Critical Paths under _main in BANK9

    None.

Critical Paths under _main in BANK10

    None.

Critical Paths under _main in BANK11

    None.

Critical Paths under _main in BANK12

    None.

Critical Paths under _main in BANK13

    None.

Critical Paths under _main in BANK14

    None.

Critical Paths under _main in BANK15

    None.

Critical Paths under _main in BANK16

    None.

Critical Paths under _main in BANK17

    None.

Critical Paths under _main in BANK18

    None.

Critical Paths under _main in BANK19

    None.

Critical Paths under _main in BANK20

    None.

Critical Paths under _main in BANK21

    None.

Critical Paths under _main in BANK22

    None.

Critical Paths under _main in BANK23

    None.

Critical Paths under _main in BANK24

    None.

Critical Paths under _main in BANK25

    None.

Call Graph Tables:

 ---------------------------------------------------------------------------------
 (Depth) Function   	        Calls       Base Space   Used Autos Params    Refs
 ---------------------------------------------------------------------------------
 (0) _main                                                 2     2      0     226
                                              8 COMMON     2     2      0
                         _SUART_Init
                   _SUART_Write_Text
                           _initMain
 ---------------------------------------------------------------------------------
 (1) _initMain                                             0     0      0       0
                        _internal_16
 ---------------------------------------------------------------------------------
 (2) _internal_16                                          0     0      0       0
 ---------------------------------------------------------------------------------
 (1) _SUART_Write_Text                                     5     3      2     226
                                              3 COMMON     5     3      2
                     _SUART_Transmit
 ---------------------------------------------------------------------------------
 (2) _SUART_Transmit                                       3     3      0      60
                                              0 COMMON     3     3      0
 ---------------------------------------------------------------------------------
 (1) _SUART_Init                                           0     0      0       0
 ---------------------------------------------------------------------------------
 Estimated maximum stack depth 2
 ---------------------------------------------------------------------------------

 Call Graph Graphs:

 _main (ROOT)
   _SUART_Init
   _SUART_Write_Text
     _SUART_Transmit
   _initMain
     _internal_16

 Address spaces:
Name               Size   Autos  Total    Cost      Usage
BIGRAM             7F0      0       0       0        0.0%
NULL                 0      0       0       0        0.0%
CODE                 0      0       0       0        0.0%
BITCOMMON            E      0       0       1        0.0%
BITSFR0              0      0       0       1        0.0%
SFR0                 0      0       0       1        0.0%
COMMON               E      A       A       2       71.4%
BITSFR1              0      0       0       2        0.0%
SFR1                 0      0       0       2        0.0%
BITSFR2              0      0       0       3        0.0%
SFR2                 0      0       0       3        0.0%
STACK                0      0       0       3        0.0%
BITBANK0            50      0       0       4        0.0%
BITSFR3              0      0       0       4        0.0%
SFR3                 0      0       0       4        0.0%
BANK0               50      0       0       5        0.0%
BITSFR4              0      0       0       5        0.0%
SFR4                 0      0       0       5        0.0%
BITBANK1            50      0       0       6        0.0%
BITSFR5              0      0       0       6        0.0%
SFR5                 0      0       0       6        0.0%
BANK1               50      0       0       7        0.0%
BITSFR6              0      0       0       7        0.0%
SFR6                 0      0       0       7        0.0%
BITBANK2            50      0       0       8        0.0%
BITSFR7              0      0       0       8        0.0%
SFR7                 0      0       0       8        0.0%
BANK2               50      0       0       9        0.0%
BITSFR8              0      0       0       9        0.0%
SFR8                 0      0       0       9        0.0%
BITBANK3            50      0       0      10        0.0%
BITSFR9              0      0       0      10        0.0%
SFR9                 0      0       0      10        0.0%
BANK3               50      0       0      11        0.0%
BITSFR10             0      0       0      11        0.0%
SFR10                0      0       0      11        0.0%
BITBANK4            50      0       0      12        0.0%
BITSFR11             0      0       0      12        0.0%
SFR11                0      0       0      12        0.0%
BANK4               50      0       0      13        0.0%
BITSFR12             0      0       0      13        0.0%
SFR12                0      0       0      13        0.0%
BITSFR13             0      0       0      14        0.0%
SFR13                0      0       0      14        0.0%
ABS                  0      0       0      14        0.0%
BITBANK5            50      0       0      15        0.0%
BITSFR14             0      0       0      15        0.0%
SFR14                0      0       0      15        0.0%
BANK5               50      0       0      16        0.0%
BITSFR15             0      0       0      16        0.0%
SFR15                0      0       0      16        0.0%
BITBANK6            50      0       0      17        0.0%
BITSFR16             0      0       0      17        0.0%
SFR16                0      0       0      17        0.0%
BANK6               50      0       0      18        0.0%
BITSFR17             0      0       0      18        0.0%
SFR17                0      0       0      18        0.0%
BITBANK7            50      0       0      19        0.0%
BITSFR18             0      0       0      19        0.0%
SFR18                0      0       0      19        0.0%
BANK7               50      0       0      20        0.0%
BITSFR19             0      0       0      20        0.0%
SFR19                0      0       0      20        0.0%
BITBANK8            50      0       0      21        0.0%
BITSFR20             0      0       0      21        0.0%
SFR20                0      0       0      21        0.0%
BANK8               50      0       0      22        0.0%
BITSFR21             0      0       0      22        0.0%
SFR21                0      0       0      22        0.0%
BITBANK9            50      0       0      23        0.0%
BITSFR22             0      0       0      23        0.0%
SFR22                0      0       0      23        0.0%
BANK9               50      0       0      24        0.0%
BITSFR23             0      0       0      24        0.0%
SFR23                0      0       0      24        0.0%
BITBANK10           50      0       0      25        0.0%
BITSFR24             0      0       0      25        0.0%
SFR24                0      0       0      25        0.0%
BANK10              50      0       0      26        0.0%
BITSFR25             0      0       0      26        0.0%
SFR25                0      0       0      26        0.0%
BITBANK11           50      0       0      27        0.0%
BITSFR26             0      0       0      27        0.0%
SFR26                0      0       0      27        0.0%
BITSFR27             0      0       0      28        0.0%
SFR27                0      0       0      28        0.0%
DATA                 0      0       0      28        0.0%
BANK11              50      0       0      29        0.0%
BITSFR28             0      0       0      29        0.0%
SFR28                0      0       0      29        0.0%
BITBANK12           50      0       0      30        0.0%
BITSFR29             0      0       0      30        0.0%
SFR29                0      0       0      30        0.0%
BANK12              50      0       0      31        0.0%
BITSFR30             0      0       0      31        0.0%
SFR30                0      0       0      31        0.0%
BITBANK13           50      0       0      32        0.0%
BITSFR31             0      0       0      32        0.0%
SFR31                0      0       0      32        0.0%
BANK13              50      0       0      33        0.0%
BITBANK14           50      0       0      34        0.0%
BANK14              50      0       0      35        0.0%
BITBANK15           50      0       0      36        0.0%
BANK15              50      0       0      37        0.0%
BITBANK16           50      0       0      38        0.0%
BANK16              50      0       0      39        0.0%
BITBANK17           50      0       0      40        0.0%
BANK17              50      0       0      41        0.0%
BITBANK18           50      0       0      42        0.0%
BANK18              50      0       0      43        0.0%
BITBANK19           50      0       0      44        0.0%
BANK19              50      0       0      45        0.0%
BITBANK20           50      0       0      46        0.0%
BANK20              50      0       0      47        0.0%
BITBANK21           50      0       0      48        0.0%
BANK21              50      0       0      49        0.0%
BITBANK22           50      0       0      50        0.0%
BANK22              50      0       0      51        0.0%
BITBANK23           50      0       0      52        0.0%
BANK23              50      0       0      53        0.0%
BITBANK24           50      0       0      54        0.0%
BANK24              50      0       0      55        0.0%
BITBANK25           20      0       0      56        0.0%
BANK25              20      0       0      57        0.0%


Microchip Technology PIC Macro Assembler V2.45 build 20230818022343 
Symbol Table                                                                                   Tue Dec 05 06:22:31 2023

                      l15 0781                        l43 078A                        l84 07F2  
                      l69 0779                        l85 07DE                        l93 07C3  
                      l87 07FC                        u20 07DB                        u21 07DA  
                      u30 07F2                        u14 07D5                        u31 07F1  
                      u15 07D4                       l630 07C5                       l640 07D0  
                     l632 07C7                       l650 07F4                       l642 07DB  
                     l634 07CF                       l730 07B8                       l644 07E0  
                     l724 07A7                       l628 0782                       l652 077A  
                     l732 078B                       l646 07E8                       l726 07AA  
                     l654 077D                       l734 0791                       l648 07EC  
                     l728 07B4                       l656 077F                       l736 079D  
                     l658 0774                       u110 07C3                       u111 07C2  
                     u127 0796                       u137 07C8                       u147 07E1  
                     u157 07F5                       wreg 0009                      STR_1 0800  
                    _SCS0 04C8                      _SCS1 04C9                      _main 078B  
                    fsr0h 0005                      indf0 0000                      fsr0l 0004  
                    btemp 007E                      start 0003                     ?_main 0070  
                   _IRCF0 04CB                     _IRCF1 04CC                     _IRCF2 04CD  
                   _IRCF3 04CE                     _TRISE 0090                     status 0003  
                   wtemp0 007E               ?_SUART_Init 0070              ?_internal_16 0070  
         __initialization 07FD              __end_of_main 07A7                    ??_main 0078  
                  _ANSELE 0190                    _SPLLEN 04CF                    _TRISE0 0480  
                  _TRISE1 0481          __end_of_initMain 0782          ??_SUART_Transmit 0070  
 SUART_Transmit@DataValue 0071   __end_of__initialization 07FD            __pcstackCOMMON 0070  
              __pmaintext 078B          _SUART_Write_Text 07A7                 ?_initMain 0070  
            ??_SUART_Init 0070                   __ptext1 077A                   __ptext2 0782  
                 __ptext3 07A7                   __ptext4 07C4                   __ptext5 0774  
         SUART_Transmit@i 0072        __end_of_SUART_Init 077A      end_of_initialization 07FD  
              ??_initMain 0070      SUART_Write_Text@text 0073       start_initialization 07FD  
__end_of_SUART_Write_Text 07C4                 ___latbits 0003             ??_internal_16 0070  
                _LATEbits 0110       __end_of_internal_16 078B         SUART_Write_Text@i 0076  
          _SUART_Transmit 07C4                  _initMain 077A               _internal_16 0782  
       ?_SUART_Write_Text 0073        ??_SUART_Write_Text 0075    __end_of_SUART_Transmit 07FD  
           __pstringtext1 0800             __pstringtext2 0000           ?_SUART_Transmit 0070  
              _SUART_Init 0774  
