

Microchip MPLAB XC8 Assembler V2.46 build 20240104201356 
                                                                                               Fri Dec 26 21:24:23 2025

Microchip MPLAB XC8 C Compiler v2.46 (Free license) build 20240104201356 Og1 
     1                           	processor	16F1718
     2                           	pagewidth 120
     3                           	opt	flic
     4                           	psect	cinit,global,class=CODE,merge=1,delta=2
     5                           	psect	bssBANK0,global,class=BANK0,space=1,delta=1,noexec
     6                           	psect	cstackCOMMON,global,class=COMMON,space=1,delta=1,noexec
     7                           	psect	cstackBANK0,global,class=BANK0,space=1,delta=1,noexec
     8                           	psect	maintext,global,class=CODE,merge=1,split=1,delta=2
     9                           	psect	text1,local,class=CODE,merge=1,delta=2
    10                           	psect	text2,local,class=CODE,merge=1,delta=2
    11                           	psect	text3,local,class=CODE,merge=1,delta=2
    12                           	psect	text4,local,class=CODE,merge=1,delta=2,group=1
    13                           	psect	text5,local,class=CODE,merge=1,delta=2,group=1
    14                           	psect	config,global,abs,ovrld,class=CONFIG,space=4,delta=2,noexec
    15                           	dabs	1,0x7E,2
    16     0000                     
    17                           ; Generated 07/09/2023 GMT
    18                           ; 
    19                           ; Copyright © 2023, Microchip Technology Inc. and its subsidiaries ("Microchip")
    20                           ; All rights reserved.
    21                           ; 
    22                           ; This software is developed by Microchip Technology Inc. and its subsidiaries ("Microch
      +                          ip").
    23                           ; 
    24                           ; Redistribution and use in source and binary forms, with or without modification, are
    25                           ; permitted provided that the following conditions are met:
    26                           ; 
    27                           ;     1. Redistributions of source code must retain the above copyright notice, this lis
      +                          t of
    28                           ;        conditions and the following disclaimer.
    29                           ; 
    30                           ;     2. Redistributions in binary form must reproduce the above copyright notice, this 
      +                          list
    31                           ;        of conditions and the following disclaimer in the documentation and/or other
    32                           ;        materials provided with the distribution. Publication is not required when
    33                           ;        this file is used in an embedded application.
    34                           ; 
    35                           ;     3. Microchip's name may not be used to endorse or promote products derived from th
      +                          is
    36                           ;        software without specific prior written permission.
    37                           ; 
    38                           ; THIS SOFTWARE IS PROVIDED BY MICROCHIP "AS IS" AND ANY EXPRESS OR IMPLIED WARRANTIES,
    39                           ; INCLUDING, BUT NOT LIMITED TO, THE IMPLIED WARRANTIES OF MERCHANTABILITY AND FITNESS F
      +                          OR
    40                           ; PURPOSE ARE DISCLAIMED.  IN NO EVENT SHALL MICROCHIP BE LIABLE FOR ANY DIRECT, INDIREC
      +                          T,
    41                           ; INCIDENTAL, SPECIAL, EXEMPLARY, OR CONSEQUENTIAL DAMAGES (INCLUDING BUT NOT LIMITED TO
    42                           ; PROCUREMENT OF SUBSTITUTE GOODS OR SERVICES; LOSS OF USE, DATA OR PROFITS; OR BUSINESS
    43                           ; INTERRUPTION) HOWSOEVER CAUSED AND ON ANY THEORY OF LIABILITY, WHETHER IN CONTRACT, ST
      +                          RICT
    44                           ; LIABILITY, OR TORT (INCLUDING NEGLIGENCE OR OTHERWISE) ARISING IN ANY WAY OUT OF THE U
      +                          SE OF
    45                           ; THIS SOFTWARE, EVEN IF ADVISED OF THE POSSIBILITY OF SUCH DAMAGE.
    46                           ; 
    47                           ; 
    48                           ; Code-generator required, PIC16F1718 Definitions
    49                           ; 
    50                           ; SFR Addresses
    51     0000                     	;# 
    52     0001                     	;# 
    53     0002                     	;# 
    54     0003                     	;# 
    55     0004                     	;# 
    56     0005                     	;# 
    57     0006                     	;# 
    58     0007                     	;# 
    59     0008                     	;# 
    60     0009                     	;# 
    61     000A                     	;# 
    62     000B                     	;# 
    63     000C                     	;# 
    64     000D                     	;# 
    65     000E                     	;# 
    66     0010                     	;# 
    67     0011                     	;# 
    68     0012                     	;# 
    69     0013                     	;# 
    70     0015                     	;# 
    71     0016                     	;# 
    72     0016                     	;# 
    73     0017                     	;# 
    74     0018                     	;# 
    75     0019                     	;# 
    76     001A                     	;# 
    77     001B                     	;# 
    78     001C                     	;# 
    79     008C                     	;# 
    80     008D                     	;# 
    81     008E                     	;# 
    82     0090                     	;# 
    83     0091                     	;# 
    84     0092                     	;# 
    85     0093                     	;# 
    86     0095                     	;# 
    87     0096                     	;# 
    88     0097                     	;# 
    89     0098                     	;# 
    90     0099                     	;# 
    91     009A                     	;# 
    92     009B                     	;# 
    93     009B                     	;# 
    94     009C                     	;# 
    95     009D                     	;# 
    96     009E                     	;# 
    97     009F                     	;# 
    98     010C                     	;# 
    99     010D                     	;# 
   100     010E                     	;# 
   101     0111                     	;# 
   102     0112                     	;# 
   103     0113                     	;# 
   104     0114                     	;# 
   105     0115                     	;# 
   106     0116                     	;# 
   107     0117                     	;# 
   108     0118                     	;# 
   109     0119                     	;# 
   110     011A                     	;# 
   111     011B                     	;# 
   112     011B                     	;# 
   113     011C                     	;# 
   114     018C                     	;# 
   115     018D                     	;# 
   116     018E                     	;# 
   117     0191                     	;# 
   118     0191                     	;# 
   119     0192                     	;# 
   120     0193                     	;# 
   121     0193                     	;# 
   122     0194                     	;# 
   123     0195                     	;# 
   124     0196                     	;# 
   125     0197                     	;# 
   126     0199                     	;# 
   127     0199                     	;# 
   128     0199                     	;# 
   129     019A                     	;# 
   130     019A                     	;# 
   131     019A                     	;# 
   132     019B                     	;# 
   133     019B                     	;# 
   134     019B                     	;# 
   135     019B                     	;# 
   136     019B                     	;# 
   137     019C                     	;# 
   138     019C                     	;# 
   139     019C                     	;# 
   140     019D                     	;# 
   141     019D                     	;# 
   142     019D                     	;# 
   143     019E                     	;# 
   144     019E                     	;# 
   145     019E                     	;# 
   146     019F                     	;# 
   147     019F                     	;# 
   148     019F                     	;# 
   149     019F                     	;# 
   150     019F                     	;# 
   151     020C                     	;# 
   152     020D                     	;# 
   153     020E                     	;# 
   154     0210                     	;# 
   155     0211                     	;# 
   156     0211                     	;# 
   157     0212                     	;# 
   158     0212                     	;# 
   159     0213                     	;# 
   160     0213                     	;# 
   161     0214                     	;# 
   162     0214                     	;# 
   163     0215                     	;# 
   164     0215                     	;# 
   165     0215                     	;# 
   166     0215                     	;# 
   167     0216                     	;# 
   168     0216                     	;# 
   169     0217                     	;# 
   170     0217                     	;# 
   171     028C                     	;# 
   172     028D                     	;# 
   173     028E                     	;# 
   174     0291                     	;# 
   175     0291                     	;# 
   176     0292                     	;# 
   177     0293                     	;# 
   178     0293                     	;# 
   179     0298                     	;# 
   180     0298                     	;# 
   181     0299                     	;# 
   182     029A                     	;# 
   183     029A                     	;# 
   184     029E                     	;# 
   185     030C                     	;# 
   186     030D                     	;# 
   187     030E                     	;# 
   188     038C                     	;# 
   189     038D                     	;# 
   190     038E                     	;# 
   191     0390                     	;# 
   192     0391                     	;# 
   193     0392                     	;# 
   194     0393                     	;# 
   195     0394                     	;# 
   196     0395                     	;# 
   197     0396                     	;# 
   198     0397                     	;# 
   199     0398                     	;# 
   200     0399                     	;# 
   201     039D                     	;# 
   202     039E                     	;# 
   203     039F                     	;# 
   204     0415                     	;# 
   205     0416                     	;# 
   206     0417                     	;# 
   207     041C                     	;# 
   208     041D                     	;# 
   209     041E                     	;# 
   210     0498                     	;# 
   211     0498                     	;# 
   212     0499                     	;# 
   213     049A                     	;# 
   214     049B                     	;# 
   215     049B                     	;# 
   216     049C                     	;# 
   217     049D                     	;# 
   218     049E                     	;# 
   219     049F                     	;# 
   220     0511                     	;# 
   221     0515                     	;# 
   222     0617                     	;# 
   223     0618                     	;# 
   224     0619                     	;# 
   225     0619                     	;# 
   226     061A                     	;# 
   227     061B                     	;# 
   228     061C                     	;# 
   229     061C                     	;# 
   230     0691                     	;# 
   231     0692                     	;# 
   232     0693                     	;# 
   233     0694                     	;# 
   234     0695                     	;# 
   235     0696                     	;# 
   236     0697                     	;# 
   237     0698                     	;# 
   238     0699                     	;# 
   239     069A                     	;# 
   240     069B                     	;# 
   241     069C                     	;# 
   242     069D                     	;# 
   243     069E                     	;# 
   244     069F                     	;# 
   245     0E0F                     	;# 
   246     0E10                     	;# 
   247     0E11                     	;# 
   248     0E12                     	;# 
   249     0E13                     	;# 
   250     0E14                     	;# 
   251     0E15                     	;# 
   252     0E17                     	;# 
   253     0E20                     	;# 
   254     0E21                     	;# 
   255     0E22                     	;# 
   256     0E24                     	;# 
   257     0E25                     	;# 
   258     0E28                     	;# 
   259     0E29                     	;# 
   260     0E2A                     	;# 
   261     0E2B                     	;# 
   262     0E90                     	;# 
   263     0E91                     	;# 
   264     0E92                     	;# 
   265     0E93                     	;# 
   266     0E94                     	;# 
   267     0E95                     	;# 
   268     0E96                     	;# 
   269     0E97                     	;# 
   270     0E98                     	;# 
   271     0E99                     	;# 
   272     0E9A                     	;# 
   273     0E9B                     	;# 
   274     0E9C                     	;# 
   275     0E9D                     	;# 
   276     0E9E                     	;# 
   277     0E9F                     	;# 
   278     0EA0                     	;# 
   279     0EA1                     	;# 
   280     0EA2                     	;# 
   281     0EA3                     	;# 
   282     0EA4                     	;# 
   283     0EA5                     	;# 
   284     0EA6                     	;# 
   285     0EA7                     	;# 
   286     0F0F                     	;# 
   287     0F10                     	;# 
   288     0F11                     	;# 
   289     0F12                     	;# 
   290     0F13                     	;# 
   291     0F14                     	;# 
   292     0F15                     	;# 
   293     0F16                     	;# 
   294     0F17                     	;# 
   295     0F18                     	;# 
   296     0F19                     	;# 
   297     0F1A                     	;# 
   298     0F1B                     	;# 
   299     0F1C                     	;# 
   300     0F1D                     	;# 
   301     0F1E                     	;# 
   302     0F1F                     	;# 
   303     0F20                     	;# 
   304     0F21                     	;# 
   305     0F22                     	;# 
   306     0F23                     	;# 
   307     0F24                     	;# 
   308     0F25                     	;# 
   309     0F26                     	;# 
   310     0F27                     	;# 
   311     0F28                     	;# 
   312     0F29                     	;# 
   313     0F2A                     	;# 
   314     0F2B                     	;# 
   315     0F2C                     	;# 
   316     0F2D                     	;# 
   317     0F2E                     	;# 
   318     0F2F                     	;# 
   319     0F30                     	;# 
   320     0F31                     	;# 
   321     0F32                     	;# 
   322     0F33                     	;# 
   323     0F34                     	;# 
   324     0F35                     	;# 
   325     0F36                     	;# 
   326     0F37                     	;# 
   327     0FE4                     	;# 
   328     0FE5                     	;# 
   329     0FE6                     	;# 
   330     0FE7                     	;# 
   331     0FE8                     	;# 
   332     0FE9                     	;# 
   333     0FEA                     	;# 
   334     0FEB                     	;# 
   335     0FED                     	;# 
   336     0FEE                     	;# 
   337     0FEF                     	;# 
   338     0000                     	;# 
   339     0001                     	;# 
   340     0002                     	;# 
   341     0003                     	;# 
   342     0004                     	;# 
   343     0005                     	;# 
   344     0006                     	;# 
   345     0007                     	;# 
   346     0008                     	;# 
   347     0009                     	;# 
   348     000A                     	;# 
   349     000B                     	;# 
   350     000C                     	;# 
   351     000D                     	;# 
   352     000E                     	;# 
   353     0010                     	;# 
   354     0011                     	;# 
   355     0012                     	;# 
   356     0013                     	;# 
   357     0015                     	;# 
   358     0016                     	;# 
   359     0016                     	;# 
   360     0017                     	;# 
   361     0018                     	;# 
   362     0019                     	;# 
   363     001A                     	;# 
   364     001B                     	;# 
   365     001C                     	;# 
   366     008C                     	;# 
   367     008D                     	;# 
   368     008E                     	;# 
   369     0090                     	;# 
   370     0091                     	;# 
   371     0092                     	;# 
   372     0093                     	;# 
   373     0095                     	;# 
   374     0096                     	;# 
   375     0097                     	;# 
   376     0098                     	;# 
   377     0099                     	;# 
   378     009A                     	;# 
   379     009B                     	;# 
   380     009B                     	;# 
   381     009C                     	;# 
   382     009D                     	;# 
   383     009E                     	;# 
   384     009F                     	;# 
   385     010C                     	;# 
   386     010D                     	;# 
   387     010E                     	;# 
   388     0111                     	;# 
   389     0112                     	;# 
   390     0113                     	;# 
   391     0114                     	;# 
   392     0115                     	;# 
   393     0116                     	;# 
   394     0117                     	;# 
   395     0118                     	;# 
   396     0119                     	;# 
   397     011A                     	;# 
   398     011B                     	;# 
   399     011B                     	;# 
   400     011C                     	;# 
   401     018C                     	;# 
   402     018D                     	;# 
   403     018E                     	;# 
   404     0191                     	;# 
   405     0191                     	;# 
   406     0192                     	;# 
   407     0193                     	;# 
   408     0193                     	;# 
   409     0194                     	;# 
   410     0195                     	;# 
   411     0196                     	;# 
   412     0197                     	;# 
   413     0199                     	;# 
   414     0199                     	;# 
   415     0199                     	;# 
   416     019A                     	;# 
   417     019A                     	;# 
   418     019A                     	;# 
   419     019B                     	;# 
   420     019B                     	;# 
   421     019B                     	;# 
   422     019B                     	;# 
   423     019B                     	;# 
   424     019C                     	;# 
   425     019C                     	;# 
   426     019C                     	;# 
   427     019D                     	;# 
   428     019D                     	;# 
   429     019D                     	;# 
   430     019E                     	;# 
   431     019E                     	;# 
   432     019E                     	;# 
   433     019F                     	;# 
   434     019F                     	;# 
   435     019F                     	;# 
   436     019F                     	;# 
   437     019F                     	;# 
   438     020C                     	;# 
   439     020D                     	;# 
   440     020E                     	;# 
   441     0210                     	;# 
   442     0211                     	;# 
   443     0211                     	;# 
   444     0212                     	;# 
   445     0212                     	;# 
   446     0213                     	;# 
   447     0213                     	;# 
   448     0214                     	;# 
   449     0214                     	;# 
   450     0215                     	;# 
   451     0215                     	;# 
   452     0215                     	;# 
   453     0215                     	;# 
   454     0216                     	;# 
   455     0216                     	;# 
   456     0217                     	;# 
   457     0217                     	;# 
   458     028C                     	;# 
   459     028D                     	;# 
   460     028E                     	;# 
   461     0291                     	;# 
   462     0291                     	;# 
   463     0292                     	;# 
   464     0293                     	;# 
   465     0293                     	;# 
   466     0298                     	;# 
   467     0298                     	;# 
   468     0299                     	;# 
   469     029A                     	;# 
   470     029A                     	;# 
   471     029E                     	;# 
   472     030C                     	;# 
   473     030D                     	;# 
   474     030E                     	;# 
   475     038C                     	;# 
   476     038D                     	;# 
   477     038E                     	;# 
   478     0390                     	;# 
   479     0391                     	;# 
   480     0392                     	;# 
   481     0393                     	;# 
   482     0394                     	;# 
   483     0395                     	;# 
   484     0396                     	;# 
   485     0397                     	;# 
   486     0398                     	;# 
   487     0399                     	;# 
   488     039D                     	;# 
   489     039E                     	;# 
   490     039F                     	;# 
   491     0415                     	;# 
   492     0416                     	;# 
   493     0417                     	;# 
   494     041C                     	;# 
   495     041D                     	;# 
   496     041E                     	;# 
   497     0498                     	;# 
   498     0498                     	;# 
   499     0499                     	;# 
   500     049A                     	;# 
   501     049B                     	;# 
   502     049B                     	;# 
   503     049C                     	;# 
   504     049D                     	;# 
   505     049E                     	;# 
   506     049F                     	;# 
   507     0511                     	;# 
   508     0515                     	;# 
   509     0617                     	;# 
   510     0618                     	;# 
   511     0619                     	;# 
   512     0619                     	;# 
   513     061A                     	;# 
   514     061B                     	;# 
   515     061C                     	;# 
   516     061C                     	;# 
   517     0691                     	;# 
   518     0692                     	;# 
   519     0693                     	;# 
   520     0694                     	;# 
   521     0695                     	;# 
   522     0696                     	;# 
   523     0697                     	;# 
   524     0698                     	;# 
   525     0699                     	;# 
   526     069A                     	;# 
   527     069B                     	;# 
   528     069C                     	;# 
   529     069D                     	;# 
   530     069E                     	;# 
   531     069F                     	;# 
   532     0E0F                     	;# 
   533     0E10                     	;# 
   534     0E11                     	;# 
   535     0E12                     	;# 
   536     0E13                     	;# 
   537     0E14                     	;# 
   538     0E15                     	;# 
   539     0E17                     	;# 
   540     0E20                     	;# 
   541     0E21                     	;# 
   542     0E22                     	;# 
   543     0E24                     	;# 
   544     0E25                     	;# 
   545     0E28                     	;# 
   546     0E29                     	;# 
   547     0E2A                     	;# 
   548     0E2B                     	;# 
   549     0E90                     	;# 
   550     0E91                     	;# 
   551     0E92                     	;# 
   552     0E93                     	;# 
   553     0E94                     	;# 
   554     0E95                     	;# 
   555     0E96                     	;# 
   556     0E97                     	;# 
   557     0E98                     	;# 
   558     0E99                     	;# 
   559     0E9A                     	;# 
   560     0E9B                     	;# 
   561     0E9C                     	;# 
   562     0E9D                     	;# 
   563     0E9E                     	;# 
   564     0E9F                     	;# 
   565     0EA0                     	;# 
   566     0EA1                     	;# 
   567     0EA2                     	;# 
   568     0EA3                     	;# 
   569     0EA4                     	;# 
   570     0EA5                     	;# 
   571     0EA6                     	;# 
   572     0EA7                     	;# 
   573     0F0F                     	;# 
   574     0F10                     	;# 
   575     0F11                     	;# 
   576     0F12                     	;# 
   577     0F13                     	;# 
   578     0F14                     	;# 
   579     0F15                     	;# 
   580     0F16                     	;# 
   581     0F17                     	;# 
   582     0F18                     	;# 
   583     0F19                     	;# 
   584     0F1A                     	;# 
   585     0F1B                     	;# 
   586     0F1C                     	;# 
   587     0F1D                     	;# 
   588     0F1E                     	;# 
   589     0F1F                     	;# 
   590     0F20                     	;# 
   591     0F21                     	;# 
   592     0F22                     	;# 
   593     0F23                     	;# 
   594     0F24                     	;# 
   595     0F25                     	;# 
   596     0F26                     	;# 
   597     0F27                     	;# 
   598     0F28                     	;# 
   599     0F29                     	;# 
   600     0F2A                     	;# 
   601     0F2B                     	;# 
   602     0F2C                     	;# 
   603     0F2D                     	;# 
   604     0F2E                     	;# 
   605     0F2F                     	;# 
   606     0F30                     	;# 
   607     0F31                     	;# 
   608     0F32                     	;# 
   609     0F33                     	;# 
   610     0F34                     	;# 
   611     0F35                     	;# 
   612     0F36                     	;# 
   613     0F37                     	;# 
   614     0FE4                     	;# 
   615     0FE5                     	;# 
   616     0FE6                     	;# 
   617     0FE7                     	;# 
   618     0FE8                     	;# 
   619     0FE9                     	;# 
   620     0FEA                     	;# 
   621     0FEB                     	;# 
   622     0FED                     	;# 
   623     0FEE                     	;# 
   624     0FEF                     	;# 
   625     000E                     _PORTC	set	14
   626     008E                     _TRISC	set	142
   627     04CF                     _SPLLEN	set	1231
   628     04CE                     _IRCF3	set	1230
   629     04CD                     _IRCF2	set	1229
   630     04CC                     _IRCF1	set	1228
   631     04CB                     _IRCF0	set	1227
   632     04C9                     _SCS1	set	1225
   633     04C8                     _SCS0	set	1224
   634                           
   635                           	psect	cinit
   636     07F6                     start_initialization:	
   637                           ; #config settings
   638                           
   639     07F6                     __initialization:
   640                           
   641                           ; Clear objects allocated to BANK0
   642     07F6  0020               	movlb	0	; select bank0
   643     07F7  01A0               	clrf	__pbssBANK0& (0+127)
   644     07F8  01A1               	clrf	(__pbssBANK0+1)& (0+127)
   645     07F9  01A2               	clrf	(__pbssBANK0+2)& (0+127)
   646     07FA  01A3               	clrf	(__pbssBANK0+3)& (0+127)
   647     07FB  01A4               	clrf	(__pbssBANK0+4)& (0+127)
   648     07FC  01A5               	clrf	(__pbssBANK0+5)& (0+127)
   649     07FD                     end_of_initialization:	
   650                           ;End of C runtime variable initialization code
   651                           
   652     07FD                     __end_of__initialization:
   653     07FD  0020               	movlb	0
   654     07FE  3187  2F55         	ljmp	_main	;jump to C main() function
   655                           
   656                           	psect	bssBANK0
   657     0020                     __pbssBANK0:
   658     0020                     _i:
   659     0020                     	ds	2
   660     0022                     _digitCount:
   661     0022                     	ds	2
   662     0024                     _digit:
   663     0024                     	ds	2
   664                           
   665                           	psect	cstackCOMMON
   666     0070                     __pcstackCOMMON:
   667     0070                     ?_internal_32:
   668     0070                     ??_internal_32:	
   669                           ; 1 bytes @ 0x0
   670                           
   671     0070                     ?_initMain:	
   672                           ; 1 bytes @ 0x0
   673                           
   674     0070                     ??_initMain:	
   675                           ; 1 bytes @ 0x0
   676                           
   677     0070                     ?_main:	
   678                           ; 1 bytes @ 0x0
   679                           
   680     0070                     ?_seg:	
   681                           ; 1 bytes @ 0x0
   682                           
   683     0070                     ?___lwdiv:	
   684                           ; 2 bytes @ 0x0
   685                           
   686     0070                     seg@num:	
   687                           ; 2 bytes @ 0x0
   688                           
   689     0070                     ___lwdiv@divisor:	
   690                           ; 2 bytes @ 0x0
   691                           
   692                           
   693                           ; 2 bytes @ 0x0
   694     0070                     	ds	2
   695     0072                     ??_seg:
   696     0072                     ___lwdiv@dividend:	
   697                           ; 1 bytes @ 0x2
   698                           
   699                           
   700                           ; 2 bytes @ 0x2
   701     0072                     	ds	2
   702     0074                     ??___lwdiv:
   703                           
   704                           ; 1 bytes @ 0x4
   705     0074                     	ds	1
   706     0075                     ___lwdiv@quotient:
   707                           
   708                           ; 2 bytes @ 0x5
   709     0075                     	ds	2
   710     0077                     ___lwdiv@counter:
   711                           
   712                           ; 1 bytes @ 0x7
   713     0077                     	ds	1
   714     0078                     ?___lwmod:
   715     0078                     ___lwmod@divisor:	
   716                           ; 2 bytes @ 0x8
   717                           
   718                           
   719                           ; 2 bytes @ 0x8
   720     0078                     	ds	2
   721     007A                     ___lwmod@dividend:
   722                           
   723                           ; 2 bytes @ 0xA
   724     007A                     	ds	2
   725     007C                     ??___lwmod:
   726                           
   727                           ; 1 bytes @ 0xC
   728     007C                     	ds	1
   729     007D                     ___lwmod@counter:
   730                           
   731                           ; 1 bytes @ 0xD
   732     007D                     	ds	1
   733                           
   734                           	psect	cstackBANK0
   735     0026                     __pcstackBANK0:
   736     0026                     ??_main:
   737                           
   738                           ; 1 bytes @ 0x0
   739     0026                     	ds	1
   740                           
   741                           	psect	maintext
   742     0755                     __pmaintext:	
   743 ;;
   744 ;;Main: autosize = 0, tempsize = 1, incstack = 0, save=0
   745 ;;
   746 ;; *************** function _main *****************
   747 ;; Defined at:
   748 ;;		line 87 in file "main.c"
   749 ;; Parameters:    Size  Location     Type
   750 ;;		None
   751 ;; Auto vars:     Size  Location     Type
   752 ;;		None
   753 ;; Return value:  Size  Location     Type
   754 ;;                  1    wreg      void 
   755 ;; Registers used:
   756 ;;		wreg, fsr0l, fsr0h, status,2, status,0, pclath, cstack
   757 ;; Tracked objects:
   758 ;;		On entry : B1F/0
   759 ;;		On exit  : 0/0
   760 ;;		Unchanged: 0/0
   761 ;; Data sizes:     COMMON   BANK0   BANK1   BANK2   BANK3   BANK4   BANK5   BANK6   BANK7   BANK8   BANK9  BANK10  BANK1
      +1  BANK12  BANK13  BANK14  BANK15  BANK16  BANK17  BANK18  BANK19  BANK20  BANK21  BANK22  BANK23  BANK24  BANK25
   762 ;;      Params:         0       0       0       0       0       0       0       0       0       0       0       0       
      +0       0       0       0       0       0       0       0       0       0       0       0       0       0       0
   763 ;;      Locals:         0       0       0       0       0       0       0       0       0       0       0       0       
      +0       0       0       0       0       0       0       0       0       0       0       0       0       0       0
   764 ;;      Temps:          0       1       0       0       0       0       0       0       0       0       0       0       
      +0       0       0       0       0       0       0       0       0       0       0       0       0       0       0
   765 ;;      Totals:         0       1       0       0       0       0       0       0       0       0       0       0       
      +0       0       0       0       0       0       0       0       0       0       0       0       0       0       0
   766 ;;Total ram usage:        1 bytes
   767 ;; Hardware stack levels required when called: 2
   768 ;; This function calls:
   769 ;;		___lwdiv
   770 ;;		___lwmod
   771 ;;		_initMain
   772 ;;		_seg
   773 ;; This function is called by:
   774 ;;		Startup code after reset
   775 ;; This function uses a non-reentrant model
   776 ;;
   777                           
   778     0755                     _main:	
   779                           ;psect for function _main
   780                           
   781     0755                     l858:	
   782                           ;incstack = 0
   783                           ; Regs used in _main: [wreg-fsr0h+status,2+status,0+pclath+cstack]
   784                           
   785                           
   786                           ;main.c: 88:     initMain();
   787     0755  3186  26D6  3187   	fcall	_initMain
   788     0758                     l860:
   789                           
   790                           ;main.c: 91:     {;main.c: 92:       i++;
   791     0758  3001               	movlw	1
   792     0759  0020               	movlb	0	; select bank0
   793     075A  07A0               	addwf	_i,f
   794     075B  3000               	movlw	0
   795     075C  3DA1               	addwfc	_i+1,f
   796     075D                     l862:
   797                           
   798                           ;main.c: 94:       if (i > 9999)
   799     075D  3027               	movlw	39
   800     075E  0221               	subwf	_i+1,w
   801     075F  3010               	movlw	16
   802     0760  1903               	skipnz
   803     0761  0220               	subwf	_i,w
   804     0762  1C03               	skipc
   805     0763  2F65               	goto	u281
   806     0764  2F66               	goto	u280
   807     0765                     u281:
   808     0765  2F68               	goto	l866
   809     0766                     u280:
   810     0766                     l864:
   811                           
   812                           ;main.c: 95:       {;main.c: 96:          i = 0;
   813     0766  01A0               	clrf	_i
   814     0767  01A1               	clrf	_i+1
   815     0768                     l866:
   816                           
   817                           ;main.c: 100:       digit = (i / 1000) % 10;
   818     0768  300A               	movlw	10
   819     0769  00F8               	movwf	___lwmod@divisor
   820     076A  3000               	movlw	0
   821     076B  00F9               	movwf	___lwmod@divisor+1
   822     076C  30E8               	movlw	232
   823     076D  00F0               	movwf	___lwdiv@divisor
   824     076E  3003               	movlw	3
   825     076F  00F1               	movwf	___lwdiv@divisor+1
   826     0770  0821               	movf	_i+1,w
   827     0771  00F3               	movwf	___lwdiv@dividend+1
   828     0772  0820               	movf	_i,w
   829     0773  00F2               	movwf	___lwdiv@dividend
   830     0774  3187  2719  3187   	fcall	___lwdiv
   831     0777  0871               	movf	?___lwdiv+1,w
   832     0778  00FB               	movwf	___lwmod@dividend+1
   833     0779  0870               	movf	?___lwdiv,w
   834     077A  00FA               	movwf	___lwmod@dividend
   835     077B  3186  26E5  3187   	fcall	___lwmod
   836     077E  0879               	movf	?___lwmod+1,w
   837     077F  0020               	movlb	0	; select bank0
   838     0780  00A5               	movwf	_digit+1
   839     0781  0878               	movf	?___lwmod,w
   840     0782  00A4               	movwf	_digit
   841     0783                     l868:
   842                           
   843                           ;main.c: 101:       digitCount = seg(digit);
   844     0783  0825               	movf	_digit+1,w
   845     0784  00F1               	movwf	seg@num+1
   846     0785  0824               	movf	_digit,w
   847     0786  00F0               	movwf	seg@num
   848     0787  3187  279D  3187   	fcall	_seg
   849     078A  0871               	movf	?_seg+1,w
   850     078B  0020               	movlb	0	; select bank0
   851     078C  00A3               	movwf	_digitCount+1
   852     078D  0870               	movf	?_seg,w
   853     078E  00A2               	movwf	_digitCount
   854     078F                     l870:
   855                           
   856                           ;main.c: 102:       PORTC = digitCount;
   857     078F  0822               	movf	_digitCount,w
   858     0790  008E               	movwf	14	;volatile
   859     0791                     l872:
   860                           
   861                           ;main.c: 104:       _delay((unsigned long)((2)*(32000000/4000.0)));
   862     0791  3015               	movlw	21
   863     0792  0020               	movlb	0	; select bank0
   864     0793  00A6               	movwf	??_main
   865     0794  30C6               	movlw	198
   866     0795                     u297:
   867     0795  0B89               	decfsz	9,f
   868     0796  2F95               	goto	u297
   869     0797  0BA6               	decfsz	??_main,f
   870     0798  2F95               	goto	u297
   871     0799  0000               	nop
   872     079A  2F58               	goto	l860
   873     079B  3180  2802         	ljmp	start
   874     079D                     __end_of_main:
   875                           
   876                           	psect	text1
   877     079D                     __ptext1:	
   878 ;; *************** function _seg *****************
   879 ;; Defined at:
   880 ;;		line 43 in file "main.c"
   881 ;; Parameters:    Size  Location     Type
   882 ;;  num             2    0[COMMON] unsigned int 
   883 ;; Auto vars:     Size  Location     Type
   884 ;;		None
   885 ;; Return value:  Size  Location     Type
   886 ;;                  2    0[COMMON] unsigned short 
   887 ;; Registers used:
   888 ;;		wreg, fsr0l, fsr0h, status,2, status,0
   889 ;; Tracked objects:
   890 ;;		On entry : 0/0
   891 ;;		On exit  : 0/0
   892 ;;		Unchanged: 0/0
   893 ;; Data sizes:     COMMON   BANK0   BANK1   BANK2   BANK3   BANK4   BANK5   BANK6   BANK7   BANK8   BANK9  BANK10  BANK1
      +1  BANK12  BANK13  BANK14  BANK15  BANK16  BANK17  BANK18  BANK19  BANK20  BANK21  BANK22  BANK23  BANK24  BANK25
   894 ;;      Params:         2       0       0       0       0       0       0       0       0       0       0       0       
      +0       0       0       0       0       0       0       0       0       0       0       0       0       0       0
   895 ;;      Locals:         0       0       0       0       0       0       0       0       0       0       0       0       
      +0       0       0       0       0       0       0       0       0       0       0       0       0       0       0
   896 ;;      Temps:          0       0       0       0       0       0       0       0       0       0       0       0       
      +0       0       0       0       0       0       0       0       0       0       0       0       0       0       0
   897 ;;      Totals:         2       0       0       0       0       0       0       0       0       0       0       0       
      +0       0       0       0       0       0       0       0       0       0       0       0       0       0       0
   898 ;;Total ram usage:        2 bytes
   899 ;; Hardware stack levels used: 1
   900 ;; This function calls:
   901 ;;		Nothing
   902 ;; This function is called by:
   903 ;;		_main
   904 ;; This function uses a non-reentrant model
   905 ;;
   906                           
   907     079D                     _seg:	
   908                           ;psect for function _seg
   909                           
   910     079D                     l756:	
   911                           ;incstack = 0
   912                           ; Regs used in _seg: [wreg-fsr0h+status,2+status,0]
   913                           
   914                           
   915                           ;main.c: 43: uint16_t seg(unsigned int num);main.c: 44: {;main.c: 45:    switch(num)
   916     079D  2FD0               	goto	l800
   917     079E                     l758:
   918     079E  303F               	movlw	63
   919     079F  00F0               	movwf	?_seg
   920     07A0  3000               	movlw	0
   921     07A1  00F1               	movwf	?_seg+1
   922     07A2  2FF5               	goto	l54
   923     07A3                     l762:
   924     07A3  3006               	movlw	6
   925     07A4  00F0               	movwf	?_seg
   926     07A5  3000               	movlw	0
   927     07A6  00F1               	movwf	?_seg+1
   928     07A7  2FF5               	goto	l54
   929     07A8                     l766:
   930     07A8  305B               	movlw	91
   931     07A9  00F0               	movwf	?_seg
   932     07AA  3000               	movlw	0
   933     07AB  00F1               	movwf	?_seg+1
   934     07AC  2FF5               	goto	l54
   935     07AD                     l770:
   936     07AD  304F               	movlw	79
   937     07AE  00F0               	movwf	?_seg
   938     07AF  3000               	movlw	0
   939     07B0  00F1               	movwf	?_seg+1
   940     07B1  2FF5               	goto	l54
   941     07B2                     l774:
   942     07B2  3066               	movlw	102
   943     07B3  00F0               	movwf	?_seg
   944     07B4  3000               	movlw	0
   945     07B5  00F1               	movwf	?_seg+1
   946     07B6  2FF5               	goto	l54
   947     07B7                     l778:
   948     07B7  306D               	movlw	109
   949     07B8  00F0               	movwf	?_seg
   950     07B9  3000               	movlw	0
   951     07BA  00F1               	movwf	?_seg+1
   952     07BB  2FF5               	goto	l54
   953     07BC                     l782:
   954     07BC  307D               	movlw	125
   955     07BD  00F0               	movwf	?_seg
   956     07BE  3000               	movlw	0
   957     07BF  00F1               	movwf	?_seg+1
   958     07C0  2FF5               	goto	l54
   959     07C1                     l786:
   960     07C1  3007               	movlw	7
   961     07C2  00F0               	movwf	?_seg
   962     07C3  3000               	movlw	0
   963     07C4  00F1               	movwf	?_seg+1
   964     07C5  2FF5               	goto	l54
   965     07C6                     l790:
   966     07C6  307F               	movlw	127
   967     07C7  00F0               	movwf	?_seg
   968     07C8  3000               	movlw	0
   969     07C9  00F1               	movwf	?_seg+1
   970     07CA  2FF5               	goto	l54
   971     07CB                     l794:
   972     07CB  306F               	movlw	111
   973     07CC  00F0               	movwf	?_seg
   974     07CD  3000               	movlw	0
   975     07CE  00F1               	movwf	?_seg+1
   976     07CF  2FF5               	goto	l54
   977     07D0                     l800:
   978                           
   979                           ; Switch on 2 bytes has been partitioned into a top level switch of size 1, and 1 sub-sw
      +                          itches
   980                           ; Switch size 1, requested type "simple"
   981                           ; Number of cases is 1, Range of values is 0 to 0
   982                           ; switch strategies available:
   983                           ; Name         Instructions Cycles
   984                           ; simple_byte            4     3 (average)
   985                           ; direct_byte            8     6 (fixed)
   986                           ; jumptable            260     6 (fixed)
   987                           ;	Chosen strategy is simple_byte
   988     07D0  0871               	movf	seg@num+1,w
   989     07D1  3A00               	xorlw	0	; case 0
   990     07D2  1903               	skipnz
   991     07D3  2FD5               	goto	l894
   992     07D4  2FF5               	goto	l54
   993     07D5                     l894:
   994                           
   995                           ; Switch size 1, requested type "simple"
   996                           ; Number of cases is 10, Range of values is 0 to 9
   997                           ; switch strategies available:
   998                           ; Name         Instructions Cycles
   999                           ; direct_byte           26     6 (fixed)
  1000                           ; simple_byte           31    16 (average)
  1001                           ; jumptable            260     6 (fixed)
  1002                           ;	Chosen strategy is simple_byte
  1003     07D5  0870               	movf	seg@num,w
  1004     07D6  3A00               	xorlw	0	; case 0
  1005     07D7  1903               	skipnz
  1006     07D8  2F9E               	goto	l758
  1007     07D9  3A01               	xorlw	1	; case 1
  1008     07DA  1903               	skipnz
  1009     07DB  2FA3               	goto	l762
  1010     07DC  3A03               	xorlw	3	; case 2
  1011     07DD  1903               	skipnz
  1012     07DE  2FA8               	goto	l766
  1013     07DF  3A01               	xorlw	1	; case 3
  1014     07E0  1903               	skipnz
  1015     07E1  2FAD               	goto	l770
  1016     07E2  3A07               	xorlw	7	; case 4
  1017     07E3  1903               	skipnz
  1018     07E4  2FB2               	goto	l774
  1019     07E5  3A01               	xorlw	1	; case 5
  1020     07E6  1903               	skipnz
  1021     07E7  2FB7               	goto	l778
  1022     07E8  3A03               	xorlw	3	; case 6
  1023     07E9  1903               	skipnz
  1024     07EA  2FBC               	goto	l782
  1025     07EB  3A01               	xorlw	1	; case 7
  1026     07EC  1903               	skipnz
  1027     07ED  2FC1               	goto	l786
  1028     07EE  3A0F               	xorlw	15	; case 8
  1029     07EF  1903               	skipnz
  1030     07F0  2FC6               	goto	l790
  1031     07F1  3A01               	xorlw	1	; case 9
  1032     07F2  1903               	skipnz
  1033     07F3  2FCB               	goto	l794
  1034     07F4  2FF5               	goto	l54
  1035     07F5                     l54:
  1036     07F5  0008               	return
  1037     07F6                     __end_of_seg:
  1038                           
  1039                           	psect	text2
  1040     06D6                     __ptext2:	
  1041 ;; *************** function _initMain *****************
  1042 ;; Defined at:
  1043 ;;		line 70 in file "main.c"
  1044 ;; Parameters:    Size  Location     Type
  1045 ;;		None
  1046 ;; Auto vars:     Size  Location     Type
  1047 ;;		None
  1048 ;; Return value:  Size  Location     Type
  1049 ;;                  1    wreg      void 
  1050 ;; Registers used:
  1051 ;;		status,2, status,0, pclath, cstack
  1052 ;; Tracked objects:
  1053 ;;		On entry : 0/0
  1054 ;;		On exit  : 0/0
  1055 ;;		Unchanged: 0/0
  1056 ;; Data sizes:     COMMON   BANK0   BANK1   BANK2   BANK3   BANK4   BANK5   BANK6   BANK7   BANK8   BANK9  BANK10  BANK1
      +1  BANK12  BANK13  BANK14  BANK15  BANK16  BANK17  BANK18  BANK19  BANK20  BANK21  BANK22  BANK23  BANK24  BANK25
  1057 ;;      Params:         0       0       0       0       0       0       0       0       0       0       0       0       
      +0       0       0       0       0       0       0       0       0       0       0       0       0       0       0
  1058 ;;      Locals:         0       0       0       0       0       0       0       0       0       0       0       0       
      +0       0       0       0       0       0       0       0       0       0       0       0       0       0       0
  1059 ;;      Temps:          0       0       0       0       0       0       0       0       0       0       0       0       
      +0       0       0       0       0       0       0       0       0       0       0       0       0       0       0
  1060 ;;      Totals:         0       0       0       0       0       0       0       0       0       0       0       0       
      +0       0       0       0       0       0       0       0       0       0       0       0       0       0       0
  1061 ;;Total ram usage:        0 bytes
  1062 ;; Hardware stack levels used: 1
  1063 ;; Hardware stack levels required when called: 1
  1064 ;; This function calls:
  1065 ;;		_internal_32
  1066 ;; This function is called by:
  1067 ;;		_main
  1068 ;; This function uses a non-reentrant model
  1069 ;;
  1070                           
  1071     06D6                     _initMain:	
  1072                           ;psect for function _initMain
  1073                           
  1074     06D6                     l806:	
  1075                           ;incstack = 0
  1076                           ; Regs used in _initMain: [status,2+status,0+pclath+cstack]
  1077                           
  1078                           
  1079                           ;main.c: 72:     internal_32();
  1080     06D6  3186  26DC  3186   	fcall	_internal_32
  1081     06D9                     l808:
  1082                           
  1083                           ;main.c: 75:     TRISC = 0;
  1084     06D9  0021               	movlb	1	; select bank1
  1085     06DA  018E               	clrf	14	;volatile
  1086     06DB                     l67:
  1087     06DB  0008               	return
  1088     06DC                     __end_of_initMain:
  1089                           
  1090                           	psect	text3
  1091     06DC                     __ptext3:	
  1092 ;; *************** function _internal_32 *****************
  1093 ;; Defined at:
  1094 ;;		line 36 in file "PIC16F1718_Internal.c"
  1095 ;; Parameters:    Size  Location     Type
  1096 ;;		None
  1097 ;; Auto vars:     Size  Location     Type
  1098 ;;		None
  1099 ;; Return value:  Size  Location     Type
  1100 ;;                  1    wreg      void 
  1101 ;; Registers used:
  1102 ;;		None
  1103 ;; Tracked objects:
  1104 ;;		On entry : 0/0
  1105 ;;		On exit  : 0/0
  1106 ;;		Unchanged: 0/0
  1107 ;; Data sizes:     COMMON   BANK0   BANK1   BANK2   BANK3   BANK4   BANK5   BANK6   BANK7   BANK8   BANK9  BANK10  BANK1
      +1  BANK12  BANK13  BANK14  BANK15  BANK16  BANK17  BANK18  BANK19  BANK20  BANK21  BANK22  BANK23  BANK24  BANK25
  1108 ;;      Params:         0       0       0       0       0       0       0       0       0       0       0       0       
      +0       0       0       0       0       0       0       0       0       0       0       0       0       0       0
  1109 ;;      Locals:         0       0       0       0       0       0       0       0       0       0       0       0       
      +0       0       0       0       0       0       0       0       0       0       0       0       0       0       0
  1110 ;;      Temps:          0       0       0       0       0       0       0       0       0       0       0       0       
      +0       0       0       0       0       0       0       0       0       0       0       0       0       0       0
  1111 ;;      Totals:         0       0       0       0       0       0       0       0       0       0       0       0       
      +0       0       0       0       0       0       0       0       0       0       0       0       0       0       0
  1112 ;;Total ram usage:        0 bytes
  1113 ;; Hardware stack levels used: 1
  1114 ;; This function calls:
  1115 ;;		Nothing
  1116 ;; This function is called by:
  1117 ;;		_initMain
  1118 ;; This function uses a non-reentrant model
  1119 ;;
  1120                           
  1121     06DC                     _internal_32:	
  1122                           ;psect for function _internal_32
  1123                           
  1124     06DC                     l754:	
  1125                           ;incstack = 0
  1126                           ; Regs used in _internal_32: []
  1127                           
  1128                           
  1129                           ;PIC16F1718_Internal.c: 38:     SCS0 = 0;
  1130     06DC  0021               	movlb	1	; select bank1
  1131     06DD  1019               	bcf	25,0	;volatile
  1132                           
  1133                           ;PIC16F1718_Internal.c: 39:     SCS1 = 0;
  1134     06DE  1099               	bcf	25,1	;volatile
  1135                           
  1136                           ;PIC16F1718_Internal.c: 42:     IRCF0 = 0;
  1137     06DF  1199               	bcf	25,3	;volatile
  1138                           
  1139                           ;PIC16F1718_Internal.c: 43:     IRCF1 = 1;
  1140     06E0  1619               	bsf	25,4	;volatile
  1141                           
  1142                           ;PIC16F1718_Internal.c: 44:     IRCF2 = 1;
  1143     06E1  1699               	bsf	25,5	;volatile
  1144                           
  1145                           ;PIC16F1718_Internal.c: 45:     IRCF3 = 1;
  1146     06E2  1719               	bsf	25,6	;volatile
  1147                           
  1148                           ;PIC16F1718_Internal.c: 48:     SPLLEN = 1;
  1149     06E3  1799               	bsf	25,7	;volatile
  1150     06E4                     l17:
  1151     06E4  0008               	return
  1152     06E5                     __end_of_internal_32:
  1153                           
  1154                           	psect	text4
  1155     06E5                     __ptext4:	
  1156 ;; *************** function ___lwmod *****************
  1157 ;; Defined at:
  1158 ;;		line 5 in file "C:\Program Files\Microchip\xc8\v2.46\pic\sources\c99\common\lwmod.c"
  1159 ;; Parameters:    Size  Location     Type
  1160 ;;  divisor         2    8[COMMON] unsigned int 
  1161 ;;  dividend        2   10[COMMON] unsigned int 
  1162 ;; Auto vars:     Size  Location     Type
  1163 ;;  counter         1   13[COMMON] unsigned char 
  1164 ;; Return value:  Size  Location     Type
  1165 ;;                  2    8[COMMON] unsigned int 
  1166 ;; Registers used:
  1167 ;;		wreg, status,2, status,0
  1168 ;; Tracked objects:
  1169 ;;		On entry : 0/0
  1170 ;;		On exit  : 0/0
  1171 ;;		Unchanged: 0/0
  1172 ;; Data sizes:     COMMON   BANK0   BANK1   BANK2   BANK3   BANK4   BANK5   BANK6   BANK7   BANK8   BANK9  BANK10  BANK1
      +1  BANK12  BANK13  BANK14  BANK15  BANK16  BANK17  BANK18  BANK19  BANK20  BANK21  BANK22  BANK23  BANK24  BANK25
  1173 ;;      Params:         4       0       0       0       0       0       0       0       0       0       0       0       
      +0       0       0       0       0       0       0       0       0       0       0       0       0       0       0
  1174 ;;      Locals:         1       0       0       0       0       0       0       0       0       0       0       0       
      +0       0       0       0       0       0       0       0       0       0       0       0       0       0       0
  1175 ;;      Temps:          1       0       0       0       0       0       0       0       0       0       0       0       
      +0       0       0       0       0       0       0       0       0       0       0       0       0       0       0
  1176 ;;      Totals:         6       0       0       0       0       0       0       0       0       0       0       0       
      +0       0       0       0       0       0       0       0       0       0       0       0       0       0       0
  1177 ;;Total ram usage:        6 bytes
  1178 ;; Hardware stack levels used: 1
  1179 ;; This function calls:
  1180 ;;		Nothing
  1181 ;; This function is called by:
  1182 ;;		_main
  1183 ;; This function uses a non-reentrant model
  1184 ;;
  1185                           
  1186     06E5                     ___lwmod:	
  1187                           ;psect for function ___lwmod
  1188                           
  1189     06E5                     l836:	
  1190                           ;incstack = 0
  1191                           ; Regs used in ___lwmod: [wreg+status,2+status,0]
  1192                           
  1193     06E5  0878               	movf	___lwmod@divisor,w
  1194     06E6  0479               	iorwf	___lwmod@divisor+1,w
  1195     06E7  1903               	btfsc	3,2
  1196     06E8  2EEA               	goto	u221
  1197     06E9  2EEB               	goto	u220
  1198     06EA                     u221:
  1199     06EA  2F14               	goto	l854
  1200     06EB                     u220:
  1201     06EB                     l838:
  1202     06EB  01FD               	clrf	___lwmod@counter
  1203     06EC  0AFD               	incf	___lwmod@counter,f
  1204     06ED  2EF7               	goto	l844
  1205     06EE                     l840:
  1206     06EE  3001               	movlw	1
  1207     06EF                     u235:
  1208     06EF  35F8               	lslf	___lwmod@divisor,f
  1209     06F0  0DF9               	rlf	___lwmod@divisor+1,f
  1210     06F1  0B89               	decfsz	9,f
  1211     06F2  2EEF               	goto	u235
  1212     06F3                     l842:
  1213     06F3  3001               	movlw	1
  1214     06F4  00FC               	movwf	??___lwmod
  1215     06F5  087C               	movf	??___lwmod,w
  1216     06F6  07FD               	addwf	___lwmod@counter,f
  1217     06F7                     l844:
  1218     06F7  1FF9               	btfss	___lwmod@divisor+1,7
  1219     06F8  2EFA               	goto	u241
  1220     06F9  2EFB               	goto	u240
  1221     06FA                     u241:
  1222     06FA  2EEE               	goto	l840
  1223     06FB                     u240:
  1224     06FB                     l846:
  1225     06FB  0879               	movf	___lwmod@divisor+1,w
  1226     06FC  027B               	subwf	___lwmod@dividend+1,w
  1227     06FD  1D03               	skipz
  1228     06FE  2F01               	goto	u255
  1229     06FF  0878               	movf	___lwmod@divisor,w
  1230     0700  027A               	subwf	___lwmod@dividend,w
  1231     0701                     u255:
  1232     0701  1C03               	skipc
  1233     0702  2F04               	goto	u251
  1234     0703  2F05               	goto	u250
  1235     0704                     u251:
  1236     0704  2F09               	goto	l850
  1237     0705                     u250:
  1238     0705                     l848:
  1239     0705  0878               	movf	___lwmod@divisor,w
  1240     0706  02FA               	subwf	___lwmod@dividend,f
  1241     0707  0879               	movf	___lwmod@divisor+1,w
  1242     0708  3BFB               	subwfb	___lwmod@dividend+1,f
  1243     0709                     l850:
  1244     0709  3001               	movlw	1
  1245     070A                     u265:
  1246     070A  36F9               	lsrf	___lwmod@divisor+1,f
  1247     070B  0CF8               	rrf	___lwmod@divisor,f
  1248     070C  0B89               	decfsz	9,f
  1249     070D  2F0A               	goto	u265
  1250     070E                     l852:
  1251     070E  3001               	movlw	1
  1252     070F  02FD               	subwf	___lwmod@counter,f
  1253     0710  1D03               	btfss	3,2
  1254     0711  2F13               	goto	u271
  1255     0712  2F14               	goto	u270
  1256     0713                     u271:
  1257     0713  2EFB               	goto	l846
  1258     0714                     u270:
  1259     0714                     l854:
  1260     0714  087B               	movf	___lwmod@dividend+1,w
  1261     0715  00F9               	movwf	?___lwmod+1
  1262     0716  087A               	movf	___lwmod@dividend,w
  1263     0717  00F8               	movwf	?___lwmod
  1264     0718                     l434:
  1265     0718  0008               	return
  1266     0719                     __end_of___lwmod:
  1267                           
  1268                           	psect	text5
  1269     0719                     __ptext5:	
  1270 ;; *************** function ___lwdiv *****************
  1271 ;; Defined at:
  1272 ;;		line 5 in file "C:\Program Files\Microchip\xc8\v2.46\pic\sources\c99\common\lwdiv.c"
  1273 ;; Parameters:    Size  Location     Type
  1274 ;;  divisor         2    0[COMMON] unsigned int 
  1275 ;;  dividend        2    2[COMMON] unsigned int 
  1276 ;; Auto vars:     Size  Location     Type
  1277 ;;  quotient        2    5[COMMON] unsigned int 
  1278 ;;  counter         1    7[COMMON] unsigned char 
  1279 ;; Return value:  Size  Location     Type
  1280 ;;                  2    0[COMMON] unsigned int 
  1281 ;; Registers used:
  1282 ;;		wreg, status,2, status,0
  1283 ;; Tracked objects:
  1284 ;;		On entry : 0/0
  1285 ;;		On exit  : 0/0
  1286 ;;		Unchanged: 0/0
  1287 ;; Data sizes:     COMMON   BANK0   BANK1   BANK2   BANK3   BANK4   BANK5   BANK6   BANK7   BANK8   BANK9  BANK10  BANK1
      +1  BANK12  BANK13  BANK14  BANK15  BANK16  BANK17  BANK18  BANK19  BANK20  BANK21  BANK22  BANK23  BANK24  BANK25
  1288 ;;      Params:         4       0       0       0       0       0       0       0       0       0       0       0       
      +0       0       0       0       0       0       0       0       0       0       0       0       0       0       0
  1289 ;;      Locals:         3       0       0       0       0       0       0       0       0       0       0       0       
      +0       0       0       0       0       0       0       0       0       0       0       0       0       0       0
  1290 ;;      Temps:          1       0       0       0       0       0       0       0       0       0       0       0       
      +0       0       0       0       0       0       0       0       0       0       0       0       0       0       0
  1291 ;;      Totals:         8       0       0       0       0       0       0       0       0       0       0       0       
      +0       0       0       0       0       0       0       0       0       0       0       0       0       0       0
  1292 ;;Total ram usage:        8 bytes
  1293 ;; Hardware stack levels used: 1
  1294 ;; This function calls:
  1295 ;;		Nothing
  1296 ;; This function is called by:
  1297 ;;		_main
  1298 ;; This function uses a non-reentrant model
  1299 ;;
  1300                           
  1301     0719                     ___lwdiv:	
  1302                           ;psect for function ___lwdiv
  1303                           
  1304     0719                     l810:	
  1305                           ;incstack = 0
  1306                           ; Regs used in ___lwdiv: [wreg+status,2+status,0]
  1307                           
  1308     0719  01F5               	clrf	___lwdiv@quotient
  1309     071A  01F6               	clrf	___lwdiv@quotient+1
  1310     071B                     l812:
  1311     071B  0870               	movf	___lwdiv@divisor,w
  1312     071C  0471               	iorwf	___lwdiv@divisor+1,w
  1313     071D  1903               	btfsc	3,2
  1314     071E  2F20               	goto	u151
  1315     071F  2F21               	goto	u150
  1316     0720                     u151:
  1317     0720  2F50               	goto	l832
  1318     0721                     u150:
  1319     0721                     l814:
  1320     0721  01F7               	clrf	___lwdiv@counter
  1321     0722  0AF7               	incf	___lwdiv@counter,f
  1322     0723  2F2D               	goto	l820
  1323     0724                     l816:
  1324     0724  3001               	movlw	1
  1325     0725                     u165:
  1326     0725  35F0               	lslf	___lwdiv@divisor,f
  1327     0726  0DF1               	rlf	___lwdiv@divisor+1,f
  1328     0727  0B89               	decfsz	9,f
  1329     0728  2F25               	goto	u165
  1330     0729                     l818:
  1331     0729  3001               	movlw	1
  1332     072A  00F4               	movwf	??___lwdiv
  1333     072B  0874               	movf	??___lwdiv,w
  1334     072C  07F7               	addwf	___lwdiv@counter,f
  1335     072D                     l820:
  1336     072D  1FF1               	btfss	___lwdiv@divisor+1,7
  1337     072E  2F30               	goto	u171
  1338     072F  2F31               	goto	u170
  1339     0730                     u171:
  1340     0730  2F24               	goto	l816
  1341     0731                     u170:
  1342     0731                     l822:
  1343     0731  3001               	movlw	1
  1344     0732                     u185:
  1345     0732  35F5               	lslf	___lwdiv@quotient,f
  1346     0733  0DF6               	rlf	___lwdiv@quotient+1,f
  1347     0734  0B89               	decfsz	9,f
  1348     0735  2F32               	goto	u185
  1349     0736  0871               	movf	___lwdiv@divisor+1,w
  1350     0737  0273               	subwf	___lwdiv@dividend+1,w
  1351     0738  1D03               	skipz
  1352     0739  2F3C               	goto	u195
  1353     073A  0870               	movf	___lwdiv@divisor,w
  1354     073B  0272               	subwf	___lwdiv@dividend,w
  1355     073C                     u195:
  1356     073C  1C03               	skipc
  1357     073D  2F3F               	goto	u191
  1358     073E  2F40               	goto	u190
  1359     073F                     u191:
  1360     073F  2F45               	goto	l828
  1361     0740                     u190:
  1362     0740                     l824:
  1363     0740  0870               	movf	___lwdiv@divisor,w
  1364     0741  02F2               	subwf	___lwdiv@dividend,f
  1365     0742  0871               	movf	___lwdiv@divisor+1,w
  1366     0743  3BF3               	subwfb	___lwdiv@dividend+1,f
  1367     0744                     l826:
  1368     0744  1475               	bsf	___lwdiv@quotient,0
  1369     0745                     l828:
  1370     0745  3001               	movlw	1
  1371     0746                     u205:
  1372     0746  36F1               	lsrf	___lwdiv@divisor+1,f
  1373     0747  0CF0               	rrf	___lwdiv@divisor,f
  1374     0748  0B89               	decfsz	9,f
  1375     0749  2F46               	goto	u205
  1376     074A                     l830:
  1377     074A  3001               	movlw	1
  1378     074B  02F7               	subwf	___lwdiv@counter,f
  1379     074C  1D03               	btfss	3,2
  1380     074D  2F4F               	goto	u211
  1381     074E  2F50               	goto	u210
  1382     074F                     u211:
  1383     074F  2F31               	goto	l822
  1384     0750                     u210:
  1385     0750                     l832:
  1386     0750  0876               	movf	___lwdiv@quotient+1,w
  1387     0751  00F1               	movwf	?___lwdiv+1
  1388     0752  0875               	movf	___lwdiv@quotient,w
  1389     0753  00F0               	movwf	?___lwdiv
  1390     0754                     l424:
  1391     0754  0008               	return
  1392     0755                     __end_of___lwdiv:
  1393     007E                     btemp	set	126	;btemp
  1394     007E                     wtemp0	set	126
  1395                           
  1396                           	psect	config
  1397                           
  1398                           ;Config register CONFIG1 @ 0x8007
  1399                           ;	Oscillator Selection Bits
  1400                           ;	FOSC = INTOSC, INTOSC oscillator: I/O function on CLKIN pin
  1401                           ;	Watchdog Timer Enable
  1402                           ;	WDTE = OFF, WDT disabled
  1403                           ;	Power-up Timer Enable
  1404                           ;	PWRTE = OFF, PWRT disabled
  1405                           ;	MCLR Pin Function Select
  1406                           ;	MCLRE = OFF, MCLR/VPP pin function is digital input if LVP bit is also 0.
  1407                           ;	Flash Program Memory Code Protection
  1408                           ;	CP = OFF, Program memory code protection is disabled
  1409                           ;	Brown-out Reset Enable
  1410                           ;	BOREN = OFF, Brown-out Reset disabled
  1411                           ;	Clock Out Enable
  1412                           ;	CLKOUTEN = OFF, CLKOUT function is disabled. I/O or oscillator function on the CLKOUT 
      +                          pin
  1413                           ;	Internal/External Switchover Mode
  1414                           ;	IESO = ON, Internal/External Switchover Mode is enabled
  1415                           ;	Fail-Safe Clock Monitor Enable
  1416                           ;	FCMEN = OFF, Fail-Safe Clock Monitor is disabled
  1417     8007                     	org	32775
  1418     8007  19A4               	dw	6564
  1419                           
  1420                           ;Config register CONFIG2 @ 0x8008
  1421                           ;	Flash Memory Self-Write Protection
  1422                           ;	WRT = OFF, Write protection off
  1423                           ;	Peripheral Pin Select one-way control
  1424                           ;	PPS1WAY = ON, The PPSLOCK bit cannot be cleared once it is set by software
  1425                           ;	Zero-cross detect disable
  1426                           ;	ZCDDIS = ON, ZCD disabled. ZCD can be enabled by setting the ZCDSEN bit of ZCDCON
  1427                           ;	Phase Lock Loop enable
  1428                           ;	PLLEN = OFF, 4x PLL is disabled
  1429                           ;	Stack Overflow/Underflow Reset Enable
  1430                           ;	STVREN = ON, Stack Overflow or Underflow will cause a Reset
  1431                           ;	Brown-out Reset Voltage Selection
  1432                           ;	BORV = LO, Brown-out Reset Voltage (Vbor), low trip point selected.
  1433                           ;	Low-Power Brown Out Reset
  1434                           ;	LPBOR = OFF, Low-Power BOR is disabled
  1435                           ;	In-Circuit Debugger Mode
  1436                           ;	DEBUG = 0x1, unprogrammed default
  1437                           ;	Low-Voltage Programming Enable
  1438                           ;	LVP = OFF, High-voltage on MCLR/VPP must be used for programming
  1439     8008                     	org	32776
  1440     8008  1EFF               	dw	7935

Data Sizes:
    Strings     0
    Constant    0
    Data        0
    BSS         6
    Persistent  32
    Stack       0

Auto Spaces:
    Space          Size  Autos    Used
    COMMON           14     14      14
    BANK0            80      1       7
    BANK1            80      0       0
    BANK2            80      0       0
    BANK3            80      0       0
    BANK4            80      0       0
    BANK5            80      0       0
    BANK6            80      0       0
    BANK7            80      0       0
    BANK8            80      0       0
    BANK9            80      0       0
    BANK10           80      0       0
    BANK11           80      0       0
    BANK12           80      0       0
    BANK13           80      0       0
    BANK14           80      0       0
    BANK15           80      0       0
    BANK16           80      0       0
    BANK17           80      0       0
    BANK18           80      0       0
    BANK19           80      0       0
    BANK20           80      0       0
    BANK21           80      0       0
    BANK22           80      0       0
    BANK23           80      0       0
    BANK24           80      0       0
    BANK25           32      0       0

Pointer List with Targets:

    None.

Critical Paths under _main in COMMON

    _main->___lwmod
    ___lwmod->___lwdiv

Critical Paths under _main in BANK0

    None.

Critical Paths under _main in BANK1

    None.

Critical Paths under _main in BANK2

    None.

Critical Paths under _main in BANK3

    None.

Critical Paths under _main in BANK4

    None.

Critical Paths under _main in BANK5

    None.

Critical Paths under _main in BANK6

    None.

Critical Paths under _main in BANK7

    None.

Critical Paths under _main in BANK8

    None.

Critical Paths under _main in BANK9

    None.

Critical Paths under _main in BANK10

    None.

Critical Paths under _main in BANK11

    None.

Critical Paths under _main in BANK12

    None.

Critical Paths under _main in BANK13

    None.

Critical Paths under _main in BANK14

    None.

Critical Paths under _main in BANK15

    None.

Critical Paths under _main in BANK16

    None.

Critical Paths under _main in BANK17

    None.

Critical Paths under _main in BANK18

    None.

Critical Paths under _main in BANK19

    None.

Critical Paths under _main in BANK20

    None.

Critical Paths under _main in BANK21

    None.

Critical Paths under _main in BANK22

    None.

Critical Paths under _main in BANK23

    None.

Critical Paths under _main in BANK24

    None.

Critical Paths under _main in BANK25

    None.

Call Graph Tables:

 ---------------------------------------------------------------------------------
 (Depth) Function   	        Calls       Base Space   Used Autos Params    Refs
 ---------------------------------------------------------------------------------
 (0) _main                                                 1     1      0     723
                                              0 BANK0      1     1      0
                            ___lwdiv
                            ___lwmod
                           _initMain
                                _seg
 ---------------------------------------------------------------------------------
 (1) _seg                                                  2     0      2      98
                                              0 COMMON     2     0      2
 ---------------------------------------------------------------------------------
 (1) _initMain                                             0     0      0       0
                        _internal_32
 ---------------------------------------------------------------------------------
 (2) _internal_32                                          0     0      0       0
 ---------------------------------------------------------------------------------
 (1) ___lwmod                                              6     2      4     311
                                              8 COMMON     6     2      4
                            ___lwdiv (ARG)
 ---------------------------------------------------------------------------------
 (1) ___lwdiv                                              8     4      4     314
                                              0 COMMON     8     4      4
 ---------------------------------------------------------------------------------
 Estimated maximum stack depth 2
 ---------------------------------------------------------------------------------

 Call Graph Graphs:

 _main (ROOT)
   ___lwdiv
   ___lwmod
     ___lwdiv (ARG)
   _initMain
     _internal_32
   _seg

 Address spaces:
Name               Size   Autos  Total    Cost      Usage
BIGRAM             7F0      0       0       0        0.0%
NULL                 0      0       0       0        0.0%
CODE                 0      0       0       0        0.0%
BITCOMMON            E      0       0       1        0.0%
BITSFR0              0      0       0       1        0.0%
SFR0                 0      0       0       1        0.0%
COMMON               E      E       E       2      100.0%
BITSFR1              0      0       0       2        0.0%
SFR1                 0      0       0       2        0.0%
BITSFR2              0      0       0       3        0.0%
SFR2                 0      0       0       3        0.0%
STACK                0      0       0       3        0.0%
BITBANK0            50      0       0       4        0.0%
BITSFR3              0      0       0       4        0.0%
SFR3                 0      0       0       4        0.0%
BANK0               50      1       7       5        8.8%
BITSFR4              0      0       0       5        0.0%
SFR4                 0      0       0       5        0.0%
BITBANK1            50      0       0       6        0.0%
BITSFR5              0      0       0       6        0.0%
SFR5                 0      0       0       6        0.0%
BANK1               50      0       0       7        0.0%
BITSFR6              0      0       0       7        0.0%
SFR6                 0      0       0       7        0.0%
BITBANK2            50      0       0       8        0.0%
BITSFR7              0      0       0       8        0.0%
SFR7                 0      0       0       8        0.0%
BANK2               50      0       0       9        0.0%
BITSFR8              0      0       0       9        0.0%
SFR8                 0      0       0       9        0.0%
BITBANK3            50      0       0      10        0.0%
BITSFR9              0      0       0      10        0.0%
SFR9                 0      0       0      10        0.0%
BANK3               50      0       0      11        0.0%
BITSFR10             0      0       0      11        0.0%
SFR10                0      0       0      11        0.0%
BITBANK4            50      0       0      12        0.0%
BITSFR11             0      0       0      12        0.0%
SFR11                0      0       0      12        0.0%
BANK4               50      0       0      13        0.0%
BITSFR12             0      0       0      13        0.0%
SFR12                0      0       0      13        0.0%
BITSFR13             0      0       0      14        0.0%
SFR13                0      0       0      14        0.0%
ABS                  0      0      15      14        0.0%
BITBANK5            50      0       0      15        0.0%
BITSFR14             0      0       0      15        0.0%
SFR14                0      0       0      15        0.0%
BANK5               50      0       0      16        0.0%
BITSFR15             0      0       0      16        0.0%
SFR15                0      0       0      16        0.0%
BITBANK6            50      0       0      17        0.0%
BITSFR16             0      0       0      17        0.0%
SFR16                0      0       0      17        0.0%
BANK6               50      0       0      18        0.0%
BITSFR17             0      0       0      18        0.0%
SFR17                0      0       0      18        0.0%
BITBANK7            50      0       0      19        0.0%
BITSFR18             0      0       0      19        0.0%
SFR18                0      0       0      19        0.0%
BANK7               50      0       0      20        0.0%
BITSFR19             0      0       0      20        0.0%
SFR19                0      0       0      20        0.0%
BITBANK8            50      0       0      21        0.0%
BITSFR20             0      0       0      21        0.0%
SFR20                0      0       0      21        0.0%
BANK8               50      0       0      22        0.0%
BITSFR21             0      0       0      22        0.0%
SFR21                0      0       0      22        0.0%
BITBANK9            50      0       0      23        0.0%
BITSFR22             0      0       0      23        0.0%
SFR22                0      0       0      23        0.0%
BANK9               50      0       0      24        0.0%
BITSFR23             0      0       0      24        0.0%
SFR23                0      0       0      24        0.0%
BITBANK10           50      0       0      25        0.0%
BITSFR24             0      0       0      25        0.0%
SFR24                0      0       0      25        0.0%
BANK10              50      0       0      26        0.0%
BITSFR25             0      0       0      26        0.0%
SFR25                0      0       0      26        0.0%
BITBANK11           50      0       0      27        0.0%
BITSFR26             0      0       0      27        0.0%
SFR26                0      0       0      27        0.0%
BITSFR27             0      0       0      28        0.0%
SFR27                0      0       0      28        0.0%
DATA                 0      0      15      28        0.0%
BANK11              50      0       0      29        0.0%
BITSFR28             0      0       0      29        0.0%
SFR28                0      0       0      29        0.0%
BITBANK12           50      0       0      30        0.0%
BITSFR29             0      0       0      30        0.0%
SFR29                0      0       0      30        0.0%
BANK12              50      0       0      31        0.0%
BITSFR30             0      0       0      31        0.0%
SFR30                0      0       0      31        0.0%
BITBANK13           50      0       0      32        0.0%
BITSFR31             0      0       0      32        0.0%
SFR31                0      0       0      32        0.0%
BANK13              50      0       0      33        0.0%
BITBANK14           50      0       0      34        0.0%
BANK14              50      0       0      35        0.0%
BITBANK15           50      0       0      36        0.0%
BANK15              50      0       0      37        0.0%
BITBANK16           50      0       0      38        0.0%
BANK16              50      0       0      39        0.0%
BITBANK17           50      0       0      40        0.0%
BANK17              50      0       0      41        0.0%
BITBANK18           50      0       0      42        0.0%
BANK18              50      0       0      43        0.0%
BITBANK19           50      0       0      44        0.0%
BANK19              50      0       0      45        0.0%
BITBANK20           50      0       0      46        0.0%
BANK20              50      0       0      47        0.0%
BITBANK21           50      0       0      48        0.0%
BANK21              50      0       0      49        0.0%
BITBANK22           50      0       0      50        0.0%
BANK22              50      0       0      51        0.0%
BITBANK23           50      0       0      52        0.0%
BANK23              50      0       0      53        0.0%
BITBANK24           50      0       0      54        0.0%
BANK24              50      0       0      55        0.0%
BITBANK25           20      0       0      56        0.0%
BANK25              20      0       0      57        0.0%


Microchip Technology PIC Macro Assembler V2.46 build 20240104201356 
Symbol Table                                                                                   Fri Dec 26 21:24:23 2025

                      _i 0020                       l17 06E4                       l54 07F5  
                     l67 06DB                      l424 0754                      l434 0718  
                    l800 07D0                      l810 0719                      l820 072D  
                    l812 071B                      l830 074A                      l822 0731  
                    l814 0721                      l806 06D6                      l824 0740  
                    l816 0724                      l832 0750                      l840 06EE  
                    l808 06D9                      l826 0744                      l818 0729  
                    l850 0709                      l842 06F3                      l754 06DC  
                    l770 07AD                      l762 07A3                      l828 0745  
                    l852 070E                      l844 06F7                      l836 06E5  
                    l756 079D                      l860 0758                      l846 06FB  
                    l838 06EB                      l854 0714                      l790 07C6  
                    l782 07BC                      l774 07B2                      l766 07A8  
                    l758 079E                      l870 078F                      l862 075D  
                    l848 0705                      l872 0791                      l864 0766  
                    l794 07CB                      l786 07C1                      l778 07B7  
                    l866 0768                      l858 0755                      l868 0783  
                    l894 07D5                      u210 0750                      u211 074F  
                    u220 06EB                      u205 0746                      u221 06EA  
                    u150 0721                      u151 0720                      u240 06FB  
                    u241 06FA                      u170 0731                      u250 0705  
                    u171 0730                      u251 0704                      u235 06EF  
                    u165 0725                      u190 0740                      u270 0714  
                    u191 073F                      u271 0713                      u255 0701  
                    u280 0766                      u185 0732                      u265 070A  
                    u281 0765                      u195 073C                      u297 0795  
                    _seg 079D                      wreg 0009                     ?_seg 0070  
                   _SCS0 04C8                     _SCS1 04C9                     _main 0755  
                   btemp 007E                     start 0002                    ??_seg 0072  
                  ?_main 0070                    _IRCF0 04CB                    _IRCF1 04CC  
                  _IRCF2 04CD                    _IRCF3 04CE          __end_of___lwdiv 0755  
        __end_of___lwmod 0719                    _PORTC 000E                    _TRISC 008E  
                  _digit 0024                    status 0003                    wtemp0 007E  
           ?_internal_32 0070          __initialization 07F6             __end_of_main 079D  
                 ??_main 0026                   _SPLLEN 04CF                ??___lwdiv 0074  
              ??___lwmod 007C         __end_of_initMain 06DC                   seg@num 0070  
__end_of__initialization 07FD           __pcstackCOMMON 0070               __pbssBANK0 0020  
             __pmaintext 0755               _digitCount 0022                ?_initMain 0070  
                ___lwdiv 0719                  ___lwmod 06E5                  __ptext1 079D  
                __ptext2 06D6                  __ptext3 06DC                  __ptext4 06E5  
                __ptext5 0719     end_of_initialization 07FD               ??_initMain 0070  
    start_initialization 07F6              __end_of_seg 07F6                ___latbits 0003  
          __pcstackBANK0 0026            ??_internal_32 0070         ___lwdiv@dividend 0072  
               ?___lwdiv 0070                 ?___lwmod 0078         ___lwdiv@quotient 0075  
    __end_of_internal_32 06E5          ___lwdiv@divisor 0070          ___lwdiv@counter 0077  
               _initMain 06D6              _internal_32 06DC         ___lwmod@dividend 007A  
        ___lwmod@divisor 0078          ___lwmod@counter 007D  
