

Microchip Technology PIC LITE Macro Assembler V1.41 build -162212810 
                                                                                               Tue Apr 18 11:13:06 2017

Microchip Technology Omniscient Code Generator v1.41 (Free mode) build 201701250102
     1                           	processor	16F1717
     2                           	opt	pw 120
     3                           	opt	lm
     4                           	psect	cinit,global,class=CODE,merge=1,delta=2
     5                           	psect	cstackCOMMON,global,class=COMMON,space=1,delta=1
     6                           	psect	maintext,global,class=CODE,merge=1,split=1,delta=2
     7                           	psect	text1,local,class=CODE,merge=1,delta=2
     8                           	psect	text2,local,class=CODE,merge=1,delta=2
     9                           	psect	text3,local,class=CODE,merge=1,delta=2
    10                           	psect	text4,local,class=CODE,merge=1,delta=2
    11                           	psect	text5,local,class=CODE,merge=1,delta=2
    12                           	dabs	1,0x7E,2
    13  0000                     
    14                           ; Version 1.41
    15                           ; Generated 25/01/2017 GMT
    16                           ; 
    17                           ; Copyright © 2017, Microchip Technology Inc. and its subsidiaries ("Microchip")
    18                           ; All rights reserved.
    19                           ; 
    20                           ; This software is developed by Microchip Technology Inc. and its subsidiaries ("Microch
      +                          ip").
    21                           ; 
    22                           ; Redistribution and use in source and binary forms, with or without modification, are
    23                           ; permitted provided that the following conditions are met:
    24                           ; 
    25                           ;     1. Redistributions of source code must retain the above copyright notice, this lis
      +                          t of
    26                           ;        conditions and the following disclaimer.
    27                           ; 
    28                           ;     2. Redistributions in binary form must reproduce the above copyright notice, this 
      +                          list
    29                           ;        of conditions and the following disclaimer in the documentation and/or other
    30                           ;        materials provided with the distribution.
    31                           ; 
    32                           ;     3. Microchip's name may not be used to endorse or promote products derived from th
      +                          is
    33                           ;        software without specific prior written permission.
    34                           ; 
    35                           ; THIS SOFTWARE IS PROVIDED BY MICROCHIP "AS IS" AND ANY EXPRESS OR IMPLIED WARRANTIES,
    36                           ; INCLUDING, BUT NOT LIMITED TO, THE IMPLIED WARRANTIES OF MERCHANTABILITY AND FITNESS F
      +                          OR
    37                           ; PURPOSE ARE DISCLAIMED.  IN NO EVENT SHALL MICROCHIP BE LIABLE FOR ANY DIRECT, INDIREC
      +                          T,
    38                           ; INCIDENTAL, SPECIAL, EXEMPLARY, OR CONSEQUENTIAL DAMAGES (INCLUDING BUT NOT LIMITED TO
    39                           ; PROCUREMENT OF SUBSTITUTE GOODS OR SERVICES; LOSS OF USE, DATA OR PROFITS; OR BUSINESS
    40                           ; INTERRUPTION) HOWSOEVER CAUSED AND ON ANY THEORY OF LIABILITY, WHETHER IN CONTRACT, ST
      +                          RICT
    41                           ; LIABILITY, OR TORT (INCLUDING NEGLIGENCE OR OTHERWISE) ARISING IN ANY WAY OUT OF THE U
      +                          SE OF
    42                           ; THIS SOFTWARE, EVEN IF ADVISED OF THE POSSIBILITY OF SUCH DAMAGE.
    43                           ; 
    44                           ; 
    45                           ; Code-generator required, PIC16F1717 Definitions
    46                           ; 
    47                           ; SFR Addresses
    48  0000                     	;# 
    49  0001                     	;# 
    50  0002                     	;# 
    51  0003                     	;# 
    52  0004                     	;# 
    53  0005                     	;# 
    54  0006                     	;# 
    55  0007                     	;# 
    56  0008                     	;# 
    57  0009                     	;# 
    58  000A                     	;# 
    59  000B                     	;# 
    60  000C                     	;# 
    61  000D                     	;# 
    62  000E                     	;# 
    63  000F                     	;# 
    64  0010                     	;# 
    65  0011                     	;# 
    66  0012                     	;# 
    67  0013                     	;# 
    68  0015                     	;# 
    69  0016                     	;# 
    70  0016                     	;# 
    71  0017                     	;# 
    72  0018                     	;# 
    73  0019                     	;# 
    74  001A                     	;# 
    75  001B                     	;# 
    76  001C                     	;# 
    77  008C                     	;# 
    78  008D                     	;# 
    79  008E                     	;# 
    80  008F                     	;# 
    81  0090                     	;# 
    82  0091                     	;# 
    83  0092                     	;# 
    84  0093                     	;# 
    85  0095                     	;# 
    86  0096                     	;# 
    87  0097                     	;# 
    88  0098                     	;# 
    89  0099                     	;# 
    90  009A                     	;# 
    91  009B                     	;# 
    92  009B                     	;# 
    93  009C                     	;# 
    94  009D                     	;# 
    95  009E                     	;# 
    96  009F                     	;# 
    97  010C                     	;# 
    98  010D                     	;# 
    99  010E                     	;# 
   100  010F                     	;# 
   101  0110                     	;# 
   102  0111                     	;# 
   103  0112                     	;# 
   104  0113                     	;# 
   105  0114                     	;# 
   106  0115                     	;# 
   107  0116                     	;# 
   108  0117                     	;# 
   109  0118                     	;# 
   110  0119                     	;# 
   111  011A                     	;# 
   112  011B                     	;# 
   113  011B                     	;# 
   114  011C                     	;# 
   115  018C                     	;# 
   116  018D                     	;# 
   117  018E                     	;# 
   118  018F                     	;# 
   119  0190                     	;# 
   120  0191                     	;# 
   121  0191                     	;# 
   122  0192                     	;# 
   123  0193                     	;# 
   124  0193                     	;# 
   125  0194                     	;# 
   126  0195                     	;# 
   127  0196                     	;# 
   128  0197                     	;# 
   129  0199                     	;# 
   130  0199                     	;# 
   131  0199                     	;# 
   132  019A                     	;# 
   133  019A                     	;# 
   134  019A                     	;# 
   135  019B                     	;# 
   136  019B                     	;# 
   137  019B                     	;# 
   138  019B                     	;# 
   139  019B                     	;# 
   140  019C                     	;# 
   141  019C                     	;# 
   142  019C                     	;# 
   143  019D                     	;# 
   144  019D                     	;# 
   145  019D                     	;# 
   146  019E                     	;# 
   147  019E                     	;# 
   148  019E                     	;# 
   149  019F                     	;# 
   150  019F                     	;# 
   151  019F                     	;# 
   152  019F                     	;# 
   153  019F                     	;# 
   154  020C                     	;# 
   155  020D                     	;# 
   156  020E                     	;# 
   157  020F                     	;# 
   158  0210                     	;# 
   159  0211                     	;# 
   160  0211                     	;# 
   161  0212                     	;# 
   162  0212                     	;# 
   163  0213                     	;# 
   164  0213                     	;# 
   165  0214                     	;# 
   166  0214                     	;# 
   167  0215                     	;# 
   168  0215                     	;# 
   169  0215                     	;# 
   170  0215                     	;# 
   171  0216                     	;# 
   172  0216                     	;# 
   173  0217                     	;# 
   174  0217                     	;# 
   175  028C                     	;# 
   176  028D                     	;# 
   177  028E                     	;# 
   178  028F                     	;# 
   179  0290                     	;# 
   180  0291                     	;# 
   181  0291                     	;# 
   182  0292                     	;# 
   183  0293                     	;# 
   184  0293                     	;# 
   185  0298                     	;# 
   186  0298                     	;# 
   187  0299                     	;# 
   188  029A                     	;# 
   189  029A                     	;# 
   190  029E                     	;# 
   191  030C                     	;# 
   192  030D                     	;# 
   193  030E                     	;# 
   194  030F                     	;# 
   195  0310                     	;# 
   196  038C                     	;# 
   197  038D                     	;# 
   198  038E                     	;# 
   199  038F                     	;# 
   200  0390                     	;# 
   201  0391                     	;# 
   202  0392                     	;# 
   203  0393                     	;# 
   204  0394                     	;# 
   205  0395                     	;# 
   206  0396                     	;# 
   207  0397                     	;# 
   208  0398                     	;# 
   209  0399                     	;# 
   210  039D                     	;# 
   211  039E                     	;# 
   212  039F                     	;# 
   213  0415                     	;# 
   214  0416                     	;# 
   215  0417                     	;# 
   216  041C                     	;# 
   217  041D                     	;# 
   218  041E                     	;# 
   219  0498                     	;# 
   220  0498                     	;# 
   221  0499                     	;# 
   222  049A                     	;# 
   223  049B                     	;# 
   224  049B                     	;# 
   225  049C                     	;# 
   226  049D                     	;# 
   227  049E                     	;# 
   228  049F                     	;# 
   229  0511                     	;# 
   230  0515                     	;# 
   231  0617                     	;# 
   232  0618                     	;# 
   233  0619                     	;# 
   234  0619                     	;# 
   235  061A                     	;# 
   236  061B                     	;# 
   237  061C                     	;# 
   238  061C                     	;# 
   239  0691                     	;# 
   240  0692                     	;# 
   241  0693                     	;# 
   242  0694                     	;# 
   243  0695                     	;# 
   244  0696                     	;# 
   245  0697                     	;# 
   246  0698                     	;# 
   247  0699                     	;# 
   248  069A                     	;# 
   249  069B                     	;# 
   250  069C                     	;# 
   251  069D                     	;# 
   252  069E                     	;# 
   253  069F                     	;# 
   254  0E0F                     	;# 
   255  0E10                     	;# 
   256  0E11                     	;# 
   257  0E12                     	;# 
   258  0E13                     	;# 
   259  0E14                     	;# 
   260  0E15                     	;# 
   261  0E17                     	;# 
   262  0E20                     	;# 
   263  0E21                     	;# 
   264  0E22                     	;# 
   265  0E24                     	;# 
   266  0E25                     	;# 
   267  0E28                     	;# 
   268  0E29                     	;# 
   269  0E2A                     	;# 
   270  0E2B                     	;# 
   271  0E90                     	;# 
   272  0E91                     	;# 
   273  0E92                     	;# 
   274  0E93                     	;# 
   275  0E94                     	;# 
   276  0E95                     	;# 
   277  0E96                     	;# 
   278  0E97                     	;# 
   279  0E98                     	;# 
   280  0E99                     	;# 
   281  0E9A                     	;# 
   282  0E9B                     	;# 
   283  0E9C                     	;# 
   284  0E9D                     	;# 
   285  0E9E                     	;# 
   286  0E9F                     	;# 
   287  0EA0                     	;# 
   288  0EA1                     	;# 
   289  0EA2                     	;# 
   290  0EA3                     	;# 
   291  0EA4                     	;# 
   292  0EA5                     	;# 
   293  0EA6                     	;# 
   294  0EA7                     	;# 
   295  0EA8                     	;# 
   296  0EA9                     	;# 
   297  0EAA                     	;# 
   298  0EAB                     	;# 
   299  0EAC                     	;# 
   300  0EAD                     	;# 
   301  0EAE                     	;# 
   302  0EAF                     	;# 
   303  0EB0                     	;# 
   304  0EB1                     	;# 
   305  0EB2                     	;# 
   306  0F0F                     	;# 
   307  0F10                     	;# 
   308  0F11                     	;# 
   309  0F12                     	;# 
   310  0F13                     	;# 
   311  0F14                     	;# 
   312  0F15                     	;# 
   313  0F16                     	;# 
   314  0F17                     	;# 
   315  0F18                     	;# 
   316  0F19                     	;# 
   317  0F1A                     	;# 
   318  0F1B                     	;# 
   319  0F1C                     	;# 
   320  0F1D                     	;# 
   321  0F1E                     	;# 
   322  0F1F                     	;# 
   323  0F20                     	;# 
   324  0F21                     	;# 
   325  0F22                     	;# 
   326  0F23                     	;# 
   327  0F24                     	;# 
   328  0F25                     	;# 
   329  0F26                     	;# 
   330  0F27                     	;# 
   331  0F28                     	;# 
   332  0F29                     	;# 
   333  0F2A                     	;# 
   334  0F2B                     	;# 
   335  0F2C                     	;# 
   336  0F2D                     	;# 
   337  0F2E                     	;# 
   338  0F2F                     	;# 
   339  0F30                     	;# 
   340  0F31                     	;# 
   341  0F32                     	;# 
   342  0F33                     	;# 
   343  0F34                     	;# 
   344  0F35                     	;# 
   345  0F36                     	;# 
   346  0F37                     	;# 
   347  0FE4                     	;# 
   348  0FE5                     	;# 
   349  0FE6                     	;# 
   350  0FE7                     	;# 
   351  0FE8                     	;# 
   352  0FE9                     	;# 
   353  0FEA                     	;# 
   354  0FEB                     	;# 
   355  0FED                     	;# 
   356  0FEE                     	;# 
   357  0FEF                     	;# 
   358  0000                     	;# 
   359  0001                     	;# 
   360  0002                     	;# 
   361  0003                     	;# 
   362  0004                     	;# 
   363  0005                     	;# 
   364  0006                     	;# 
   365  0007                     	;# 
   366  0008                     	;# 
   367  0009                     	;# 
   368  000A                     	;# 
   369  000B                     	;# 
   370  000C                     	;# 
   371  000D                     	;# 
   372  000E                     	;# 
   373  000F                     	;# 
   374  0010                     	;# 
   375  0011                     	;# 
   376  0012                     	;# 
   377  0013                     	;# 
   378  0015                     	;# 
   379  0016                     	;# 
   380  0016                     	;# 
   381  0017                     	;# 
   382  0018                     	;# 
   383  0019                     	;# 
   384  001A                     	;# 
   385  001B                     	;# 
   386  001C                     	;# 
   387  008C                     	;# 
   388  008D                     	;# 
   389  008E                     	;# 
   390  008F                     	;# 
   391  0090                     	;# 
   392  0091                     	;# 
   393  0092                     	;# 
   394  0093                     	;# 
   395  0095                     	;# 
   396  0096                     	;# 
   397  0097                     	;# 
   398  0098                     	;# 
   399  0099                     	;# 
   400  009A                     	;# 
   401  009B                     	;# 
   402  009B                     	;# 
   403  009C                     	;# 
   404  009D                     	;# 
   405  009E                     	;# 
   406  009F                     	;# 
   407  010C                     	;# 
   408  010D                     	;# 
   409  010E                     	;# 
   410  010F                     	;# 
   411  0110                     	;# 
   412  0111                     	;# 
   413  0112                     	;# 
   414  0113                     	;# 
   415  0114                     	;# 
   416  0115                     	;# 
   417  0116                     	;# 
   418  0117                     	;# 
   419  0118                     	;# 
   420  0119                     	;# 
   421  011A                     	;# 
   422  011B                     	;# 
   423  011B                     	;# 
   424  011C                     	;# 
   425  018C                     	;# 
   426  018D                     	;# 
   427  018E                     	;# 
   428  018F                     	;# 
   429  0190                     	;# 
   430  0191                     	;# 
   431  0191                     	;# 
   432  0192                     	;# 
   433  0193                     	;# 
   434  0193                     	;# 
   435  0194                     	;# 
   436  0195                     	;# 
   437  0196                     	;# 
   438  0197                     	;# 
   439  0199                     	;# 
   440  0199                     	;# 
   441  0199                     	;# 
   442  019A                     	;# 
   443  019A                     	;# 
   444  019A                     	;# 
   445  019B                     	;# 
   446  019B                     	;# 
   447  019B                     	;# 
   448  019B                     	;# 
   449  019B                     	;# 
   450  019C                     	;# 
   451  019C                     	;# 
   452  019C                     	;# 
   453  019D                     	;# 
   454  019D                     	;# 
   455  019D                     	;# 
   456  019E                     	;# 
   457  019E                     	;# 
   458  019E                     	;# 
   459  019F                     	;# 
   460  019F                     	;# 
   461  019F                     	;# 
   462  019F                     	;# 
   463  019F                     	;# 
   464  020C                     	;# 
   465  020D                     	;# 
   466  020E                     	;# 
   467  020F                     	;# 
   468  0210                     	;# 
   469  0211                     	;# 
   470  0211                     	;# 
   471  0212                     	;# 
   472  0212                     	;# 
   473  0213                     	;# 
   474  0213                     	;# 
   475  0214                     	;# 
   476  0214                     	;# 
   477  0215                     	;# 
   478  0215                     	;# 
   479  0215                     	;# 
   480  0215                     	;# 
   481  0216                     	;# 
   482  0216                     	;# 
   483  0217                     	;# 
   484  0217                     	;# 
   485  028C                     	;# 
   486  028D                     	;# 
   487  028E                     	;# 
   488  028F                     	;# 
   489  0290                     	;# 
   490  0291                     	;# 
   491  0291                     	;# 
   492  0292                     	;# 
   493  0293                     	;# 
   494  0293                     	;# 
   495  0298                     	;# 
   496  0298                     	;# 
   497  0299                     	;# 
   498  029A                     	;# 
   499  029A                     	;# 
   500  029E                     	;# 
   501  030C                     	;# 
   502  030D                     	;# 
   503  030E                     	;# 
   504  030F                     	;# 
   505  0310                     	;# 
   506  038C                     	;# 
   507  038D                     	;# 
   508  038E                     	;# 
   509  038F                     	;# 
   510  0390                     	;# 
   511  0391                     	;# 
   512  0392                     	;# 
   513  0393                     	;# 
   514  0394                     	;# 
   515  0395                     	;# 
   516  0396                     	;# 
   517  0397                     	;# 
   518  0398                     	;# 
   519  0399                     	;# 
   520  039D                     	;# 
   521  039E                     	;# 
   522  039F                     	;# 
   523  0415                     	;# 
   524  0416                     	;# 
   525  0417                     	;# 
   526  041C                     	;# 
   527  041D                     	;# 
   528  041E                     	;# 
   529  0498                     	;# 
   530  0498                     	;# 
   531  0499                     	;# 
   532  049A                     	;# 
   533  049B                     	;# 
   534  049B                     	;# 
   535  049C                     	;# 
   536  049D                     	;# 
   537  049E                     	;# 
   538  049F                     	;# 
   539  0511                     	;# 
   540  0515                     	;# 
   541  0617                     	;# 
   542  0618                     	;# 
   543  0619                     	;# 
   544  0619                     	;# 
   545  061A                     	;# 
   546  061B                     	;# 
   547  061C                     	;# 
   548  061C                     	;# 
   549  0691                     	;# 
   550  0692                     	;# 
   551  0693                     	;# 
   552  0694                     	;# 
   553  0695                     	;# 
   554  0696                     	;# 
   555  0697                     	;# 
   556  0698                     	;# 
   557  0699                     	;# 
   558  069A                     	;# 
   559  069B                     	;# 
   560  069C                     	;# 
   561  069D                     	;# 
   562  069E                     	;# 
   563  069F                     	;# 
   564  0E0F                     	;# 
   565  0E10                     	;# 
   566  0E11                     	;# 
   567  0E12                     	;# 
   568  0E13                     	;# 
   569  0E14                     	;# 
   570  0E15                     	;# 
   571  0E17                     	;# 
   572  0E20                     	;# 
   573  0E21                     	;# 
   574  0E22                     	;# 
   575  0E24                     	;# 
   576  0E25                     	;# 
   577  0E28                     	;# 
   578  0E29                     	;# 
   579  0E2A                     	;# 
   580  0E2B                     	;# 
   581  0E90                     	;# 
   582  0E91                     	;# 
   583  0E92                     	;# 
   584  0E93                     	;# 
   585  0E94                     	;# 
   586  0E95                     	;# 
   587  0E96                     	;# 
   588  0E97                     	;# 
   589  0E98                     	;# 
   590  0E99                     	;# 
   591  0E9A                     	;# 
   592  0E9B                     	;# 
   593  0E9C                     	;# 
   594  0E9D                     	;# 
   595  0E9E                     	;# 
   596  0E9F                     	;# 
   597  0EA0                     	;# 
   598  0EA1                     	;# 
   599  0EA2                     	;# 
   600  0EA3                     	;# 
   601  0EA4                     	;# 
   602  0EA5                     	;# 
   603  0EA6                     	;# 
   604  0EA7                     	;# 
   605  0EA8                     	;# 
   606  0EA9                     	;# 
   607  0EAA                     	;# 
   608  0EAB                     	;# 
   609  0EAC                     	;# 
   610  0EAD                     	;# 
   611  0EAE                     	;# 
   612  0EAF                     	;# 
   613  0EB0                     	;# 
   614  0EB1                     	;# 
   615  0EB2                     	;# 
   616  0F0F                     	;# 
   617  0F10                     	;# 
   618  0F11                     	;# 
   619  0F12                     	;# 
   620  0F13                     	;# 
   621  0F14                     	;# 
   622  0F15                     	;# 
   623  0F16                     	;# 
   624  0F17                     	;# 
   625  0F18                     	;# 
   626  0F19                     	;# 
   627  0F1A                     	;# 
   628  0F1B                     	;# 
   629  0F1C                     	;# 
   630  0F1D                     	;# 
   631  0F1E                     	;# 
   632  0F1F                     	;# 
   633  0F20                     	;# 
   634  0F21                     	;# 
   635  0F22                     	;# 
   636  0F23                     	;# 
   637  0F24                     	;# 
   638  0F25                     	;# 
   639  0F26                     	;# 
   640  0F27                     	;# 
   641  0F28                     	;# 
   642  0F29                     	;# 
   643  0F2A                     	;# 
   644  0F2B                     	;# 
   645  0F2C                     	;# 
   646  0F2D                     	;# 
   647  0F2E                     	;# 
   648  0F2F                     	;# 
   649  0F30                     	;# 
   650  0F31                     	;# 
   651  0F32                     	;# 
   652  0F33                     	;# 
   653  0F34                     	;# 
   654  0F35                     	;# 
   655  0F36                     	;# 
   656  0F37                     	;# 
   657  0FE4                     	;# 
   658  0FE5                     	;# 
   659  0FE6                     	;# 
   660  0FE7                     	;# 
   661  0FE8                     	;# 
   662  0FE9                     	;# 
   663  0FEA                     	;# 
   664  0FEB                     	;# 
   665  0FED                     	;# 
   666  0FEE                     	;# 
   667  0FEF                     	;# 
   668  0000                     	;# 
   669  0001                     	;# 
   670  0002                     	;# 
   671  0003                     	;# 
   672  0004                     	;# 
   673  0005                     	;# 
   674  0006                     	;# 
   675  0007                     	;# 
   676  0008                     	;# 
   677  0009                     	;# 
   678  000A                     	;# 
   679  000B                     	;# 
   680  000C                     	;# 
   681  000D                     	;# 
   682  000E                     	;# 
   683  000F                     	;# 
   684  0010                     	;# 
   685  0011                     	;# 
   686  0012                     	;# 
   687  0013                     	;# 
   688  0015                     	;# 
   689  0016                     	;# 
   690  0016                     	;# 
   691  0017                     	;# 
   692  0018                     	;# 
   693  0019                     	;# 
   694  001A                     	;# 
   695  001B                     	;# 
   696  001C                     	;# 
   697  008C                     	;# 
   698  008D                     	;# 
   699  008E                     	;# 
   700  008F                     	;# 
   701  0090                     	;# 
   702  0091                     	;# 
   703  0092                     	;# 
   704  0093                     	;# 
   705  0095                     	;# 
   706  0096                     	;# 
   707  0097                     	;# 
   708  0098                     	;# 
   709  0099                     	;# 
   710  009A                     	;# 
   711  009B                     	;# 
   712  009B                     	;# 
   713  009C                     	;# 
   714  009D                     	;# 
   715  009E                     	;# 
   716  009F                     	;# 
   717  010C                     	;# 
   718  010D                     	;# 
   719  010E                     	;# 
   720  010F                     	;# 
   721  0110                     	;# 
   722  0111                     	;# 
   723  0112                     	;# 
   724  0113                     	;# 
   725  0114                     	;# 
   726  0115                     	;# 
   727  0116                     	;# 
   728  0117                     	;# 
   729  0118                     	;# 
   730  0119                     	;# 
   731  011A                     	;# 
   732  011B                     	;# 
   733  011B                     	;# 
   734  011C                     	;# 
   735  018C                     	;# 
   736  018D                     	;# 
   737  018E                     	;# 
   738  018F                     	;# 
   739  0190                     	;# 
   740  0191                     	;# 
   741  0191                     	;# 
   742  0192                     	;# 
   743  0193                     	;# 
   744  0193                     	;# 
   745  0194                     	;# 
   746  0195                     	;# 
   747  0196                     	;# 
   748  0197                     	;# 
   749  0199                     	;# 
   750  0199                     	;# 
   751  0199                     	;# 
   752  019A                     	;# 
   753  019A                     	;# 
   754  019A                     	;# 
   755  019B                     	;# 
   756  019B                     	;# 
   757  019B                     	;# 
   758  019B                     	;# 
   759  019B                     	;# 
   760  019C                     	;# 
   761  019C                     	;# 
   762  019C                     	;# 
   763  019D                     	;# 
   764  019D                     	;# 
   765  019D                     	;# 
   766  019E                     	;# 
   767  019E                     	;# 
   768  019E                     	;# 
   769  019F                     	;# 
   770  019F                     	;# 
   771  019F                     	;# 
   772  019F                     	;# 
   773  019F                     	;# 
   774  020C                     	;# 
   775  020D                     	;# 
   776  020E                     	;# 
   777  020F                     	;# 
   778  0210                     	;# 
   779  0211                     	;# 
   780  0211                     	;# 
   781  0212                     	;# 
   782  0212                     	;# 
   783  0213                     	;# 
   784  0213                     	;# 
   785  0214                     	;# 
   786  0214                     	;# 
   787  0215                     	;# 
   788  0215                     	;# 
   789  0215                     	;# 
   790  0215                     	;# 
   791  0216                     	;# 
   792  0216                     	;# 
   793  0217                     	;# 
   794  0217                     	;# 
   795  028C                     	;# 
   796  028D                     	;# 
   797  028E                     	;# 
   798  028F                     	;# 
   799  0290                     	;# 
   800  0291                     	;# 
   801  0291                     	;# 
   802  0292                     	;# 
   803  0293                     	;# 
   804  0293                     	;# 
   805  0298                     	;# 
   806  0298                     	;# 
   807  0299                     	;# 
   808  029A                     	;# 
   809  029A                     	;# 
   810  029E                     	;# 
   811  030C                     	;# 
   812  030D                     	;# 
   813  030E                     	;# 
   814  030F                     	;# 
   815  0310                     	;# 
   816  038C                     	;# 
   817  038D                     	;# 
   818  038E                     	;# 
   819  038F                     	;# 
   820  0390                     	;# 
   821  0391                     	;# 
   822  0392                     	;# 
   823  0393                     	;# 
   824  0394                     	;# 
   825  0395                     	;# 
   826  0396                     	;# 
   827  0397                     	;# 
   828  0398                     	;# 
   829  0399                     	;# 
   830  039D                     	;# 
   831  039E                     	;# 
   832  039F                     	;# 
   833  0415                     	;# 
   834  0416                     	;# 
   835  0417                     	;# 
   836  041C                     	;# 
   837  041D                     	;# 
   838  041E                     	;# 
   839  0498                     	;# 
   840  0498                     	;# 
   841  0499                     	;# 
   842  049A                     	;# 
   843  049B                     	;# 
   844  049B                     	;# 
   845  049C                     	;# 
   846  049D                     	;# 
   847  049E                     	;# 
   848  049F                     	;# 
   849  0511                     	;# 
   850  0515                     	;# 
   851  0617                     	;# 
   852  0618                     	;# 
   853  0619                     	;# 
   854  0619                     	;# 
   855  061A                     	;# 
   856  061B                     	;# 
   857  061C                     	;# 
   858  061C                     	;# 
   859  0691                     	;# 
   860  0692                     	;# 
   861  0693                     	;# 
   862  0694                     	;# 
   863  0695                     	;# 
   864  0696                     	;# 
   865  0697                     	;# 
   866  0698                     	;# 
   867  0699                     	;# 
   868  069A                     	;# 
   869  069B                     	;# 
   870  069C                     	;# 
   871  069D                     	;# 
   872  069E                     	;# 
   873  069F                     	;# 
   874  0E0F                     	;# 
   875  0E10                     	;# 
   876  0E11                     	;# 
   877  0E12                     	;# 
   878  0E13                     	;# 
   879  0E14                     	;# 
   880  0E15                     	;# 
   881  0E17                     	;# 
   882  0E20                     	;# 
   883  0E21                     	;# 
   884  0E22                     	;# 
   885  0E24                     	;# 
   886  0E25                     	;# 
   887  0E28                     	;# 
   888  0E29                     	;# 
   889  0E2A                     	;# 
   890  0E2B                     	;# 
   891  0E90                     	;# 
   892  0E91                     	;# 
   893  0E92                     	;# 
   894  0E93                     	;# 
   895  0E94                     	;# 
   896  0E95                     	;# 
   897  0E96                     	;# 
   898  0E97                     	;# 
   899  0E98                     	;# 
   900  0E99                     	;# 
   901  0E9A                     	;# 
   902  0E9B                     	;# 
   903  0E9C                     	;# 
   904  0E9D                     	;# 
   905  0E9E                     	;# 
   906  0E9F                     	;# 
   907  0EA0                     	;# 
   908  0EA1                     	;# 
   909  0EA2                     	;# 
   910  0EA3                     	;# 
   911  0EA4                     	;# 
   912  0EA5                     	;# 
   913  0EA6                     	;# 
   914  0EA7                     	;# 
   915  0EA8                     	;# 
   916  0EA9                     	;# 
   917  0EAA                     	;# 
   918  0EAB                     	;# 
   919  0EAC                     	;# 
   920  0EAD                     	;# 
   921  0EAE                     	;# 
   922  0EAF                     	;# 
   923  0EB0                     	;# 
   924  0EB1                     	;# 
   925  0EB2                     	;# 
   926  0F0F                     	;# 
   927  0F10                     	;# 
   928  0F11                     	;# 
   929  0F12                     	;# 
   930  0F13                     	;# 
   931  0F14                     	;# 
   932  0F15                     	;# 
   933  0F16                     	;# 
   934  0F17                     	;# 
   935  0F18                     	;# 
   936  0F19                     	;# 
   937  0F1A                     	;# 
   938  0F1B                     	;# 
   939  0F1C                     	;# 
   940  0F1D                     	;# 
   941  0F1E                     	;# 
   942  0F1F                     	;# 
   943  0F20                     	;# 
   944  0F21                     	;# 
   945  0F22                     	;# 
   946  0F23                     	;# 
   947  0F24                     	;# 
   948  0F25                     	;# 
   949  0F26                     	;# 
   950  0F27                     	;# 
   951  0F28                     	;# 
   952  0F29                     	;# 
   953  0F2A                     	;# 
   954  0F2B                     	;# 
   955  0F2C                     	;# 
   956  0F2D                     	;# 
   957  0F2E                     	;# 
   958  0F2F                     	;# 
   959  0F30                     	;# 
   960  0F31                     	;# 
   961  0F32                     	;# 
   962  0F33                     	;# 
   963  0F34                     	;# 
   964  0F35                     	;# 
   965  0F36                     	;# 
   966  0F37                     	;# 
   967  0FE4                     	;# 
   968  0FE5                     	;# 
   969  0FE6                     	;# 
   970  0FE7                     	;# 
   971  0FE8                     	;# 
   972  0FE9                     	;# 
   973  0FEA                     	;# 
   974  0FEB                     	;# 
   975  0FED                     	;# 
   976  0FEE                     	;# 
   977  0FEF                     	;# 
   978  0078                     _RD0	set	120
   979  008F                     _TRISDbits	set	143
   980  04CF                     _SPLLEN	set	1231
   981  04CE                     _IRCF3	set	1230
   982  04CD                     _IRCF2	set	1229
   983  04CC                     _IRCF1	set	1228
   984  04CB                     _IRCF0	set	1227
   985  04C9                     _SCS1	set	1225
   986  04C8                     _SCS0	set	1224
   987  018F                     _ANSELD	set	399
   988                           
   989                           ; #config settings
   990  0000                     
   991                           	psect	cinit
   992  07FD                     start_initialization:	
   993  07FD                     __initialization:	
   994  07FD                     end_of_initialization:	
   995                           ;End of C runtime variable initialization code
   996                           
   997  07FD                     __end_of__initialization:	
   998  07FD  0020               	movlb	0
   999  07FE  3187  2F8C         	ljmp	_main	;jump to C main() function
  1000                           
  1001                           	psect	cstackCOMMON
  1002  0070                     __pcstackCOMMON:	
  1003  0070                     ?_servoRotate0:	
  1004  0070                     ??_servoRotate0:	
  1005                           ; 1 bytes @ 0x0
  1006                           
  1007  0070                     ?_servoRotate90:	
  1008                           ; 1 bytes @ 0x0
  1009                           
  1010  0070                     ??_servoRotate90:	
  1011                           ; 1 bytes @ 0x0
  1012                           
  1013  0070                     ?_servoRotate180:	
  1014                           ; 1 bytes @ 0x0
  1015                           
  1016  0070                     ??_servoRotate180:	
  1017                           ; 1 bytes @ 0x0
  1018                           
  1019  0070                     ?_internal_16:	
  1020                           ; 1 bytes @ 0x0
  1021                           
  1022  0070                     ??_internal_16:	
  1023                           ; 1 bytes @ 0x0
  1024                           
  1025  0070                     ?_initMain:	
  1026                           ; 1 bytes @ 0x0
  1027                           
  1028  0070                     ??_initMain:	
  1029                           ; 1 bytes @ 0x0
  1030                           
  1031  0070                     ?_main:	
  1032                           ; 1 bytes @ 0x0
  1033                           
  1034                           
  1035                           ; 1 bytes @ 0x0
  1036  0070                     	ds	1
  1037  0071                     servoRotate0@i:	
  1038  0071                     servoRotate90@i:	
  1039                           ; 2 bytes @ 0x1
  1040                           
  1041  0071                     servoRotate180@i:	
  1042                           ; 2 bytes @ 0x1
  1043                           
  1044                           
  1045                           ; 2 bytes @ 0x1
  1046  0071                     	ds	2
  1047  0073                     ??_main:	
  1048                           
  1049                           	psect	maintext
  1050  078C                     __pmaintext:	
  1051                           ; 1 bytes @ 0x3
  1052 ;;
  1053 ;;Main: autosize = 0, tempsize = 0, incstack = 0, save=0
  1054 ;;
  1055 ;; *************** function _main *****************
  1056 ;; Defined at:
  1057 ;;		line 62 in file "Main.c"
  1058 ;; Parameters:    Size  Location     Type
  1059 ;;		None
  1060 ;; Auto vars:     Size  Location     Type
  1061 ;;		None
  1062 ;; Return value:  Size  Location     Type
  1063 ;;                  1    wreg      void 
  1064 ;; Registers used:
  1065 ;;		wreg, status,2, status,0, pclath, cstack
  1066 ;; Tracked objects:
  1067 ;;		On entry : B1F/0
  1068 ;;		On exit  : 0/0
  1069 ;;		Unchanged: 0/0
  1070 ;; Data sizes:     COMMON   BANK0   BANK1   BANK2   BANK3   BANK4   BANK5   BANK6   BANK7   BANK8   BANK9  BANK10  BANK1
      +1  BANK12
  1071 ;;      Params:         0       0       0       0       0       0       0       0       0       0       0       0       
      +0       0
  1072 ;;      Locals:         0       0       0       0       0       0       0       0       0       0       0       0       
      +0       0
  1073 ;;      Temps:          0       0       0       0       0       0       0       0       0       0       0       0       
      +0       0
  1074 ;;      Totals:         0       0       0       0       0       0       0       0       0       0       0       0       
      +0       0
  1075 ;;Total ram usage:        0 bytes
  1076 ;; Hardware stack levels required when called:    2
  1077 ;; This function calls:
  1078 ;;		_initMain
  1079 ;;		_servoRotate0
  1080 ;;		_servoRotate180
  1081 ;;		_servoRotate90
  1082 ;; This function is called by:
  1083 ;;		Startup code after reset
  1084 ;; This function uses a non-reentrant model
  1085 ;;
  1086                           
  1087                           
  1088                           ;psect for function _main
  1089  078C                     _main:	
  1090                           
  1091                           ;Main.c: 63: initMain();
  1092                           
  1093                           ;incstack = 0
  1094                           ; Regs used in _main: [wreg+status,2+status,0+pclath+cstack]
  1095  078C  3187  277C  3187   	fcall	_initMain
  1096                           
  1097                           ;Main.c: 68: servoRotate0();
  1098                           
  1099                           ;Main.c: 66: while(1){
  1100                           
  1101                           ;Main.c: 72: return;
  1102  078F  3187  2799  3187   	fcall	_servoRotate0
  1103                           
  1104                           ;Main.c: 69: servoRotate90();
  1105  0792  3187  27BA  3187   	fcall	_servoRotate90
  1106                           
  1107                           ;Main.c: 70: servoRotate180();
  1108  0795  3187  27DB         	fcall	_servoRotate180
  1109  0797  3180  2802         	ljmp	start
  1110  0799                     __end_of_main:	
  1111                           
  1112                           	psect	text1
  1113  07BA                     __ptext1:	
  1114 ;; *************** function _servoRotate90 *****************
  1115 ;; Defined at:
  1116 ;;		line 47 in file "Servo.c"
  1117 ;; Parameters:    Size  Location     Type
  1118 ;;		None
  1119 ;; Auto vars:     Size  Location     Type
  1120 ;;  i               2    1[COMMON] unsigned int 
  1121 ;; Return value:  Size  Location     Type
  1122 ;;                  1    wreg      void 
  1123 ;; Registers used:
  1124 ;;		wreg, status,2
  1125 ;; Tracked objects:
  1126 ;;		On entry : 0/0
  1127 ;;		On exit  : 0/0
  1128 ;;		Unchanged: 0/0
  1129 ;; Data sizes:     COMMON   BANK0   BANK1   BANK2   BANK3   BANK4   BANK5   BANK6   BANK7   BANK8   BANK9  BANK10  BANK1
      +1  BANK12
  1130 ;;      Params:         0       0       0       0       0       0       0       0       0       0       0       0       
      +0       0
  1131 ;;      Locals:         2       0       0       0       0       0       0       0       0       0       0       0       
      +0       0
  1132 ;;      Temps:          1       0       0       0       0       0       0       0       0       0       0       0       
      +0       0
  1133 ;;      Totals:         3       0       0       0       0       0       0       0       0       0       0       0       
      +0       0
  1134 ;;Total ram usage:        3 bytes
  1135 ;; Hardware stack levels used:    1
  1136 ;; This function calls:
  1137 ;;		Nothing
  1138 ;; This function is called by:
  1139 ;;		_main
  1140 ;; This function uses a non-reentrant model
  1141 ;;
  1142                           
  1143                           
  1144                           ;psect for function _servoRotate90
  1145  07BA                     _servoRotate90:	
  1146                           
  1147                           ;Servo.c: 49: unsigned int i;
  1148                           ;Servo.c: 50: for(i=0;i<50;i++)
  1149                           
  1150                           ;incstack = 0
  1151                           ; Regs used in _servoRotate90: [wreg+status,2]
  1152  07BA  01F1               	clrf	servoRotate90@i
  1153  07BB  01F2               	clrf	servoRotate90@i+1
  1154  07BC                     L1:	
  1155  07BC  3000               	movlw	0
  1156  07BD  0272               	subwf	servoRotate90@i+1,w
  1157  07BE  3032               	movlw	50
  1158  07BF  1903               	skipnz
  1159  07C0  0271               	subwf	servoRotate90@i,w
  1160  07C1  1803               	btfsc	3,0
  1161  07C2  0008               	return
  1162                           
  1163                           ;Servo.c: 51: {
  1164                           ;Servo.c: 52: RD0 = 1;
  1165  07C3  0020               	movlb	0	; select bank0
  1166  07C4  140F               	bsf	15,0	;volatile
  1167                           
  1168                           ;Servo.c: 53: _delay((unsigned long)((1700)*(16000000/4000000.0)));
  1169  07C5  3009               	movlw	9
  1170  07C6  00F0               	movwf	??_servoRotate90
  1171  07C7  30D4               	movlw	212
  1172  07C8                     u77:	
  1173  07C8  0B89               	decfsz	9,f
  1174  07C9  2FC8               	goto	u77
  1175  07CA  0BF0               	decfsz	??_servoRotate90,f
  1176  07CB  2FC8               	goto	u77
  1177                           
  1178                           ;Servo.c: 54: RD0 = 0;
  1179  07CC  0020               	movlb	0	; select bank0
  1180  07CD  100F               	bcf	15,0	;volatile
  1181                           
  1182                           ;Servo.c: 55: _delay((unsigned long)((18300)*(16000000/4000000.0)));
  1183  07CE  3060               	movlw	96
  1184  07CF  00F0               	movwf	??_servoRotate90
  1185  07D0  300F               	movlw	15
  1186  07D1                     u87:	
  1187  07D1  0B89               	decfsz	9,f
  1188  07D2  2FD1               	goto	u87
  1189  07D3  0BF0               	decfsz	??_servoRotate90,f
  1190  07D4  2FD1               	goto	u87
  1191  07D5  0000               	nop
  1192  07D6  3001               	movlw	1
  1193  07D7  07F1               	addwf	servoRotate90@i,f
  1194  07D8  3000               	movlw	0
  1195  07D9  3DF2               	addwfc	servoRotate90@i+1,f
  1196  07DA  2FBC               	goto	L1
  1197  07DB                     __end_of_servoRotate90:	
  1198                           
  1199                           	psect	text2
  1200  07DB                     __ptext2:	
  1201 ;; *************** function _servoRotate180 *****************
  1202 ;; Defined at:
  1203 ;;		line 68 in file "Servo.c"
  1204 ;; Parameters:    Size  Location     Type
  1205 ;;		None
  1206 ;; Auto vars:     Size  Location     Type
  1207 ;;  i               2    1[COMMON] unsigned int 
  1208 ;; Return value:  Size  Location     Type
  1209 ;;                  1    wreg      void 
  1210 ;; Registers used:
  1211 ;;		wreg, status,2
  1212 ;; Tracked objects:
  1213 ;;		On entry : 0/0
  1214 ;;		On exit  : 0/0
  1215 ;;		Unchanged: 0/0
  1216 ;; Data sizes:     COMMON   BANK0   BANK1   BANK2   BANK3   BANK4   BANK5   BANK6   BANK7   BANK8   BANK9  BANK10  BANK1
      +1  BANK12
  1217 ;;      Params:         0       0       0       0       0       0       0       0       0       0       0       0       
      +0       0
  1218 ;;      Locals:         2       0       0       0       0       0       0       0       0       0       0       0       
      +0       0
  1219 ;;      Temps:          1       0       0       0       0       0       0       0       0       0       0       0       
      +0       0
  1220 ;;      Totals:         3       0       0       0       0       0       0       0       0       0       0       0       
      +0       0
  1221 ;;Total ram usage:        3 bytes
  1222 ;; Hardware stack levels used:    1
  1223 ;; This function calls:
  1224 ;;		Nothing
  1225 ;; This function is called by:
  1226 ;;		_main
  1227 ;; This function uses a non-reentrant model
  1228 ;;
  1229                           
  1230                           
  1231                           ;psect for function _servoRotate180
  1232  07DB                     _servoRotate180:	
  1233                           
  1234                           ;Servo.c: 70: unsigned int i;
  1235                           ;Servo.c: 71: for(i=0;i<50;i++)
  1236                           
  1237                           ;incstack = 0
  1238                           ; Regs used in _servoRotate180: [wreg+status,2]
  1239  07DB  01F1               	clrf	servoRotate180@i
  1240  07DC  01F2               	clrf	servoRotate180@i+1
  1241  07DD                     L2:	
  1242  07DD  3000               	movlw	0
  1243  07DE  0272               	subwf	servoRotate180@i+1,w
  1244  07DF  3032               	movlw	50
  1245  07E0  1903               	skipnz
  1246  07E1  0271               	subwf	servoRotate180@i,w
  1247  07E2  1803               	btfsc	3,0
  1248  07E3  0008               	return
  1249                           
  1250                           ;Servo.c: 72: {
  1251                           ;Servo.c: 73: RD0 = 1;
  1252  07E4  0020               	movlb	0	; select bank0
  1253  07E5  140F               	bsf	15,0	;volatile
  1254                           
  1255                           ;Servo.c: 74: _delay((unsigned long)((2600)*(16000000/4000000.0)));
  1256  07E6  300E               	movlw	14
  1257  07E7  00F0               	movwf	??_servoRotate180
  1258  07E8  3080               	movlw	128
  1259  07E9                     u97:	
  1260  07E9  0B89               	decfsz	9,f
  1261  07EA  2FE9               	goto	u97
  1262  07EB  0BF0               	decfsz	??_servoRotate180,f
  1263  07EC  2FE9               	goto	u97
  1264  07ED  3200               	nop2
  1265                           
  1266                           ;Servo.c: 75: RD0 = 0;
  1267  07EE  0020               	movlb	0	; select bank0
  1268  07EF  100F               	bcf	15,0	;volatile
  1269                           
  1270                           ;Servo.c: 76: _delay((unsigned long)((17400)*(16000000/4000000.0)));
  1271  07F0  305B               	movlw	91
  1272  07F1  00F0               	movwf	??_servoRotate180
  1273  07F2  3062               	movlw	98
  1274  07F3                     u107:	
  1275  07F3  0B89               	decfsz	9,f
  1276  07F4  2FF3               	goto	u107
  1277  07F5  0BF0               	decfsz	??_servoRotate180,f
  1278  07F6  2FF3               	goto	u107
  1279  07F7  3200               	nop2
  1280  07F8  3001               	movlw	1
  1281  07F9  07F1               	addwf	servoRotate180@i,f
  1282  07FA  3000               	movlw	0
  1283  07FB  3DF2               	addwfc	servoRotate180@i+1,f
  1284  07FC  2FDD               	goto	L2
  1285  07FD                     __end_of_servoRotate180:	
  1286                           
  1287                           	psect	text3
  1288  0799                     __ptext3:	
  1289 ;; *************** function _servoRotate0 *****************
  1290 ;; Defined at:
  1291 ;;		line 26 in file "Servo.c"
  1292 ;; Parameters:    Size  Location     Type
  1293 ;;		None
  1294 ;; Auto vars:     Size  Location     Type
  1295 ;;  i               2    1[COMMON] unsigned int 
  1296 ;; Return value:  Size  Location     Type
  1297 ;;                  1    wreg      void 
  1298 ;; Registers used:
  1299 ;;		wreg, status,2
  1300 ;; Tracked objects:
  1301 ;;		On entry : 0/0
  1302 ;;		On exit  : 0/0
  1303 ;;		Unchanged: 0/0
  1304 ;; Data sizes:     COMMON   BANK0   BANK1   BANK2   BANK3   BANK4   BANK5   BANK6   BANK7   BANK8   BANK9  BANK10  BANK1
      +1  BANK12
  1305 ;;      Params:         0       0       0       0       0       0       0       0       0       0       0       0       
      +0       0
  1306 ;;      Locals:         2       0       0       0       0       0       0       0       0       0       0       0       
      +0       0
  1307 ;;      Temps:          1       0       0       0       0       0       0       0       0       0       0       0       
      +0       0
  1308 ;;      Totals:         3       0       0       0       0       0       0       0       0       0       0       0       
      +0       0
  1309 ;;Total ram usage:        3 bytes
  1310 ;; Hardware stack levels used:    1
  1311 ;; This function calls:
  1312 ;;		Nothing
  1313 ;; This function is called by:
  1314 ;;		_main
  1315 ;; This function uses a non-reentrant model
  1316 ;;
  1317                           
  1318                           
  1319                           ;psect for function _servoRotate0
  1320  0799                     _servoRotate0:	
  1321                           
  1322                           ;Servo.c: 28: unsigned int i;
  1323                           ;Servo.c: 29: for(i=0;i<50;i++)
  1324                           
  1325                           ;incstack = 0
  1326                           ; Regs used in _servoRotate0: [wreg+status,2]
  1327  0799  01F1               	clrf	servoRotate0@i
  1328  079A  01F2               	clrf	servoRotate0@i+1
  1329  079B                     L3:	
  1330  079B  3000               	movlw	0
  1331  079C  0272               	subwf	servoRotate0@i+1,w
  1332  079D  3032               	movlw	50
  1333  079E  1903               	skipnz
  1334  079F  0271               	subwf	servoRotate0@i,w
  1335  07A0  1803               	btfsc	3,0
  1336  07A1  0008               	return
  1337                           
  1338                           ;Servo.c: 30: {
  1339                           ;Servo.c: 31: RD0 = 1;
  1340  07A2  0020               	movlb	0	; select bank0
  1341  07A3  140F               	bsf	15,0	;volatile
  1342                           
  1343                           ;Servo.c: 32: _delay((unsigned long)((700)*(16000000/4000000.0)));
  1344  07A4  3004               	movlw	4
  1345  07A5  00F0               	movwf	??_servoRotate0
  1346  07A6  30A2               	movlw	162
  1347  07A7                     u117:	
  1348  07A7  0B89               	decfsz	9,f
  1349  07A8  2FA7               	goto	u117
  1350  07A9  0BF0               	decfsz	??_servoRotate0,f
  1351  07AA  2FA7               	goto	u117
  1352                           
  1353                           ;Servo.c: 33: RD0 = 0;
  1354  07AB  0020               	movlb	0	; select bank0
  1355  07AC  100F               	bcf	15,0	;volatile
  1356                           
  1357                           ;Servo.c: 34: _delay((unsigned long)((19300)*(16000000/4000000.0)));
  1358  07AD  3065               	movlw	101
  1359  07AE  00F0               	movwf	??_servoRotate0
  1360  07AF  3041               	movlw	65
  1361  07B0                     u127:	
  1362  07B0  0B89               	decfsz	9,f
  1363  07B1  2FB0               	goto	u127
  1364  07B2  0BF0               	decfsz	??_servoRotate0,f
  1365  07B3  2FB0               	goto	u127
  1366  07B4  0000               	nop
  1367  07B5  3001               	movlw	1
  1368  07B6  07F1               	addwf	servoRotate0@i,f
  1369  07B7  3000               	movlw	0
  1370  07B8  3DF2               	addwfc	servoRotate0@i+1,f
  1371  07B9  2F9B               	goto	L3
  1372  07BA                     __end_of_servoRotate0:	
  1373                           
  1374                           	psect	text4
  1375  077C                     __ptext4:	
  1376 ;; *************** function _initMain *****************
  1377 ;; Defined at:
  1378 ;;		line 37 in file "Main.c"
  1379 ;; Parameters:    Size  Location     Type
  1380 ;;		None
  1381 ;; Auto vars:     Size  Location     Type
  1382 ;;		None
  1383 ;; Return value:  Size  Location     Type
  1384 ;;                  1    wreg      void 
  1385 ;; Registers used:
  1386 ;;		status,2, status,0, pclath, cstack
  1387 ;; Tracked objects:
  1388 ;;		On entry : 0/0
  1389 ;;		On exit  : 0/0
  1390 ;;		Unchanged: 0/0
  1391 ;; Data sizes:     COMMON   BANK0   BANK1   BANK2   BANK3   BANK4   BANK5   BANK6   BANK7   BANK8   BANK9  BANK10  BANK1
      +1  BANK12
  1392 ;;      Params:         0       0       0       0       0       0       0       0       0       0       0       0       
      +0       0
  1393 ;;      Locals:         0       0       0       0       0       0       0       0       0       0       0       0       
      +0       0
  1394 ;;      Temps:          0       0       0       0       0       0       0       0       0       0       0       0       
      +0       0
  1395 ;;      Totals:         0       0       0       0       0       0       0       0       0       0       0       0       
      +0       0
  1396 ;;Total ram usage:        0 bytes
  1397 ;; Hardware stack levels used:    1
  1398 ;; Hardware stack levels required when called:    1
  1399 ;; This function calls:
  1400 ;;		_internal_16
  1401 ;; This function is called by:
  1402 ;;		_main
  1403 ;; This function uses a non-reentrant model
  1404 ;;
  1405                           
  1406                           
  1407                           ;psect for function _initMain
  1408  077C                     _initMain:	
  1409                           
  1410                           ;Main.c: 39: internal_16();
  1411                           
  1412                           ;incstack = 0
  1413                           ; Regs used in _initMain: [status,2+status,0+pclath+cstack]
  1414  077C  3187  2783         	fcall	_internal_16
  1415                           
  1416                           ;Main.c: 47: TRISDbits.TRISD0 = 0;
  1417  077E  0021               	movlb	1	; select bank1
  1418  077F  100F               	bcf	15,0	;volatile
  1419                           
  1420                           ;Main.c: 50: ANSELD = 0;
  1421  0780  0023               	movlb	3	; select bank3
  1422  0781  018F               	clrf	15	;volatile
  1423  0782  0008               	return
  1424  0783                     __end_of_initMain:	
  1425                           
  1426                           	psect	text5
  1427  0783                     __ptext5:	
  1428 ;; *************** function _internal_16 *****************
  1429 ;; Defined at:
  1430 ;;		line 56 in file "16F1717_Internal.c"
  1431 ;; Parameters:    Size  Location     Type
  1432 ;;		None
  1433 ;; Auto vars:     Size  Location     Type
  1434 ;;		None
  1435 ;; Return value:  Size  Location     Type
  1436 ;;                  1    wreg      void 
  1437 ;; Registers used:
  1438 ;;		None
  1439 ;; Tracked objects:
  1440 ;;		On entry : 0/0
  1441 ;;		On exit  : 0/0
  1442 ;;		Unchanged: 0/0
  1443 ;; Data sizes:     COMMON   BANK0   BANK1   BANK2   BANK3   BANK4   BANK5   BANK6   BANK7   BANK8   BANK9  BANK10  BANK1
      +1  BANK12
  1444 ;;      Params:         0       0       0       0       0       0       0       0       0       0       0       0       
      +0       0
  1445 ;;      Locals:         0       0       0       0       0       0       0       0       0       0       0       0       
      +0       0
  1446 ;;      Temps:          0       0       0       0       0       0       0       0       0       0       0       0       
      +0       0
  1447 ;;      Totals:         0       0       0       0       0       0       0       0       0       0       0       0       
      +0       0
  1448 ;;Total ram usage:        0 bytes
  1449 ;; Hardware stack levels used:    1
  1450 ;; This function calls:
  1451 ;;		Nothing
  1452 ;; This function is called by:
  1453 ;;		_initMain
  1454 ;; This function uses a non-reentrant model
  1455 ;;
  1456                           
  1457                           
  1458                           ;psect for function _internal_16
  1459  0783                     _internal_16:	
  1460                           
  1461                           ;16F1717_Internal.c: 58: SCS0 = 0;
  1462                           
  1463                           ;incstack = 0
  1464                           ; Regs used in _internal_16: []
  1465  0783  0021               	movlb	1	; select bank1
  1466  0784  1019               	bcf	25,0	;volatile
  1467                           
  1468                           ;16F1717_Internal.c: 59: SCS1 = 0;
  1469  0785  1099               	bcf	25,1	;volatile
  1470                           
  1471                           ;16F1717_Internal.c: 62: IRCF0 = 1;
  1472  0786  1599               	bsf	25,3	;volatile
  1473                           
  1474                           ;16F1717_Internal.c: 63: IRCF1 = 1;
  1475  0787  1619               	bsf	25,4	;volatile
  1476                           
  1477                           ;16F1717_Internal.c: 64: IRCF2 = 1;
  1478  0788  1699               	bsf	25,5	;volatile
  1479                           
  1480                           ;16F1717_Internal.c: 65: IRCF3 = 1;
  1481  0789  1719               	bsf	25,6	;volatile
  1482                           
  1483                           ;16F1717_Internal.c: 68: SPLLEN = 0;
  1484  078A  1399               	bcf	25,7	;volatile
  1485  078B  0008               	return
  1486  078C                     __end_of_internal_16:	
  1487  007E                     btemp	set	126	;btemp
  1488  007E                     wtemp0	set	126


Data Sizes:
    Strings     0
    Constant    0
    Data        0
    BSS         0
    Persistent  0
    Stack       0

Auto Spaces:
    Space          Size  Autos    Used
    COMMON           14      3       3
    BANK0            80      0       0
    BANK1            80      0       0
    BANK2            80      0       0
    BANK3            80      0       0
    BANK4            80      0       0
    BANK5            80      0       0
    BANK6            80      0       0
    BANK7            80      0       0
    BANK8            80      0       0
    BANK9            80      0       0
    BANK10           80      0       0
    BANK11           80      0       0
    BANK12           48      0       0

Pointer List with Targets:

    None.

Critical Paths under _main in COMMON

    _main->_servoRotate0
    _main->_servoRotate180
    _main->_servoRotate90

Critical Paths under _main in BANK0

    None.

Critical Paths under _main in BANK1

    None.

Critical Paths under _main in BANK2

    None.

Critical Paths under _main in BANK3

    None.

Critical Paths under _main in BANK4

    None.

Critical Paths under _main in BANK5

    None.

Critical Paths under _main in BANK6

    None.

Critical Paths under _main in BANK7

    None.

Critical Paths under _main in BANK8

    None.

Critical Paths under _main in BANK9

    None.

Critical Paths under _main in BANK10

    None.

Critical Paths under _main in BANK11

    None.

Critical Paths under _main in BANK12

    None.

Call Graph Tables:

 ---------------------------------------------------------------------------------
 (Depth) Function   	        Calls       Base Space   Used Autos Params    Refs
 ---------------------------------------------------------------------------------
 (0) _main                                                 0     0      0      90
                           _initMain
                       _servoRotate0
                     _servoRotate180
                      _servoRotate90
 ---------------------------------------------------------------------------------
 (1) _servoRotate90                                        3     3      0      30
                                              0 COMMON     3     3      0
 ---------------------------------------------------------------------------------
 (1) _servoRotate180                                       3     3      0      30
                                              0 COMMON     3     3      0
 ---------------------------------------------------------------------------------
 (1) _servoRotate0                                         3     3      0      30
                                              0 COMMON     3     3      0
 ---------------------------------------------------------------------------------
 (1) _initMain                                             0     0      0       0
                        _internal_16
 ---------------------------------------------------------------------------------
 (2) _internal_16                                          0     0      0       0
 ---------------------------------------------------------------------------------
 Estimated maximum stack depth 2
 ---------------------------------------------------------------------------------

 Call Graph Graphs:

 _main (ROOT)
   _initMain
     _internal_16
   _servoRotate0
   _servoRotate180
   _servoRotate90

 Address spaces:
Name               Size   Autos  Total    Cost      Usage
BIGRAM             3F0      0       0       0        0.0%
NULL                 0      0       0       0        0.0%
CODE                 0      0       0       0        0.0%
BITCOMMON            E      0       0       1        0.0%
BITSFR0              0      0       0       1        0.0%
SFR0                 0      0       0       1        0.0%
COMMON               E      3       3       2       21.4%
BITSFR1              0      0       0       2        0.0%
SFR1                 0      0       0       2        0.0%
BITSFR2              0      0       0       3        0.0%
SFR2                 0      0       0       3        0.0%
STACK                0      0       0       3        0.0%
BITBANK0            50      0       0       4        0.0%
BITSFR3              0      0       0       4        0.0%
SFR3                 0      0       0       4        0.0%
BANK0               50      0       0       5        0.0%
BITSFR4              0      0       0       5        0.0%
SFR4                 0      0       0       5        0.0%
BITBANK1            50      0       0       6        0.0%
BITSFR5              0      0       0       6        0.0%
SFR5                 0      0       0       6        0.0%
BANK1               50      0       0       7        0.0%
BITSFR6              0      0       0       7        0.0%
SFR6                 0      0       0       7        0.0%
BITBANK2            50      0       0       8        0.0%
BITSFR7              0      0       0       8        0.0%
SFR7                 0      0       0       8        0.0%
BANK2               50      0       0       9        0.0%
BITSFR8              0      0       0       9        0.0%
SFR8                 0      0       0       9        0.0%
BITBANK3            50      0       0      10        0.0%
BITSFR9              0      0       0      10        0.0%
SFR9                 0      0       0      10        0.0%
BANK3               50      0       0      11        0.0%
BITSFR10             0      0       0      11        0.0%
SFR10                0      0       0      11        0.0%
BITBANK4            50      0       0      12        0.0%
BITSFR11             0      0       0      12        0.0%
SFR11                0      0       0      12        0.0%
BANK4               50      0       0      13        0.0%
BITSFR12             0      0       0      13        0.0%
SFR12                0      0       0      13        0.0%
BITBANK5            50      0       0      14        0.0%
BITSFR13             0      0       0      14        0.0%
SFR13                0      0       0      14        0.0%
BANK5               50      0       0      15        0.0%
BITSFR14             0      0       0      15        0.0%
SFR14                0      0       0      15        0.0%
BITBANK6            50      0       0      16        0.0%
BITSFR15             0      0       0      16        0.0%
SFR15                0      0       0      16        0.0%
BANK6               50      0       0      17        0.0%
BITSFR16             0      0       0      17        0.0%
SFR16                0      0       0      17        0.0%
BITBANK7            50      0       0      18        0.0%
BITSFR17             0      0       0      18        0.0%
SFR17                0      0       0      18        0.0%
BANK7               50      0       0      19        0.0%
BITSFR18             0      0       0      19        0.0%
SFR18                0      0       0      19        0.0%
BITSFR19             0      0       0      20        0.0%
SFR19                0      0       0      20        0.0%
ABS                  0      0       0      20        0.0%
BITBANK8            50      0       0      21        0.0%
BITSFR20             0      0       0      21        0.0%
SFR20                0      0       0      21        0.0%
BANK8               50      0       0      22        0.0%
BITSFR21             0      0       0      22        0.0%
SFR21                0      0       0      22        0.0%
BITBANK9            50      0       0      23        0.0%
BITSFR22             0      0       0      23        0.0%
SFR22                0      0       0      23        0.0%
BANK9               50      0       0      24        0.0%
BITSFR23             0      0       0      24        0.0%
SFR23                0      0       0      24        0.0%
BITBANK10           50      0       0      25        0.0%
BITSFR24             0      0       0      25        0.0%
SFR24                0      0       0      25        0.0%
BANK10              50      0       0      26        0.0%
BITSFR25             0      0       0      26        0.0%
SFR25                0      0       0      26        0.0%
BITBANK11           50      0       0      27        0.0%
BITSFR26             0      0       0      27        0.0%
SFR26                0      0       0      27        0.0%
BANK11              50      0       0      28        0.0%
BITSFR27             0      0       0      28        0.0%
SFR27                0      0       0      28        0.0%
BITBANK12           30      0       0      29        0.0%
BITSFR28             0      0       0      29        0.0%
SFR28                0      0       0      29        0.0%
BANK12              30      0       0      30        0.0%
BITSFR29             0      0       0      30        0.0%
SFR29                0      0       0      30        0.0%
BITSFR30             0      0       0      31        0.0%
SFR30                0      0       0      31        0.0%
DATA                 0      0       0      31        0.0%
BITSFR31             0      0       0      32        0.0%
SFR31                0      0       0      32        0.0%


Microchip Technology PIC Macro Assembler V1.41 build -162212810 
Symbol Table                                                                                   Tue Apr 18 11:13:06 2017

            __CFG_CP$OFF 0000                       u77 07C8                       u87 07D1  
                     u97 07E9            servoRotate0@i 0071                      _RD0 0078  
                    u107 07F3                      u117 07A7                      u127 07B0  
           __CFG_BORV$LO 0000                      wreg 0009             __CFG_IESO$ON 0000  
         servoRotate90@i 0071             __CFG_LVP$OFF 0000                     _SCS0 04C8  
                   _SCS1 04C9             __CFG_WRT$OFF 0000                     _main 078C  
                   btemp 007E                     start 0002          ??_servoRotate90 0070  
        servoRotate180@i 0071                    ?_main 0070            __CFG_WDTE$OFF 0000  
                  _IRCF0 04CB                    _IRCF1 04CC                    _IRCF2 04CD  
                  _IRCF3 04CE           __CFG_FCMEN$OFF 0000           __CFG_BOREN$OFF 0000  
                  wtemp0 007E         ??_servoRotate180 0070             ?_internal_16 0070  
         __CFG_MCLRE$OFF 0000          __initialization 07FD             __end_of_main 0799  
         __CFG_LPBOR$OFF 0000                   ??_main 0073           __CFG_PLLEN$OFF 0000  
         __CFG_ZCDDIS$ON 0000                   _ANSELD 018F                   _SPLLEN 04CF  
         __CFG_PWRTE$OFF 0000           __CFG_STVREN$ON 0000         __end_of_initMain 0783  
__end_of__initialization 07FD           __pcstackCOMMON 0070               __pmaintext 078C  
   __size_of_internal_16 0009          __CFG_PPS1WAY$ON 0000                ?_initMain 0070  
  __end_of_servoRotate90 07DB                  __ptext1 07BA                  __ptext2 07DB  
                __ptext3 0799                  __ptext4 077C                  __ptext5 0783  
   end_of_initialization 07FD               ??_initMain 0070            ?_servoRotate0 0070  
       __CFG_FOSC$INTOSC 0000                _TRISDbits 008F           ??_servoRotate0 0070  
__size_of_servoRotate180 0022      start_initialization 07FD                ___latbits 0002  
          ??_internal_16 0070        __size_of_initMain 0007     __end_of_servoRotate0 07BA  
    __end_of_internal_16 078C           _servoRotate180 07DB   __size_of_servoRotate90 0021  
 __end_of_servoRotate180 07FD                 _initMain 077C            __size_of_main 000D  
            _internal_16 0783          ?_servoRotate180 0070            _servoRotate90 07BA  
  __size_of_servoRotate0 0021        __CFG_CLKOUTEN$OFF 0000           ?_servoRotate90 0070  
           _servoRotate0 0799  
