

Microchip MPLAB XC8 Assembler V2.45 build 20230818022343 
                                                                                               Sat Nov 18 03:15:25 2023

Microchip MPLAB XC8 C Compiler v2.45 (Free license) build 20230818022343 Og1 
     1                           	processor	16F1719
     2                           	pagewidth 120
     3                           	opt	flic
     4                           	psect	cinit,global,class=CODE,merge=1,delta=2
     5                           	psect	bssCOMMON,global,class=COMMON,space=1,delta=1,noexec
     6                           	psect	cstackCOMMON,global,class=COMMON,space=1,delta=1,noexec
     7                           	psect	maintext,global,class=CODE,merge=1,split=1,delta=2
     8                           	psect	text1,local,class=CODE,merge=1,delta=2
     9                           	psect	text2,local,class=CODE,merge=1,delta=2
    10                           	psect	intentry,global,class=CODE,delta=2
    11                           	psect	config,global,abs,ovrld,class=CONFIG,space=4,delta=2,noexec
    12                           	dabs	1,0x7E,2
    13     0000                     
    14                           ; Generated 06/07/2023 GMT
    15                           ; 
    16                           ; Copyright © 2023, Microchip Technology Inc. and its subsidiaries ("Microchip")
    17                           ; All rights reserved.
    18                           ; 
    19                           ; This software is developed by Microchip Technology Inc. and its subsidiaries ("Microch
      +                          ip").
    20                           ; 
    21                           ; Redistribution and use in source and binary forms, with or without modification, are
    22                           ; permitted provided that the following conditions are met:
    23                           ; 
    24                           ;     1. Redistributions of source code must retain the above copyright notice, this lis
      +                          t of
    25                           ;        conditions and the following disclaimer.
    26                           ; 
    27                           ;     2. Redistributions in binary form must reproduce the above copyright notice, this 
      +                          list
    28                           ;        of conditions and the following disclaimer in the documentation and/or other
    29                           ;        materials provided with the distribution. Publication is not required when
    30                           ;        this file is used in an embedded application.
    31                           ; 
    32                           ;     3. Microchip's name may not be used to endorse or promote products derived from th
      +                          is
    33                           ;        software without specific prior written permission.
    34                           ; 
    35                           ; THIS SOFTWARE IS PROVIDED BY MICROCHIP "AS IS" AND ANY EXPRESS OR IMPLIED WARRANTIES,
    36                           ; INCLUDING, BUT NOT LIMITED TO, THE IMPLIED WARRANTIES OF MERCHANTABILITY AND FITNESS F
      +                          OR
    37                           ; PURPOSE ARE DISCLAIMED.  IN NO EVENT SHALL MICROCHIP BE LIABLE FOR ANY DIRECT, INDIREC
      +                          T,
    38                           ; INCIDENTAL, SPECIAL, EXEMPLARY, OR CONSEQUENTIAL DAMAGES (INCLUDING BUT NOT LIMITED TO
    39                           ; PROCUREMENT OF SUBSTITUTE GOODS OR SERVICES; LOSS OF USE, DATA OR PROFITS; OR BUSINESS
    40                           ; INTERRUPTION) HOWSOEVER CAUSED AND ON ANY THEORY OF LIABILITY, WHETHER IN CONTRACT, ST
      +                          RICT
    41                           ; LIABILITY, OR TORT (INCLUDING NEGLIGENCE OR OTHERWISE) ARISING IN ANY WAY OUT OF THE U
      +                          SE OF
    42                           ; THIS SOFTWARE, EVEN IF ADVISED OF THE POSSIBILITY OF SUCH DAMAGE.
    43                           ; 
    44                           ; 
    45                           ; Code-generator required, PIC16F1719 Definitions
    46                           ; 
    47                           ; SFR Addresses
    48     0000                     	;# 
    49     0001                     	;# 
    50     0002                     	;# 
    51     0003                     	;# 
    52     0004                     	;# 
    53     0005                     	;# 
    54     0006                     	;# 
    55     0007                     	;# 
    56     0008                     	;# 
    57     0009                     	;# 
    58     000A                     	;# 
    59     000B                     	;# 
    60     000C                     	;# 
    61     000D                     	;# 
    62     000E                     	;# 
    63     000F                     	;# 
    64     0010                     	;# 
    65     0011                     	;# 
    66     0012                     	;# 
    67     0013                     	;# 
    68     0015                     	;# 
    69     0016                     	;# 
    70     0016                     	;# 
    71     0017                     	;# 
    72     0018                     	;# 
    73     0019                     	;# 
    74     001A                     	;# 
    75     001B                     	;# 
    76     001C                     	;# 
    77     008C                     	;# 
    78     008D                     	;# 
    79     008E                     	;# 
    80     008F                     	;# 
    81     0090                     	;# 
    82     0091                     	;# 
    83     0092                     	;# 
    84     0093                     	;# 
    85     0095                     	;# 
    86     0096                     	;# 
    87     0097                     	;# 
    88     0098                     	;# 
    89     0099                     	;# 
    90     009A                     	;# 
    91     009B                     	;# 
    92     009B                     	;# 
    93     009C                     	;# 
    94     009D                     	;# 
    95     009E                     	;# 
    96     009F                     	;# 
    97     010C                     	;# 
    98     010D                     	;# 
    99     010E                     	;# 
   100     010F                     	;# 
   101     0110                     	;# 
   102     0111                     	;# 
   103     0112                     	;# 
   104     0113                     	;# 
   105     0114                     	;# 
   106     0115                     	;# 
   107     0116                     	;# 
   108     0117                     	;# 
   109     0118                     	;# 
   110     0119                     	;# 
   111     011A                     	;# 
   112     011B                     	;# 
   113     011B                     	;# 
   114     011C                     	;# 
   115     018C                     	;# 
   116     018D                     	;# 
   117     018E                     	;# 
   118     018F                     	;# 
   119     0190                     	;# 
   120     0191                     	;# 
   121     0191                     	;# 
   122     0192                     	;# 
   123     0193                     	;# 
   124     0193                     	;# 
   125     0194                     	;# 
   126     0195                     	;# 
   127     0196                     	;# 
   128     0197                     	;# 
   129     0199                     	;# 
   130     0199                     	;# 
   131     0199                     	;# 
   132     019A                     	;# 
   133     019A                     	;# 
   134     019A                     	;# 
   135     019B                     	;# 
   136     019B                     	;# 
   137     019B                     	;# 
   138     019B                     	;# 
   139     019B                     	;# 
   140     019C                     	;# 
   141     019C                     	;# 
   142     019C                     	;# 
   143     019D                     	;# 
   144     019D                     	;# 
   145     019D                     	;# 
   146     019E                     	;# 
   147     019E                     	;# 
   148     019E                     	;# 
   149     019F                     	;# 
   150     019F                     	;# 
   151     019F                     	;# 
   152     019F                     	;# 
   153     019F                     	;# 
   154     020C                     	;# 
   155     020D                     	;# 
   156     020E                     	;# 
   157     020F                     	;# 
   158     0210                     	;# 
   159     0211                     	;# 
   160     0211                     	;# 
   161     0212                     	;# 
   162     0212                     	;# 
   163     0213                     	;# 
   164     0213                     	;# 
   165     0214                     	;# 
   166     0214                     	;# 
   167     0215                     	;# 
   168     0215                     	;# 
   169     0215                     	;# 
   170     0215                     	;# 
   171     0216                     	;# 
   172     0216                     	;# 
   173     0217                     	;# 
   174     0217                     	;# 
   175     028C                     	;# 
   176     028D                     	;# 
   177     028E                     	;# 
   178     028F                     	;# 
   179     0290                     	;# 
   180     0291                     	;# 
   181     0291                     	;# 
   182     0292                     	;# 
   183     0293                     	;# 
   184     0293                     	;# 
   185     0298                     	;# 
   186     0298                     	;# 
   187     0299                     	;# 
   188     029A                     	;# 
   189     029A                     	;# 
   190     029E                     	;# 
   191     030C                     	;# 
   192     030D                     	;# 
   193     030E                     	;# 
   194     030F                     	;# 
   195     0310                     	;# 
   196     038C                     	;# 
   197     038D                     	;# 
   198     038E                     	;# 
   199     038F                     	;# 
   200     0390                     	;# 
   201     0391                     	;# 
   202     0392                     	;# 
   203     0393                     	;# 
   204     0394                     	;# 
   205     0395                     	;# 
   206     0396                     	;# 
   207     0397                     	;# 
   208     0398                     	;# 
   209     0399                     	;# 
   210     039D                     	;# 
   211     039E                     	;# 
   212     039F                     	;# 
   213     0415                     	;# 
   214     0416                     	;# 
   215     0417                     	;# 
   216     041C                     	;# 
   217     041D                     	;# 
   218     041E                     	;# 
   219     0498                     	;# 
   220     0498                     	;# 
   221     0499                     	;# 
   222     049A                     	;# 
   223     049B                     	;# 
   224     049B                     	;# 
   225     049C                     	;# 
   226     049D                     	;# 
   227     049E                     	;# 
   228     049F                     	;# 
   229     0511                     	;# 
   230     0515                     	;# 
   231     0617                     	;# 
   232     0618                     	;# 
   233     0619                     	;# 
   234     0619                     	;# 
   235     061A                     	;# 
   236     061B                     	;# 
   237     061C                     	;# 
   238     061C                     	;# 
   239     0691                     	;# 
   240     0692                     	;# 
   241     0693                     	;# 
   242     0694                     	;# 
   243     0695                     	;# 
   244     0696                     	;# 
   245     0697                     	;# 
   246     0698                     	;# 
   247     0699                     	;# 
   248     069A                     	;# 
   249     069B                     	;# 
   250     069C                     	;# 
   251     069D                     	;# 
   252     069E                     	;# 
   253     069F                     	;# 
   254     0E0F                     	;# 
   255     0E10                     	;# 
   256     0E11                     	;# 
   257     0E12                     	;# 
   258     0E13                     	;# 
   259     0E14                     	;# 
   260     0E15                     	;# 
   261     0E17                     	;# 
   262     0E20                     	;# 
   263     0E21                     	;# 
   264     0E22                     	;# 
   265     0E24                     	;# 
   266     0E25                     	;# 
   267     0E28                     	;# 
   268     0E29                     	;# 
   269     0E2A                     	;# 
   270     0E2B                     	;# 
   271     0E90                     	;# 
   272     0E91                     	;# 
   273     0E92                     	;# 
   274     0E93                     	;# 
   275     0E94                     	;# 
   276     0E95                     	;# 
   277     0E96                     	;# 
   278     0E97                     	;# 
   279     0E98                     	;# 
   280     0E99                     	;# 
   281     0E9A                     	;# 
   282     0E9B                     	;# 
   283     0E9C                     	;# 
   284     0E9D                     	;# 
   285     0E9E                     	;# 
   286     0E9F                     	;# 
   287     0EA0                     	;# 
   288     0EA1                     	;# 
   289     0EA2                     	;# 
   290     0EA3                     	;# 
   291     0EA4                     	;# 
   292     0EA5                     	;# 
   293     0EA6                     	;# 
   294     0EA7                     	;# 
   295     0EA8                     	;# 
   296     0EA9                     	;# 
   297     0EAA                     	;# 
   298     0EAB                     	;# 
   299     0EAC                     	;# 
   300     0EAD                     	;# 
   301     0EAE                     	;# 
   302     0EAF                     	;# 
   303     0EB0                     	;# 
   304     0EB1                     	;# 
   305     0EB2                     	;# 
   306     0F0F                     	;# 
   307     0F10                     	;# 
   308     0F11                     	;# 
   309     0F12                     	;# 
   310     0F13                     	;# 
   311     0F14                     	;# 
   312     0F15                     	;# 
   313     0F16                     	;# 
   314     0F17                     	;# 
   315     0F18                     	;# 
   316     0F19                     	;# 
   317     0F1A                     	;# 
   318     0F1B                     	;# 
   319     0F1C                     	;# 
   320     0F1D                     	;# 
   321     0F1E                     	;# 
   322     0F1F                     	;# 
   323     0F20                     	;# 
   324     0F21                     	;# 
   325     0F22                     	;# 
   326     0F23                     	;# 
   327     0F24                     	;# 
   328     0F25                     	;# 
   329     0F26                     	;# 
   330     0F27                     	;# 
   331     0F28                     	;# 
   332     0F29                     	;# 
   333     0F2A                     	;# 
   334     0F2B                     	;# 
   335     0F2C                     	;# 
   336     0F2D                     	;# 
   337     0F2E                     	;# 
   338     0F2F                     	;# 
   339     0F30                     	;# 
   340     0F31                     	;# 
   341     0F32                     	;# 
   342     0F33                     	;# 
   343     0F34                     	;# 
   344     0F35                     	;# 
   345     0F36                     	;# 
   346     0F37                     	;# 
   347     0FE4                     	;# 
   348     0FE5                     	;# 
   349     0FE6                     	;# 
   350     0FE7                     	;# 
   351     0FE8                     	;# 
   352     0FE9                     	;# 
   353     0FEA                     	;# 
   354     0FEB                     	;# 
   355     0FED                     	;# 
   356     0FEE                     	;# 
   357     0FEF                     	;# 
   358     0000                     	;# 
   359     0001                     	;# 
   360     0002                     	;# 
   361     0003                     	;# 
   362     0004                     	;# 
   363     0005                     	;# 
   364     0006                     	;# 
   365     0007                     	;# 
   366     0008                     	;# 
   367     0009                     	;# 
   368     000A                     	;# 
   369     000B                     	;# 
   370     000C                     	;# 
   371     000D                     	;# 
   372     000E                     	;# 
   373     000F                     	;# 
   374     0010                     	;# 
   375     0011                     	;# 
   376     0012                     	;# 
   377     0013                     	;# 
   378     0015                     	;# 
   379     0016                     	;# 
   380     0016                     	;# 
   381     0017                     	;# 
   382     0018                     	;# 
   383     0019                     	;# 
   384     001A                     	;# 
   385     001B                     	;# 
   386     001C                     	;# 
   387     008C                     	;# 
   388     008D                     	;# 
   389     008E                     	;# 
   390     008F                     	;# 
   391     0090                     	;# 
   392     0091                     	;# 
   393     0092                     	;# 
   394     0093                     	;# 
   395     0095                     	;# 
   396     0096                     	;# 
   397     0097                     	;# 
   398     0098                     	;# 
   399     0099                     	;# 
   400     009A                     	;# 
   401     009B                     	;# 
   402     009B                     	;# 
   403     009C                     	;# 
   404     009D                     	;# 
   405     009E                     	;# 
   406     009F                     	;# 
   407     010C                     	;# 
   408     010D                     	;# 
   409     010E                     	;# 
   410     010F                     	;# 
   411     0110                     	;# 
   412     0111                     	;# 
   413     0112                     	;# 
   414     0113                     	;# 
   415     0114                     	;# 
   416     0115                     	;# 
   417     0116                     	;# 
   418     0117                     	;# 
   419     0118                     	;# 
   420     0119                     	;# 
   421     011A                     	;# 
   422     011B                     	;# 
   423     011B                     	;# 
   424     011C                     	;# 
   425     018C                     	;# 
   426     018D                     	;# 
   427     018E                     	;# 
   428     018F                     	;# 
   429     0190                     	;# 
   430     0191                     	;# 
   431     0191                     	;# 
   432     0192                     	;# 
   433     0193                     	;# 
   434     0193                     	;# 
   435     0194                     	;# 
   436     0195                     	;# 
   437     0196                     	;# 
   438     0197                     	;# 
   439     0199                     	;# 
   440     0199                     	;# 
   441     0199                     	;# 
   442     019A                     	;# 
   443     019A                     	;# 
   444     019A                     	;# 
   445     019B                     	;# 
   446     019B                     	;# 
   447     019B                     	;# 
   448     019B                     	;# 
   449     019B                     	;# 
   450     019C                     	;# 
   451     019C                     	;# 
   452     019C                     	;# 
   453     019D                     	;# 
   454     019D                     	;# 
   455     019D                     	;# 
   456     019E                     	;# 
   457     019E                     	;# 
   458     019E                     	;# 
   459     019F                     	;# 
   460     019F                     	;# 
   461     019F                     	;# 
   462     019F                     	;# 
   463     019F                     	;# 
   464     020C                     	;# 
   465     020D                     	;# 
   466     020E                     	;# 
   467     020F                     	;# 
   468     0210                     	;# 
   469     0211                     	;# 
   470     0211                     	;# 
   471     0212                     	;# 
   472     0212                     	;# 
   473     0213                     	;# 
   474     0213                     	;# 
   475     0214                     	;# 
   476     0214                     	;# 
   477     0215                     	;# 
   478     0215                     	;# 
   479     0215                     	;# 
   480     0215                     	;# 
   481     0216                     	;# 
   482     0216                     	;# 
   483     0217                     	;# 
   484     0217                     	;# 
   485     028C                     	;# 
   486     028D                     	;# 
   487     028E                     	;# 
   488     028F                     	;# 
   489     0290                     	;# 
   490     0291                     	;# 
   491     0291                     	;# 
   492     0292                     	;# 
   493     0293                     	;# 
   494     0293                     	;# 
   495     0298                     	;# 
   496     0298                     	;# 
   497     0299                     	;# 
   498     029A                     	;# 
   499     029A                     	;# 
   500     029E                     	;# 
   501     030C                     	;# 
   502     030D                     	;# 
   503     030E                     	;# 
   504     030F                     	;# 
   505     0310                     	;# 
   506     038C                     	;# 
   507     038D                     	;# 
   508     038E                     	;# 
   509     038F                     	;# 
   510     0390                     	;# 
   511     0391                     	;# 
   512     0392                     	;# 
   513     0393                     	;# 
   514     0394                     	;# 
   515     0395                     	;# 
   516     0396                     	;# 
   517     0397                     	;# 
   518     0398                     	;# 
   519     0399                     	;# 
   520     039D                     	;# 
   521     039E                     	;# 
   522     039F                     	;# 
   523     0415                     	;# 
   524     0416                     	;# 
   525     0417                     	;# 
   526     041C                     	;# 
   527     041D                     	;# 
   528     041E                     	;# 
   529     0498                     	;# 
   530     0498                     	;# 
   531     0499                     	;# 
   532     049A                     	;# 
   533     049B                     	;# 
   534     049B                     	;# 
   535     049C                     	;# 
   536     049D                     	;# 
   537     049E                     	;# 
   538     049F                     	;# 
   539     0511                     	;# 
   540     0515                     	;# 
   541     0617                     	;# 
   542     0618                     	;# 
   543     0619                     	;# 
   544     0619                     	;# 
   545     061A                     	;# 
   546     061B                     	;# 
   547     061C                     	;# 
   548     061C                     	;# 
   549     0691                     	;# 
   550     0692                     	;# 
   551     0693                     	;# 
   552     0694                     	;# 
   553     0695                     	;# 
   554     0696                     	;# 
   555     0697                     	;# 
   556     0698                     	;# 
   557     0699                     	;# 
   558     069A                     	;# 
   559     069B                     	;# 
   560     069C                     	;# 
   561     069D                     	;# 
   562     069E                     	;# 
   563     069F                     	;# 
   564     0E0F                     	;# 
   565     0E10                     	;# 
   566     0E11                     	;# 
   567     0E12                     	;# 
   568     0E13                     	;# 
   569     0E14                     	;# 
   570     0E15                     	;# 
   571     0E17                     	;# 
   572     0E20                     	;# 
   573     0E21                     	;# 
   574     0E22                     	;# 
   575     0E24                     	;# 
   576     0E25                     	;# 
   577     0E28                     	;# 
   578     0E29                     	;# 
   579     0E2A                     	;# 
   580     0E2B                     	;# 
   581     0E90                     	;# 
   582     0E91                     	;# 
   583     0E92                     	;# 
   584     0E93                     	;# 
   585     0E94                     	;# 
   586     0E95                     	;# 
   587     0E96                     	;# 
   588     0E97                     	;# 
   589     0E98                     	;# 
   590     0E99                     	;# 
   591     0E9A                     	;# 
   592     0E9B                     	;# 
   593     0E9C                     	;# 
   594     0E9D                     	;# 
   595     0E9E                     	;# 
   596     0E9F                     	;# 
   597     0EA0                     	;# 
   598     0EA1                     	;# 
   599     0EA2                     	;# 
   600     0EA3                     	;# 
   601     0EA4                     	;# 
   602     0EA5                     	;# 
   603     0EA6                     	;# 
   604     0EA7                     	;# 
   605     0EA8                     	;# 
   606     0EA9                     	;# 
   607     0EAA                     	;# 
   608     0EAB                     	;# 
   609     0EAC                     	;# 
   610     0EAD                     	;# 
   611     0EAE                     	;# 
   612     0EAF                     	;# 
   613     0EB0                     	;# 
   614     0EB1                     	;# 
   615     0EB2                     	;# 
   616     0F0F                     	;# 
   617     0F10                     	;# 
   618     0F11                     	;# 
   619     0F12                     	;# 
   620     0F13                     	;# 
   621     0F14                     	;# 
   622     0F15                     	;# 
   623     0F16                     	;# 
   624     0F17                     	;# 
   625     0F18                     	;# 
   626     0F19                     	;# 
   627     0F1A                     	;# 
   628     0F1B                     	;# 
   629     0F1C                     	;# 
   630     0F1D                     	;# 
   631     0F1E                     	;# 
   632     0F1F                     	;# 
   633     0F20                     	;# 
   634     0F21                     	;# 
   635     0F22                     	;# 
   636     0F23                     	;# 
   637     0F24                     	;# 
   638     0F25                     	;# 
   639     0F26                     	;# 
   640     0F27                     	;# 
   641     0F28                     	;# 
   642     0F29                     	;# 
   643     0F2A                     	;# 
   644     0F2B                     	;# 
   645     0F2C                     	;# 
   646     0F2D                     	;# 
   647     0F2E                     	;# 
   648     0F2F                     	;# 
   649     0F30                     	;# 
   650     0F31                     	;# 
   651     0F32                     	;# 
   652     0F33                     	;# 
   653     0F34                     	;# 
   654     0F35                     	;# 
   655     0F36                     	;# 
   656     0F37                     	;# 
   657     0FE4                     	;# 
   658     0FE5                     	;# 
   659     0FE6                     	;# 
   660     0FE7                     	;# 
   661     0FE8                     	;# 
   662     0FE9                     	;# 
   663     0FEA                     	;# 
   664     0FEB                     	;# 
   665     0FED                     	;# 
   666     0FEE                     	;# 
   667     0FEF                     	;# 
   668     0011                     _PIR1bits	set	17
   669     000B                     _INTCONbits	set	11
   670     001A                     _TMR2	set	26
   671     001B                     _PR2	set	27
   672     001C                     _T2CONbits	set	28
   673     0091                     _PIE1bits	set	145
   674     008F                     _TRISD	set	143
   675     008F                     _TRISDbits	set	143
   676     04CF                     _SPLLEN	set	1231
   677     04CE                     _IRCF3	set	1230
   678     04CD                     _IRCF2	set	1229
   679     04CC                     _IRCF1	set	1228
   680     04CB                     _IRCF0	set	1227
   681     04C9                     _SCS1	set	1225
   682     04C8                     _SCS0	set	1224
   683     010F                     _LATDbits	set	271
   684     018F                     _ANSELD	set	399
   685                           
   686                           	psect	cinit
   687     001C                     start_initialization:	
   688                           ; #config settings
   689                           
   690     001C                     __initialization:
   691                           
   692                           ; Clear objects allocated to COMMON
   693     001C  01F0               	clrf	__pbssCOMMON& (0+127)
   694     001D                     end_of_initialization:	
   695                           ;End of C runtime variable initialization code
   696                           
   697     001D                     __end_of__initialization:
   698     001D  107E               	bcf	int$flags,0	;clear compiler interrupt flag (level 1)
   699     001E  0020               	movlb	0
   700     001F  3180  2847         	ljmp	_main	;jump to C main() function
   701                           
   702                           	psect	bssCOMMON
   703     0070                     __pbssCOMMON:
   704     0070                     isr@count:
   705     0070                     	ds	1
   706                           
   707                           	psect	cstackCOMMON
   708     0071                     __pcstackCOMMON:
   709     0071                     ?_internal_32:
   710     0071                     ?_initMain:	
   711                           ; 1 bytes @ 0x0
   712                           
   713     0071                     ?_main:	
   714                           ; 1 bytes @ 0x0
   715                           
   716     0071                     ?_isr:	
   717                           ; 1 bytes @ 0x0
   718                           
   719     0071                     ??_isr:	
   720                           ; 1 bytes @ 0x0
   721                           
   722                           
   723                           ; 1 bytes @ 0x0
   724     0071                     	ds	1
   725     0072                     ??_internal_32:
   726     0072                     ??_initMain:	
   727                           ; 1 bytes @ 0x1
   728                           
   729     0072                     ??_main:	
   730                           ; 1 bytes @ 0x1
   731                           
   732                           
   733                           	psect	maintext
   734     0047                     __pmaintext:	
   735                           ; 1 bytes @ 0x1
   736 ;;
   737 ;;Main: autosize = 0, tempsize = 0, incstack = 0, save=0
   738 ;;
   739 ;; *************** function _main *****************
   740 ;; Defined at:
   741 ;;		line 98 in file "main.c"
   742 ;; Parameters:    Size  Location     Type
   743 ;;		None
   744 ;; Auto vars:     Size  Location     Type
   745 ;;		None
   746 ;; Return value:  Size  Location     Type
   747 ;;                  1    wreg      void 
   748 ;; Registers used:
   749 ;;		wreg, status,2, status,0, pclath, cstack
   750 ;; Tracked objects:
   751 ;;		On entry : B1F/0
   752 ;;		On exit  : 0/0
   753 ;;		Unchanged: 0/0
   754 ;; Data sizes:     COMMON   BANK0   BANK1   BANK2   BANK3   BANK4   BANK5   BANK6   BANK7   BANK8   BANK9  BANK10  BANK1
      +1  BANK12  BANK13  BANK14  BANK15  BANK16  BANK17  BANK18  BANK19  BANK20  BANK21  BANK22  BANK23  BANK24  BANK25
   755 ;;      Params:         0       0       0       0       0       0       0       0       0       0       0       0       
      +0       0       0       0       0       0       0       0       0       0       0       0       0       0       0
   756 ;;      Locals:         0       0       0       0       0       0       0       0       0       0       0       0       
      +0       0       0       0       0       0       0       0       0       0       0       0       0       0       0
   757 ;;      Temps:          0       0       0       0       0       0       0       0       0       0       0       0       
      +0       0       0       0       0       0       0       0       0       0       0       0       0       0       0
   758 ;;      Totals:         0       0       0       0       0       0       0       0       0       0       0       0       
      +0       0       0       0       0       0       0       0       0       0       0       0       0       0       0
   759 ;;Total ram usage:        0 bytes
   760 ;; Hardware stack levels required when called: 3
   761 ;; This function calls:
   762 ;;		_initMain
   763 ;; This function is called by:
   764 ;;		Startup code after reset
   765 ;; This function uses a non-reentrant model
   766 ;;
   767                           
   768     0047                     _main:	
   769                           ;psect for function _main
   770                           
   771     0047                     l643:	
   772                           ;incstack = 0
   773                           ; Regs used in _main: [wreg+status,2+status,0+pclath+cstack]
   774                           
   775                           
   776                           ;main.c: 99:     initMain();
   777     0047  3180  2021  3180   	fcall	_initMain
   778     004A                     l65:	
   779                           ;main.c: 101:     while(1){
   780                           
   781     004A                     l66:	
   782                           ;main.c: 103:     }
   783                           
   784     004A  284A               	goto	l65
   785     004B  3180  281A         	ljmp	start
   786     004D                     __end_of_main:
   787                           
   788                           	psect	text1
   789     0021                     __ptext1:	
   790 ;; *************** function _initMain *****************
   791 ;; Defined at:
   792 ;;		line 33 in file "main.c"
   793 ;; Parameters:    Size  Location     Type
   794 ;;		None
   795 ;; Auto vars:     Size  Location     Type
   796 ;;		None
   797 ;; Return value:  Size  Location     Type
   798 ;;                  1    wreg      void 
   799 ;; Registers used:
   800 ;;		wreg, status,2, status,0, pclath, cstack
   801 ;; Tracked objects:
   802 ;;		On entry : 0/0
   803 ;;		On exit  : 0/0
   804 ;;		Unchanged: 0/0
   805 ;; Data sizes:     COMMON   BANK0   BANK1   BANK2   BANK3   BANK4   BANK5   BANK6   BANK7   BANK8   BANK9  BANK10  BANK1
      +1  BANK12  BANK13  BANK14  BANK15  BANK16  BANK17  BANK18  BANK19  BANK20  BANK21  BANK22  BANK23  BANK24  BANK25
   806 ;;      Params:         0       0       0       0       0       0       0       0       0       0       0       0       
      +0       0       0       0       0       0       0       0       0       0       0       0       0       0       0
   807 ;;      Locals:         0       0       0       0       0       0       0       0       0       0       0       0       
      +0       0       0       0       0       0       0       0       0       0       0       0       0       0       0
   808 ;;      Temps:          0       0       0       0       0       0       0       0       0       0       0       0       
      +0       0       0       0       0       0       0       0       0       0       0       0       0       0       0
   809 ;;      Totals:         0       0       0       0       0       0       0       0       0       0       0       0       
      +0       0       0       0       0       0       0       0       0       0       0       0       0       0       0
   810 ;;Total ram usage:        0 bytes
   811 ;; Hardware stack levels used: 1
   812 ;; Hardware stack levels required when called: 2
   813 ;; This function calls:
   814 ;;		_internal_32
   815 ;; This function is called by:
   816 ;;		_main
   817 ;; This function uses a non-reentrant model
   818 ;;
   819                           
   820     0021                     _initMain:	
   821                           ;psect for function _initMain
   822                           
   823     0021                     l605:	
   824                           ;incstack = 0
   825                           ; Regs used in _initMain: [wreg+status,2+status,0+pclath+cstack]
   826                           
   827                           
   828                           ;main.c: 35:     internal_32();
   829     0021  3180  203E  3180   	fcall	_internal_32
   830     0024                     l607:
   831                           
   832                           ;main.c: 38:     TRISDbits.TRISD1 = 0;
   833     0024  0021               	movlb	1	; select bank1
   834     0025  108F               	bcf	15,1	;volatile
   835     0026                     l609:
   836                           
   837                           ;main.c: 41:     LATDbits.LATD1 = 0;
   838     0026  0022               	movlb	2	; select bank2
   839     0027  108F               	bcf	15,1	;volatile
   840     0028                     l611:
   841                           
   842                           ;main.c: 44:     TRISD = 0;
   843     0028  0021               	movlb	1	; select bank1
   844     0029  018F               	clrf	15	;volatile
   845     002A                     l613:
   846                           
   847                           ;main.c: 45:     ANSELD = 0;
   848     002A  0023               	movlb	3	; select bank3
   849     002B  018F               	clrf	15	;volatile
   850     002C                     l615:
   851                           
   852                           ;main.c: 64:     T2CONbits.T2CKPS = 0b10;
   853     002C  0020               	movlb	0	; select bank0
   854     002D  081C               	movf	28,w	;volatile
   855     002E  39FC               	andlw	-4
   856     002F  3802               	iorlw	2
   857     0030  009C               	movwf	28	;volatile
   858     0031                     l617:
   859                           
   860                           ;main.c: 67:     PR2 = 255;
   861     0031  30FF               	movlw	255
   862     0032  009B               	movwf	27	;volatile
   863     0033                     l619:
   864                           
   865                           ;main.c: 70:     TMR2 = 0;
   866     0033  019A               	clrf	26	;volatile
   867     0034                     l621:
   868                           
   869                           ;main.c: 73:     T2CONbits.T2OUTPS = 0b1110;
   870     0034  081C               	movf	28,w	;volatile
   871     0035  3987               	andlw	-121
   872     0036  3870               	iorlw	112
   873     0037  009C               	movwf	28	;volatile
   874     0038                     l623:
   875                           
   876                           ;main.c: 76:     T2CONbits.TMR2ON = 1;
   877     0038  151C               	bsf	28,2	;volatile
   878     0039                     l625:
   879                           
   880                           ;main.c: 79:     PIE1bits.TMR2IE = 1;
   881     0039  0021               	movlb	1	; select bank1
   882     003A  1491               	bsf	17,1	;volatile
   883     003B                     l627:
   884                           
   885                           ;main.c: 82:     INTCONbits.PEIE = 1;
   886     003B  170B               	bsf	11,6	;volatile
   887     003C                     l629:
   888                           
   889                           ;main.c: 85:     (INTCONbits.GIE = 1);
   890     003C  178B               	bsf	11,7	;volatile
   891     003D                     l60:
   892     003D  0008               	return
   893     003E                     __end_of_initMain:
   894                           
   895                           	psect	text2
   896     003E                     __ptext2:	
   897 ;; *************** function _internal_32 *****************
   898 ;; Defined at:
   899 ;;		line 32 in file "PIC16F1719_Internal.c"
   900 ;; Parameters:    Size  Location     Type
   901 ;;		None
   902 ;; Auto vars:     Size  Location     Type
   903 ;;		None
   904 ;; Return value:  Size  Location     Type
   905 ;;                  1    wreg      void 
   906 ;; Registers used:
   907 ;;		None
   908 ;; Tracked objects:
   909 ;;		On entry : 0/0
   910 ;;		On exit  : 0/0
   911 ;;		Unchanged: 0/0
   912 ;; Data sizes:     COMMON   BANK0   BANK1   BANK2   BANK3   BANK4   BANK5   BANK6   BANK7   BANK8   BANK9  BANK10  BANK1
      +1  BANK12  BANK13  BANK14  BANK15  BANK16  BANK17  BANK18  BANK19  BANK20  BANK21  BANK22  BANK23  BANK24  BANK25
   913 ;;      Params:         0       0       0       0       0       0       0       0       0       0       0       0       
      +0       0       0       0       0       0       0       0       0       0       0       0       0       0       0
   914 ;;      Locals:         0       0       0       0       0       0       0       0       0       0       0       0       
      +0       0       0       0       0       0       0       0       0       0       0       0       0       0       0
   915 ;;      Temps:          0       0       0       0       0       0       0       0       0       0       0       0       
      +0       0       0       0       0       0       0       0       0       0       0       0       0       0       0
   916 ;;      Totals:         0       0       0       0       0       0       0       0       0       0       0       0       
      +0       0       0       0       0       0       0       0       0       0       0       0       0       0       0
   917 ;;Total ram usage:        0 bytes
   918 ;; Hardware stack levels used: 1
   919 ;; Hardware stack levels required when called: 1
   920 ;; This function calls:
   921 ;;		Nothing
   922 ;; This function is called by:
   923 ;;		_initMain
   924 ;; This function uses a non-reentrant model
   925 ;;
   926                           
   927     003E                     _internal_32:	
   928                           ;psect for function _internal_32
   929                           
   930     003E                     l603:	
   931                           ;incstack = 0
   932                           ; Regs used in _internal_32: []
   933                           
   934                           
   935                           ;PIC16F1719_Internal.c: 34:     SCS0 = 0;
   936     003E  0021               	movlb	1	; select bank1
   937     003F  1019               	bcf	25,0	;volatile
   938                           
   939                           ;PIC16F1719_Internal.c: 35:     SCS1 = 0;
   940     0040  1099               	bcf	25,1	;volatile
   941                           
   942                           ;PIC16F1719_Internal.c: 38:     IRCF0 = 0;
   943     0041  1199               	bcf	25,3	;volatile
   944                           
   945                           ;PIC16F1719_Internal.c: 39:     IRCF1 = 1;
   946     0042  1619               	bsf	25,4	;volatile
   947                           
   948                           ;PIC16F1719_Internal.c: 40:     IRCF2 = 1;
   949     0043  1699               	bsf	25,5	;volatile
   950                           
   951                           ;PIC16F1719_Internal.c: 41:     IRCF3 = 1;
   952     0044  1719               	bsf	25,6	;volatile
   953                           
   954                           ;PIC16F1719_Internal.c: 44:     SPLLEN = 1;
   955     0045  1799               	bsf	25,7	;volatile
   956     0046                     l17:
   957     0046  0008               	return
   958     0047                     __end_of_internal_32:
   959                           
   960                           	psect	intentry
   961     0004                     __pintentry:	
   962 ;; *************** function _isr *****************
   963 ;; Defined at:
   964 ;;		line 116 in file "main.c"
   965 ;; Parameters:    Size  Location     Type
   966 ;;		None
   967 ;; Auto vars:     Size  Location     Type
   968 ;;		None
   969 ;; Return value:  Size  Location     Type
   970 ;;                  1    wreg      void 
   971 ;; Registers used:
   972 ;;		wreg, status,2, status,0
   973 ;; Tracked objects:
   974 ;;		On entry : 0/0
   975 ;;		On exit  : 0/0
   976 ;;		Unchanged: 0/0
   977 ;; Data sizes:     COMMON   BANK0   BANK1   BANK2   BANK3   BANK4   BANK5   BANK6   BANK7   BANK8   BANK9  BANK10  BANK1
      +1  BANK12  BANK13  BANK14  BANK15  BANK16  BANK17  BANK18  BANK19  BANK20  BANK21  BANK22  BANK23  BANK24  BANK25
   978 ;;      Params:         0       0       0       0       0       0       0       0       0       0       0       0       
      +0       0       0       0       0       0       0       0       0       0       0       0       0       0       0
   979 ;;      Locals:         0       0       0       0       0       0       0       0       0       0       0       0       
      +0       0       0       0       0       0       0       0       0       0       0       0       0       0       0
   980 ;;      Temps:          1       0       0       0       0       0       0       0       0       0       0       0       
      +0       0       0       0       0       0       0       0       0       0       0       0       0       0       0
   981 ;;      Totals:         1       0       0       0       0       0       0       0       0       0       0       0       
      +0       0       0       0       0       0       0       0       0       0       0       0       0       0       0
   982 ;;Total ram usage:        1 bytes
   983 ;; Hardware stack levels used: 1
   984 ;; This function calls:
   985 ;;		Nothing
   986 ;; This function is called by:
   987 ;;		Interrupt level 1
   988 ;; This function uses a non-reentrant model
   989 ;;
   990                           
   991     0004                     _isr:
   992                           
   993                           ;incstack = 0
   994     0004  147E               	bsf	int$flags,0	;set compiler interrupt flag (level 1)
   995                           
   996                           ; Regs used in _isr: [wreg+status,2+status,0]
   997     0005  3180               	pagesel	$
   998     0006                     i1l645:
   999                           
  1000                           ;main.c: 117:     static uint8_t count = 0;;main.c: 119:     PIR1bits.TMR2IF = 0;
  1001     0006  0020               	movlb	0	; select bank0
  1002     0007  1091               	bcf	17,1	;volatile
  1003     0008                     i1l647:
  1004                           
  1005                           ;main.c: 121:     count++;
  1006     0008  3001               	movlw	1
  1007     0009  00F1               	movwf	??_isr
  1008     000A  0871               	movf	??_isr,w
  1009     000B  07F0               	addwf	isr@count,f
  1010                           
  1011                           ;main.c: 124:     if (count == 122){
  1012     000C  307A               	movlw	122
  1013     000D  0670               	xorwf	isr@count,w
  1014     000E  1D03               	btfss	3,2
  1015     000F  2811               	goto	u1_21
  1016     0010  2812               	goto	u1_20
  1017     0011                     u1_21:
  1018     0011  2816               	goto	i1l75
  1019     0012                     u1_20:
  1020     0012                     i1l649:
  1021                           
  1022                           ;main.c: 125:         count = 0;
  1023     0012  01F0               	clrf	isr@count
  1024     0013                     i1l651:
  1025                           
  1026                           ;main.c: 126:         LATDbits.LATD1 = 1;
  1027     0013  0022               	movlb	2	; select bank2
  1028     0014  148F               	bsf	15,1	;volatile
  1029                           
  1030                           ;main.c: 127:     }
  1031     0015  2818               	goto	i1l77
  1032     0016                     i1l75:	
  1033                           ;main.c: 129:     else {
  1034                           
  1035                           
  1036                           ;main.c: 130:         LATDbits.LATD1 = 0;
  1037     0016  0022               	movlb	2	; select bank2
  1038     0017  108F               	bcf	15,1	;volatile
  1039     0018                     i1l77:
  1040     0018  107E               	bcf	int$flags,0	;clear compiler interrupt flag (level 1)
  1041     0019  0009               	retfie
  1042     001A                     __end_of_isr:
  1043     007E                     btemp	set	126	;btemp
  1044     007E                     int$flags	set	126
  1045     007E                     wtemp0	set	126
  1046                           
  1047                           	psect	config
  1048                           
  1049                           ;Config register CONFIG1 @ 0x8007
  1050                           ;	Oscillator Selection Bits
  1051                           ;	FOSC = INTOSC, INTOSC oscillator: I/O function on CLKIN pin
  1052                           ;	Watchdog Timer Enable
  1053                           ;	WDTE = ON, WDT enabled
  1054                           ;	Power-up Timer Enable
  1055                           ;	PWRTE = OFF, PWRT disabled
  1056                           ;	MCLR Pin Function Select
  1057                           ;	MCLRE = OFF, MCLR/VPP pin function is digital input if LVP bit is also 0.
  1058                           ;	Flash Program Memory Code Protection
  1059                           ;	CP = OFF, Program memory code protection is disabled
  1060                           ;	Brown-out Reset Enable
  1061                           ;	BOREN = OFF, Brown-out Reset disabled
  1062                           ;	Clock Out Enable
  1063                           ;	CLKOUTEN = OFF, CLKOUT function is disabled. I/O or oscillator function on the CLKOUT 
      +                          pin
  1064                           ;	Internal/External Switchover Mode
  1065                           ;	IESO = ON, Internal/External Switchover Mode is enabled
  1066                           ;	Fail-Safe Clock Monitor Enable
  1067                           ;	FCMEN = OFF, Fail-Safe Clock Monitor is disabled
  1068     8007                     	org	32775
  1069     8007  19BC               	dw	6588
  1070                           
  1071                           ;Config register CONFIG2 @ 0x8008
  1072                           ;	Flash Memory Self-Write Protection
  1073                           ;	WRT = OFF, Write protection off
  1074                           ;	Peripheral Pin Select one-way control
  1075                           ;	PPS1WAY = ON, The PPSLOCK bit cannot be cleared once it is set by software
  1076                           ;	Zero-cross detect disable
  1077                           ;	ZCDDIS = ON, ZCD disabled. ZCD can be enabled by setting the ZCDSEN bit of ZCDCON
  1078                           ;	Phase Lock Loop enable
  1079                           ;	PLLEN = OFF, 4x PLL is disabled
  1080                           ;	Stack Overflow/Underflow Reset Enable
  1081                           ;	STVREN = ON, Stack Overflow or Underflow will cause a Reset
  1082                           ;	Brown-out Reset Voltage Selection
  1083                           ;	BORV = LO, Brown-out Reset Voltage (Vbor), low trip point selected.
  1084                           ;	Low-Power Brown Out Reset
  1085                           ;	LPBOR = OFF, Low-Power BOR is disabled
  1086                           ;	In-Circuit Debugger Mode
  1087                           ;	DEBUG = 0x1, unprogrammed default
  1088                           ;	Low-Voltage Programming Enable
  1089                           ;	LVP = OFF, High-voltage on MCLR/VPP must be used for programming
  1090     8008                     	org	32776
  1091     8008  1EFF               	dw	7935

Data Sizes:
    Strings     0
    Constant    0
    Data        0
    BSS         1
    Persistent  32
    Stack       0

Auto Spaces:
    Space          Size  Autos    Used
    COMMON           14      1       2
    BANK0            80      0       0
    BANK1            80      0       0
    BANK2            80      0       0
    BANK3            80      0       0
    BANK4            80      0       0
    BANK5            80      0       0
    BANK6            80      0       0
    BANK7            80      0       0
    BANK8            80      0       0
    BANK9            80      0       0
    BANK10           80      0       0
    BANK11           80      0       0
    BANK12           80      0       0
    BANK13           80      0       0
    BANK14           80      0       0
    BANK15           80      0       0
    BANK16           80      0       0
    BANK17           80      0       0
    BANK18           80      0       0
    BANK19           80      0       0
    BANK20           80      0       0
    BANK21           80      0       0
    BANK22           80      0       0
    BANK23           80      0       0
    BANK24           80      0       0
    BANK25           32      0       0

Pointer List with Targets:

    None.

Critical Paths under _main in COMMON

    None.

Critical Paths under _isr in COMMON

    None.

Critical Paths under _main in BANK0

    None.

Critical Paths under _isr in BANK0

    None.

Critical Paths under _main in BANK1

    None.

Critical Paths under _isr in BANK1

    None.

Critical Paths under _main in BANK2

    None.

Critical Paths under _isr in BANK2

    None.

Critical Paths under _main in BANK3

    None.

Critical Paths under _isr in BANK3

    None.

Critical Paths under _main in BANK4

    None.

Critical Paths under _isr in BANK4

    None.

Critical Paths under _main in BANK5

    None.

Critical Paths under _isr in BANK5

    None.

Critical Paths under _main in BANK6

    None.

Critical Paths under _isr in BANK6

    None.

Critical Paths under _main in BANK7

    None.

Critical Paths under _isr in BANK7

    None.

Critical Paths under _main in BANK8

    None.

Critical Paths under _isr in BANK8

    None.

Critical Paths under _main in BANK9

    None.

Critical Paths under _isr in BANK9

    None.

Critical Paths under _main in BANK10

    None.

Critical Paths under _isr in BANK10

    None.

Critical Paths under _main in BANK11

    None.

Critical Paths under _isr in BANK11

    None.

Critical Paths under _main in BANK12

    None.

Critical Paths under _isr in BANK12

    None.

Critical Paths under _main in BANK13

    None.

Critical Paths under _isr in BANK13

    None.

Critical Paths under _main in BANK14

    None.

Critical Paths under _isr in BANK14

    None.

Critical Paths under _main in BANK15

    None.

Critical Paths under _isr in BANK15

    None.

Critical Paths under _main in BANK16

    None.

Critical Paths under _isr in BANK16

    None.

Critical Paths under _main in BANK17

    None.

Critical Paths under _isr in BANK17

    None.

Critical Paths under _main in BANK18

    None.

Critical Paths under _isr in BANK18

    None.

Critical Paths under _main in BANK19

    None.

Critical Paths under _isr in BANK19

    None.

Critical Paths under _main in BANK20

    None.

Critical Paths under _isr in BANK20

    None.

Critical Paths under _main in BANK21

    None.

Critical Paths under _isr in BANK21

    None.

Critical Paths under _main in BANK22

    None.

Critical Paths under _isr in BANK22

    None.

Critical Paths under _main in BANK23

    None.

Critical Paths under _isr in BANK23

    None.

Critical Paths under _main in BANK24

    None.

Critical Paths under _isr in BANK24

    None.

Critical Paths under _main in BANK25

    None.

Critical Paths under _isr in BANK25

    None.

Call Graph Tables:

 ---------------------------------------------------------------------------------
 (Depth) Function   	        Calls       Base Space   Used Autos Params    Refs
 ---------------------------------------------------------------------------------
 (0) _main                                                 0     0      0       0
                           _initMain
 ---------------------------------------------------------------------------------
 (1) _initMain                                             0     0      0       0
                        _internal_32
 ---------------------------------------------------------------------------------
 (2) _internal_32                                          0     0      0       0
 ---------------------------------------------------------------------------------
 Estimated maximum stack depth 2
 ---------------------------------------------------------------------------------
 (Depth) Function   	        Calls       Base Space   Used Autos Params    Refs
 ---------------------------------------------------------------------------------
 (3) _isr                                                  1     1      0       0
                                              0 COMMON     1     1      0
 ---------------------------------------------------------------------------------
 Estimated maximum stack depth 3
 ---------------------------------------------------------------------------------

 Call Graph Graphs:

 _main (ROOT)
   _initMain
     _internal_32

 _isr (ROOT)

 Address spaces:
Name               Size   Autos  Total    Cost      Usage
BIGRAM             7F0      0       0       0        0.0%
NULL                 0      0       0       0        0.0%
CODE                 0      0       0       0        0.0%
BITCOMMON            E      0       0       1        0.0%
BITSFR0              0      0       0       1        0.0%
SFR0                 0      0       0       1        0.0%
COMMON               E      1       2       2       14.3%
BITSFR1              0      0       0       2        0.0%
SFR1                 0      0       0       2        0.0%
BITSFR2              0      0       0       3        0.0%
SFR2                 0      0       0       3        0.0%
STACK                0      0       0       3        0.0%
BITBANK0            50      0       0       4        0.0%
BITSFR3              0      0       0       4        0.0%
SFR3                 0      0       0       4        0.0%
BANK0               50      0       0       5        0.0%
BITSFR4              0      0       0       5        0.0%
SFR4                 0      0       0       5        0.0%
BITBANK1            50      0       0       6        0.0%
BITSFR5              0      0       0       6        0.0%
SFR5                 0      0       0       6        0.0%
BANK1               50      0       0       7        0.0%
BITSFR6              0      0       0       7        0.0%
SFR6                 0      0       0       7        0.0%
BITBANK2            50      0       0       8        0.0%
BITSFR7              0      0       0       8        0.0%
SFR7                 0      0       0       8        0.0%
BANK2               50      0       0       9        0.0%
BITSFR8              0      0       0       9        0.0%
SFR8                 0      0       0       9        0.0%
BITBANK3            50      0       0      10        0.0%
BITSFR9              0      0       0      10        0.0%
SFR9                 0      0       0      10        0.0%
BANK3               50      0       0      11        0.0%
BITSFR10             0      0       0      11        0.0%
SFR10                0      0       0      11        0.0%
BITBANK4            50      0       0      12        0.0%
BITSFR11             0      0       0      12        0.0%
SFR11                0      0       0      12        0.0%
BANK4               50      0       0      13        0.0%
BITSFR12             0      0       0      13        0.0%
SFR12                0      0       0      13        0.0%
BITSFR13             0      0       0      14        0.0%
SFR13                0      0       0      14        0.0%
ABS                  0      0       2      14        0.0%
BITBANK5            50      0       0      15        0.0%
BITSFR14             0      0       0      15        0.0%
SFR14                0      0       0      15        0.0%
BANK5               50      0       0      16        0.0%
BITSFR15             0      0       0      16        0.0%
SFR15                0      0       0      16        0.0%
BITBANK6            50      0       0      17        0.0%
BITSFR16             0      0       0      17        0.0%
SFR16                0      0       0      17        0.0%
BANK6               50      0       0      18        0.0%
BITSFR17             0      0       0      18        0.0%
SFR17                0      0       0      18        0.0%
BITBANK7            50      0       0      19        0.0%
BITSFR18             0      0       0      19        0.0%
SFR18                0      0       0      19        0.0%
BANK7               50      0       0      20        0.0%
BITSFR19             0      0       0      20        0.0%
SFR19                0      0       0      20        0.0%
BITBANK8            50      0       0      21        0.0%
BITSFR20             0      0       0      21        0.0%
SFR20                0      0       0      21        0.0%
BANK8               50      0       0      22        0.0%
BITSFR21             0      0       0      22        0.0%
SFR21                0      0       0      22        0.0%
BITBANK9            50      0       0      23        0.0%
BITSFR22             0      0       0      23        0.0%
SFR22                0      0       0      23        0.0%
BANK9               50      0       0      24        0.0%
BITSFR23             0      0       0      24        0.0%
SFR23                0      0       0      24        0.0%
BITBANK10           50      0       0      25        0.0%
BITSFR24             0      0       0      25        0.0%
SFR24                0      0       0      25        0.0%
BANK10              50      0       0      26        0.0%
BITSFR25             0      0       0      26        0.0%
SFR25                0      0       0      26        0.0%
BITBANK11           50      0       0      27        0.0%
BITSFR26             0      0       0      27        0.0%
SFR26                0      0       0      27        0.0%
BITSFR27             0      0       0      28        0.0%
SFR27                0      0       0      28        0.0%
DATA                 0      0       2      28        0.0%
BANK11              50      0       0      29        0.0%
BITSFR28             0      0       0      29        0.0%
SFR28                0      0       0      29        0.0%
BITBANK12           50      0       0      30        0.0%
BITSFR29             0      0       0      30        0.0%
SFR29                0      0       0      30        0.0%
BANK12              50      0       0      31        0.0%
BITSFR30             0      0       0      31        0.0%
SFR30                0      0       0      31        0.0%
BITBANK13           50      0       0      32        0.0%
BITSFR31             0      0       0      32        0.0%
SFR31                0      0       0      32        0.0%
BANK13              50      0       0      33        0.0%
BITBANK14           50      0       0      34        0.0%
BANK14              50      0       0      35        0.0%
BITBANK15           50      0       0      36        0.0%
BANK15              50      0       0      37        0.0%
BITBANK16           50      0       0      38        0.0%
BANK16              50      0       0      39        0.0%
BITBANK17           50      0       0      40        0.0%
BANK17              50      0       0      41        0.0%
BITBANK18           50      0       0      42        0.0%
BANK18              50      0       0      43        0.0%
BITBANK19           50      0       0      44        0.0%
BANK19              50      0       0      45        0.0%
BITBANK20           50      0       0      46        0.0%
BANK20              50      0       0      47        0.0%
BITBANK21           50      0       0      48        0.0%
BANK21              50      0       0      49        0.0%
BITBANK22           50      0       0      50        0.0%
BANK22              50      0       0      51        0.0%
BITBANK23           50      0       0      52        0.0%
BANK23              50      0       0      53        0.0%
BITBANK24           50      0       0      54        0.0%
BANK24              50      0       0      55        0.0%
BITBANK25           20      0       0      56        0.0%
BANK25              20      0       0      57        0.0%


Microchip Technology PIC Macro Assembler V2.45 build 20230818022343 
Symbol Table                                                                                   Sat Nov 18 03:15:25 2023

                     l17 0046                       l60 003D                       l65 004A  
                     l66 004A                      l603 003E                      l611 0028  
                    l621 0034                      l613 002A                      l605 0021  
                    l623 0038                      l615 002C                      l607 0024  
                    l625 0039                      l617 0031                      l609 0026  
                    l627 003B                      l619 0033                      l643 0047  
                    l629 003C                      _PR2 001B                      _isr 0004  
                   ?_isr 0071                     _SCS0 04C8                     i1l75 0016  
                   _SCS1 04C9                     i1l77 0018                     _TMR2 001A  
                   u1_20 0012                     u1_21 0011                     _main 0047  
                   btemp 007E                     start 001A                    ??_isr 0071  
                  ?_main 0071                    _IRCF0 04CB                    _IRCF1 04CC  
                  _IRCF2 04CD                    _IRCF3 04CE                    i1l651 0013  
                  i1l645 0006                    i1l647 0008                    i1l649 0012  
                  _TRISD 008F                    status 0003                    wtemp0 007E  
           ?_internal_32 0071          __initialization 001C             __end_of_main 004D  
                 ??_main 0072                   _ANSELD 018F                   _SPLLEN 04CF  
       __end_of_initMain 003E  __end_of__initialization 001D           __pcstackCOMMON 0071  
             __pmaintext 0047               __pintentry 0004                ?_initMain 0071  
                __ptext1 0021                  __ptext2 003E                _T2CONbits 001C  
   end_of_initialization 001D               ??_initMain 0072                _TRISDbits 008F  
    start_initialization 001C              __end_of_isr 001A              __pbssCOMMON 0070  
              ___latbits 0003            ??_internal_32 0072                 _LATDbits 010F  
               _PIE1bits 0091                 _PIR1bits 0011      __end_of_internal_32 0047  
               _initMain 0021              _internal_32 003E                 int$flags 007E  
             _INTCONbits 000B                 isr@count 0070                 intlevel1 0000  
