

Microchip MPLAB XC8 Assembler V2.45 build 20230818022343 
                                                                                               Fri Nov 24 04:11:24 2023

Microchip MPLAB XC8 C Compiler v2.45 (Free license) build 20230818022343 Og1 
     1                           	processor	16F1719
     2                           	pagewidth 120
     3                           	opt	flic
     4                           	psect	cinit,global,class=CODE,merge=1,delta=2
     5                           	psect	cstackCOMMON,global,class=COMMON,space=1,delta=1,noexec
     6                           	psect	maintext,global,class=CODE,merge=1,split=1,delta=2
     7                           	psect	text1,local,class=CODE,merge=1,delta=2
     8                           	psect	text2,local,class=CODE,merge=1,delta=2
     9                           	psect	text3,local,class=CODE,merge=1,delta=2
    10                           	psect	text4,local,class=CODE,merge=1,delta=2
    11                           	psect	text5,local,class=CODE,merge=1,delta=2
    12                           	psect	config,global,abs,ovrld,class=CONFIG,space=4,delta=2,noexec
    13                           	dabs	1,0x7E,2
    14     0000                     
    15                           ; Generated 06/07/2023 GMT
    16                           ; 
    17                           ; Copyright © 2023, Microchip Technology Inc. and its subsidiaries ("Microchip")
    18                           ; All rights reserved.
    19                           ; 
    20                           ; This software is developed by Microchip Technology Inc. and its subsidiaries ("Microch
      +                          ip").
    21                           ; 
    22                           ; Redistribution and use in source and binary forms, with or without modification, are
    23                           ; permitted provided that the following conditions are met:
    24                           ; 
    25                           ;     1. Redistributions of source code must retain the above copyright notice, this lis
      +                          t of
    26                           ;        conditions and the following disclaimer.
    27                           ; 
    28                           ;     2. Redistributions in binary form must reproduce the above copyright notice, this 
      +                          list
    29                           ;        of conditions and the following disclaimer in the documentation and/or other
    30                           ;        materials provided with the distribution. Publication is not required when
    31                           ;        this file is used in an embedded application.
    32                           ; 
    33                           ;     3. Microchip's name may not be used to endorse or promote products derived from th
      +                          is
    34                           ;        software without specific prior written permission.
    35                           ; 
    36                           ; THIS SOFTWARE IS PROVIDED BY MICROCHIP "AS IS" AND ANY EXPRESS OR IMPLIED WARRANTIES,
    37                           ; INCLUDING, BUT NOT LIMITED TO, THE IMPLIED WARRANTIES OF MERCHANTABILITY AND FITNESS F
      +                          OR
    38                           ; PURPOSE ARE DISCLAIMED.  IN NO EVENT SHALL MICROCHIP BE LIABLE FOR ANY DIRECT, INDIREC
      +                          T,
    39                           ; INCIDENTAL, SPECIAL, EXEMPLARY, OR CONSEQUENTIAL DAMAGES (INCLUDING BUT NOT LIMITED TO
    40                           ; PROCUREMENT OF SUBSTITUTE GOODS OR SERVICES; LOSS OF USE, DATA OR PROFITS; OR BUSINESS
    41                           ; INTERRUPTION) HOWSOEVER CAUSED AND ON ANY THEORY OF LIABILITY, WHETHER IN CONTRACT, ST
      +                          RICT
    42                           ; LIABILITY, OR TORT (INCLUDING NEGLIGENCE OR OTHERWISE) ARISING IN ANY WAY OUT OF THE U
      +                          SE OF
    43                           ; THIS SOFTWARE, EVEN IF ADVISED OF THE POSSIBILITY OF SUCH DAMAGE.
    44                           ; 
    45                           ; 
    46                           ; Code-generator required, PIC16F1719 Definitions
    47                           ; 
    48                           ; SFR Addresses
    49     0000                     	;# 
    50     0001                     	;# 
    51     0002                     	;# 
    52     0003                     	;# 
    53     0004                     	;# 
    54     0005                     	;# 
    55     0006                     	;# 
    56     0007                     	;# 
    57     0008                     	;# 
    58     0009                     	;# 
    59     000A                     	;# 
    60     000B                     	;# 
    61     000C                     	;# 
    62     000D                     	;# 
    63     000E                     	;# 
    64     000F                     	;# 
    65     0010                     	;# 
    66     0011                     	;# 
    67     0012                     	;# 
    68     0013                     	;# 
    69     0015                     	;# 
    70     0016                     	;# 
    71     0016                     	;# 
    72     0017                     	;# 
    73     0018                     	;# 
    74     0019                     	;# 
    75     001A                     	;# 
    76     001B                     	;# 
    77     001C                     	;# 
    78     008C                     	;# 
    79     008D                     	;# 
    80     008E                     	;# 
    81     008F                     	;# 
    82     0090                     	;# 
    83     0091                     	;# 
    84     0092                     	;# 
    85     0093                     	;# 
    86     0095                     	;# 
    87     0096                     	;# 
    88     0097                     	;# 
    89     0098                     	;# 
    90     0099                     	;# 
    91     009A                     	;# 
    92     009B                     	;# 
    93     009B                     	;# 
    94     009C                     	;# 
    95     009D                     	;# 
    96     009E                     	;# 
    97     009F                     	;# 
    98     010C                     	;# 
    99     010D                     	;# 
   100     010E                     	;# 
   101     010F                     	;# 
   102     0110                     	;# 
   103     0111                     	;# 
   104     0112                     	;# 
   105     0113                     	;# 
   106     0114                     	;# 
   107     0115                     	;# 
   108     0116                     	;# 
   109     0117                     	;# 
   110     0118                     	;# 
   111     0119                     	;# 
   112     011A                     	;# 
   113     011B                     	;# 
   114     011B                     	;# 
   115     011C                     	;# 
   116     018C                     	;# 
   117     018D                     	;# 
   118     018E                     	;# 
   119     018F                     	;# 
   120     0190                     	;# 
   121     0191                     	;# 
   122     0191                     	;# 
   123     0192                     	;# 
   124     0193                     	;# 
   125     0193                     	;# 
   126     0194                     	;# 
   127     0195                     	;# 
   128     0196                     	;# 
   129     0197                     	;# 
   130     0199                     	;# 
   131     0199                     	;# 
   132     0199                     	;# 
   133     019A                     	;# 
   134     019A                     	;# 
   135     019A                     	;# 
   136     019B                     	;# 
   137     019B                     	;# 
   138     019B                     	;# 
   139     019B                     	;# 
   140     019B                     	;# 
   141     019C                     	;# 
   142     019C                     	;# 
   143     019C                     	;# 
   144     019D                     	;# 
   145     019D                     	;# 
   146     019D                     	;# 
   147     019E                     	;# 
   148     019E                     	;# 
   149     019E                     	;# 
   150     019F                     	;# 
   151     019F                     	;# 
   152     019F                     	;# 
   153     019F                     	;# 
   154     019F                     	;# 
   155     020C                     	;# 
   156     020D                     	;# 
   157     020E                     	;# 
   158     020F                     	;# 
   159     0210                     	;# 
   160     0211                     	;# 
   161     0211                     	;# 
   162     0212                     	;# 
   163     0212                     	;# 
   164     0213                     	;# 
   165     0213                     	;# 
   166     0214                     	;# 
   167     0214                     	;# 
   168     0215                     	;# 
   169     0215                     	;# 
   170     0215                     	;# 
   171     0215                     	;# 
   172     0216                     	;# 
   173     0216                     	;# 
   174     0217                     	;# 
   175     0217                     	;# 
   176     028C                     	;# 
   177     028D                     	;# 
   178     028E                     	;# 
   179     028F                     	;# 
   180     0290                     	;# 
   181     0291                     	;# 
   182     0291                     	;# 
   183     0292                     	;# 
   184     0293                     	;# 
   185     0293                     	;# 
   186     0298                     	;# 
   187     0298                     	;# 
   188     0299                     	;# 
   189     029A                     	;# 
   190     029A                     	;# 
   191     029E                     	;# 
   192     030C                     	;# 
   193     030D                     	;# 
   194     030E                     	;# 
   195     030F                     	;# 
   196     0310                     	;# 
   197     038C                     	;# 
   198     038D                     	;# 
   199     038E                     	;# 
   200     038F                     	;# 
   201     0390                     	;# 
   202     0391                     	;# 
   203     0392                     	;# 
   204     0393                     	;# 
   205     0394                     	;# 
   206     0395                     	;# 
   207     0396                     	;# 
   208     0397                     	;# 
   209     0398                     	;# 
   210     0399                     	;# 
   211     039D                     	;# 
   212     039E                     	;# 
   213     039F                     	;# 
   214     0415                     	;# 
   215     0416                     	;# 
   216     0417                     	;# 
   217     041C                     	;# 
   218     041D                     	;# 
   219     041E                     	;# 
   220     0498                     	;# 
   221     0498                     	;# 
   222     0499                     	;# 
   223     049A                     	;# 
   224     049B                     	;# 
   225     049B                     	;# 
   226     049C                     	;# 
   227     049D                     	;# 
   228     049E                     	;# 
   229     049F                     	;# 
   230     0511                     	;# 
   231     0515                     	;# 
   232     0617                     	;# 
   233     0618                     	;# 
   234     0619                     	;# 
   235     0619                     	;# 
   236     061A                     	;# 
   237     061B                     	;# 
   238     061C                     	;# 
   239     061C                     	;# 
   240     0691                     	;# 
   241     0692                     	;# 
   242     0693                     	;# 
   243     0694                     	;# 
   244     0695                     	;# 
   245     0696                     	;# 
   246     0697                     	;# 
   247     0698                     	;# 
   248     0699                     	;# 
   249     069A                     	;# 
   250     069B                     	;# 
   251     069C                     	;# 
   252     069D                     	;# 
   253     069E                     	;# 
   254     069F                     	;# 
   255     0E0F                     	;# 
   256     0E10                     	;# 
   257     0E11                     	;# 
   258     0E12                     	;# 
   259     0E13                     	;# 
   260     0E14                     	;# 
   261     0E15                     	;# 
   262     0E17                     	;# 
   263     0E20                     	;# 
   264     0E21                     	;# 
   265     0E22                     	;# 
   266     0E24                     	;# 
   267     0E25                     	;# 
   268     0E28                     	;# 
   269     0E29                     	;# 
   270     0E2A                     	;# 
   271     0E2B                     	;# 
   272     0E90                     	;# 
   273     0E91                     	;# 
   274     0E92                     	;# 
   275     0E93                     	;# 
   276     0E94                     	;# 
   277     0E95                     	;# 
   278     0E96                     	;# 
   279     0E97                     	;# 
   280     0E98                     	;# 
   281     0E99                     	;# 
   282     0E9A                     	;# 
   283     0E9B                     	;# 
   284     0E9C                     	;# 
   285     0E9D                     	;# 
   286     0E9E                     	;# 
   287     0E9F                     	;# 
   288     0EA0                     	;# 
   289     0EA1                     	;# 
   290     0EA2                     	;# 
   291     0EA3                     	;# 
   292     0EA4                     	;# 
   293     0EA5                     	;# 
   294     0EA6                     	;# 
   295     0EA7                     	;# 
   296     0EA8                     	;# 
   297     0EA9                     	;# 
   298     0EAA                     	;# 
   299     0EAB                     	;# 
   300     0EAC                     	;# 
   301     0EAD                     	;# 
   302     0EAE                     	;# 
   303     0EAF                     	;# 
   304     0EB0                     	;# 
   305     0EB1                     	;# 
   306     0EB2                     	;# 
   307     0F0F                     	;# 
   308     0F10                     	;# 
   309     0F11                     	;# 
   310     0F12                     	;# 
   311     0F13                     	;# 
   312     0F14                     	;# 
   313     0F15                     	;# 
   314     0F16                     	;# 
   315     0F17                     	;# 
   316     0F18                     	;# 
   317     0F19                     	;# 
   318     0F1A                     	;# 
   319     0F1B                     	;# 
   320     0F1C                     	;# 
   321     0F1D                     	;# 
   322     0F1E                     	;# 
   323     0F1F                     	;# 
   324     0F20                     	;# 
   325     0F21                     	;# 
   326     0F22                     	;# 
   327     0F23                     	;# 
   328     0F24                     	;# 
   329     0F25                     	;# 
   330     0F26                     	;# 
   331     0F27                     	;# 
   332     0F28                     	;# 
   333     0F29                     	;# 
   334     0F2A                     	;# 
   335     0F2B                     	;# 
   336     0F2C                     	;# 
   337     0F2D                     	;# 
   338     0F2E                     	;# 
   339     0F2F                     	;# 
   340     0F30                     	;# 
   341     0F31                     	;# 
   342     0F32                     	;# 
   343     0F33                     	;# 
   344     0F34                     	;# 
   345     0F35                     	;# 
   346     0F36                     	;# 
   347     0F37                     	;# 
   348     0FE4                     	;# 
   349     0FE5                     	;# 
   350     0FE6                     	;# 
   351     0FE7                     	;# 
   352     0FE8                     	;# 
   353     0FE9                     	;# 
   354     0FEA                     	;# 
   355     0FEB                     	;# 
   356     0FED                     	;# 
   357     0FEE                     	;# 
   358     0FEF                     	;# 
   359     0000                     	;# 
   360     0001                     	;# 
   361     0002                     	;# 
   362     0003                     	;# 
   363     0004                     	;# 
   364     0005                     	;# 
   365     0006                     	;# 
   366     0007                     	;# 
   367     0008                     	;# 
   368     0009                     	;# 
   369     000A                     	;# 
   370     000B                     	;# 
   371     000C                     	;# 
   372     000D                     	;# 
   373     000E                     	;# 
   374     000F                     	;# 
   375     0010                     	;# 
   376     0011                     	;# 
   377     0012                     	;# 
   378     0013                     	;# 
   379     0015                     	;# 
   380     0016                     	;# 
   381     0016                     	;# 
   382     0017                     	;# 
   383     0018                     	;# 
   384     0019                     	;# 
   385     001A                     	;# 
   386     001B                     	;# 
   387     001C                     	;# 
   388     008C                     	;# 
   389     008D                     	;# 
   390     008E                     	;# 
   391     008F                     	;# 
   392     0090                     	;# 
   393     0091                     	;# 
   394     0092                     	;# 
   395     0093                     	;# 
   396     0095                     	;# 
   397     0096                     	;# 
   398     0097                     	;# 
   399     0098                     	;# 
   400     0099                     	;# 
   401     009A                     	;# 
   402     009B                     	;# 
   403     009B                     	;# 
   404     009C                     	;# 
   405     009D                     	;# 
   406     009E                     	;# 
   407     009F                     	;# 
   408     010C                     	;# 
   409     010D                     	;# 
   410     010E                     	;# 
   411     010F                     	;# 
   412     0110                     	;# 
   413     0111                     	;# 
   414     0112                     	;# 
   415     0113                     	;# 
   416     0114                     	;# 
   417     0115                     	;# 
   418     0116                     	;# 
   419     0117                     	;# 
   420     0118                     	;# 
   421     0119                     	;# 
   422     011A                     	;# 
   423     011B                     	;# 
   424     011B                     	;# 
   425     011C                     	;# 
   426     018C                     	;# 
   427     018D                     	;# 
   428     018E                     	;# 
   429     018F                     	;# 
   430     0190                     	;# 
   431     0191                     	;# 
   432     0191                     	;# 
   433     0192                     	;# 
   434     0193                     	;# 
   435     0193                     	;# 
   436     0194                     	;# 
   437     0195                     	;# 
   438     0196                     	;# 
   439     0197                     	;# 
   440     0199                     	;# 
   441     0199                     	;# 
   442     0199                     	;# 
   443     019A                     	;# 
   444     019A                     	;# 
   445     019A                     	;# 
   446     019B                     	;# 
   447     019B                     	;# 
   448     019B                     	;# 
   449     019B                     	;# 
   450     019B                     	;# 
   451     019C                     	;# 
   452     019C                     	;# 
   453     019C                     	;# 
   454     019D                     	;# 
   455     019D                     	;# 
   456     019D                     	;# 
   457     019E                     	;# 
   458     019E                     	;# 
   459     019E                     	;# 
   460     019F                     	;# 
   461     019F                     	;# 
   462     019F                     	;# 
   463     019F                     	;# 
   464     019F                     	;# 
   465     020C                     	;# 
   466     020D                     	;# 
   467     020E                     	;# 
   468     020F                     	;# 
   469     0210                     	;# 
   470     0211                     	;# 
   471     0211                     	;# 
   472     0212                     	;# 
   473     0212                     	;# 
   474     0213                     	;# 
   475     0213                     	;# 
   476     0214                     	;# 
   477     0214                     	;# 
   478     0215                     	;# 
   479     0215                     	;# 
   480     0215                     	;# 
   481     0215                     	;# 
   482     0216                     	;# 
   483     0216                     	;# 
   484     0217                     	;# 
   485     0217                     	;# 
   486     028C                     	;# 
   487     028D                     	;# 
   488     028E                     	;# 
   489     028F                     	;# 
   490     0290                     	;# 
   491     0291                     	;# 
   492     0291                     	;# 
   493     0292                     	;# 
   494     0293                     	;# 
   495     0293                     	;# 
   496     0298                     	;# 
   497     0298                     	;# 
   498     0299                     	;# 
   499     029A                     	;# 
   500     029A                     	;# 
   501     029E                     	;# 
   502     030C                     	;# 
   503     030D                     	;# 
   504     030E                     	;# 
   505     030F                     	;# 
   506     0310                     	;# 
   507     038C                     	;# 
   508     038D                     	;# 
   509     038E                     	;# 
   510     038F                     	;# 
   511     0390                     	;# 
   512     0391                     	;# 
   513     0392                     	;# 
   514     0393                     	;# 
   515     0394                     	;# 
   516     0395                     	;# 
   517     0396                     	;# 
   518     0397                     	;# 
   519     0398                     	;# 
   520     0399                     	;# 
   521     039D                     	;# 
   522     039E                     	;# 
   523     039F                     	;# 
   524     0415                     	;# 
   525     0416                     	;# 
   526     0417                     	;# 
   527     041C                     	;# 
   528     041D                     	;# 
   529     041E                     	;# 
   530     0498                     	;# 
   531     0498                     	;# 
   532     0499                     	;# 
   533     049A                     	;# 
   534     049B                     	;# 
   535     049B                     	;# 
   536     049C                     	;# 
   537     049D                     	;# 
   538     049E                     	;# 
   539     049F                     	;# 
   540     0511                     	;# 
   541     0515                     	;# 
   542     0617                     	;# 
   543     0618                     	;# 
   544     0619                     	;# 
   545     0619                     	;# 
   546     061A                     	;# 
   547     061B                     	;# 
   548     061C                     	;# 
   549     061C                     	;# 
   550     0691                     	;# 
   551     0692                     	;# 
   552     0693                     	;# 
   553     0694                     	;# 
   554     0695                     	;# 
   555     0696                     	;# 
   556     0697                     	;# 
   557     0698                     	;# 
   558     0699                     	;# 
   559     069A                     	;# 
   560     069B                     	;# 
   561     069C                     	;# 
   562     069D                     	;# 
   563     069E                     	;# 
   564     069F                     	;# 
   565     0E0F                     	;# 
   566     0E10                     	;# 
   567     0E11                     	;# 
   568     0E12                     	;# 
   569     0E13                     	;# 
   570     0E14                     	;# 
   571     0E15                     	;# 
   572     0E17                     	;# 
   573     0E20                     	;# 
   574     0E21                     	;# 
   575     0E22                     	;# 
   576     0E24                     	;# 
   577     0E25                     	;# 
   578     0E28                     	;# 
   579     0E29                     	;# 
   580     0E2A                     	;# 
   581     0E2B                     	;# 
   582     0E90                     	;# 
   583     0E91                     	;# 
   584     0E92                     	;# 
   585     0E93                     	;# 
   586     0E94                     	;# 
   587     0E95                     	;# 
   588     0E96                     	;# 
   589     0E97                     	;# 
   590     0E98                     	;# 
   591     0E99                     	;# 
   592     0E9A                     	;# 
   593     0E9B                     	;# 
   594     0E9C                     	;# 
   595     0E9D                     	;# 
   596     0E9E                     	;# 
   597     0E9F                     	;# 
   598     0EA0                     	;# 
   599     0EA1                     	;# 
   600     0EA2                     	;# 
   601     0EA3                     	;# 
   602     0EA4                     	;# 
   603     0EA5                     	;# 
   604     0EA6                     	;# 
   605     0EA7                     	;# 
   606     0EA8                     	;# 
   607     0EA9                     	;# 
   608     0EAA                     	;# 
   609     0EAB                     	;# 
   610     0EAC                     	;# 
   611     0EAD                     	;# 
   612     0EAE                     	;# 
   613     0EAF                     	;# 
   614     0EB0                     	;# 
   615     0EB1                     	;# 
   616     0EB2                     	;# 
   617     0F0F                     	;# 
   618     0F10                     	;# 
   619     0F11                     	;# 
   620     0F12                     	;# 
   621     0F13                     	;# 
   622     0F14                     	;# 
   623     0F15                     	;# 
   624     0F16                     	;# 
   625     0F17                     	;# 
   626     0F18                     	;# 
   627     0F19                     	;# 
   628     0F1A                     	;# 
   629     0F1B                     	;# 
   630     0F1C                     	;# 
   631     0F1D                     	;# 
   632     0F1E                     	;# 
   633     0F1F                     	;# 
   634     0F20                     	;# 
   635     0F21                     	;# 
   636     0F22                     	;# 
   637     0F23                     	;# 
   638     0F24                     	;# 
   639     0F25                     	;# 
   640     0F26                     	;# 
   641     0F27                     	;# 
   642     0F28                     	;# 
   643     0F29                     	;# 
   644     0F2A                     	;# 
   645     0F2B                     	;# 
   646     0F2C                     	;# 
   647     0F2D                     	;# 
   648     0F2E                     	;# 
   649     0F2F                     	;# 
   650     0F30                     	;# 
   651     0F31                     	;# 
   652     0F32                     	;# 
   653     0F33                     	;# 
   654     0F34                     	;# 
   655     0F35                     	;# 
   656     0F36                     	;# 
   657     0F37                     	;# 
   658     0FE4                     	;# 
   659     0FE5                     	;# 
   660     0FE6                     	;# 
   661     0FE7                     	;# 
   662     0FE8                     	;# 
   663     0FE9                     	;# 
   664     0FEA                     	;# 
   665     0FEB                     	;# 
   666     0FED                     	;# 
   667     0FEE                     	;# 
   668     0FEF                     	;# 
   669     0000                     	;# 
   670     0001                     	;# 
   671     0002                     	;# 
   672     0003                     	;# 
   673     0004                     	;# 
   674     0005                     	;# 
   675     0006                     	;# 
   676     0007                     	;# 
   677     0008                     	;# 
   678     0009                     	;# 
   679     000A                     	;# 
   680     000B                     	;# 
   681     000C                     	;# 
   682     000D                     	;# 
   683     000E                     	;# 
   684     000F                     	;# 
   685     0010                     	;# 
   686     0011                     	;# 
   687     0012                     	;# 
   688     0013                     	;# 
   689     0015                     	;# 
   690     0016                     	;# 
   691     0016                     	;# 
   692     0017                     	;# 
   693     0018                     	;# 
   694     0019                     	;# 
   695     001A                     	;# 
   696     001B                     	;# 
   697     001C                     	;# 
   698     008C                     	;# 
   699     008D                     	;# 
   700     008E                     	;# 
   701     008F                     	;# 
   702     0090                     	;# 
   703     0091                     	;# 
   704     0092                     	;# 
   705     0093                     	;# 
   706     0095                     	;# 
   707     0096                     	;# 
   708     0097                     	;# 
   709     0098                     	;# 
   710     0099                     	;# 
   711     009A                     	;# 
   712     009B                     	;# 
   713     009B                     	;# 
   714     009C                     	;# 
   715     009D                     	;# 
   716     009E                     	;# 
   717     009F                     	;# 
   718     010C                     	;# 
   719     010D                     	;# 
   720     010E                     	;# 
   721     010F                     	;# 
   722     0110                     	;# 
   723     0111                     	;# 
   724     0112                     	;# 
   725     0113                     	;# 
   726     0114                     	;# 
   727     0115                     	;# 
   728     0116                     	;# 
   729     0117                     	;# 
   730     0118                     	;# 
   731     0119                     	;# 
   732     011A                     	;# 
   733     011B                     	;# 
   734     011B                     	;# 
   735     011C                     	;# 
   736     018C                     	;# 
   737     018D                     	;# 
   738     018E                     	;# 
   739     018F                     	;# 
   740     0190                     	;# 
   741     0191                     	;# 
   742     0191                     	;# 
   743     0192                     	;# 
   744     0193                     	;# 
   745     0193                     	;# 
   746     0194                     	;# 
   747     0195                     	;# 
   748     0196                     	;# 
   749     0197                     	;# 
   750     0199                     	;# 
   751     0199                     	;# 
   752     0199                     	;# 
   753     019A                     	;# 
   754     019A                     	;# 
   755     019A                     	;# 
   756     019B                     	;# 
   757     019B                     	;# 
   758     019B                     	;# 
   759     019B                     	;# 
   760     019B                     	;# 
   761     019C                     	;# 
   762     019C                     	;# 
   763     019C                     	;# 
   764     019D                     	;# 
   765     019D                     	;# 
   766     019D                     	;# 
   767     019E                     	;# 
   768     019E                     	;# 
   769     019E                     	;# 
   770     019F                     	;# 
   771     019F                     	;# 
   772     019F                     	;# 
   773     019F                     	;# 
   774     019F                     	;# 
   775     020C                     	;# 
   776     020D                     	;# 
   777     020E                     	;# 
   778     020F                     	;# 
   779     0210                     	;# 
   780     0211                     	;# 
   781     0211                     	;# 
   782     0212                     	;# 
   783     0212                     	;# 
   784     0213                     	;# 
   785     0213                     	;# 
   786     0214                     	;# 
   787     0214                     	;# 
   788     0215                     	;# 
   789     0215                     	;# 
   790     0215                     	;# 
   791     0215                     	;# 
   792     0216                     	;# 
   793     0216                     	;# 
   794     0217                     	;# 
   795     0217                     	;# 
   796     028C                     	;# 
   797     028D                     	;# 
   798     028E                     	;# 
   799     028F                     	;# 
   800     0290                     	;# 
   801     0291                     	;# 
   802     0291                     	;# 
   803     0292                     	;# 
   804     0293                     	;# 
   805     0293                     	;# 
   806     0298                     	;# 
   807     0298                     	;# 
   808     0299                     	;# 
   809     029A                     	;# 
   810     029A                     	;# 
   811     029E                     	;# 
   812     030C                     	;# 
   813     030D                     	;# 
   814     030E                     	;# 
   815     030F                     	;# 
   816     0310                     	;# 
   817     038C                     	;# 
   818     038D                     	;# 
   819     038E                     	;# 
   820     038F                     	;# 
   821     0390                     	;# 
   822     0391                     	;# 
   823     0392                     	;# 
   824     0393                     	;# 
   825     0394                     	;# 
   826     0395                     	;# 
   827     0396                     	;# 
   828     0397                     	;# 
   829     0398                     	;# 
   830     0399                     	;# 
   831     039D                     	;# 
   832     039E                     	;# 
   833     039F                     	;# 
   834     0415                     	;# 
   835     0416                     	;# 
   836     0417                     	;# 
   837     041C                     	;# 
   838     041D                     	;# 
   839     041E                     	;# 
   840     0498                     	;# 
   841     0498                     	;# 
   842     0499                     	;# 
   843     049A                     	;# 
   844     049B                     	;# 
   845     049B                     	;# 
   846     049C                     	;# 
   847     049D                     	;# 
   848     049E                     	;# 
   849     049F                     	;# 
   850     0511                     	;# 
   851     0515                     	;# 
   852     0617                     	;# 
   853     0618                     	;# 
   854     0619                     	;# 
   855     0619                     	;# 
   856     061A                     	;# 
   857     061B                     	;# 
   858     061C                     	;# 
   859     061C                     	;# 
   860     0691                     	;# 
   861     0692                     	;# 
   862     0693                     	;# 
   863     0694                     	;# 
   864     0695                     	;# 
   865     0696                     	;# 
   866     0697                     	;# 
   867     0698                     	;# 
   868     0699                     	;# 
   869     069A                     	;# 
   870     069B                     	;# 
   871     069C                     	;# 
   872     069D                     	;# 
   873     069E                     	;# 
   874     069F                     	;# 
   875     0E0F                     	;# 
   876     0E10                     	;# 
   877     0E11                     	;# 
   878     0E12                     	;# 
   879     0E13                     	;# 
   880     0E14                     	;# 
   881     0E15                     	;# 
   882     0E17                     	;# 
   883     0E20                     	;# 
   884     0E21                     	;# 
   885     0E22                     	;# 
   886     0E24                     	;# 
   887     0E25                     	;# 
   888     0E28                     	;# 
   889     0E29                     	;# 
   890     0E2A                     	;# 
   891     0E2B                     	;# 
   892     0E90                     	;# 
   893     0E91                     	;# 
   894     0E92                     	;# 
   895     0E93                     	;# 
   896     0E94                     	;# 
   897     0E95                     	;# 
   898     0E96                     	;# 
   899     0E97                     	;# 
   900     0E98                     	;# 
   901     0E99                     	;# 
   902     0E9A                     	;# 
   903     0E9B                     	;# 
   904     0E9C                     	;# 
   905     0E9D                     	;# 
   906     0E9E                     	;# 
   907     0E9F                     	;# 
   908     0EA0                     	;# 
   909     0EA1                     	;# 
   910     0EA2                     	;# 
   911     0EA3                     	;# 
   912     0EA4                     	;# 
   913     0EA5                     	;# 
   914     0EA6                     	;# 
   915     0EA7                     	;# 
   916     0EA8                     	;# 
   917     0EA9                     	;# 
   918     0EAA                     	;# 
   919     0EAB                     	;# 
   920     0EAC                     	;# 
   921     0EAD                     	;# 
   922     0EAE                     	;# 
   923     0EAF                     	;# 
   924     0EB0                     	;# 
   925     0EB1                     	;# 
   926     0EB2                     	;# 
   927     0F0F                     	;# 
   928     0F10                     	;# 
   929     0F11                     	;# 
   930     0F12                     	;# 
   931     0F13                     	;# 
   932     0F14                     	;# 
   933     0F15                     	;# 
   934     0F16                     	;# 
   935     0F17                     	;# 
   936     0F18                     	;# 
   937     0F19                     	;# 
   938     0F1A                     	;# 
   939     0F1B                     	;# 
   940     0F1C                     	;# 
   941     0F1D                     	;# 
   942     0F1E                     	;# 
   943     0F1F                     	;# 
   944     0F20                     	;# 
   945     0F21                     	;# 
   946     0F22                     	;# 
   947     0F23                     	;# 
   948     0F24                     	;# 
   949     0F25                     	;# 
   950     0F26                     	;# 
   951     0F27                     	;# 
   952     0F28                     	;# 
   953     0F29                     	;# 
   954     0F2A                     	;# 
   955     0F2B                     	;# 
   956     0F2C                     	;# 
   957     0F2D                     	;# 
   958     0F2E                     	;# 
   959     0F2F                     	;# 
   960     0F30                     	;# 
   961     0F31                     	;# 
   962     0F32                     	;# 
   963     0F33                     	;# 
   964     0F34                     	;# 
   965     0F35                     	;# 
   966     0F36                     	;# 
   967     0F37                     	;# 
   968     0FE4                     	;# 
   969     0FE5                     	;# 
   970     0FE6                     	;# 
   971     0FE7                     	;# 
   972     0FE8                     	;# 
   973     0FE9                     	;# 
   974     0FEA                     	;# 
   975     0FEB                     	;# 
   976     0FED                     	;# 
   977     0FEE                     	;# 
   978     0FEF                     	;# 
   979     008E                     _TRISCbits	set	142
   980     008F                     _TRISDbits	set	143
   981     04CF                     _SPLLEN	set	1231
   982     04CE                     _IRCF3	set	1230
   983     04CD                     _IRCF2	set	1229
   984     04CC                     _IRCF1	set	1228
   985     04CB                     _IRCF0	set	1227
   986     04C9                     _SCS1	set	1225
   987     04C8                     _SCS0	set	1224
   988     010F                     _LATDbits	set	271
   989     018E                     _ANSELCbits	set	398
   990     0214                     _SSP1STATbits	set	532
   991     0211                     _SSPBUF	set	529
   992     0215                     _SSP1CON1bits	set	533
   993     0212                     _SSP1ADD	set	530
   994     0215                     _SSP1CON1	set	533
   995     0214                     _SSP1STAT	set	532
   996     0E21                     _SSPDATPPSbits	set	3617
   997     0E0F                     _PPSLOCKbits	set	3599
   998     0E0F                     _PPSLOCK	set	3599
   999     0EA5                     _RC5PPSbits	set	3749
  1000     0EA3                     _RC3PPSbits	set	3747
  1001                           
  1002                           	psect	cinit
  1003     07FD                     start_initialization:	
  1004                           ; #config settings
  1005                           
  1006     07FD                     __initialization:
  1007     07FD                     end_of_initialization:	
  1008                           ;End of C runtime variable initialization code
  1009                           
  1010     07FD                     __end_of__initialization:
  1011     07FD  0020               	movlb	0
  1012     07FE  3187  2FA0         	ljmp	_main	;jump to C main() function
  1013                           
  1014                           	psect	cstackCOMMON
  1015     0070                     __pcstackCOMMON:
  1016     0070                     ?_internal_16:
  1017     0070                     ??_internal_16:	
  1018                           ; 1 bytes @ 0x0
  1019                           
  1020     0070                     ?_SPI_Initialize:	
  1021                           ; 1 bytes @ 0x0
  1022                           
  1023     0070                     ??_SPI_Initialize:	
  1024                           ; 1 bytes @ 0x0
  1025                           
  1026     0070                     ?_SPI_Exchange8bit:	
  1027                           ; 1 bytes @ 0x0
  1028                           
  1029     0070                     ??_SPI_Exchange8bit:	
  1030                           ; 1 bytes @ 0x0
  1031                           
  1032     0070                     ?_initMain:	
  1033                           ; 1 bytes @ 0x0
  1034                           
  1035     0070                     ??_initMain:	
  1036                           ; 1 bytes @ 0x0
  1037                           
  1038     0070                     ?_main:	
  1039                           ; 1 bytes @ 0x0
  1040                           
  1041     0070                     SPI_Exchange8bit@data:	
  1042                           ; 1 bytes @ 0x0
  1043                           
  1044                           
  1045                           ; 1 bytes @ 0x0
  1046     0070                     	ds	1
  1047     0071                     ?_digiPot_write:
  1048     0071                     digiPot_write@i:	
  1049                           ; 1 bytes @ 0x1
  1050                           
  1051                           
  1052                           ; 2 bytes @ 0x1
  1053     0071                     	ds	2
  1054     0073                     ??_digiPot_write:
  1055     0073                     ??_main:	
  1056                           ; 1 bytes @ 0x3
  1057                           
  1058                           
  1059                           ; 1 bytes @ 0x3
  1060     0073                     	ds	2
  1061     0075                     main@i:
  1062                           
  1063                           ; 2 bytes @ 0x5
  1064     0075                     	ds	2
  1065                           
  1066                           	psect	maintext
  1067     07A0                     __pmaintext:	
  1068 ;;
  1069 ;;Main: autosize = 0, tempsize = 2, incstack = 0, save=0
  1070 ;;
  1071 ;; *************** function _main *****************
  1072 ;; Defined at:
  1073 ;;		line 95 in file "main.c"
  1074 ;; Parameters:    Size  Location     Type
  1075 ;;		None
  1076 ;; Auto vars:     Size  Location     Type
  1077 ;;  i               2    5[COMMON] int 
  1078 ;; Return value:  Size  Location     Type
  1079 ;;                  1    wreg      void 
  1080 ;; Registers used:
  1081 ;;		wreg, status,2, status,0, pclath, cstack
  1082 ;; Tracked objects:
  1083 ;;		On entry : B1F/0
  1084 ;;		On exit  : 0/0
  1085 ;;		Unchanged: 0/0
  1086 ;; Data sizes:     COMMON   BANK0   BANK1   BANK2   BANK3   BANK4   BANK5   BANK6   BANK7   BANK8   BANK9  BANK10  BANK1
      +1  BANK12  BANK13  BANK14  BANK15  BANK16  BANK17  BANK18  BANK19  BANK20  BANK21  BANK22  BANK23  BANK24  BANK25
  1087 ;;      Params:         0       0       0       0       0       0       0       0       0       0       0       0       
      +0       0       0       0       0       0       0       0       0       0       0       0       0       0       0
  1088 ;;      Locals:         2       0       0       0       0       0       0       0       0       0       0       0       
      +0       0       0       0       0       0       0       0       0       0       0       0       0       0       0
  1089 ;;      Temps:          2       0       0       0       0       0       0       0       0       0       0       0       
      +0       0       0       0       0       0       0       0       0       0       0       0       0       0       0
  1090 ;;      Totals:         4       0       0       0       0       0       0       0       0       0       0       0       
      +0       0       0       0       0       0       0       0       0       0       0       0       0       0       0
  1091 ;;Total ram usage:        4 bytes
  1092 ;; Hardware stack levels required when called: 2
  1093 ;; This function calls:
  1094 ;;		_digiPot_write
  1095 ;;		_initMain
  1096 ;; This function is called by:
  1097 ;;		Startup code after reset
  1098 ;; This function uses a non-reentrant model
  1099 ;;
  1100                           
  1101     07A0                     _main:	
  1102                           ;psect for function _main
  1103                           
  1104     07A0                     l780:	
  1105                           ;incstack = 0
  1106                           ; Regs used in _main: [wreg+status,2+status,0+pclath+cstack]
  1107                           
  1108                           
  1109                           ;main.c: 96:     initMain();
  1110     07A0  3187  27CC  3187   	fcall	_initMain
  1111     07A3                     l782:
  1112                           
  1113                           ;main.c: 105:       for (i = 0; i <= 128; i++){
  1114     07A3  01F5               	clrf	main@i
  1115     07A4  01F6               	clrf	main@i+1
  1116     07A5                     l788:
  1117                           
  1118                           ;main.c: 107:           digiPot_write(i);
  1119     07A5  0876               	movf	main@i+1,w
  1120     07A6  00F2               	movwf	digiPot_write@i+1
  1121     07A7  0875               	movf	main@i,w
  1122     07A8  00F1               	movwf	digiPot_write@i
  1123     07A9  3187  2793  3187   	fcall	_digiPot_write
  1124     07AC                     l790:
  1125                           
  1126                           ;main.c: 108:           _delay((unsigned long)((100)*(16000000/4000.0)));
  1127     07AC  3003               	movlw	3
  1128     07AD  00F4               	movwf	??_main+1
  1129     07AE  3008               	movlw	8
  1130     07AF  00F3               	movwf	??_main
  1131     07B0  3077               	movlw	119
  1132     07B1                     u107:
  1133     07B1  0B89               	decfsz	9,f
  1134     07B2  2FB1               	goto	u107
  1135     07B3  0BF3               	decfsz	??_main,f
  1136     07B4  2FB1               	goto	u107
  1137     07B5  0BF4               	decfsz	??_main+1,f
  1138     07B6  2FB1               	goto	u107
  1139     07B7  0000               	nop
  1140     07B8                     l792:
  1141                           
  1142                           ;main.c: 109:       }
  1143     07B8  3001               	movlw	1
  1144     07B9  07F5               	addwf	main@i,f
  1145     07BA  3000               	movlw	0
  1146     07BB  3DF6               	addwfc	main@i+1,f
  1147     07BC                     l794:
  1148     07BC  0876               	movf	main@i+1,w
  1149     07BD  3A80               	xorlw	128
  1150     07BE  00F3               	movwf	??_main
  1151     07BF  3080               	movlw	128
  1152     07C0  0273               	subwf	??_main,w
  1153     07C1  1D03               	skipz
  1154     07C2  2FC5               	goto	u95
  1155     07C3  3081               	movlw	129
  1156     07C4  0275               	subwf	main@i,w
  1157     07C5                     u95:
  1158     07C5  1C03               	skipc
  1159     07C6  2FC8               	goto	u91
  1160     07C7  2FC9               	goto	u90
  1161     07C8                     u91:
  1162     07C8  2FA5               	goto	l788
  1163     07C9                     u90:
  1164     07C9  2FA3               	goto	l782
  1165     07CA  3180  2802         	ljmp	start
  1166     07CC                     __end_of_main:
  1167                           
  1168                           	psect	text1
  1169     07CC                     __ptext1:	
  1170 ;; *************** function _initMain *****************
  1171 ;; Defined at:
  1172 ;;		line 49 in file "main.c"
  1173 ;; Parameters:    Size  Location     Type
  1174 ;;		None
  1175 ;; Auto vars:     Size  Location     Type
  1176 ;;		None
  1177 ;; Return value:  Size  Location     Type
  1178 ;;                  1    wreg      void 
  1179 ;; Registers used:
  1180 ;;		wreg, status,2, status,0, pclath, cstack
  1181 ;; Tracked objects:
  1182 ;;		On entry : 0/0
  1183 ;;		On exit  : 0/0
  1184 ;;		Unchanged: 0/0
  1185 ;; Data sizes:     COMMON   BANK0   BANK1   BANK2   BANK3   BANK4   BANK5   BANK6   BANK7   BANK8   BANK9  BANK10  BANK1
      +1  BANK12  BANK13  BANK14  BANK15  BANK16  BANK17  BANK18  BANK19  BANK20  BANK21  BANK22  BANK23  BANK24  BANK25
  1186 ;;      Params:         0       0       0       0       0       0       0       0       0       0       0       0       
      +0       0       0       0       0       0       0       0       0       0       0       0       0       0       0
  1187 ;;      Locals:         0       0       0       0       0       0       0       0       0       0       0       0       
      +0       0       0       0       0       0       0       0       0       0       0       0       0       0       0
  1188 ;;      Temps:          1       0       0       0       0       0       0       0       0       0       0       0       
      +0       0       0       0       0       0       0       0       0       0       0       0       0       0       0
  1189 ;;      Totals:         1       0       0       0       0       0       0       0       0       0       0       0       
      +0       0       0       0       0       0       0       0       0       0       0       0       0       0       0
  1190 ;;Total ram usage:        1 bytes
  1191 ;; Hardware stack levels used: 1
  1192 ;; Hardware stack levels required when called: 1
  1193 ;; This function calls:
  1194 ;;		_SPI_Initialize
  1195 ;;		_internal_16
  1196 ;; This function is called by:
  1197 ;;		_main
  1198 ;; This function uses a non-reentrant model
  1199 ;;
  1200                           
  1201     07CC                     _initMain:	
  1202                           ;psect for function _initMain
  1203                           
  1204     07CC                     l664:	
  1205                           ;incstack = 0
  1206                           ; Regs used in _initMain: [wreg+status,2+status,0+pclath+cstack]
  1207                           
  1208                           
  1209                           ;main.c: 51:     internal_16();
  1210     07CC  3187  277F  3187   	fcall	_internal_16
  1211     07CF                     l666:
  1212                           
  1213                           ;main.c: 54:     _delay((unsigned long)((10)*(16000000/4000.0)));
  1214     07CF  3034               	movlw	52
  1215     07D0  00F0               	movwf	??_initMain
  1216     07D1  30F2               	movlw	242
  1217     07D2                     u117:
  1218     07D2  0B89               	decfsz	9,f
  1219     07D3  2FD2               	goto	u117
  1220     07D4  0BF0               	decfsz	??_initMain,f
  1221     07D5  2FD2               	goto	u117
  1222     07D6                     l668:
  1223                           
  1224                           ;main.c: 61:     TRISDbits.TRISD1 = 0;
  1225     07D6  0021               	movlb	1	; select bank1
  1226     07D7  108F               	bcf	15,1	;volatile
  1227     07D8                     l670:
  1228                           
  1229                           ;main.c: 62:     ANSELCbits.ANSC3 = 0;
  1230     07D8  0023               	movlb	3	; select bank3
  1231     07D9  118E               	bcf	14,3	;volatile
  1232     07DA                     l672:
  1233                           
  1234                           ;main.c: 63:     ANSELCbits.ANSC4 = 0;
  1235     07DA  120E               	bcf	14,4	;volatile
  1236     07DB                     l674:
  1237                           
  1238                           ;main.c: 64:     ANSELCbits.ANSC5 = 0;
  1239     07DB  128E               	bcf	14,5	;volatile
  1240     07DC                     l676:
  1241                           
  1242                           ;main.c: 66:     TRISCbits.TRISC3 = 0;
  1243     07DC  0021               	movlb	1	; select bank1
  1244     07DD  118E               	bcf	14,3	;volatile
  1245     07DE                     l678:
  1246                           
  1247                           ;main.c: 67:     TRISCbits.TRISC4 = 1;
  1248     07DE  160E               	bsf	14,4	;volatile
  1249     07DF                     l680:
  1250                           
  1251                           ;main.c: 68:     TRISCbits.TRISC5 = 0;
  1252     07DF  128E               	bcf	14,5	;volatile
  1253     07E0                     l682:
  1254                           
  1255                           ;main.c: 70:     PPSLOCK = 0x55;
  1256     07E0  3055               	movlw	85
  1257     07E1  003C               	movlb	28	; select bank28
  1258     07E2  008F               	movwf	15	;volsfr
  1259     07E3                     l684:
  1260                           
  1261                           ;main.c: 71:     PPSLOCK = 0xAA;
  1262     07E3  30AA               	movlw	170
  1263     07E4  008F               	movwf	15	;volsfr
  1264     07E5                     l686:
  1265                           
  1266                           ;main.c: 72:     PPSLOCKbits.PPSLOCKED = 0x00;
  1267     07E5  100F               	bcf	15,0	;volsfr
  1268     07E6                     l688:
  1269                           
  1270                           ;main.c: 74:     SSPDATPPSbits.SSPDATPPS = 0x14;
  1271     07E6  0821               	movf	33,w	;volatile
  1272     07E7  39E0               	andlw	-32
  1273     07E8  3814               	iorlw	20
  1274     07E9  00A1               	movwf	33	;volatile
  1275     07EA                     l690:
  1276                           
  1277                           ;main.c: 75:     RC3PPSbits.RC3PPS = 0x10;
  1278     07EA  003D               	movlb	29	; select bank29
  1279     07EB  0823               	movf	35,w	;volatile
  1280     07EC  39E0               	andlw	-32
  1281     07ED  3810               	iorlw	16
  1282     07EE  00A3               	movwf	35	;volatile
  1283     07EF                     l692:
  1284                           
  1285                           ;main.c: 76:     RC5PPSbits.RC5PPS = 0x11;
  1286     07EF  0825               	movf	37,w	;volatile
  1287     07F0  39E0               	andlw	-32
  1288     07F1  3811               	iorlw	17
  1289     07F2  00A5               	movwf	37	;volatile
  1290     07F3                     l694:
  1291                           
  1292                           ;main.c: 78:     PPSLOCK = 0x55;
  1293     07F3  3055               	movlw	85
  1294     07F4  003C               	movlb	28	; select bank28
  1295     07F5  008F               	movwf	15	;volsfr
  1296     07F6                     l696:
  1297                           
  1298                           ;main.c: 79:     PPSLOCK = 0xAA;
  1299     07F6  30AA               	movlw	170
  1300     07F7  008F               	movwf	15	;volsfr
  1301     07F8                     l698:
  1302                           
  1303                           ;main.c: 80:     PPSLOCKbits.PPSLOCKED = 0x01;
  1304     07F8  140F               	bsf	15,0	;volsfr
  1305     07F9                     l700:
  1306                           
  1307                           ;main.c: 83:     SPI_Initialize();
  1308     07F9  3187  2778  3187   	fcall	_SPI_Initialize
  1309     07FC                     l31:
  1310     07FC  0008               	return
  1311     07FD                     __end_of_initMain:
  1312                           
  1313                           	psect	text2
  1314     077F                     __ptext2:	
  1315 ;; *************** function _internal_16 *****************
  1316 ;; Defined at:
  1317 ;;		line 57 in file "PIC16F1719_Internal.c"
  1318 ;; Parameters:    Size  Location     Type
  1319 ;;		None
  1320 ;; Auto vars:     Size  Location     Type
  1321 ;;		None
  1322 ;; Return value:  Size  Location     Type
  1323 ;;                  1    wreg      void 
  1324 ;; Registers used:
  1325 ;;		None
  1326 ;; Tracked objects:
  1327 ;;		On entry : 0/0
  1328 ;;		On exit  : 0/0
  1329 ;;		Unchanged: 0/0
  1330 ;; Data sizes:     COMMON   BANK0   BANK1   BANK2   BANK3   BANK4   BANK5   BANK6   BANK7   BANK8   BANK9  BANK10  BANK1
      +1  BANK12  BANK13  BANK14  BANK15  BANK16  BANK17  BANK18  BANK19  BANK20  BANK21  BANK22  BANK23  BANK24  BANK25
  1331 ;;      Params:         0       0       0       0       0       0       0       0       0       0       0       0       
      +0       0       0       0       0       0       0       0       0       0       0       0       0       0       0
  1332 ;;      Locals:         0       0       0       0       0       0       0       0       0       0       0       0       
      +0       0       0       0       0       0       0       0       0       0       0       0       0       0       0
  1333 ;;      Temps:          0       0       0       0       0       0       0       0       0       0       0       0       
      +0       0       0       0       0       0       0       0       0       0       0       0       0       0       0
  1334 ;;      Totals:         0       0       0       0       0       0       0       0       0       0       0       0       
      +0       0       0       0       0       0       0       0       0       0       0       0       0       0       0
  1335 ;;Total ram usage:        0 bytes
  1336 ;; Hardware stack levels used: 1
  1337 ;; This function calls:
  1338 ;;		Nothing
  1339 ;; This function is called by:
  1340 ;;		_initMain
  1341 ;; This function uses a non-reentrant model
  1342 ;;
  1343                           
  1344     077F                     _internal_16:	
  1345                           ;psect for function _internal_16
  1346                           
  1347     077F                     l650:	
  1348                           ;incstack = 0
  1349                           ; Regs used in _internal_16: []
  1350                           
  1351                           
  1352                           ;PIC16F1719_Internal.c: 59:     SCS0 = 0;
  1353     077F  0021               	movlb	1	; select bank1
  1354     0780  1019               	bcf	25,0	;volatile
  1355                           
  1356                           ;PIC16F1719_Internal.c: 60:     SCS1 = 0;
  1357     0781  1099               	bcf	25,1	;volatile
  1358                           
  1359                           ;PIC16F1719_Internal.c: 63:     IRCF0 = 1;
  1360     0782  1599               	bsf	25,3	;volatile
  1361                           
  1362                           ;PIC16F1719_Internal.c: 64:     IRCF1 = 1;
  1363     0783  1619               	bsf	25,4	;volatile
  1364                           
  1365                           ;PIC16F1719_Internal.c: 65:     IRCF2 = 1;
  1366     0784  1699               	bsf	25,5	;volatile
  1367                           
  1368                           ;PIC16F1719_Internal.c: 66:     IRCF3 = 1;
  1369     0785  1719               	bsf	25,6	;volatile
  1370                           
  1371                           ;PIC16F1719_Internal.c: 69:     SPLLEN = 0;
  1372     0786  1399               	bcf	25,7	;volatile
  1373     0787                     l109:
  1374     0787  0008               	return
  1375     0788                     __end_of_internal_16:
  1376                           
  1377                           	psect	text3
  1378     0778                     __ptext3:	
  1379 ;; *************** function _SPI_Initialize *****************
  1380 ;; Defined at:
  1381 ;;		line 118 in file "SPI.c"
  1382 ;; Parameters:    Size  Location     Type
  1383 ;;		None
  1384 ;; Auto vars:     Size  Location     Type
  1385 ;;		None
  1386 ;; Return value:  Size  Location     Type
  1387 ;;                  1    wreg      void 
  1388 ;; Registers used:
  1389 ;;		wreg, status,2
  1390 ;; Tracked objects:
  1391 ;;		On entry : 0/0
  1392 ;;		On exit  : 0/0
  1393 ;;		Unchanged: 0/0
  1394 ;; Data sizes:     COMMON   BANK0   BANK1   BANK2   BANK3   BANK4   BANK5   BANK6   BANK7   BANK8   BANK9  BANK10  BANK1
      +1  BANK12  BANK13  BANK14  BANK15  BANK16  BANK17  BANK18  BANK19  BANK20  BANK21  BANK22  BANK23  BANK24  BANK25
  1395 ;;      Params:         0       0       0       0       0       0       0       0       0       0       0       0       
      +0       0       0       0       0       0       0       0       0       0       0       0       0       0       0
  1396 ;;      Locals:         0       0       0       0       0       0       0       0       0       0       0       0       
      +0       0       0       0       0       0       0       0       0       0       0       0       0       0       0
  1397 ;;      Temps:          0       0       0       0       0       0       0       0       0       0       0       0       
      +0       0       0       0       0       0       0       0       0       0       0       0       0       0       0
  1398 ;;      Totals:         0       0       0       0       0       0       0       0       0       0       0       0       
      +0       0       0       0       0       0       0       0       0       0       0       0       0       0       0
  1399 ;;Total ram usage:        0 bytes
  1400 ;; Hardware stack levels used: 1
  1401 ;; This function calls:
  1402 ;;		Nothing
  1403 ;; This function is called by:
  1404 ;;		_initMain
  1405 ;; This function uses a non-reentrant model
  1406 ;;
  1407                           
  1408     0778                     _SPI_Initialize:	
  1409                           ;psect for function _SPI_Initialize
  1410                           
  1411     0778                     l652:	
  1412                           ;incstack = 0
  1413                           ; Regs used in _SPI_Initialize: [wreg+status,2]
  1414                           
  1415                           
  1416                           ;SPI.c: 123:     SSP1STAT = 0x40;
  1417     0778  3040               	movlw	64
  1418     0779  0024               	movlb	4	; select bank4
  1419     077A  0094               	movwf	20	;volatile
  1420                           
  1421                           ;SPI.c: 126:     SSP1CON1 = 0x22;
  1422     077B  3022               	movlw	34
  1423     077C  0095               	movwf	21	;volatile
  1424     077D                     l654:
  1425                           
  1426                           ;SPI.c: 129:     SSP1ADD = 0x00;
  1427     077D  0192               	clrf	18	;volatile
  1428     077E                     l59:
  1429     077E  0008               	return
  1430     077F                     __end_of_SPI_Initialize:
  1431                           
  1432                           	psect	text4
  1433     0793                     __ptext4:	
  1434 ;; *************** function _digiPot_write *****************
  1435 ;; Defined at:
  1436 ;;		line 127 in file "main.c"
  1437 ;; Parameters:    Size  Location     Type
  1438 ;;  i               2    1[COMMON] int 
  1439 ;; Auto vars:     Size  Location     Type
  1440 ;;		None
  1441 ;; Return value:  Size  Location     Type
  1442 ;;                  1    wreg      void 
  1443 ;; Registers used:
  1444 ;;		wreg, status,2, status,0, pclath, cstack
  1445 ;; Tracked objects:
  1446 ;;		On entry : 0/0
  1447 ;;		On exit  : 0/0
  1448 ;;		Unchanged: 0/0
  1449 ;; Data sizes:     COMMON   BANK0   BANK1   BANK2   BANK3   BANK4   BANK5   BANK6   BANK7   BANK8   BANK9  BANK10  BANK1
      +1  BANK12  BANK13  BANK14  BANK15  BANK16  BANK17  BANK18  BANK19  BANK20  BANK21  BANK22  BANK23  BANK24  BANK25
  1450 ;;      Params:         2       0       0       0       0       0       0       0       0       0       0       0       
      +0       0       0       0       0       0       0       0       0       0       0       0       0       0       0
  1451 ;;      Locals:         0       0       0       0       0       0       0       0       0       0       0       0       
      +0       0       0       0       0       0       0       0       0       0       0       0       0       0       0
  1452 ;;      Temps:          0       0       0       0       0       0       0       0       0       0       0       0       
      +0       0       0       0       0       0       0       0       0       0       0       0       0       0       0
  1453 ;;      Totals:         2       0       0       0       0       0       0       0       0       0       0       0       
      +0       0       0       0       0       0       0       0       0       0       0       0       0       0       0
  1454 ;;Total ram usage:        2 bytes
  1455 ;; Hardware stack levels used: 1
  1456 ;; Hardware stack levels required when called: 1
  1457 ;; This function calls:
  1458 ;;		_SPI_Exchange8bit
  1459 ;; This function is called by:
  1460 ;;		_main
  1461 ;; This function uses a non-reentrant model
  1462 ;;
  1463                           
  1464     0793                     _digiPot_write:	
  1465                           ;psect for function _digiPot_write
  1466                           
  1467     0793                     l774:	
  1468                           ;incstack = 0
  1469                           ; Regs used in _digiPot_write: [wreg+status,2+status,0+pclath+cstack]
  1470                           
  1471                           
  1472                           ;main.c: 129:     LATDbits.LATD1 = 0;
  1473     0793  0022               	movlb	2	; select bank2
  1474     0794  108F               	bcf	15,1	;volatile
  1475     0795                     l776:
  1476                           
  1477                           ;main.c: 132:     SPI_Exchange8bit(0x00);
  1478     0795  3000               	movlw	0
  1479     0796  3187  2788  3187   	fcall	_SPI_Exchange8bit
  1480                           
  1481                           ;main.c: 135:     SPI_Exchange8bit(i);
  1482     0799  0871               	movf	digiPot_write@i,w
  1483     079A  3187  2788  3187   	fcall	_SPI_Exchange8bit
  1484     079D                     l778:
  1485                           
  1486                           ;main.c: 138:     LATDbits.LATD1 = 1;
  1487     079D  0022               	movlb	2	; select bank2
  1488     079E  148F               	bsf	15,1	;volatile
  1489     079F                     l44:
  1490     079F  0008               	return
  1491     07A0                     __end_of_digiPot_write:
  1492                           
  1493                           	psect	text5
  1494     0788                     __ptext5:	
  1495 ;; *************** function _SPI_Exchange8bit *****************
  1496 ;; Defined at:
  1497 ;;		line 166 in file "SPI.c"
  1498 ;; Parameters:    Size  Location     Type
  1499 ;;  data            1    wreg     unsigned char 
  1500 ;; Auto vars:     Size  Location     Type
  1501 ;;  data            1    0[COMMON] unsigned char 
  1502 ;; Return value:  Size  Location     Type
  1503 ;;                  1    wreg      unsigned char 
  1504 ;; Registers used:
  1505 ;;		wreg
  1506 ;; Tracked objects:
  1507 ;;		On entry : 0/0
  1508 ;;		On exit  : 0/0
  1509 ;;		Unchanged: 0/0
  1510 ;; Data sizes:     COMMON   BANK0   BANK1   BANK2   BANK3   BANK4   BANK5   BANK6   BANK7   BANK8   BANK9  BANK10  BANK1
      +1  BANK12  BANK13  BANK14  BANK15  BANK16  BANK17  BANK18  BANK19  BANK20  BANK21  BANK22  BANK23  BANK24  BANK25
  1511 ;;      Params:         0       0       0       0       0       0       0       0       0       0       0       0       
      +0       0       0       0       0       0       0       0       0       0       0       0       0       0       0
  1512 ;;      Locals:         1       0       0       0       0       0       0       0       0       0       0       0       
      +0       0       0       0       0       0       0       0       0       0       0       0       0       0       0
  1513 ;;      Temps:          0       0       0       0       0       0       0       0       0       0       0       0       
      +0       0       0       0       0       0       0       0       0       0       0       0       0       0       0
  1514 ;;      Totals:         1       0       0       0       0       0       0       0       0       0       0       0       
      +0       0       0       0       0       0       0       0       0       0       0       0       0       0       0
  1515 ;;Total ram usage:        1 bytes
  1516 ;; Hardware stack levels used: 1
  1517 ;; This function calls:
  1518 ;;		Nothing
  1519 ;; This function is called by:
  1520 ;;		_digiPot_write
  1521 ;;		_SPI_Exchange8bitBuffer
  1522 ;; This function uses a non-reentrant model
  1523 ;;
  1524                           
  1525     0788                     _SPI_Exchange8bit:	
  1526                           ;psect for function _SPI_Exchange8bit
  1527                           
  1528                           
  1529                           ;incstack = 0
  1530                           ; Regs used in _SPI_Exchange8bit: [wreg]
  1531                           ;SPI_Exchange8bit@data stored from wreg
  1532     0788  00F0               	movwf	SPI_Exchange8bit@data
  1533     0789                     l656:
  1534                           
  1535                           ;SPI.c: 166: uint8_t SPI_Exchange8bit(uint8_t data);SPI.c: 167: {;SPI.c: 169:     SSP1CO
      +                          N1bits.WCOL = 0;
  1536     0789  0024               	movlb	4	; select bank4
  1537     078A  1395               	bcf	21,7	;volatile
  1538     078B                     l658:
  1539                           
  1540                           ;SPI.c: 171:     SSPBUF = data;
  1541     078B  0870               	movf	SPI_Exchange8bit@data,w
  1542     078C  0091               	movwf	17	;volatile
  1543     078D                     l62:	
  1544                           ;SPI.c: 174:     {;SPI.c: 175:     }
  1545                           
  1546                           
  1547                           ;SPI.c: 173:     while(SSP1STATbits.BF == 0x0)
  1548     078D  1C14               	btfss	20,0	;volatile
  1549     078E  2F90               	goto	u11
  1550     078F  2F91               	goto	u10
  1551     0790                     u11:
  1552     0790  2F8D               	goto	l62
  1553     0791                     u10:
  1554     0791                     l660:
  1555                           
  1556                           ;SPI.c: 177:     return (SSPBUF);
  1557     0791  0811               	movf	17,w	;volatile
  1558     0792                     l65:
  1559     0792  0008               	return
  1560     0793                     __end_of_SPI_Exchange8bit:
  1561     007E                     btemp	set	126	;btemp
  1562     007E                     wtemp0	set	126
  1563                           
  1564                           	psect	config
  1565                           
  1566                           ;Config register CONFIG1 @ 0x8007
  1567                           ;	Oscillator Selection Bits
  1568                           ;	FOSC = INTOSC, INTOSC oscillator: I/O function on CLKIN pin
  1569                           ;	Watchdog Timer Enable
  1570                           ;	WDTE = OFF, WDT disabled
  1571                           ;	Power-up Timer Enable
  1572                           ;	PWRTE = OFF, PWRT disabled
  1573                           ;	MCLR Pin Function Select
  1574                           ;	MCLRE = OFF, MCLR/VPP pin function is digital input if LVP bit is also 0.
  1575                           ;	Flash Program Memory Code Protection
  1576                           ;	CP = OFF, Program memory code protection is disabled
  1577                           ;	Brown-out Reset Enable
  1578                           ;	BOREN = OFF, Brown-out Reset disabled
  1579                           ;	Clock Out Enable
  1580                           ;	CLKOUTEN = OFF, CLKOUT function is disabled. I/O or oscillator function on the CLKOUT 
      +                          pin
  1581                           ;	Internal/External Switchover Mode
  1582                           ;	IESO = ON, Internal/External Switchover Mode is enabled
  1583                           ;	Fail-Safe Clock Monitor Enable
  1584                           ;	FCMEN = OFF, Fail-Safe Clock Monitor is disabled
  1585     8007                     	org	32775
  1586     8007  19A4               	dw	6564
  1587                           
  1588                           ;Config register CONFIG2 @ 0x8008
  1589                           ;	Flash Memory Self-Write Protection
  1590                           ;	WRT = OFF, Write protection off
  1591                           ;	Peripheral Pin Select one-way control
  1592                           ;	PPS1WAY = ON, The PPSLOCK bit cannot be cleared once it is set by software
  1593                           ;	Zero-cross detect disable
  1594                           ;	ZCDDIS = ON, ZCD disabled. ZCD can be enabled by setting the ZCDSEN bit of ZCDCON
  1595                           ;	Phase Lock Loop enable
  1596                           ;	PLLEN = OFF, 4x PLL is disabled
  1597                           ;	Stack Overflow/Underflow Reset Enable
  1598                           ;	STVREN = ON, Stack Overflow or Underflow will cause a Reset
  1599                           ;	Brown-out Reset Voltage Selection
  1600                           ;	BORV = LO, Brown-out Reset Voltage (Vbor), low trip point selected.
  1601                           ;	Low-Power Brown Out Reset
  1602                           ;	LPBOR = OFF, Low-Power BOR is disabled
  1603                           ;	In-Circuit Debugger Mode
  1604                           ;	DEBUG = 0x1, unprogrammed default
  1605                           ;	Low-Voltage Programming Enable
  1606                           ;	LVP = OFF, High-voltage on MCLR/VPP must be used for programming
  1607     8008                     	org	32776
  1608     8008  1EFF               	dw	7935

Data Sizes:
    Strings     0
    Constant    0
    Data        0
    BSS         0
    Persistent  32
    Stack       0

Auto Spaces:
    Space          Size  Autos    Used
    COMMON           14      7       7
    BANK0            80      0       0
    BANK1            80      0       0
    BANK2            80      0       0
    BANK3            80      0       0
    BANK4            80      0       0
    BANK5            80      0       0
    BANK6            80      0       0
    BANK7            80      0       0
    BANK8            80      0       0
    BANK9            80      0       0
    BANK10           80      0       0
    BANK11           80      0       0
    BANK12           80      0       0
    BANK13           80      0       0
    BANK14           80      0       0
    BANK15           80      0       0
    BANK16           80      0       0
    BANK17           80      0       0
    BANK18           80      0       0
    BANK19           80      0       0
    BANK20           80      0       0
    BANK21           80      0       0
    BANK22           80      0       0
    BANK23           80      0       0
    BANK24           80      0       0
    BANK25           32      0       0

Pointer List with Targets:

    None.

Critical Paths under _main in COMMON

    _main->_digiPot_write
    _digiPot_write->_SPI_Exchange8bit

Critical Paths under _main in BANK0

    None.

Critical Paths under _main in BANK1

    None.

Critical Paths under _main in BANK2

    None.

Critical Paths under _main in BANK3

    None.

Critical Paths under _main in BANK4

    None.

Critical Paths under _main in BANK5

    None.

Critical Paths under _main in BANK6

    None.

Critical Paths under _main in BANK7

    None.

Critical Paths under _main in BANK8

    None.

Critical Paths under _main in BANK9

    None.

Critical Paths under _main in BANK10

    None.

Critical Paths under _main in BANK11

    None.

Critical Paths under _main in BANK12

    None.

Critical Paths under _main in BANK13

    None.

Critical Paths under _main in BANK14

    None.

Critical Paths under _main in BANK15

    None.

Critical Paths under _main in BANK16

    None.

Critical Paths under _main in BANK17

    None.

Critical Paths under _main in BANK18

    None.

Critical Paths under _main in BANK19

    None.

Critical Paths under _main in BANK20

    None.

Critical Paths under _main in BANK21

    None.

Critical Paths under _main in BANK22

    None.

Critical Paths under _main in BANK23

    None.

Critical Paths under _main in BANK24

    None.

Critical Paths under _main in BANK25

    None.

Call Graph Tables:

 ---------------------------------------------------------------------------------
 (Depth) Function   	        Calls       Base Space   Used Autos Params    Refs
 ---------------------------------------------------------------------------------
 (0) _main                                                 4     4      0     181
                                              3 COMMON     4     4      0
                      _digiPot_write
                           _initMain
 ---------------------------------------------------------------------------------
 (1) _initMain                                             1     1      0       0
                                              0 COMMON     1     1      0
                     _SPI_Initialize
                        _internal_16
 ---------------------------------------------------------------------------------
 (2) _internal_16                                          0     0      0       0
 ---------------------------------------------------------------------------------
 (2) _SPI_Initialize                                       0     0      0       0
 ---------------------------------------------------------------------------------
 (1) _digiPot_write                                        2     0      2     113
                                              1 COMMON     2     0      2
                   _SPI_Exchange8bit
 ---------------------------------------------------------------------------------
 (2) _SPI_Exchange8bit                                     1     1      0      15
                                              0 COMMON     1     1      0
 ---------------------------------------------------------------------------------
 Estimated maximum stack depth 2
 ---------------------------------------------------------------------------------

 Call Graph Graphs:

 _main (ROOT)
   _digiPot_write
     _SPI_Exchange8bit
   _initMain
     _SPI_Initialize
     _internal_16

 Address spaces:
Name               Size   Autos  Total    Cost      Usage
BIGRAM             7F0      0       0       0        0.0%
NULL                 0      0       0       0        0.0%
CODE                 0      0       0       0        0.0%
BITCOMMON            E      0       0       1        0.0%
BITSFR0              0      0       0       1        0.0%
SFR0                 0      0       0       1        0.0%
COMMON               E      7       7       2       50.0%
BITSFR1              0      0       0       2        0.0%
SFR1                 0      0       0       2        0.0%
BITSFR2              0      0       0       3        0.0%
SFR2                 0      0       0       3        0.0%
STACK                0      0       0       3        0.0%
BITBANK0            50      0       0       4        0.0%
BITSFR3              0      0       0       4        0.0%
SFR3                 0      0       0       4        0.0%
BANK0               50      0       0       5        0.0%
BITSFR4              0      0       0       5        0.0%
SFR4                 0      0       0       5        0.0%
BITBANK1            50      0       0       6        0.0%
BITSFR5              0      0       0       6        0.0%
SFR5                 0      0       0       6        0.0%
BANK1               50      0       0       7        0.0%
BITSFR6              0      0       0       7        0.0%
SFR6                 0      0       0       7        0.0%
BITBANK2            50      0       0       8        0.0%
BITSFR7              0      0       0       8        0.0%
SFR7                 0      0       0       8        0.0%
BANK2               50      0       0       9        0.0%
BITSFR8              0      0       0       9        0.0%
SFR8                 0      0       0       9        0.0%
BITBANK3            50      0       0      10        0.0%
BITSFR9              0      0       0      10        0.0%
SFR9                 0      0       0      10        0.0%
BANK3               50      0       0      11        0.0%
BITSFR10             0      0       0      11        0.0%
SFR10                0      0       0      11        0.0%
BITBANK4            50      0       0      12        0.0%
BITSFR11             0      0       0      12        0.0%
SFR11                0      0       0      12        0.0%
BANK4               50      0       0      13        0.0%
BITSFR12             0      0       0      13        0.0%
SFR12                0      0       0      13        0.0%
BITSFR13             0      0       0      14        0.0%
SFR13                0      0       0      14        0.0%
ABS                  0      0       0      14        0.0%
BITBANK5            50      0       0      15        0.0%
BITSFR14             0      0       0      15        0.0%
SFR14                0      0       0      15        0.0%
BANK5               50      0       0      16        0.0%
BITSFR15             0      0       0      16        0.0%
SFR15                0      0       0      16        0.0%
BITBANK6            50      0       0      17        0.0%
BITSFR16             0      0       0      17        0.0%
SFR16                0      0       0      17        0.0%
BANK6               50      0       0      18        0.0%
BITSFR17             0      0       0      18        0.0%
SFR17                0      0       0      18        0.0%
BITBANK7            50      0       0      19        0.0%
BITSFR18             0      0       0      19        0.0%
SFR18                0      0       0      19        0.0%
BANK7               50      0       0      20        0.0%
BITSFR19             0      0       0      20        0.0%
SFR19                0      0       0      20        0.0%
BITBANK8            50      0       0      21        0.0%
BITSFR20             0      0       0      21        0.0%
SFR20                0      0       0      21        0.0%
BANK8               50      0       0      22        0.0%
BITSFR21             0      0       0      22        0.0%
SFR21                0      0       0      22        0.0%
BITBANK9            50      0       0      23        0.0%
BITSFR22             0      0       0      23        0.0%
SFR22                0      0       0      23        0.0%
BANK9               50      0       0      24        0.0%
BITSFR23             0      0       0      24        0.0%
SFR23                0      0       0      24        0.0%
BITBANK10           50      0       0      25        0.0%
BITSFR24             0      0       0      25        0.0%
SFR24                0      0       0      25        0.0%
BANK10              50      0       0      26        0.0%
BITSFR25             0      0       0      26        0.0%
SFR25                0      0       0      26        0.0%
BITBANK11           50      0       0      27        0.0%
BITSFR26             0      0       0      27        0.0%
SFR26                0      0       0      27        0.0%
BITSFR27             0      0       0      28        0.0%
SFR27                0      0       0      28        0.0%
DATA                 0      0       0      28        0.0%
BANK11              50      0       0      29        0.0%
BITSFR28             0      0       0      29        0.0%
SFR28                0      0       0      29        0.0%
BITBANK12           50      0       0      30        0.0%
BITSFR29             0      0       0      30        0.0%
SFR29                0      0       0      30        0.0%
BANK12              50      0       0      31        0.0%
BITSFR30             0      0       0      31        0.0%
SFR30                0      0       0      31        0.0%
BITBANK13           50      0       0      32        0.0%
BITSFR31             0      0       0      32        0.0%
SFR31                0      0       0      32        0.0%
BANK13              50      0       0      33        0.0%
BITBANK14           50      0       0      34        0.0%
BANK14              50      0       0      35        0.0%
BITBANK15           50      0       0      36        0.0%
BANK15              50      0       0      37        0.0%
BITBANK16           50      0       0      38        0.0%
BANK16              50      0       0      39        0.0%
BITBANK17           50      0       0      40        0.0%
BANK17              50      0       0      41        0.0%
BITBANK18           50      0       0      42        0.0%
BANK18              50      0       0      43        0.0%
BITBANK19           50      0       0      44        0.0%
BANK19              50      0       0      45        0.0%
BITBANK20           50      0       0      46        0.0%
BANK20              50      0       0      47        0.0%
BITBANK21           50      0       0      48        0.0%
BANK21              50      0       0      49        0.0%
BITBANK22           50      0       0      50        0.0%
BANK22              50      0       0      51        0.0%
BITBANK23           50      0       0      52        0.0%
BANK23              50      0       0      53        0.0%
BITBANK24           50      0       0      54        0.0%
BANK24              50      0       0      55        0.0%
BITBANK25           20      0       0      56        0.0%
BANK25              20      0       0      57        0.0%


Microchip Technology PIC Macro Assembler V2.45 build 20230818022343 
Symbol Table                                                                                   Fri Nov 24 04:11:24 2023

          _SPI_Initialize 0778                        l31 07FC                        l44 079F  
                      l62 078D                        l65 0792                        l59 077E  
                      u10 0791                        u11 0790                        u90 07C9  
                      u91 07C8                        u95 07C5                       l109 0787  
                     l700 07F9                       l650 077F                       l660 0791  
                     l652 0778                       l654 077D                       l670 07D8  
                     l656 0789                       l680 07DF                       l672 07DA  
                     l664 07CC                       l658 078B                       l690 07EA  
                     l682 07E0                       l674 07DB                       l666 07CF  
                     l692 07EF                       l684 07E3                       l676 07DC  
                     l668 07D6                       l780 07A0                       l774 0793  
                     l694 07F3                       l686 07E5                       l678 07DE  
                     l790 07AC                       l782 07A3                       l776 0795  
                     l696 07F6                       l688 07E6                       l792 07B8  
                     l778 079D                       l698 07F8                       l794 07BC  
                     l788 07A5                       u107 07B1                       u117 07D2  
                     wreg 0009                      _SCS0 04C8                      _SCS1 04C9  
                    _main 07A0                      btemp 007E            digiPot_write@i 0071  
                    start 0002    __end_of_SPI_Initialize 077F                     ?_main 0070  
                   _IRCF0 04CB                     _IRCF1 04CC                     _IRCF2 04CD  
                   _IRCF3 04CE                     main@i 0075                     wtemp0 007E  
            ?_internal_16 0070           ?_SPI_Initialize 0070           __initialization 07FD  
            __end_of_main 07CC                    ??_main 0073     __end_of_digiPot_write 07A0  
__end_of_SPI_Exchange8bit 0793                    _SPLLEN 04CF                    _SSPBUF 0211  
        __end_of_initMain 07FD   __end_of__initialization 07FD            __pcstackCOMMON 0070  
              __pmaintext 07A0                   _SSP1ADD 0212                   _PPSLOCK 0E0F  
        ??_SPI_Initialize 0070                 ?_initMain 0070                   __ptext1 07CC  
                 __ptext2 077F                   __ptext3 0778                   __ptext4 0793  
                 __ptext5 0788         ?_SPI_Exchange8bit 0070      end_of_initialization 07FD  
      ??_SPI_Exchange8bit 0070      SPI_Exchange8bit@data 0070                ??_initMain 0070  
               _TRISCbits 008E                 _TRISDbits 008F       start_initialization 07FD  
           _digiPot_write 0793                 ___latbits 0003             ??_internal_16 0070  
          ?_digiPot_write 0071                  _LATDbits 010F                  _SSP1CON1 0215  
     __end_of_internal_16 0788                  _SSP1STAT 0214           ??_digiPot_write 0073  
              _ANSELCbits 018E              _SSP1CON1bits 0215                  _initMain 07CC  
           _SSPDATPPSbits 0E21               _internal_16 077F                _RC3PPSbits 0EA3  
              _RC5PPSbits 0EA5              _SSP1STATbits 0214               _PPSLOCKbits 0E0F  
        _SPI_Exchange8bit 0788  
