

Microchip Technology PIC LITE Macro Assembler V1.38 build -256452561 
                                                                                               Thu Feb 23 13:24:04 2017

Microchip Technology Omniscient Code Generator v1.38 (Free mode) build 201607010351
     1                           	processor	16F1717
     2                           	opt	pw 120
     3                           	opt	lm
     4                           	psect	cinit,global,class=CODE,merge=1,delta=2
     5                           	psect	bssCOMMON,global,class=COMMON,space=1,delta=1
     6                           	psect	cstackCOMMON,global,class=COMMON,space=1,delta=1
     7                           	psect	maintext,global,class=CODE,merge=1,split=1,delta=2
     8                           	psect	text1,local,class=CODE,merge=1,delta=2
     9                           	psect	text2,local,class=CODE,merge=1,delta=2
    10                           	psect	text3,local,class=CODE,merge=1,delta=2
    11                           	dabs	1,0x7E,2
    12  0000                     	;# 
    13  0001                     	;# 
    14  0002                     	;# 
    15  0003                     	;# 
    16  0004                     	;# 
    17  0005                     	;# 
    18  0006                     	;# 
    19  0007                     	;# 
    20  0008                     	;# 
    21  0009                     	;# 
    22  000A                     	;# 
    23  000B                     	;# 
    24  000C                     	;# 
    25  000D                     	;# 
    26  000E                     	;# 
    27  000F                     	;# 
    28  0010                     	;# 
    29  0011                     	;# 
    30  0012                     	;# 
    31  0013                     	;# 
    32  0015                     	;# 
    33  0016                     	;# 
    34  0016                     	;# 
    35  0017                     	;# 
    36  0018                     	;# 
    37  0019                     	;# 
    38  001A                     	;# 
    39  001B                     	;# 
    40  001C                     	;# 
    41  008C                     	;# 
    42  008D                     	;# 
    43  008E                     	;# 
    44  008F                     	;# 
    45  0090                     	;# 
    46  0091                     	;# 
    47  0092                     	;# 
    48  0093                     	;# 
    49  0095                     	;# 
    50  0096                     	;# 
    51  0097                     	;# 
    52  0098                     	;# 
    53  0099                     	;# 
    54  009A                     	;# 
    55  009B                     	;# 
    56  009B                     	;# 
    57  009C                     	;# 
    58  009D                     	;# 
    59  009E                     	;# 
    60  009F                     	;# 
    61  010C                     	;# 
    62  010D                     	;# 
    63  010E                     	;# 
    64  010F                     	;# 
    65  0110                     	;# 
    66  0111                     	;# 
    67  0112                     	;# 
    68  0113                     	;# 
    69  0114                     	;# 
    70  0115                     	;# 
    71  0116                     	;# 
    72  0117                     	;# 
    73  0118                     	;# 
    74  0119                     	;# 
    75  011A                     	;# 
    76  011B                     	;# 
    77  011B                     	;# 
    78  011C                     	;# 
    79  018C                     	;# 
    80  018D                     	;# 
    81  018E                     	;# 
    82  018F                     	;# 
    83  0190                     	;# 
    84  0191                     	;# 
    85  0191                     	;# 
    86  0192                     	;# 
    87  0193                     	;# 
    88  0193                     	;# 
    89  0194                     	;# 
    90  0195                     	;# 
    91  0196                     	;# 
    92  0197                     	;# 
    93  0199                     	;# 
    94  0199                     	;# 
    95  0199                     	;# 
    96  019A                     	;# 
    97  019A                     	;# 
    98  019A                     	;# 
    99  019B                     	;# 
   100  019B                     	;# 
   101  019B                     	;# 
   102  019B                     	;# 
   103  019B                     	;# 
   104  019C                     	;# 
   105  019C                     	;# 
   106  019C                     	;# 
   107  019D                     	;# 
   108  019D                     	;# 
   109  019D                     	;# 
   110  019E                     	;# 
   111  019E                     	;# 
   112  019E                     	;# 
   113  019F                     	;# 
   114  019F                     	;# 
   115  019F                     	;# 
   116  019F                     	;# 
   117  019F                     	;# 
   118  020C                     	;# 
   119  020D                     	;# 
   120  020E                     	;# 
   121  020F                     	;# 
   122  0210                     	;# 
   123  0211                     	;# 
   124  0211                     	;# 
   125  0212                     	;# 
   126  0212                     	;# 
   127  0213                     	;# 
   128  0213                     	;# 
   129  0214                     	;# 
   130  0214                     	;# 
   131  0215                     	;# 
   132  0215                     	;# 
   133  0215                     	;# 
   134  0215                     	;# 
   135  0216                     	;# 
   136  0216                     	;# 
   137  0217                     	;# 
   138  0217                     	;# 
   139  028C                     	;# 
   140  028D                     	;# 
   141  028E                     	;# 
   142  028F                     	;# 
   143  0290                     	;# 
   144  0291                     	;# 
   145  0291                     	;# 
   146  0292                     	;# 
   147  0293                     	;# 
   148  0293                     	;# 
   149  0298                     	;# 
   150  0298                     	;# 
   151  0299                     	;# 
   152  029A                     	;# 
   153  029A                     	;# 
   154  029E                     	;# 
   155  030C                     	;# 
   156  030D                     	;# 
   157  030E                     	;# 
   158  030F                     	;# 
   159  0310                     	;# 
   160  038C                     	;# 
   161  038D                     	;# 
   162  038E                     	;# 
   163  038F                     	;# 
   164  0390                     	;# 
   165  0391                     	;# 
   166  0392                     	;# 
   167  0393                     	;# 
   168  0394                     	;# 
   169  0395                     	;# 
   170  0396                     	;# 
   171  0397                     	;# 
   172  0398                     	;# 
   173  0399                     	;# 
   174  039D                     	;# 
   175  039E                     	;# 
   176  039F                     	;# 
   177  0415                     	;# 
   178  0416                     	;# 
   179  0417                     	;# 
   180  041C                     	;# 
   181  041D                     	;# 
   182  041E                     	;# 
   183  0498                     	;# 
   184  0498                     	;# 
   185  0499                     	;# 
   186  049A                     	;# 
   187  049B                     	;# 
   188  049B                     	;# 
   189  049C                     	;# 
   190  049D                     	;# 
   191  049E                     	;# 
   192  049F                     	;# 
   193  0511                     	;# 
   194  0515                     	;# 
   195  0617                     	;# 
   196  0618                     	;# 
   197  0619                     	;# 
   198  0619                     	;# 
   199  061A                     	;# 
   200  061B                     	;# 
   201  061C                     	;# 
   202  061C                     	;# 
   203  0691                     	;# 
   204  0692                     	;# 
   205  0693                     	;# 
   206  0694                     	;# 
   207  0695                     	;# 
   208  0696                     	;# 
   209  0697                     	;# 
   210  0698                     	;# 
   211  0699                     	;# 
   212  069A                     	;# 
   213  069B                     	;# 
   214  069C                     	;# 
   215  069D                     	;# 
   216  069E                     	;# 
   217  069F                     	;# 
   218  0E0F                     	;# 
   219  0E10                     	;# 
   220  0E11                     	;# 
   221  0E12                     	;# 
   222  0E13                     	;# 
   223  0E14                     	;# 
   224  0E15                     	;# 
   225  0E17                     	;# 
   226  0E20                     	;# 
   227  0E21                     	;# 
   228  0E22                     	;# 
   229  0E24                     	;# 
   230  0E25                     	;# 
   231  0E28                     	;# 
   232  0E29                     	;# 
   233  0E2A                     	;# 
   234  0E2B                     	;# 
   235  0E90                     	;# 
   236  0E91                     	;# 
   237  0E92                     	;# 
   238  0E93                     	;# 
   239  0E94                     	;# 
   240  0E95                     	;# 
   241  0E96                     	;# 
   242  0E97                     	;# 
   243  0E98                     	;# 
   244  0E99                     	;# 
   245  0E9A                     	;# 
   246  0E9B                     	;# 
   247  0E9C                     	;# 
   248  0E9D                     	;# 
   249  0E9E                     	;# 
   250  0E9F                     	;# 
   251  0EA0                     	;# 
   252  0EA1                     	;# 
   253  0EA2                     	;# 
   254  0EA3                     	;# 
   255  0EA4                     	;# 
   256  0EA5                     	;# 
   257  0EA6                     	;# 
   258  0EA7                     	;# 
   259  0EA8                     	;# 
   260  0EA9                     	;# 
   261  0EAA                     	;# 
   262  0EAB                     	;# 
   263  0EAC                     	;# 
   264  0EAD                     	;# 
   265  0EAE                     	;# 
   266  0EAF                     	;# 
   267  0EB0                     	;# 
   268  0EB1                     	;# 
   269  0EB2                     	;# 
   270  0F0F                     	;# 
   271  0F10                     	;# 
   272  0F11                     	;# 
   273  0F12                     	;# 
   274  0F13                     	;# 
   275  0F14                     	;# 
   276  0F15                     	;# 
   277  0F16                     	;# 
   278  0F17                     	;# 
   279  0F18                     	;# 
   280  0F19                     	;# 
   281  0F1A                     	;# 
   282  0F1B                     	;# 
   283  0F1C                     	;# 
   284  0F1D                     	;# 
   285  0F1E                     	;# 
   286  0F1F                     	;# 
   287  0F20                     	;# 
   288  0F21                     	;# 
   289  0F22                     	;# 
   290  0F23                     	;# 
   291  0F24                     	;# 
   292  0F25                     	;# 
   293  0F26                     	;# 
   294  0F27                     	;# 
   295  0F28                     	;# 
   296  0F29                     	;# 
   297  0F2A                     	;# 
   298  0F2B                     	;# 
   299  0F2C                     	;# 
   300  0F2D                     	;# 
   301  0F2E                     	;# 
   302  0F2F                     	;# 
   303  0F30                     	;# 
   304  0F31                     	;# 
   305  0F32                     	;# 
   306  0F33                     	;# 
   307  0F34                     	;# 
   308  0F35                     	;# 
   309  0F36                     	;# 
   310  0F37                     	;# 
   311  0FE4                     	;# 
   312  0FE5                     	;# 
   313  0FE6                     	;# 
   314  0FE7                     	;# 
   315  0FE8                     	;# 
   316  0FE9                     	;# 
   317  0FEA                     	;# 
   318  0FEB                     	;# 
   319  0FED                     	;# 
   320  0FEE                     	;# 
   321  0FEF                     	;# 
   322  0000                     	;# 
   323  0001                     	;# 
   324  0002                     	;# 
   325  0003                     	;# 
   326  0004                     	;# 
   327  0005                     	;# 
   328  0006                     	;# 
   329  0007                     	;# 
   330  0008                     	;# 
   331  0009                     	;# 
   332  000A                     	;# 
   333  000B                     	;# 
   334  000C                     	;# 
   335  000D                     	;# 
   336  000E                     	;# 
   337  000F                     	;# 
   338  0010                     	;# 
   339  0011                     	;# 
   340  0012                     	;# 
   341  0013                     	;# 
   342  0015                     	;# 
   343  0016                     	;# 
   344  0016                     	;# 
   345  0017                     	;# 
   346  0018                     	;# 
   347  0019                     	;# 
   348  001A                     	;# 
   349  001B                     	;# 
   350  001C                     	;# 
   351  008C                     	;# 
   352  008D                     	;# 
   353  008E                     	;# 
   354  008F                     	;# 
   355  0090                     	;# 
   356  0091                     	;# 
   357  0092                     	;# 
   358  0093                     	;# 
   359  0095                     	;# 
   360  0096                     	;# 
   361  0097                     	;# 
   362  0098                     	;# 
   363  0099                     	;# 
   364  009A                     	;# 
   365  009B                     	;# 
   366  009B                     	;# 
   367  009C                     	;# 
   368  009D                     	;# 
   369  009E                     	;# 
   370  009F                     	;# 
   371  010C                     	;# 
   372  010D                     	;# 
   373  010E                     	;# 
   374  010F                     	;# 
   375  0110                     	;# 
   376  0111                     	;# 
   377  0112                     	;# 
   378  0113                     	;# 
   379  0114                     	;# 
   380  0115                     	;# 
   381  0116                     	;# 
   382  0117                     	;# 
   383  0118                     	;# 
   384  0119                     	;# 
   385  011A                     	;# 
   386  011B                     	;# 
   387  011B                     	;# 
   388  011C                     	;# 
   389  018C                     	;# 
   390  018D                     	;# 
   391  018E                     	;# 
   392  018F                     	;# 
   393  0190                     	;# 
   394  0191                     	;# 
   395  0191                     	;# 
   396  0192                     	;# 
   397  0193                     	;# 
   398  0193                     	;# 
   399  0194                     	;# 
   400  0195                     	;# 
   401  0196                     	;# 
   402  0197                     	;# 
   403  0199                     	;# 
   404  0199                     	;# 
   405  0199                     	;# 
   406  019A                     	;# 
   407  019A                     	;# 
   408  019A                     	;# 
   409  019B                     	;# 
   410  019B                     	;# 
   411  019B                     	;# 
   412  019B                     	;# 
   413  019B                     	;# 
   414  019C                     	;# 
   415  019C                     	;# 
   416  019C                     	;# 
   417  019D                     	;# 
   418  019D                     	;# 
   419  019D                     	;# 
   420  019E                     	;# 
   421  019E                     	;# 
   422  019E                     	;# 
   423  019F                     	;# 
   424  019F                     	;# 
   425  019F                     	;# 
   426  019F                     	;# 
   427  019F                     	;# 
   428  020C                     	;# 
   429  020D                     	;# 
   430  020E                     	;# 
   431  020F                     	;# 
   432  0210                     	;# 
   433  0211                     	;# 
   434  0211                     	;# 
   435  0212                     	;# 
   436  0212                     	;# 
   437  0213                     	;# 
   438  0213                     	;# 
   439  0214                     	;# 
   440  0214                     	;# 
   441  0215                     	;# 
   442  0215                     	;# 
   443  0215                     	;# 
   444  0215                     	;# 
   445  0216                     	;# 
   446  0216                     	;# 
   447  0217                     	;# 
   448  0217                     	;# 
   449  028C                     	;# 
   450  028D                     	;# 
   451  028E                     	;# 
   452  028F                     	;# 
   453  0290                     	;# 
   454  0291                     	;# 
   455  0291                     	;# 
   456  0292                     	;# 
   457  0293                     	;# 
   458  0293                     	;# 
   459  0298                     	;# 
   460  0298                     	;# 
   461  0299                     	;# 
   462  029A                     	;# 
   463  029A                     	;# 
   464  029E                     	;# 
   465  030C                     	;# 
   466  030D                     	;# 
   467  030E                     	;# 
   468  030F                     	;# 
   469  0310                     	;# 
   470  038C                     	;# 
   471  038D                     	;# 
   472  038E                     	;# 
   473  038F                     	;# 
   474  0390                     	;# 
   475  0391                     	;# 
   476  0392                     	;# 
   477  0393                     	;# 
   478  0394                     	;# 
   479  0395                     	;# 
   480  0396                     	;# 
   481  0397                     	;# 
   482  0398                     	;# 
   483  0399                     	;# 
   484  039D                     	;# 
   485  039E                     	;# 
   486  039F                     	;# 
   487  0415                     	;# 
   488  0416                     	;# 
   489  0417                     	;# 
   490  041C                     	;# 
   491  041D                     	;# 
   492  041E                     	;# 
   493  0498                     	;# 
   494  0498                     	;# 
   495  0499                     	;# 
   496  049A                     	;# 
   497  049B                     	;# 
   498  049B                     	;# 
   499  049C                     	;# 
   500  049D                     	;# 
   501  049E                     	;# 
   502  049F                     	;# 
   503  0511                     	;# 
   504  0515                     	;# 
   505  0617                     	;# 
   506  0618                     	;# 
   507  0619                     	;# 
   508  0619                     	;# 
   509  061A                     	;# 
   510  061B                     	;# 
   511  061C                     	;# 
   512  061C                     	;# 
   513  0691                     	;# 
   514  0692                     	;# 
   515  0693                     	;# 
   516  0694                     	;# 
   517  0695                     	;# 
   518  0696                     	;# 
   519  0697                     	;# 
   520  0698                     	;# 
   521  0699                     	;# 
   522  069A                     	;# 
   523  069B                     	;# 
   524  069C                     	;# 
   525  069D                     	;# 
   526  069E                     	;# 
   527  069F                     	;# 
   528  0E0F                     	;# 
   529  0E10                     	;# 
   530  0E11                     	;# 
   531  0E12                     	;# 
   532  0E13                     	;# 
   533  0E14                     	;# 
   534  0E15                     	;# 
   535  0E17                     	;# 
   536  0E20                     	;# 
   537  0E21                     	;# 
   538  0E22                     	;# 
   539  0E24                     	;# 
   540  0E25                     	;# 
   541  0E28                     	;# 
   542  0E29                     	;# 
   543  0E2A                     	;# 
   544  0E2B                     	;# 
   545  0E90                     	;# 
   546  0E91                     	;# 
   547  0E92                     	;# 
   548  0E93                     	;# 
   549  0E94                     	;# 
   550  0E95                     	;# 
   551  0E96                     	;# 
   552  0E97                     	;# 
   553  0E98                     	;# 
   554  0E99                     	;# 
   555  0E9A                     	;# 
   556  0E9B                     	;# 
   557  0E9C                     	;# 
   558  0E9D                     	;# 
   559  0E9E                     	;# 
   560  0E9F                     	;# 
   561  0EA0                     	;# 
   562  0EA1                     	;# 
   563  0EA2                     	;# 
   564  0EA3                     	;# 
   565  0EA4                     	;# 
   566  0EA5                     	;# 
   567  0EA6                     	;# 
   568  0EA7                     	;# 
   569  0EA8                     	;# 
   570  0EA9                     	;# 
   571  0EAA                     	;# 
   572  0EAB                     	;# 
   573  0EAC                     	;# 
   574  0EAD                     	;# 
   575  0EAE                     	;# 
   576  0EAF                     	;# 
   577  0EB0                     	;# 
   578  0EB1                     	;# 
   579  0EB2                     	;# 
   580  0F0F                     	;# 
   581  0F10                     	;# 
   582  0F11                     	;# 
   583  0F12                     	;# 
   584  0F13                     	;# 
   585  0F14                     	;# 
   586  0F15                     	;# 
   587  0F16                     	;# 
   588  0F17                     	;# 
   589  0F18                     	;# 
   590  0F19                     	;# 
   591  0F1A                     	;# 
   592  0F1B                     	;# 
   593  0F1C                     	;# 
   594  0F1D                     	;# 
   595  0F1E                     	;# 
   596  0F1F                     	;# 
   597  0F20                     	;# 
   598  0F21                     	;# 
   599  0F22                     	;# 
   600  0F23                     	;# 
   601  0F24                     	;# 
   602  0F25                     	;# 
   603  0F26                     	;# 
   604  0F27                     	;# 
   605  0F28                     	;# 
   606  0F29                     	;# 
   607  0F2A                     	;# 
   608  0F2B                     	;# 
   609  0F2C                     	;# 
   610  0F2D                     	;# 
   611  0F2E                     	;# 
   612  0F2F                     	;# 
   613  0F30                     	;# 
   614  0F31                     	;# 
   615  0F32                     	;# 
   616  0F33                     	;# 
   617  0F34                     	;# 
   618  0F35                     	;# 
   619  0F36                     	;# 
   620  0F37                     	;# 
   621  0FE4                     	;# 
   622  0FE5                     	;# 
   623  0FE6                     	;# 
   624  0FE7                     	;# 
   625  0FE8                     	;# 
   626  0FE9                     	;# 
   627  0FEA                     	;# 
   628  0FEB                     	;# 
   629  0FED                     	;# 
   630  0FEE                     	;# 
   631  0FEF                     	;# 
   632  0000                     	;# 
   633  0001                     	;# 
   634  0002                     	;# 
   635  0003                     	;# 
   636  0004                     	;# 
   637  0005                     	;# 
   638  0006                     	;# 
   639  0007                     	;# 
   640  0008                     	;# 
   641  0009                     	;# 
   642  000A                     	;# 
   643  000B                     	;# 
   644  000C                     	;# 
   645  000D                     	;# 
   646  000E                     	;# 
   647  000F                     	;# 
   648  0010                     	;# 
   649  0011                     	;# 
   650  0012                     	;# 
   651  0013                     	;# 
   652  0015                     	;# 
   653  0016                     	;# 
   654  0016                     	;# 
   655  0017                     	;# 
   656  0018                     	;# 
   657  0019                     	;# 
   658  001A                     	;# 
   659  001B                     	;# 
   660  001C                     	;# 
   661  008C                     	;# 
   662  008D                     	;# 
   663  008E                     	;# 
   664  008F                     	;# 
   665  0090                     	;# 
   666  0091                     	;# 
   667  0092                     	;# 
   668  0093                     	;# 
   669  0095                     	;# 
   670  0096                     	;# 
   671  0097                     	;# 
   672  0098                     	;# 
   673  0099                     	;# 
   674  009A                     	;# 
   675  009B                     	;# 
   676  009B                     	;# 
   677  009C                     	;# 
   678  009D                     	;# 
   679  009E                     	;# 
   680  009F                     	;# 
   681  010C                     	;# 
   682  010D                     	;# 
   683  010E                     	;# 
   684  010F                     	;# 
   685  0110                     	;# 
   686  0111                     	;# 
   687  0112                     	;# 
   688  0113                     	;# 
   689  0114                     	;# 
   690  0115                     	;# 
   691  0116                     	;# 
   692  0117                     	;# 
   693  0118                     	;# 
   694  0119                     	;# 
   695  011A                     	;# 
   696  011B                     	;# 
   697  011B                     	;# 
   698  011C                     	;# 
   699  018C                     	;# 
   700  018D                     	;# 
   701  018E                     	;# 
   702  018F                     	;# 
   703  0190                     	;# 
   704  0191                     	;# 
   705  0191                     	;# 
   706  0192                     	;# 
   707  0193                     	;# 
   708  0193                     	;# 
   709  0194                     	;# 
   710  0195                     	;# 
   711  0196                     	;# 
   712  0197                     	;# 
   713  0199                     	;# 
   714  0199                     	;# 
   715  0199                     	;# 
   716  019A                     	;# 
   717  019A                     	;# 
   718  019A                     	;# 
   719  019B                     	;# 
   720  019B                     	;# 
   721  019B                     	;# 
   722  019B                     	;# 
   723  019B                     	;# 
   724  019C                     	;# 
   725  019C                     	;# 
   726  019C                     	;# 
   727  019D                     	;# 
   728  019D                     	;# 
   729  019D                     	;# 
   730  019E                     	;# 
   731  019E                     	;# 
   732  019E                     	;# 
   733  019F                     	;# 
   734  019F                     	;# 
   735  019F                     	;# 
   736  019F                     	;# 
   737  019F                     	;# 
   738  020C                     	;# 
   739  020D                     	;# 
   740  020E                     	;# 
   741  020F                     	;# 
   742  0210                     	;# 
   743  0211                     	;# 
   744  0211                     	;# 
   745  0212                     	;# 
   746  0212                     	;# 
   747  0213                     	;# 
   748  0213                     	;# 
   749  0214                     	;# 
   750  0214                     	;# 
   751  0215                     	;# 
   752  0215                     	;# 
   753  0215                     	;# 
   754  0215                     	;# 
   755  0216                     	;# 
   756  0216                     	;# 
   757  0217                     	;# 
   758  0217                     	;# 
   759  028C                     	;# 
   760  028D                     	;# 
   761  028E                     	;# 
   762  028F                     	;# 
   763  0290                     	;# 
   764  0291                     	;# 
   765  0291                     	;# 
   766  0292                     	;# 
   767  0293                     	;# 
   768  0293                     	;# 
   769  0298                     	;# 
   770  0298                     	;# 
   771  0299                     	;# 
   772  029A                     	;# 
   773  029A                     	;# 
   774  029E                     	;# 
   775  030C                     	;# 
   776  030D                     	;# 
   777  030E                     	;# 
   778  030F                     	;# 
   779  0310                     	;# 
   780  038C                     	;# 
   781  038D                     	;# 
   782  038E                     	;# 
   783  038F                     	;# 
   784  0390                     	;# 
   785  0391                     	;# 
   786  0392                     	;# 
   787  0393                     	;# 
   788  0394                     	;# 
   789  0395                     	;# 
   790  0396                     	;# 
   791  0397                     	;# 
   792  0398                     	;# 
   793  0399                     	;# 
   794  039D                     	;# 
   795  039E                     	;# 
   796  039F                     	;# 
   797  0415                     	;# 
   798  0416                     	;# 
   799  0417                     	;# 
   800  041C                     	;# 
   801  041D                     	;# 
   802  041E                     	;# 
   803  0498                     	;# 
   804  0498                     	;# 
   805  0499                     	;# 
   806  049A                     	;# 
   807  049B                     	;# 
   808  049B                     	;# 
   809  049C                     	;# 
   810  049D                     	;# 
   811  049E                     	;# 
   812  049F                     	;# 
   813  0511                     	;# 
   814  0515                     	;# 
   815  0617                     	;# 
   816  0618                     	;# 
   817  0619                     	;# 
   818  0619                     	;# 
   819  061A                     	;# 
   820  061B                     	;# 
   821  061C                     	;# 
   822  061C                     	;# 
   823  0691                     	;# 
   824  0692                     	;# 
   825  0693                     	;# 
   826  0694                     	;# 
   827  0695                     	;# 
   828  0696                     	;# 
   829  0697                     	;# 
   830  0698                     	;# 
   831  0699                     	;# 
   832  069A                     	;# 
   833  069B                     	;# 
   834  069C                     	;# 
   835  069D                     	;# 
   836  069E                     	;# 
   837  069F                     	;# 
   838  0E0F                     	;# 
   839  0E10                     	;# 
   840  0E11                     	;# 
   841  0E12                     	;# 
   842  0E13                     	;# 
   843  0E14                     	;# 
   844  0E15                     	;# 
   845  0E17                     	;# 
   846  0E20                     	;# 
   847  0E21                     	;# 
   848  0E22                     	;# 
   849  0E24                     	;# 
   850  0E25                     	;# 
   851  0E28                     	;# 
   852  0E29                     	;# 
   853  0E2A                     	;# 
   854  0E2B                     	;# 
   855  0E90                     	;# 
   856  0E91                     	;# 
   857  0E92                     	;# 
   858  0E93                     	;# 
   859  0E94                     	;# 
   860  0E95                     	;# 
   861  0E96                     	;# 
   862  0E97                     	;# 
   863  0E98                     	;# 
   864  0E99                     	;# 
   865  0E9A                     	;# 
   866  0E9B                     	;# 
   867  0E9C                     	;# 
   868  0E9D                     	;# 
   869  0E9E                     	;# 
   870  0E9F                     	;# 
   871  0EA0                     	;# 
   872  0EA1                     	;# 
   873  0EA2                     	;# 
   874  0EA3                     	;# 
   875  0EA4                     	;# 
   876  0EA5                     	;# 
   877  0EA6                     	;# 
   878  0EA7                     	;# 
   879  0EA8                     	;# 
   880  0EA9                     	;# 
   881  0EAA                     	;# 
   882  0EAB                     	;# 
   883  0EAC                     	;# 
   884  0EAD                     	;# 
   885  0EAE                     	;# 
   886  0EAF                     	;# 
   887  0EB0                     	;# 
   888  0EB1                     	;# 
   889  0EB2                     	;# 
   890  0F0F                     	;# 
   891  0F10                     	;# 
   892  0F11                     	;# 
   893  0F12                     	;# 
   894  0F13                     	;# 
   895  0F14                     	;# 
   896  0F15                     	;# 
   897  0F16                     	;# 
   898  0F17                     	;# 
   899  0F18                     	;# 
   900  0F19                     	;# 
   901  0F1A                     	;# 
   902  0F1B                     	;# 
   903  0F1C                     	;# 
   904  0F1D                     	;# 
   905  0F1E                     	;# 
   906  0F1F                     	;# 
   907  0F20                     	;# 
   908  0F21                     	;# 
   909  0F22                     	;# 
   910  0F23                     	;# 
   911  0F24                     	;# 
   912  0F25                     	;# 
   913  0F26                     	;# 
   914  0F27                     	;# 
   915  0F28                     	;# 
   916  0F29                     	;# 
   917  0F2A                     	;# 
   918  0F2B                     	;# 
   919  0F2C                     	;# 
   920  0F2D                     	;# 
   921  0F2E                     	;# 
   922  0F2F                     	;# 
   923  0F30                     	;# 
   924  0F31                     	;# 
   925  0F32                     	;# 
   926  0F33                     	;# 
   927  0F34                     	;# 
   928  0F35                     	;# 
   929  0F36                     	;# 
   930  0F37                     	;# 
   931  0FE4                     	;# 
   932  0FE5                     	;# 
   933  0FE6                     	;# 
   934  0FE7                     	;# 
   935  0FE8                     	;# 
   936  0FE9                     	;# 
   937  0FEA                     	;# 
   938  0FEB                     	;# 
   939  0FED                     	;# 
   940  0FEE                     	;# 
   941  0FEF                     	;# 
   942  0000                     	;# 
   943  0001                     	;# 
   944  0002                     	;# 
   945  0003                     	;# 
   946  0004                     	;# 
   947  0005                     	;# 
   948  0006                     	;# 
   949  0007                     	;# 
   950  0008                     	;# 
   951  0009                     	;# 
   952  000A                     	;# 
   953  000B                     	;# 
   954  000C                     	;# 
   955  000D                     	;# 
   956  000E                     	;# 
   957  000F                     	;# 
   958  0010                     	;# 
   959  0011                     	;# 
   960  0012                     	;# 
   961  0013                     	;# 
   962  0015                     	;# 
   963  0016                     	;# 
   964  0016                     	;# 
   965  0017                     	;# 
   966  0018                     	;# 
   967  0019                     	;# 
   968  001A                     	;# 
   969  001B                     	;# 
   970  001C                     	;# 
   971  008C                     	;# 
   972  008D                     	;# 
   973  008E                     	;# 
   974  008F                     	;# 
   975  0090                     	;# 
   976  0091                     	;# 
   977  0092                     	;# 
   978  0093                     	;# 
   979  0095                     	;# 
   980  0096                     	;# 
   981  0097                     	;# 
   982  0098                     	;# 
   983  0099                     	;# 
   984  009A                     	;# 
   985  009B                     	;# 
   986  009B                     	;# 
   987  009C                     	;# 
   988  009D                     	;# 
   989  009E                     	;# 
   990  009F                     	;# 
   991  010C                     	;# 
   992  010D                     	;# 
   993  010E                     	;# 
   994  010F                     	;# 
   995  0110                     	;# 
   996  0111                     	;# 
   997  0112                     	;# 
   998  0113                     	;# 
   999  0114                     	;# 
  1000  0115                     	;# 
  1001  0116                     	;# 
  1002  0117                     	;# 
  1003  0118                     	;# 
  1004  0119                     	;# 
  1005  011A                     	;# 
  1006  011B                     	;# 
  1007  011B                     	;# 
  1008  011C                     	;# 
  1009  018C                     	;# 
  1010  018D                     	;# 
  1011  018E                     	;# 
  1012  018F                     	;# 
  1013  0190                     	;# 
  1014  0191                     	;# 
  1015  0191                     	;# 
  1016  0192                     	;# 
  1017  0193                     	;# 
  1018  0193                     	;# 
  1019  0194                     	;# 
  1020  0195                     	;# 
  1021  0196                     	;# 
  1022  0197                     	;# 
  1023  0199                     	;# 
  1024  0199                     	;# 
  1025  0199                     	;# 
  1026  019A                     	;# 
  1027  019A                     	;# 
  1028  019A                     	;# 
  1029  019B                     	;# 
  1030  019B                     	;# 
  1031  019B                     	;# 
  1032  019B                     	;# 
  1033  019B                     	;# 
  1034  019C                     	;# 
  1035  019C                     	;# 
  1036  019C                     	;# 
  1037  019D                     	;# 
  1038  019D                     	;# 
  1039  019D                     	;# 
  1040  019E                     	;# 
  1041  019E                     	;# 
  1042  019E                     	;# 
  1043  019F                     	;# 
  1044  019F                     	;# 
  1045  019F                     	;# 
  1046  019F                     	;# 
  1047  019F                     	;# 
  1048  020C                     	;# 
  1049  020D                     	;# 
  1050  020E                     	;# 
  1051  020F                     	;# 
  1052  0210                     	;# 
  1053  0211                     	;# 
  1054  0211                     	;# 
  1055  0212                     	;# 
  1056  0212                     	;# 
  1057  0213                     	;# 
  1058  0213                     	;# 
  1059  0214                     	;# 
  1060  0214                     	;# 
  1061  0215                     	;# 
  1062  0215                     	;# 
  1063  0215                     	;# 
  1064  0215                     	;# 
  1065  0216                     	;# 
  1066  0216                     	;# 
  1067  0217                     	;# 
  1068  0217                     	;# 
  1069  028C                     	;# 
  1070  028D                     	;# 
  1071  028E                     	;# 
  1072  028F                     	;# 
  1073  0290                     	;# 
  1074  0291                     	;# 
  1075  0291                     	;# 
  1076  0292                     	;# 
  1077  0293                     	;# 
  1078  0293                     	;# 
  1079  0298                     	;# 
  1080  0298                     	;# 
  1081  0299                     	;# 
  1082  029A                     	;# 
  1083  029A                     	;# 
  1084  029E                     	;# 
  1085  030C                     	;# 
  1086  030D                     	;# 
  1087  030E                     	;# 
  1088  030F                     	;# 
  1089  0310                     	;# 
  1090  038C                     	;# 
  1091  038D                     	;# 
  1092  038E                     	;# 
  1093  038F                     	;# 
  1094  0390                     	;# 
  1095  0391                     	;# 
  1096  0392                     	;# 
  1097  0393                     	;# 
  1098  0394                     	;# 
  1099  0395                     	;# 
  1100  0396                     	;# 
  1101  0397                     	;# 
  1102  0398                     	;# 
  1103  0399                     	;# 
  1104  039D                     	;# 
  1105  039E                     	;# 
  1106  039F                     	;# 
  1107  0415                     	;# 
  1108  0416                     	;# 
  1109  0417                     	;# 
  1110  041C                     	;# 
  1111  041D                     	;# 
  1112  041E                     	;# 
  1113  0498                     	;# 
  1114  0498                     	;# 
  1115  0499                     	;# 
  1116  049A                     	;# 
  1117  049B                     	;# 
  1118  049B                     	;# 
  1119  049C                     	;# 
  1120  049D                     	;# 
  1121  049E                     	;# 
  1122  049F                     	;# 
  1123  0511                     	;# 
  1124  0515                     	;# 
  1125  0617                     	;# 
  1126  0618                     	;# 
  1127  0619                     	;# 
  1128  0619                     	;# 
  1129  061A                     	;# 
  1130  061B                     	;# 
  1131  061C                     	;# 
  1132  061C                     	;# 
  1133  0691                     	;# 
  1134  0692                     	;# 
  1135  0693                     	;# 
  1136  0694                     	;# 
  1137  0695                     	;# 
  1138  0696                     	;# 
  1139  0697                     	;# 
  1140  0698                     	;# 
  1141  0699                     	;# 
  1142  069A                     	;# 
  1143  069B                     	;# 
  1144  069C                     	;# 
  1145  069D                     	;# 
  1146  069E                     	;# 
  1147  069F                     	;# 
  1148  0E0F                     	;# 
  1149  0E10                     	;# 
  1150  0E11                     	;# 
  1151  0E12                     	;# 
  1152  0E13                     	;# 
  1153  0E14                     	;# 
  1154  0E15                     	;# 
  1155  0E17                     	;# 
  1156  0E20                     	;# 
  1157  0E21                     	;# 
  1158  0E22                     	;# 
  1159  0E24                     	;# 
  1160  0E25                     	;# 
  1161  0E28                     	;# 
  1162  0E29                     	;# 
  1163  0E2A                     	;# 
  1164  0E2B                     	;# 
  1165  0E90                     	;# 
  1166  0E91                     	;# 
  1167  0E92                     	;# 
  1168  0E93                     	;# 
  1169  0E94                     	;# 
  1170  0E95                     	;# 
  1171  0E96                     	;# 
  1172  0E97                     	;# 
  1173  0E98                     	;# 
  1174  0E99                     	;# 
  1175  0E9A                     	;# 
  1176  0E9B                     	;# 
  1177  0E9C                     	;# 
  1178  0E9D                     	;# 
  1179  0E9E                     	;# 
  1180  0E9F                     	;# 
  1181  0EA0                     	;# 
  1182  0EA1                     	;# 
  1183  0EA2                     	;# 
  1184  0EA3                     	;# 
  1185  0EA4                     	;# 
  1186  0EA5                     	;# 
  1187  0EA6                     	;# 
  1188  0EA7                     	;# 
  1189  0EA8                     	;# 
  1190  0EA9                     	;# 
  1191  0EAA                     	;# 
  1192  0EAB                     	;# 
  1193  0EAC                     	;# 
  1194  0EAD                     	;# 
  1195  0EAE                     	;# 
  1196  0EAF                     	;# 
  1197  0EB0                     	;# 
  1198  0EB1                     	;# 
  1199  0EB2                     	;# 
  1200  0F0F                     	;# 
  1201  0F10                     	;# 
  1202  0F11                     	;# 
  1203  0F12                     	;# 
  1204  0F13                     	;# 
  1205  0F14                     	;# 
  1206  0F15                     	;# 
  1207  0F16                     	;# 
  1208  0F17                     	;# 
  1209  0F18                     	;# 
  1210  0F19                     	;# 
  1211  0F1A                     	;# 
  1212  0F1B                     	;# 
  1213  0F1C                     	;# 
  1214  0F1D                     	;# 
  1215  0F1E                     	;# 
  1216  0F1F                     	;# 
  1217  0F20                     	;# 
  1218  0F21                     	;# 
  1219  0F22                     	;# 
  1220  0F23                     	;# 
  1221  0F24                     	;# 
  1222  0F25                     	;# 
  1223  0F26                     	;# 
  1224  0F27                     	;# 
  1225  0F28                     	;# 
  1226  0F29                     	;# 
  1227  0F2A                     	;# 
  1228  0F2B                     	;# 
  1229  0F2C                     	;# 
  1230  0F2D                     	;# 
  1231  0F2E                     	;# 
  1232  0F2F                     	;# 
  1233  0F30                     	;# 
  1234  0F31                     	;# 
  1235  0F32                     	;# 
  1236  0F33                     	;# 
  1237  0F34                     	;# 
  1238  0F35                     	;# 
  1239  0F36                     	;# 
  1240  0F37                     	;# 
  1241  0FE4                     	;# 
  1242  0FE5                     	;# 
  1243  0FE6                     	;# 
  1244  0FE7                     	;# 
  1245  0FE8                     	;# 
  1246  0FE9                     	;# 
  1247  0FEA                     	;# 
  1248  0FEB                     	;# 
  1249  0FED                     	;# 
  1250  0FEE                     	;# 
  1251  0FEF                     	;# 
  1252  000B                     _INTCONbits	set	11
  1253  0015                     _TMR0	set	21
  1254  005F                     _GIE	set	95
  1255  0095                     _OPTION_REG	set	149
  1256  0095                     _OPTION_REGbits	set	149
  1257  008C                     _TRISA	set	140
  1258  008D                     _TRISB	set	141
  1259  008D                     _TRISBbits	set	141
  1260  008E                     _TRISC	set	142
  1261  008F                     _TRISD	set	143
  1262  008F                     _TRISDbits	set	143
  1263  0090                     _TRISE	set	144
  1264  04CB                     _IRCF0	set	1227
  1265  04CC                     _IRCF1	set	1228
  1266  04CD                     _IRCF2	set	1229
  1267  04CE                     _IRCF3	set	1230
  1268  04C8                     _SCS0	set	1224
  1269  04C9                     _SCS1	set	1225
  1270  04CF                     _SPLLEN	set	1231
  1271  010C                     _LATA	set	268
  1272  010D                     _LATB	set	269
  1273  010E                     _LATC	set	270
  1274  010F                     _LATD	set	271
  1275  010F                     _LATDbits	set	271
  1276  0110                     _LATE	set	272
  1277  018C                     _ANSELA	set	396
  1278  018D                     _ANSELB	set	397
  1279  018D                     _ANSELBbits	set	397
  1280  018E                     _ANSELC	set	398
  1281  018F                     _ANSELD	set	399
  1282  0190                     _ANSELE	set	400
  1283  020C                     _WPUA	set	524
  1284  020D                     _WPUB	set	525
  1285  020E                     _WPUC	set	526
  1286  020F                     _WPUD	set	527
  1287  0210                     _WPUE	set	528
  1288  0E0F                     _PPSLOCK	set	3599
  1289  0E0F                     _PPSLOCKbits	set	3599
  1290  0E11                     _T0CKIPPSbits	set	3601
  1291                           
  1292                           ; #config settings
  1293  0000                     
  1294                           	psect	cinit
  1295  07FC                     start_initialization:	
  1296  07FC                     __initialization:	
  1297                           
  1298                           ; Clear objects allocated to COMMON
  1299  07FC  01F6               	clrf	__pbssCOMMON& (0+127)
  1300  07FD                     end_of_initialization:	
  1301                           ;End of C runtime variable initialization code
  1302                           
  1303  07FD                     __end_of__initialization:	
  1304  07FD  0020               	movlb	0
  1305  07FE  3187  2FAF         	ljmp	_main	;jump to C main() function
  1306                           
  1307                           	psect	bssCOMMON
  1308  0076                     __pbssCOMMON:	
  1309  0076                     _timer0ReloadVal:	
  1310  0076                     	ds	1
  1311                           
  1312                           	psect	cstackCOMMON
  1313  0070                     __pcstackCOMMON:	
  1314  0070                     ?_internal_16:	
  1315  0070                     ??_internal_16:	
  1316                           ; 1 bytes @ 0x0
  1317                           
  1318  0070                     ?_initMain:	
  1319                           ; 1 bytes @ 0x0
  1320                           
  1321  0070                     ??_initMain:	
  1322                           ; 1 bytes @ 0x0
  1323                           
  1324  0070                     ?_ReadTimer0:	
  1325                           ; 1 bytes @ 0x0
  1326                           
  1327  0070                     ??_ReadTimer0:	
  1328                           ; 1 bytes @ 0x0
  1329                           
  1330  0070                     ?_main:	
  1331                           ; 1 bytes @ 0x0
  1332                           
  1333  0070                     initMain@state:	
  1334                           ; 1 bytes @ 0x0
  1335                           
  1336                           
  1337                           ; 1 bytes @ 0x0
  1338  0070                     	ds	1
  1339  0071                     ReadTimer0@readVal:	
  1340                           
  1341                           ; 1 bytes @ 0x1
  1342  0071                     	ds	1
  1343  0072                     ??_main:	
  1344                           
  1345                           ; 1 bytes @ 0x2
  1346  0072                     	ds	3
  1347  0075                     main@count:	
  1348                           
  1349                           ; 1 bytes @ 0x5
  1350  0075                     	ds	1
  1351                           
  1352                           	psect	maintext
  1353  07AF                     __pmaintext:	
  1354 ;;
  1355 ;;Main: autosize = 0, tempsize = 3, incstack = 0, save=0
  1356 ;;
  1357 ;; *************** function _main *****************
  1358 ;; Defined at:
  1359 ;;		line 123 in file "Main.c"
  1360 ;; Parameters:    Size  Location     Type
  1361 ;;		None
  1362 ;; Auto vars:     Size  Location     Type
  1363 ;;  count           1    5[COMMON] unsigned char 
  1364 ;; Return value:  Size  Location     Type
  1365 ;;                  1    wreg      void 
  1366 ;; Registers used:
  1367 ;;		wreg, status,2, status,0, pclath, cstack
  1368 ;; Tracked objects:
  1369 ;;		On entry : B1F/0
  1370 ;;		On exit  : 0/0
  1371 ;;		Unchanged: 0/0
  1372 ;; Data sizes:     COMMON   BANK0   BANK1   BANK2   BANK3   BANK4   BANK5   BANK6   BANK7   BANK8   BANK9  BANK10  BANK1
      +1  BANK12
  1373 ;;      Params:         0       0       0       0       0       0       0       0       0       0       0       0       
      +0       0
  1374 ;;      Locals:         1       0       0       0       0       0       0       0       0       0       0       0       
      +0       0
  1375 ;;      Temps:          3       0       0       0       0       0       0       0       0       0       0       0       
      +0       0
  1376 ;;      Totals:         4       0       0       0       0       0       0       0       0       0       0       0       
      +0       0
  1377 ;;Total ram usage:        4 bytes
  1378 ;; Hardware stack levels required when called:    2
  1379 ;; This function calls:
  1380 ;;		_ReadTimer0
  1381 ;;		_initMain
  1382 ;; This function is called by:
  1383 ;;		Startup code after reset
  1384 ;; This function uses a non-reentrant model
  1385 ;;
  1386                           
  1387                           
  1388                           ;psect for function _main
  1389  07AF                     _main:	
  1390                           
  1391                           ;Main.c: 124: initMain();
  1392                           
  1393                           ;incstack = 0
  1394                           ; Regs used in _main: [wreg+status,2+status,0+pclath+cstack]
  1395  07AF  3187  27D0  3187   	fcall	_initMain
  1396  07B2  2FC3               	goto	l659
  1397  07B3                     l663:	
  1398                           
  1399                           ;Main.c: 137: LATDbits.LATD1 = 1;
  1400  07B3  0022               	movlb	2	; select bank2
  1401  07B4  148F               	bsf	15,1	;volatile
  1402                           
  1403                           ;Main.c: 140: _delay((unsigned long)((2000)*(16000000/4000.0)));
  1404  07B5  3029               	movlw	41
  1405  07B6  00F4               	movwf	??_main+2
  1406  07B7  3096               	movlw	150
  1407  07B8  00F3               	movwf	??_main+1
  1408  07B9  30A6               	movlw	166
  1409  07BA  00F2               	movwf	??_main
  1410  07BB                     u67:	
  1411  07BB  0BF2               	decfsz	??_main,f
  1412  07BC  2FBB               	goto	u67
  1413  07BD  0BF3               	decfsz	??_main+1,f
  1414  07BE  2FBB               	goto	u67
  1415  07BF  0BF4               	decfsz	??_main+2,f
  1416  07C0  2FBB               	goto	u67
  1417                           
  1418                           ;Main.c: 143: TMR0 = 0;
  1419  07C1  0020               	movlb	0	; select bank0
  1420  07C2  0195               	clrf	21	;volatile
  1421  07C3                     l659:	
  1422                           ;Main.c: 127: uint8_t count;
  1423                           ;Main.c: 129: while(1){
  1424                           
  1425                           ;Main.c: 144: }
  1426                           
  1427                           
  1428                           ;Main.c: 132: count = ReadTimer0();
  1429  07C3  3187  279F  3187   	fcall	_ReadTimer0
  1430  07C6  00F2               	movwf	??_main
  1431  07C7  0872               	movf	??_main,w
  1432  07C8  00F5               	movwf	main@count
  1433                           
  1434                           ;Main.c: 135: if (count == 5){
  1435  07C9  3005               	movlw	5
  1436  07CA  0675               	xorwf	main@count,w
  1437  07CB  1903               	btfsc	3,2
  1438  07CC  2FB3               	goto	l663
  1439                           
  1440                           ;Main.c: 146: else
  1441                           ;Main.c: 147: {
  1442                           ;Main.c: 149: LATDbits.LATD1 = 0;
  1443  07CD  0022               	movlb	2	; select bank2
  1444  07CE  108F               	bcf	15,1	;volatile
  1445  07CF  2FC3               	goto	l659
  1446  07D0                     __end_of_main:	
  1447                           ;Main.c: 150: }
  1448                           ;Main.c: 151: }
  1449                           ;Main.c: 153: return;
  1450                           
  1451                           
  1452                           	psect	text1
  1453  07D0                     __ptext1:	
  1454 ;; *************** function _initMain *****************
  1455 ;; Defined at:
  1456 ;;		line 38 in file "Main.c"
  1457 ;; Parameters:    Size  Location     Type
  1458 ;;		None
  1459 ;; Auto vars:     Size  Location     Type
  1460 ;;  state           1    0[COMMON] unsigned char 
  1461 ;; Return value:  Size  Location     Type
  1462 ;;                  1    wreg      void 
  1463 ;; Registers used:
  1464 ;;		wreg, status,2, status,0, pclath, cstack
  1465 ;; Tracked objects:
  1466 ;;		On entry : 0/0
  1467 ;;		On exit  : 0/0
  1468 ;;		Unchanged: 0/0
  1469 ;; Data sizes:     COMMON   BANK0   BANK1   BANK2   BANK3   BANK4   BANK5   BANK6   BANK7   BANK8   BANK9  BANK10  BANK1
      +1  BANK12
  1470 ;;      Params:         0       0       0       0       0       0       0       0       0       0       0       0       
      +0       0
  1471 ;;      Locals:         1       0       0       0       0       0       0       0       0       0       0       0       
      +0       0
  1472 ;;      Temps:          0       0       0       0       0       0       0       0       0       0       0       0       
      +0       0
  1473 ;;      Totals:         1       0       0       0       0       0       0       0       0       0       0       0       
      +0       0
  1474 ;;Total ram usage:        1 bytes
  1475 ;; Hardware stack levels used:    1
  1476 ;; Hardware stack levels required when called:    1
  1477 ;; This function calls:
  1478 ;;		_internal_16
  1479 ;; This function is called by:
  1480 ;;		_main
  1481 ;; This function uses a non-reentrant model
  1482 ;;
  1483                           
  1484                           
  1485                           ;psect for function _initMain
  1486  07D0                     _initMain:	
  1487                           
  1488                           ;Main.c: 40: internal_16();
  1489                           
  1490                           ;incstack = 0
  1491                           ; Regs used in _initMain: [wreg+status,2+status,0+pclath+cstack]
  1492  07D0  3187  27A6  3187   	fcall	_internal_16
  1493                           
  1494                           ;Main.c: 47: TRISDbits.TRISD1 = 0;
  1495  07D3  0021               	movlb	1	; select bank1
  1496  07D4  108F               	bcf	15,1	;volatile
  1497                           
  1498                           ;Main.c: 50: LATDbits.LATD1 = 0;
  1499  07D5  0022               	movlb	2	; select bank2
  1500  07D6  108F               	bcf	15,1	;volatile
  1501                           
  1502                           ;Main.c: 53: TRISBbits.TRISB0 = 1;
  1503  07D7  0021               	movlb	1	; select bank1
  1504  07D8  140D               	bsf	13,0	;volatile
  1505                           
  1506                           ;Main.c: 56: ANSELBbits.ANSB0 = 0;
  1507  07D9  0023               	movlb	3	; select bank3
  1508  07DA  100D               	bcf	13,0	;volatile
  1509                           
  1510                           ;Main.c: 64: OPTION_REGbits.TMR0CS = 1;
  1511  07DB  0021               	movlb	1	; select bank1
  1512  07DC  1695               	bsf	21,5	;volatile
  1513                           
  1514                           ;Main.c: 67: OPTION_REGbits.PSA = 1;
  1515  07DD  1595               	bsf	21,3	;volatile
  1516                           
  1517                           ;Main.c: 69: bool state = GIE;
  1518  07DE  3000               	movlw	0
  1519  07DF  1B8B               	btfsc	11,7	;volatile
  1520  07E0  3001               	movlw	1
  1521  07E1  00F0               	movwf	initMain@state
  1522                           
  1523                           ;Main.c: 70: GIE = 0;
  1524  07E2  138B               	bcf	11,7	;volatile
  1525                           
  1526                           ;Main.c: 71: PPSLOCK = 0x55;
  1527  07E3  3055               	movlw	85
  1528  07E4  003C               	movlb	28	; select bank28
  1529  07E5  008F               	movwf	15	;volatile
  1530                           
  1531                           ;Main.c: 72: PPSLOCK = 0xAA;
  1532  07E6  30AA               	movlw	170
  1533  07E7  008F               	movwf	15	;volatile
  1534                           
  1535                           ;Main.c: 73: PPSLOCKbits.PPSLOCKED = 0x00;
  1536  07E8  100F               	bcf	15,0	;volatile
  1537                           
  1538                           ;Main.c: 75: T0CKIPPSbits.T0CKIPPS = 0x08;
  1539  07E9  0811               	movf	17,w	;volatile
  1540  07EA  39E0               	andlw	-32
  1541  07EB  3808               	iorlw	8
  1542  07EC  0091               	movwf	17	;volatile
  1543                           
  1544                           ;Main.c: 77: PPSLOCK = 0x55;
  1545  07ED  3055               	movlw	85
  1546  07EE  008F               	movwf	15	;volatile
  1547                           
  1548                           ;Main.c: 78: PPSLOCK = 0xAA;
  1549  07EF  30AA               	movlw	170
  1550  07F0  008F               	movwf	15	;volatile
  1551                           
  1552                           ;Main.c: 79: PPSLOCKbits.PPSLOCKED = 0x01;
  1553  07F1  140F               	bsf	15,0	;volatile
  1554                           
  1555                           ;Main.c: 81: GIE = state;
  1556  07F2  1C70               	btfss	initMain@state,0
  1557  07F3  2FF6               	goto	u10
  1558  07F4  178B               	bsf	11,7	;volatile
  1559  07F5  2FF7               	goto	l563
  1560  07F6                     u10:	
  1561  07F6  138B               	bcf	11,7	;volatile
  1562  07F7                     l563:	
  1563                           
  1564                           ;Main.c: 84: TMR0 = 0;
  1565  07F7  0020               	movlb	0	; select bank0
  1566  07F8  0195               	clrf	21	;volatile
  1567                           
  1568                           ;Main.c: 87: INTCONbits.TMR0IE = 1;
  1569  07F9  168B               	bsf	11,5	;volatile
  1570                           
  1571                           ;Main.c: 88: INTCONbits.TMR0IF = 0;
  1572  07FA  110B               	bcf	11,2	;volatile
  1573  07FB  0008               	return
  1574  07FC                     __end_of_initMain:	
  1575                           
  1576                           	psect	text2
  1577  07A6                     __ptext2:	
  1578 ;; *************** function _internal_16 *****************
  1579 ;; Defined at:
  1580 ;;		line 56 in file "16F1717_Internal.c"
  1581 ;; Parameters:    Size  Location     Type
  1582 ;;		None
  1583 ;; Auto vars:     Size  Location     Type
  1584 ;;		None
  1585 ;; Return value:  Size  Location     Type
  1586 ;;                  1    wreg      void 
  1587 ;; Registers used:
  1588 ;;		None
  1589 ;; Tracked objects:
  1590 ;;		On entry : 0/0
  1591 ;;		On exit  : 0/0
  1592 ;;		Unchanged: 0/0
  1593 ;; Data sizes:     COMMON   BANK0   BANK1   BANK2   BANK3   BANK4   BANK5   BANK6   BANK7   BANK8   BANK9  BANK10  BANK1
      +1  BANK12
  1594 ;;      Params:         0       0       0       0       0       0       0       0       0       0       0       0       
      +0       0
  1595 ;;      Locals:         0       0       0       0       0       0       0       0       0       0       0       0       
      +0       0
  1596 ;;      Temps:          0       0       0       0       0       0       0       0       0       0       0       0       
      +0       0
  1597 ;;      Totals:         0       0       0       0       0       0       0       0       0       0       0       0       
      +0       0
  1598 ;;Total ram usage:        0 bytes
  1599 ;; Hardware stack levels used:    1
  1600 ;; This function calls:
  1601 ;;		Nothing
  1602 ;; This function is called by:
  1603 ;;		_initMain
  1604 ;; This function uses a non-reentrant model
  1605 ;;
  1606                           
  1607                           
  1608                           ;psect for function _internal_16
  1609  07A6                     _internal_16:	
  1610                           
  1611                           ;16F1717_Internal.c: 58: SCS0 = 0;
  1612                           
  1613                           ;incstack = 0
  1614                           ; Regs used in _internal_16: []
  1615  07A6  0021               	movlb	1	; select bank1
  1616  07A7  1019               	bcf	25,0	;volatile
  1617                           
  1618                           ;16F1717_Internal.c: 59: SCS1 = 0;
  1619  07A8  1099               	bcf	25,1	;volatile
  1620                           
  1621                           ;16F1717_Internal.c: 62: IRCF0 = 1;
  1622  07A9  1599               	bsf	25,3	;volatile
  1623                           
  1624                           ;16F1717_Internal.c: 63: IRCF1 = 1;
  1625  07AA  1619               	bsf	25,4	;volatile
  1626                           
  1627                           ;16F1717_Internal.c: 64: IRCF2 = 1;
  1628  07AB  1699               	bsf	25,5	;volatile
  1629                           
  1630                           ;16F1717_Internal.c: 65: IRCF3 = 1;
  1631  07AC  1719               	bsf	25,6	;volatile
  1632                           
  1633                           ;16F1717_Internal.c: 68: SPLLEN = 0;
  1634  07AD  1399               	bcf	25,7	;volatile
  1635  07AE  0008               	return
  1636  07AF                     __end_of_internal_16:	
  1637                           
  1638                           	psect	text3
  1639  079F                     __ptext3:	
  1640 ;; *************** function _ReadTimer0 *****************
  1641 ;; Defined at:
  1642 ;;		line 102 in file "Main.c"
  1643 ;; Parameters:    Size  Location     Type
  1644 ;;		None
  1645 ;; Auto vars:     Size  Location     Type
  1646 ;;  readVal         1    1[COMMON] unsigned char 
  1647 ;; Return value:  Size  Location     Type
  1648 ;;                  1    wreg      unsigned char 
  1649 ;; Registers used:
  1650 ;;		wreg
  1651 ;; Tracked objects:
  1652 ;;		On entry : 0/0
  1653 ;;		On exit  : 0/0
  1654 ;;		Unchanged: 0/0
  1655 ;; Data sizes:     COMMON   BANK0   BANK1   BANK2   BANK3   BANK4   BANK5   BANK6   BANK7   BANK8   BANK9  BANK10  BANK1
      +1  BANK12
  1656 ;;      Params:         0       0       0       0       0       0       0       0       0       0       0       0       
      +0       0
  1657 ;;      Locals:         1       0       0       0       0       0       0       0       0       0       0       0       
      +0       0
  1658 ;;      Temps:          1       0       0       0       0       0       0       0       0       0       0       0       
      +0       0
  1659 ;;      Totals:         2       0       0       0       0       0       0       0       0       0       0       0       
      +0       0
  1660 ;;Total ram usage:        2 bytes
  1661 ;; Hardware stack levels used:    1
  1662 ;; This function calls:
  1663 ;;		Nothing
  1664 ;; This function is called by:
  1665 ;;		_main
  1666 ;; This function uses a non-reentrant model
  1667 ;;
  1668                           
  1669                           
  1670                           ;psect for function _ReadTimer0
  1671  079F                     _ReadTimer0:	
  1672                           
  1673                           ;Main.c: 105: uint8_t readVal;
  1674                           ;Main.c: 108: readVal = TMR0;
  1675                           
  1676                           ;incstack = 0
  1677                           ; Regs used in _ReadTimer0: [wreg]
  1678  079F  0020               	movlb	0	; select bank0
  1679  07A0  0815               	movf	21,w	;volatile
  1680  07A1  00F0               	movwf	??_ReadTimer0
  1681  07A2  0870               	movf	??_ReadTimer0,w
  1682  07A3  00F1               	movwf	ReadTimer0@readVal
  1683                           
  1684                           ;Main.c: 111: return readVal;
  1685  07A4  0871               	movf	ReadTimer0@readVal,w
  1686  07A5  0008               	return
  1687  07A6                     __end_of_ReadTimer0:	
  1688  007E                     btemp	set	126	;btemp
  1689  007E                     wtemp	set	126
  1690  007E                     wtemp0	set	126
  1691  0080                     wtemp1	set	128
  1692  0082                     wtemp2	set	130
  1693  0084                     wtemp3	set	132
  1694  0086                     wtemp4	set	134
  1695  0088                     wtemp5	set	136
  1696  007F                     wtemp6	set	127
  1697  007E                     ttemp	set	126
  1698  007E                     ttemp0	set	126
  1699  0081                     ttemp1	set	129
  1700  0084                     ttemp2	set	132
  1701  0087                     ttemp3	set	135
  1702  007F                     ttemp4	set	127
  1703  007E                     ltemp	set	126
  1704  007E                     ltemp0	set	126
  1705  0082                     ltemp1	set	130
  1706  0086                     ltemp2	set	134
  1707  0080                     ltemp3	set	128


Data Sizes:
    Strings     0
    Constant    0
    Data        0
    BSS         1
    Persistent  0
    Stack       0

Auto Spaces:
    Space          Size  Autos    Used
    COMMON           14      6       7
    BANK0            80      0       0
    BANK1            80      0       0
    BANK2            80      0       0
    BANK3            80      0       0
    BANK4            80      0       0
    BANK5            80      0       0
    BANK6            80      0       0
    BANK7            80      0       0
    BANK8            80      0       0
    BANK9            80      0       0
    BANK10           80      0       0
    BANK11           80      0       0
    BANK12           48      0       0

Pointer List with Targets:

    None.

Critical Paths under _main in COMMON

    _main->_ReadTimer0

Critical Paths under _main in BANK0

    None.

Critical Paths under _main in BANK1

    None.

Critical Paths under _main in BANK2

    None.

Critical Paths under _main in BANK3

    None.

Critical Paths under _main in BANK4

    None.

Critical Paths under _main in BANK5

    None.

Critical Paths under _main in BANK6

    None.

Critical Paths under _main in BANK7

    None.

Critical Paths under _main in BANK8

    None.

Critical Paths under _main in BANK9

    None.

Critical Paths under _main in BANK10

    None.

Critical Paths under _main in BANK11

    None.

Critical Paths under _main in BANK12

    None.

Call Graph Tables:

 ---------------------------------------------------------------------------------
 (Depth) Function   	        Calls       Base Space   Used Autos Params    Refs
 ---------------------------------------------------------------------------------
 (0) _main                                                 4     4      0      45
                                              2 COMMON     4     4      0
                         _ReadTimer0
                           _initMain
 ---------------------------------------------------------------------------------
 (1) _initMain                                             1     1      0      15
                                              0 COMMON     1     1      0
                        _internal_16
 ---------------------------------------------------------------------------------
 (2) _internal_16                                          0     0      0       0
 ---------------------------------------------------------------------------------
 (1) _ReadTimer0                                           2     2      0      15
                                              0 COMMON     2     2      0
 ---------------------------------------------------------------------------------
 Estimated maximum stack depth 2
 ---------------------------------------------------------------------------------

 Call Graph Graphs:

 _main (ROOT)
   _ReadTimer0
   _initMain
     _internal_16

 Address spaces:
Name               Size   Autos  Total    Cost      Usage
BIGRAM             3F0      0       0       0        0.0%
NULL                 0      0       0       0        0.0%
CODE                 0      0       0       0        0.0%
BITCOMMON            E      0       0       1        0.0%
BITSFR0              0      0       0       1        0.0%
SFR0                 0      0       0       1        0.0%
COMMON               E      6       7       2       50.0%
BITSFR1              0      0       0       2        0.0%
SFR1                 0      0       0       2        0.0%
BITSFR2              0      0       0       3        0.0%
SFR2                 0      0       0       3        0.0%
STACK                0      0       0       3        0.0%
BITBANK0            50      0       0       4        0.0%
BITSFR3              0      0       0       4        0.0%
SFR3                 0      0       0       4        0.0%
BANK0               50      0       0       5        0.0%
BITSFR4              0      0       0       5        0.0%
SFR4                 0      0       0       5        0.0%
BITBANK1            50      0       0       6        0.0%
BITSFR5              0      0       0       6        0.0%
SFR5                 0      0       0       6        0.0%
BANK1               50      0       0       7        0.0%
BITSFR6              0      0       0       7        0.0%
SFR6                 0      0       0       7        0.0%
BITBANK2            50      0       0       8        0.0%
BITSFR7              0      0       0       8        0.0%
SFR7                 0      0       0       8        0.0%
BANK2               50      0       0       9        0.0%
BITSFR8              0      0       0       9        0.0%
SFR8                 0      0       0       9        0.0%
BITBANK3            50      0       0      10        0.0%
BITSFR9              0      0       0      10        0.0%
SFR9                 0      0       0      10        0.0%
BANK3               50      0       0      11        0.0%
BITSFR10             0      0       0      11        0.0%
SFR10                0      0       0      11        0.0%
BITBANK4            50      0       0      12        0.0%
BITSFR11             0      0       0      12        0.0%
SFR11                0      0       0      12        0.0%
BANK4               50      0       0      13        0.0%
BITSFR12             0      0       0      13        0.0%
SFR12                0      0       0      13        0.0%
BITBANK5            50      0       0      14        0.0%
BITSFR13             0      0       0      14        0.0%
SFR13                0      0       0      14        0.0%
BANK5               50      0       0      15        0.0%
BITSFR14             0      0       0      15        0.0%
SFR14                0      0       0      15        0.0%
BITBANK6            50      0       0      16        0.0%
BITSFR15             0      0       0      16        0.0%
SFR15                0      0       0      16        0.0%
BANK6               50      0       0      17        0.0%
BITSFR16             0      0       0      17        0.0%
SFR16                0      0       0      17        0.0%
BITBANK7            50      0       0      18        0.0%
BITSFR17             0      0       0      18        0.0%
SFR17                0      0       0      18        0.0%
BANK7               50      0       0      19        0.0%
BITSFR18             0      0       0      19        0.0%
SFR18                0      0       0      19        0.0%
BITSFR19             0      0       0      20        0.0%
SFR19                0      0       0      20        0.0%
ABS                  0      0       7      20        0.0%
BITBANK8            50      0       0      21        0.0%
BITSFR20             0      0       0      21        0.0%
SFR20                0      0       0      21        0.0%
BANK8               50      0       0      22        0.0%
BITSFR21             0      0       0      22        0.0%
SFR21                0      0       0      22        0.0%
BITBANK9            50      0       0      23        0.0%
BITSFR22             0      0       0      23        0.0%
SFR22                0      0       0      23        0.0%
BANK9               50      0       0      24        0.0%
BITSFR23             0      0       0      24        0.0%
SFR23                0      0       0      24        0.0%
BITBANK10           50      0       0      25        0.0%
BITSFR24             0      0       0      25        0.0%
SFR24                0      0       0      25        0.0%
BANK10              50      0       0      26        0.0%
BITSFR25             0      0       0      26        0.0%
SFR25                0      0       0      26        0.0%
BITBANK11           50      0       0      27        0.0%
BITSFR26             0      0       0      27        0.0%
SFR26                0      0       0      27        0.0%
BANK11              50      0       0      28        0.0%
BITSFR27             0      0       0      28        0.0%
SFR27                0      0       0      28        0.0%
BITBANK12           30      0       0      29        0.0%
BITSFR28             0      0       0      29        0.0%
SFR28                0      0       0      29        0.0%
BANK12              30      0       0      30        0.0%
BITSFR29             0      0       0      30        0.0%
SFR29                0      0       0      30        0.0%
BITSFR30             0      0       0      31        0.0%
SFR30                0      0       0      31        0.0%
DATA                 0      0       7      31        0.0%
BITSFR31             0      0       0      32        0.0%
SFR31                0      0       0      32        0.0%


Microchip Technology PIC Macro Assembler V1.38 build -256452561 
Symbol Table                                                                                   Thu Feb 23 13:24:04 2017

            __CFG_CP$OFF 0000                       u10 07F6                       u67 07BB  
        _timer0ReloadVal 0076                      l563 07F7                      l663 07B3  
                    l659 07C3                      _GIE 005F             __CFG_BORV$LO 0000  
           __CFG_IESO$ON 0000             __CFG_LVP$OFF 0000                     _LATA 010C  
                   _LATB 010D                     _LATC 010E                     _LATD 010F  
                   _LATE 0110                     _SCS0 04C8                     _SCS1 04C9  
                   _TMR0 0015                     _WPUA 020C                     _WPUB 020D  
                   _WPUC 020E                     _WPUD 020F                     _WPUE 0210  
           __CFG_WRT$OFF 0000                     _main 07AF                     btemp 007E  
                   ltemp 007E                     start 0002                     ttemp 007E  
                   wtemp 007E                    ?_main 0070            __CFG_WDTE$OFF 0000  
                  _IRCF0 04CB                    _IRCF1 04CC                    _IRCF2 04CD  
                  _IRCF3 04CE                    _TRISA 008C                    _TRISB 008D  
                  _TRISC 008E                    _TRISD 008F                    _TRISE 0090  
         __CFG_FCMEN$OFF 0000           __CFG_BOREN$OFF 0000                    ltemp0 007E  
                  ltemp1 0082                    ltemp2 0086                    ltemp3 0080  
                  ttemp0 007E                    ttemp1 0081                    ttemp2 0084  
                  ttemp3 0087                    ttemp4 007F                    status 0003  
                  wtemp0 007E                    wtemp1 0080                    wtemp2 0082  
                  wtemp3 0084                    wtemp4 0086                    wtemp5 0088  
                  wtemp6 007F             ?_internal_16 0070           __CFG_MCLRE$OFF 0000  
      ReadTimer0@readVal 0071          __initialization 07FC             __end_of_main 07D0  
             _ReadTimer0 079F           __CFG_LPBOR$OFF 0000                   ??_main 0072  
         __CFG_PLLEN$OFF 0000           __CFG_ZCDDIS$ON 0000                   _ANSELA 018C  
                 _ANSELB 018D                   _ANSELC 018E                   _ANSELD 018F  
                 _ANSELE 0190                   _SPLLEN 04CF           __CFG_PWRTE$OFF 0000  
         __CFG_STVREN$ON 0000         __end_of_initMain 07FC  __end_of__initialization 07FD  
         __pcstackCOMMON 0070              ?_ReadTimer0 0070           _OPTION_REGbits 0095  
           _T0CKIPPSbits 0E11               __pmaintext 07AF     __size_of_internal_16 0009  
        __CFG_PPS1WAY$ON 0000                  _PPSLOCK 0E0F      __size_of_ReadTimer0 0007  
              ?_initMain 0070                  __ptext1 07D0                  __ptext2 07A6  
                __ptext3 079F     end_of_initialization 07FD               ??_initMain 0070  
       __CFG_FOSC$INTOSC 0000                _TRISBbits 008D                _TRISDbits 008F  
           ??_ReadTimer0 0070      start_initialization 07FC       __end_of_ReadTimer0 07A6  
            __pbssCOMMON 0076                ___latbits 0002            ??_internal_16 0070  
      __size_of_initMain 002C            initMain@state 0070                 _LATDbits 010F  
    __end_of_internal_16 07AF                main@count 0075               _ANSELBbits 018D  
               _initMain 07D0            __size_of_main 0021              _internal_16 07A6  
             _INTCONbits 000B        __CFG_CLKOUTEN$OFF 0000              _PPSLOCKbits 0E0F  
             _OPTION_REG 0095  
