

Microchip MPLAB XC8 Assembler V2.46 build 20240104201356 
                                                                                               Wed Jan 28 19:54:41 2026

Microchip MPLAB XC8 C Compiler v2.46 (Free license) build 20240104201356 Og1 
     1                           	processor	16F1718
     2                           	pagewidth 120
     3                           	opt	flic
     4                           	psect	cinit,global,class=CODE,merge=1,delta=2
     5                           	psect	cstackCOMMON,global,class=COMMON,space=1,delta=1,noexec
     6                           	psect	maintext,global,class=CODE,merge=1,split=1,delta=2
     7                           	psect	text1,local,class=CODE,merge=1,delta=2
     8                           	psect	text2,local,class=CODE,merge=1,delta=2
     9                           	psect	config,global,abs,ovrld,class=CONFIG,space=4,delta=2,noexec
    10                           	dabs	1,0x7E,2
    11     0000                     
    12                           ; Generated 07/09/2023 GMT
    13                           ; 
    14                           ; Copyright © 2023, Microchip Technology Inc. and its subsidiaries ("Microchip")
    15                           ; All rights reserved.
    16                           ; 
    17                           ; This software is developed by Microchip Technology Inc. and its subsidiaries ("Microch
      +                          ip").
    18                           ; 
    19                           ; Redistribution and use in source and binary forms, with or without modification, are
    20                           ; permitted provided that the following conditions are met:
    21                           ; 
    22                           ;     1. Redistributions of source code must retain the above copyright notice, this lis
      +                          t of
    23                           ;        conditions and the following disclaimer.
    24                           ; 
    25                           ;     2. Redistributions in binary form must reproduce the above copyright notice, this 
      +                          list
    26                           ;        of conditions and the following disclaimer in the documentation and/or other
    27                           ;        materials provided with the distribution. Publication is not required when
    28                           ;        this file is used in an embedded application.
    29                           ; 
    30                           ;     3. Microchip's name may not be used to endorse or promote products derived from th
      +                          is
    31                           ;        software without specific prior written permission.
    32                           ; 
    33                           ; THIS SOFTWARE IS PROVIDED BY MICROCHIP "AS IS" AND ANY EXPRESS OR IMPLIED WARRANTIES,
    34                           ; INCLUDING, BUT NOT LIMITED TO, THE IMPLIED WARRANTIES OF MERCHANTABILITY AND FITNESS F
      +                          OR
    35                           ; PURPOSE ARE DISCLAIMED.  IN NO EVENT SHALL MICROCHIP BE LIABLE FOR ANY DIRECT, INDIREC
      +                          T,
    36                           ; INCIDENTAL, SPECIAL, EXEMPLARY, OR CONSEQUENTIAL DAMAGES (INCLUDING BUT NOT LIMITED TO
    37                           ; PROCUREMENT OF SUBSTITUTE GOODS OR SERVICES; LOSS OF USE, DATA OR PROFITS; OR BUSINESS
    38                           ; INTERRUPTION) HOWSOEVER CAUSED AND ON ANY THEORY OF LIABILITY, WHETHER IN CONTRACT, ST
      +                          RICT
    39                           ; LIABILITY, OR TORT (INCLUDING NEGLIGENCE OR OTHERWISE) ARISING IN ANY WAY OUT OF THE U
      +                          SE OF
    40                           ; THIS SOFTWARE, EVEN IF ADVISED OF THE POSSIBILITY OF SUCH DAMAGE.
    41                           ; 
    42                           ; 
    43                           ; Code-generator required, PIC16F1718 Definitions
    44                           ; 
    45                           ; SFR Addresses
    46     0000                     	;# 
    47     0001                     	;# 
    48     0002                     	;# 
    49     0003                     	;# 
    50     0004                     	;# 
    51     0005                     	;# 
    52     0006                     	;# 
    53     0007                     	;# 
    54     0008                     	;# 
    55     0009                     	;# 
    56     000A                     	;# 
    57     000B                     	;# 
    58     000C                     	;# 
    59     000D                     	;# 
    60     000E                     	;# 
    61     0010                     	;# 
    62     0011                     	;# 
    63     0012                     	;# 
    64     0013                     	;# 
    65     0015                     	;# 
    66     0016                     	;# 
    67     0016                     	;# 
    68     0017                     	;# 
    69     0018                     	;# 
    70     0019                     	;# 
    71     001A                     	;# 
    72     001B                     	;# 
    73     001C                     	;# 
    74     008C                     	;# 
    75     008D                     	;# 
    76     008E                     	;# 
    77     0090                     	;# 
    78     0091                     	;# 
    79     0092                     	;# 
    80     0093                     	;# 
    81     0095                     	;# 
    82     0096                     	;# 
    83     0097                     	;# 
    84     0098                     	;# 
    85     0099                     	;# 
    86     009A                     	;# 
    87     009B                     	;# 
    88     009B                     	;# 
    89     009C                     	;# 
    90     009D                     	;# 
    91     009E                     	;# 
    92     009F                     	;# 
    93     010C                     	;# 
    94     010D                     	;# 
    95     010E                     	;# 
    96     0111                     	;# 
    97     0112                     	;# 
    98     0113                     	;# 
    99     0114                     	;# 
   100     0115                     	;# 
   101     0116                     	;# 
   102     0117                     	;# 
   103     0118                     	;# 
   104     0119                     	;# 
   105     011A                     	;# 
   106     011B                     	;# 
   107     011B                     	;# 
   108     011C                     	;# 
   109     018C                     	;# 
   110     018D                     	;# 
   111     018E                     	;# 
   112     0191                     	;# 
   113     0191                     	;# 
   114     0192                     	;# 
   115     0193                     	;# 
   116     0193                     	;# 
   117     0194                     	;# 
   118     0195                     	;# 
   119     0196                     	;# 
   120     0197                     	;# 
   121     0199                     	;# 
   122     0199                     	;# 
   123     0199                     	;# 
   124     019A                     	;# 
   125     019A                     	;# 
   126     019A                     	;# 
   127     019B                     	;# 
   128     019B                     	;# 
   129     019B                     	;# 
   130     019B                     	;# 
   131     019B                     	;# 
   132     019C                     	;# 
   133     019C                     	;# 
   134     019C                     	;# 
   135     019D                     	;# 
   136     019D                     	;# 
   137     019D                     	;# 
   138     019E                     	;# 
   139     019E                     	;# 
   140     019E                     	;# 
   141     019F                     	;# 
   142     019F                     	;# 
   143     019F                     	;# 
   144     019F                     	;# 
   145     019F                     	;# 
   146     020C                     	;# 
   147     020D                     	;# 
   148     020E                     	;# 
   149     0210                     	;# 
   150     0211                     	;# 
   151     0211                     	;# 
   152     0212                     	;# 
   153     0212                     	;# 
   154     0213                     	;# 
   155     0213                     	;# 
   156     0214                     	;# 
   157     0214                     	;# 
   158     0215                     	;# 
   159     0215                     	;# 
   160     0215                     	;# 
   161     0215                     	;# 
   162     0216                     	;# 
   163     0216                     	;# 
   164     0217                     	;# 
   165     0217                     	;# 
   166     028C                     	;# 
   167     028D                     	;# 
   168     028E                     	;# 
   169     0291                     	;# 
   170     0291                     	;# 
   171     0292                     	;# 
   172     0293                     	;# 
   173     0293                     	;# 
   174     0298                     	;# 
   175     0298                     	;# 
   176     0299                     	;# 
   177     029A                     	;# 
   178     029A                     	;# 
   179     029E                     	;# 
   180     030C                     	;# 
   181     030D                     	;# 
   182     030E                     	;# 
   183     038C                     	;# 
   184     038D                     	;# 
   185     038E                     	;# 
   186     0390                     	;# 
   187     0391                     	;# 
   188     0392                     	;# 
   189     0393                     	;# 
   190     0394                     	;# 
   191     0395                     	;# 
   192     0396                     	;# 
   193     0397                     	;# 
   194     0398                     	;# 
   195     0399                     	;# 
   196     039D                     	;# 
   197     039E                     	;# 
   198     039F                     	;# 
   199     0415                     	;# 
   200     0416                     	;# 
   201     0417                     	;# 
   202     041C                     	;# 
   203     041D                     	;# 
   204     041E                     	;# 
   205     0498                     	;# 
   206     0498                     	;# 
   207     0499                     	;# 
   208     049A                     	;# 
   209     049B                     	;# 
   210     049B                     	;# 
   211     049C                     	;# 
   212     049D                     	;# 
   213     049E                     	;# 
   214     049F                     	;# 
   215     0511                     	;# 
   216     0515                     	;# 
   217     0617                     	;# 
   218     0618                     	;# 
   219     0619                     	;# 
   220     0619                     	;# 
   221     061A                     	;# 
   222     061B                     	;# 
   223     061C                     	;# 
   224     061C                     	;# 
   225     0691                     	;# 
   226     0692                     	;# 
   227     0693                     	;# 
   228     0694                     	;# 
   229     0695                     	;# 
   230     0696                     	;# 
   231     0697                     	;# 
   232     0698                     	;# 
   233     0699                     	;# 
   234     069A                     	;# 
   235     069B                     	;# 
   236     069C                     	;# 
   237     069D                     	;# 
   238     069E                     	;# 
   239     069F                     	;# 
   240     0E0F                     	;# 
   241     0E10                     	;# 
   242     0E11                     	;# 
   243     0E12                     	;# 
   244     0E13                     	;# 
   245     0E14                     	;# 
   246     0E15                     	;# 
   247     0E17                     	;# 
   248     0E20                     	;# 
   249     0E21                     	;# 
   250     0E22                     	;# 
   251     0E24                     	;# 
   252     0E25                     	;# 
   253     0E28                     	;# 
   254     0E29                     	;# 
   255     0E2A                     	;# 
   256     0E2B                     	;# 
   257     0E90                     	;# 
   258     0E91                     	;# 
   259     0E92                     	;# 
   260     0E93                     	;# 
   261     0E94                     	;# 
   262     0E95                     	;# 
   263     0E96                     	;# 
   264     0E97                     	;# 
   265     0E98                     	;# 
   266     0E99                     	;# 
   267     0E9A                     	;# 
   268     0E9B                     	;# 
   269     0E9C                     	;# 
   270     0E9D                     	;# 
   271     0E9E                     	;# 
   272     0E9F                     	;# 
   273     0EA0                     	;# 
   274     0EA1                     	;# 
   275     0EA2                     	;# 
   276     0EA3                     	;# 
   277     0EA4                     	;# 
   278     0EA5                     	;# 
   279     0EA6                     	;# 
   280     0EA7                     	;# 
   281     0F0F                     	;# 
   282     0F10                     	;# 
   283     0F11                     	;# 
   284     0F12                     	;# 
   285     0F13                     	;# 
   286     0F14                     	;# 
   287     0F15                     	;# 
   288     0F16                     	;# 
   289     0F17                     	;# 
   290     0F18                     	;# 
   291     0F19                     	;# 
   292     0F1A                     	;# 
   293     0F1B                     	;# 
   294     0F1C                     	;# 
   295     0F1D                     	;# 
   296     0F1E                     	;# 
   297     0F1F                     	;# 
   298     0F20                     	;# 
   299     0F21                     	;# 
   300     0F22                     	;# 
   301     0F23                     	;# 
   302     0F24                     	;# 
   303     0F25                     	;# 
   304     0F26                     	;# 
   305     0F27                     	;# 
   306     0F28                     	;# 
   307     0F29                     	;# 
   308     0F2A                     	;# 
   309     0F2B                     	;# 
   310     0F2C                     	;# 
   311     0F2D                     	;# 
   312     0F2E                     	;# 
   313     0F2F                     	;# 
   314     0F30                     	;# 
   315     0F31                     	;# 
   316     0F32                     	;# 
   317     0F33                     	;# 
   318     0F34                     	;# 
   319     0F35                     	;# 
   320     0F36                     	;# 
   321     0F37                     	;# 
   322     0FE4                     	;# 
   323     0FE5                     	;# 
   324     0FE6                     	;# 
   325     0FE7                     	;# 
   326     0FE8                     	;# 
   327     0FE9                     	;# 
   328     0FEA                     	;# 
   329     0FEB                     	;# 
   330     0FED                     	;# 
   331     0FEE                     	;# 
   332     0FEF                     	;# 
   333     0000                     	;# 
   334     0001                     	;# 
   335     0002                     	;# 
   336     0003                     	;# 
   337     0004                     	;# 
   338     0005                     	;# 
   339     0006                     	;# 
   340     0007                     	;# 
   341     0008                     	;# 
   342     0009                     	;# 
   343     000A                     	;# 
   344     000B                     	;# 
   345     000C                     	;# 
   346     000D                     	;# 
   347     000E                     	;# 
   348     0010                     	;# 
   349     0011                     	;# 
   350     0012                     	;# 
   351     0013                     	;# 
   352     0015                     	;# 
   353     0016                     	;# 
   354     0016                     	;# 
   355     0017                     	;# 
   356     0018                     	;# 
   357     0019                     	;# 
   358     001A                     	;# 
   359     001B                     	;# 
   360     001C                     	;# 
   361     008C                     	;# 
   362     008D                     	;# 
   363     008E                     	;# 
   364     0090                     	;# 
   365     0091                     	;# 
   366     0092                     	;# 
   367     0093                     	;# 
   368     0095                     	;# 
   369     0096                     	;# 
   370     0097                     	;# 
   371     0098                     	;# 
   372     0099                     	;# 
   373     009A                     	;# 
   374     009B                     	;# 
   375     009B                     	;# 
   376     009C                     	;# 
   377     009D                     	;# 
   378     009E                     	;# 
   379     009F                     	;# 
   380     010C                     	;# 
   381     010D                     	;# 
   382     010E                     	;# 
   383     0111                     	;# 
   384     0112                     	;# 
   385     0113                     	;# 
   386     0114                     	;# 
   387     0115                     	;# 
   388     0116                     	;# 
   389     0117                     	;# 
   390     0118                     	;# 
   391     0119                     	;# 
   392     011A                     	;# 
   393     011B                     	;# 
   394     011B                     	;# 
   395     011C                     	;# 
   396     018C                     	;# 
   397     018D                     	;# 
   398     018E                     	;# 
   399     0191                     	;# 
   400     0191                     	;# 
   401     0192                     	;# 
   402     0193                     	;# 
   403     0193                     	;# 
   404     0194                     	;# 
   405     0195                     	;# 
   406     0196                     	;# 
   407     0197                     	;# 
   408     0199                     	;# 
   409     0199                     	;# 
   410     0199                     	;# 
   411     019A                     	;# 
   412     019A                     	;# 
   413     019A                     	;# 
   414     019B                     	;# 
   415     019B                     	;# 
   416     019B                     	;# 
   417     019B                     	;# 
   418     019B                     	;# 
   419     019C                     	;# 
   420     019C                     	;# 
   421     019C                     	;# 
   422     019D                     	;# 
   423     019D                     	;# 
   424     019D                     	;# 
   425     019E                     	;# 
   426     019E                     	;# 
   427     019E                     	;# 
   428     019F                     	;# 
   429     019F                     	;# 
   430     019F                     	;# 
   431     019F                     	;# 
   432     019F                     	;# 
   433     020C                     	;# 
   434     020D                     	;# 
   435     020E                     	;# 
   436     0210                     	;# 
   437     0211                     	;# 
   438     0211                     	;# 
   439     0212                     	;# 
   440     0212                     	;# 
   441     0213                     	;# 
   442     0213                     	;# 
   443     0214                     	;# 
   444     0214                     	;# 
   445     0215                     	;# 
   446     0215                     	;# 
   447     0215                     	;# 
   448     0215                     	;# 
   449     0216                     	;# 
   450     0216                     	;# 
   451     0217                     	;# 
   452     0217                     	;# 
   453     028C                     	;# 
   454     028D                     	;# 
   455     028E                     	;# 
   456     0291                     	;# 
   457     0291                     	;# 
   458     0292                     	;# 
   459     0293                     	;# 
   460     0293                     	;# 
   461     0298                     	;# 
   462     0298                     	;# 
   463     0299                     	;# 
   464     029A                     	;# 
   465     029A                     	;# 
   466     029E                     	;# 
   467     030C                     	;# 
   468     030D                     	;# 
   469     030E                     	;# 
   470     038C                     	;# 
   471     038D                     	;# 
   472     038E                     	;# 
   473     0390                     	;# 
   474     0391                     	;# 
   475     0392                     	;# 
   476     0393                     	;# 
   477     0394                     	;# 
   478     0395                     	;# 
   479     0396                     	;# 
   480     0397                     	;# 
   481     0398                     	;# 
   482     0399                     	;# 
   483     039D                     	;# 
   484     039E                     	;# 
   485     039F                     	;# 
   486     0415                     	;# 
   487     0416                     	;# 
   488     0417                     	;# 
   489     041C                     	;# 
   490     041D                     	;# 
   491     041E                     	;# 
   492     0498                     	;# 
   493     0498                     	;# 
   494     0499                     	;# 
   495     049A                     	;# 
   496     049B                     	;# 
   497     049B                     	;# 
   498     049C                     	;# 
   499     049D                     	;# 
   500     049E                     	;# 
   501     049F                     	;# 
   502     0511                     	;# 
   503     0515                     	;# 
   504     0617                     	;# 
   505     0618                     	;# 
   506     0619                     	;# 
   507     0619                     	;# 
   508     061A                     	;# 
   509     061B                     	;# 
   510     061C                     	;# 
   511     061C                     	;# 
   512     0691                     	;# 
   513     0692                     	;# 
   514     0693                     	;# 
   515     0694                     	;# 
   516     0695                     	;# 
   517     0696                     	;# 
   518     0697                     	;# 
   519     0698                     	;# 
   520     0699                     	;# 
   521     069A                     	;# 
   522     069B                     	;# 
   523     069C                     	;# 
   524     069D                     	;# 
   525     069E                     	;# 
   526     069F                     	;# 
   527     0E0F                     	;# 
   528     0E10                     	;# 
   529     0E11                     	;# 
   530     0E12                     	;# 
   531     0E13                     	;# 
   532     0E14                     	;# 
   533     0E15                     	;# 
   534     0E17                     	;# 
   535     0E20                     	;# 
   536     0E21                     	;# 
   537     0E22                     	;# 
   538     0E24                     	;# 
   539     0E25                     	;# 
   540     0E28                     	;# 
   541     0E29                     	;# 
   542     0E2A                     	;# 
   543     0E2B                     	;# 
   544     0E90                     	;# 
   545     0E91                     	;# 
   546     0E92                     	;# 
   547     0E93                     	;# 
   548     0E94                     	;# 
   549     0E95                     	;# 
   550     0E96                     	;# 
   551     0E97                     	;# 
   552     0E98                     	;# 
   553     0E99                     	;# 
   554     0E9A                     	;# 
   555     0E9B                     	;# 
   556     0E9C                     	;# 
   557     0E9D                     	;# 
   558     0E9E                     	;# 
   559     0E9F                     	;# 
   560     0EA0                     	;# 
   561     0EA1                     	;# 
   562     0EA2                     	;# 
   563     0EA3                     	;# 
   564     0EA4                     	;# 
   565     0EA5                     	;# 
   566     0EA6                     	;# 
   567     0EA7                     	;# 
   568     0F0F                     	;# 
   569     0F10                     	;# 
   570     0F11                     	;# 
   571     0F12                     	;# 
   572     0F13                     	;# 
   573     0F14                     	;# 
   574     0F15                     	;# 
   575     0F16                     	;# 
   576     0F17                     	;# 
   577     0F18                     	;# 
   578     0F19                     	;# 
   579     0F1A                     	;# 
   580     0F1B                     	;# 
   581     0F1C                     	;# 
   582     0F1D                     	;# 
   583     0F1E                     	;# 
   584     0F1F                     	;# 
   585     0F20                     	;# 
   586     0F21                     	;# 
   587     0F22                     	;# 
   588     0F23                     	;# 
   589     0F24                     	;# 
   590     0F25                     	;# 
   591     0F26                     	;# 
   592     0F27                     	;# 
   593     0F28                     	;# 
   594     0F29                     	;# 
   595     0F2A                     	;# 
   596     0F2B                     	;# 
   597     0F2C                     	;# 
   598     0F2D                     	;# 
   599     0F2E                     	;# 
   600     0F2F                     	;# 
   601     0F30                     	;# 
   602     0F31                     	;# 
   603     0F32                     	;# 
   604     0F33                     	;# 
   605     0F34                     	;# 
   606     0F35                     	;# 
   607     0F36                     	;# 
   608     0F37                     	;# 
   609     0FE4                     	;# 
   610     0FE5                     	;# 
   611     0FE6                     	;# 
   612     0FE7                     	;# 
   613     0FE8                     	;# 
   614     0FE9                     	;# 
   615     0FEA                     	;# 
   616     0FEB                     	;# 
   617     0FED                     	;# 
   618     0FEE                     	;# 
   619     0FEF                     	;# 
   620     008E                     _TRISCbits	set	142
   621     04CF                     _SPLLEN	set	1231
   622     04CE                     _IRCF3	set	1230
   623     04CD                     _IRCF2	set	1229
   624     04CC                     _IRCF1	set	1228
   625     04CB                     _IRCF0	set	1227
   626     04C9                     _SCS1	set	1225
   627     04C8                     _SCS0	set	1224
   628     010E                     _LATCbits	set	270
   629                           
   630                           	psect	cinit
   631     07FD                     start_initialization:	
   632                           ; #config settings
   633                           
   634     07FD                     __initialization:
   635     07FD                     end_of_initialization:	
   636                           ;End of C runtime variable initialization code
   637                           
   638     07FD                     __end_of__initialization:
   639     07FD  0020               	movlb	0
   640     07FE  3187  2FDF         	ljmp	_main	;jump to C main() function
   641                           
   642                           	psect	cstackCOMMON
   643     0070                     __pcstackCOMMON:
   644     0070                     ?_internal_32:
   645     0070                     ??_internal_32:	
   646                           ; 1 bytes @ 0x0
   647                           
   648     0070                     ?_initMain:	
   649                           ; 1 bytes @ 0x0
   650                           
   651     0070                     ??_initMain:	
   652                           ; 1 bytes @ 0x0
   653                           
   654     0070                     ?_main:	
   655                           ; 1 bytes @ 0x0
   656                           
   657                           
   658                           ; 1 bytes @ 0x0
   659     0070                     	ds	2
   660     0072                     ??_main:
   661                           
   662                           ; 1 bytes @ 0x2
   663     0072                     	ds	2
   664                           
   665                           	psect	maintext
   666     07DF                     __pmaintext:	
   667 ;;
   668 ;;Main: autosize = 0, tempsize = 2, incstack = 0, save=0
   669 ;;
   670 ;; *************** function _main *****************
   671 ;; Defined at:
   672 ;;		line 61 in file "main.c"
   673 ;; Parameters:    Size  Location     Type
   674 ;;		None
   675 ;; Auto vars:     Size  Location     Type
   676 ;;		None
   677 ;; Return value:  Size  Location     Type
   678 ;;                  1    wreg      void 
   679 ;; Registers used:
   680 ;;		wreg, status,2, status,0, pclath, cstack
   681 ;; Tracked objects:
   682 ;;		On entry : B1F/0
   683 ;;		On exit  : 0/0
   684 ;;		Unchanged: 0/0
   685 ;; Data sizes:     COMMON   BANK0   BANK1   BANK2   BANK3   BANK4   BANK5   BANK6   BANK7   BANK8   BANK9  BANK10  BANK1
      +1  BANK12  BANK13  BANK14  BANK15  BANK16  BANK17  BANK18  BANK19  BANK20  BANK21  BANK22  BANK23  BANK24  BANK25
   686 ;;      Params:         0       0       0       0       0       0       0       0       0       0       0       0       
      +0       0       0       0       0       0       0       0       0       0       0       0       0       0       0
   687 ;;      Locals:         0       0       0       0       0       0       0       0       0       0       0       0       
      +0       0       0       0       0       0       0       0       0       0       0       0       0       0       0
   688 ;;      Temps:          2       0       0       0       0       0       0       0       0       0       0       0       
      +0       0       0       0       0       0       0       0       0       0       0       0       0       0       0
   689 ;;      Totals:         2       0       0       0       0       0       0       0       0       0       0       0       
      +0       0       0       0       0       0       0       0       0       0       0       0       0       0       0
   690 ;;Total ram usage:        2 bytes
   691 ;; Hardware stack levels required when called: 2
   692 ;; This function calls:
   693 ;;		_initMain
   694 ;; This function is called by:
   695 ;;		Startup code after reset
   696 ;; This function uses a non-reentrant model
   697 ;;
   698                           
   699     07DF                     _main:	
   700                           ;psect for function _main
   701                           
   702     07DF                     l588:	
   703                           ;incstack = 0
   704                           ; Regs used in _main: [wreg+status,2+status,0+pclath+cstack]
   705                           
   706                           
   707                           ;main.c: 62:     initMain();
   708     07DF  3187  27CD  3187   	fcall	_initMain
   709     07E2                     l590:
   710                           
   711                           ;main.c: 66:         LATCbits.LATC3 = !LATCbits.LATC3;
   712     07E2  1003               	clrc
   713     07E3  0022               	movlb	2	; select bank2
   714     07E4  1D8E               	btfss	14,3	;volatile
   715     07E5  1403               	setc
   716     07E6  1803               	btfsc	3,0
   717     07E7  2FE9               	goto	u11
   718     07E8  2FEC               	goto	u10
   719     07E9                     u11:
   720     07E9  0022               	movlb	2	; select bank2
   721     07EA  158E               	bsf	14,3	;volatile
   722     07EB  2FEE               	goto	u24
   723     07EC                     u10:
   724     07EC  0022               	movlb	2	; select bank2
   725     07ED  118E               	bcf	14,3	;volatile
   726     07EE                     u24:
   727     07EE                     l592:
   728                           
   729                           ;main.c: 69:         _delay((unsigned long)((500)*(32000000/4000.0)));
   730     07EE  3015               	movlw	21
   731     07EF  00F3               	movwf	??_main+1
   732     07F0  304B               	movlw	75
   733     07F1  00F2               	movwf	??_main
   734     07F2  30BE               	movlw	190
   735     07F3                     u37:
   736     07F3  0B89               	decfsz	9,f
   737     07F4  2FF3               	goto	u37
   738     07F5  0BF2               	decfsz	??_main,f
   739     07F6  2FF3               	goto	u37
   740     07F7  0BF3               	decfsz	??_main+1,f
   741     07F8  2FF3               	goto	u37
   742     07F9  3200               	nop2
   743     07FA  2FE2               	goto	l590
   744     07FB  3180  2802         	ljmp	start
   745     07FD                     __end_of_main:
   746                           
   747                           	psect	text1
   748     07CD                     __ptext1:	
   749 ;; *************** function _initMain *****************
   750 ;; Defined at:
   751 ;;		line 42 in file "main.c"
   752 ;; Parameters:    Size  Location     Type
   753 ;;		None
   754 ;; Auto vars:     Size  Location     Type
   755 ;;		None
   756 ;; Return value:  Size  Location     Type
   757 ;;                  1    wreg      void 
   758 ;; Registers used:
   759 ;;		wreg, status,2, status,0, pclath, cstack
   760 ;; Tracked objects:
   761 ;;		On entry : 0/0
   762 ;;		On exit  : 0/0
   763 ;;		Unchanged: 0/0
   764 ;; Data sizes:     COMMON   BANK0   BANK1   BANK2   BANK3   BANK4   BANK5   BANK6   BANK7   BANK8   BANK9  BANK10  BANK1
      +1  BANK12  BANK13  BANK14  BANK15  BANK16  BANK17  BANK18  BANK19  BANK20  BANK21  BANK22  BANK23  BANK24  BANK25
   765 ;;      Params:         0       0       0       0       0       0       0       0       0       0       0       0       
      +0       0       0       0       0       0       0       0       0       0       0       0       0       0       0
   766 ;;      Locals:         0       0       0       0       0       0       0       0       0       0       0       0       
      +0       0       0       0       0       0       0       0       0       0       0       0       0       0       0
   767 ;;      Temps:          2       0       0       0       0       0       0       0       0       0       0       0       
      +0       0       0       0       0       0       0       0       0       0       0       0       0       0       0
   768 ;;      Totals:         2       0       0       0       0       0       0       0       0       0       0       0       
      +0       0       0       0       0       0       0       0       0       0       0       0       0       0       0
   769 ;;Total ram usage:        2 bytes
   770 ;; Hardware stack levels used: 1
   771 ;; Hardware stack levels required when called: 1
   772 ;; This function calls:
   773 ;;		_internal_32
   774 ;; This function is called by:
   775 ;;		_main
   776 ;; This function uses a non-reentrant model
   777 ;;
   778                           
   779     07CD                     _initMain:	
   780                           ;psect for function _initMain
   781                           
   782     07CD                     l582:	
   783                           ;incstack = 0
   784                           ; Regs used in _initMain: [wreg+status,2+status,0+pclath+cstack]
   785                           
   786                           
   787                           ;main.c: 44:     internal_32();
   788     07CD  3187  27C4  3187   	fcall	_internal_32
   789     07D0                     l584:
   790                           
   791                           ;main.c: 47:     _delay((unsigned long)((100)*(32000000/4000.0)));
   792     07D0  3005               	movlw	5
   793     07D1  00F1               	movwf	??_initMain+1
   794     07D2  300F               	movlw	15
   795     07D3  00F0               	movwf	??_initMain
   796     07D4  30F1               	movlw	241
   797     07D5                     u47:
   798     07D5  0B89               	decfsz	9,f
   799     07D6  2FD5               	goto	u47
   800     07D7  0BF0               	decfsz	??_initMain,f
   801     07D8  2FD5               	goto	u47
   802     07D9  0BF1               	decfsz	??_initMain+1,f
   803     07DA  2FD5               	goto	u47
   804     07DB  0000               	nop
   805     07DC                     l586:
   806                           
   807                           ;main.c: 50:     TRISCbits.TRISC3 = 0;
   808     07DC  0021               	movlb	1	; select bank1
   809     07DD  118E               	bcf	14,3	;volatile
   810     07DE                     l11:
   811     07DE  0008               	return
   812     07DF                     __end_of_initMain:
   813                           
   814                           	psect	text2
   815     07C4                     __ptext2:	
   816 ;; *************** function _internal_32 *****************
   817 ;; Defined at:
   818 ;;		line 36 in file "PIC16F1718_Internal.c"
   819 ;; Parameters:    Size  Location     Type
   820 ;;		None
   821 ;; Auto vars:     Size  Location     Type
   822 ;;		None
   823 ;; Return value:  Size  Location     Type
   824 ;;                  1    wreg      void 
   825 ;; Registers used:
   826 ;;		None
   827 ;; Tracked objects:
   828 ;;		On entry : 0/0
   829 ;;		On exit  : 0/0
   830 ;;		Unchanged: 0/0
   831 ;; Data sizes:     COMMON   BANK0   BANK1   BANK2   BANK3   BANK4   BANK5   BANK6   BANK7   BANK8   BANK9  BANK10  BANK1
      +1  BANK12  BANK13  BANK14  BANK15  BANK16  BANK17  BANK18  BANK19  BANK20  BANK21  BANK22  BANK23  BANK24  BANK25
   832 ;;      Params:         0       0       0       0       0       0       0       0       0       0       0       0       
      +0       0       0       0       0       0       0       0       0       0       0       0       0       0       0
   833 ;;      Locals:         0       0       0       0       0       0       0       0       0       0       0       0       
      +0       0       0       0       0       0       0       0       0       0       0       0       0       0       0
   834 ;;      Temps:          0       0       0       0       0       0       0       0       0       0       0       0       
      +0       0       0       0       0       0       0       0       0       0       0       0       0       0       0
   835 ;;      Totals:         0       0       0       0       0       0       0       0       0       0       0       0       
      +0       0       0       0       0       0       0       0       0       0       0       0       0       0       0
   836 ;;Total ram usage:        0 bytes
   837 ;; Hardware stack levels used: 1
   838 ;; This function calls:
   839 ;;		Nothing
   840 ;; This function is called by:
   841 ;;		_initMain
   842 ;; This function uses a non-reentrant model
   843 ;;
   844                           
   845     07C4                     _internal_32:	
   846                           ;psect for function _internal_32
   847                           
   848     07C4                     l580:	
   849                           ;incstack = 0
   850                           ; Regs used in _internal_32: []
   851                           
   852                           
   853                           ;PIC16F1718_Internal.c: 38:     SCS0 = 0;
   854     07C4  0021               	movlb	1	; select bank1
   855     07C5  1019               	bcf	25,0	;volatile
   856                           
   857                           ;PIC16F1718_Internal.c: 39:     SCS1 = 0;
   858     07C6  1099               	bcf	25,1	;volatile
   859                           
   860                           ;PIC16F1718_Internal.c: 42:     IRCF0 = 0;
   861     07C7  1199               	bcf	25,3	;volatile
   862                           
   863                           ;PIC16F1718_Internal.c: 43:     IRCF1 = 1;
   864     07C8  1619               	bsf	25,4	;volatile
   865                           
   866                           ;PIC16F1718_Internal.c: 44:     IRCF2 = 1;
   867     07C9  1699               	bsf	25,5	;volatile
   868                           
   869                           ;PIC16F1718_Internal.c: 45:     IRCF3 = 1;
   870     07CA  1719               	bsf	25,6	;volatile
   871                           
   872                           ;PIC16F1718_Internal.c: 48:     SPLLEN = 1;
   873     07CB  1799               	bsf	25,7	;volatile
   874     07CC                     l36:
   875     07CC  0008               	return
   876     07CD                     __end_of_internal_32:
   877     007E                     btemp	set	126	;btemp
   878     007E                     wtemp0	set	126
   879                           
   880                           	psect	config
   881                           
   882                           ;Config register CONFIG1 @ 0x8007
   883                           ;	Oscillator Selection Bits
   884                           ;	FOSC = INTOSC, INTOSC oscillator: I/O function on CLKIN pin
   885                           ;	Watchdog Timer Enable
   886                           ;	WDTE = OFF, WDT disabled
   887                           ;	Power-up Timer Enable
   888                           ;	PWRTE = OFF, PWRT disabled
   889                           ;	MCLR Pin Function Select
   890                           ;	MCLRE = OFF, MCLR/VPP pin function is digital input if LVP bit is also 0.
   891                           ;	Flash Program Memory Code Protection
   892                           ;	CP = OFF, Program memory code protection is disabled
   893                           ;	Brown-out Reset Enable
   894                           ;	BOREN = OFF, Brown-out Reset disabled
   895                           ;	Clock Out Enable
   896                           ;	CLKOUTEN = OFF, CLKOUT function is disabled. I/O or oscillator function on the CLKOUT 
      +                          pin
   897                           ;	Internal/External Switchover Mode
   898                           ;	IESO = ON, Internal/External Switchover Mode is enabled
   899                           ;	Fail-Safe Clock Monitor Enable
   900                           ;	FCMEN = OFF, Fail-Safe Clock Monitor is disabled
   901     8007                     	org	32775
   902     8007  19A4               	dw	6564
   903                           
   904                           ;Config register CONFIG2 @ 0x8008
   905                           ;	Flash Memory Self-Write Protection
   906                           ;	WRT = OFF, Write protection off
   907                           ;	Peripheral Pin Select one-way control
   908                           ;	PPS1WAY = ON, The PPSLOCK bit cannot be cleared once it is set by software
   909                           ;	Zero-cross detect disable
   910                           ;	ZCDDIS = ON, ZCD disabled. ZCD can be enabled by setting the ZCDSEN bit of ZCDCON
   911                           ;	Phase Lock Loop enable
   912                           ;	PLLEN = OFF, 4x PLL is disabled
   913                           ;	Stack Overflow/Underflow Reset Enable
   914                           ;	STVREN = ON, Stack Overflow or Underflow will cause a Reset
   915                           ;	Brown-out Reset Voltage Selection
   916                           ;	BORV = LO, Brown-out Reset Voltage (Vbor), low trip point selected.
   917                           ;	Low-Power Brown Out Reset
   918                           ;	LPBOR = OFF, Low-Power BOR is disabled
   919                           ;	In-Circuit Debugger Mode
   920                           ;	DEBUG = 0x1, unprogrammed default
   921                           ;	Low-Voltage Programming Enable
   922                           ;	LVP = OFF, High-voltage on MCLR/VPP must be used for programming
   923     8008                     	org	32776
   924     8008  1EFF               	dw	7935

Data Sizes:
    Strings     0
    Constant    0
    Data        0
    BSS         0
    Persistent  32
    Stack       0

Auto Spaces:
    Space          Size  Autos    Used
    COMMON           14      4       4
    BANK0            80      0       0
    BANK1            80      0       0
    BANK2            80      0       0
    BANK3            80      0       0
    BANK4            80      0       0
    BANK5            80      0       0
    BANK6            80      0       0
    BANK7            80      0       0
    BANK8            80      0       0
    BANK9            80      0       0
    BANK10           80      0       0
    BANK11           80      0       0
    BANK12           80      0       0
    BANK13           80      0       0
    BANK14           80      0       0
    BANK15           80      0       0
    BANK16           80      0       0
    BANK17           80      0       0
    BANK18           80      0       0
    BANK19           80      0       0
    BANK20           80      0       0
    BANK21           80      0       0
    BANK22           80      0       0
    BANK23           80      0       0
    BANK24           80      0       0
    BANK25           32      0       0

Pointer List with Targets:

    None.

Critical Paths under _main in COMMON

    _main->_initMain

Critical Paths under _main in BANK0

    None.

Critical Paths under _main in BANK1

    None.

Critical Paths under _main in BANK2

    None.

Critical Paths under _main in BANK3

    None.

Critical Paths under _main in BANK4

    None.

Critical Paths under _main in BANK5

    None.

Critical Paths under _main in BANK6

    None.

Critical Paths under _main in BANK7

    None.

Critical Paths under _main in BANK8

    None.

Critical Paths under _main in BANK9

    None.

Critical Paths under _main in BANK10

    None.

Critical Paths under _main in BANK11

    None.

Critical Paths under _main in BANK12

    None.

Critical Paths under _main in BANK13

    None.

Critical Paths under _main in BANK14

    None.

Critical Paths under _main in BANK15

    None.

Critical Paths under _main in BANK16

    None.

Critical Paths under _main in BANK17

    None.

Critical Paths under _main in BANK18

    None.

Critical Paths under _main in BANK19

    None.

Critical Paths under _main in BANK20

    None.

Critical Paths under _main in BANK21

    None.

Critical Paths under _main in BANK22

    None.

Critical Paths under _main in BANK23

    None.

Critical Paths under _main in BANK24

    None.

Critical Paths under _main in BANK25

    None.

Call Graph Tables:

 ---------------------------------------------------------------------------------
 (Depth) Function   	        Calls       Base Space   Used Autos Params    Refs
 ---------------------------------------------------------------------------------
 (0) _main                                                 2     2      0       0
                                              2 COMMON     2     2      0
                           _initMain
 ---------------------------------------------------------------------------------
 (1) _initMain                                             2     2      0       0
                                              0 COMMON     2     2      0
                        _internal_32
 ---------------------------------------------------------------------------------
 (2) _internal_32                                          0     0      0       0
 ---------------------------------------------------------------------------------
 Estimated maximum stack depth 2
 ---------------------------------------------------------------------------------

 Call Graph Graphs:

 _main (ROOT)
   _initMain
     _internal_32

 Address spaces:
Name               Size   Autos  Total    Cost      Usage
BIGRAM             7F0      0       0       0        0.0%
NULL                 0      0       0       0        0.0%
CODE                 0      0       0       0        0.0%
BITCOMMON            E      0       0       1        0.0%
BITSFR0              0      0       0       1        0.0%
SFR0                 0      0       0       1        0.0%
COMMON               E      4       4       2       28.6%
BITSFR1              0      0       0       2        0.0%
SFR1                 0      0       0       2        0.0%
BITSFR2              0      0       0       3        0.0%
SFR2                 0      0       0       3        0.0%
STACK                0      0       0       3        0.0%
BITBANK0            50      0       0       4        0.0%
BITSFR3              0      0       0       4        0.0%
SFR3                 0      0       0       4        0.0%
BANK0               50      0       0       5        0.0%
BITSFR4              0      0       0       5        0.0%
SFR4                 0      0       0       5        0.0%
BITBANK1            50      0       0       6        0.0%
BITSFR5              0      0       0       6        0.0%
SFR5                 0      0       0       6        0.0%
BANK1               50      0       0       7        0.0%
BITSFR6              0      0       0       7        0.0%
SFR6                 0      0       0       7        0.0%
BITBANK2            50      0       0       8        0.0%
BITSFR7              0      0       0       8        0.0%
SFR7                 0      0       0       8        0.0%
BANK2               50      0       0       9        0.0%
BITSFR8              0      0       0       9        0.0%
SFR8                 0      0       0       9        0.0%
BITBANK3            50      0       0      10        0.0%
BITSFR9              0      0       0      10        0.0%
SFR9                 0      0       0      10        0.0%
BANK3               50      0       0      11        0.0%
BITSFR10             0      0       0      11        0.0%
SFR10                0      0       0      11        0.0%
BITBANK4            50      0       0      12        0.0%
BITSFR11             0      0       0      12        0.0%
SFR11                0      0       0      12        0.0%
BANK4               50      0       0      13        0.0%
BITSFR12             0      0       0      13        0.0%
SFR12                0      0       0      13        0.0%
BITSFR13             0      0       0      14        0.0%
SFR13                0      0       0      14        0.0%
ABS                  0      0       0      14        0.0%
BITBANK5            50      0       0      15        0.0%
BITSFR14             0      0       0      15        0.0%
SFR14                0      0       0      15        0.0%
BANK5               50      0       0      16        0.0%
BITSFR15             0      0       0      16        0.0%
SFR15                0      0       0      16        0.0%
BITBANK6            50      0       0      17        0.0%
BITSFR16             0      0       0      17        0.0%
SFR16                0      0       0      17        0.0%
BANK6               50      0       0      18        0.0%
BITSFR17             0      0       0      18        0.0%
SFR17                0      0       0      18        0.0%
BITBANK7            50      0       0      19        0.0%
BITSFR18             0      0       0      19        0.0%
SFR18                0      0       0      19        0.0%
BANK7               50      0       0      20        0.0%
BITSFR19             0      0       0      20        0.0%
SFR19                0      0       0      20        0.0%
BITBANK8            50      0       0      21        0.0%
BITSFR20             0      0       0      21        0.0%
SFR20                0      0       0      21        0.0%
BANK8               50      0       0      22        0.0%
BITSFR21             0      0       0      22        0.0%
SFR21                0      0       0      22        0.0%
BITBANK9            50      0       0      23        0.0%
BITSFR22             0      0       0      23        0.0%
SFR22                0      0       0      23        0.0%
BANK9               50      0       0      24        0.0%
BITSFR23             0      0       0      24        0.0%
SFR23                0      0       0      24        0.0%
BITBANK10           50      0       0      25        0.0%
BITSFR24             0      0       0      25        0.0%
SFR24                0      0       0      25        0.0%
BANK10              50      0       0      26        0.0%
BITSFR25             0      0       0      26        0.0%
SFR25                0      0       0      26        0.0%
BITBANK11           50      0       0      27        0.0%
BITSFR26             0      0       0      27        0.0%
SFR26                0      0       0      27        0.0%
BITSFR27             0      0       0      28        0.0%
SFR27                0      0       0      28        0.0%
DATA                 0      0       0      28        0.0%
BANK11              50      0       0      29        0.0%
BITSFR28             0      0       0      29        0.0%
SFR28                0      0       0      29        0.0%
BITBANK12           50      0       0      30        0.0%
BITSFR29             0      0       0      30        0.0%
SFR29                0      0       0      30        0.0%
BANK12              50      0       0      31        0.0%
BITSFR30             0      0       0      31        0.0%
SFR30                0      0       0      31        0.0%
BITBANK13           50      0       0      32        0.0%
BITSFR31             0      0       0      32        0.0%
SFR31                0      0       0      32        0.0%
BANK13              50      0       0      33        0.0%
BITBANK14           50      0       0      34        0.0%
BANK14              50      0       0      35        0.0%
BITBANK15           50      0       0      36        0.0%
BANK15              50      0       0      37        0.0%
BITBANK16           50      0       0      38        0.0%
BANK16              50      0       0      39        0.0%
BITBANK17           50      0       0      40        0.0%
BANK17              50      0       0      41        0.0%
BITBANK18           50      0       0      42        0.0%
BANK18              50      0       0      43        0.0%
BITBANK19           50      0       0      44        0.0%
BANK19              50      0       0      45        0.0%
BITBANK20           50      0       0      46        0.0%
BANK20              50      0       0      47        0.0%
BITBANK21           50      0       0      48        0.0%
BANK21              50      0       0      49        0.0%
BITBANK22           50      0       0      50        0.0%
BANK22              50      0       0      51        0.0%
BITBANK23           50      0       0      52        0.0%
BANK23              50      0       0      53        0.0%
BITBANK24           50      0       0      54        0.0%
BANK24              50      0       0      55        0.0%
BITBANK25           20      0       0      56        0.0%
BANK25              20      0       0      57        0.0%


Microchip Technology PIC Macro Assembler V2.46 build 20240104201356 
Symbol Table                                                                                   Wed Jan 28 19:54:41 2026

                     l11 07DE                       l36 07CC                       u10 07EC  
                     u11 07E9                       u24 07EE                       u37 07F3  
                     u47 07D5                      l580 07C4                      l582 07CD  
                    l590 07E2                      l584 07D0                      l592 07EE  
                    l586 07DC                      l588 07DF                      wreg 0009  
                   _SCS0 04C8                     _SCS1 04C9                     _main 07DF  
                   btemp 007E                     start 0002                    ?_main 0070  
                  _IRCF0 04CB                    _IRCF1 04CC                    _IRCF2 04CD  
                  _IRCF3 04CE                    status 0003                    wtemp0 007E  
           ?_internal_32 0070          __initialization 07FD             __end_of_main 07FD  
                 ??_main 0072                   _SPLLEN 04CF         __end_of_initMain 07DF  
__end_of__initialization 07FD           __pcstackCOMMON 0070               __pmaintext 07DF  
              ?_initMain 0070                  __ptext1 07CD                  __ptext2 07C4  
   end_of_initialization 07FD               ??_initMain 0070                _TRISCbits 008E  
    start_initialization 07FD                ___latbits 0003            ??_internal_32 0070  
               _LATCbits 010E      __end_of_internal_32 07CD                 _initMain 07CD  
            _internal_32 07C4  
