

Microchip MPLAB XC8 Assembler V2.45 build 20230818022343 
                                                                                               Thu Jan 11 19:24:43 2024

Microchip MPLAB XC8 C Compiler v2.45 (Free license) build 20230818022343 Og1 
     1                           	processor	16F1719
     2                           	pagewidth 120
     3                           	opt	flic
     4                           	psect	cinit,global,class=CODE,merge=1,delta=2
     5                           	psect	cstackCOMMON,global,class=COMMON,space=1,delta=1,noexec
     6                           	psect	maintext,global,class=CODE,merge=1,split=1,delta=2
     7                           	psect	text1,local,class=CODE,merge=1,delta=2
     8                           	psect	text2,local,class=CODE,merge=1,delta=2
     9                           	psect	text3,local,class=CODE,merge=1,delta=2
    10                           	psect	text4,local,class=CODE,merge=1,delta=2
    11                           	psect	config,global,abs,ovrld,class=CONFIG,space=4,delta=2,noexec
    12                           	dabs	1,0x7E,2
    13     0000                     
    14                           ; Generated 06/07/2023 GMT
    15                           ; 
    16                           ; Copyright © 2023, Microchip Technology Inc. and its subsidiaries ("Microchip")
    17                           ; All rights reserved.
    18                           ; 
    19                           ; This software is developed by Microchip Technology Inc. and its subsidiaries ("Microch
      +                          ip").
    20                           ; 
    21                           ; Redistribution and use in source and binary forms, with or without modification, are
    22                           ; permitted provided that the following conditions are met:
    23                           ; 
    24                           ;     1. Redistributions of source code must retain the above copyright notice, this lis
      +                          t of
    25                           ;        conditions and the following disclaimer.
    26                           ; 
    27                           ;     2. Redistributions in binary form must reproduce the above copyright notice, this 
      +                          list
    28                           ;        of conditions and the following disclaimer in the documentation and/or other
    29                           ;        materials provided with the distribution. Publication is not required when
    30                           ;        this file is used in an embedded application.
    31                           ; 
    32                           ;     3. Microchip's name may not be used to endorse or promote products derived from th
      +                          is
    33                           ;        software without specific prior written permission.
    34                           ; 
    35                           ; THIS SOFTWARE IS PROVIDED BY MICROCHIP "AS IS" AND ANY EXPRESS OR IMPLIED WARRANTIES,
    36                           ; INCLUDING, BUT NOT LIMITED TO, THE IMPLIED WARRANTIES OF MERCHANTABILITY AND FITNESS F
      +                          OR
    37                           ; PURPOSE ARE DISCLAIMED.  IN NO EVENT SHALL MICROCHIP BE LIABLE FOR ANY DIRECT, INDIREC
      +                          T,
    38                           ; INCIDENTAL, SPECIAL, EXEMPLARY, OR CONSEQUENTIAL DAMAGES (INCLUDING BUT NOT LIMITED TO
    39                           ; PROCUREMENT OF SUBSTITUTE GOODS OR SERVICES; LOSS OF USE, DATA OR PROFITS; OR BUSINESS
    40                           ; INTERRUPTION) HOWSOEVER CAUSED AND ON ANY THEORY OF LIABILITY, WHETHER IN CONTRACT, ST
      +                          RICT
    41                           ; LIABILITY, OR TORT (INCLUDING NEGLIGENCE OR OTHERWISE) ARISING IN ANY WAY OUT OF THE U
      +                          SE OF
    42                           ; THIS SOFTWARE, EVEN IF ADVISED OF THE POSSIBILITY OF SUCH DAMAGE.
    43                           ; 
    44                           ; 
    45                           ; Code-generator required, PIC16F1719 Definitions
    46                           ; 
    47                           ; SFR Addresses
    48     0000                     	;# 
    49     0001                     	;# 
    50     0002                     	;# 
    51     0003                     	;# 
    52     0004                     	;# 
    53     0005                     	;# 
    54     0006                     	;# 
    55     0007                     	;# 
    56     0008                     	;# 
    57     0009                     	;# 
    58     000A                     	;# 
    59     000B                     	;# 
    60     000C                     	;# 
    61     000D                     	;# 
    62     000E                     	;# 
    63     000F                     	;# 
    64     0010                     	;# 
    65     0011                     	;# 
    66     0012                     	;# 
    67     0013                     	;# 
    68     0015                     	;# 
    69     0016                     	;# 
    70     0016                     	;# 
    71     0017                     	;# 
    72     0018                     	;# 
    73     0019                     	;# 
    74     001A                     	;# 
    75     001B                     	;# 
    76     001C                     	;# 
    77     008C                     	;# 
    78     008D                     	;# 
    79     008E                     	;# 
    80     008F                     	;# 
    81     0090                     	;# 
    82     0091                     	;# 
    83     0092                     	;# 
    84     0093                     	;# 
    85     0095                     	;# 
    86     0096                     	;# 
    87     0097                     	;# 
    88     0098                     	;# 
    89     0099                     	;# 
    90     009A                     	;# 
    91     009B                     	;# 
    92     009B                     	;# 
    93     009C                     	;# 
    94     009D                     	;# 
    95     009E                     	;# 
    96     009F                     	;# 
    97     010C                     	;# 
    98     010D                     	;# 
    99     010E                     	;# 
   100     010F                     	;# 
   101     0110                     	;# 
   102     0111                     	;# 
   103     0112                     	;# 
   104     0113                     	;# 
   105     0114                     	;# 
   106     0115                     	;# 
   107     0116                     	;# 
   108     0117                     	;# 
   109     0118                     	;# 
   110     0119                     	;# 
   111     011A                     	;# 
   112     011B                     	;# 
   113     011B                     	;# 
   114     011C                     	;# 
   115     018C                     	;# 
   116     018D                     	;# 
   117     018E                     	;# 
   118     018F                     	;# 
   119     0190                     	;# 
   120     0191                     	;# 
   121     0191                     	;# 
   122     0192                     	;# 
   123     0193                     	;# 
   124     0193                     	;# 
   125     0194                     	;# 
   126     0195                     	;# 
   127     0196                     	;# 
   128     0197                     	;# 
   129     0199                     	;# 
   130     0199                     	;# 
   131     0199                     	;# 
   132     019A                     	;# 
   133     019A                     	;# 
   134     019A                     	;# 
   135     019B                     	;# 
   136     019B                     	;# 
   137     019B                     	;# 
   138     019B                     	;# 
   139     019B                     	;# 
   140     019C                     	;# 
   141     019C                     	;# 
   142     019C                     	;# 
   143     019D                     	;# 
   144     019D                     	;# 
   145     019D                     	;# 
   146     019E                     	;# 
   147     019E                     	;# 
   148     019E                     	;# 
   149     019F                     	;# 
   150     019F                     	;# 
   151     019F                     	;# 
   152     019F                     	;# 
   153     019F                     	;# 
   154     020C                     	;# 
   155     020D                     	;# 
   156     020E                     	;# 
   157     020F                     	;# 
   158     0210                     	;# 
   159     0211                     	;# 
   160     0211                     	;# 
   161     0212                     	;# 
   162     0212                     	;# 
   163     0213                     	;# 
   164     0213                     	;# 
   165     0214                     	;# 
   166     0214                     	;# 
   167     0215                     	;# 
   168     0215                     	;# 
   169     0215                     	;# 
   170     0215                     	;# 
   171     0216                     	;# 
   172     0216                     	;# 
   173     0217                     	;# 
   174     0217                     	;# 
   175     028C                     	;# 
   176     028D                     	;# 
   177     028E                     	;# 
   178     028F                     	;# 
   179     0290                     	;# 
   180     0291                     	;# 
   181     0291                     	;# 
   182     0292                     	;# 
   183     0293                     	;# 
   184     0293                     	;# 
   185     0298                     	;# 
   186     0298                     	;# 
   187     0299                     	;# 
   188     029A                     	;# 
   189     029A                     	;# 
   190     029E                     	;# 
   191     030C                     	;# 
   192     030D                     	;# 
   193     030E                     	;# 
   194     030F                     	;# 
   195     0310                     	;# 
   196     038C                     	;# 
   197     038D                     	;# 
   198     038E                     	;# 
   199     038F                     	;# 
   200     0390                     	;# 
   201     0391                     	;# 
   202     0392                     	;# 
   203     0393                     	;# 
   204     0394                     	;# 
   205     0395                     	;# 
   206     0396                     	;# 
   207     0397                     	;# 
   208     0398                     	;# 
   209     0399                     	;# 
   210     039D                     	;# 
   211     039E                     	;# 
   212     039F                     	;# 
   213     0415                     	;# 
   214     0416                     	;# 
   215     0417                     	;# 
   216     041C                     	;# 
   217     041D                     	;# 
   218     041E                     	;# 
   219     0498                     	;# 
   220     0498                     	;# 
   221     0499                     	;# 
   222     049A                     	;# 
   223     049B                     	;# 
   224     049B                     	;# 
   225     049C                     	;# 
   226     049D                     	;# 
   227     049E                     	;# 
   228     049F                     	;# 
   229     0511                     	;# 
   230     0515                     	;# 
   231     0617                     	;# 
   232     0618                     	;# 
   233     0619                     	;# 
   234     0619                     	;# 
   235     061A                     	;# 
   236     061B                     	;# 
   237     061C                     	;# 
   238     061C                     	;# 
   239     0691                     	;# 
   240     0692                     	;# 
   241     0693                     	;# 
   242     0694                     	;# 
   243     0695                     	;# 
   244     0696                     	;# 
   245     0697                     	;# 
   246     0698                     	;# 
   247     0699                     	;# 
   248     069A                     	;# 
   249     069B                     	;# 
   250     069C                     	;# 
   251     069D                     	;# 
   252     069E                     	;# 
   253     069F                     	;# 
   254     0E0F                     	;# 
   255     0E10                     	;# 
   256     0E11                     	;# 
   257     0E12                     	;# 
   258     0E13                     	;# 
   259     0E14                     	;# 
   260     0E15                     	;# 
   261     0E17                     	;# 
   262     0E20                     	;# 
   263     0E21                     	;# 
   264     0E22                     	;# 
   265     0E24                     	;# 
   266     0E25                     	;# 
   267     0E28                     	;# 
   268     0E29                     	;# 
   269     0E2A                     	;# 
   270     0E2B                     	;# 
   271     0E90                     	;# 
   272     0E91                     	;# 
   273     0E92                     	;# 
   274     0E93                     	;# 
   275     0E94                     	;# 
   276     0E95                     	;# 
   277     0E96                     	;# 
   278     0E97                     	;# 
   279     0E98                     	;# 
   280     0E99                     	;# 
   281     0E9A                     	;# 
   282     0E9B                     	;# 
   283     0E9C                     	;# 
   284     0E9D                     	;# 
   285     0E9E                     	;# 
   286     0E9F                     	;# 
   287     0EA0                     	;# 
   288     0EA1                     	;# 
   289     0EA2                     	;# 
   290     0EA3                     	;# 
   291     0EA4                     	;# 
   292     0EA5                     	;# 
   293     0EA6                     	;# 
   294     0EA7                     	;# 
   295     0EA8                     	;# 
   296     0EA9                     	;# 
   297     0EAA                     	;# 
   298     0EAB                     	;# 
   299     0EAC                     	;# 
   300     0EAD                     	;# 
   301     0EAE                     	;# 
   302     0EAF                     	;# 
   303     0EB0                     	;# 
   304     0EB1                     	;# 
   305     0EB2                     	;# 
   306     0F0F                     	;# 
   307     0F10                     	;# 
   308     0F11                     	;# 
   309     0F12                     	;# 
   310     0F13                     	;# 
   311     0F14                     	;# 
   312     0F15                     	;# 
   313     0F16                     	;# 
   314     0F17                     	;# 
   315     0F18                     	;# 
   316     0F19                     	;# 
   317     0F1A                     	;# 
   318     0F1B                     	;# 
   319     0F1C                     	;# 
   320     0F1D                     	;# 
   321     0F1E                     	;# 
   322     0F1F                     	;# 
   323     0F20                     	;# 
   324     0F21                     	;# 
   325     0F22                     	;# 
   326     0F23                     	;# 
   327     0F24                     	;# 
   328     0F25                     	;# 
   329     0F26                     	;# 
   330     0F27                     	;# 
   331     0F28                     	;# 
   332     0F29                     	;# 
   333     0F2A                     	;# 
   334     0F2B                     	;# 
   335     0F2C                     	;# 
   336     0F2D                     	;# 
   337     0F2E                     	;# 
   338     0F2F                     	;# 
   339     0F30                     	;# 
   340     0F31                     	;# 
   341     0F32                     	;# 
   342     0F33                     	;# 
   343     0F34                     	;# 
   344     0F35                     	;# 
   345     0F36                     	;# 
   346     0F37                     	;# 
   347     0FE4                     	;# 
   348     0FE5                     	;# 
   349     0FE6                     	;# 
   350     0FE7                     	;# 
   351     0FE8                     	;# 
   352     0FE9                     	;# 
   353     0FEA                     	;# 
   354     0FEB                     	;# 
   355     0FED                     	;# 
   356     0FEE                     	;# 
   357     0FEF                     	;# 
   358     0000                     	;# 
   359     0001                     	;# 
   360     0002                     	;# 
   361     0003                     	;# 
   362     0004                     	;# 
   363     0005                     	;# 
   364     0006                     	;# 
   365     0007                     	;# 
   366     0008                     	;# 
   367     0009                     	;# 
   368     000A                     	;# 
   369     000B                     	;# 
   370     000C                     	;# 
   371     000D                     	;# 
   372     000E                     	;# 
   373     000F                     	;# 
   374     0010                     	;# 
   375     0011                     	;# 
   376     0012                     	;# 
   377     0013                     	;# 
   378     0015                     	;# 
   379     0016                     	;# 
   380     0016                     	;# 
   381     0017                     	;# 
   382     0018                     	;# 
   383     0019                     	;# 
   384     001A                     	;# 
   385     001B                     	;# 
   386     001C                     	;# 
   387     008C                     	;# 
   388     008D                     	;# 
   389     008E                     	;# 
   390     008F                     	;# 
   391     0090                     	;# 
   392     0091                     	;# 
   393     0092                     	;# 
   394     0093                     	;# 
   395     0095                     	;# 
   396     0096                     	;# 
   397     0097                     	;# 
   398     0098                     	;# 
   399     0099                     	;# 
   400     009A                     	;# 
   401     009B                     	;# 
   402     009B                     	;# 
   403     009C                     	;# 
   404     009D                     	;# 
   405     009E                     	;# 
   406     009F                     	;# 
   407     010C                     	;# 
   408     010D                     	;# 
   409     010E                     	;# 
   410     010F                     	;# 
   411     0110                     	;# 
   412     0111                     	;# 
   413     0112                     	;# 
   414     0113                     	;# 
   415     0114                     	;# 
   416     0115                     	;# 
   417     0116                     	;# 
   418     0117                     	;# 
   419     0118                     	;# 
   420     0119                     	;# 
   421     011A                     	;# 
   422     011B                     	;# 
   423     011B                     	;# 
   424     011C                     	;# 
   425     018C                     	;# 
   426     018D                     	;# 
   427     018E                     	;# 
   428     018F                     	;# 
   429     0190                     	;# 
   430     0191                     	;# 
   431     0191                     	;# 
   432     0192                     	;# 
   433     0193                     	;# 
   434     0193                     	;# 
   435     0194                     	;# 
   436     0195                     	;# 
   437     0196                     	;# 
   438     0197                     	;# 
   439     0199                     	;# 
   440     0199                     	;# 
   441     0199                     	;# 
   442     019A                     	;# 
   443     019A                     	;# 
   444     019A                     	;# 
   445     019B                     	;# 
   446     019B                     	;# 
   447     019B                     	;# 
   448     019B                     	;# 
   449     019B                     	;# 
   450     019C                     	;# 
   451     019C                     	;# 
   452     019C                     	;# 
   453     019D                     	;# 
   454     019D                     	;# 
   455     019D                     	;# 
   456     019E                     	;# 
   457     019E                     	;# 
   458     019E                     	;# 
   459     019F                     	;# 
   460     019F                     	;# 
   461     019F                     	;# 
   462     019F                     	;# 
   463     019F                     	;# 
   464     020C                     	;# 
   465     020D                     	;# 
   466     020E                     	;# 
   467     020F                     	;# 
   468     0210                     	;# 
   469     0211                     	;# 
   470     0211                     	;# 
   471     0212                     	;# 
   472     0212                     	;# 
   473     0213                     	;# 
   474     0213                     	;# 
   475     0214                     	;# 
   476     0214                     	;# 
   477     0215                     	;# 
   478     0215                     	;# 
   479     0215                     	;# 
   480     0215                     	;# 
   481     0216                     	;# 
   482     0216                     	;# 
   483     0217                     	;# 
   484     0217                     	;# 
   485     028C                     	;# 
   486     028D                     	;# 
   487     028E                     	;# 
   488     028F                     	;# 
   489     0290                     	;# 
   490     0291                     	;# 
   491     0291                     	;# 
   492     0292                     	;# 
   493     0293                     	;# 
   494     0293                     	;# 
   495     0298                     	;# 
   496     0298                     	;# 
   497     0299                     	;# 
   498     029A                     	;# 
   499     029A                     	;# 
   500     029E                     	;# 
   501     030C                     	;# 
   502     030D                     	;# 
   503     030E                     	;# 
   504     030F                     	;# 
   505     0310                     	;# 
   506     038C                     	;# 
   507     038D                     	;# 
   508     038E                     	;# 
   509     038F                     	;# 
   510     0390                     	;# 
   511     0391                     	;# 
   512     0392                     	;# 
   513     0393                     	;# 
   514     0394                     	;# 
   515     0395                     	;# 
   516     0396                     	;# 
   517     0397                     	;# 
   518     0398                     	;# 
   519     0399                     	;# 
   520     039D                     	;# 
   521     039E                     	;# 
   522     039F                     	;# 
   523     0415                     	;# 
   524     0416                     	;# 
   525     0417                     	;# 
   526     041C                     	;# 
   527     041D                     	;# 
   528     041E                     	;# 
   529     0498                     	;# 
   530     0498                     	;# 
   531     0499                     	;# 
   532     049A                     	;# 
   533     049B                     	;# 
   534     049B                     	;# 
   535     049C                     	;# 
   536     049D                     	;# 
   537     049E                     	;# 
   538     049F                     	;# 
   539     0511                     	;# 
   540     0515                     	;# 
   541     0617                     	;# 
   542     0618                     	;# 
   543     0619                     	;# 
   544     0619                     	;# 
   545     061A                     	;# 
   546     061B                     	;# 
   547     061C                     	;# 
   548     061C                     	;# 
   549     0691                     	;# 
   550     0692                     	;# 
   551     0693                     	;# 
   552     0694                     	;# 
   553     0695                     	;# 
   554     0696                     	;# 
   555     0697                     	;# 
   556     0698                     	;# 
   557     0699                     	;# 
   558     069A                     	;# 
   559     069B                     	;# 
   560     069C                     	;# 
   561     069D                     	;# 
   562     069E                     	;# 
   563     069F                     	;# 
   564     0E0F                     	;# 
   565     0E10                     	;# 
   566     0E11                     	;# 
   567     0E12                     	;# 
   568     0E13                     	;# 
   569     0E14                     	;# 
   570     0E15                     	;# 
   571     0E17                     	;# 
   572     0E20                     	;# 
   573     0E21                     	;# 
   574     0E22                     	;# 
   575     0E24                     	;# 
   576     0E25                     	;# 
   577     0E28                     	;# 
   578     0E29                     	;# 
   579     0E2A                     	;# 
   580     0E2B                     	;# 
   581     0E90                     	;# 
   582     0E91                     	;# 
   583     0E92                     	;# 
   584     0E93                     	;# 
   585     0E94                     	;# 
   586     0E95                     	;# 
   587     0E96                     	;# 
   588     0E97                     	;# 
   589     0E98                     	;# 
   590     0E99                     	;# 
   591     0E9A                     	;# 
   592     0E9B                     	;# 
   593     0E9C                     	;# 
   594     0E9D                     	;# 
   595     0E9E                     	;# 
   596     0E9F                     	;# 
   597     0EA0                     	;# 
   598     0EA1                     	;# 
   599     0EA2                     	;# 
   600     0EA3                     	;# 
   601     0EA4                     	;# 
   602     0EA5                     	;# 
   603     0EA6                     	;# 
   604     0EA7                     	;# 
   605     0EA8                     	;# 
   606     0EA9                     	;# 
   607     0EAA                     	;# 
   608     0EAB                     	;# 
   609     0EAC                     	;# 
   610     0EAD                     	;# 
   611     0EAE                     	;# 
   612     0EAF                     	;# 
   613     0EB0                     	;# 
   614     0EB1                     	;# 
   615     0EB2                     	;# 
   616     0F0F                     	;# 
   617     0F10                     	;# 
   618     0F11                     	;# 
   619     0F12                     	;# 
   620     0F13                     	;# 
   621     0F14                     	;# 
   622     0F15                     	;# 
   623     0F16                     	;# 
   624     0F17                     	;# 
   625     0F18                     	;# 
   626     0F19                     	;# 
   627     0F1A                     	;# 
   628     0F1B                     	;# 
   629     0F1C                     	;# 
   630     0F1D                     	;# 
   631     0F1E                     	;# 
   632     0F1F                     	;# 
   633     0F20                     	;# 
   634     0F21                     	;# 
   635     0F22                     	;# 
   636     0F23                     	;# 
   637     0F24                     	;# 
   638     0F25                     	;# 
   639     0F26                     	;# 
   640     0F27                     	;# 
   641     0F28                     	;# 
   642     0F29                     	;# 
   643     0F2A                     	;# 
   644     0F2B                     	;# 
   645     0F2C                     	;# 
   646     0F2D                     	;# 
   647     0F2E                     	;# 
   648     0F2F                     	;# 
   649     0F30                     	;# 
   650     0F31                     	;# 
   651     0F32                     	;# 
   652     0F33                     	;# 
   653     0F34                     	;# 
   654     0F35                     	;# 
   655     0F36                     	;# 
   656     0F37                     	;# 
   657     0FE4                     	;# 
   658     0FE5                     	;# 
   659     0FE6                     	;# 
   660     0FE7                     	;# 
   661     0FE8                     	;# 
   662     0FE9                     	;# 
   663     0FEA                     	;# 
   664     0FEB                     	;# 
   665     0FED                     	;# 
   666     0FEE                     	;# 
   667     0FEF                     	;# 
   668     008D                     _TRISBbits	set	141
   669     04CF                     _SPLLEN	set	1231
   670     04CE                     _IRCF3	set	1230
   671     04CD                     _IRCF2	set	1229
   672     04CC                     _IRCF1	set	1228
   673     04CB                     _IRCF0	set	1227
   674     04C9                     _SCS1	set	1225
   675     04C8                     _SCS0	set	1224
   676     018D                     _ANSELB	set	397
   677     0291                     _CCPR1L	set	657
   678     0293                     _CCP1CONbits	set	659
   679     029E                     _CCPTMRSbits	set	670
   680     041D                     _PR6	set	1053
   681     041E                     _T6CONbits	set	1054
   682     0E0F                     _PPSLOCKbits	set	3599
   683     0E0F                     _PPSLOCK	set	3599
   684     0E99                     _RB1PPSbits	set	3737
   685     0E98                     _RB0PPSbits	set	3736
   686                           
   687                           	psect	cinit
   688     07FD                     start_initialization:	
   689                           ; #config settings
   690                           
   691     07FD                     __initialization:
   692     07FD                     end_of_initialization:	
   693                           ;End of C runtime variable initialization code
   694                           
   695     07FD                     __end_of__initialization:
   696     07FD  0020               	movlb	0
   697     07FE  3187  2F89         	ljmp	_main	;jump to C main() function
   698                           
   699                           	psect	cstackCOMMON
   700     0070                     __pcstackCOMMON:
   701     0070                     ?_internal_32:
   702     0070                     ??_internal_32:	
   703                           ; 1 bytes @ 0x0
   704                           
   705     0070                     ?_initMain:	
   706                           ; 1 bytes @ 0x0
   707                           
   708     0070                     ??_initMain:	
   709                           ; 1 bytes @ 0x0
   710                           
   711     0070                     ?_setPWMDutyCycle:	
   712                           ; 1 bytes @ 0x0
   713                           
   714     0070                     ??_setPWMDutyCycle:	
   715                           ; 1 bytes @ 0x0
   716                           
   717     0070                     ?_controlMotorPWM:	
   718                           ; 1 bytes @ 0x0
   719                           
   720     0070                     ?_main:	
   721                           ; 1 bytes @ 0x0
   722                           
   723     0070                     setPWMDutyCycle@dutyCycle:	
   724                           ; 1 bytes @ 0x0
   725                           
   726                           
   727                           ; 1 bytes @ 0x0
   728     0070                     	ds	1
   729     0071                     ??_controlMotorPWM:
   730     0071                     controlMotorPWM@dutyCycle:	
   731                           ; 1 bytes @ 0x1
   732                           
   733                           
   734                           ; 1 bytes @ 0x1
   735     0071                     	ds	1
   736     0072                     ??_main:
   737                           
   738                           ; 1 bytes @ 0x2
   739     0072                     	ds	2
   740     0074                     main@dutyCycle:
   741                           
   742                           ; 1 bytes @ 0x4
   743     0074                     	ds	1
   744     0075                     main@dutyCycle_205:
   745                           
   746                           ; 1 bytes @ 0x5
   747     0075                     	ds	1
   748                           
   749                           	psect	maintext
   750     0789                     __pmaintext:	
   751 ;;
   752 ;;Main: autosize = 0, tempsize = 2, incstack = 0, save=0
   753 ;;
   754 ;; *************** function _main *****************
   755 ;; Defined at:
   756 ;;		line 133 in file "main.c"
   757 ;; Parameters:    Size  Location     Type
   758 ;;		None
   759 ;; Auto vars:     Size  Location     Type
   760 ;;  dutyCycle       1    5[COMMON] unsigned char 
   761 ;;  dutyCycle       1    4[COMMON] unsigned char 
   762 ;; Return value:  Size  Location     Type
   763 ;;                  1    wreg      void 
   764 ;; Registers used:
   765 ;;		wreg, status,2, status,0, pclath, cstack
   766 ;; Tracked objects:
   767 ;;		On entry : B1F/0
   768 ;;		On exit  : 0/0
   769 ;;		Unchanged: 0/0
   770 ;; Data sizes:     COMMON   BANK0   BANK1   BANK2   BANK3   BANK4   BANK5   BANK6   BANK7   BANK8   BANK9  BANK10  BANK1
      +1  BANK12  BANK13  BANK14  BANK15  BANK16  BANK17  BANK18  BANK19  BANK20  BANK21  BANK22  BANK23  BANK24  BANK25
   771 ;;      Params:         0       0       0       0       0       0       0       0       0       0       0       0       
      +0       0       0       0       0       0       0       0       0       0       0       0       0       0       0
   772 ;;      Locals:         2       0       0       0       0       0       0       0       0       0       0       0       
      +0       0       0       0       0       0       0       0       0       0       0       0       0       0       0
   773 ;;      Temps:          2       0       0       0       0       0       0       0       0       0       0       0       
      +0       0       0       0       0       0       0       0       0       0       0       0       0       0       0
   774 ;;      Totals:         4       0       0       0       0       0       0       0       0       0       0       0       
      +0       0       0       0       0       0       0       0       0       0       0       0       0       0       0
   775 ;;Total ram usage:        4 bytes
   776 ;; Hardware stack levels required when called: 2
   777 ;; This function calls:
   778 ;;		_controlMotorPWM
   779 ;;		_initMain
   780 ;; This function is called by:
   781 ;;		Startup code after reset
   782 ;; This function uses a non-reentrant model
   783 ;;
   784                           
   785     0789                     _main:	
   786                           ;psect for function _main
   787                           
   788     0789                     l650:	
   789                           ;incstack = 0
   790                           ; Regs used in _main: [wreg+status,2+status,0+pclath+cstack]
   791                           
   792                           
   793                           ;main.c: 135:     initMain();
   794     0789  3187  27C2  3187   	fcall	_initMain
   795     078C                     l652:
   796                           
   797                           ;main.c: 138:     {;main.c: 140:         for (uint8_t dutyCycle = 0; dutyCycle < 255; du
      +                          tyCycle++)
   798     078C  01F4               	clrf	main@dutyCycle
   799     078D                     l658:
   800                           
   801                           ;main.c: 141:         {;main.c: 142:             controlMotorPWM(dutyCycle);
   802     078D  0874               	movf	main@dutyCycle,w
   803     078E  3187  277A  3187   	fcall	_controlMotorPWM
   804     0791                     l660:
   805                           
   806                           ;main.c: 143:             _delay((unsigned long)((50)*(16000000/4000.0)));
   807     0791  3002               	movlw	2
   808     0792  00F3               	movwf	??_main+1
   809     0793  3004               	movlw	4
   810     0794  00F2               	movwf	??_main
   811     0795  30BA               	movlw	186
   812     0796                     u37:
   813     0796  0B89               	decfsz	9,f
   814     0797  2F96               	goto	u37
   815     0798  0BF2               	decfsz	??_main,f
   816     0799  2F96               	goto	u37
   817     079A  0BF3               	decfsz	??_main+1,f
   818     079B  2F96               	goto	u37
   819     079C  3200               	nop2
   820     079D                     l662:
   821                           
   822                           ;main.c: 144:         }
   823     079D  3001               	movlw	1
   824     079E  00F2               	movwf	??_main
   825     079F  0872               	movf	??_main,w
   826     07A0  07F4               	addwf	main@dutyCycle,f
   827     07A1                     l664:
   828     07A1  0A74               	incf	main@dutyCycle,w
   829     07A2  1D03               	btfss	3,2
   830     07A3  2FA5               	goto	u11
   831     07A4  2FA6               	goto	u10
   832     07A5                     u11:
   833     07A5  2F8D               	goto	l658
   834     07A6                     u10:
   835     07A6                     l666:
   836                           
   837                           ;main.c: 147:         for (uint8_t dutyCycle = 255; dutyCycle > 0; dutyCycle--)
   838     07A6  30FF               	movlw	255
   839     07A7  00F5               	movwf	main@dutyCycle_205
   840     07A8                     l672:
   841                           
   842                           ;main.c: 148:         {;main.c: 149:             controlMotorPWM(dutyCycle);
   843     07A8  0875               	movf	main@dutyCycle_205,w
   844     07A9  3187  277A  3187   	fcall	_controlMotorPWM
   845     07AC                     l674:
   846                           
   847                           ;main.c: 150:             _delay((unsigned long)((50)*(16000000/4000.0)));
   848     07AC  3002               	movlw	2
   849     07AD  00F3               	movwf	??_main+1
   850     07AE  3004               	movlw	4
   851     07AF  00F2               	movwf	??_main
   852     07B0  30BA               	movlw	186
   853     07B1                     u47:
   854     07B1  0B89               	decfsz	9,f
   855     07B2  2FB1               	goto	u47
   856     07B3  0BF2               	decfsz	??_main,f
   857     07B4  2FB1               	goto	u47
   858     07B5  0BF3               	decfsz	??_main+1,f
   859     07B6  2FB1               	goto	u47
   860     07B7  3200               	nop2
   861     07B8                     l676:
   862                           
   863                           ;main.c: 151:         }
   864     07B8  3001               	movlw	1
   865     07B9  02F5               	subwf	main@dutyCycle_205,f
   866     07BA                     l678:
   867     07BA  0875               	movf	main@dutyCycle_205,w
   868     07BB  1D03               	btfss	3,2
   869     07BC  2FBE               	goto	u21
   870     07BD  2FBF               	goto	u20
   871     07BE                     u21:
   872     07BE  2FA8               	goto	l672
   873     07BF                     u20:
   874     07BF  2F8C               	goto	l652
   875     07C0  3180  2802         	ljmp	start
   876     07C2                     __end_of_main:
   877                           
   878                           	psect	text1
   879     07C2                     __ptext1:	
   880 ;; *************** function _initMain *****************
   881 ;; Defined at:
   882 ;;		line 37 in file "main.c"
   883 ;; Parameters:    Size  Location     Type
   884 ;;		None
   885 ;; Auto vars:     Size  Location     Type
   886 ;;		None
   887 ;; Return value:  Size  Location     Type
   888 ;;                  1    wreg      void 
   889 ;; Registers used:
   890 ;;		wreg, status,2, status,0, pclath, cstack
   891 ;; Tracked objects:
   892 ;;		On entry : 0/0
   893 ;;		On exit  : 0/0
   894 ;;		Unchanged: 0/0
   895 ;; Data sizes:     COMMON   BANK0   BANK1   BANK2   BANK3   BANK4   BANK5   BANK6   BANK7   BANK8   BANK9  BANK10  BANK1
      +1  BANK12  BANK13  BANK14  BANK15  BANK16  BANK17  BANK18  BANK19  BANK20  BANK21  BANK22  BANK23  BANK24  BANK25
   896 ;;      Params:         0       0       0       0       0       0       0       0       0       0       0       0       
      +0       0       0       0       0       0       0       0       0       0       0       0       0       0       0
   897 ;;      Locals:         0       0       0       0       0       0       0       0       0       0       0       0       
      +0       0       0       0       0       0       0       0       0       0       0       0       0       0       0
   898 ;;      Temps:          2       0       0       0       0       0       0       0       0       0       0       0       
      +0       0       0       0       0       0       0       0       0       0       0       0       0       0       0
   899 ;;      Totals:         2       0       0       0       0       0       0       0       0       0       0       0       
      +0       0       0       0       0       0       0       0       0       0       0       0       0       0       0
   900 ;;Total ram usage:        2 bytes
   901 ;; Hardware stack levels used: 1
   902 ;; Hardware stack levels required when called: 1
   903 ;; This function calls:
   904 ;;		_internal_32
   905 ;; This function is called by:
   906 ;;		_main
   907 ;; This function uses a non-reentrant model
   908 ;;
   909                           
   910     07C2                     _initMain:	
   911                           ;psect for function _initMain
   912                           
   913     07C2                     l612:	
   914                           ;incstack = 0
   915                           ; Regs used in _initMain: [wreg+status,2+status,0+pclath+cstack]
   916                           
   917                           
   918                           ;main.c: 39:     internal_32();
   919     07C2  3187  2780  3187   	fcall	_internal_32
   920     07C5                     l614:
   921                           
   922                           ;main.c: 40:     _delay((unsigned long)((100)*(16000000/4000.0)));
   923     07C5  3003               	movlw	3
   924     07C6  00F1               	movwf	??_initMain+1
   925     07C7  3008               	movlw	8
   926     07C8  00F0               	movwf	??_initMain
   927     07C9  3077               	movlw	119
   928     07CA                     u57:
   929     07CA  0B89               	decfsz	9,f
   930     07CB  2FCA               	goto	u57
   931     07CC  0BF0               	decfsz	??_initMain,f
   932     07CD  2FCA               	goto	u57
   933     07CE  0BF1               	decfsz	??_initMain+1,f
   934     07CF  2FCA               	goto	u57
   935     07D0  0000               	nop
   936     07D1                     l616:
   937                           
   938                           ;main.c: 48:     TRISBbits.TRISB0 = 0;
   939     07D1  0021               	movlb	1	; select bank1
   940     07D2  100D               	bcf	13,0	;volatile
   941     07D3                     l618:
   942                           
   943                           ;main.c: 51:     ANSELB = 0;
   944     07D3  0023               	movlb	3	; select bank3
   945     07D4  018D               	clrf	13	;volatile
   946     07D5                     l620:
   947                           
   948                           ;main.c: 58:     CCPTMRSbits.C1TSEL = 0b10;
   949     07D5  0025               	movlb	5	; select bank5
   950     07D6  081E               	movf	30,w	;volatile
   951     07D7  39FC               	andlw	-4
   952     07D8  3802               	iorlw	2
   953     07D9  009E               	movwf	30	;volatile
   954     07DA                     l622:
   955                           
   956                           ;main.c: 71:     T6CONbits.T6CKPS = 0b00;
   957     07DA  30FC               	movlw	-4
   958     07DB  0028               	movlb	8	; select bank8
   959     07DC  059E               	andwf	30,f	;volatile
   960     07DD                     l624:
   961                           
   962                           ;main.c: 74:     T6CONbits.TMR6ON = 1;
   963     07DD  151E               	bsf	30,2	;volatile
   964     07DE                     l626:
   965                           
   966                           ;main.c: 77:     PR6 = 255;
   967     07DE  30FF               	movlw	255
   968     07DF  009D               	movwf	29	;volatile
   969     07E0                     l628:
   970                           
   971                           ;main.c: 87:     CCP1CONbits.DC1B = 00;
   972     07E0  30CF               	movlw	-49
   973     07E1  0025               	movlb	5	; select bank5
   974     07E2  0593               	andwf	19,f	;volatile
   975     07E3                     l630:
   976                           
   977                           ;main.c: 90:     CCP1CONbits.CCP1M = 0b1100;
   978     07E3  0813               	movf	19,w	;volatile
   979     07E4  39F0               	andlw	-16
   980     07E5  380C               	iorlw	12
   981     07E6  0093               	movwf	19	;volatile
   982     07E7                     l632:
   983                           
   984                           ;main.c: 96:     PPSLOCK = 0x55;
   985     07E7  3055               	movlw	85
   986     07E8  003C               	movlb	28	; select bank28
   987     07E9  008F               	movwf	15	;volsfr
   988     07EA                     l634:
   989                           
   990                           ;main.c: 97:     PPSLOCK = 0xAA;
   991     07EA  30AA               	movlw	170
   992     07EB  008F               	movwf	15	;volsfr
   993     07EC                     l636:
   994                           
   995                           ;main.c: 98:     PPSLOCKbits.PPSLOCKED = 0x00;
   996     07EC  100F               	bcf	15,0	;volsfr
   997     07ED                     l638:
   998                           
   999                           ;main.c: 101:     RB0PPSbits.RB0PPS = 0b01100;
  1000     07ED  003D               	movlb	29	; select bank29
  1001     07EE  0818               	movf	24,w	;volatile
  1002     07EF  39E0               	andlw	-32
  1003     07F0  380C               	iorlw	12
  1004     07F1  0098               	movwf	24	;volatile
  1005     07F2                     l640:
  1006                           
  1007                           ;main.c: 104:     RB1PPSbits.RB1PPS = 0b01101;
  1008     07F2  0819               	movf	25,w	;volatile
  1009     07F3  39E0               	andlw	-32
  1010     07F4  380D               	iorlw	13
  1011     07F5  0099               	movwf	25	;volatile
  1012     07F6                     l642:
  1013                           
  1014                           ;main.c: 106:     PPSLOCK = 0x55;
  1015     07F6  3055               	movlw	85
  1016     07F7  003C               	movlb	28	; select bank28
  1017     07F8  008F               	movwf	15	;volsfr
  1018     07F9                     l644:
  1019                           
  1020                           ;main.c: 107:     PPSLOCK = 0xAA;
  1021     07F9  30AA               	movlw	170
  1022     07FA  008F               	movwf	15	;volsfr
  1023     07FB                     l646:
  1024                           
  1025                           ;main.c: 108:     PPSLOCKbits.PPSLOCKED = 0x01;
  1026     07FB  140F               	bsf	15,0	;volsfr
  1027     07FC                     l29:
  1028     07FC  0008               	return
  1029     07FD                     __end_of_initMain:
  1030                           
  1031                           	psect	text2
  1032     0780                     __ptext2:	
  1033 ;; *************** function _internal_32 *****************
  1034 ;; Defined at:
  1035 ;;		line 32 in file "PIC16F1719_Internal.c"
  1036 ;; Parameters:    Size  Location     Type
  1037 ;;		None
  1038 ;; Auto vars:     Size  Location     Type
  1039 ;;		None
  1040 ;; Return value:  Size  Location     Type
  1041 ;;                  1    wreg      void 
  1042 ;; Registers used:
  1043 ;;		None
  1044 ;; Tracked objects:
  1045 ;;		On entry : 0/0
  1046 ;;		On exit  : 0/0
  1047 ;;		Unchanged: 0/0
  1048 ;; Data sizes:     COMMON   BANK0   BANK1   BANK2   BANK3   BANK4   BANK5   BANK6   BANK7   BANK8   BANK9  BANK10  BANK1
      +1  BANK12  BANK13  BANK14  BANK15  BANK16  BANK17  BANK18  BANK19  BANK20  BANK21  BANK22  BANK23  BANK24  BANK25
  1049 ;;      Params:         0       0       0       0       0       0       0       0       0       0       0       0       
      +0       0       0       0       0       0       0       0       0       0       0       0       0       0       0
  1050 ;;      Locals:         0       0       0       0       0       0       0       0       0       0       0       0       
      +0       0       0       0       0       0       0       0       0       0       0       0       0       0       0
  1051 ;;      Temps:          0       0       0       0       0       0       0       0       0       0       0       0       
      +0       0       0       0       0       0       0       0       0       0       0       0       0       0       0
  1052 ;;      Totals:         0       0       0       0       0       0       0       0       0       0       0       0       
      +0       0       0       0       0       0       0       0       0       0       0       0       0       0       0
  1053 ;;Total ram usage:        0 bytes
  1054 ;; Hardware stack levels used: 1
  1055 ;; This function calls:
  1056 ;;		Nothing
  1057 ;; This function is called by:
  1058 ;;		_initMain
  1059 ;; This function uses a non-reentrant model
  1060 ;;
  1061                           
  1062     0780                     _internal_32:	
  1063                           ;psect for function _internal_32
  1064                           
  1065     0780                     l608:	
  1066                           ;incstack = 0
  1067                           ; Regs used in _internal_32: []
  1068                           
  1069                           
  1070                           ;PIC16F1719_Internal.c: 34:     SCS0 = 0;
  1071     0780  0021               	movlb	1	; select bank1
  1072     0781  1019               	bcf	25,0	;volatile
  1073                           
  1074                           ;PIC16F1719_Internal.c: 35:     SCS1 = 0;
  1075     0782  1099               	bcf	25,1	;volatile
  1076                           
  1077                           ;PIC16F1719_Internal.c: 38:     IRCF0 = 0;
  1078     0783  1199               	bcf	25,3	;volatile
  1079                           
  1080                           ;PIC16F1719_Internal.c: 39:     IRCF1 = 1;
  1081     0784  1619               	bsf	25,4	;volatile
  1082                           
  1083                           ;PIC16F1719_Internal.c: 40:     IRCF2 = 1;
  1084     0785  1699               	bsf	25,5	;volatile
  1085                           
  1086                           ;PIC16F1719_Internal.c: 41:     IRCF3 = 1;
  1087     0786  1719               	bsf	25,6	;volatile
  1088                           
  1089                           ;PIC16F1719_Internal.c: 44:     SPLLEN = 1;
  1090     0787  1799               	bsf	25,7	;volatile
  1091     0788                     l64:
  1092     0788  0008               	return
  1093     0789                     __end_of_internal_32:
  1094                           
  1095                           	psect	text3
  1096     077A                     __ptext3:	
  1097 ;; *************** function _controlMotorPWM *****************
  1098 ;; Defined at:
  1099 ;;		line 119 in file "main.c"
  1100 ;; Parameters:    Size  Location     Type
  1101 ;;  dutyCycle       1    wreg     unsigned char 
  1102 ;; Auto vars:     Size  Location     Type
  1103 ;;  dutyCycle       1    1[COMMON] unsigned char 
  1104 ;; Return value:  Size  Location     Type
  1105 ;;                  1    wreg      void 
  1106 ;; Registers used:
  1107 ;;		wreg, status,2, status,0, pclath, cstack
  1108 ;; Tracked objects:
  1109 ;;		On entry : 0/0
  1110 ;;		On exit  : 0/0
  1111 ;;		Unchanged: 0/0
  1112 ;; Data sizes:     COMMON   BANK0   BANK1   BANK2   BANK3   BANK4   BANK5   BANK6   BANK7   BANK8   BANK9  BANK10  BANK1
      +1  BANK12  BANK13  BANK14  BANK15  BANK16  BANK17  BANK18  BANK19  BANK20  BANK21  BANK22  BANK23  BANK24  BANK25
  1113 ;;      Params:         0       0       0       0       0       0       0       0       0       0       0       0       
      +0       0       0       0       0       0       0       0       0       0       0       0       0       0       0
  1114 ;;      Locals:         1       0       0       0       0       0       0       0       0       0       0       0       
      +0       0       0       0       0       0       0       0       0       0       0       0       0       0       0
  1115 ;;      Temps:          0       0       0       0       0       0       0       0       0       0       0       0       
      +0       0       0       0       0       0       0       0       0       0       0       0       0       0       0
  1116 ;;      Totals:         1       0       0       0       0       0       0       0       0       0       0       0       
      +0       0       0       0       0       0       0       0       0       0       0       0       0       0       0
  1117 ;;Total ram usage:        1 bytes
  1118 ;; Hardware stack levels used: 1
  1119 ;; Hardware stack levels required when called: 1
  1120 ;; This function calls:
  1121 ;;		_setPWMDutyCycle
  1122 ;; This function is called by:
  1123 ;;		_main
  1124 ;; This function uses a non-reentrant model
  1125 ;;
  1126                           
  1127     077A                     _controlMotorPWM:	
  1128                           ;psect for function _controlMotorPWM
  1129                           
  1130                           
  1131                           ;incstack = 0
  1132                           ; Regs used in _controlMotorPWM: [wreg+status,2+status,0+pclath+cstack]
  1133                           ;controlMotorPWM@dutyCycle stored from wreg
  1134     077A  00F1               	movwf	controlMotorPWM@dutyCycle
  1135     077B                     l648:
  1136                           
  1137                           ;main.c: 119: void controlMotorPWM(uint8_t dutyCycle);main.c: 120: {;main.c: 122:     se
      +                          tPWMDutyCycle(dutyCycle);
  1138     077B  0871               	movf	controlMotorPWM@dutyCycle,w
  1139     077C  3187  2775  3187   	fcall	_setPWMDutyCycle
  1140     077F                     l35:
  1141     077F  0008               	return
  1142     0780                     __end_of_controlMotorPWM:
  1143                           
  1144                           	psect	text4
  1145     0775                     __ptext4:	
  1146 ;; *************** function _setPWMDutyCycle *****************
  1147 ;; Defined at:
  1148 ;;		line 113 in file "main.c"
  1149 ;; Parameters:    Size  Location     Type
  1150 ;;  dutyCycle       1    wreg     unsigned char 
  1151 ;; Auto vars:     Size  Location     Type
  1152 ;;  dutyCycle       1    0[COMMON] unsigned char 
  1153 ;; Return value:  Size  Location     Type
  1154 ;;                  1    wreg      void 
  1155 ;; Registers used:
  1156 ;;		wreg
  1157 ;; Tracked objects:
  1158 ;;		On entry : 0/0
  1159 ;;		On exit  : 0/0
  1160 ;;		Unchanged: 0/0
  1161 ;; Data sizes:     COMMON   BANK0   BANK1   BANK2   BANK3   BANK4   BANK5   BANK6   BANK7   BANK8   BANK9  BANK10  BANK1
      +1  BANK12  BANK13  BANK14  BANK15  BANK16  BANK17  BANK18  BANK19  BANK20  BANK21  BANK22  BANK23  BANK24  BANK25
  1162 ;;      Params:         0       0       0       0       0       0       0       0       0       0       0       0       
      +0       0       0       0       0       0       0       0       0       0       0       0       0       0       0
  1163 ;;      Locals:         1       0       0       0       0       0       0       0       0       0       0       0       
      +0       0       0       0       0       0       0       0       0       0       0       0       0       0       0
  1164 ;;      Temps:          0       0       0       0       0       0       0       0       0       0       0       0       
      +0       0       0       0       0       0       0       0       0       0       0       0       0       0       0
  1165 ;;      Totals:         1       0       0       0       0       0       0       0       0       0       0       0       
      +0       0       0       0       0       0       0       0       0       0       0       0       0       0       0
  1166 ;;Total ram usage:        1 bytes
  1167 ;; Hardware stack levels used: 1
  1168 ;; This function calls:
  1169 ;;		Nothing
  1170 ;; This function is called by:
  1171 ;;		_controlMotorPWM
  1172 ;; This function uses a non-reentrant model
  1173 ;;
  1174                           
  1175     0775                     _setPWMDutyCycle:	
  1176                           ;psect for function _setPWMDutyCycle
  1177                           
  1178                           
  1179                           ;incstack = 0
  1180                           ; Regs used in _setPWMDutyCycle: [wreg]
  1181                           ;setPWMDutyCycle@dutyCycle stored from wreg
  1182     0775  00F0               	movwf	setPWMDutyCycle@dutyCycle
  1183     0776                     l610:
  1184                           
  1185                           ;main.c: 113: void setPWMDutyCycle(uint8_t dutyCycle);main.c: 114: {;main.c: 115:     CC
      +                          PR1L = dutyCycle;
  1186     0776  0870               	movf	setPWMDutyCycle@dutyCycle,w
  1187     0777  0025               	movlb	5	; select bank5
  1188     0778  0091               	movwf	17	;volatile
  1189     0779                     l32:
  1190     0779  0008               	return
  1191     077A                     __end_of_setPWMDutyCycle:
  1192     007E                     btemp	set	126	;btemp
  1193     007E                     wtemp0	set	126
  1194                           
  1195                           	psect	config
  1196                           
  1197                           ;Config register CONFIG1 @ 0x8007
  1198                           ;	Oscillator Selection Bits
  1199                           ;	FOSC = INTOSC, INTOSC oscillator: I/O function on CLKIN pin
  1200                           ;	Watchdog Timer Enable
  1201                           ;	WDTE = OFF, WDT disabled
  1202                           ;	Power-up Timer Enable
  1203                           ;	PWRTE = OFF, PWRT disabled
  1204                           ;	MCLR Pin Function Select
  1205                           ;	MCLRE = OFF, MCLR/VPP pin function is digital input if LVP bit is also 0.
  1206                           ;	Flash Program Memory Code Protection
  1207                           ;	CP = OFF, Program memory code protection is disabled
  1208                           ;	Brown-out Reset Enable
  1209                           ;	BOREN = OFF, Brown-out Reset disabled
  1210                           ;	Clock Out Enable
  1211                           ;	CLKOUTEN = OFF, CLKOUT function is disabled. I/O or oscillator function on the CLKOUT 
      +                          pin
  1212                           ;	Internal/External Switchover Mode
  1213                           ;	IESO = ON, Internal/External Switchover Mode is enabled
  1214                           ;	Fail-Safe Clock Monitor Enable
  1215                           ;	FCMEN = OFF, Fail-Safe Clock Monitor is disabled
  1216     8007                     	org	32775
  1217     8007  19A4               	dw	6564
  1218                           
  1219                           ;Config register CONFIG2 @ 0x8008
  1220                           ;	Flash Memory Self-Write Protection
  1221                           ;	WRT = OFF, Write protection off
  1222                           ;	Peripheral Pin Select one-way control
  1223                           ;	PPS1WAY = ON, The PPSLOCK bit cannot be cleared once it is set by software
  1224                           ;	Zero-cross detect disable
  1225                           ;	ZCDDIS = ON, ZCD disabled. ZCD can be enabled by setting the ZCDSEN bit of ZCDCON
  1226                           ;	Phase Lock Loop enable
  1227                           ;	PLLEN = OFF, 4x PLL is disabled
  1228                           ;	Stack Overflow/Underflow Reset Enable
  1229                           ;	STVREN = ON, Stack Overflow or Underflow will cause a Reset
  1230                           ;	Brown-out Reset Voltage Selection
  1231                           ;	BORV = LO, Brown-out Reset Voltage (Vbor), low trip point selected.
  1232                           ;	Low-Power Brown Out Reset
  1233                           ;	LPBOR = OFF, Low-Power BOR is disabled
  1234                           ;	In-Circuit Debugger Mode
  1235                           ;	DEBUG = 0x1, unprogrammed default
  1236                           ;	Low-Voltage Programming Enable
  1237                           ;	LVP = OFF, High-voltage on MCLR/VPP must be used for programming
  1238     8008                     	org	32776
  1239     8008  1EFF               	dw	7935

Data Sizes:
    Strings     0
    Constant    0
    Data        0
    BSS         0
    Persistent  32
    Stack       0

Auto Spaces:
    Space          Size  Autos    Used
    COMMON           14      6       6
    BANK0            80      0       0
    BANK1            80      0       0
    BANK2            80      0       0
    BANK3            80      0       0
    BANK4            80      0       0
    BANK5            80      0       0
    BANK6            80      0       0
    BANK7            80      0       0
    BANK8            80      0       0
    BANK9            80      0       0
    BANK10           80      0       0
    BANK11           80      0       0
    BANK12           80      0       0
    BANK13           80      0       0
    BANK14           80      0       0
    BANK15           80      0       0
    BANK16           80      0       0
    BANK17           80      0       0
    BANK18           80      0       0
    BANK19           80      0       0
    BANK20           80      0       0
    BANK21           80      0       0
    BANK22           80      0       0
    BANK23           80      0       0
    BANK24           80      0       0
    BANK25           32      0       0

Pointer List with Targets:

    None.

Critical Paths under _main in COMMON

    _main->_controlMotorPWM
    _main->_initMain
    _controlMotorPWM->_setPWMDutyCycle

Critical Paths under _main in BANK0

    None.

Critical Paths under _main in BANK1

    None.

Critical Paths under _main in BANK2

    None.

Critical Paths under _main in BANK3

    None.

Critical Paths under _main in BANK4

    None.

Critical Paths under _main in BANK5

    None.

Critical Paths under _main in BANK6

    None.

Critical Paths under _main in BANK7

    None.

Critical Paths under _main in BANK8

    None.

Critical Paths under _main in BANK9

    None.

Critical Paths under _main in BANK10

    None.

Critical Paths under _main in BANK11

    None.

Critical Paths under _main in BANK12

    None.

Critical Paths under _main in BANK13

    None.

Critical Paths under _main in BANK14

    None.

Critical Paths under _main in BANK15

    None.

Critical Paths under _main in BANK16

    None.

Critical Paths under _main in BANK17

    None.

Critical Paths under _main in BANK18

    None.

Critical Paths under _main in BANK19

    None.

Critical Paths under _main in BANK20

    None.

Critical Paths under _main in BANK21

    None.

Critical Paths under _main in BANK22

    None.

Critical Paths under _main in BANK23

    None.

Critical Paths under _main in BANK24

    None.

Critical Paths under _main in BANK25

    None.

Call Graph Tables:

 ---------------------------------------------------------------------------------
 (Depth) Function   	        Calls       Base Space   Used Autos Params    Refs
 ---------------------------------------------------------------------------------
 (0) _main                                                 4     4      0     120
                                              2 COMMON     4     4      0
                    _controlMotorPWM
                           _initMain
 ---------------------------------------------------------------------------------
 (1) _initMain                                             2     2      0       0
                                              0 COMMON     2     2      0
                        _internal_32
 ---------------------------------------------------------------------------------
 (2) _internal_32                                          0     0      0       0
 ---------------------------------------------------------------------------------
 (1) _controlMotorPWM                                      1     1      0      30
                                              1 COMMON     1     1      0
                    _setPWMDutyCycle
 ---------------------------------------------------------------------------------
 (2) _setPWMDutyCycle                                      1     1      0      15
                                              0 COMMON     1     1      0
 ---------------------------------------------------------------------------------
 Estimated maximum stack depth 2
 ---------------------------------------------------------------------------------

 Call Graph Graphs:

 _main (ROOT)
   _controlMotorPWM
     _setPWMDutyCycle
   _initMain
     _internal_32

 Address spaces:
Name               Size   Autos  Total    Cost      Usage
BIGRAM             7F0      0       0       0        0.0%
NULL                 0      0       0       0        0.0%
CODE                 0      0       0       0        0.0%
BITCOMMON            E      0       0       1        0.0%
BITSFR0              0      0       0       1        0.0%
SFR0                 0      0       0       1        0.0%
COMMON               E      6       6       2       42.9%
BITSFR1              0      0       0       2        0.0%
SFR1                 0      0       0       2        0.0%
BITSFR2              0      0       0       3        0.0%
SFR2                 0      0       0       3        0.0%
STACK                0      0       0       3        0.0%
BITBANK0            50      0       0       4        0.0%
BITSFR3              0      0       0       4        0.0%
SFR3                 0      0       0       4        0.0%
BANK0               50      0       0       5        0.0%
BITSFR4              0      0       0       5        0.0%
SFR4                 0      0       0       5        0.0%
BITBANK1            50      0       0       6        0.0%
BITSFR5              0      0       0       6        0.0%
SFR5                 0      0       0       6        0.0%
BANK1               50      0       0       7        0.0%
BITSFR6              0      0       0       7        0.0%
SFR6                 0      0       0       7        0.0%
BITBANK2            50      0       0       8        0.0%
BITSFR7              0      0       0       8        0.0%
SFR7                 0      0       0       8        0.0%
BANK2               50      0       0       9        0.0%
BITSFR8              0      0       0       9        0.0%
SFR8                 0      0       0       9        0.0%
BITBANK3            50      0       0      10        0.0%
BITSFR9              0      0       0      10        0.0%
SFR9                 0      0       0      10        0.0%
BANK3               50      0       0      11        0.0%
BITSFR10             0      0       0      11        0.0%
SFR10                0      0       0      11        0.0%
BITBANK4            50      0       0      12        0.0%
BITSFR11             0      0       0      12        0.0%
SFR11                0      0       0      12        0.0%
BANK4               50      0       0      13        0.0%
BITSFR12             0      0       0      13        0.0%
SFR12                0      0       0      13        0.0%
BITSFR13             0      0       0      14        0.0%
SFR13                0      0       0      14        0.0%
ABS                  0      0       0      14        0.0%
BITBANK5            50      0       0      15        0.0%
BITSFR14             0      0       0      15        0.0%
SFR14                0      0       0      15        0.0%
BANK5               50      0       0      16        0.0%
BITSFR15             0      0       0      16        0.0%
SFR15                0      0       0      16        0.0%
BITBANK6            50      0       0      17        0.0%
BITSFR16             0      0       0      17        0.0%
SFR16                0      0       0      17        0.0%
BANK6               50      0       0      18        0.0%
BITSFR17             0      0       0      18        0.0%
SFR17                0      0       0      18        0.0%
BITBANK7            50      0       0      19        0.0%
BITSFR18             0      0       0      19        0.0%
SFR18                0      0       0      19        0.0%
BANK7               50      0       0      20        0.0%
BITSFR19             0      0       0      20        0.0%
SFR19                0      0       0      20        0.0%
BITBANK8            50      0       0      21        0.0%
BITSFR20             0      0       0      21        0.0%
SFR20                0      0       0      21        0.0%
BANK8               50      0       0      22        0.0%
BITSFR21             0      0       0      22        0.0%
SFR21                0      0       0      22        0.0%
BITBANK9            50      0       0      23        0.0%
BITSFR22             0      0       0      23        0.0%
SFR22                0      0       0      23        0.0%
BANK9               50      0       0      24        0.0%
BITSFR23             0      0       0      24        0.0%
SFR23                0      0       0      24        0.0%
BITBANK10           50      0       0      25        0.0%
BITSFR24             0      0       0      25        0.0%
SFR24                0      0       0      25        0.0%
BANK10              50      0       0      26        0.0%
BITSFR25             0      0       0      26        0.0%
SFR25                0      0       0      26        0.0%
BITBANK11           50      0       0      27        0.0%
BITSFR26             0      0       0      27        0.0%
SFR26                0      0       0      27        0.0%
BITSFR27             0      0       0      28        0.0%
SFR27                0      0       0      28        0.0%
DATA                 0      0       0      28        0.0%
BANK11              50      0       0      29        0.0%
BITSFR28             0      0       0      29        0.0%
SFR28                0      0       0      29        0.0%
BITBANK12           50      0       0      30        0.0%
BITSFR29             0      0       0      30        0.0%
SFR29                0      0       0      30        0.0%
BANK12              50      0       0      31        0.0%
BITSFR30             0      0       0      31        0.0%
SFR30                0      0       0      31        0.0%
BITBANK13           50      0       0      32        0.0%
BITSFR31             0      0       0      32        0.0%
SFR31                0      0       0      32        0.0%
BANK13              50      0       0      33        0.0%
BITBANK14           50      0       0      34        0.0%
BANK14              50      0       0      35        0.0%
BITBANK15           50      0       0      36        0.0%
BANK15              50      0       0      37        0.0%
BITBANK16           50      0       0      38        0.0%
BANK16              50      0       0      39        0.0%
BITBANK17           50      0       0      40        0.0%
BANK17              50      0       0      41        0.0%
BITBANK18           50      0       0      42        0.0%
BANK18              50      0       0      43        0.0%
BITBANK19           50      0       0      44        0.0%
BANK19              50      0       0      45        0.0%
BITBANK20           50      0       0      46        0.0%
BANK20              50      0       0      47        0.0%
BITBANK21           50      0       0      48        0.0%
BANK21              50      0       0      49        0.0%
BITBANK22           50      0       0      50        0.0%
BANK22              50      0       0      51        0.0%
BITBANK23           50      0       0      52        0.0%
BANK23              50      0       0      53        0.0%
BITBANK24           50      0       0      54        0.0%
BANK24              50      0       0      55        0.0%
BITBANK25           20      0       0      56        0.0%
BANK25              20      0       0      57        0.0%


Microchip Technology PIC Macro Assembler V2.45 build 20230818022343 
Symbol Table                                                                                   Thu Jan 11 19:24:43 2024

                      l32 0779                        l35 077F                        l29 07FC  
                      l64 0788                        u10 07A6                        u11 07A5  
                      u20 07BF                        u21 07BE                        u37 0796  
                      u47 07B1                        u57 07CA                       l610 0776  
                     l620 07D5                       l612 07C2                       l630 07E3  
                     l622 07DA                       l614 07C5                       l608 0780  
                     l640 07F2                       l632 07E7                       l624 07DD  
                     l616 07D1                       l642 07F6                       l634 07EA  
                     l626 07DE                       l618 07D3                       l650 0789  
                     l644 07F9                       l636 07EC                       l628 07E0  
                     l660 0791                       l652 078C                       l646 07FB  
                     l638 07ED                       l662 079D                       l648 077B  
                     l672 07A8                       l664 07A1                       l674 07AC  
                     l666 07A6                       l658 078D                       l676 07B8  
                     l678 07BA                       _PR6 041D                       wreg 0009  
                    _SCS0 04C8                      _SCS1 04C9                      _main 0789  
                    btemp 007E                      start 0002         main@dutyCycle_205 0075  
                   ?_main 0070                     _IRCF0 04CB                     _IRCF1 04CC  
                   _IRCF2 04CD                     _IRCF3 04CE                     status 0003  
                   wtemp0 007E              ?_internal_32 0070           __initialization 07FD  
            __end_of_main 07C2                    ??_main 0072         ??_controlMotorPWM 0071  
setPWMDutyCycle@dutyCycle 0070                    _CCPR1L 0291                    _ANSELB 018D  
                  _SPLLEN 04CF             main@dutyCycle 0074          __end_of_initMain 07FD  
controlMotorPWM@dutyCycle 0071   __end_of__initialization 07FD            __pcstackCOMMON 0070  
              __pmaintext 0789                   _PPSLOCK 0E0F                 ?_initMain 0070  
         _controlMotorPWM 077A                   __ptext1 07C2                   __ptext2 0780  
                 __ptext3 077A                   __ptext4 0775                 _T6CONbits 041E  
    end_of_initialization 07FD                ??_initMain 0070         ??_setPWMDutyCycle 0070  
               _TRISBbits 008D               _CCP1CONbits 0293   __end_of_controlMotorPWM 0780  
     start_initialization 07FD               _CCPTMRSbits 029E                 ___latbits 0003  
        ?_controlMotorPWM 0070             ??_internal_32 0070           _setPWMDutyCycle 0775  
     __end_of_internal_32 0789                  _initMain 07C2   __end_of_setPWMDutyCycle 077A  
             _internal_32 0780                _RB0PPSbits 0E98                _RB1PPSbits 0E99  
             _PPSLOCKbits 0E0F          ?_setPWMDutyCycle 0070  
