

Microchip Technology PIC LITE Macro Assembler V1.41 build -162212810 
                                                                                               Thu Apr 20 15:30:28 2017

Microchip Technology Omniscient Code Generator v1.41 (Free mode) build 201701250102
     1                           	processor	16F1717
     2                           	opt	pw 120
     3                           	opt	lm
     4                           	psect	cinit,global,class=CODE,merge=1,delta=2
     5                           	psect	cstackCOMMON,global,class=COMMON,space=1,delta=1
     6                           	psect	maintext,global,class=CODE,merge=1,split=1,delta=2
     7                           	psect	text1,local,class=CODE,merge=1,delta=2
     8                           	psect	text2,local,class=CODE,merge=1,delta=2
     9                           	psect	text3,local,class=CODE,merge=1,delta=2
    10                           	psect	text4,local,class=CODE,merge=1,delta=2
    11                           	psect	text5,local,class=CODE,merge=1,delta=2
    12                           	dabs	1,0x7E,2
    13  0000                     
    14                           ; Version 1.41
    15                           ; Generated 25/01/2017 GMT
    16                           ; 
    17                           ; Copyright © 2017, Microchip Technology Inc. and its subsidiaries ("Microchip")
    18                           ; All rights reserved.
    19                           ; 
    20                           ; This software is developed by Microchip Technology Inc. and its subsidiaries ("Microch
      +                          ip").
    21                           ; 
    22                           ; Redistribution and use in source and binary forms, with or without modification, are
    23                           ; permitted provided that the following conditions are met:
    24                           ; 
    25                           ;     1. Redistributions of source code must retain the above copyright notice, this lis
      +                          t of
    26                           ;        conditions and the following disclaimer.
    27                           ; 
    28                           ;     2. Redistributions in binary form must reproduce the above copyright notice, this 
      +                          list
    29                           ;        of conditions and the following disclaimer in the documentation and/or other
    30                           ;        materials provided with the distribution.
    31                           ; 
    32                           ;     3. Microchip's name may not be used to endorse or promote products derived from th
      +                          is
    33                           ;        software without specific prior written permission.
    34                           ; 
    35                           ; THIS SOFTWARE IS PROVIDED BY MICROCHIP "AS IS" AND ANY EXPRESS OR IMPLIED WARRANTIES,
    36                           ; INCLUDING, BUT NOT LIMITED TO, THE IMPLIED WARRANTIES OF MERCHANTABILITY AND FITNESS F
      +                          OR
    37                           ; PURPOSE ARE DISCLAIMED.  IN NO EVENT SHALL MICROCHIP BE LIABLE FOR ANY DIRECT, INDIREC
      +                          T,
    38                           ; INCIDENTAL, SPECIAL, EXEMPLARY, OR CONSEQUENTIAL DAMAGES (INCLUDING BUT NOT LIMITED TO
    39                           ; PROCUREMENT OF SUBSTITUTE GOODS OR SERVICES; LOSS OF USE, DATA OR PROFITS; OR BUSINESS
    40                           ; INTERRUPTION) HOWSOEVER CAUSED AND ON ANY THEORY OF LIABILITY, WHETHER IN CONTRACT, ST
      +                          RICT
    41                           ; LIABILITY, OR TORT (INCLUDING NEGLIGENCE OR OTHERWISE) ARISING IN ANY WAY OUT OF THE U
      +                          SE OF
    42                           ; THIS SOFTWARE, EVEN IF ADVISED OF THE POSSIBILITY OF SUCH DAMAGE.
    43                           ; 
    44                           ; 
    45                           ; Code-generator required, PIC16F1717 Definitions
    46                           ; 
    47                           ; SFR Addresses
    48  0000                     	;# 
    49  0001                     	;# 
    50  0002                     	;# 
    51  0003                     	;# 
    52  0004                     	;# 
    53  0005                     	;# 
    54  0006                     	;# 
    55  0007                     	;# 
    56  0008                     	;# 
    57  0009                     	;# 
    58  000A                     	;# 
    59  000B                     	;# 
    60  000C                     	;# 
    61  000D                     	;# 
    62  000E                     	;# 
    63  000F                     	;# 
    64  0010                     	;# 
    65  0011                     	;# 
    66  0012                     	;# 
    67  0013                     	;# 
    68  0015                     	;# 
    69  0016                     	;# 
    70  0016                     	;# 
    71  0017                     	;# 
    72  0018                     	;# 
    73  0019                     	;# 
    74  001A                     	;# 
    75  001B                     	;# 
    76  001C                     	;# 
    77  008C                     	;# 
    78  008D                     	;# 
    79  008E                     	;# 
    80  008F                     	;# 
    81  0090                     	;# 
    82  0091                     	;# 
    83  0092                     	;# 
    84  0093                     	;# 
    85  0095                     	;# 
    86  0096                     	;# 
    87  0097                     	;# 
    88  0098                     	;# 
    89  0099                     	;# 
    90  009A                     	;# 
    91  009B                     	;# 
    92  009B                     	;# 
    93  009C                     	;# 
    94  009D                     	;# 
    95  009E                     	;# 
    96  009F                     	;# 
    97  010C                     	;# 
    98  010D                     	;# 
    99  010E                     	;# 
   100  010F                     	;# 
   101  0110                     	;# 
   102  0111                     	;# 
   103  0112                     	;# 
   104  0113                     	;# 
   105  0114                     	;# 
   106  0115                     	;# 
   107  0116                     	;# 
   108  0117                     	;# 
   109  0118                     	;# 
   110  0119                     	;# 
   111  011A                     	;# 
   112  011B                     	;# 
   113  011B                     	;# 
   114  011C                     	;# 
   115  018C                     	;# 
   116  018D                     	;# 
   117  018E                     	;# 
   118  018F                     	;# 
   119  0190                     	;# 
   120  0191                     	;# 
   121  0191                     	;# 
   122  0192                     	;# 
   123  0193                     	;# 
   124  0193                     	;# 
   125  0194                     	;# 
   126  0195                     	;# 
   127  0196                     	;# 
   128  0197                     	;# 
   129  0199                     	;# 
   130  0199                     	;# 
   131  0199                     	;# 
   132  019A                     	;# 
   133  019A                     	;# 
   134  019A                     	;# 
   135  019B                     	;# 
   136  019B                     	;# 
   137  019B                     	;# 
   138  019B                     	;# 
   139  019B                     	;# 
   140  019C                     	;# 
   141  019C                     	;# 
   142  019C                     	;# 
   143  019D                     	;# 
   144  019D                     	;# 
   145  019D                     	;# 
   146  019E                     	;# 
   147  019E                     	;# 
   148  019E                     	;# 
   149  019F                     	;# 
   150  019F                     	;# 
   151  019F                     	;# 
   152  019F                     	;# 
   153  019F                     	;# 
   154  020C                     	;# 
   155  020D                     	;# 
   156  020E                     	;# 
   157  020F                     	;# 
   158  0210                     	;# 
   159  0211                     	;# 
   160  0211                     	;# 
   161  0212                     	;# 
   162  0212                     	;# 
   163  0213                     	;# 
   164  0213                     	;# 
   165  0214                     	;# 
   166  0214                     	;# 
   167  0215                     	;# 
   168  0215                     	;# 
   169  0215                     	;# 
   170  0215                     	;# 
   171  0216                     	;# 
   172  0216                     	;# 
   173  0217                     	;# 
   174  0217                     	;# 
   175  028C                     	;# 
   176  028D                     	;# 
   177  028E                     	;# 
   178  028F                     	;# 
   179  0290                     	;# 
   180  0291                     	;# 
   181  0291                     	;# 
   182  0292                     	;# 
   183  0293                     	;# 
   184  0293                     	;# 
   185  0298                     	;# 
   186  0298                     	;# 
   187  0299                     	;# 
   188  029A                     	;# 
   189  029A                     	;# 
   190  029E                     	;# 
   191  030C                     	;# 
   192  030D                     	;# 
   193  030E                     	;# 
   194  030F                     	;# 
   195  0310                     	;# 
   196  038C                     	;# 
   197  038D                     	;# 
   198  038E                     	;# 
   199  038F                     	;# 
   200  0390                     	;# 
   201  0391                     	;# 
   202  0392                     	;# 
   203  0393                     	;# 
   204  0394                     	;# 
   205  0395                     	;# 
   206  0396                     	;# 
   207  0397                     	;# 
   208  0398                     	;# 
   209  0399                     	;# 
   210  039D                     	;# 
   211  039E                     	;# 
   212  039F                     	;# 
   213  0415                     	;# 
   214  0416                     	;# 
   215  0417                     	;# 
   216  041C                     	;# 
   217  041D                     	;# 
   218  041E                     	;# 
   219  0498                     	;# 
   220  0498                     	;# 
   221  0499                     	;# 
   222  049A                     	;# 
   223  049B                     	;# 
   224  049B                     	;# 
   225  049C                     	;# 
   226  049D                     	;# 
   227  049E                     	;# 
   228  049F                     	;# 
   229  0511                     	;# 
   230  0515                     	;# 
   231  0617                     	;# 
   232  0618                     	;# 
   233  0619                     	;# 
   234  0619                     	;# 
   235  061A                     	;# 
   236  061B                     	;# 
   237  061C                     	;# 
   238  061C                     	;# 
   239  0691                     	;# 
   240  0692                     	;# 
   241  0693                     	;# 
   242  0694                     	;# 
   243  0695                     	;# 
   244  0696                     	;# 
   245  0697                     	;# 
   246  0698                     	;# 
   247  0699                     	;# 
   248  069A                     	;# 
   249  069B                     	;# 
   250  069C                     	;# 
   251  069D                     	;# 
   252  069E                     	;# 
   253  069F                     	;# 
   254  0E0F                     	;# 
   255  0E10                     	;# 
   256  0E11                     	;# 
   257  0E12                     	;# 
   258  0E13                     	;# 
   259  0E14                     	;# 
   260  0E15                     	;# 
   261  0E17                     	;# 
   262  0E20                     	;# 
   263  0E21                     	;# 
   264  0E22                     	;# 
   265  0E24                     	;# 
   266  0E25                     	;# 
   267  0E28                     	;# 
   268  0E29                     	;# 
   269  0E2A                     	;# 
   270  0E2B                     	;# 
   271  0E90                     	;# 
   272  0E91                     	;# 
   273  0E92                     	;# 
   274  0E93                     	;# 
   275  0E94                     	;# 
   276  0E95                     	;# 
   277  0E96                     	;# 
   278  0E97                     	;# 
   279  0E98                     	;# 
   280  0E99                     	;# 
   281  0E9A                     	;# 
   282  0E9B                     	;# 
   283  0E9C                     	;# 
   284  0E9D                     	;# 
   285  0E9E                     	;# 
   286  0E9F                     	;# 
   287  0EA0                     	;# 
   288  0EA1                     	;# 
   289  0EA2                     	;# 
   290  0EA3                     	;# 
   291  0EA4                     	;# 
   292  0EA5                     	;# 
   293  0EA6                     	;# 
   294  0EA7                     	;# 
   295  0EA8                     	;# 
   296  0EA9                     	;# 
   297  0EAA                     	;# 
   298  0EAB                     	;# 
   299  0EAC                     	;# 
   300  0EAD                     	;# 
   301  0EAE                     	;# 
   302  0EAF                     	;# 
   303  0EB0                     	;# 
   304  0EB1                     	;# 
   305  0EB2                     	;# 
   306  0F0F                     	;# 
   307  0F10                     	;# 
   308  0F11                     	;# 
   309  0F12                     	;# 
   310  0F13                     	;# 
   311  0F14                     	;# 
   312  0F15                     	;# 
   313  0F16                     	;# 
   314  0F17                     	;# 
   315  0F18                     	;# 
   316  0F19                     	;# 
   317  0F1A                     	;# 
   318  0F1B                     	;# 
   319  0F1C                     	;# 
   320  0F1D                     	;# 
   321  0F1E                     	;# 
   322  0F1F                     	;# 
   323  0F20                     	;# 
   324  0F21                     	;# 
   325  0F22                     	;# 
   326  0F23                     	;# 
   327  0F24                     	;# 
   328  0F25                     	;# 
   329  0F26                     	;# 
   330  0F27                     	;# 
   331  0F28                     	;# 
   332  0F29                     	;# 
   333  0F2A                     	;# 
   334  0F2B                     	;# 
   335  0F2C                     	;# 
   336  0F2D                     	;# 
   337  0F2E                     	;# 
   338  0F2F                     	;# 
   339  0F30                     	;# 
   340  0F31                     	;# 
   341  0F32                     	;# 
   342  0F33                     	;# 
   343  0F34                     	;# 
   344  0F35                     	;# 
   345  0F36                     	;# 
   346  0F37                     	;# 
   347  0FE4                     	;# 
   348  0FE5                     	;# 
   349  0FE6                     	;# 
   350  0FE7                     	;# 
   351  0FE8                     	;# 
   352  0FE9                     	;# 
   353  0FEA                     	;# 
   354  0FEB                     	;# 
   355  0FED                     	;# 
   356  0FEE                     	;# 
   357  0FEF                     	;# 
   358  0000                     	;# 
   359  0001                     	;# 
   360  0002                     	;# 
   361  0003                     	;# 
   362  0004                     	;# 
   363  0005                     	;# 
   364  0006                     	;# 
   365  0007                     	;# 
   366  0008                     	;# 
   367  0009                     	;# 
   368  000A                     	;# 
   369  000B                     	;# 
   370  000C                     	;# 
   371  000D                     	;# 
   372  000E                     	;# 
   373  000F                     	;# 
   374  0010                     	;# 
   375  0011                     	;# 
   376  0012                     	;# 
   377  0013                     	;# 
   378  0015                     	;# 
   379  0016                     	;# 
   380  0016                     	;# 
   381  0017                     	;# 
   382  0018                     	;# 
   383  0019                     	;# 
   384  001A                     	;# 
   385  001B                     	;# 
   386  001C                     	;# 
   387  008C                     	;# 
   388  008D                     	;# 
   389  008E                     	;# 
   390  008F                     	;# 
   391  0090                     	;# 
   392  0091                     	;# 
   393  0092                     	;# 
   394  0093                     	;# 
   395  0095                     	;# 
   396  0096                     	;# 
   397  0097                     	;# 
   398  0098                     	;# 
   399  0099                     	;# 
   400  009A                     	;# 
   401  009B                     	;# 
   402  009B                     	;# 
   403  009C                     	;# 
   404  009D                     	;# 
   405  009E                     	;# 
   406  009F                     	;# 
   407  010C                     	;# 
   408  010D                     	;# 
   409  010E                     	;# 
   410  010F                     	;# 
   411  0110                     	;# 
   412  0111                     	;# 
   413  0112                     	;# 
   414  0113                     	;# 
   415  0114                     	;# 
   416  0115                     	;# 
   417  0116                     	;# 
   418  0117                     	;# 
   419  0118                     	;# 
   420  0119                     	;# 
   421  011A                     	;# 
   422  011B                     	;# 
   423  011B                     	;# 
   424  011C                     	;# 
   425  018C                     	;# 
   426  018D                     	;# 
   427  018E                     	;# 
   428  018F                     	;# 
   429  0190                     	;# 
   430  0191                     	;# 
   431  0191                     	;# 
   432  0192                     	;# 
   433  0193                     	;# 
   434  0193                     	;# 
   435  0194                     	;# 
   436  0195                     	;# 
   437  0196                     	;# 
   438  0197                     	;# 
   439  0199                     	;# 
   440  0199                     	;# 
   441  0199                     	;# 
   442  019A                     	;# 
   443  019A                     	;# 
   444  019A                     	;# 
   445  019B                     	;# 
   446  019B                     	;# 
   447  019B                     	;# 
   448  019B                     	;# 
   449  019B                     	;# 
   450  019C                     	;# 
   451  019C                     	;# 
   452  019C                     	;# 
   453  019D                     	;# 
   454  019D                     	;# 
   455  019D                     	;# 
   456  019E                     	;# 
   457  019E                     	;# 
   458  019E                     	;# 
   459  019F                     	;# 
   460  019F                     	;# 
   461  019F                     	;# 
   462  019F                     	;# 
   463  019F                     	;# 
   464  020C                     	;# 
   465  020D                     	;# 
   466  020E                     	;# 
   467  020F                     	;# 
   468  0210                     	;# 
   469  0211                     	;# 
   470  0211                     	;# 
   471  0212                     	;# 
   472  0212                     	;# 
   473  0213                     	;# 
   474  0213                     	;# 
   475  0214                     	;# 
   476  0214                     	;# 
   477  0215                     	;# 
   478  0215                     	;# 
   479  0215                     	;# 
   480  0215                     	;# 
   481  0216                     	;# 
   482  0216                     	;# 
   483  0217                     	;# 
   484  0217                     	;# 
   485  028C                     	;# 
   486  028D                     	;# 
   487  028E                     	;# 
   488  028F                     	;# 
   489  0290                     	;# 
   490  0291                     	;# 
   491  0291                     	;# 
   492  0292                     	;# 
   493  0293                     	;# 
   494  0293                     	;# 
   495  0298                     	;# 
   496  0298                     	;# 
   497  0299                     	;# 
   498  029A                     	;# 
   499  029A                     	;# 
   500  029E                     	;# 
   501  030C                     	;# 
   502  030D                     	;# 
   503  030E                     	;# 
   504  030F                     	;# 
   505  0310                     	;# 
   506  038C                     	;# 
   507  038D                     	;# 
   508  038E                     	;# 
   509  038F                     	;# 
   510  0390                     	;# 
   511  0391                     	;# 
   512  0392                     	;# 
   513  0393                     	;# 
   514  0394                     	;# 
   515  0395                     	;# 
   516  0396                     	;# 
   517  0397                     	;# 
   518  0398                     	;# 
   519  0399                     	;# 
   520  039D                     	;# 
   521  039E                     	;# 
   522  039F                     	;# 
   523  0415                     	;# 
   524  0416                     	;# 
   525  0417                     	;# 
   526  041C                     	;# 
   527  041D                     	;# 
   528  041E                     	;# 
   529  0498                     	;# 
   530  0498                     	;# 
   531  0499                     	;# 
   532  049A                     	;# 
   533  049B                     	;# 
   534  049B                     	;# 
   535  049C                     	;# 
   536  049D                     	;# 
   537  049E                     	;# 
   538  049F                     	;# 
   539  0511                     	;# 
   540  0515                     	;# 
   541  0617                     	;# 
   542  0618                     	;# 
   543  0619                     	;# 
   544  0619                     	;# 
   545  061A                     	;# 
   546  061B                     	;# 
   547  061C                     	;# 
   548  061C                     	;# 
   549  0691                     	;# 
   550  0692                     	;# 
   551  0693                     	;# 
   552  0694                     	;# 
   553  0695                     	;# 
   554  0696                     	;# 
   555  0697                     	;# 
   556  0698                     	;# 
   557  0699                     	;# 
   558  069A                     	;# 
   559  069B                     	;# 
   560  069C                     	;# 
   561  069D                     	;# 
   562  069E                     	;# 
   563  069F                     	;# 
   564  0E0F                     	;# 
   565  0E10                     	;# 
   566  0E11                     	;# 
   567  0E12                     	;# 
   568  0E13                     	;# 
   569  0E14                     	;# 
   570  0E15                     	;# 
   571  0E17                     	;# 
   572  0E20                     	;# 
   573  0E21                     	;# 
   574  0E22                     	;# 
   575  0E24                     	;# 
   576  0E25                     	;# 
   577  0E28                     	;# 
   578  0E29                     	;# 
   579  0E2A                     	;# 
   580  0E2B                     	;# 
   581  0E90                     	;# 
   582  0E91                     	;# 
   583  0E92                     	;# 
   584  0E93                     	;# 
   585  0E94                     	;# 
   586  0E95                     	;# 
   587  0E96                     	;# 
   588  0E97                     	;# 
   589  0E98                     	;# 
   590  0E99                     	;# 
   591  0E9A                     	;# 
   592  0E9B                     	;# 
   593  0E9C                     	;# 
   594  0E9D                     	;# 
   595  0E9E                     	;# 
   596  0E9F                     	;# 
   597  0EA0                     	;# 
   598  0EA1                     	;# 
   599  0EA2                     	;# 
   600  0EA3                     	;# 
   601  0EA4                     	;# 
   602  0EA5                     	;# 
   603  0EA6                     	;# 
   604  0EA7                     	;# 
   605  0EA8                     	;# 
   606  0EA9                     	;# 
   607  0EAA                     	;# 
   608  0EAB                     	;# 
   609  0EAC                     	;# 
   610  0EAD                     	;# 
   611  0EAE                     	;# 
   612  0EAF                     	;# 
   613  0EB0                     	;# 
   614  0EB1                     	;# 
   615  0EB2                     	;# 
   616  0F0F                     	;# 
   617  0F10                     	;# 
   618  0F11                     	;# 
   619  0F12                     	;# 
   620  0F13                     	;# 
   621  0F14                     	;# 
   622  0F15                     	;# 
   623  0F16                     	;# 
   624  0F17                     	;# 
   625  0F18                     	;# 
   626  0F19                     	;# 
   627  0F1A                     	;# 
   628  0F1B                     	;# 
   629  0F1C                     	;# 
   630  0F1D                     	;# 
   631  0F1E                     	;# 
   632  0F1F                     	;# 
   633  0F20                     	;# 
   634  0F21                     	;# 
   635  0F22                     	;# 
   636  0F23                     	;# 
   637  0F24                     	;# 
   638  0F25                     	;# 
   639  0F26                     	;# 
   640  0F27                     	;# 
   641  0F28                     	;# 
   642  0F29                     	;# 
   643  0F2A                     	;# 
   644  0F2B                     	;# 
   645  0F2C                     	;# 
   646  0F2D                     	;# 
   647  0F2E                     	;# 
   648  0F2F                     	;# 
   649  0F30                     	;# 
   650  0F31                     	;# 
   651  0F32                     	;# 
   652  0F33                     	;# 
   653  0F34                     	;# 
   654  0F35                     	;# 
   655  0F36                     	;# 
   656  0F37                     	;# 
   657  0FE4                     	;# 
   658  0FE5                     	;# 
   659  0FE6                     	;# 
   660  0FE7                     	;# 
   661  0FE8                     	;# 
   662  0FE9                     	;# 
   663  0FEA                     	;# 
   664  0FEB                     	;# 
   665  0FED                     	;# 
   666  0FEE                     	;# 
   667  0FEF                     	;# 
   668  0000                     	;# 
   669  0001                     	;# 
   670  0002                     	;# 
   671  0003                     	;# 
   672  0004                     	;# 
   673  0005                     	;# 
   674  0006                     	;# 
   675  0007                     	;# 
   676  0008                     	;# 
   677  0009                     	;# 
   678  000A                     	;# 
   679  000B                     	;# 
   680  000C                     	;# 
   681  000D                     	;# 
   682  000E                     	;# 
   683  000F                     	;# 
   684  0010                     	;# 
   685  0011                     	;# 
   686  0012                     	;# 
   687  0013                     	;# 
   688  0015                     	;# 
   689  0016                     	;# 
   690  0016                     	;# 
   691  0017                     	;# 
   692  0018                     	;# 
   693  0019                     	;# 
   694  001A                     	;# 
   695  001B                     	;# 
   696  001C                     	;# 
   697  008C                     	;# 
   698  008D                     	;# 
   699  008E                     	;# 
   700  008F                     	;# 
   701  0090                     	;# 
   702  0091                     	;# 
   703  0092                     	;# 
   704  0093                     	;# 
   705  0095                     	;# 
   706  0096                     	;# 
   707  0097                     	;# 
   708  0098                     	;# 
   709  0099                     	;# 
   710  009A                     	;# 
   711  009B                     	;# 
   712  009B                     	;# 
   713  009C                     	;# 
   714  009D                     	;# 
   715  009E                     	;# 
   716  009F                     	;# 
   717  010C                     	;# 
   718  010D                     	;# 
   719  010E                     	;# 
   720  010F                     	;# 
   721  0110                     	;# 
   722  0111                     	;# 
   723  0112                     	;# 
   724  0113                     	;# 
   725  0114                     	;# 
   726  0115                     	;# 
   727  0116                     	;# 
   728  0117                     	;# 
   729  0118                     	;# 
   730  0119                     	;# 
   731  011A                     	;# 
   732  011B                     	;# 
   733  011B                     	;# 
   734  011C                     	;# 
   735  018C                     	;# 
   736  018D                     	;# 
   737  018E                     	;# 
   738  018F                     	;# 
   739  0190                     	;# 
   740  0191                     	;# 
   741  0191                     	;# 
   742  0192                     	;# 
   743  0193                     	;# 
   744  0193                     	;# 
   745  0194                     	;# 
   746  0195                     	;# 
   747  0196                     	;# 
   748  0197                     	;# 
   749  0199                     	;# 
   750  0199                     	;# 
   751  0199                     	;# 
   752  019A                     	;# 
   753  019A                     	;# 
   754  019A                     	;# 
   755  019B                     	;# 
   756  019B                     	;# 
   757  019B                     	;# 
   758  019B                     	;# 
   759  019B                     	;# 
   760  019C                     	;# 
   761  019C                     	;# 
   762  019C                     	;# 
   763  019D                     	;# 
   764  019D                     	;# 
   765  019D                     	;# 
   766  019E                     	;# 
   767  019E                     	;# 
   768  019E                     	;# 
   769  019F                     	;# 
   770  019F                     	;# 
   771  019F                     	;# 
   772  019F                     	;# 
   773  019F                     	;# 
   774  020C                     	;# 
   775  020D                     	;# 
   776  020E                     	;# 
   777  020F                     	;# 
   778  0210                     	;# 
   779  0211                     	;# 
   780  0211                     	;# 
   781  0212                     	;# 
   782  0212                     	;# 
   783  0213                     	;# 
   784  0213                     	;# 
   785  0214                     	;# 
   786  0214                     	;# 
   787  0215                     	;# 
   788  0215                     	;# 
   789  0215                     	;# 
   790  0215                     	;# 
   791  0216                     	;# 
   792  0216                     	;# 
   793  0217                     	;# 
   794  0217                     	;# 
   795  028C                     	;# 
   796  028D                     	;# 
   797  028E                     	;# 
   798  028F                     	;# 
   799  0290                     	;# 
   800  0291                     	;# 
   801  0291                     	;# 
   802  0292                     	;# 
   803  0293                     	;# 
   804  0293                     	;# 
   805  0298                     	;# 
   806  0298                     	;# 
   807  0299                     	;# 
   808  029A                     	;# 
   809  029A                     	;# 
   810  029E                     	;# 
   811  030C                     	;# 
   812  030D                     	;# 
   813  030E                     	;# 
   814  030F                     	;# 
   815  0310                     	;# 
   816  038C                     	;# 
   817  038D                     	;# 
   818  038E                     	;# 
   819  038F                     	;# 
   820  0390                     	;# 
   821  0391                     	;# 
   822  0392                     	;# 
   823  0393                     	;# 
   824  0394                     	;# 
   825  0395                     	;# 
   826  0396                     	;# 
   827  0397                     	;# 
   828  0398                     	;# 
   829  0399                     	;# 
   830  039D                     	;# 
   831  039E                     	;# 
   832  039F                     	;# 
   833  0415                     	;# 
   834  0416                     	;# 
   835  0417                     	;# 
   836  041C                     	;# 
   837  041D                     	;# 
   838  041E                     	;# 
   839  0498                     	;# 
   840  0498                     	;# 
   841  0499                     	;# 
   842  049A                     	;# 
   843  049B                     	;# 
   844  049B                     	;# 
   845  049C                     	;# 
   846  049D                     	;# 
   847  049E                     	;# 
   848  049F                     	;# 
   849  0511                     	;# 
   850  0515                     	;# 
   851  0617                     	;# 
   852  0618                     	;# 
   853  0619                     	;# 
   854  0619                     	;# 
   855  061A                     	;# 
   856  061B                     	;# 
   857  061C                     	;# 
   858  061C                     	;# 
   859  0691                     	;# 
   860  0692                     	;# 
   861  0693                     	;# 
   862  0694                     	;# 
   863  0695                     	;# 
   864  0696                     	;# 
   865  0697                     	;# 
   866  0698                     	;# 
   867  0699                     	;# 
   868  069A                     	;# 
   869  069B                     	;# 
   870  069C                     	;# 
   871  069D                     	;# 
   872  069E                     	;# 
   873  069F                     	;# 
   874  0E0F                     	;# 
   875  0E10                     	;# 
   876  0E11                     	;# 
   877  0E12                     	;# 
   878  0E13                     	;# 
   879  0E14                     	;# 
   880  0E15                     	;# 
   881  0E17                     	;# 
   882  0E20                     	;# 
   883  0E21                     	;# 
   884  0E22                     	;# 
   885  0E24                     	;# 
   886  0E25                     	;# 
   887  0E28                     	;# 
   888  0E29                     	;# 
   889  0E2A                     	;# 
   890  0E2B                     	;# 
   891  0E90                     	;# 
   892  0E91                     	;# 
   893  0E92                     	;# 
   894  0E93                     	;# 
   895  0E94                     	;# 
   896  0E95                     	;# 
   897  0E96                     	;# 
   898  0E97                     	;# 
   899  0E98                     	;# 
   900  0E99                     	;# 
   901  0E9A                     	;# 
   902  0E9B                     	;# 
   903  0E9C                     	;# 
   904  0E9D                     	;# 
   905  0E9E                     	;# 
   906  0E9F                     	;# 
   907  0EA0                     	;# 
   908  0EA1                     	;# 
   909  0EA2                     	;# 
   910  0EA3                     	;# 
   911  0EA4                     	;# 
   912  0EA5                     	;# 
   913  0EA6                     	;# 
   914  0EA7                     	;# 
   915  0EA8                     	;# 
   916  0EA9                     	;# 
   917  0EAA                     	;# 
   918  0EAB                     	;# 
   919  0EAC                     	;# 
   920  0EAD                     	;# 
   921  0EAE                     	;# 
   922  0EAF                     	;# 
   923  0EB0                     	;# 
   924  0EB1                     	;# 
   925  0EB2                     	;# 
   926  0F0F                     	;# 
   927  0F10                     	;# 
   928  0F11                     	;# 
   929  0F12                     	;# 
   930  0F13                     	;# 
   931  0F14                     	;# 
   932  0F15                     	;# 
   933  0F16                     	;# 
   934  0F17                     	;# 
   935  0F18                     	;# 
   936  0F19                     	;# 
   937  0F1A                     	;# 
   938  0F1B                     	;# 
   939  0F1C                     	;# 
   940  0F1D                     	;# 
   941  0F1E                     	;# 
   942  0F1F                     	;# 
   943  0F20                     	;# 
   944  0F21                     	;# 
   945  0F22                     	;# 
   946  0F23                     	;# 
   947  0F24                     	;# 
   948  0F25                     	;# 
   949  0F26                     	;# 
   950  0F27                     	;# 
   951  0F28                     	;# 
   952  0F29                     	;# 
   953  0F2A                     	;# 
   954  0F2B                     	;# 
   955  0F2C                     	;# 
   956  0F2D                     	;# 
   957  0F2E                     	;# 
   958  0F2F                     	;# 
   959  0F30                     	;# 
   960  0F31                     	;# 
   961  0F32                     	;# 
   962  0F33                     	;# 
   963  0F34                     	;# 
   964  0F35                     	;# 
   965  0F36                     	;# 
   966  0F37                     	;# 
   967  0FE4                     	;# 
   968  0FE5                     	;# 
   969  0FE6                     	;# 
   970  0FE7                     	;# 
   971  0FE8                     	;# 
   972  0FE9                     	;# 
   973  0FEA                     	;# 
   974  0FEB                     	;# 
   975  0FED                     	;# 
   976  0FEE                     	;# 
   977  0FEF                     	;# 
   978  0000                     	;# 
   979  0001                     	;# 
   980  0002                     	;# 
   981  0003                     	;# 
   982  0004                     	;# 
   983  0005                     	;# 
   984  0006                     	;# 
   985  0007                     	;# 
   986  0008                     	;# 
   987  0009                     	;# 
   988  000A                     	;# 
   989  000B                     	;# 
   990  000C                     	;# 
   991  000D                     	;# 
   992  000E                     	;# 
   993  000F                     	;# 
   994  0010                     	;# 
   995  0011                     	;# 
   996  0012                     	;# 
   997  0013                     	;# 
   998  0015                     	;# 
   999  0016                     	;# 
  1000  0016                     	;# 
  1001  0017                     	;# 
  1002  0018                     	;# 
  1003  0019                     	;# 
  1004  001A                     	;# 
  1005  001B                     	;# 
  1006  001C                     	;# 
  1007  008C                     	;# 
  1008  008D                     	;# 
  1009  008E                     	;# 
  1010  008F                     	;# 
  1011  0090                     	;# 
  1012  0091                     	;# 
  1013  0092                     	;# 
  1014  0093                     	;# 
  1015  0095                     	;# 
  1016  0096                     	;# 
  1017  0097                     	;# 
  1018  0098                     	;# 
  1019  0099                     	;# 
  1020  009A                     	;# 
  1021  009B                     	;# 
  1022  009B                     	;# 
  1023  009C                     	;# 
  1024  009D                     	;# 
  1025  009E                     	;# 
  1026  009F                     	;# 
  1027  010C                     	;# 
  1028  010D                     	;# 
  1029  010E                     	;# 
  1030  010F                     	;# 
  1031  0110                     	;# 
  1032  0111                     	;# 
  1033  0112                     	;# 
  1034  0113                     	;# 
  1035  0114                     	;# 
  1036  0115                     	;# 
  1037  0116                     	;# 
  1038  0117                     	;# 
  1039  0118                     	;# 
  1040  0119                     	;# 
  1041  011A                     	;# 
  1042  011B                     	;# 
  1043  011B                     	;# 
  1044  011C                     	;# 
  1045  018C                     	;# 
  1046  018D                     	;# 
  1047  018E                     	;# 
  1048  018F                     	;# 
  1049  0190                     	;# 
  1050  0191                     	;# 
  1051  0191                     	;# 
  1052  0192                     	;# 
  1053  0193                     	;# 
  1054  0193                     	;# 
  1055  0194                     	;# 
  1056  0195                     	;# 
  1057  0196                     	;# 
  1058  0197                     	;# 
  1059  0199                     	;# 
  1060  0199                     	;# 
  1061  0199                     	;# 
  1062  019A                     	;# 
  1063  019A                     	;# 
  1064  019A                     	;# 
  1065  019B                     	;# 
  1066  019B                     	;# 
  1067  019B                     	;# 
  1068  019B                     	;# 
  1069  019B                     	;# 
  1070  019C                     	;# 
  1071  019C                     	;# 
  1072  019C                     	;# 
  1073  019D                     	;# 
  1074  019D                     	;# 
  1075  019D                     	;# 
  1076  019E                     	;# 
  1077  019E                     	;# 
  1078  019E                     	;# 
  1079  019F                     	;# 
  1080  019F                     	;# 
  1081  019F                     	;# 
  1082  019F                     	;# 
  1083  019F                     	;# 
  1084  020C                     	;# 
  1085  020D                     	;# 
  1086  020E                     	;# 
  1087  020F                     	;# 
  1088  0210                     	;# 
  1089  0211                     	;# 
  1090  0211                     	;# 
  1091  0212                     	;# 
  1092  0212                     	;# 
  1093  0213                     	;# 
  1094  0213                     	;# 
  1095  0214                     	;# 
  1096  0214                     	;# 
  1097  0215                     	;# 
  1098  0215                     	;# 
  1099  0215                     	;# 
  1100  0215                     	;# 
  1101  0216                     	;# 
  1102  0216                     	;# 
  1103  0217                     	;# 
  1104  0217                     	;# 
  1105  028C                     	;# 
  1106  028D                     	;# 
  1107  028E                     	;# 
  1108  028F                     	;# 
  1109  0290                     	;# 
  1110  0291                     	;# 
  1111  0291                     	;# 
  1112  0292                     	;# 
  1113  0293                     	;# 
  1114  0293                     	;# 
  1115  0298                     	;# 
  1116  0298                     	;# 
  1117  0299                     	;# 
  1118  029A                     	;# 
  1119  029A                     	;# 
  1120  029E                     	;# 
  1121  030C                     	;# 
  1122  030D                     	;# 
  1123  030E                     	;# 
  1124  030F                     	;# 
  1125  0310                     	;# 
  1126  038C                     	;# 
  1127  038D                     	;# 
  1128  038E                     	;# 
  1129  038F                     	;# 
  1130  0390                     	;# 
  1131  0391                     	;# 
  1132  0392                     	;# 
  1133  0393                     	;# 
  1134  0394                     	;# 
  1135  0395                     	;# 
  1136  0396                     	;# 
  1137  0397                     	;# 
  1138  0398                     	;# 
  1139  0399                     	;# 
  1140  039D                     	;# 
  1141  039E                     	;# 
  1142  039F                     	;# 
  1143  0415                     	;# 
  1144  0416                     	;# 
  1145  0417                     	;# 
  1146  041C                     	;# 
  1147  041D                     	;# 
  1148  041E                     	;# 
  1149  0498                     	;# 
  1150  0498                     	;# 
  1151  0499                     	;# 
  1152  049A                     	;# 
  1153  049B                     	;# 
  1154  049B                     	;# 
  1155  049C                     	;# 
  1156  049D                     	;# 
  1157  049E                     	;# 
  1158  049F                     	;# 
  1159  0511                     	;# 
  1160  0515                     	;# 
  1161  0617                     	;# 
  1162  0618                     	;# 
  1163  0619                     	;# 
  1164  0619                     	;# 
  1165  061A                     	;# 
  1166  061B                     	;# 
  1167  061C                     	;# 
  1168  061C                     	;# 
  1169  0691                     	;# 
  1170  0692                     	;# 
  1171  0693                     	;# 
  1172  0694                     	;# 
  1173  0695                     	;# 
  1174  0696                     	;# 
  1175  0697                     	;# 
  1176  0698                     	;# 
  1177  0699                     	;# 
  1178  069A                     	;# 
  1179  069B                     	;# 
  1180  069C                     	;# 
  1181  069D                     	;# 
  1182  069E                     	;# 
  1183  069F                     	;# 
  1184  0E0F                     	;# 
  1185  0E10                     	;# 
  1186  0E11                     	;# 
  1187  0E12                     	;# 
  1188  0E13                     	;# 
  1189  0E14                     	;# 
  1190  0E15                     	;# 
  1191  0E17                     	;# 
  1192  0E20                     	;# 
  1193  0E21                     	;# 
  1194  0E22                     	;# 
  1195  0E24                     	;# 
  1196  0E25                     	;# 
  1197  0E28                     	;# 
  1198  0E29                     	;# 
  1199  0E2A                     	;# 
  1200  0E2B                     	;# 
  1201  0E90                     	;# 
  1202  0E91                     	;# 
  1203  0E92                     	;# 
  1204  0E93                     	;# 
  1205  0E94                     	;# 
  1206  0E95                     	;# 
  1207  0E96                     	;# 
  1208  0E97                     	;# 
  1209  0E98                     	;# 
  1210  0E99                     	;# 
  1211  0E9A                     	;# 
  1212  0E9B                     	;# 
  1213  0E9C                     	;# 
  1214  0E9D                     	;# 
  1215  0E9E                     	;# 
  1216  0E9F                     	;# 
  1217  0EA0                     	;# 
  1218  0EA1                     	;# 
  1219  0EA2                     	;# 
  1220  0EA3                     	;# 
  1221  0EA4                     	;# 
  1222  0EA5                     	;# 
  1223  0EA6                     	;# 
  1224  0EA7                     	;# 
  1225  0EA8                     	;# 
  1226  0EA9                     	;# 
  1227  0EAA                     	;# 
  1228  0EAB                     	;# 
  1229  0EAC                     	;# 
  1230  0EAD                     	;# 
  1231  0EAE                     	;# 
  1232  0EAF                     	;# 
  1233  0EB0                     	;# 
  1234  0EB1                     	;# 
  1235  0EB2                     	;# 
  1236  0F0F                     	;# 
  1237  0F10                     	;# 
  1238  0F11                     	;# 
  1239  0F12                     	;# 
  1240  0F13                     	;# 
  1241  0F14                     	;# 
  1242  0F15                     	;# 
  1243  0F16                     	;# 
  1244  0F17                     	;# 
  1245  0F18                     	;# 
  1246  0F19                     	;# 
  1247  0F1A                     	;# 
  1248  0F1B                     	;# 
  1249  0F1C                     	;# 
  1250  0F1D                     	;# 
  1251  0F1E                     	;# 
  1252  0F1F                     	;# 
  1253  0F20                     	;# 
  1254  0F21                     	;# 
  1255  0F22                     	;# 
  1256  0F23                     	;# 
  1257  0F24                     	;# 
  1258  0F25                     	;# 
  1259  0F26                     	;# 
  1260  0F27                     	;# 
  1261  0F28                     	;# 
  1262  0F29                     	;# 
  1263  0F2A                     	;# 
  1264  0F2B                     	;# 
  1265  0F2C                     	;# 
  1266  0F2D                     	;# 
  1267  0F2E                     	;# 
  1268  0F2F                     	;# 
  1269  0F30                     	;# 
  1270  0F31                     	;# 
  1271  0F32                     	;# 
  1272  0F33                     	;# 
  1273  0F34                     	;# 
  1274  0F35                     	;# 
  1275  0F36                     	;# 
  1276  0F37                     	;# 
  1277  0FE4                     	;# 
  1278  0FE5                     	;# 
  1279  0FE6                     	;# 
  1280  0FE7                     	;# 
  1281  0FE8                     	;# 
  1282  0FE9                     	;# 
  1283  0FEA                     	;# 
  1284  0FEB                     	;# 
  1285  0FED                     	;# 
  1286  0FEE                     	;# 
  1287  0FEF                     	;# 
  1288  005F                     _GIE	set	95
  1289  0095                     _OPTION_REGbits	set	149
  1290  008F                     _TRISD	set	143
  1291  008E                     _TRISC	set	142
  1292  008D                     _TRISB	set	141
  1293  008C                     _TRISA	set	140
  1294  0090                     _TRISE	set	144
  1295  0097                     _WDTCON	set	151
  1296  0098                     _OSCTUNE	set	152
  1297  009A                     _OSCSTAT	set	154
  1298  0099                     _OSCCON	set	153
  1299  010E                     _LATC	set	270
  1300  010D                     _LATB	set	269
  1301  010C                     _LATA	set	268
  1302  010F                     _LATD	set	271
  1303  0110                     _LATE	set	272
  1304  018C                     _ANSELA	set	396
  1305  0190                     _ANSELE	set	400
  1306  018F                     _ANSELD	set	399
  1307  018D                     _ANSELB	set	397
  1308  018E                     _ANSELC	set	398
  1309  020E                     _WPUC	set	526
  1310  020C                     _WPUA	set	524
  1311  020D                     _WPUB	set	525
  1312  0210                     _WPUE	set	528
  1313  020F                     _WPUD	set	527
  1314  0E2B                     _CLCIN3PPSbits	set	3627
  1315  0E2A                     _CLCIN2PPSbits	set	3626
  1316  0E28                     _CLCIN0PPSbits	set	3624
  1317  0E29                     _CLCIN1PPSbits	set	3625
  1318  0E0F                     _PPSLOCKbits	set	3599
  1319  0E0F                     _PPSLOCK	set	3599
  1320  0EA0                     _RC0PPSbits	set	3744
  1321  0F10                     _CLC1CONbits	set	3856
  1322  0F10                     _CLC1CON	set	3856
  1323  0F19                     _CLC1GLS3	set	3865
  1324  0F18                     _CLC1GLS2	set	3864
  1325  0F17                     _CLC1GLS1	set	3863
  1326  0F16                     _CLC1GLS0	set	3862
  1327  0F15                     _CLC1SEL3	set	3861
  1328  0F14                     _CLC1SEL2	set	3860
  1329  0F13                     _CLC1SEL1	set	3859
  1330  0F12                     _CLC1SEL0	set	3858
  1331  0F11                     _CLC1POL	set	3857
  1332                           
  1333                           ; #config settings
  1334  0000                     
  1335                           	psect	cinit
  1336  07FD                     start_initialization:	
  1337  07FD                     __initialization:	
  1338  07FD                     end_of_initialization:	
  1339                           ;End of C runtime variable initialization code
  1340                           
  1341  07FD                     __end_of__initialization:	
  1342  07FD  0020               	movlb	0
  1343  07FE  3187  2F7E         	ljmp	_main	;jump to C main() function
  1344                           
  1345                           	psect	cstackCOMMON
  1346  0070                     __pcstackCOMMON:	
  1347  0070                     ?_PIN_MANAGER_Initialize:	
  1348  0070                     ??_PIN_MANAGER_Initialize:	
  1349                           ; 1 bytes @ 0x0
  1350                           
  1351  0070                     ?_OSCILLATOR_Initialize:	
  1352                           ; 1 bytes @ 0x0
  1353                           
  1354  0070                     ??_OSCILLATOR_Initialize:	
  1355                           ; 1 bytes @ 0x0
  1356                           
  1357  0070                     ?_WDT_Initialize:	
  1358                           ; 1 bytes @ 0x0
  1359                           
  1360  0070                     ??_WDT_Initialize:	
  1361                           ; 1 bytes @ 0x0
  1362                           
  1363  0070                     ?_CLC1_Initialize:	
  1364                           ; 1 bytes @ 0x0
  1365                           
  1366  0070                     ??_CLC1_Initialize:	
  1367                           ; 1 bytes @ 0x0
  1368                           
  1369  0070                     ?_SYSTEM_Initialize:	
  1370                           ; 1 bytes @ 0x0
  1371                           
  1372  0070                     ?_main:	
  1373                           ; 1 bytes @ 0x0
  1374                           
  1375  0070                     PIN_MANAGER_Initialize@state:	
  1376                           ; 1 bytes @ 0x0
  1377                           
  1378                           
  1379                           ; 1 bytes @ 0x0
  1380  0070                     	ds	1
  1381  0071                     ??_SYSTEM_Initialize:	
  1382  0071                     ??_main:	
  1383                           ; 1 bytes @ 0x1
  1384                           
  1385                           
  1386                           	psect	maintext
  1387  077E                     __pmaintext:	
  1388                           ; 1 bytes @ 0x1
  1389 ;;
  1390 ;;Main: autosize = 0, tempsize = 0, incstack = 0, save=0
  1391 ;;
  1392 ;; *************** function _main *****************
  1393 ;; Defined at:
  1394 ;;		line 51 in file "main.c"
  1395 ;; Parameters:    Size  Location     Type
  1396 ;;		None
  1397 ;; Auto vars:     Size  Location     Type
  1398 ;;		None
  1399 ;; Return value:  Size  Location     Type
  1400 ;;                  1    wreg      void 
  1401 ;; Registers used:
  1402 ;;		wreg, status,2, status,0, pclath, cstack
  1403 ;; Tracked objects:
  1404 ;;		On entry : B1F/0
  1405 ;;		On exit  : 0/0
  1406 ;;		Unchanged: 0/0
  1407 ;; Data sizes:     COMMON   BANK0   BANK1   BANK2   BANK3   BANK4   BANK5   BANK6   BANK7   BANK8   BANK9  BANK10  BANK1
      +1  BANK12
  1408 ;;      Params:         0       0       0       0       0       0       0       0       0       0       0       0       
      +0       0
  1409 ;;      Locals:         0       0       0       0       0       0       0       0       0       0       0       0       
      +0       0
  1410 ;;      Temps:          0       0       0       0       0       0       0       0       0       0       0       0       
      +0       0
  1411 ;;      Totals:         0       0       0       0       0       0       0       0       0       0       0       0       
      +0       0
  1412 ;;Total ram usage:        0 bytes
  1413 ;; Hardware stack levels required when called:    2
  1414 ;; This function calls:
  1415 ;;		_SYSTEM_Initialize
  1416 ;; This function is called by:
  1417 ;;		Startup code after reset
  1418 ;; This function uses a non-reentrant model
  1419 ;;
  1420                           
  1421                           
  1422                           ;psect for function _main
  1423  077E                     _main:	
  1424                           
  1425                           ;main.c: 54: SYSTEM_Initialize();
  1426                           
  1427                           ;incstack = 0
  1428                           ; Regs used in _main: [wreg+status,2+status,0+pclath+cstack]
  1429  077E  3187  2788  3187   	fcall	_SYSTEM_Initialize
  1430  0781                     l122:	
  1431                           ;main.c: 71: while (1)
  1432                           
  1433                           
  1434                           ;main.c: 72: {
  1435  0781  2F81               	goto	l122
  1436  0782                     __end_of_main:	
  1437                           
  1438                           	psect	text1
  1439  0788                     __ptext1:	
  1440 ;; *************** function _SYSTEM_Initialize *****************
  1441 ;; Defined at:
  1442 ;;		line 71 in file "mcc_generated_files/mcc.c"
  1443 ;; Parameters:    Size  Location     Type
  1444 ;;		None
  1445 ;; Auto vars:     Size  Location     Type
  1446 ;;		None
  1447 ;; Return value:  Size  Location     Type
  1448 ;;                  1    wreg      void 
  1449 ;; Registers used:
  1450 ;;		wreg, status,2, status,0, pclath, cstack
  1451 ;; Tracked objects:
  1452 ;;		On entry : 0/0
  1453 ;;		On exit  : 0/0
  1454 ;;		Unchanged: 0/0
  1455 ;; Data sizes:     COMMON   BANK0   BANK1   BANK2   BANK3   BANK4   BANK5   BANK6   BANK7   BANK8   BANK9  BANK10  BANK1
      +1  BANK12
  1456 ;;      Params:         0       0       0       0       0       0       0       0       0       0       0       0       
      +0       0
  1457 ;;      Locals:         0       0       0       0       0       0       0       0       0       0       0       0       
      +0       0
  1458 ;;      Temps:          0       0       0       0       0       0       0       0       0       0       0       0       
      +0       0
  1459 ;;      Totals:         0       0       0       0       0       0       0       0       0       0       0       0       
      +0       0
  1460 ;;Total ram usage:        0 bytes
  1461 ;; Hardware stack levels used:    1
  1462 ;; Hardware stack levels required when called:    1
  1463 ;; This function calls:
  1464 ;;		_CLC1_Initialize
  1465 ;;		_OSCILLATOR_Initialize
  1466 ;;		_PIN_MANAGER_Initialize
  1467 ;;		_WDT_Initialize
  1468 ;; This function is called by:
  1469 ;;		_main
  1470 ;; This function uses a non-reentrant model
  1471 ;;
  1472                           
  1473                           
  1474                           ;psect for function _SYSTEM_Initialize
  1475  0788                     _SYSTEM_Initialize:	
  1476                           
  1477                           ;mcc.c: 74: PIN_MANAGER_Initialize();
  1478                           
  1479                           ;incstack = 0
  1480                           ; Regs used in _SYSTEM_Initialize: [wreg+status,2+status,0+pclath+cstack]
  1481  0788  3187  27A8  3187   	fcall	_PIN_MANAGER_Initialize
  1482                           
  1483                           ;mcc.c: 75: OSCILLATOR_Initialize();
  1484  078B  3187  2782  3187   	fcall	_OSCILLATOR_Initialize
  1485                           
  1486                           ;mcc.c: 76: WDT_Initialize();
  1487  078E  3187  277A  3187   	fcall	_WDT_Initialize
  1488                           
  1489                           ;mcc.c: 77: CLC1_Initialize();
  1490  0791  3187  2794         	fcall	_CLC1_Initialize
  1491  0793  0008               	return
  1492  0794                     __end_of_SYSTEM_Initialize:	
  1493                           
  1494                           	psect	text2
  1495  077A                     __ptext2:	
  1496 ;; *************** function _WDT_Initialize *****************
  1497 ;; Defined at:
  1498 ;;		line 92 in file "mcc_generated_files/mcc.c"
  1499 ;; Parameters:    Size  Location     Type
  1500 ;;		None
  1501 ;; Auto vars:     Size  Location     Type
  1502 ;;		None
  1503 ;; Return value:  Size  Location     Type
  1504 ;;                  1    wreg      void 
  1505 ;; Registers used:
  1506 ;;		wreg
  1507 ;; Tracked objects:
  1508 ;;		On entry : 0/0
  1509 ;;		On exit  : 0/0
  1510 ;;		Unchanged: 0/0
  1511 ;; Data sizes:     COMMON   BANK0   BANK1   BANK2   BANK3   BANK4   BANK5   BANK6   BANK7   BANK8   BANK9  BANK10  BANK1
      +1  BANK12
  1512 ;;      Params:         0       0       0       0       0       0       0       0       0       0       0       0       
      +0       0
  1513 ;;      Locals:         0       0       0       0       0       0       0       0       0       0       0       0       
      +0       0
  1514 ;;      Temps:          0       0       0       0       0       0       0       0       0       0       0       0       
      +0       0
  1515 ;;      Totals:         0       0       0       0       0       0       0       0       0       0       0       0       
      +0       0
  1516 ;;Total ram usage:        0 bytes
  1517 ;; Hardware stack levels used:    1
  1518 ;; This function calls:
  1519 ;;		Nothing
  1520 ;; This function is called by:
  1521 ;;		_SYSTEM_Initialize
  1522 ;; This function uses a non-reentrant model
  1523 ;;
  1524                           
  1525                           
  1526                           ;psect for function _WDT_Initialize
  1527  077A                     _WDT_Initialize:	
  1528                           
  1529                           ;mcc.c: 95: WDTCON = 0x16;
  1530                           
  1531                           ;incstack = 0
  1532                           ; Regs used in _WDT_Initialize: [wreg]
  1533  077A  3016               	movlw	22
  1534  077B  0021               	movlb	1	; select bank1
  1535  077C  0097               	movwf	23	;volatile
  1536  077D  0008               	return
  1537  077E                     __end_of_WDT_Initialize:	
  1538                           
  1539                           	psect	text3
  1540  07A8                     __ptext3:	
  1541 ;; *************** function _PIN_MANAGER_Initialize *****************
  1542 ;; Defined at:
  1543 ;;		line 51 in file "mcc_generated_files/pin_manager.c"
  1544 ;; Parameters:    Size  Location     Type
  1545 ;;		None
  1546 ;; Auto vars:     Size  Location     Type
  1547 ;;  state           1    0[COMMON] unsigned char 
  1548 ;; Return value:  Size  Location     Type
  1549 ;;                  1    wreg      void 
  1550 ;; Registers used:
  1551 ;;		wreg, status,2, status,0
  1552 ;; Tracked objects:
  1553 ;;		On entry : 0/0
  1554 ;;		On exit  : 0/0
  1555 ;;		Unchanged: 0/0
  1556 ;; Data sizes:     COMMON   BANK0   BANK1   BANK2   BANK3   BANK4   BANK5   BANK6   BANK7   BANK8   BANK9  BANK10  BANK1
      +1  BANK12
  1557 ;;      Params:         0       0       0       0       0       0       0       0       0       0       0       0       
      +0       0
  1558 ;;      Locals:         1       0       0       0       0       0       0       0       0       0       0       0       
      +0       0
  1559 ;;      Temps:          0       0       0       0       0       0       0       0       0       0       0       0       
      +0       0
  1560 ;;      Totals:         1       0       0       0       0       0       0       0       0       0       0       0       
      +0       0
  1561 ;;Total ram usage:        1 bytes
  1562 ;; Hardware stack levels used:    1
  1563 ;; This function calls:
  1564 ;;		Nothing
  1565 ;; This function is called by:
  1566 ;;		_SYSTEM_Initialize
  1567 ;; This function uses a non-reentrant model
  1568 ;;
  1569                           
  1570                           
  1571                           ;psect for function _PIN_MANAGER_Initialize
  1572  07A8                     _PIN_MANAGER_Initialize:	
  1573                           
  1574                           ;pin_manager.c: 56: LATE = 0x00;
  1575                           
  1576                           ;incstack = 0
  1577                           ; Regs used in _PIN_MANAGER_Initialize: [wreg+status,2+status,0]
  1578  07A8  0022               	movlb	2	; select bank2
  1579  07A9  0190               	clrf	16	;volatile
  1580                           
  1581                           ;pin_manager.c: 57: LATD = 0x00;
  1582  07AA  018F               	clrf	15	;volatile
  1583                           
  1584                           ;pin_manager.c: 58: LATA = 0x00;
  1585  07AB  018C               	clrf	12	;volatile
  1586                           
  1587                           ;pin_manager.c: 59: LATB = 0x00;
  1588  07AC  018D               	clrf	13	;volatile
  1589                           
  1590                           ;pin_manager.c: 60: LATC = 0x00;
  1591  07AD  018E               	clrf	14	;volatile
  1592                           
  1593                           ;pin_manager.c: 65: TRISE = 0x0F;
  1594  07AE  300F               	movlw	15
  1595  07AF  0021               	movlb	1	; select bank1
  1596  07B0  0090               	movwf	16	;volatile
  1597                           
  1598                           ;pin_manager.c: 66: TRISA = 0xFF;
  1599  07B1  30FF               	movlw	255
  1600  07B2  008C               	movwf	12	;volatile
  1601                           
  1602                           ;pin_manager.c: 67: TRISB = 0xFF;
  1603  07B3  30FF               	movlw	255
  1604  07B4  008D               	movwf	13	;volatile
  1605                           
  1606                           ;pin_manager.c: 68: TRISC = 0xFE;
  1607  07B5  30FE               	movlw	254
  1608  07B6  008E               	movwf	14	;volatile
  1609                           
  1610                           ;pin_manager.c: 69: TRISD = 0xFF;
  1611  07B7  30FF               	movlw	255
  1612  07B8  008F               	movwf	15	;volatile
  1613                           
  1614                           ;pin_manager.c: 74: ANSELC = 0xF8;
  1615  07B9  30F8               	movlw	248
  1616  07BA  0023               	movlb	3	; select bank3
  1617  07BB  008E               	movwf	14	;volatile
  1618                           
  1619                           ;pin_manager.c: 75: ANSELB = 0x3F;
  1620  07BC  303F               	movlw	63
  1621  07BD  008D               	movwf	13	;volatile
  1622                           
  1623                           ;pin_manager.c: 76: ANSELD = 0xFC;
  1624  07BE  30FC               	movlw	252
  1625  07BF  008F               	movwf	15	;volatile
  1626                           
  1627                           ;pin_manager.c: 77: ANSELE = 0x07;
  1628  07C0  3007               	movlw	7
  1629  07C1  0090               	movwf	16	;volatile
  1630                           
  1631                           ;pin_manager.c: 78: ANSELA = 0x3F;
  1632  07C2  303F               	movlw	63
  1633  07C3  008C               	movwf	12	;volatile
  1634                           
  1635                           ;pin_manager.c: 83: WPUD = 0xFF;
  1636  07C4  30FF               	movlw	255
  1637  07C5  0024               	movlb	4	; select bank4
  1638  07C6  008F               	movwf	15	;volatile
  1639                           
  1640                           ;pin_manager.c: 84: WPUE = 0x0F;
  1641  07C7  300F               	movlw	15
  1642  07C8  0090               	movwf	16	;volatile
  1643                           
  1644                           ;pin_manager.c: 85: WPUB = 0xFF;
  1645  07C9  30FF               	movlw	255
  1646  07CA  008D               	movwf	13	;volatile
  1647                           
  1648                           ;pin_manager.c: 86: WPUA = 0xFF;
  1649  07CB  30FF               	movlw	255
  1650  07CC  008C               	movwf	12	;volatile
  1651                           
  1652                           ;pin_manager.c: 87: WPUC = 0xFF;
  1653  07CD  30FF               	movlw	255
  1654  07CE  008E               	movwf	14	;volatile
  1655                           
  1656                           ;pin_manager.c: 88: OPTION_REGbits.nWPUEN = 0;
  1657  07CF  0021               	movlb	1	; select bank1
  1658  07D0  1395               	bcf	21,7	;volatile
  1659                           
  1660                           ;pin_manager.c: 96: bool state = GIE;
  1661  07D1  3000               	movlw	0
  1662  07D2  1B8B               	btfsc	11,7	;volatile
  1663  07D3  3001               	movlw	1
  1664  07D4  00F0               	movwf	PIN_MANAGER_Initialize@state
  1665                           
  1666                           ;pin_manager.c: 97: GIE = 0;
  1667  07D5  138B               	bcf	11,7	;volatile
  1668                           
  1669                           ;pin_manager.c: 98: PPSLOCK = 0x55;
  1670  07D6  3055               	movlw	85
  1671  07D7  003C               	movlb	28	; select bank28
  1672  07D8  008F               	movwf	15	;volatile
  1673                           
  1674                           ;pin_manager.c: 99: PPSLOCK = 0xAA;
  1675  07D9  30AA               	movlw	170
  1676  07DA  008F               	movwf	15	;volatile
  1677                           
  1678                           ;pin_manager.c: 100: PPSLOCKbits.PPSLOCKED = 0x00;
  1679  07DB  100F               	bcf	15,0	;volatile
  1680                           
  1681                           ;pin_manager.c: 102: CLCIN1PPSbits.CLCIN1PPS = 0x12;
  1682  07DC  0829               	movf	41,w	;volatile
  1683  07DD  39E0               	andlw	-32
  1684  07DE  3812               	iorlw	18
  1685  07DF  00A9               	movwf	41	;volatile
  1686                           
  1687                           ;pin_manager.c: 103: RC0PPSbits.RC0PPS = 0x04;
  1688  07E0  003D               	movlb	29	; select bank29
  1689  07E1  0820               	movf	32,w	;volatile
  1690  07E2  39E0               	andlw	-32
  1691  07E3  3804               	iorlw	4
  1692  07E4  00A0               	movwf	32	;volatile
  1693                           
  1694                           ;pin_manager.c: 104: CLCIN0PPSbits.CLCIN0PPS = 0x11;
  1695  07E5  003C               	movlb	28	; select bank28
  1696  07E6  0828               	movf	40,w	;volatile
  1697  07E7  39E0               	andlw	-32
  1698  07E8  3811               	iorlw	17
  1699  07E9  00A8               	movwf	40	;volatile
  1700                           
  1701                           ;pin_manager.c: 105: CLCIN2PPSbits.CLCIN2PPS = 0x18;
  1702  07EA  082A               	movf	42,w	;volatile
  1703  07EB  39E0               	andlw	-32
  1704  07EC  3818               	iorlw	24
  1705  07ED  00AA               	movwf	42	;volatile
  1706                           
  1707                           ;pin_manager.c: 106: CLCIN3PPSbits.CLCIN3PPS = 0x19;
  1708  07EE  082B               	movf	43,w	;volatile
  1709  07EF  39E0               	andlw	-32
  1710  07F0  3819               	iorlw	25
  1711  07F1  00AB               	movwf	43	;volatile
  1712                           
  1713                           ;pin_manager.c: 108: PPSLOCK = 0x55;
  1714  07F2  3055               	movlw	85
  1715  07F3  008F               	movwf	15	;volatile
  1716                           
  1717                           ;pin_manager.c: 109: PPSLOCK = 0xAA;
  1718  07F4  30AA               	movlw	170
  1719  07F5  008F               	movwf	15	;volatile
  1720                           
  1721                           ;pin_manager.c: 110: PPSLOCKbits.PPSLOCKED = 0x01;
  1722  07F6  140F               	bsf	15,0	;volatile
  1723                           
  1724                           ;pin_manager.c: 112: GIE = state;
  1725  07F7  1C70               	btfss	PIN_MANAGER_Initialize@state,0
  1726  07F8  2FFB               	goto	u10
  1727  07F9  178B               	bsf	11,7	;volatile
  1728  07FA  0008               	return
  1729  07FB                     u10:	
  1730  07FB  138B               	bcf	11,7	;volatile
  1731  07FC  0008               	return
  1732  07FD                     __end_of_PIN_MANAGER_Initialize:	
  1733                           
  1734                           	psect	text4
  1735  0782                     __ptext4:	
  1736 ;; *************** function _OSCILLATOR_Initialize *****************
  1737 ;; Defined at:
  1738 ;;		line 80 in file "mcc_generated_files/mcc.c"
  1739 ;; Parameters:    Size  Location     Type
  1740 ;;		None
  1741 ;; Auto vars:     Size  Location     Type
  1742 ;;		None
  1743 ;; Return value:  Size  Location     Type
  1744 ;;                  1    wreg      void 
  1745 ;; Registers used:
  1746 ;;		wreg, status,2
  1747 ;; Tracked objects:
  1748 ;;		On entry : 0/0
  1749 ;;		On exit  : 0/0
  1750 ;;		Unchanged: 0/0
  1751 ;; Data sizes:     COMMON   BANK0   BANK1   BANK2   BANK3   BANK4   BANK5   BANK6   BANK7   BANK8   BANK9  BANK10  BANK1
      +1  BANK12
  1752 ;;      Params:         0       0       0       0       0       0       0       0       0       0       0       0       
      +0       0
  1753 ;;      Locals:         0       0       0       0       0       0       0       0       0       0       0       0       
      +0       0
  1754 ;;      Temps:          0       0       0       0       0       0       0       0       0       0       0       0       
      +0       0
  1755 ;;      Totals:         0       0       0       0       0       0       0       0       0       0       0       0       
      +0       0
  1756 ;;Total ram usage:        0 bytes
  1757 ;; Hardware stack levels used:    1
  1758 ;; This function calls:
  1759 ;;		Nothing
  1760 ;; This function is called by:
  1761 ;;		_SYSTEM_Initialize
  1762 ;; This function uses a non-reentrant model
  1763 ;;
  1764                           
  1765                           
  1766                           ;psect for function _OSCILLATOR_Initialize
  1767  0782                     _OSCILLATOR_Initialize:	
  1768                           
  1769                           ;mcc.c: 83: OSCCON = 0x78;
  1770                           
  1771                           ;incstack = 0
  1772                           ; Regs used in _OSCILLATOR_Initialize: [wreg+status,2]
  1773  0782  3078               	movlw	120
  1774  0783  0021               	movlb	1	; select bank1
  1775  0784  0099               	movwf	25	;volatile
  1776                           
  1777                           ;mcc.c: 85: OSCSTAT = 0x00;
  1778  0785  019A               	clrf	26	;volatile
  1779                           
  1780                           ;mcc.c: 87: OSCTUNE = 0x00;
  1781  0786  0198               	clrf	24	;volatile
  1782  0787  0008               	return
  1783  0788                     __end_of_OSCILLATOR_Initialize:	
  1784                           
  1785                           	psect	text5
  1786  0794                     __ptext5:	
  1787 ;; *************** function _CLC1_Initialize *****************
  1788 ;; Defined at:
  1789 ;;		line 57 in file "mcc_generated_files/clc1.c"
  1790 ;; Parameters:    Size  Location     Type
  1791 ;;		None
  1792 ;; Auto vars:     Size  Location     Type
  1793 ;;		None
  1794 ;; Return value:  Size  Location     Type
  1795 ;;                  1    wreg      void 
  1796 ;; Registers used:
  1797 ;;		wreg, status,2
  1798 ;; Tracked objects:
  1799 ;;		On entry : 0/0
  1800 ;;		On exit  : 0/0
  1801 ;;		Unchanged: 0/0
  1802 ;; Data sizes:     COMMON   BANK0   BANK1   BANK2   BANK3   BANK4   BANK5   BANK6   BANK7   BANK8   BANK9  BANK10  BANK1
      +1  BANK12
  1803 ;;      Params:         0       0       0       0       0       0       0       0       0       0       0       0       
      +0       0
  1804 ;;      Locals:         0       0       0       0       0       0       0       0       0       0       0       0       
      +0       0
  1805 ;;      Temps:          0       0       0       0       0       0       0       0       0       0       0       0       
      +0       0
  1806 ;;      Totals:         0       0       0       0       0       0       0       0       0       0       0       0       
      +0       0
  1807 ;;Total ram usage:        0 bytes
  1808 ;; Hardware stack levels used:    1
  1809 ;; This function calls:
  1810 ;;		Nothing
  1811 ;; This function is called by:
  1812 ;;		_SYSTEM_Initialize
  1813 ;; This function uses a non-reentrant model
  1814 ;;
  1815                           
  1816                           
  1817                           ;psect for function _CLC1_Initialize
  1818  0794                     _CLC1_Initialize:	
  1819                           
  1820                           ;clc1.c: 62: CLC1POL = 0x00;
  1821                           
  1822                           ;incstack = 0
  1823                           ; Regs used in _CLC1_Initialize: [wreg+status,2]
  1824  0794  003E               	movlb	30	; select bank30
  1825  0795  0191               	clrf	17	;volatile
  1826                           
  1827                           ;clc1.c: 65: CLC1SEL0 = 0x00;
  1828  0796  0192               	clrf	18	;volatile
  1829                           
  1830                           ;clc1.c: 68: CLC1SEL1 = 0x01;
  1831  0797  3001               	movlw	1
  1832  0798  0093               	movwf	19	;volatile
  1833                           
  1834                           ;clc1.c: 71: CLC1SEL2 = 0x02;
  1835  0799  3002               	movlw	2
  1836  079A  0094               	movwf	20	;volatile
  1837                           
  1838                           ;clc1.c: 74: CLC1SEL3 = 0x03;
  1839  079B  3003               	movlw	3
  1840  079C  0095               	movwf	21	;volatile
  1841                           
  1842                           ;clc1.c: 77: CLC1GLS0 = 0x02;
  1843  079D  3002               	movlw	2
  1844  079E  0096               	movwf	22	;volatile
  1845                           
  1846                           ;clc1.c: 80: CLC1GLS1 = 0x08;
  1847  079F  3008               	movlw	8
  1848  07A0  0097               	movwf	23	;volatile
  1849                           
  1850                           ;clc1.c: 83: CLC1GLS2 = 0x20;
  1851  07A1  3020               	movlw	32
  1852  07A2  0098               	movwf	24	;volatile
  1853                           
  1854                           ;clc1.c: 86: CLC1GLS3 = 0x80;
  1855  07A3  3080               	movlw	128
  1856  07A4  0099               	movwf	25	;volatile
  1857                           
  1858                           ;clc1.c: 89: CLC1CON = 0x82;
  1859  07A5  3082               	movlw	130
  1860  07A6  0090               	movwf	16	;volatile
  1861  07A7  0008               	return
  1862  07A8                     __end_of_CLC1_Initialize:	
  1863  007E                     btemp	set	126	;btemp
  1864  007E                     wtemp0	set	126


Data Sizes:
    Strings     0
    Constant    0
    Data        0
    BSS         0
    Persistent  0
    Stack       0

Auto Spaces:
    Space          Size  Autos    Used
    COMMON           14      1       1
    BANK0            80      0       0
    BANK1            80      0       0
    BANK2            80      0       0
    BANK3            80      0       0
    BANK4            80      0       0
    BANK5            80      0       0
    BANK6            80      0       0
    BANK7            80      0       0
    BANK8            80      0       0
    BANK9            80      0       0
    BANK10           80      0       0
    BANK11           80      0       0
    BANK12           48      0       0

Pointer List with Targets:

    None.

Critical Paths under _main in COMMON

    _SYSTEM_Initialize->_PIN_MANAGER_Initialize

Critical Paths under _main in BANK0

    None.

Critical Paths under _main in BANK1

    None.

Critical Paths under _main in BANK2

    None.

Critical Paths under _main in BANK3

    None.

Critical Paths under _main in BANK4

    None.

Critical Paths under _main in BANK5

    None.

Critical Paths under _main in BANK6

    None.

Critical Paths under _main in BANK7

    None.

Critical Paths under _main in BANK8

    None.

Critical Paths under _main in BANK9

    None.

Critical Paths under _main in BANK10

    None.

Critical Paths under _main in BANK11

    None.

Critical Paths under _main in BANK12

    None.

Call Graph Tables:

 ---------------------------------------------------------------------------------
 (Depth) Function   	        Calls       Base Space   Used Autos Params    Refs
 ---------------------------------------------------------------------------------
 (0) _main                                                 0     0      0      15
                  _SYSTEM_Initialize
 ---------------------------------------------------------------------------------
 (1) _SYSTEM_Initialize                                    0     0      0      15
                    _CLC1_Initialize
              _OSCILLATOR_Initialize
             _PIN_MANAGER_Initialize
                     _WDT_Initialize
 ---------------------------------------------------------------------------------
 (2) _WDT_Initialize                                       0     0      0       0
 ---------------------------------------------------------------------------------
 (2) _PIN_MANAGER_Initialize                               1     1      0      15
                                              0 COMMON     1     1      0
 ---------------------------------------------------------------------------------
 (2) _OSCILLATOR_Initialize                                0     0      0       0
 ---------------------------------------------------------------------------------
 (2) _CLC1_Initialize                                      0     0      0       0
 ---------------------------------------------------------------------------------
 Estimated maximum stack depth 2
 ---------------------------------------------------------------------------------

 Call Graph Graphs:

 _main (ROOT)
   _SYSTEM_Initialize
     _CLC1_Initialize
     _OSCILLATOR_Initialize
     _PIN_MANAGER_Initialize
     _WDT_Initialize

 Address spaces:
Name               Size   Autos  Total    Cost      Usage
BIGRAM             3F0      0       0       0        0.0%
NULL                 0      0       0       0        0.0%
CODE                 0      0       0       0        0.0%
BITCOMMON            E      0       0       1        0.0%
BITSFR0              0      0       0       1        0.0%
SFR0                 0      0       0       1        0.0%
COMMON               E      1       1       2        7.1%
BITSFR1              0      0       0       2        0.0%
SFR1                 0      0       0       2        0.0%
BITSFR2              0      0       0       3        0.0%
SFR2                 0      0       0       3        0.0%
STACK                0      0       0       3        0.0%
BITBANK0            50      0       0       4        0.0%
BITSFR3              0      0       0       4        0.0%
SFR3                 0      0       0       4        0.0%
BANK0               50      0       0       5        0.0%
BITSFR4              0      0       0       5        0.0%
SFR4                 0      0       0       5        0.0%
BITBANK1            50      0       0       6        0.0%
BITSFR5              0      0       0       6        0.0%
SFR5                 0      0       0       6        0.0%
BANK1               50      0       0       7        0.0%
BITSFR6              0      0       0       7        0.0%
SFR6                 0      0       0       7        0.0%
BITBANK2            50      0       0       8        0.0%
BITSFR7              0      0       0       8        0.0%
SFR7                 0      0       0       8        0.0%
BANK2               50      0       0       9        0.0%
BITSFR8              0      0       0       9        0.0%
SFR8                 0      0       0       9        0.0%
BITBANK3            50      0       0      10        0.0%
BITSFR9              0      0       0      10        0.0%
SFR9                 0      0       0      10        0.0%
BANK3               50      0       0      11        0.0%
BITSFR10             0      0       0      11        0.0%
SFR10                0      0       0      11        0.0%
BITBANK4            50      0       0      12        0.0%
BITSFR11             0      0       0      12        0.0%
SFR11                0      0       0      12        0.0%
BANK4               50      0       0      13        0.0%
BITSFR12             0      0       0      13        0.0%
SFR12                0      0       0      13        0.0%
BITBANK5            50      0       0      14        0.0%
BITSFR13             0      0       0      14        0.0%
SFR13                0      0       0      14        0.0%
BANK5               50      0       0      15        0.0%
BITSFR14             0      0       0      15        0.0%
SFR14                0      0       0      15        0.0%
BITBANK6            50      0       0      16        0.0%
BITSFR15             0      0       0      16        0.0%
SFR15                0      0       0      16        0.0%
BANK6               50      0       0      17        0.0%
BITSFR16             0      0       0      17        0.0%
SFR16                0      0       0      17        0.0%
BITBANK7            50      0       0      18        0.0%
BITSFR17             0      0       0      18        0.0%
SFR17                0      0       0      18        0.0%
BANK7               50      0       0      19        0.0%
BITSFR18             0      0       0      19        0.0%
SFR18                0      0       0      19        0.0%
BITSFR19             0      0       0      20        0.0%
SFR19                0      0       0      20        0.0%
ABS                  0      0       0      20        0.0%
BITBANK8            50      0       0      21        0.0%
BITSFR20             0      0       0      21        0.0%
SFR20                0      0       0      21        0.0%
BANK8               50      0       0      22        0.0%
BITSFR21             0      0       0      22        0.0%
SFR21                0      0       0      22        0.0%
BITBANK9            50      0       0      23        0.0%
BITSFR22             0      0       0      23        0.0%
SFR22                0      0       0      23        0.0%
BANK9               50      0       0      24        0.0%
BITSFR23             0      0       0      24        0.0%
SFR23                0      0       0      24        0.0%
BITBANK10           50      0       0      25        0.0%
BITSFR24             0      0       0      25        0.0%
SFR24                0      0       0      25        0.0%
BANK10              50      0       0      26        0.0%
BITSFR25             0      0       0      26        0.0%
SFR25                0      0       0      26        0.0%
BITBANK11           50      0       0      27        0.0%
BITSFR26             0      0       0      27        0.0%
SFR26                0      0       0      27        0.0%
BANK11              50      0       0      28        0.0%
BITSFR27             0      0       0      28        0.0%
SFR27                0      0       0      28        0.0%
BITBANK12           30      0       0      29        0.0%
BITSFR28             0      0       0      29        0.0%
SFR28                0      0       0      29        0.0%
BANK12              30      0       0      30        0.0%
BITSFR29             0      0       0      30        0.0%
SFR29                0      0       0      30        0.0%
BITSFR30             0      0       0      31        0.0%
SFR30                0      0       0      31        0.0%
DATA                 0      0       0      31        0.0%
BITSFR31             0      0       0      32        0.0%
SFR31                0      0       0      32        0.0%


Microchip Technology PIC Macro Assembler V1.41 build -162212810 
Symbol Table                                                                                   Thu Apr 20 15:30:28 2017

                    __CFG_CP$OFF 0000                               u10 07FB                      __CFG_LVP$ON 0000  
                            l122 0781                              _GIE 005F                     __CFG_BORV$LO 0000  
                   __CFG_IESO$ON 0000                             _LATA 010C                             _LATB 010D  
                           _LATC 010E                             _LATD 010F                             _LATE 0110  
                           _WPUA 020C                             _WPUB 020D                             _WPUC 020E  
                           _WPUD 020F                             _WPUE 0210                     __CFG_WRT$OFF 0000  
                  __CFG_FCMEN$ON 0000                             _main 077E                             btemp 007E  
                  __CFG_BOREN$ON 0000                             start 0002                    __CFG_MCLRE$ON 0000  
                  __CFG_PLLEN$ON 0000   __size_of_OSCILLATOR_Initialize 0006    __end_of_OSCILLATOR_Initialize 0788  
                          ?_main 0070                    __CFG_WDTE$OFF 0000                            _TRISA 008C  
                          _TRISB 008D                            _TRISC 008E                            _TRISD 008F  
                          _TRISE 0090                   _WDT_Initialize 077A                            wtemp0 007E  
                __initialization 07FD                     __end_of_main 0782                   __CFG_LPBOR$OFF 0000  
                         ??_main 0071           __end_of_WDT_Initialize 077E                   __CFG_ZCDDIS$ON 0000  
                         _ANSELA 018C                           _ANSELB 018D                           _ANSELC 018E  
                         _ANSELD 018F                           _ANSELE 0190                           _OSCCON 0099  
                         _WDTCON 0097                   __CFG_PWRTE$OFF 0000                   __CFG_STVREN$ON 0000  
                ?_WDT_Initialize 0070                  _CLC1_Initialize 0794                _SYSTEM_Initialize 0788  
        __end_of__initialization 07FD               ?_SYSTEM_Initialize 0070                   __pcstackCOMMON 0070  
            ??_SYSTEM_Initialize 0071                   _OPTION_REGbits 0095        __end_of_SYSTEM_Initialize 0794  
                     __pmaintext 077E                    _CLCIN0PPSbits 0E28                    _CLCIN1PPSbits 0E29  
                  _CLCIN2PPSbits 0E2A                  __CFG_PPS1WAY$ON 0000                    _CLCIN3PPSbits 0E2B  
                        _CLC1CON 0F10                          _CLC1POL 0F11          __end_of_CLC1_Initialize 07A8  
                        _OSCSTAT 009A                          _OSCTUNE 0098                          _PPSLOCK 0E0F  
                        __ptext1 0788                          __ptext2 077A                          __ptext3 07A8  
                        __ptext4 0782                          __ptext5 0794            _OSCILLATOR_Initialize 0782  
       ??_PIN_MANAGER_Initialize 0070       __size_of_SYSTEM_Initialize 000C             end_of_initialization 07FD  
               ??_WDT_Initialize 0070                 ?_CLC1_Initialize 0070                 __CFG_FOSC$INTOSC 0000  
                    _CLC1CONbits 0F10           ?_OSCILLATOR_Initialize 0070              start_initialization 07FD  
__size_of_PIN_MANAGER_Initialize 0055                        ___latbits 0002           _PIN_MANAGER_Initialize 07A8  
                       _CLC1GLS0 0F16                         _CLC1GLS1 0F17                         _CLC1GLS2 0F18  
                       _CLC1GLS3 0F19                         _CLC1SEL0 0F12                         _CLC1SEL1 0F13  
                       _CLC1SEL2 0F14                         _CLC1SEL3 0F15          ??_OSCILLATOR_Initialize 0070  
       __size_of_CLC1_Initialize 0014                    __size_of_main 0004                       _RC0PPSbits 0EA0  
    PIN_MANAGER_Initialize@state 0070          __size_of_WDT_Initialize 0004          ?_PIN_MANAGER_Initialize 0070  
              __CFG_CLKOUTEN$OFF 0000                      _PPSLOCKbits 0E0F   __end_of_PIN_MANAGER_Initialize 07FD  
              ??_CLC1_Initialize 0070  
