

Microchip MPLAB XC8 Assembler V2.46 build 20240104201356 
                                                                                               Thu Dec 25 01:48:55 2025

Microchip MPLAB XC8 C Compiler v2.46 (Free license) build 20240104201356 Og1 
     1                           	processor	16F1718
     2                           	pagewidth 120
     3                           	opt	flic
     4                           	psect	cinit,global,class=CODE,merge=1,delta=2
     5                           	psect	bssCOMMON,global,class=COMMON,space=1,delta=1,noexec
     6                           	psect	cstackCOMMON,global,class=COMMON,space=1,delta=1,noexec
     7                           	psect	maintext,global,class=CODE,merge=1,split=1,delta=2
     8                           	psect	text1,local,class=CODE,merge=1,delta=2
     9                           	psect	text2,local,class=CODE,merge=1,delta=2
    10                           	psect	intentry,global,class=CODE,delta=2
    11                           	psect	config,global,abs,ovrld,class=CONFIG,space=4,delta=2,noexec
    12                           	dabs	1,0x7E,2
    13     0000                     
    14                           ; Generated 07/09/2023 GMT
    15                           ; 
    16                           ; Copyright © 2023, Microchip Technology Inc. and its subsidiaries ("Microchip")
    17                           ; All rights reserved.
    18                           ; 
    19                           ; This software is developed by Microchip Technology Inc. and its subsidiaries ("Microch
      +                          ip").
    20                           ; 
    21                           ; Redistribution and use in source and binary forms, with or without modification, are
    22                           ; permitted provided that the following conditions are met:
    23                           ; 
    24                           ;     1. Redistributions of source code must retain the above copyright notice, this lis
      +                          t of
    25                           ;        conditions and the following disclaimer.
    26                           ; 
    27                           ;     2. Redistributions in binary form must reproduce the above copyright notice, this 
      +                          list
    28                           ;        of conditions and the following disclaimer in the documentation and/or other
    29                           ;        materials provided with the distribution. Publication is not required when
    30                           ;        this file is used in an embedded application.
    31                           ; 
    32                           ;     3. Microchip's name may not be used to endorse or promote products derived from th
      +                          is
    33                           ;        software without specific prior written permission.
    34                           ; 
    35                           ; THIS SOFTWARE IS PROVIDED BY MICROCHIP "AS IS" AND ANY EXPRESS OR IMPLIED WARRANTIES,
    36                           ; INCLUDING, BUT NOT LIMITED TO, THE IMPLIED WARRANTIES OF MERCHANTABILITY AND FITNESS F
      +                          OR
    37                           ; PURPOSE ARE DISCLAIMED.  IN NO EVENT SHALL MICROCHIP BE LIABLE FOR ANY DIRECT, INDIREC
      +                          T,
    38                           ; INCIDENTAL, SPECIAL, EXEMPLARY, OR CONSEQUENTIAL DAMAGES (INCLUDING BUT NOT LIMITED TO
    39                           ; PROCUREMENT OF SUBSTITUTE GOODS OR SERVICES; LOSS OF USE, DATA OR PROFITS; OR BUSINESS
    40                           ; INTERRUPTION) HOWSOEVER CAUSED AND ON ANY THEORY OF LIABILITY, WHETHER IN CONTRACT, ST
      +                          RICT
    41                           ; LIABILITY, OR TORT (INCLUDING NEGLIGENCE OR OTHERWISE) ARISING IN ANY WAY OUT OF THE U
      +                          SE OF
    42                           ; THIS SOFTWARE, EVEN IF ADVISED OF THE POSSIBILITY OF SUCH DAMAGE.
    43                           ; 
    44                           ; 
    45                           ; Code-generator required, PIC16F1718 Definitions
    46                           ; 
    47                           ; SFR Addresses
    48     0000                     	;# 
    49     0001                     	;# 
    50     0002                     	;# 
    51     0003                     	;# 
    52     0004                     	;# 
    53     0005                     	;# 
    54     0006                     	;# 
    55     0007                     	;# 
    56     0008                     	;# 
    57     0009                     	;# 
    58     000A                     	;# 
    59     000B                     	;# 
    60     000C                     	;# 
    61     000D                     	;# 
    62     000E                     	;# 
    63     0010                     	;# 
    64     0011                     	;# 
    65     0012                     	;# 
    66     0013                     	;# 
    67     0015                     	;# 
    68     0016                     	;# 
    69     0016                     	;# 
    70     0017                     	;# 
    71     0018                     	;# 
    72     0019                     	;# 
    73     001A                     	;# 
    74     001B                     	;# 
    75     001C                     	;# 
    76     008C                     	;# 
    77     008D                     	;# 
    78     008E                     	;# 
    79     0090                     	;# 
    80     0091                     	;# 
    81     0092                     	;# 
    82     0093                     	;# 
    83     0095                     	;# 
    84     0096                     	;# 
    85     0097                     	;# 
    86     0098                     	;# 
    87     0099                     	;# 
    88     009A                     	;# 
    89     009B                     	;# 
    90     009B                     	;# 
    91     009C                     	;# 
    92     009D                     	;# 
    93     009E                     	;# 
    94     009F                     	;# 
    95     010C                     	;# 
    96     010D                     	;# 
    97     010E                     	;# 
    98     0111                     	;# 
    99     0112                     	;# 
   100     0113                     	;# 
   101     0114                     	;# 
   102     0115                     	;# 
   103     0116                     	;# 
   104     0117                     	;# 
   105     0118                     	;# 
   106     0119                     	;# 
   107     011A                     	;# 
   108     011B                     	;# 
   109     011B                     	;# 
   110     011C                     	;# 
   111     018C                     	;# 
   112     018D                     	;# 
   113     018E                     	;# 
   114     0191                     	;# 
   115     0191                     	;# 
   116     0192                     	;# 
   117     0193                     	;# 
   118     0193                     	;# 
   119     0194                     	;# 
   120     0195                     	;# 
   121     0196                     	;# 
   122     0197                     	;# 
   123     0199                     	;# 
   124     0199                     	;# 
   125     0199                     	;# 
   126     019A                     	;# 
   127     019A                     	;# 
   128     019A                     	;# 
   129     019B                     	;# 
   130     019B                     	;# 
   131     019B                     	;# 
   132     019B                     	;# 
   133     019B                     	;# 
   134     019C                     	;# 
   135     019C                     	;# 
   136     019C                     	;# 
   137     019D                     	;# 
   138     019D                     	;# 
   139     019D                     	;# 
   140     019E                     	;# 
   141     019E                     	;# 
   142     019E                     	;# 
   143     019F                     	;# 
   144     019F                     	;# 
   145     019F                     	;# 
   146     019F                     	;# 
   147     019F                     	;# 
   148     020C                     	;# 
   149     020D                     	;# 
   150     020E                     	;# 
   151     0210                     	;# 
   152     0211                     	;# 
   153     0211                     	;# 
   154     0212                     	;# 
   155     0212                     	;# 
   156     0213                     	;# 
   157     0213                     	;# 
   158     0214                     	;# 
   159     0214                     	;# 
   160     0215                     	;# 
   161     0215                     	;# 
   162     0215                     	;# 
   163     0215                     	;# 
   164     0216                     	;# 
   165     0216                     	;# 
   166     0217                     	;# 
   167     0217                     	;# 
   168     028C                     	;# 
   169     028D                     	;# 
   170     028E                     	;# 
   171     0291                     	;# 
   172     0291                     	;# 
   173     0292                     	;# 
   174     0293                     	;# 
   175     0293                     	;# 
   176     0298                     	;# 
   177     0298                     	;# 
   178     0299                     	;# 
   179     029A                     	;# 
   180     029A                     	;# 
   181     029E                     	;# 
   182     030C                     	;# 
   183     030D                     	;# 
   184     030E                     	;# 
   185     038C                     	;# 
   186     038D                     	;# 
   187     038E                     	;# 
   188     0390                     	;# 
   189     0391                     	;# 
   190     0392                     	;# 
   191     0393                     	;# 
   192     0394                     	;# 
   193     0395                     	;# 
   194     0396                     	;# 
   195     0397                     	;# 
   196     0398                     	;# 
   197     0399                     	;# 
   198     039D                     	;# 
   199     039E                     	;# 
   200     039F                     	;# 
   201     0415                     	;# 
   202     0416                     	;# 
   203     0417                     	;# 
   204     041C                     	;# 
   205     041D                     	;# 
   206     041E                     	;# 
   207     0498                     	;# 
   208     0498                     	;# 
   209     0499                     	;# 
   210     049A                     	;# 
   211     049B                     	;# 
   212     049B                     	;# 
   213     049C                     	;# 
   214     049D                     	;# 
   215     049E                     	;# 
   216     049F                     	;# 
   217     0511                     	;# 
   218     0515                     	;# 
   219     0617                     	;# 
   220     0618                     	;# 
   221     0619                     	;# 
   222     0619                     	;# 
   223     061A                     	;# 
   224     061B                     	;# 
   225     061C                     	;# 
   226     061C                     	;# 
   227     0691                     	;# 
   228     0692                     	;# 
   229     0693                     	;# 
   230     0694                     	;# 
   231     0695                     	;# 
   232     0696                     	;# 
   233     0697                     	;# 
   234     0698                     	;# 
   235     0699                     	;# 
   236     069A                     	;# 
   237     069B                     	;# 
   238     069C                     	;# 
   239     069D                     	;# 
   240     069E                     	;# 
   241     069F                     	;# 
   242     0E0F                     	;# 
   243     0E10                     	;# 
   244     0E11                     	;# 
   245     0E12                     	;# 
   246     0E13                     	;# 
   247     0E14                     	;# 
   248     0E15                     	;# 
   249     0E17                     	;# 
   250     0E20                     	;# 
   251     0E21                     	;# 
   252     0E22                     	;# 
   253     0E24                     	;# 
   254     0E25                     	;# 
   255     0E28                     	;# 
   256     0E29                     	;# 
   257     0E2A                     	;# 
   258     0E2B                     	;# 
   259     0E90                     	;# 
   260     0E91                     	;# 
   261     0E92                     	;# 
   262     0E93                     	;# 
   263     0E94                     	;# 
   264     0E95                     	;# 
   265     0E96                     	;# 
   266     0E97                     	;# 
   267     0E98                     	;# 
   268     0E99                     	;# 
   269     0E9A                     	;# 
   270     0E9B                     	;# 
   271     0E9C                     	;# 
   272     0E9D                     	;# 
   273     0E9E                     	;# 
   274     0E9F                     	;# 
   275     0EA0                     	;# 
   276     0EA1                     	;# 
   277     0EA2                     	;# 
   278     0EA3                     	;# 
   279     0EA4                     	;# 
   280     0EA5                     	;# 
   281     0EA6                     	;# 
   282     0EA7                     	;# 
   283     0F0F                     	;# 
   284     0F10                     	;# 
   285     0F11                     	;# 
   286     0F12                     	;# 
   287     0F13                     	;# 
   288     0F14                     	;# 
   289     0F15                     	;# 
   290     0F16                     	;# 
   291     0F17                     	;# 
   292     0F18                     	;# 
   293     0F19                     	;# 
   294     0F1A                     	;# 
   295     0F1B                     	;# 
   296     0F1C                     	;# 
   297     0F1D                     	;# 
   298     0F1E                     	;# 
   299     0F1F                     	;# 
   300     0F20                     	;# 
   301     0F21                     	;# 
   302     0F22                     	;# 
   303     0F23                     	;# 
   304     0F24                     	;# 
   305     0F25                     	;# 
   306     0F26                     	;# 
   307     0F27                     	;# 
   308     0F28                     	;# 
   309     0F29                     	;# 
   310     0F2A                     	;# 
   311     0F2B                     	;# 
   312     0F2C                     	;# 
   313     0F2D                     	;# 
   314     0F2E                     	;# 
   315     0F2F                     	;# 
   316     0F30                     	;# 
   317     0F31                     	;# 
   318     0F32                     	;# 
   319     0F33                     	;# 
   320     0F34                     	;# 
   321     0F35                     	;# 
   322     0F36                     	;# 
   323     0F37                     	;# 
   324     0FE4                     	;# 
   325     0FE5                     	;# 
   326     0FE6                     	;# 
   327     0FE7                     	;# 
   328     0FE8                     	;# 
   329     0FE9                     	;# 
   330     0FEA                     	;# 
   331     0FEB                     	;# 
   332     0FED                     	;# 
   333     0FEE                     	;# 
   334     0FEF                     	;# 
   335     0000                     	;# 
   336     0001                     	;# 
   337     0002                     	;# 
   338     0003                     	;# 
   339     0004                     	;# 
   340     0005                     	;# 
   341     0006                     	;# 
   342     0007                     	;# 
   343     0008                     	;# 
   344     0009                     	;# 
   345     000A                     	;# 
   346     000B                     	;# 
   347     000C                     	;# 
   348     000D                     	;# 
   349     000E                     	;# 
   350     0010                     	;# 
   351     0011                     	;# 
   352     0012                     	;# 
   353     0013                     	;# 
   354     0015                     	;# 
   355     0016                     	;# 
   356     0016                     	;# 
   357     0017                     	;# 
   358     0018                     	;# 
   359     0019                     	;# 
   360     001A                     	;# 
   361     001B                     	;# 
   362     001C                     	;# 
   363     008C                     	;# 
   364     008D                     	;# 
   365     008E                     	;# 
   366     0090                     	;# 
   367     0091                     	;# 
   368     0092                     	;# 
   369     0093                     	;# 
   370     0095                     	;# 
   371     0096                     	;# 
   372     0097                     	;# 
   373     0098                     	;# 
   374     0099                     	;# 
   375     009A                     	;# 
   376     009B                     	;# 
   377     009B                     	;# 
   378     009C                     	;# 
   379     009D                     	;# 
   380     009E                     	;# 
   381     009F                     	;# 
   382     010C                     	;# 
   383     010D                     	;# 
   384     010E                     	;# 
   385     0111                     	;# 
   386     0112                     	;# 
   387     0113                     	;# 
   388     0114                     	;# 
   389     0115                     	;# 
   390     0116                     	;# 
   391     0117                     	;# 
   392     0118                     	;# 
   393     0119                     	;# 
   394     011A                     	;# 
   395     011B                     	;# 
   396     011B                     	;# 
   397     011C                     	;# 
   398     018C                     	;# 
   399     018D                     	;# 
   400     018E                     	;# 
   401     0191                     	;# 
   402     0191                     	;# 
   403     0192                     	;# 
   404     0193                     	;# 
   405     0193                     	;# 
   406     0194                     	;# 
   407     0195                     	;# 
   408     0196                     	;# 
   409     0197                     	;# 
   410     0199                     	;# 
   411     0199                     	;# 
   412     0199                     	;# 
   413     019A                     	;# 
   414     019A                     	;# 
   415     019A                     	;# 
   416     019B                     	;# 
   417     019B                     	;# 
   418     019B                     	;# 
   419     019B                     	;# 
   420     019B                     	;# 
   421     019C                     	;# 
   422     019C                     	;# 
   423     019C                     	;# 
   424     019D                     	;# 
   425     019D                     	;# 
   426     019D                     	;# 
   427     019E                     	;# 
   428     019E                     	;# 
   429     019E                     	;# 
   430     019F                     	;# 
   431     019F                     	;# 
   432     019F                     	;# 
   433     019F                     	;# 
   434     019F                     	;# 
   435     020C                     	;# 
   436     020D                     	;# 
   437     020E                     	;# 
   438     0210                     	;# 
   439     0211                     	;# 
   440     0211                     	;# 
   441     0212                     	;# 
   442     0212                     	;# 
   443     0213                     	;# 
   444     0213                     	;# 
   445     0214                     	;# 
   446     0214                     	;# 
   447     0215                     	;# 
   448     0215                     	;# 
   449     0215                     	;# 
   450     0215                     	;# 
   451     0216                     	;# 
   452     0216                     	;# 
   453     0217                     	;# 
   454     0217                     	;# 
   455     028C                     	;# 
   456     028D                     	;# 
   457     028E                     	;# 
   458     0291                     	;# 
   459     0291                     	;# 
   460     0292                     	;# 
   461     0293                     	;# 
   462     0293                     	;# 
   463     0298                     	;# 
   464     0298                     	;# 
   465     0299                     	;# 
   466     029A                     	;# 
   467     029A                     	;# 
   468     029E                     	;# 
   469     030C                     	;# 
   470     030D                     	;# 
   471     030E                     	;# 
   472     038C                     	;# 
   473     038D                     	;# 
   474     038E                     	;# 
   475     0390                     	;# 
   476     0391                     	;# 
   477     0392                     	;# 
   478     0393                     	;# 
   479     0394                     	;# 
   480     0395                     	;# 
   481     0396                     	;# 
   482     0397                     	;# 
   483     0398                     	;# 
   484     0399                     	;# 
   485     039D                     	;# 
   486     039E                     	;# 
   487     039F                     	;# 
   488     0415                     	;# 
   489     0416                     	;# 
   490     0417                     	;# 
   491     041C                     	;# 
   492     041D                     	;# 
   493     041E                     	;# 
   494     0498                     	;# 
   495     0498                     	;# 
   496     0499                     	;# 
   497     049A                     	;# 
   498     049B                     	;# 
   499     049B                     	;# 
   500     049C                     	;# 
   501     049D                     	;# 
   502     049E                     	;# 
   503     049F                     	;# 
   504     0511                     	;# 
   505     0515                     	;# 
   506     0617                     	;# 
   507     0618                     	;# 
   508     0619                     	;# 
   509     0619                     	;# 
   510     061A                     	;# 
   511     061B                     	;# 
   512     061C                     	;# 
   513     061C                     	;# 
   514     0691                     	;# 
   515     0692                     	;# 
   516     0693                     	;# 
   517     0694                     	;# 
   518     0695                     	;# 
   519     0696                     	;# 
   520     0697                     	;# 
   521     0698                     	;# 
   522     0699                     	;# 
   523     069A                     	;# 
   524     069B                     	;# 
   525     069C                     	;# 
   526     069D                     	;# 
   527     069E                     	;# 
   528     069F                     	;# 
   529     0E0F                     	;# 
   530     0E10                     	;# 
   531     0E11                     	;# 
   532     0E12                     	;# 
   533     0E13                     	;# 
   534     0E14                     	;# 
   535     0E15                     	;# 
   536     0E17                     	;# 
   537     0E20                     	;# 
   538     0E21                     	;# 
   539     0E22                     	;# 
   540     0E24                     	;# 
   541     0E25                     	;# 
   542     0E28                     	;# 
   543     0E29                     	;# 
   544     0E2A                     	;# 
   545     0E2B                     	;# 
   546     0E90                     	;# 
   547     0E91                     	;# 
   548     0E92                     	;# 
   549     0E93                     	;# 
   550     0E94                     	;# 
   551     0E95                     	;# 
   552     0E96                     	;# 
   553     0E97                     	;# 
   554     0E98                     	;# 
   555     0E99                     	;# 
   556     0E9A                     	;# 
   557     0E9B                     	;# 
   558     0E9C                     	;# 
   559     0E9D                     	;# 
   560     0E9E                     	;# 
   561     0E9F                     	;# 
   562     0EA0                     	;# 
   563     0EA1                     	;# 
   564     0EA2                     	;# 
   565     0EA3                     	;# 
   566     0EA4                     	;# 
   567     0EA5                     	;# 
   568     0EA6                     	;# 
   569     0EA7                     	;# 
   570     0F0F                     	;# 
   571     0F10                     	;# 
   572     0F11                     	;# 
   573     0F12                     	;# 
   574     0F13                     	;# 
   575     0F14                     	;# 
   576     0F15                     	;# 
   577     0F16                     	;# 
   578     0F17                     	;# 
   579     0F18                     	;# 
   580     0F19                     	;# 
   581     0F1A                     	;# 
   582     0F1B                     	;# 
   583     0F1C                     	;# 
   584     0F1D                     	;# 
   585     0F1E                     	;# 
   586     0F1F                     	;# 
   587     0F20                     	;# 
   588     0F21                     	;# 
   589     0F22                     	;# 
   590     0F23                     	;# 
   591     0F24                     	;# 
   592     0F25                     	;# 
   593     0F26                     	;# 
   594     0F27                     	;# 
   595     0F28                     	;# 
   596     0F29                     	;# 
   597     0F2A                     	;# 
   598     0F2B                     	;# 
   599     0F2C                     	;# 
   600     0F2D                     	;# 
   601     0F2E                     	;# 
   602     0F2F                     	;# 
   603     0F30                     	;# 
   604     0F31                     	;# 
   605     0F32                     	;# 
   606     0F33                     	;# 
   607     0F34                     	;# 
   608     0F35                     	;# 
   609     0F36                     	;# 
   610     0F37                     	;# 
   611     0FE4                     	;# 
   612     0FE5                     	;# 
   613     0FE6                     	;# 
   614     0FE7                     	;# 
   615     0FE8                     	;# 
   616     0FE9                     	;# 
   617     0FEA                     	;# 
   618     0FEB                     	;# 
   619     0FED                     	;# 
   620     0FEE                     	;# 
   621     0FEF                     	;# 
   622     0016                     _TMR1	set	22
   623     0011                     _PIR1bits	set	17
   624     000B                     _INTCONbits	set	11
   625     0018                     _T1CONbits	set	24
   626     0091                     _PIE1bits	set	145
   627     008E                     _TRISCbits	set	142
   628     04CF                     _SPLLEN	set	1231
   629     04CE                     _IRCF3	set	1230
   630     04CD                     _IRCF2	set	1229
   631     04CC                     _IRCF1	set	1228
   632     04CB                     _IRCF0	set	1227
   633     04C9                     _SCS1	set	1225
   634     04C8                     _SCS0	set	1224
   635     010E                     _LATCbits	set	270
   636                           
   637                           	psect	cinit
   638     001C                     start_initialization:	
   639                           ; #config settings
   640                           
   641     001C                     __initialization:
   642                           
   643                           ; Clear objects allocated to COMMON
   644     001C  01F0               	clrf	__pbssCOMMON& (0+127)
   645     001D                     end_of_initialization:	
   646                           ;End of C runtime variable initialization code
   647                           
   648     001D                     __end_of__initialization:
   649     001D  107E               	bcf	int$flags,0	;clear compiler interrupt flag (level 1)
   650     001E  0020               	movlb	0
   651     001F  3180  283C         	ljmp	_main	;jump to C main() function
   652                           
   653                           	psect	bssCOMMON
   654     0070                     __pbssCOMMON:
   655     0070                     isr@count:
   656     0070                     	ds	1
   657                           
   658                           	psect	cstackCOMMON
   659     0071                     __pcstackCOMMON:
   660     0071                     ?_internal_32:
   661     0071                     ?_initMain:	
   662                           ; 1 bytes @ 0x0
   663                           
   664     0071                     ?_main:	
   665                           ; 1 bytes @ 0x0
   666                           
   667     0071                     ?_isr:	
   668                           ; 1 bytes @ 0x0
   669                           
   670     0071                     ??_isr:	
   671                           ; 1 bytes @ 0x0
   672                           
   673                           
   674                           ; 1 bytes @ 0x0
   675     0071                     	ds	1
   676     0072                     ??_internal_32:
   677     0072                     ??_initMain:	
   678                           ; 1 bytes @ 0x1
   679                           
   680     0072                     ??_main:	
   681                           ; 1 bytes @ 0x1
   682                           
   683                           
   684                           	psect	maintext
   685     003C                     __pmaintext:	
   686                           ; 1 bytes @ 0x1
   687 ;;
   688 ;;Main: autosize = 0, tempsize = 0, incstack = 0, save=0
   689 ;;
   690 ;; *************** function _main *****************
   691 ;; Defined at:
   692 ;;		line 71 in file "main.c"
   693 ;; Parameters:    Size  Location     Type
   694 ;;		None
   695 ;; Auto vars:     Size  Location     Type
   696 ;;		None
   697 ;; Return value:  Size  Location     Type
   698 ;;                  1    wreg      void 
   699 ;; Registers used:
   700 ;;		wreg, status,2, status,0, pclath, cstack
   701 ;; Tracked objects:
   702 ;;		On entry : B1F/0
   703 ;;		On exit  : 0/0
   704 ;;		Unchanged: 0/0
   705 ;; Data sizes:     COMMON   BANK0   BANK1   BANK2   BANK3   BANK4   BANK5   BANK6   BANK7   BANK8   BANK9  BANK10  BANK1
      +1  BANK12  BANK13  BANK14  BANK15  BANK16  BANK17  BANK18  BANK19  BANK20  BANK21  BANK22  BANK23  BANK24  BANK25
   706 ;;      Params:         0       0       0       0       0       0       0       0       0       0       0       0       
      +0       0       0       0       0       0       0       0       0       0       0       0       0       0       0
   707 ;;      Locals:         0       0       0       0       0       0       0       0       0       0       0       0       
      +0       0       0       0       0       0       0       0       0       0       0       0       0       0       0
   708 ;;      Temps:          0       0       0       0       0       0       0       0       0       0       0       0       
      +0       0       0       0       0       0       0       0       0       0       0       0       0       0       0
   709 ;;      Totals:         0       0       0       0       0       0       0       0       0       0       0       0       
      +0       0       0       0       0       0       0       0       0       0       0       0       0       0       0
   710 ;;Total ram usage:        0 bytes
   711 ;; Hardware stack levels required when called: 3
   712 ;; This function calls:
   713 ;;		_initMain
   714 ;; This function is called by:
   715 ;;		Startup code after reset
   716 ;; This function uses a non-reentrant model
   717 ;;
   718                           
   719     003C                     _main:	
   720                           ;psect for function _main
   721                           
   722     003C                     l629:	
   723                           ;incstack = 0
   724                           ; Regs used in _main: [wreg+status,2+status,0+pclath+cstack]
   725                           
   726                           
   727                           ;main.c: 72:     initMain();
   728     003C  3180  2021  3180   	fcall	_initMain
   729     003F                     l59:	
   730                           ;main.c: 74:     while(1){
   731                           
   732     003F                     l60:	
   733                           ;main.c: 76:     }
   734                           
   735     003F  283F               	goto	l59
   736     0040  3180  281A         	ljmp	start
   737     0042                     __end_of_main:
   738                           
   739                           	psect	text1
   740     0021                     __ptext1:	
   741 ;; *************** function _initMain *****************
   742 ;; Defined at:
   743 ;;		line 33 in file "main.c"
   744 ;; Parameters:    Size  Location     Type
   745 ;;		None
   746 ;; Auto vars:     Size  Location     Type
   747 ;;		None
   748 ;; Return value:  Size  Location     Type
   749 ;;                  1    wreg      void 
   750 ;; Registers used:
   751 ;;		wreg, status,2, status,0, pclath, cstack
   752 ;; Tracked objects:
   753 ;;		On entry : 0/0
   754 ;;		On exit  : 0/0
   755 ;;		Unchanged: 0/0
   756 ;; Data sizes:     COMMON   BANK0   BANK1   BANK2   BANK3   BANK4   BANK5   BANK6   BANK7   BANK8   BANK9  BANK10  BANK1
      +1  BANK12  BANK13  BANK14  BANK15  BANK16  BANK17  BANK18  BANK19  BANK20  BANK21  BANK22  BANK23  BANK24  BANK25
   757 ;;      Params:         0       0       0       0       0       0       0       0       0       0       0       0       
      +0       0       0       0       0       0       0       0       0       0       0       0       0       0       0
   758 ;;      Locals:         0       0       0       0       0       0       0       0       0       0       0       0       
      +0       0       0       0       0       0       0       0       0       0       0       0       0       0       0
   759 ;;      Temps:          0       0       0       0       0       0       0       0       0       0       0       0       
      +0       0       0       0       0       0       0       0       0       0       0       0       0       0       0
   760 ;;      Totals:         0       0       0       0       0       0       0       0       0       0       0       0       
      +0       0       0       0       0       0       0       0       0       0       0       0       0       0       0
   761 ;;Total ram usage:        0 bytes
   762 ;; Hardware stack levels used: 1
   763 ;; Hardware stack levels required when called: 2
   764 ;; This function calls:
   765 ;;		_internal_32
   766 ;; This function is called by:
   767 ;;		_main
   768 ;; This function uses a non-reentrant model
   769 ;;
   770                           
   771     0021                     _initMain:	
   772                           ;psect for function _initMain
   773                           
   774     0021                     l599:	
   775                           ;incstack = 0
   776                           ; Regs used in _initMain: [wreg+status,2+status,0+pclath+cstack]
   777                           
   778                           
   779                           ;main.c: 35:     internal_32();
   780     0021  3180  2033  3180   	fcall	_internal_32
   781     0024                     l601:
   782                           
   783                           ;main.c: 38:     TRISCbits.TRISC3 = 0;
   784     0024  0021               	movlb	1	; select bank1
   785     0025  118E               	bcf	14,3	;volatile
   786     0026                     l603:
   787                           
   788                           ;main.c: 41:     LATCbits.LATC3 = 0;
   789     0026  0022               	movlb	2	; select bank2
   790     0027  118E               	bcf	14,3	;volatile
   791     0028                     l605:
   792                           
   793                           ;main.c: 44:     T1CONbits.T1CKPS = 0b00;
   794     0028  30CF               	movlw	-49
   795     0029  0020               	movlb	0	; select bank0
   796     002A  0598               	andwf	24,f	;volatile
   797     002B                     l607:
   798                           
   799                           ;main.c: 47:     TMR1 = 0;
   800     002B  0196               	clrf	22	;volatile
   801     002C  0197               	clrf	23	;volatile
   802     002D                     l609:
   803                           
   804                           ;main.c: 50:     T1CONbits.TMR1ON = 1;
   805     002D  1418               	bsf	24,0	;volatile
   806     002E                     l611:
   807                           
   808                           ;main.c: 53:     PIE1bits.TMR1IE = 1;
   809     002E  0021               	movlb	1	; select bank1
   810     002F  1411               	bsf	17,0	;volatile
   811     0030                     l613:
   812                           
   813                           ;main.c: 56:     INTCONbits.PEIE = 1;
   814     0030  170B               	bsf	11,6	;volatile
   815     0031                     l615:
   816                           
   817                           ;main.c: 59:     (INTCONbits.GIE = 1);
   818     0031  178B               	bsf	11,7	;volatile
   819     0032                     l54:
   820     0032  0008               	return
   821     0033                     __end_of_initMain:
   822                           
   823                           	psect	text2
   824     0033                     __ptext2:	
   825 ;; *************** function _internal_32 *****************
   826 ;; Defined at:
   827 ;;		line 36 in file "PIC16F1718_Internal.c"
   828 ;; Parameters:    Size  Location     Type
   829 ;;		None
   830 ;; Auto vars:     Size  Location     Type
   831 ;;		None
   832 ;; Return value:  Size  Location     Type
   833 ;;                  1    wreg      void 
   834 ;; Registers used:
   835 ;;		None
   836 ;; Tracked objects:
   837 ;;		On entry : 0/0
   838 ;;		On exit  : 0/0
   839 ;;		Unchanged: 0/0
   840 ;; Data sizes:     COMMON   BANK0   BANK1   BANK2   BANK3   BANK4   BANK5   BANK6   BANK7   BANK8   BANK9  BANK10  BANK1
      +1  BANK12  BANK13  BANK14  BANK15  BANK16  BANK17  BANK18  BANK19  BANK20  BANK21  BANK22  BANK23  BANK24  BANK25
   841 ;;      Params:         0       0       0       0       0       0       0       0       0       0       0       0       
      +0       0       0       0       0       0       0       0       0       0       0       0       0       0       0
   842 ;;      Locals:         0       0       0       0       0       0       0       0       0       0       0       0       
      +0       0       0       0       0       0       0       0       0       0       0       0       0       0       0
   843 ;;      Temps:          0       0       0       0       0       0       0       0       0       0       0       0       
      +0       0       0       0       0       0       0       0       0       0       0       0       0       0       0
   844 ;;      Totals:         0       0       0       0       0       0       0       0       0       0       0       0       
      +0       0       0       0       0       0       0       0       0       0       0       0       0       0       0
   845 ;;Total ram usage:        0 bytes
   846 ;; Hardware stack levels used: 1
   847 ;; Hardware stack levels required when called: 1
   848 ;; This function calls:
   849 ;;		Nothing
   850 ;; This function is called by:
   851 ;;		_initMain
   852 ;; This function uses a non-reentrant model
   853 ;;
   854                           
   855     0033                     _internal_32:	
   856                           ;psect for function _internal_32
   857                           
   858     0033                     l597:	
   859                           ;incstack = 0
   860                           ; Regs used in _internal_32: []
   861                           
   862                           
   863                           ;PIC16F1718_Internal.c: 38:     SCS0 = 0;
   864     0033  0021               	movlb	1	; select bank1
   865     0034  1019               	bcf	25,0	;volatile
   866                           
   867                           ;PIC16F1718_Internal.c: 39:     SCS1 = 0;
   868     0035  1099               	bcf	25,1	;volatile
   869                           
   870                           ;PIC16F1718_Internal.c: 42:     IRCF0 = 0;
   871     0036  1199               	bcf	25,3	;volatile
   872                           
   873                           ;PIC16F1718_Internal.c: 43:     IRCF1 = 1;
   874     0037  1619               	bsf	25,4	;volatile
   875                           
   876                           ;PIC16F1718_Internal.c: 44:     IRCF2 = 1;
   877     0038  1699               	bsf	25,5	;volatile
   878                           
   879                           ;PIC16F1718_Internal.c: 45:     IRCF3 = 1;
   880     0039  1719               	bsf	25,6	;volatile
   881                           
   882                           ;PIC16F1718_Internal.c: 48:     SPLLEN = 1;
   883     003A  1799               	bsf	25,7	;volatile
   884     003B                     l17:
   885     003B  0008               	return
   886     003C                     __end_of_internal_32:
   887                           
   888                           	psect	intentry
   889     0004                     __pintentry:	
   890 ;; *************** function _isr *****************
   891 ;; Defined at:
   892 ;;		line 89 in file "main.c"
   893 ;; Parameters:    Size  Location     Type
   894 ;;		None
   895 ;; Auto vars:     Size  Location     Type
   896 ;;		None
   897 ;; Return value:  Size  Location     Type
   898 ;;                  1    wreg      void 
   899 ;; Registers used:
   900 ;;		wreg, status,2, status,0
   901 ;; Tracked objects:
   902 ;;		On entry : 0/0
   903 ;;		On exit  : 0/0
   904 ;;		Unchanged: 0/0
   905 ;; Data sizes:     COMMON   BANK0   BANK1   BANK2   BANK3   BANK4   BANK5   BANK6   BANK7   BANK8   BANK9  BANK10  BANK1
      +1  BANK12  BANK13  BANK14  BANK15  BANK16  BANK17  BANK18  BANK19  BANK20  BANK21  BANK22  BANK23  BANK24  BANK25
   906 ;;      Params:         0       0       0       0       0       0       0       0       0       0       0       0       
      +0       0       0       0       0       0       0       0       0       0       0       0       0       0       0
   907 ;;      Locals:         0       0       0       0       0       0       0       0       0       0       0       0       
      +0       0       0       0       0       0       0       0       0       0       0       0       0       0       0
   908 ;;      Temps:          1       0       0       0       0       0       0       0       0       0       0       0       
      +0       0       0       0       0       0       0       0       0       0       0       0       0       0       0
   909 ;;      Totals:         1       0       0       0       0       0       0       0       0       0       0       0       
      +0       0       0       0       0       0       0       0       0       0       0       0       0       0       0
   910 ;;Total ram usage:        1 bytes
   911 ;; Hardware stack levels used: 1
   912 ;; This function calls:
   913 ;;		Nothing
   914 ;; This function is called by:
   915 ;;		Interrupt level 1
   916 ;; This function uses a non-reentrant model
   917 ;;
   918                           
   919     0004                     _isr:
   920                           
   921                           ;incstack = 0
   922     0004  147E               	bsf	int$flags,0	;set compiler interrupt flag (level 1)
   923                           
   924                           ; Regs used in _isr: [wreg+status,2+status,0]
   925     0005  3180               	pagesel	$
   926     0006                     i1l631:
   927                           
   928                           ;main.c: 90:     static uint8_t count = 0;;main.c: 92:     PIR1bits.TMR1IF = 0;
   929     0006  0020               	movlb	0	; select bank0
   930     0007  1011               	bcf	17,0	;volatile
   931     0008                     i1l633:
   932                           
   933                           ;main.c: 94:     count++;
   934     0008  3001               	movlw	1
   935     0009  00F1               	movwf	??_isr
   936     000A  0871               	movf	??_isr,w
   937     000B  07F0               	addwf	isr@count,f
   938                           
   939                           ;main.c: 97:     if (count == 122){
   940     000C  307A               	movlw	122
   941     000D  0670               	xorwf	isr@count,w
   942     000E  1D03               	btfss	3,2
   943     000F  2811               	goto	u1_21
   944     0010  2812               	goto	u1_20
   945     0011                     u1_21:
   946     0011  2816               	goto	i1l69
   947     0012                     u1_20:
   948     0012                     i1l635:
   949                           
   950                           ;main.c: 98:         count = 0;
   951     0012  01F0               	clrf	isr@count
   952     0013                     i1l637:
   953                           
   954                           ;main.c: 99:         LATCbits.LATC3 = 1;
   955     0013  0022               	movlb	2	; select bank2
   956     0014  158E               	bsf	14,3	;volatile
   957                           
   958                           ;main.c: 100:     }
   959     0015  2818               	goto	i1l71
   960     0016                     i1l69:	
   961                           ;main.c: 102:     else {
   962                           
   963                           
   964                           ;main.c: 103:         LATCbits.LATC3 = 0;
   965     0016  0022               	movlb	2	; select bank2
   966     0017  118E               	bcf	14,3	;volatile
   967     0018                     i1l71:
   968     0018  107E               	bcf	int$flags,0	;clear compiler interrupt flag (level 1)
   969     0019  0009               	retfie
   970     001A                     __end_of_isr:
   971     007E                     btemp	set	126	;btemp
   972     007E                     int$flags	set	126
   973     007E                     wtemp0	set	126
   974                           
   975                           	psect	config
   976                           
   977                           ;Config register CONFIG1 @ 0x8007
   978                           ;	Oscillator Selection Bits
   979                           ;	FOSC = INTOSC, INTOSC oscillator: I/O function on CLKIN pin
   980                           ;	Watchdog Timer Enable
   981                           ;	WDTE = OFF, WDT disabled
   982                           ;	Power-up Timer Enable
   983                           ;	PWRTE = OFF, PWRT disabled
   984                           ;	MCLR Pin Function Select
   985                           ;	MCLRE = OFF, MCLR/VPP pin function is digital input if LVP bit is also 0.
   986                           ;	Flash Program Memory Code Protection
   987                           ;	CP = OFF, Program memory code protection is disabled
   988                           ;	Brown-out Reset Enable
   989                           ;	BOREN = OFF, Brown-out Reset disabled
   990                           ;	Clock Out Enable
   991                           ;	CLKOUTEN = OFF, CLKOUT function is disabled. I/O or oscillator function on the CLKOUT 
      +                          pin
   992                           ;	Internal/External Switchover Mode
   993                           ;	IESO = ON, Internal/External Switchover Mode is enabled
   994                           ;	Fail-Safe Clock Monitor Enable
   995                           ;	FCMEN = OFF, Fail-Safe Clock Monitor is disabled
   996     8007                     	org	32775
   997     8007  19A4               	dw	6564
   998                           
   999                           ;Config register CONFIG2 @ 0x8008
  1000                           ;	Flash Memory Self-Write Protection
  1001                           ;	WRT = OFF, Write protection off
  1002                           ;	Peripheral Pin Select one-way control
  1003                           ;	PPS1WAY = ON, The PPSLOCK bit cannot be cleared once it is set by software
  1004                           ;	Zero-cross detect disable
  1005                           ;	ZCDDIS = ON, ZCD disabled. ZCD can be enabled by setting the ZCDSEN bit of ZCDCON
  1006                           ;	Phase Lock Loop enable
  1007                           ;	PLLEN = OFF, 4x PLL is disabled
  1008                           ;	Stack Overflow/Underflow Reset Enable
  1009                           ;	STVREN = ON, Stack Overflow or Underflow will cause a Reset
  1010                           ;	Brown-out Reset Voltage Selection
  1011                           ;	BORV = LO, Brown-out Reset Voltage (Vbor), low trip point selected.
  1012                           ;	Low-Power Brown Out Reset
  1013                           ;	LPBOR = OFF, Low-Power BOR is disabled
  1014                           ;	In-Circuit Debugger Mode
  1015                           ;	DEBUG = 0x1, unprogrammed default
  1016                           ;	Low-Voltage Programming Enable
  1017                           ;	LVP = OFF, High-voltage on MCLR/VPP must be used for programming
  1018     8008                     	org	32776
  1019     8008  1EFF               	dw	7935

Data Sizes:
    Strings     0
    Constant    0
    Data        0
    BSS         1
    Persistent  32
    Stack       0

Auto Spaces:
    Space          Size  Autos    Used
    COMMON           14      1       2
    BANK0            80      0       0
    BANK1            80      0       0
    BANK2            80      0       0
    BANK3            80      0       0
    BANK4            80      0       0
    BANK5            80      0       0
    BANK6            80      0       0
    BANK7            80      0       0
    BANK8            80      0       0
    BANK9            80      0       0
    BANK10           80      0       0
    BANK11           80      0       0
    BANK12           80      0       0
    BANK13           80      0       0
    BANK14           80      0       0
    BANK15           80      0       0
    BANK16           80      0       0
    BANK17           80      0       0
    BANK18           80      0       0
    BANK19           80      0       0
    BANK20           80      0       0
    BANK21           80      0       0
    BANK22           80      0       0
    BANK23           80      0       0
    BANK24           80      0       0
    BANK25           32      0       0

Pointer List with Targets:

    None.

Critical Paths under _main in COMMON

    None.

Critical Paths under _isr in COMMON

    None.

Critical Paths under _main in BANK0

    None.

Critical Paths under _isr in BANK0

    None.

Critical Paths under _main in BANK1

    None.

Critical Paths under _isr in BANK1

    None.

Critical Paths under _main in BANK2

    None.

Critical Paths under _isr in BANK2

    None.

Critical Paths under _main in BANK3

    None.

Critical Paths under _isr in BANK3

    None.

Critical Paths under _main in BANK4

    None.

Critical Paths under _isr in BANK4

    None.

Critical Paths under _main in BANK5

    None.

Critical Paths under _isr in BANK5

    None.

Critical Paths under _main in BANK6

    None.

Critical Paths under _isr in BANK6

    None.

Critical Paths under _main in BANK7

    None.

Critical Paths under _isr in BANK7

    None.

Critical Paths under _main in BANK8

    None.

Critical Paths under _isr in BANK8

    None.

Critical Paths under _main in BANK9

    None.

Critical Paths under _isr in BANK9

    None.

Critical Paths under _main in BANK10

    None.

Critical Paths under _isr in BANK10

    None.

Critical Paths under _main in BANK11

    None.

Critical Paths under _isr in BANK11

    None.

Critical Paths under _main in BANK12

    None.

Critical Paths under _isr in BANK12

    None.

Critical Paths under _main in BANK13

    None.

Critical Paths under _isr in BANK13

    None.

Critical Paths under _main in BANK14

    None.

Critical Paths under _isr in BANK14

    None.

Critical Paths under _main in BANK15

    None.

Critical Paths under _isr in BANK15

    None.

Critical Paths under _main in BANK16

    None.

Critical Paths under _isr in BANK16

    None.

Critical Paths under _main in BANK17

    None.

Critical Paths under _isr in BANK17

    None.

Critical Paths under _main in BANK18

    None.

Critical Paths under _isr in BANK18

    None.

Critical Paths under _main in BANK19

    None.

Critical Paths under _isr in BANK19

    None.

Critical Paths under _main in BANK20

    None.

Critical Paths under _isr in BANK20

    None.

Critical Paths under _main in BANK21

    None.

Critical Paths under _isr in BANK21

    None.

Critical Paths under _main in BANK22

    None.

Critical Paths under _isr in BANK22

    None.

Critical Paths under _main in BANK23

    None.

Critical Paths under _isr in BANK23

    None.

Critical Paths under _main in BANK24

    None.

Critical Paths under _isr in BANK24

    None.

Critical Paths under _main in BANK25

    None.

Critical Paths under _isr in BANK25

    None.

Call Graph Tables:

 ---------------------------------------------------------------------------------
 (Depth) Function   	        Calls       Base Space   Used Autos Params    Refs
 ---------------------------------------------------------------------------------
 (0) _main                                                 0     0      0       0
                           _initMain
 ---------------------------------------------------------------------------------
 (1) _initMain                                             0     0      0       0
                        _internal_32
 ---------------------------------------------------------------------------------
 (2) _internal_32                                          0     0      0       0
 ---------------------------------------------------------------------------------
 Estimated maximum stack depth 2
 ---------------------------------------------------------------------------------
 (Depth) Function   	        Calls       Base Space   Used Autos Params    Refs
 ---------------------------------------------------------------------------------
 (3) _isr                                                  1     1      0       0
                                              0 COMMON     1     1      0
 ---------------------------------------------------------------------------------
 Estimated maximum stack depth 3
 ---------------------------------------------------------------------------------

 Call Graph Graphs:

 _main (ROOT)
   _initMain
     _internal_32

 _isr (ROOT)

 Address spaces:
Name               Size   Autos  Total    Cost      Usage
BIGRAM             7F0      0       0       0        0.0%
NULL                 0      0       0       0        0.0%
CODE                 0      0       0       0        0.0%
BITCOMMON            E      0       0       1        0.0%
BITSFR0              0      0       0       1        0.0%
SFR0                 0      0       0       1        0.0%
COMMON               E      1       2       2       14.3%
BITSFR1              0      0       0       2        0.0%
SFR1                 0      0       0       2        0.0%
BITSFR2              0      0       0       3        0.0%
SFR2                 0      0       0       3        0.0%
STACK                0      0       0       3        0.0%
BITBANK0            50      0       0       4        0.0%
BITSFR3              0      0       0       4        0.0%
SFR3                 0      0       0       4        0.0%
BANK0               50      0       0       5        0.0%
BITSFR4              0      0       0       5        0.0%
SFR4                 0      0       0       5        0.0%
BITBANK1            50      0       0       6        0.0%
BITSFR5              0      0       0       6        0.0%
SFR5                 0      0       0       6        0.0%
BANK1               50      0       0       7        0.0%
BITSFR6              0      0       0       7        0.0%
SFR6                 0      0       0       7        0.0%
BITBANK2            50      0       0       8        0.0%
BITSFR7              0      0       0       8        0.0%
SFR7                 0      0       0       8        0.0%
BANK2               50      0       0       9        0.0%
BITSFR8              0      0       0       9        0.0%
SFR8                 0      0       0       9        0.0%
BITBANK3            50      0       0      10        0.0%
BITSFR9              0      0       0      10        0.0%
SFR9                 0      0       0      10        0.0%
BANK3               50      0       0      11        0.0%
BITSFR10             0      0       0      11        0.0%
SFR10                0      0       0      11        0.0%
BITBANK4            50      0       0      12        0.0%
BITSFR11             0      0       0      12        0.0%
SFR11                0      0       0      12        0.0%
BANK4               50      0       0      13        0.0%
BITSFR12             0      0       0      13        0.0%
SFR12                0      0       0      13        0.0%
BITSFR13             0      0       0      14        0.0%
SFR13                0      0       0      14        0.0%
ABS                  0      0       2      14        0.0%
BITBANK5            50      0       0      15        0.0%
BITSFR14             0      0       0      15        0.0%
SFR14                0      0       0      15        0.0%
BANK5               50      0       0      16        0.0%
BITSFR15             0      0       0      16        0.0%
SFR15                0      0       0      16        0.0%
BITBANK6            50      0       0      17        0.0%
BITSFR16             0      0       0      17        0.0%
SFR16                0      0       0      17        0.0%
BANK6               50      0       0      18        0.0%
BITSFR17             0      0       0      18        0.0%
SFR17                0      0       0      18        0.0%
BITBANK7            50      0       0      19        0.0%
BITSFR18             0      0       0      19        0.0%
SFR18                0      0       0      19        0.0%
BANK7               50      0       0      20        0.0%
BITSFR19             0      0       0      20        0.0%
SFR19                0      0       0      20        0.0%
BITBANK8            50      0       0      21        0.0%
BITSFR20             0      0       0      21        0.0%
SFR20                0      0       0      21        0.0%
BANK8               50      0       0      22        0.0%
BITSFR21             0      0       0      22        0.0%
SFR21                0      0       0      22        0.0%
BITBANK9            50      0       0      23        0.0%
BITSFR22             0      0       0      23        0.0%
SFR22                0      0       0      23        0.0%
BANK9               50      0       0      24        0.0%
BITSFR23             0      0       0      24        0.0%
SFR23                0      0       0      24        0.0%
BITBANK10           50      0       0      25        0.0%
BITSFR24             0      0       0      25        0.0%
SFR24                0      0       0      25        0.0%
BANK10              50      0       0      26        0.0%
BITSFR25             0      0       0      26        0.0%
SFR25                0      0       0      26        0.0%
BITBANK11           50      0       0      27        0.0%
BITSFR26             0      0       0      27        0.0%
SFR26                0      0       0      27        0.0%
BITSFR27             0      0       0      28        0.0%
SFR27                0      0       0      28        0.0%
DATA                 0      0       2      28        0.0%
BANK11              50      0       0      29        0.0%
BITSFR28             0      0       0      29        0.0%
SFR28                0      0       0      29        0.0%
BITBANK12           50      0       0      30        0.0%
BITSFR29             0      0       0      30        0.0%
SFR29                0      0       0      30        0.0%
BANK12              50      0       0      31        0.0%
BITSFR30             0      0       0      31        0.0%
SFR30                0      0       0      31        0.0%
BITBANK13           50      0       0      32        0.0%
BITSFR31             0      0       0      32        0.0%
SFR31                0      0       0      32        0.0%
BANK13              50      0       0      33        0.0%
BITBANK14           50      0       0      34        0.0%
BANK14              50      0       0      35        0.0%
BITBANK15           50      0       0      36        0.0%
BANK15              50      0       0      37        0.0%
BITBANK16           50      0       0      38        0.0%
BANK16              50      0       0      39        0.0%
BITBANK17           50      0       0      40        0.0%
BANK17              50      0       0      41        0.0%
BITBANK18           50      0       0      42        0.0%
BANK18              50      0       0      43        0.0%
BITBANK19           50      0       0      44        0.0%
BANK19              50      0       0      45        0.0%
BITBANK20           50      0       0      46        0.0%
BANK20              50      0       0      47        0.0%
BITBANK21           50      0       0      48        0.0%
BANK21              50      0       0      49        0.0%
BITBANK22           50      0       0      50        0.0%
BANK22              50      0       0      51        0.0%
BITBANK23           50      0       0      52        0.0%
BANK23              50      0       0      53        0.0%
BITBANK24           50      0       0      54        0.0%
BANK24              50      0       0      55        0.0%
BITBANK25           20      0       0      56        0.0%
BANK25              20      0       0      57        0.0%


Microchip Technology PIC Macro Assembler V2.46 build 20240104201356 
Symbol Table                                                                                   Thu Dec 25 01:48:55 2025

                     l17 003B                       l60 003F                       l54 0032  
                     l59 003F                      l601 0024                      l611 002E  
                    l603 0026                      l613 0030                      l605 0028  
                    l615 0031                      l607 002B                      l609 002D  
                    l629 003C                      l597 0033                      l599 0021  
                    _isr 0004                     ?_isr 0071                     i1l71 0018  
                   _SCS0 04C8                     _SCS1 04C9                     i1l69 0016  
                   _TMR1 0016                     u1_20 0012                     u1_21 0011  
                   _main 003C                     btemp 007E                     start 001A  
                  ??_isr 0071                    ?_main 0071                    _IRCF0 04CB  
                  _IRCF1 04CC                    _IRCF2 04CD                    _IRCF3 04CE  
                  i1l631 0006                    i1l633 0008                    i1l635 0012  
                  i1l637 0013                    status 0003                    wtemp0 007E  
           ?_internal_32 0071          __initialization 001C             __end_of_main 0042  
                 ??_main 0072                   _SPLLEN 04CF         __end_of_initMain 0033  
__end_of__initialization 001D           __pcstackCOMMON 0071               __pmaintext 003C  
             __pintentry 0004                ?_initMain 0071                  __ptext1 0021  
                __ptext2 0033                _T1CONbits 0018     end_of_initialization 001D  
             ??_initMain 0072                _TRISCbits 008E      start_initialization 001C  
            __end_of_isr 001A              __pbssCOMMON 0070                ___latbits 0003  
          ??_internal_32 0072                 _LATCbits 010E                 _PIE1bits 0091  
               _PIR1bits 0011      __end_of_internal_32 003C                 _initMain 0021  
            _internal_32 0033                 int$flags 007E               _INTCONbits 000B  
               isr@count 0070                 intlevel1 0000  
