MPASM 5.75                          MAIN.ASM   8-28-2017  16:04:36         PAGE  1


LOC  OBJECT CODE     LINE SOURCE TEXT
  VALUE

                      00001 ;*******************************************************************************
                      00002 ;                                                                              *
                      00003 ;    Microchip licenses this software to you solely for use with Microchip     *
                      00004 ;    products. The software is owned by Microchip and/or its licensors, and is *
                      00005 ;    protected under applicable copyright laws.  All rights reserved.          *
                      00006 ;                                                                              *
                      00007 ;    This software and any accompanying information is for suggestion only.    *
                      00008 ;    It shall not be deemed to modify Microchip?s standard warranty for its    *
                      00009 ;    products.  It is your responsibility to ensure that this software meets   *
                      00010 ;    your requirements.                                                        *
                      00011 ;                                                                              *
                      00012 ;    SOFTWARE IS PROVIDED "AS IS".  MICROCHIP AND ITS LICENSORS EXPRESSLY      *
                      00013 ;    DISCLAIM ANY WARRANTY OF ANY KIND, WHETHER EXPRESS OR IMPLIED, INCLUDING  *
                      00014 ;    BUT NOT LIMITED TO, THE IMPLIED WARRANTIES OF MERCHANTABILITY, FITNESS    *
                      00015 ;    FOR A PARTICULAR PURPOSE, OR NON-INFRINGEMENT. IN NO EVENT SHALL          *
                      00016 ;    MICROCHIP OR ITS LICENSORS BE LIABLE FOR ANY INCIDENTAL, SPECIAL,         *
                      00017 ;    INDIRECT OR CONSEQUENTIAL DAMAGES, LOST PROFITS OR LOST DATA, HARM TO     *
                      00018 ;    YOUR EQUIPMENT, COST OF PROCUREMENT OF SUBSTITUTE GOODS, TECHNOLOGY OR    *
                      00019 ;    SERVICES, ANY CLAIMS BY THIRD PARTIES (INCLUDING BUT NOT LIMITED TO ANY   *
                      00020 ;    DEFENSE THEREOF), ANY CLAIMS FOR INDEMNITY OR CONTRIBUTION, OR OTHER      *
                      00021 ;    SIMILAR COSTS.                                                            *
                      00022 ;                                                                              *
                      00023 ;    To the fullest extend allowed by law, Microchip and its licensors         *
                      00024 ;    liability shall not exceed the amount of fee, if any, that you have paid  *
                      00025 ;    directly to Microchip to use this software.                               *
                      00026 ;                                                                              *
                      00027 ;    MICROCHIP PROVIDES THIS SOFTWARE CONDITIONALLY UPON YOUR ACCEPTANCE OF    *
                      00028 ;    THESE TERMS.                                                              *
                      00029 ;                                                                              *
                      00030 ;*******************************************************************************
                      00031 ;                                                                              *
                      00032 ;    Filename:                                                                 *
                      00033 ;    Date:                                                                     *
                      00034 ;    File Version:                                                             *
                      00035 ;    Author:                                                                   *
                      00036 ;    Company:                                                                  *
                      00037 ;    Description:                                                              *
                      00038 ;                                                                              *
                      00039 ;*******************************************************************************
                      00040 ;                                                                              *
                      00041 ;    Notes: In the MPLAB X Help, refer to the MPASM Assembler documentation    *
                      00042 ;    for information on assembly instructions.                                 *
                      00043 ;                                                                              *
                      00044 ;*******************************************************************************
                      00045 ;                                                                              *
                      00046 ;    Known Issues: This template is designed for relocatable code.  As such,   *
                      00047 ;    build errors such as "Directive only allowed when generating an object    *
                      00048 ;    file" will result when the 'Build in Absolute Mode' checkbox is selected  *
                      00049 ;    in the project properties.  Designing code in absolute mode is            *
                      00050 ;    antiquated - use relocatable mode.                                        *
                      00051 ;                                                                              *
                      00052 ;*******************************************************************************
                      00053 ;                                                                              *
MPASM 5.75                          MAIN.ASM   8-28-2017  16:04:36         PAGE  2


LOC  OBJECT CODE     LINE SOURCE TEXT
  VALUE

                      00054 ;    Revision History:                                                         *
                      00055 ;                                                                              *
                      00056 ;*******************************************************************************
                      00057 
                      00058 
                      00059 
                      00060 ;*******************************************************************************
                      00061 ; Processor Inclusion
                      00062 ;
                      00063 ; TODO Step #1 Open the task list under Window > Tasks.  Include your
                      00064 ; device .inc file - e.g. #include <device_name>.inc.  Available
                      00065 ; include files are in C:\Program Files\Microchip\MPLABX\mpasmx
                      00066 ; assuming the default installation path for MPLAB X.  You may manually find
                      00067 ; the appropriate include file for your device here and include it, or
                      00068 ; simply copy the include generated by the configuration bits
                      00069 ; generator (see Step #2).
                      00070 ;
                      00071 ;*******************************************************************************
                      00072 
                      00073 ; TODO INSERT INCLUDE CODE HERE
                      00074 
                      00075 ;*******************************************************************************
                      00076 ;
                      00077 ; TODO Step #2 - Configuration Word Setup
                      00078 ;
                      00079 ; The 'CONFIG' directive is used to embed the configuration word within the
                      00080 ; .asm file. MPLAB X requires users to embed their configuration words
                      00081 ; into source code.  See the device datasheet for additional information
                      00082 ; on configuration word settings.  Device configuration bits descriptions
                      00083 ; are in C:\Program Files\Microchip\MPLABX\mpasmx\P<device_name>.inc
                      00084 ; (may change depending on your MPLAB X installation directory).
                      00085 ;
                      00086 ; MPLAB X has a feature which generates configuration bits source code.  Go to
                      00087 ; Window > PIC Memory Views > Configuration Bits.  Configure each field as
                      00088 ; needed and select 'Generate Source Code to Output'.  The resulting code which
                      00089 ; appears in the 'Output Window' > 'Config Bits Source' tab may be copied
                      00090 ; below.
                      00091 ;
                      00092 ;*******************************************************************************
                      00093     #include "p16f506.inc"
                      00001         LIST
                      00002 
                      00003 ;==========================================================================
                      00004 ; Build date : Jul 02 2017
                      00005 ;  MPASM PIC16F506 processor include
                      00006 ; 
                      00007 ;  (c) Copyright 1999-2017 Microchip Technology, All rights reserved
                      00008 ;==========================================================================
                      00009 
                      00243         LIST
                      00094     
  0000                00095     EXTERN delay10_R
                      00096 
MPASM 5.75                          MAIN.ASM   8-28-2017  16:04:36         PAGE  3


LOC  OBJECT CODE     LINE SOURCE TEXT
  VALUE

                      00097 ; CONFIG
                      00098 ; __config 0xFFBC  ; run at 4 Mhz
0FFF   0FBC           00099  __CONFIG _OSC_IntRC_RB4EN & _WDT_ON & _CP_OFF & _MCLRE_ON & _IOSCFS_OFF
                      00100     
                      00101     
                      00102 ;*******************************************************************************
                      00103 ;
                      00104 ; TODO Step #3 - Variable Definitions
                      00105 ;
                      00106 ; Refer to datasheet for available data memory (RAM) organization assuming
                      00107 ; relocatible code organization (which is an option in project
                      00108 ; properties > mpasm (Global Options)).  Absolute mode generally should
                      00109 ; be used sparingly.
                      00110 ;
                      00111 ; Example of using GPR Uninitialized Data
                      00112 ;
                      00113 ;   GPR_VAR        UDATA
                      00114 ;   MYVAR1         RES        1      ; User variable linker places
                      00115 ;   MYVAR2         RES        1      ; User variable linker places
                      00116 ;   MYVAR3         RES        1      ; User variable linker places
                      00117 ;
                      00118 ;   ; Example of using Access Uninitialized Data Section (when available)
                      00119 ;   ; The variables for the context saving in the device datasheet may need
                      00120 ;   ; memory reserved here.
                      00121 ;   INT_VAR        UDATA_ACS
                      00122 ;   W_TEMP         RES        1      ; w register for context saving (ACCESS)
                      00123 ;   STATUS_TEMP    RES        1      ; status used for context saving
                      00124 ;   BSR_TEMP       RES        1      ; bank select used for ISR context saving
                      00125 ;
                      00126 ;*******************************************************************************
                      00127 
                      00128 ; TODO PLACE VARIABLE DEFINITIONS GO HERE
                      00129         UDATA_SHR
0000                  00130 sREG    res 1
                      00131 
                      00132 
                      00133 ;*******************************************************************************
                      00134 ; Reset Vector
                      00135 ;*******************************************************************************
                      00136 
                      00137 RES_VECT  CODE    0x0000            ; processor reset vector
0000   0A??           00138     GOTO    START                   ; go to beginning of program
                      00139 
                      00140 ;*******************************************************************************
                      00141 ; TODO Step #4 - Interrupt Service Routines
                      00142 ;
                      00143 ; There are a few different ways to structure interrupt routines in the 8
                      00144 ; bit device families.  On PIC18's the high priority and low priority
                      00145 ; interrupts are located at 0x0008 and 0x0018, respectively.  On PIC16's and
                      00146 ; lower the interrupt is at 0x0004.  Between device families there is subtle
                      00147 ; variation in the both the hardware supporting the ISR (for restoring
                      00148 ; interrupt context) as well as the software used to restore the context
                      00149 ; (without corrupting the STATUS bits).
MPASM 5.75                          MAIN.ASM   8-28-2017  16:04:36         PAGE  4


LOC  OBJECT CODE     LINE SOURCE TEXT
  VALUE

                      00150 ;
                      00151 ; General formats are shown below in relocatible format.
                      00152 ;
                      00153 ;------------------------------PIC16's and below--------------------------------
                      00154 ;
                      00155 ; ISR       CODE    0x0004           ; interrupt vector location
                      00156 ;
                      00157 ;     <Search the device datasheet for 'context' and copy interrupt
                      00158 ;     context saving code here.  Older devices need context saving code,
                      00159 ;     but newer devices like the 16F#### don't need context saving code.>
                      00160 ;
                      00161 ;     RETFIE
                      00162 ;
                      00163 ;----------------------------------PIC18's--------------------------------------
                      00164 ;
                      00165 ; ISRHV     CODE    0x0008
                      00166 ;     GOTO    HIGH_ISR
                      00167 ; ISRLV     CODE    0x0018
                      00168 ;     GOTO    LOW_ISR
                      00169 ;
                      00170 ; ISRH      CODE                     ; let linker place high ISR routine
                      00171 ; HIGH_ISR
                      00172 ;     <Insert High Priority ISR Here - no SW context saving>
                      00173 ;     RETFIE  FAST
                      00174 ;
                      00175 ; ISRL      CODE                     ; let linker place low ISR routine
                      00176 ; LOW_ISR
                      00177 ;       <Search the device datasheet for 'context' and copy interrupt
                      00178 ;       context saving code here>
                      00179 ;     RETFIE
                      00180 ;
                      00181 ;*******************************************************************************
                      00182 
                      00183 ; TODO INSERT ISR HERE
                      00184 
                      00185 ;*******************************************************************************
                      00186 ; MAIN PROGRAM
                      00187 ;*******************************************************************************
                      00188 ;***** Subroutine Vectors
0001                  00189 delay10 
0001   ????           00190       pagesel delay10_R 
0002   0A??           00191       goto delay10_R
                      00192 
                      00193 MAIN_PROG CODE                      ; let linker place main program
                      00194 
0000                  00195 START
0000   0C37           00196     movlw   b'110111'               ; configure C3 as output, C4 as input
0001   0007           00197     tris    PORTC                   ; store contents of W to tris register
                      00198     
                      00199     ; configure watchdog timer
0002   0CFF           00200     movlw   b'11111111'            
                      00201             ; ----1---              ; prescaler assigned to WDT (PSA = 1)
                      00202             ; -----111              ; prescale = 128 WDT rate 
MPASM 5.75                          MAIN.ASM   8-28-2017  16:04:36         PAGE  5


LOC  OBJECT CODE     LINE SOURCE TEXT
  VALUE

                      00203     
                      00204             ; assign prescaler to WDT (PSA = 1) 
0003   0002           00205     option                          ; prescale = 128 (PS = 111) = 2.3 s
                      00206     
0004   0567           00207     bsf     PORTC, 3                ; set C3 high
                      00208     
0005   0C32           00209     movlw   .50                     ; delay 500 ms
0006   ????           00210     pagesel delay10
0007   09??           00211     call    delay10                 
                      00212   
0008   0467           00213     bcf     PORTC, 3                ; set C3 low
0009   0003           00214     sleep                           ; sleep
                      00215      
0FBC                  00216     END
MPASM 5.75                          MAIN.ASM   8-28-2017  16:04:36         PAGE  6


SYMBOL TABLE
  LABEL                             VALUE 

ADCON0                            00000009
ADCS0                             00000004
ADCS1                             00000005
ADON                              00000000
ADRES                             0000000A
ANS0                              00000006
ANS1                              00000007
C                                 00000000
C1NREF                            00000002
C1ON                              00000003
C1OUT                             00000007
C1POL                             00000005
C1PREF                            00000001
C2NREF                            00000002
C2ON                              00000003
C2OUT                             00000007
C2POL                             00000005
C2PREF1                           00000001
C2PREF2                           00000004
CAL0                              00000001
CAL1                              00000002
CAL2                              00000003
CAL3                              00000004
CAL4                              00000005
CAL5                              00000006
CAL6                              00000007
CHS0                              00000002
CHS1                              00000003
CM1CON0                           00000008
CM2CON0                           0000000B
CWUF                              00000006
DC                                00000001
F                                 00000001
FSR                               00000004
GO                                00000001
GO_NOT_DONE                       00000001
INDF                              00000000
NOT_C1OUTEN                       00000006
NOT_C1T0CS                        00000004
NOT_C1WU                          00000000
NOT_C2OUTEN                       00000006
NOT_C2WU                          00000000
NOT_DONE                          00000001
NOT_GPPU                          00000006
NOT_GPWU                          00000007
NOT_PD                            00000003
NOT_RBPU                          00000006
NOT_RBWU                          00000007
NOT_TO                            00000004
OSCCAL                            00000005
PA0                               00000005
PCL                               00000002
PORTB                             00000006
MPASM 5.75                          MAIN.ASM   8-28-2017  16:04:36         PAGE  7


SYMBOL TABLE
  LABEL                             VALUE 

PORTC                             00000007
PS0                               00000000
PS1                               00000001
PS2                               00000002
PSA                               00000003
RB0                               00000000
RB1                               00000001
RB2                               00000002
RB3                               00000003
RB4                               00000004
RB5                               00000005
RBWUF                             00000007
RC0                               00000000
RC1                               00000001
RC2                               00000002
RC3                               00000003
RC4                               00000004
RC5                               00000005
START                             00000000
STATUS                            00000003
T0CS                              00000005
T0SE                              00000004
TMR0                              00000001
TRISB0                            00000000
TRISB1                            00000001
TRISB2                            00000002
TRISB3                            00000003
TRISB4                            00000004
TRISB5                            00000005
TRISC0                            00000000
TRISC1                            00000001
TRISC2                            00000002
TRISC3                            00000003
TRISC4                            00000004
TRISC5                            00000005
VR0                               00000000
VR1                               00000001
VR2                               00000002
VR3                               00000003
VRCON                             0000000C
VREN                              00000007
VROE                              00000006
VRR                               00000005
W                                 00000000
Z                                 00000002
_CONFIG                           00000FFF
_CP_OFF                           00000FFF
_CP_ON                            00000FEF
_EC_OSC                           00000FFB
_ExtRC_OSC_CLKOUTEN               00000FFF
_ExtRC_OSC_RB4EN                  00000FFE
_HS_OSC                           00000FFA
_IDLOC0                           00000400
MPASM 5.75                          MAIN.ASM   8-28-2017  16:04:36         PAGE  8


SYMBOL TABLE
  LABEL                             VALUE 

_IDLOC1                           00000401
_IDLOC2                           00000402
_IDLOC3                           00000403
_IOSCFS_OFF                       00000FBF
_IOSCFS_ON                        00000FFF
_IntRC_OSC_CLKOUTEN               00000FFD
_IntRC_OSC_RB4EN                  00000FFC
_LP_OSC                           00000FF8
_MCLRE_OFF                        00000FDF
_MCLRE_ON                         00000FFF
_OSC_EC                           00000FFB
_OSC_ExtRC_CLKOUTEN               00000FFF
_OSC_ExtRC_RB4EN                  00000FFE
_OSC_HS                           00000FFA
_OSC_IntRC_CLKOUTEN               00000FFD
_OSC_IntRC_RB4EN                  00000FFC
_OSC_LP                           00000FF8
_OSC_XT                           00000FF9
_WDT_OFF                          00000FF7
_WDT_ON                           00000FFF
_XT_OSC                           00000FF9
__16F506                          00000001
delay10                           00000001
delay10_R                         00000000
sREG                              00000000

Errors   :     0
Warnings :     0 reported,     0 suppressed
Messages :     0 reported,     0 suppressed

