

Microchip MPLAB XC8 Assembler V2.45 build 20230818022343 
                                                                                               Sat Nov 18 02:21:39 2023

Microchip MPLAB XC8 C Compiler v2.45 (Free license) build 20230818022343 Og1 
     1                           	processor	16F1719
     2                           	pagewidth 120
     3                           	opt	flic
     4                           	psect	cinit,global,class=CODE,merge=1,delta=2
     5                           	psect	cstackCOMMON,global,class=COMMON,space=1,delta=1,noexec
     6                           	psect	maintext,global,class=CODE,merge=1,split=1,delta=2
     7                           	psect	text1,local,class=CODE,merge=1,delta=2
     8                           	psect	text2,local,class=CODE,merge=1,delta=2
     9                           	psect	intentry,global,class=CODE,delta=2
    10                           	psect	config,global,abs,ovrld,class=CONFIG,space=4,delta=2,noexec
    11                           	dabs	1,0x7E,2
    12     0000                     
    13                           ; Generated 06/07/2023 GMT
    14                           ; 
    15                           ; Copyright © 2023, Microchip Technology Inc. and its subsidiaries ("Microchip")
    16                           ; All rights reserved.
    17                           ; 
    18                           ; This software is developed by Microchip Technology Inc. and its subsidiaries ("Microch
      +                          ip").
    19                           ; 
    20                           ; Redistribution and use in source and binary forms, with or without modification, are
    21                           ; permitted provided that the following conditions are met:
    22                           ; 
    23                           ;     1. Redistributions of source code must retain the above copyright notice, this lis
      +                          t of
    24                           ;        conditions and the following disclaimer.
    25                           ; 
    26                           ;     2. Redistributions in binary form must reproduce the above copyright notice, this 
      +                          list
    27                           ;        of conditions and the following disclaimer in the documentation and/or other
    28                           ;        materials provided with the distribution. Publication is not required when
    29                           ;        this file is used in an embedded application.
    30                           ; 
    31                           ;     3. Microchip's name may not be used to endorse or promote products derived from th
      +                          is
    32                           ;        software without specific prior written permission.
    33                           ; 
    34                           ; THIS SOFTWARE IS PROVIDED BY MICROCHIP "AS IS" AND ANY EXPRESS OR IMPLIED WARRANTIES,
    35                           ; INCLUDING, BUT NOT LIMITED TO, THE IMPLIED WARRANTIES OF MERCHANTABILITY AND FITNESS F
      +                          OR
    36                           ; PURPOSE ARE DISCLAIMED.  IN NO EVENT SHALL MICROCHIP BE LIABLE FOR ANY DIRECT, INDIREC
      +                          T,
    37                           ; INCIDENTAL, SPECIAL, EXEMPLARY, OR CONSEQUENTIAL DAMAGES (INCLUDING BUT NOT LIMITED TO
    38                           ; PROCUREMENT OF SUBSTITUTE GOODS OR SERVICES; LOSS OF USE, DATA OR PROFITS; OR BUSINESS
    39                           ; INTERRUPTION) HOWSOEVER CAUSED AND ON ANY THEORY OF LIABILITY, WHETHER IN CONTRACT, ST
      +                          RICT
    40                           ; LIABILITY, OR TORT (INCLUDING NEGLIGENCE OR OTHERWISE) ARISING IN ANY WAY OUT OF THE U
      +                          SE OF
    41                           ; THIS SOFTWARE, EVEN IF ADVISED OF THE POSSIBILITY OF SUCH DAMAGE.
    42                           ; 
    43                           ; 
    44                           ; Code-generator required, PIC16F1719 Definitions
    45                           ; 
    46                           ; SFR Addresses
    47     0000                     	;# 
    48     0001                     	;# 
    49     0002                     	;# 
    50     0003                     	;# 
    51     0004                     	;# 
    52     0005                     	;# 
    53     0006                     	;# 
    54     0007                     	;# 
    55     0008                     	;# 
    56     0009                     	;# 
    57     000A                     	;# 
    58     000B                     	;# 
    59     000C                     	;# 
    60     000D                     	;# 
    61     000E                     	;# 
    62     000F                     	;# 
    63     0010                     	;# 
    64     0011                     	;# 
    65     0012                     	;# 
    66     0013                     	;# 
    67     0015                     	;# 
    68     0016                     	;# 
    69     0016                     	;# 
    70     0017                     	;# 
    71     0018                     	;# 
    72     0019                     	;# 
    73     001A                     	;# 
    74     001B                     	;# 
    75     001C                     	;# 
    76     008C                     	;# 
    77     008D                     	;# 
    78     008E                     	;# 
    79     008F                     	;# 
    80     0090                     	;# 
    81     0091                     	;# 
    82     0092                     	;# 
    83     0093                     	;# 
    84     0095                     	;# 
    85     0096                     	;# 
    86     0097                     	;# 
    87     0098                     	;# 
    88     0099                     	;# 
    89     009A                     	;# 
    90     009B                     	;# 
    91     009B                     	;# 
    92     009C                     	;# 
    93     009D                     	;# 
    94     009E                     	;# 
    95     009F                     	;# 
    96     010C                     	;# 
    97     010D                     	;# 
    98     010E                     	;# 
    99     010F                     	;# 
   100     0110                     	;# 
   101     0111                     	;# 
   102     0112                     	;# 
   103     0113                     	;# 
   104     0114                     	;# 
   105     0115                     	;# 
   106     0116                     	;# 
   107     0117                     	;# 
   108     0118                     	;# 
   109     0119                     	;# 
   110     011A                     	;# 
   111     011B                     	;# 
   112     011B                     	;# 
   113     011C                     	;# 
   114     018C                     	;# 
   115     018D                     	;# 
   116     018E                     	;# 
   117     018F                     	;# 
   118     0190                     	;# 
   119     0191                     	;# 
   120     0191                     	;# 
   121     0192                     	;# 
   122     0193                     	;# 
   123     0193                     	;# 
   124     0194                     	;# 
   125     0195                     	;# 
   126     0196                     	;# 
   127     0197                     	;# 
   128     0199                     	;# 
   129     0199                     	;# 
   130     0199                     	;# 
   131     019A                     	;# 
   132     019A                     	;# 
   133     019A                     	;# 
   134     019B                     	;# 
   135     019B                     	;# 
   136     019B                     	;# 
   137     019B                     	;# 
   138     019B                     	;# 
   139     019C                     	;# 
   140     019C                     	;# 
   141     019C                     	;# 
   142     019D                     	;# 
   143     019D                     	;# 
   144     019D                     	;# 
   145     019E                     	;# 
   146     019E                     	;# 
   147     019E                     	;# 
   148     019F                     	;# 
   149     019F                     	;# 
   150     019F                     	;# 
   151     019F                     	;# 
   152     019F                     	;# 
   153     020C                     	;# 
   154     020D                     	;# 
   155     020E                     	;# 
   156     020F                     	;# 
   157     0210                     	;# 
   158     0211                     	;# 
   159     0211                     	;# 
   160     0212                     	;# 
   161     0212                     	;# 
   162     0213                     	;# 
   163     0213                     	;# 
   164     0214                     	;# 
   165     0214                     	;# 
   166     0215                     	;# 
   167     0215                     	;# 
   168     0215                     	;# 
   169     0215                     	;# 
   170     0216                     	;# 
   171     0216                     	;# 
   172     0217                     	;# 
   173     0217                     	;# 
   174     028C                     	;# 
   175     028D                     	;# 
   176     028E                     	;# 
   177     028F                     	;# 
   178     0290                     	;# 
   179     0291                     	;# 
   180     0291                     	;# 
   181     0292                     	;# 
   182     0293                     	;# 
   183     0293                     	;# 
   184     0298                     	;# 
   185     0298                     	;# 
   186     0299                     	;# 
   187     029A                     	;# 
   188     029A                     	;# 
   189     029E                     	;# 
   190     030C                     	;# 
   191     030D                     	;# 
   192     030E                     	;# 
   193     030F                     	;# 
   194     0310                     	;# 
   195     038C                     	;# 
   196     038D                     	;# 
   197     038E                     	;# 
   198     038F                     	;# 
   199     0390                     	;# 
   200     0391                     	;# 
   201     0392                     	;# 
   202     0393                     	;# 
   203     0394                     	;# 
   204     0395                     	;# 
   205     0396                     	;# 
   206     0397                     	;# 
   207     0398                     	;# 
   208     0399                     	;# 
   209     039D                     	;# 
   210     039E                     	;# 
   211     039F                     	;# 
   212     0415                     	;# 
   213     0416                     	;# 
   214     0417                     	;# 
   215     041C                     	;# 
   216     041D                     	;# 
   217     041E                     	;# 
   218     0498                     	;# 
   219     0498                     	;# 
   220     0499                     	;# 
   221     049A                     	;# 
   222     049B                     	;# 
   223     049B                     	;# 
   224     049C                     	;# 
   225     049D                     	;# 
   226     049E                     	;# 
   227     049F                     	;# 
   228     0511                     	;# 
   229     0515                     	;# 
   230     0617                     	;# 
   231     0618                     	;# 
   232     0619                     	;# 
   233     0619                     	;# 
   234     061A                     	;# 
   235     061B                     	;# 
   236     061C                     	;# 
   237     061C                     	;# 
   238     0691                     	;# 
   239     0692                     	;# 
   240     0693                     	;# 
   241     0694                     	;# 
   242     0695                     	;# 
   243     0696                     	;# 
   244     0697                     	;# 
   245     0698                     	;# 
   246     0699                     	;# 
   247     069A                     	;# 
   248     069B                     	;# 
   249     069C                     	;# 
   250     069D                     	;# 
   251     069E                     	;# 
   252     069F                     	;# 
   253     0E0F                     	;# 
   254     0E10                     	;# 
   255     0E11                     	;# 
   256     0E12                     	;# 
   257     0E13                     	;# 
   258     0E14                     	;# 
   259     0E15                     	;# 
   260     0E17                     	;# 
   261     0E20                     	;# 
   262     0E21                     	;# 
   263     0E22                     	;# 
   264     0E24                     	;# 
   265     0E25                     	;# 
   266     0E28                     	;# 
   267     0E29                     	;# 
   268     0E2A                     	;# 
   269     0E2B                     	;# 
   270     0E90                     	;# 
   271     0E91                     	;# 
   272     0E92                     	;# 
   273     0E93                     	;# 
   274     0E94                     	;# 
   275     0E95                     	;# 
   276     0E96                     	;# 
   277     0E97                     	;# 
   278     0E98                     	;# 
   279     0E99                     	;# 
   280     0E9A                     	;# 
   281     0E9B                     	;# 
   282     0E9C                     	;# 
   283     0E9D                     	;# 
   284     0E9E                     	;# 
   285     0E9F                     	;# 
   286     0EA0                     	;# 
   287     0EA1                     	;# 
   288     0EA2                     	;# 
   289     0EA3                     	;# 
   290     0EA4                     	;# 
   291     0EA5                     	;# 
   292     0EA6                     	;# 
   293     0EA7                     	;# 
   294     0EA8                     	;# 
   295     0EA9                     	;# 
   296     0EAA                     	;# 
   297     0EAB                     	;# 
   298     0EAC                     	;# 
   299     0EAD                     	;# 
   300     0EAE                     	;# 
   301     0EAF                     	;# 
   302     0EB0                     	;# 
   303     0EB1                     	;# 
   304     0EB2                     	;# 
   305     0F0F                     	;# 
   306     0F10                     	;# 
   307     0F11                     	;# 
   308     0F12                     	;# 
   309     0F13                     	;# 
   310     0F14                     	;# 
   311     0F15                     	;# 
   312     0F16                     	;# 
   313     0F17                     	;# 
   314     0F18                     	;# 
   315     0F19                     	;# 
   316     0F1A                     	;# 
   317     0F1B                     	;# 
   318     0F1C                     	;# 
   319     0F1D                     	;# 
   320     0F1E                     	;# 
   321     0F1F                     	;# 
   322     0F20                     	;# 
   323     0F21                     	;# 
   324     0F22                     	;# 
   325     0F23                     	;# 
   326     0F24                     	;# 
   327     0F25                     	;# 
   328     0F26                     	;# 
   329     0F27                     	;# 
   330     0F28                     	;# 
   331     0F29                     	;# 
   332     0F2A                     	;# 
   333     0F2B                     	;# 
   334     0F2C                     	;# 
   335     0F2D                     	;# 
   336     0F2E                     	;# 
   337     0F2F                     	;# 
   338     0F30                     	;# 
   339     0F31                     	;# 
   340     0F32                     	;# 
   341     0F33                     	;# 
   342     0F34                     	;# 
   343     0F35                     	;# 
   344     0F36                     	;# 
   345     0F37                     	;# 
   346     0FE4                     	;# 
   347     0FE5                     	;# 
   348     0FE6                     	;# 
   349     0FE7                     	;# 
   350     0FE8                     	;# 
   351     0FE9                     	;# 
   352     0FEA                     	;# 
   353     0FEB                     	;# 
   354     0FED                     	;# 
   355     0FEE                     	;# 
   356     0FEF                     	;# 
   357     0000                     	;# 
   358     0001                     	;# 
   359     0002                     	;# 
   360     0003                     	;# 
   361     0004                     	;# 
   362     0005                     	;# 
   363     0006                     	;# 
   364     0007                     	;# 
   365     0008                     	;# 
   366     0009                     	;# 
   367     000A                     	;# 
   368     000B                     	;# 
   369     000C                     	;# 
   370     000D                     	;# 
   371     000E                     	;# 
   372     000F                     	;# 
   373     0010                     	;# 
   374     0011                     	;# 
   375     0012                     	;# 
   376     0013                     	;# 
   377     0015                     	;# 
   378     0016                     	;# 
   379     0016                     	;# 
   380     0017                     	;# 
   381     0018                     	;# 
   382     0019                     	;# 
   383     001A                     	;# 
   384     001B                     	;# 
   385     001C                     	;# 
   386     008C                     	;# 
   387     008D                     	;# 
   388     008E                     	;# 
   389     008F                     	;# 
   390     0090                     	;# 
   391     0091                     	;# 
   392     0092                     	;# 
   393     0093                     	;# 
   394     0095                     	;# 
   395     0096                     	;# 
   396     0097                     	;# 
   397     0098                     	;# 
   398     0099                     	;# 
   399     009A                     	;# 
   400     009B                     	;# 
   401     009B                     	;# 
   402     009C                     	;# 
   403     009D                     	;# 
   404     009E                     	;# 
   405     009F                     	;# 
   406     010C                     	;# 
   407     010D                     	;# 
   408     010E                     	;# 
   409     010F                     	;# 
   410     0110                     	;# 
   411     0111                     	;# 
   412     0112                     	;# 
   413     0113                     	;# 
   414     0114                     	;# 
   415     0115                     	;# 
   416     0116                     	;# 
   417     0117                     	;# 
   418     0118                     	;# 
   419     0119                     	;# 
   420     011A                     	;# 
   421     011B                     	;# 
   422     011B                     	;# 
   423     011C                     	;# 
   424     018C                     	;# 
   425     018D                     	;# 
   426     018E                     	;# 
   427     018F                     	;# 
   428     0190                     	;# 
   429     0191                     	;# 
   430     0191                     	;# 
   431     0192                     	;# 
   432     0193                     	;# 
   433     0193                     	;# 
   434     0194                     	;# 
   435     0195                     	;# 
   436     0196                     	;# 
   437     0197                     	;# 
   438     0199                     	;# 
   439     0199                     	;# 
   440     0199                     	;# 
   441     019A                     	;# 
   442     019A                     	;# 
   443     019A                     	;# 
   444     019B                     	;# 
   445     019B                     	;# 
   446     019B                     	;# 
   447     019B                     	;# 
   448     019B                     	;# 
   449     019C                     	;# 
   450     019C                     	;# 
   451     019C                     	;# 
   452     019D                     	;# 
   453     019D                     	;# 
   454     019D                     	;# 
   455     019E                     	;# 
   456     019E                     	;# 
   457     019E                     	;# 
   458     019F                     	;# 
   459     019F                     	;# 
   460     019F                     	;# 
   461     019F                     	;# 
   462     019F                     	;# 
   463     020C                     	;# 
   464     020D                     	;# 
   465     020E                     	;# 
   466     020F                     	;# 
   467     0210                     	;# 
   468     0211                     	;# 
   469     0211                     	;# 
   470     0212                     	;# 
   471     0212                     	;# 
   472     0213                     	;# 
   473     0213                     	;# 
   474     0214                     	;# 
   475     0214                     	;# 
   476     0215                     	;# 
   477     0215                     	;# 
   478     0215                     	;# 
   479     0215                     	;# 
   480     0216                     	;# 
   481     0216                     	;# 
   482     0217                     	;# 
   483     0217                     	;# 
   484     028C                     	;# 
   485     028D                     	;# 
   486     028E                     	;# 
   487     028F                     	;# 
   488     0290                     	;# 
   489     0291                     	;# 
   490     0291                     	;# 
   491     0292                     	;# 
   492     0293                     	;# 
   493     0293                     	;# 
   494     0298                     	;# 
   495     0298                     	;# 
   496     0299                     	;# 
   497     029A                     	;# 
   498     029A                     	;# 
   499     029E                     	;# 
   500     030C                     	;# 
   501     030D                     	;# 
   502     030E                     	;# 
   503     030F                     	;# 
   504     0310                     	;# 
   505     038C                     	;# 
   506     038D                     	;# 
   507     038E                     	;# 
   508     038F                     	;# 
   509     0390                     	;# 
   510     0391                     	;# 
   511     0392                     	;# 
   512     0393                     	;# 
   513     0394                     	;# 
   514     0395                     	;# 
   515     0396                     	;# 
   516     0397                     	;# 
   517     0398                     	;# 
   518     0399                     	;# 
   519     039D                     	;# 
   520     039E                     	;# 
   521     039F                     	;# 
   522     0415                     	;# 
   523     0416                     	;# 
   524     0417                     	;# 
   525     041C                     	;# 
   526     041D                     	;# 
   527     041E                     	;# 
   528     0498                     	;# 
   529     0498                     	;# 
   530     0499                     	;# 
   531     049A                     	;# 
   532     049B                     	;# 
   533     049B                     	;# 
   534     049C                     	;# 
   535     049D                     	;# 
   536     049E                     	;# 
   537     049F                     	;# 
   538     0511                     	;# 
   539     0515                     	;# 
   540     0617                     	;# 
   541     0618                     	;# 
   542     0619                     	;# 
   543     0619                     	;# 
   544     061A                     	;# 
   545     061B                     	;# 
   546     061C                     	;# 
   547     061C                     	;# 
   548     0691                     	;# 
   549     0692                     	;# 
   550     0693                     	;# 
   551     0694                     	;# 
   552     0695                     	;# 
   553     0696                     	;# 
   554     0697                     	;# 
   555     0698                     	;# 
   556     0699                     	;# 
   557     069A                     	;# 
   558     069B                     	;# 
   559     069C                     	;# 
   560     069D                     	;# 
   561     069E                     	;# 
   562     069F                     	;# 
   563     0E0F                     	;# 
   564     0E10                     	;# 
   565     0E11                     	;# 
   566     0E12                     	;# 
   567     0E13                     	;# 
   568     0E14                     	;# 
   569     0E15                     	;# 
   570     0E17                     	;# 
   571     0E20                     	;# 
   572     0E21                     	;# 
   573     0E22                     	;# 
   574     0E24                     	;# 
   575     0E25                     	;# 
   576     0E28                     	;# 
   577     0E29                     	;# 
   578     0E2A                     	;# 
   579     0E2B                     	;# 
   580     0E90                     	;# 
   581     0E91                     	;# 
   582     0E92                     	;# 
   583     0E93                     	;# 
   584     0E94                     	;# 
   585     0E95                     	;# 
   586     0E96                     	;# 
   587     0E97                     	;# 
   588     0E98                     	;# 
   589     0E99                     	;# 
   590     0E9A                     	;# 
   591     0E9B                     	;# 
   592     0E9C                     	;# 
   593     0E9D                     	;# 
   594     0E9E                     	;# 
   595     0E9F                     	;# 
   596     0EA0                     	;# 
   597     0EA1                     	;# 
   598     0EA2                     	;# 
   599     0EA3                     	;# 
   600     0EA4                     	;# 
   601     0EA5                     	;# 
   602     0EA6                     	;# 
   603     0EA7                     	;# 
   604     0EA8                     	;# 
   605     0EA9                     	;# 
   606     0EAA                     	;# 
   607     0EAB                     	;# 
   608     0EAC                     	;# 
   609     0EAD                     	;# 
   610     0EAE                     	;# 
   611     0EAF                     	;# 
   612     0EB0                     	;# 
   613     0EB1                     	;# 
   614     0EB2                     	;# 
   615     0F0F                     	;# 
   616     0F10                     	;# 
   617     0F11                     	;# 
   618     0F12                     	;# 
   619     0F13                     	;# 
   620     0F14                     	;# 
   621     0F15                     	;# 
   622     0F16                     	;# 
   623     0F17                     	;# 
   624     0F18                     	;# 
   625     0F19                     	;# 
   626     0F1A                     	;# 
   627     0F1B                     	;# 
   628     0F1C                     	;# 
   629     0F1D                     	;# 
   630     0F1E                     	;# 
   631     0F1F                     	;# 
   632     0F20                     	;# 
   633     0F21                     	;# 
   634     0F22                     	;# 
   635     0F23                     	;# 
   636     0F24                     	;# 
   637     0F25                     	;# 
   638     0F26                     	;# 
   639     0F27                     	;# 
   640     0F28                     	;# 
   641     0F29                     	;# 
   642     0F2A                     	;# 
   643     0F2B                     	;# 
   644     0F2C                     	;# 
   645     0F2D                     	;# 
   646     0F2E                     	;# 
   647     0F2F                     	;# 
   648     0F30                     	;# 
   649     0F31                     	;# 
   650     0F32                     	;# 
   651     0F33                     	;# 
   652     0F34                     	;# 
   653     0F35                     	;# 
   654     0F36                     	;# 
   655     0F37                     	;# 
   656     0FE4                     	;# 
   657     0FE5                     	;# 
   658     0FE6                     	;# 
   659     0FE7                     	;# 
   660     0FE8                     	;# 
   661     0FE9                     	;# 
   662     0FEA                     	;# 
   663     0FEB                     	;# 
   664     0FED                     	;# 
   665     0FEE                     	;# 
   666     0FEF                     	;# 
   667     000B                     _INTCONbits	set	11
   668     0095                     _OPTION_REGbits	set	149
   669     008D                     _TRISBbits	set	141
   670     008F                     _TRISDbits	set	143
   671     04CF                     _SPLLEN	set	1231
   672     04CE                     _IRCF3	set	1230
   673     04CD                     _IRCF2	set	1229
   674     04CC                     _IRCF1	set	1228
   675     04CB                     _IRCF0	set	1227
   676     04C9                     _SCS1	set	1225
   677     04C8                     _SCS0	set	1224
   678     010F                     _LATDbits	set	271
   679     018D                     _ANSELBbits	set	397
   680     020D                     _WPUBbits	set	525
   681     0396                     _IOCBF	set	918
   682     0395                     _IOCBNbits	set	917
   683                           
   684                           	psect	cinit
   685     0018                     start_initialization:	
   686                           ; #config settings
   687                           
   688     0018                     __initialization:
   689     0018                     end_of_initialization:	
   690                           ;End of C runtime variable initialization code
   691                           
   692     0018                     __end_of__initialization:
   693     0018  107E               	bcf	int$flags,0	;clear compiler interrupt flag (level 1)
   694     0019  0020               	movlb	0
   695     001A  3180  2839         	ljmp	_main	;jump to C main() function
   696                           
   697                           	psect	cstackCOMMON
   698     0000                     __pcstackCOMMON:
   699     0000                     ?_internal_32:
   700     0000                     ??_internal_32:	
   701                           ; 1 bytes @ 0x0
   702                           
   703     0000                     ?_initMain:	
   704                           ; 1 bytes @ 0x0
   705                           
   706     0000                     ??_initMain:	
   707                           ; 1 bytes @ 0x0
   708                           
   709     0000                     ?_main:	
   710                           ; 1 bytes @ 0x0
   711                           
   712     0000                     ??_main:	
   713                           ; 1 bytes @ 0x0
   714                           
   715     0000                     ?_isr:	
   716                           ; 1 bytes @ 0x0
   717                           
   718     0000                     ??_isr:	
   719                           ; 1 bytes @ 0x0
   720                           
   721                           
   722                           	psect	maintext
   723     0039                     __pmaintext:	
   724                           ; 1 bytes @ 0x0
   725 ;;
   726 ;;Main: autosize = 0, tempsize = 0, incstack = 0, save=0
   727 ;;
   728 ;; *************** function _main *****************
   729 ;; Defined at:
   730 ;;		line 87 in file "main.c"
   731 ;; Parameters:    Size  Location     Type
   732 ;;		None
   733 ;; Auto vars:     Size  Location     Type
   734 ;;		None
   735 ;; Return value:  Size  Location     Type
   736 ;;                  1    wreg      void 
   737 ;; Registers used:
   738 ;;		status,2, status,0, pclath, cstack
   739 ;; Tracked objects:
   740 ;;		On entry : B1F/0
   741 ;;		On exit  : 0/0
   742 ;;		Unchanged: 0/0
   743 ;; Data sizes:     COMMON   BANK0   BANK1   BANK2   BANK3   BANK4   BANK5   BANK6   BANK7   BANK8   BANK9  BANK10  BANK1
      +1  BANK12  BANK13  BANK14  BANK15  BANK16  BANK17  BANK18  BANK19  BANK20  BANK21  BANK22  BANK23  BANK24  BANK25
   744 ;;      Params:         0       0       0       0       0       0       0       0       0       0       0       0       
      +0       0       0       0       0       0       0       0       0       0       0       0       0       0       0
   745 ;;      Locals:         0       0       0       0       0       0       0       0       0       0       0       0       
      +0       0       0       0       0       0       0       0       0       0       0       0       0       0       0
   746 ;;      Temps:          0       0       0       0       0       0       0       0       0       0       0       0       
      +0       0       0       0       0       0       0       0       0       0       0       0       0       0       0
   747 ;;      Totals:         0       0       0       0       0       0       0       0       0       0       0       0       
      +0       0       0       0       0       0       0       0       0       0       0       0       0       0       0
   748 ;;Total ram usage:        0 bytes
   749 ;; Hardware stack levels required when called: 3
   750 ;; This function calls:
   751 ;;		_initMain
   752 ;; This function is called by:
   753 ;;		Startup code after reset
   754 ;; This function uses a non-reentrant model
   755 ;;
   756                           
   757     0039                     _main:	
   758                           ;psect for function _main
   759                           
   760     0039                     l631:	
   761                           ;incstack = 0
   762                           ; Regs used in _main: [status,2+status,0+pclath+cstack]
   763                           
   764                           
   765                           ;main.c: 88:     initMain();
   766     0039  3180  201C  3180   	fcall	_initMain
   767     003C                     l63:	
   768                           ;main.c: 90:     while(1){
   769                           
   770     003C                     l64:	
   771                           ;main.c: 92:     }
   772                           
   773     003C  283C               	goto	l63
   774     003D  3180  2816         	ljmp	start
   775     003F                     __end_of_main:
   776                           
   777                           	psect	text1
   778     001C                     __ptext1:	
   779 ;; *************** function _initMain *****************
   780 ;; Defined at:
   781 ;;		line 38 in file "main.c"
   782 ;; Parameters:    Size  Location     Type
   783 ;;		None
   784 ;; Auto vars:     Size  Location     Type
   785 ;;		None
   786 ;; Return value:  Size  Location     Type
   787 ;;                  1    wreg      void 
   788 ;; Registers used:
   789 ;;		status,2, status,0, pclath, cstack
   790 ;; Tracked objects:
   791 ;;		On entry : 0/0
   792 ;;		On exit  : 0/0
   793 ;;		Unchanged: 0/0
   794 ;; Data sizes:     COMMON   BANK0   BANK1   BANK2   BANK3   BANK4   BANK5   BANK6   BANK7   BANK8   BANK9  BANK10  BANK1
      +1  BANK12  BANK13  BANK14  BANK15  BANK16  BANK17  BANK18  BANK19  BANK20  BANK21  BANK22  BANK23  BANK24  BANK25
   795 ;;      Params:         0       0       0       0       0       0       0       0       0       0       0       0       
      +0       0       0       0       0       0       0       0       0       0       0       0       0       0       0
   796 ;;      Locals:         0       0       0       0       0       0       0       0       0       0       0       0       
      +0       0       0       0       0       0       0       0       0       0       0       0       0       0       0
   797 ;;      Temps:          0       0       0       0       0       0       0       0       0       0       0       0       
      +0       0       0       0       0       0       0       0       0       0       0       0       0       0       0
   798 ;;      Totals:         0       0       0       0       0       0       0       0       0       0       0       0       
      +0       0       0       0       0       0       0       0       0       0       0       0       0       0       0
   799 ;;Total ram usage:        0 bytes
   800 ;; Hardware stack levels used: 1
   801 ;; Hardware stack levels required when called: 2
   802 ;; This function calls:
   803 ;;		_internal_32
   804 ;; This function is called by:
   805 ;;		_main
   806 ;; This function uses a non-reentrant model
   807 ;;
   808                           
   809     001C                     _initMain:	
   810                           ;psect for function _initMain
   811                           
   812     001C                     l599:	
   813                           ;incstack = 0
   814                           ; Regs used in _initMain: [status,2+status,0+pclath+cstack]
   815                           
   816                           
   817                           ;main.c: 40:     internal_32();
   818     001C  3180  2030  3180   	fcall	_internal_32
   819     001F                     l601:
   820                           
   821                           ;main.c: 48:     TRISDbits.TRISD1 = 0;
   822     001F  0021               	movlb	1	; select bank1
   823     0020  108F               	bcf	15,1	;volatile
   824     0021                     l603:
   825                           
   826                           ;main.c: 51:     LATDbits.LATD1 = 0;
   827     0021  0022               	movlb	2	; select bank2
   828     0022  108F               	bcf	15,1	;volatile
   829     0023                     l605:
   830                           
   831                           ;main.c: 54:     TRISBbits.TRISB0 = 1;
   832     0023  0021               	movlb	1	; select bank1
   833     0024  140D               	bsf	13,0	;volatile
   834     0025                     l607:
   835                           
   836                           ;main.c: 57:     ANSELBbits.ANSB0 = 0;
   837     0025  0023               	movlb	3	; select bank3
   838     0026  100D               	bcf	13,0	;volatile
   839     0027                     l609:
   840                           
   841                           ;main.c: 60:     OPTION_REGbits.nWPUEN = 0;
   842     0027  0021               	movlb	1	; select bank1
   843     0028  1395               	bcf	21,7	;volatile
   844     0029                     l611:
   845                           
   846                           ;main.c: 63:     WPUBbits.WPUB0 = 1;
   847     0029  0024               	movlb	4	; select bank4
   848     002A  140D               	bsf	13,0	;volatile
   849     002B                     l613:
   850                           
   851                           ;main.c: 70:     IOCBNbits.IOCBN0 = 1;
   852     002B  0027               	movlb	7	; select bank7
   853     002C  1415               	bsf	21,0	;volatile
   854     002D                     l615:
   855                           
   856                           ;main.c: 73:     INTCONbits.IOCIE = 1;
   857     002D  158B               	bsf	11,3	;volatile
   858     002E                     l617:
   859                           
   860                           ;main.c: 76:     (INTCONbits.GIE = 1);
   861     002E  178B               	bsf	11,7	;volatile
   862     002F                     l58:
   863     002F  0008               	return
   864     0030                     __end_of_initMain:
   865                           
   866                           	psect	text2
   867     0030                     __ptext2:	
   868 ;; *************** function _internal_32 *****************
   869 ;; Defined at:
   870 ;;		line 32 in file "PIC16F1719_Internal.c"
   871 ;; Parameters:    Size  Location     Type
   872 ;;		None
   873 ;; Auto vars:     Size  Location     Type
   874 ;;		None
   875 ;; Return value:  Size  Location     Type
   876 ;;                  1    wreg      void 
   877 ;; Registers used:
   878 ;;		None
   879 ;; Tracked objects:
   880 ;;		On entry : 0/0
   881 ;;		On exit  : 0/0
   882 ;;		Unchanged: 0/0
   883 ;; Data sizes:     COMMON   BANK0   BANK1   BANK2   BANK3   BANK4   BANK5   BANK6   BANK7   BANK8   BANK9  BANK10  BANK1
      +1  BANK12  BANK13  BANK14  BANK15  BANK16  BANK17  BANK18  BANK19  BANK20  BANK21  BANK22  BANK23  BANK24  BANK25
   884 ;;      Params:         0       0       0       0       0       0       0       0       0       0       0       0       
      +0       0       0       0       0       0       0       0       0       0       0       0       0       0       0
   885 ;;      Locals:         0       0       0       0       0       0       0       0       0       0       0       0       
      +0       0       0       0       0       0       0       0       0       0       0       0       0       0       0
   886 ;;      Temps:          0       0       0       0       0       0       0       0       0       0       0       0       
      +0       0       0       0       0       0       0       0       0       0       0       0       0       0       0
   887 ;;      Totals:         0       0       0       0       0       0       0       0       0       0       0       0       
      +0       0       0       0       0       0       0       0       0       0       0       0       0       0       0
   888 ;;Total ram usage:        0 bytes
   889 ;; Hardware stack levels used: 1
   890 ;; Hardware stack levels required when called: 1
   891 ;; This function calls:
   892 ;;		Nothing
   893 ;; This function is called by:
   894 ;;		_initMain
   895 ;; This function uses a non-reentrant model
   896 ;;
   897                           
   898     0030                     _internal_32:	
   899                           ;psect for function _internal_32
   900                           
   901     0030                     l597:	
   902                           ;incstack = 0
   903                           ; Regs used in _internal_32: []
   904                           
   905                           
   906                           ;PIC16F1719_Internal.c: 34:     SCS0 = 0;
   907     0030  0021               	movlb	1	; select bank1
   908     0031  1019               	bcf	25,0	;volatile
   909                           
   910                           ;PIC16F1719_Internal.c: 35:     SCS1 = 0;
   911     0032  1099               	bcf	25,1	;volatile
   912                           
   913                           ;PIC16F1719_Internal.c: 38:     IRCF0 = 0;
   914     0033  1199               	bcf	25,3	;volatile
   915                           
   916                           ;PIC16F1719_Internal.c: 39:     IRCF1 = 1;
   917     0034  1619               	bsf	25,4	;volatile
   918                           
   919                           ;PIC16F1719_Internal.c: 40:     IRCF2 = 1;
   920     0035  1699               	bsf	25,5	;volatile
   921                           
   922                           ;PIC16F1719_Internal.c: 41:     IRCF3 = 1;
   923     0036  1719               	bsf	25,6	;volatile
   924                           
   925                           ;PIC16F1719_Internal.c: 44:     SPLLEN = 1;
   926     0037  1799               	bsf	25,7	;volatile
   927     0038                     l17:
   928     0038  0008               	return
   929     0039                     __end_of_internal_32:
   930                           
   931                           	psect	intentry
   932     0004                     __pintentry:	
   933 ;; *************** function _isr *****************
   934 ;; Defined at:
   935 ;;		line 107 in file "main.c"
   936 ;; Parameters:    Size  Location     Type
   937 ;;		None
   938 ;; Auto vars:     Size  Location     Type
   939 ;;		None
   940 ;; Return value:  Size  Location     Type
   941 ;;                  1    wreg      void 
   942 ;; Registers used:
   943 ;;		status,2, status,0
   944 ;; Tracked objects:
   945 ;;		On entry : 0/0
   946 ;;		On exit  : 0/0
   947 ;;		Unchanged: 0/0
   948 ;; Data sizes:     COMMON   BANK0   BANK1   BANK2   BANK3   BANK4   BANK5   BANK6   BANK7   BANK8   BANK9  BANK10  BANK1
      +1  BANK12  BANK13  BANK14  BANK15  BANK16  BANK17  BANK18  BANK19  BANK20  BANK21  BANK22  BANK23  BANK24  BANK25
   949 ;;      Params:         0       0       0       0       0       0       0       0       0       0       0       0       
      +0       0       0       0       0       0       0       0       0       0       0       0       0       0       0
   950 ;;      Locals:         0       0       0       0       0       0       0       0       0       0       0       0       
      +0       0       0       0       0       0       0       0       0       0       0       0       0       0       0
   951 ;;      Temps:          0       0       0       0       0       0       0       0       0       0       0       0       
      +0       0       0       0       0       0       0       0       0       0       0       0       0       0       0
   952 ;;      Totals:         0       0       0       0       0       0       0       0       0       0       0       0       
      +0       0       0       0       0       0       0       0       0       0       0       0       0       0       0
   953 ;;Total ram usage:        0 bytes
   954 ;; Hardware stack levels used: 1
   955 ;; This function calls:
   956 ;;		Nothing
   957 ;; This function is called by:
   958 ;;		Interrupt level 1
   959 ;; This function uses a non-reentrant model
   960 ;;
   961                           
   962     0004                     _isr:
   963                           
   964                           ;incstack = 0
   965     0004  147E               	bsf	int$flags,0	;set compiler interrupt flag (level 1)
   966                           
   967                           ; Regs used in _isr: [status]
   968     0005  3180               	pagesel	$
   969     0006                     i1l633:
   970                           
   971                           ;main.c: 110:     IOCBF = 0;
   972     0006  0027               	movlb	7	; select bank7
   973     0007  0196               	clrf	22	;volatile
   974     0008                     i1l635:
   975                           
   976                           ;main.c: 113:     LATDbits.LATD1 = ~LATDbits.LATD1;
   977     0008  1003               	clrc
   978     0009  0022               	movlb	2	; select bank2
   979     000A  1C8F               	btfss	15,1	;volatile
   980     000B  1403               	setc
   981     000C  1803               	btfsc	3,0
   982     000D  280F               	goto	u1_21
   983     000E  2812               	goto	u1_20
   984     000F                     u1_21:
   985     000F  0022               	movlb	2	; select bank2
   986     0010  148F               	bsf	15,1	;volatile
   987     0011  2814               	goto	u2_24
   988     0012                     u1_20:
   989     0012  0022               	movlb	2	; select bank2
   990     0013  108F               	bcf	15,1	;volatile
   991     0014                     u2_24:
   992     0014                     i1l71:
   993     0014  107E               	bcf	int$flags,0	;clear compiler interrupt flag (level 1)
   994     0015  0009               	retfie
   995     0016                     __end_of_isr:
   996     007E                     btemp	set	126	;btemp
   997     007E                     int$flags	set	126
   998     007E                     wtemp0	set	126
   999                           
  1000                           	psect	config
  1001                           
  1002                           ;Config register CONFIG1 @ 0x8007
  1003                           ;	Oscillator Selection Bits
  1004                           ;	FOSC = INTOSC, INTOSC oscillator: I/O function on CLKIN pin
  1005                           ;	Watchdog Timer Enable
  1006                           ;	WDTE = ON, WDT enabled
  1007                           ;	Power-up Timer Enable
  1008                           ;	PWRTE = OFF, PWRT disabled
  1009                           ;	MCLR Pin Function Select
  1010                           ;	MCLRE = OFF, MCLR/VPP pin function is digital input if LVP bit is also 0.
  1011                           ;	Flash Program Memory Code Protection
  1012                           ;	CP = OFF, Program memory code protection is disabled
  1013                           ;	Brown-out Reset Enable
  1014                           ;	BOREN = OFF, Brown-out Reset disabled
  1015                           ;	Clock Out Enable
  1016                           ;	CLKOUTEN = OFF, CLKOUT function is disabled. I/O or oscillator function on the CLKOUT 
      +                          pin
  1017                           ;	Internal/External Switchover Mode
  1018                           ;	IESO = ON, Internal/External Switchover Mode is enabled
  1019                           ;	Fail-Safe Clock Monitor Enable
  1020                           ;	FCMEN = OFF, Fail-Safe Clock Monitor is disabled
  1021     8007                     	org	32775
  1022     8007  19BC               	dw	6588
  1023                           
  1024                           ;Config register CONFIG2 @ 0x8008
  1025                           ;	Flash Memory Self-Write Protection
  1026                           ;	WRT = OFF, Write protection off
  1027                           ;	Peripheral Pin Select one-way control
  1028                           ;	PPS1WAY = ON, The PPSLOCK bit cannot be cleared once it is set by software
  1029                           ;	Zero-cross detect disable
  1030                           ;	ZCDDIS = ON, ZCD disabled. ZCD can be enabled by setting the ZCDSEN bit of ZCDCON
  1031                           ;	Phase Lock Loop enable
  1032                           ;	PLLEN = OFF, 4x PLL is disabled
  1033                           ;	Stack Overflow/Underflow Reset Enable
  1034                           ;	STVREN = ON, Stack Overflow or Underflow will cause a Reset
  1035                           ;	Brown-out Reset Voltage Selection
  1036                           ;	BORV = LO, Brown-out Reset Voltage (Vbor), low trip point selected.
  1037                           ;	Low-Power Brown Out Reset
  1038                           ;	LPBOR = OFF, Low-Power BOR is disabled
  1039                           ;	In-Circuit Debugger Mode
  1040                           ;	DEBUG = 0x1, unprogrammed default
  1041                           ;	Low-Voltage Programming Enable
  1042                           ;	LVP = OFF, High-voltage on MCLR/VPP must be used for programming
  1043     8008                     	org	32776
  1044     8008  1EFF               	dw	7935

Data Sizes:
    Strings     0
    Constant    0
    Data        0
    BSS         0
    Persistent  32
    Stack       0

Auto Spaces:
    Space          Size  Autos    Used
    COMMON           14      0       0
    BANK0            80      0       0
    BANK1            80      0       0
    BANK2            80      0       0
    BANK3            80      0       0
    BANK4            80      0       0
    BANK5            80      0       0
    BANK6            80      0       0
    BANK7            80      0       0
    BANK8            80      0       0
    BANK9            80      0       0
    BANK10           80      0       0
    BANK11           80      0       0
    BANK12           80      0       0
    BANK13           80      0       0
    BANK14           80      0       0
    BANK15           80      0       0
    BANK16           80      0       0
    BANK17           80      0       0
    BANK18           80      0       0
    BANK19           80      0       0
    BANK20           80      0       0
    BANK21           80      0       0
    BANK22           80      0       0
    BANK23           80      0       0
    BANK24           80      0       0
    BANK25           32      0       0

Pointer List with Targets:

    None.

Critical Paths under _main in COMMON

    None.

Critical Paths under _isr in COMMON

    None.

Critical Paths under _main in BANK0

    None.

Critical Paths under _isr in BANK0

    None.

Critical Paths under _main in BANK1

    None.

Critical Paths under _isr in BANK1

    None.

Critical Paths under _main in BANK2

    None.

Critical Paths under _isr in BANK2

    None.

Critical Paths under _main in BANK3

    None.

Critical Paths under _isr in BANK3

    None.

Critical Paths under _main in BANK4

    None.

Critical Paths under _isr in BANK4

    None.

Critical Paths under _main in BANK5

    None.

Critical Paths under _isr in BANK5

    None.

Critical Paths under _main in BANK6

    None.

Critical Paths under _isr in BANK6

    None.

Critical Paths under _main in BANK7

    None.

Critical Paths under _isr in BANK7

    None.

Critical Paths under _main in BANK8

    None.

Critical Paths under _isr in BANK8

    None.

Critical Paths under _main in BANK9

    None.

Critical Paths under _isr in BANK9

    None.

Critical Paths under _main in BANK10

    None.

Critical Paths under _isr in BANK10

    None.

Critical Paths under _main in BANK11

    None.

Critical Paths under _isr in BANK11

    None.

Critical Paths under _main in BANK12

    None.

Critical Paths under _isr in BANK12

    None.

Critical Paths under _main in BANK13

    None.

Critical Paths under _isr in BANK13

    None.

Critical Paths under _main in BANK14

    None.

Critical Paths under _isr in BANK14

    None.

Critical Paths under _main in BANK15

    None.

Critical Paths under _isr in BANK15

    None.

Critical Paths under _main in BANK16

    None.

Critical Paths under _isr in BANK16

    None.

Critical Paths under _main in BANK17

    None.

Critical Paths under _isr in BANK17

    None.

Critical Paths under _main in BANK18

    None.

Critical Paths under _isr in BANK18

    None.

Critical Paths under _main in BANK19

    None.

Critical Paths under _isr in BANK19

    None.

Critical Paths under _main in BANK20

    None.

Critical Paths under _isr in BANK20

    None.

Critical Paths under _main in BANK21

    None.

Critical Paths under _isr in BANK21

    None.

Critical Paths under _main in BANK22

    None.

Critical Paths under _isr in BANK22

    None.

Critical Paths under _main in BANK23

    None.

Critical Paths under _isr in BANK23

    None.

Critical Paths under _main in BANK24

    None.

Critical Paths under _isr in BANK24

    None.

Critical Paths under _main in BANK25

    None.

Critical Paths under _isr in BANK25

    None.

Call Graph Tables:

 ---------------------------------------------------------------------------------
 (Depth) Function   	        Calls       Base Space   Used Autos Params    Refs
 ---------------------------------------------------------------------------------
 (0) _main                                                 0     0      0       0
                           _initMain
 ---------------------------------------------------------------------------------
 (1) _initMain                                             0     0      0       0
                        _internal_32
 ---------------------------------------------------------------------------------
 (2) _internal_32                                          0     0      0       0
 ---------------------------------------------------------------------------------
 Estimated maximum stack depth 2
 ---------------------------------------------------------------------------------
 (Depth) Function   	        Calls       Base Space   Used Autos Params    Refs
 ---------------------------------------------------------------------------------
 (3) _isr                                                  0     0      0       0
 ---------------------------------------------------------------------------------
 Estimated maximum stack depth 3
 ---------------------------------------------------------------------------------

 Call Graph Graphs:

 _main (ROOT)
   _initMain
     _internal_32

 _isr (ROOT)

 Address spaces:
Name               Size   Autos  Total    Cost      Usage
BIGRAM             7F0      0       0       0        0.0%
NULL                 0      0       0       0        0.0%
CODE                 0      0       0       0        0.0%
BITCOMMON            E      0       0       1        0.0%
BITSFR0              0      0       0       1        0.0%
SFR0                 0      0       0       1        0.0%
COMMON               E      0       0       2        0.0%
BITSFR1              0      0       0       2        0.0%
SFR1                 0      0       0       2        0.0%
BITSFR2              0      0       0       3        0.0%
SFR2                 0      0       0       3        0.0%
STACK                0      0       0       3        0.0%
BITBANK0            50      0       0       4        0.0%
BITSFR3              0      0       0       4        0.0%
SFR3                 0      0       0       4        0.0%
BANK0               50      0       0       5        0.0%
BITSFR4              0      0       0       5        0.0%
SFR4                 0      0       0       5        0.0%
BITBANK1            50      0       0       6        0.0%
BITSFR5              0      0       0       6        0.0%
SFR5                 0      0       0       6        0.0%
BANK1               50      0       0       7        0.0%
BITSFR6              0      0       0       7        0.0%
SFR6                 0      0       0       7        0.0%
BITBANK2            50      0       0       8        0.0%
BITSFR7              0      0       0       8        0.0%
SFR7                 0      0       0       8        0.0%
BANK2               50      0       0       9        0.0%
BITSFR8              0      0       0       9        0.0%
SFR8                 0      0       0       9        0.0%
BITBANK3            50      0       0      10        0.0%
BITSFR9              0      0       0      10        0.0%
SFR9                 0      0       0      10        0.0%
BANK3               50      0       0      11        0.0%
BITSFR10             0      0       0      11        0.0%
SFR10                0      0       0      11        0.0%
BITBANK4            50      0       0      12        0.0%
BITSFR11             0      0       0      12        0.0%
SFR11                0      0       0      12        0.0%
BANK4               50      0       0      13        0.0%
BITSFR12             0      0       0      13        0.0%
SFR12                0      0       0      13        0.0%
BITSFR13             0      0       0      14        0.0%
SFR13                0      0       0      14        0.0%
ABS                  0      0       0      14        0.0%
BITBANK5            50      0       0      15        0.0%
BITSFR14             0      0       0      15        0.0%
SFR14                0      0       0      15        0.0%
BANK5               50      0       0      16        0.0%
BITSFR15             0      0       0      16        0.0%
SFR15                0      0       0      16        0.0%
BITBANK6            50      0       0      17        0.0%
BITSFR16             0      0       0      17        0.0%
SFR16                0      0       0      17        0.0%
BANK6               50      0       0      18        0.0%
BITSFR17             0      0       0      18        0.0%
SFR17                0      0       0      18        0.0%
BITBANK7            50      0       0      19        0.0%
BITSFR18             0      0       0      19        0.0%
SFR18                0      0       0      19        0.0%
BANK7               50      0       0      20        0.0%
BITSFR19             0      0       0      20        0.0%
SFR19                0      0       0      20        0.0%
BITBANK8            50      0       0      21        0.0%
BITSFR20             0      0       0      21        0.0%
SFR20                0      0       0      21        0.0%
BANK8               50      0       0      22        0.0%
BITSFR21             0      0       0      22        0.0%
SFR21                0      0       0      22        0.0%
BITBANK9            50      0       0      23        0.0%
BITSFR22             0      0       0      23        0.0%
SFR22                0      0       0      23        0.0%
BANK9               50      0       0      24        0.0%
BITSFR23             0      0       0      24        0.0%
SFR23                0      0       0      24        0.0%
BITBANK10           50      0       0      25        0.0%
BITSFR24             0      0       0      25        0.0%
SFR24                0      0       0      25        0.0%
BANK10              50      0       0      26        0.0%
BITSFR25             0      0       0      26        0.0%
SFR25                0      0       0      26        0.0%
BITBANK11           50      0       0      27        0.0%
BITSFR26             0      0       0      27        0.0%
SFR26                0      0       0      27        0.0%
BITSFR27             0      0       0      28        0.0%
SFR27                0      0       0      28        0.0%
DATA                 0      0       0      28        0.0%
BANK11              50      0       0      29        0.0%
BITSFR28             0      0       0      29        0.0%
SFR28                0      0       0      29        0.0%
BITBANK12           50      0       0      30        0.0%
BITSFR29             0      0       0      30        0.0%
SFR29                0      0       0      30        0.0%
BANK12              50      0       0      31        0.0%
BITSFR30             0      0       0      31        0.0%
SFR30                0      0       0      31        0.0%
BITBANK13           50      0       0      32        0.0%
BITSFR31             0      0       0      32        0.0%
SFR31                0      0       0      32        0.0%
BANK13              50      0       0      33        0.0%
BITBANK14           50      0       0      34        0.0%
BANK14              50      0       0      35        0.0%
BITBANK15           50      0       0      36        0.0%
BANK15              50      0       0      37        0.0%
BITBANK16           50      0       0      38        0.0%
BANK16              50      0       0      39        0.0%
BITBANK17           50      0       0      40        0.0%
BANK17              50      0       0      41        0.0%
BITBANK18           50      0       0      42        0.0%
BANK18              50      0       0      43        0.0%
BITBANK19           50      0       0      44        0.0%
BANK19              50      0       0      45        0.0%
BITBANK20           50      0       0      46        0.0%
BANK20              50      0       0      47        0.0%
BITBANK21           50      0       0      48        0.0%
BANK21              50      0       0      49        0.0%
BITBANK22           50      0       0      50        0.0%
BANK22              50      0       0      51        0.0%
BITBANK23           50      0       0      52        0.0%
BANK23              50      0       0      53        0.0%
BITBANK24           50      0       0      54        0.0%
BANK24              50      0       0      55        0.0%
BITBANK25           20      0       0      56        0.0%
BANK25              20      0       0      57        0.0%


Microchip Technology PIC Macro Assembler V2.45 build 20230818022343 
Symbol Table                                                                                   Sat Nov 18 02:21:39 2023

                     l17 0038                       l63 003C                       l64 003C  
                     l58 002F                      l601 001F                      l611 0029  
                    l603 0021                      l613 002B                      l605 0023  
                    l615 002D                      l607 0025                      l631 0039  
                    l617 002E                      l609 0027                      l597 0030  
                    l599 001C                      _isr 0004                     ?_isr 0000  
                   i1l71 0014                     _SCS0 04C8                     _SCS1 04C9  
                   u1_20 0012                     u1_21 000F                     u2_24 0014  
                   _main 0039                     btemp 007E                     start 0016  
                  ??_isr 0000                    ?_main 0000                    _IOCBF 0396  
                  _IRCF0 04CB                    _IRCF1 04CC                    _IRCF2 04CD  
                  _IRCF3 04CE                    i1l633 0006                    i1l635 0008  
                  status 0003                    wtemp0 007E             ?_internal_32 0000  
        __initialization 0018             __end_of_main 003F                   ??_main 0000  
                 _SPLLEN 04CF         __end_of_initMain 0030  __end_of__initialization 0018  
         __pcstackCOMMON 0000           _OPTION_REGbits 0095               __pmaintext 0039  
             __pintentry 0004                ?_initMain 0000                  __ptext1 001C  
                __ptext2 0030                _IOCBNbits 0395     end_of_initialization 0018  
             ??_initMain 0000                _TRISBbits 008D                _TRISDbits 008F  
    start_initialization 0018              __end_of_isr 0016                ___latbits 0003  
          ??_internal_32 0000                 _LATDbits 010F      __end_of_internal_32 0039  
               _WPUBbits 020D               _ANSELBbits 018D                 _initMain 001C  
            _internal_32 0030                 int$flags 007E               _INTCONbits 000B  
               intlevel1 0000  
