

Microchip MPLAB XC8 Assembler V2.05 build -831301201 
                                                                                               Mon Apr 22 14:02:43 2019

Microchip MPLAB XC8 C Compiler v2.05 (Free license) build 20181220022703 Og1 
     1                           	processor	16F1719
     2                           	opt	pw 120
     3                           	opt	flic
     4                           	psect	cinit,global,class=CODE,merge=1,delta=2
     5                           	psect	cstackCOMMON,global,class=COMMON,space=1,delta=1
     6                           	psect	maintext,global,class=CODE,merge=1,split=1,delta=2
     7                           	psect	text1,local,class=CODE,merge=1,delta=2
     8                           	psect	text2,local,class=CODE,merge=1,delta=2
     9                           	psect	text3,local,class=CODE,merge=1,delta=2
    10                           	psect	text4,local,class=CODE,merge=1,delta=2
    11                           	psect	text5,local,class=CODE,merge=1,delta=2
    12                           	dabs	1,0x7E,2
    13  0000                     
    14                           ; Version 2.05
    15                           ; Generated 20/12/2018 GMT
    16                           ; 
    17                           ; Copyright © 2018, Microchip Technology Inc. and its subsidiaries ("Microchip")
    18                           ; All rights reserved.
    19                           ; 
    20                           ; This software is developed by Microchip Technology Inc. and its subsidiaries ("Microch
      +                          ip").
    21                           ; 
    22                           ; Redistribution and use in source and binary forms, with or without modification, are
    23                           ; permitted provided that the following conditions are met:
    24                           ; 
    25                           ;     1. Redistributions of source code must retain the above copyright notice, this lis
      +                          t of
    26                           ;        conditions and the following disclaimer.
    27                           ; 
    28                           ;     2. Redistributions in binary form must reproduce the above copyright notice, this 
      +                          list
    29                           ;        of conditions and the following disclaimer in the documentation and/or other
    30                           ;        materials provided with the distribution.
    31                           ; 
    32                           ;     3. Microchip's name may not be used to endorse or promote products derived from th
      +                          is
    33                           ;        software without specific prior written permission.
    34                           ; 
    35                           ; THIS SOFTWARE IS PROVIDED BY MICROCHIP "AS IS" AND ANY EXPRESS OR IMPLIED WARRANTIES,
    36                           ; INCLUDING, BUT NOT LIMITED TO, THE IMPLIED WARRANTIES OF MERCHANTABILITY AND FITNESS F
      +                          OR
    37                           ; PURPOSE ARE DISCLAIMED.  IN NO EVENT SHALL MICROCHIP BE LIABLE FOR ANY DIRECT, INDIREC
      +                          T,
    38                           ; INCIDENTAL, SPECIAL, EXEMPLARY, OR CONSEQUENTIAL DAMAGES (INCLUDING BUT NOT LIMITED TO
    39                           ; PROCUREMENT OF SUBSTITUTE GOODS OR SERVICES; LOSS OF USE, DATA OR PROFITS; OR BUSINESS
    40                           ; INTERRUPTION) HOWSOEVER CAUSED AND ON ANY THEORY OF LIABILITY, WHETHER IN CONTRACT, ST
      +                          RICT
    41                           ; LIABILITY, OR TORT (INCLUDING NEGLIGENCE OR OTHERWISE) ARISING IN ANY WAY OUT OF THE U
      +                          SE OF
    42                           ; THIS SOFTWARE, EVEN IF ADVISED OF THE POSSIBILITY OF SUCH DAMAGE.
    43                           ; 
    44                           ; 
    45                           ; Code-generator required, PIC16F1719 Definitions
    46                           ; 
    47                           ; SFR Addresses
    48  0000                     	;# 
    49  0001                     	;# 
    50  0002                     	;# 
    51  0003                     	;# 
    52  0004                     	;# 
    53  0005                     	;# 
    54  0006                     	;# 
    55  0007                     	;# 
    56  0008                     	;# 
    57  0009                     	;# 
    58  000A                     	;# 
    59  000B                     	;# 
    60  000C                     	;# 
    61  000D                     	;# 
    62  000E                     	;# 
    63  000F                     	;# 
    64  0010                     	;# 
    65  0011                     	;# 
    66  0012                     	;# 
    67  0013                     	;# 
    68  0015                     	;# 
    69  0016                     	;# 
    70  0016                     	;# 
    71  0017                     	;# 
    72  0018                     	;# 
    73  0019                     	;# 
    74  001A                     	;# 
    75  001B                     	;# 
    76  001C                     	;# 
    77  008C                     	;# 
    78  008D                     	;# 
    79  008E                     	;# 
    80  008F                     	;# 
    81  0090                     	;# 
    82  0091                     	;# 
    83  0092                     	;# 
    84  0093                     	;# 
    85  0095                     	;# 
    86  0096                     	;# 
    87  0097                     	;# 
    88  0098                     	;# 
    89  0099                     	;# 
    90  009A                     	;# 
    91  009B                     	;# 
    92  009B                     	;# 
    93  009C                     	;# 
    94  009D                     	;# 
    95  009E                     	;# 
    96  009F                     	;# 
    97  010C                     	;# 
    98  010D                     	;# 
    99  010E                     	;# 
   100  010F                     	;# 
   101  0110                     	;# 
   102  0111                     	;# 
   103  0112                     	;# 
   104  0113                     	;# 
   105  0114                     	;# 
   106  0115                     	;# 
   107  0116                     	;# 
   108  0117                     	;# 
   109  0118                     	;# 
   110  0119                     	;# 
   111  011A                     	;# 
   112  011B                     	;# 
   113  011B                     	;# 
   114  011C                     	;# 
   115  018C                     	;# 
   116  018D                     	;# 
   117  018E                     	;# 
   118  018F                     	;# 
   119  0190                     	;# 
   120  0191                     	;# 
   121  0191                     	;# 
   122  0192                     	;# 
   123  0193                     	;# 
   124  0193                     	;# 
   125  0194                     	;# 
   126  0195                     	;# 
   127  0196                     	;# 
   128  0197                     	;# 
   129  0199                     	;# 
   130  0199                     	;# 
   131  0199                     	;# 
   132  019A                     	;# 
   133  019A                     	;# 
   134  019A                     	;# 
   135  019B                     	;# 
   136  019B                     	;# 
   137  019B                     	;# 
   138  019B                     	;# 
   139  019B                     	;# 
   140  019C                     	;# 
   141  019C                     	;# 
   142  019C                     	;# 
   143  019D                     	;# 
   144  019D                     	;# 
   145  019D                     	;# 
   146  019E                     	;# 
   147  019E                     	;# 
   148  019E                     	;# 
   149  019F                     	;# 
   150  019F                     	;# 
   151  019F                     	;# 
   152  019F                     	;# 
   153  019F                     	;# 
   154  020C                     	;# 
   155  020D                     	;# 
   156  020E                     	;# 
   157  020F                     	;# 
   158  0210                     	;# 
   159  0211                     	;# 
   160  0211                     	;# 
   161  0212                     	;# 
   162  0212                     	;# 
   163  0213                     	;# 
   164  0213                     	;# 
   165  0214                     	;# 
   166  0214                     	;# 
   167  0215                     	;# 
   168  0215                     	;# 
   169  0215                     	;# 
   170  0215                     	;# 
   171  0216                     	;# 
   172  0216                     	;# 
   173  0217                     	;# 
   174  0217                     	;# 
   175  028C                     	;# 
   176  028D                     	;# 
   177  028E                     	;# 
   178  028F                     	;# 
   179  0290                     	;# 
   180  0291                     	;# 
   181  0291                     	;# 
   182  0292                     	;# 
   183  0293                     	;# 
   184  0293                     	;# 
   185  0298                     	;# 
   186  0298                     	;# 
   187  0299                     	;# 
   188  029A                     	;# 
   189  029A                     	;# 
   190  029E                     	;# 
   191  030C                     	;# 
   192  030D                     	;# 
   193  030E                     	;# 
   194  030F                     	;# 
   195  0310                     	;# 
   196  038C                     	;# 
   197  038D                     	;# 
   198  038E                     	;# 
   199  038F                     	;# 
   200  0390                     	;# 
   201  0391                     	;# 
   202  0392                     	;# 
   203  0393                     	;# 
   204  0394                     	;# 
   205  0395                     	;# 
   206  0396                     	;# 
   207  0397                     	;# 
   208  0398                     	;# 
   209  0399                     	;# 
   210  039D                     	;# 
   211  039E                     	;# 
   212  039F                     	;# 
   213  0415                     	;# 
   214  0416                     	;# 
   215  0417                     	;# 
   216  041C                     	;# 
   217  041D                     	;# 
   218  041E                     	;# 
   219  0498                     	;# 
   220  0498                     	;# 
   221  0499                     	;# 
   222  049A                     	;# 
   223  049B                     	;# 
   224  049B                     	;# 
   225  049C                     	;# 
   226  049D                     	;# 
   227  049E                     	;# 
   228  049F                     	;# 
   229  0511                     	;# 
   230  0515                     	;# 
   231  0617                     	;# 
   232  0618                     	;# 
   233  0619                     	;# 
   234  0619                     	;# 
   235  061A                     	;# 
   236  061B                     	;# 
   237  061C                     	;# 
   238  061C                     	;# 
   239  0691                     	;# 
   240  0692                     	;# 
   241  0693                     	;# 
   242  0694                     	;# 
   243  0695                     	;# 
   244  0696                     	;# 
   245  0697                     	;# 
   246  0698                     	;# 
   247  0699                     	;# 
   248  069A                     	;# 
   249  069B                     	;# 
   250  069C                     	;# 
   251  069D                     	;# 
   252  069E                     	;# 
   253  069F                     	;# 
   254  0E0F                     	;# 
   255  0E10                     	;# 
   256  0E11                     	;# 
   257  0E12                     	;# 
   258  0E13                     	;# 
   259  0E14                     	;# 
   260  0E15                     	;# 
   261  0E17                     	;# 
   262  0E20                     	;# 
   263  0E21                     	;# 
   264  0E22                     	;# 
   265  0E24                     	;# 
   266  0E25                     	;# 
   267  0E28                     	;# 
   268  0E29                     	;# 
   269  0E2A                     	;# 
   270  0E2B                     	;# 
   271  0E90                     	;# 
   272  0E91                     	;# 
   273  0E92                     	;# 
   274  0E93                     	;# 
   275  0E94                     	;# 
   276  0E95                     	;# 
   277  0E96                     	;# 
   278  0E97                     	;# 
   279  0E98                     	;# 
   280  0E99                     	;# 
   281  0E9A                     	;# 
   282  0E9B                     	;# 
   283  0E9C                     	;# 
   284  0E9D                     	;# 
   285  0E9E                     	;# 
   286  0E9F                     	;# 
   287  0EA0                     	;# 
   288  0EA1                     	;# 
   289  0EA2                     	;# 
   290  0EA3                     	;# 
   291  0EA4                     	;# 
   292  0EA5                     	;# 
   293  0EA6                     	;# 
   294  0EA7                     	;# 
   295  0EA8                     	;# 
   296  0EA9                     	;# 
   297  0EAA                     	;# 
   298  0EAB                     	;# 
   299  0EAC                     	;# 
   300  0EAD                     	;# 
   301  0EAE                     	;# 
   302  0EAF                     	;# 
   303  0EB0                     	;# 
   304  0EB1                     	;# 
   305  0EB2                     	;# 
   306  0F0F                     	;# 
   307  0F10                     	;# 
   308  0F11                     	;# 
   309  0F12                     	;# 
   310  0F13                     	;# 
   311  0F14                     	;# 
   312  0F15                     	;# 
   313  0F16                     	;# 
   314  0F17                     	;# 
   315  0F18                     	;# 
   316  0F19                     	;# 
   317  0F1A                     	;# 
   318  0F1B                     	;# 
   319  0F1C                     	;# 
   320  0F1D                     	;# 
   321  0F1E                     	;# 
   322  0F1F                     	;# 
   323  0F20                     	;# 
   324  0F21                     	;# 
   325  0F22                     	;# 
   326  0F23                     	;# 
   327  0F24                     	;# 
   328  0F25                     	;# 
   329  0F26                     	;# 
   330  0F27                     	;# 
   331  0F28                     	;# 
   332  0F29                     	;# 
   333  0F2A                     	;# 
   334  0F2B                     	;# 
   335  0F2C                     	;# 
   336  0F2D                     	;# 
   337  0F2E                     	;# 
   338  0F2F                     	;# 
   339  0F30                     	;# 
   340  0F31                     	;# 
   341  0F32                     	;# 
   342  0F33                     	;# 
   343  0F34                     	;# 
   344  0F35                     	;# 
   345  0F36                     	;# 
   346  0F37                     	;# 
   347  0FE4                     	;# 
   348  0FE5                     	;# 
   349  0FE6                     	;# 
   350  0FE7                     	;# 
   351  0FE8                     	;# 
   352  0FE9                     	;# 
   353  0FEA                     	;# 
   354  0FEB                     	;# 
   355  0FED                     	;# 
   356  0FEE                     	;# 
   357  0FEF                     	;# 
   358  0000                     	;# 
   359  0001                     	;# 
   360  0002                     	;# 
   361  0003                     	;# 
   362  0004                     	;# 
   363  0005                     	;# 
   364  0006                     	;# 
   365  0007                     	;# 
   366  0008                     	;# 
   367  0009                     	;# 
   368  000A                     	;# 
   369  000B                     	;# 
   370  000C                     	;# 
   371  000D                     	;# 
   372  000E                     	;# 
   373  000F                     	;# 
   374  0010                     	;# 
   375  0011                     	;# 
   376  0012                     	;# 
   377  0013                     	;# 
   378  0015                     	;# 
   379  0016                     	;# 
   380  0016                     	;# 
   381  0017                     	;# 
   382  0018                     	;# 
   383  0019                     	;# 
   384  001A                     	;# 
   385  001B                     	;# 
   386  001C                     	;# 
   387  008C                     	;# 
   388  008D                     	;# 
   389  008E                     	;# 
   390  008F                     	;# 
   391  0090                     	;# 
   392  0091                     	;# 
   393  0092                     	;# 
   394  0093                     	;# 
   395  0095                     	;# 
   396  0096                     	;# 
   397  0097                     	;# 
   398  0098                     	;# 
   399  0099                     	;# 
   400  009A                     	;# 
   401  009B                     	;# 
   402  009B                     	;# 
   403  009C                     	;# 
   404  009D                     	;# 
   405  009E                     	;# 
   406  009F                     	;# 
   407  010C                     	;# 
   408  010D                     	;# 
   409  010E                     	;# 
   410  010F                     	;# 
   411  0110                     	;# 
   412  0111                     	;# 
   413  0112                     	;# 
   414  0113                     	;# 
   415  0114                     	;# 
   416  0115                     	;# 
   417  0116                     	;# 
   418  0117                     	;# 
   419  0118                     	;# 
   420  0119                     	;# 
   421  011A                     	;# 
   422  011B                     	;# 
   423  011B                     	;# 
   424  011C                     	;# 
   425  018C                     	;# 
   426  018D                     	;# 
   427  018E                     	;# 
   428  018F                     	;# 
   429  0190                     	;# 
   430  0191                     	;# 
   431  0191                     	;# 
   432  0192                     	;# 
   433  0193                     	;# 
   434  0193                     	;# 
   435  0194                     	;# 
   436  0195                     	;# 
   437  0196                     	;# 
   438  0197                     	;# 
   439  0199                     	;# 
   440  0199                     	;# 
   441  0199                     	;# 
   442  019A                     	;# 
   443  019A                     	;# 
   444  019A                     	;# 
   445  019B                     	;# 
   446  019B                     	;# 
   447  019B                     	;# 
   448  019B                     	;# 
   449  019B                     	;# 
   450  019C                     	;# 
   451  019C                     	;# 
   452  019C                     	;# 
   453  019D                     	;# 
   454  019D                     	;# 
   455  019D                     	;# 
   456  019E                     	;# 
   457  019E                     	;# 
   458  019E                     	;# 
   459  019F                     	;# 
   460  019F                     	;# 
   461  019F                     	;# 
   462  019F                     	;# 
   463  019F                     	;# 
   464  020C                     	;# 
   465  020D                     	;# 
   466  020E                     	;# 
   467  020F                     	;# 
   468  0210                     	;# 
   469  0211                     	;# 
   470  0211                     	;# 
   471  0212                     	;# 
   472  0212                     	;# 
   473  0213                     	;# 
   474  0213                     	;# 
   475  0214                     	;# 
   476  0214                     	;# 
   477  0215                     	;# 
   478  0215                     	;# 
   479  0215                     	;# 
   480  0215                     	;# 
   481  0216                     	;# 
   482  0216                     	;# 
   483  0217                     	;# 
   484  0217                     	;# 
   485  028C                     	;# 
   486  028D                     	;# 
   487  028E                     	;# 
   488  028F                     	;# 
   489  0290                     	;# 
   490  0291                     	;# 
   491  0291                     	;# 
   492  0292                     	;# 
   493  0293                     	;# 
   494  0293                     	;# 
   495  0298                     	;# 
   496  0298                     	;# 
   497  0299                     	;# 
   498  029A                     	;# 
   499  029A                     	;# 
   500  029E                     	;# 
   501  030C                     	;# 
   502  030D                     	;# 
   503  030E                     	;# 
   504  030F                     	;# 
   505  0310                     	;# 
   506  038C                     	;# 
   507  038D                     	;# 
   508  038E                     	;# 
   509  038F                     	;# 
   510  0390                     	;# 
   511  0391                     	;# 
   512  0392                     	;# 
   513  0393                     	;# 
   514  0394                     	;# 
   515  0395                     	;# 
   516  0396                     	;# 
   517  0397                     	;# 
   518  0398                     	;# 
   519  0399                     	;# 
   520  039D                     	;# 
   521  039E                     	;# 
   522  039F                     	;# 
   523  0415                     	;# 
   524  0416                     	;# 
   525  0417                     	;# 
   526  041C                     	;# 
   527  041D                     	;# 
   528  041E                     	;# 
   529  0498                     	;# 
   530  0498                     	;# 
   531  0499                     	;# 
   532  049A                     	;# 
   533  049B                     	;# 
   534  049B                     	;# 
   535  049C                     	;# 
   536  049D                     	;# 
   537  049E                     	;# 
   538  049F                     	;# 
   539  0511                     	;# 
   540  0515                     	;# 
   541  0617                     	;# 
   542  0618                     	;# 
   543  0619                     	;# 
   544  0619                     	;# 
   545  061A                     	;# 
   546  061B                     	;# 
   547  061C                     	;# 
   548  061C                     	;# 
   549  0691                     	;# 
   550  0692                     	;# 
   551  0693                     	;# 
   552  0694                     	;# 
   553  0695                     	;# 
   554  0696                     	;# 
   555  0697                     	;# 
   556  0698                     	;# 
   557  0699                     	;# 
   558  069A                     	;# 
   559  069B                     	;# 
   560  069C                     	;# 
   561  069D                     	;# 
   562  069E                     	;# 
   563  069F                     	;# 
   564  0E0F                     	;# 
   565  0E10                     	;# 
   566  0E11                     	;# 
   567  0E12                     	;# 
   568  0E13                     	;# 
   569  0E14                     	;# 
   570  0E15                     	;# 
   571  0E17                     	;# 
   572  0E20                     	;# 
   573  0E21                     	;# 
   574  0E22                     	;# 
   575  0E24                     	;# 
   576  0E25                     	;# 
   577  0E28                     	;# 
   578  0E29                     	;# 
   579  0E2A                     	;# 
   580  0E2B                     	;# 
   581  0E90                     	;# 
   582  0E91                     	;# 
   583  0E92                     	;# 
   584  0E93                     	;# 
   585  0E94                     	;# 
   586  0E95                     	;# 
   587  0E96                     	;# 
   588  0E97                     	;# 
   589  0E98                     	;# 
   590  0E99                     	;# 
   591  0E9A                     	;# 
   592  0E9B                     	;# 
   593  0E9C                     	;# 
   594  0E9D                     	;# 
   595  0E9E                     	;# 
   596  0E9F                     	;# 
   597  0EA0                     	;# 
   598  0EA1                     	;# 
   599  0EA2                     	;# 
   600  0EA3                     	;# 
   601  0EA4                     	;# 
   602  0EA5                     	;# 
   603  0EA6                     	;# 
   604  0EA7                     	;# 
   605  0EA8                     	;# 
   606  0EA9                     	;# 
   607  0EAA                     	;# 
   608  0EAB                     	;# 
   609  0EAC                     	;# 
   610  0EAD                     	;# 
   611  0EAE                     	;# 
   612  0EAF                     	;# 
   613  0EB0                     	;# 
   614  0EB1                     	;# 
   615  0EB2                     	;# 
   616  0F0F                     	;# 
   617  0F10                     	;# 
   618  0F11                     	;# 
   619  0F12                     	;# 
   620  0F13                     	;# 
   621  0F14                     	;# 
   622  0F15                     	;# 
   623  0F16                     	;# 
   624  0F17                     	;# 
   625  0F18                     	;# 
   626  0F19                     	;# 
   627  0F1A                     	;# 
   628  0F1B                     	;# 
   629  0F1C                     	;# 
   630  0F1D                     	;# 
   631  0F1E                     	;# 
   632  0F1F                     	;# 
   633  0F20                     	;# 
   634  0F21                     	;# 
   635  0F22                     	;# 
   636  0F23                     	;# 
   637  0F24                     	;# 
   638  0F25                     	;# 
   639  0F26                     	;# 
   640  0F27                     	;# 
   641  0F28                     	;# 
   642  0F29                     	;# 
   643  0F2A                     	;# 
   644  0F2B                     	;# 
   645  0F2C                     	;# 
   646  0F2D                     	;# 
   647  0F2E                     	;# 
   648  0F2F                     	;# 
   649  0F30                     	;# 
   650  0F31                     	;# 
   651  0F32                     	;# 
   652  0F33                     	;# 
   653  0F34                     	;# 
   654  0F35                     	;# 
   655  0F36                     	;# 
   656  0F37                     	;# 
   657  0FE4                     	;# 
   658  0FE5                     	;# 
   659  0FE6                     	;# 
   660  0FE7                     	;# 
   661  0FE8                     	;# 
   662  0FE9                     	;# 
   663  0FEA                     	;# 
   664  0FEB                     	;# 
   665  0FED                     	;# 
   666  0FEE                     	;# 
   667  0FEF                     	;# 
   668  0000                     	;# 
   669  0001                     	;# 
   670  0002                     	;# 
   671  0003                     	;# 
   672  0004                     	;# 
   673  0005                     	;# 
   674  0006                     	;# 
   675  0007                     	;# 
   676  0008                     	;# 
   677  0009                     	;# 
   678  000A                     	;# 
   679  000B                     	;# 
   680  000C                     	;# 
   681  000D                     	;# 
   682  000E                     	;# 
   683  000F                     	;# 
   684  0010                     	;# 
   685  0011                     	;# 
   686  0012                     	;# 
   687  0013                     	;# 
   688  0015                     	;# 
   689  0016                     	;# 
   690  0016                     	;# 
   691  0017                     	;# 
   692  0018                     	;# 
   693  0019                     	;# 
   694  001A                     	;# 
   695  001B                     	;# 
   696  001C                     	;# 
   697  008C                     	;# 
   698  008D                     	;# 
   699  008E                     	;# 
   700  008F                     	;# 
   701  0090                     	;# 
   702  0091                     	;# 
   703  0092                     	;# 
   704  0093                     	;# 
   705  0095                     	;# 
   706  0096                     	;# 
   707  0097                     	;# 
   708  0098                     	;# 
   709  0099                     	;# 
   710  009A                     	;# 
   711  009B                     	;# 
   712  009B                     	;# 
   713  009C                     	;# 
   714  009D                     	;# 
   715  009E                     	;# 
   716  009F                     	;# 
   717  010C                     	;# 
   718  010D                     	;# 
   719  010E                     	;# 
   720  010F                     	;# 
   721  0110                     	;# 
   722  0111                     	;# 
   723  0112                     	;# 
   724  0113                     	;# 
   725  0114                     	;# 
   726  0115                     	;# 
   727  0116                     	;# 
   728  0117                     	;# 
   729  0118                     	;# 
   730  0119                     	;# 
   731  011A                     	;# 
   732  011B                     	;# 
   733  011B                     	;# 
   734  011C                     	;# 
   735  018C                     	;# 
   736  018D                     	;# 
   737  018E                     	;# 
   738  018F                     	;# 
   739  0190                     	;# 
   740  0191                     	;# 
   741  0191                     	;# 
   742  0192                     	;# 
   743  0193                     	;# 
   744  0193                     	;# 
   745  0194                     	;# 
   746  0195                     	;# 
   747  0196                     	;# 
   748  0197                     	;# 
   749  0199                     	;# 
   750  0199                     	;# 
   751  0199                     	;# 
   752  019A                     	;# 
   753  019A                     	;# 
   754  019A                     	;# 
   755  019B                     	;# 
   756  019B                     	;# 
   757  019B                     	;# 
   758  019B                     	;# 
   759  019B                     	;# 
   760  019C                     	;# 
   761  019C                     	;# 
   762  019C                     	;# 
   763  019D                     	;# 
   764  019D                     	;# 
   765  019D                     	;# 
   766  019E                     	;# 
   767  019E                     	;# 
   768  019E                     	;# 
   769  019F                     	;# 
   770  019F                     	;# 
   771  019F                     	;# 
   772  019F                     	;# 
   773  019F                     	;# 
   774  020C                     	;# 
   775  020D                     	;# 
   776  020E                     	;# 
   777  020F                     	;# 
   778  0210                     	;# 
   779  0211                     	;# 
   780  0211                     	;# 
   781  0212                     	;# 
   782  0212                     	;# 
   783  0213                     	;# 
   784  0213                     	;# 
   785  0214                     	;# 
   786  0214                     	;# 
   787  0215                     	;# 
   788  0215                     	;# 
   789  0215                     	;# 
   790  0215                     	;# 
   791  0216                     	;# 
   792  0216                     	;# 
   793  0217                     	;# 
   794  0217                     	;# 
   795  028C                     	;# 
   796  028D                     	;# 
   797  028E                     	;# 
   798  028F                     	;# 
   799  0290                     	;# 
   800  0291                     	;# 
   801  0291                     	;# 
   802  0292                     	;# 
   803  0293                     	;# 
   804  0293                     	;# 
   805  0298                     	;# 
   806  0298                     	;# 
   807  0299                     	;# 
   808  029A                     	;# 
   809  029A                     	;# 
   810  029E                     	;# 
   811  030C                     	;# 
   812  030D                     	;# 
   813  030E                     	;# 
   814  030F                     	;# 
   815  0310                     	;# 
   816  038C                     	;# 
   817  038D                     	;# 
   818  038E                     	;# 
   819  038F                     	;# 
   820  0390                     	;# 
   821  0391                     	;# 
   822  0392                     	;# 
   823  0393                     	;# 
   824  0394                     	;# 
   825  0395                     	;# 
   826  0396                     	;# 
   827  0397                     	;# 
   828  0398                     	;# 
   829  0399                     	;# 
   830  039D                     	;# 
   831  039E                     	;# 
   832  039F                     	;# 
   833  0415                     	;# 
   834  0416                     	;# 
   835  0417                     	;# 
   836  041C                     	;# 
   837  041D                     	;# 
   838  041E                     	;# 
   839  0498                     	;# 
   840  0498                     	;# 
   841  0499                     	;# 
   842  049A                     	;# 
   843  049B                     	;# 
   844  049B                     	;# 
   845  049C                     	;# 
   846  049D                     	;# 
   847  049E                     	;# 
   848  049F                     	;# 
   849  0511                     	;# 
   850  0515                     	;# 
   851  0617                     	;# 
   852  0618                     	;# 
   853  0619                     	;# 
   854  0619                     	;# 
   855  061A                     	;# 
   856  061B                     	;# 
   857  061C                     	;# 
   858  061C                     	;# 
   859  0691                     	;# 
   860  0692                     	;# 
   861  0693                     	;# 
   862  0694                     	;# 
   863  0695                     	;# 
   864  0696                     	;# 
   865  0697                     	;# 
   866  0698                     	;# 
   867  0699                     	;# 
   868  069A                     	;# 
   869  069B                     	;# 
   870  069C                     	;# 
   871  069D                     	;# 
   872  069E                     	;# 
   873  069F                     	;# 
   874  0E0F                     	;# 
   875  0E10                     	;# 
   876  0E11                     	;# 
   877  0E12                     	;# 
   878  0E13                     	;# 
   879  0E14                     	;# 
   880  0E15                     	;# 
   881  0E17                     	;# 
   882  0E20                     	;# 
   883  0E21                     	;# 
   884  0E22                     	;# 
   885  0E24                     	;# 
   886  0E25                     	;# 
   887  0E28                     	;# 
   888  0E29                     	;# 
   889  0E2A                     	;# 
   890  0E2B                     	;# 
   891  0E90                     	;# 
   892  0E91                     	;# 
   893  0E92                     	;# 
   894  0E93                     	;# 
   895  0E94                     	;# 
   896  0E95                     	;# 
   897  0E96                     	;# 
   898  0E97                     	;# 
   899  0E98                     	;# 
   900  0E99                     	;# 
   901  0E9A                     	;# 
   902  0E9B                     	;# 
   903  0E9C                     	;# 
   904  0E9D                     	;# 
   905  0E9E                     	;# 
   906  0E9F                     	;# 
   907  0EA0                     	;# 
   908  0EA1                     	;# 
   909  0EA2                     	;# 
   910  0EA3                     	;# 
   911  0EA4                     	;# 
   912  0EA5                     	;# 
   913  0EA6                     	;# 
   914  0EA7                     	;# 
   915  0EA8                     	;# 
   916  0EA9                     	;# 
   917  0EAA                     	;# 
   918  0EAB                     	;# 
   919  0EAC                     	;# 
   920  0EAD                     	;# 
   921  0EAE                     	;# 
   922  0EAF                     	;# 
   923  0EB0                     	;# 
   924  0EB1                     	;# 
   925  0EB2                     	;# 
   926  0F0F                     	;# 
   927  0F10                     	;# 
   928  0F11                     	;# 
   929  0F12                     	;# 
   930  0F13                     	;# 
   931  0F14                     	;# 
   932  0F15                     	;# 
   933  0F16                     	;# 
   934  0F17                     	;# 
   935  0F18                     	;# 
   936  0F19                     	;# 
   937  0F1A                     	;# 
   938  0F1B                     	;# 
   939  0F1C                     	;# 
   940  0F1D                     	;# 
   941  0F1E                     	;# 
   942  0F1F                     	;# 
   943  0F20                     	;# 
   944  0F21                     	;# 
   945  0F22                     	;# 
   946  0F23                     	;# 
   947  0F24                     	;# 
   948  0F25                     	;# 
   949  0F26                     	;# 
   950  0F27                     	;# 
   951  0F28                     	;# 
   952  0F29                     	;# 
   953  0F2A                     	;# 
   954  0F2B                     	;# 
   955  0F2C                     	;# 
   956  0F2D                     	;# 
   957  0F2E                     	;# 
   958  0F2F                     	;# 
   959  0F30                     	;# 
   960  0F31                     	;# 
   961  0F32                     	;# 
   962  0F33                     	;# 
   963  0F34                     	;# 
   964  0F35                     	;# 
   965  0F36                     	;# 
   966  0F37                     	;# 
   967  0FE4                     	;# 
   968  0FE5                     	;# 
   969  0FE6                     	;# 
   970  0FE7                     	;# 
   971  0FE8                     	;# 
   972  0FE9                     	;# 
   973  0FEA                     	;# 
   974  0FEB                     	;# 
   975  0FED                     	;# 
   976  0FEE                     	;# 
   977  0FEF                     	;# 
   978  000F                     _PORTDbits	set	15
   979  008F                     _TRISDbits	set	143
   980  04CF                     _SPLLEN	set	1231
   981  04CE                     _IRCF3	set	1230
   982  04CD                     _IRCF2	set	1229
   983  04CC                     _IRCF1	set	1228
   984  04CB                     _IRCF0	set	1227
   985  04C9                     _SCS1	set	1225
   986  04C8                     _SCS0	set	1224
   987                           
   988                           ; #config settings
   989  0000                     
   990                           	psect	cinit
   991  07FD                     start_initialization:	
   992  07FD                     __initialization:	
   993  07FD                     end_of_initialization:	
   994                           ;End of C runtime variable initialization code
   995                           
   996  07FD                     __end_of__initialization:	
   997  07FD  0020               	movlb	0
   998  07FE  3187  2FCF         	ljmp	_main	;jump to C main() function
   999                           
  1000                           	psect	cstackCOMMON
  1001  0070                     __pcstackCOMMON:	
  1002  0070                     ?_internal_16:	
  1003  0070                     ??_internal_16:	
  1004                           ; 1 bytes @ 0x0
  1005                           
  1006  0070                     ?_initMain:	
  1007                           ; 1 bytes @ 0x0
  1008                           
  1009  0070                     ??_initMain:	
  1010                           ; 1 bytes @ 0x0
  1011                           
  1012  0070                     ?_main:	
  1013                           ; 1 bytes @ 0x0
  1014                           
  1015  0070                     ?_clockPulse:	
  1016                           ; 1 bytes @ 0x0
  1017                           
  1018  0070                     ??_clockPulse:	
  1019                           ; 1 bytes @ 0x0
  1020                           
  1021  0070                     ?_latchPulse:	
  1022                           ; 1 bytes @ 0x0
  1023                           
  1024  0070                     ??_latchPulse:	
  1025                           ; 1 bytes @ 0x0
  1026                           
  1027                           
  1028                           ; 1 bytes @ 0x0
  1029  0070                     	ds	1
  1030  0071                     ?_write_595:	
  1031  0071                     write_595@data:	
  1032                           ; 1 bytes @ 0x1
  1033                           
  1034                           
  1035                           ; 2 bytes @ 0x1
  1036  0071                     	ds	2
  1037  0073                     ??_write_595:	
  1038                           
  1039                           ; 1 bytes @ 0x3
  1040  0073                     	ds	3
  1041  0076                     write_595@i:	
  1042                           
  1043                           ; 2 bytes @ 0x6
  1044  0076                     	ds	2
  1045  0078                     ??_main:	
  1046                           
  1047                           ; 1 bytes @ 0x8
  1048  0078                     	ds	2
  1049  007A                     main@count:	
  1050                           
  1051                           ; 2 bytes @ 0xA
  1052  007A                     	ds	2
  1053                           
  1054                           	psect	maintext
  1055  07CF                     __pmaintext:	
  1056 ;;
  1057 ;;Main: autosize = 0, tempsize = 2, incstack = 0, save=0
  1058 ;;
  1059 ;; *************** function _main *****************
  1060 ;; Defined at:
  1061 ;;		line 65 in file "Main.c"
  1062 ;; Parameters:    Size  Location     Type
  1063 ;;		None
  1064 ;; Auto vars:     Size  Location     Type
  1065 ;;  count           2   10[COMMON] int 
  1066 ;; Return value:  Size  Location     Type
  1067 ;;                  1    wreg      void 
  1068 ;; Registers used:
  1069 ;;		wreg, status,2, status,0, pclath, cstack
  1070 ;; Tracked objects:
  1071 ;;		On entry : B1F/0
  1072 ;;		On exit  : 0/0
  1073 ;;		Unchanged: 0/0
  1074 ;; Data sizes:     COMMON   BANK0   BANK1   BANK2   BANK3   BANK4   BANK5   BANK6   BANK7   BANK8   BANK9  BANK10  BANK1
      +1  BANK12  BANK13  BANK14  BANK15  BANK16  BANK17  BANK18  BANK19  BANK20  BANK21  BANK22  BANK23  BANK24  BANK25
  1075 ;;      Params:         0       0       0       0       0       0       0       0       0       0       0       0       
      +0       0       0       0       0       0       0       0       0       0       0       0       0       0       0
  1076 ;;      Locals:         2       0       0       0       0       0       0       0       0       0       0       0       
      +0       0       0       0       0       0       0       0       0       0       0       0       0       0       0
  1077 ;;      Temps:          2       0       0       0       0       0       0       0       0       0       0       0       
      +0       0       0       0       0       0       0       0       0       0       0       0       0       0       0
  1078 ;;      Totals:         4       0       0       0       0       0       0       0       0       0       0       0       
      +0       0       0       0       0       0       0       0       0       0       0       0       0       0       0
  1079 ;;Total ram usage:        4 bytes
  1080 ;; Hardware stack levels required when called:    2
  1081 ;; This function calls:
  1082 ;;		_initMain
  1083 ;;		_write_595
  1084 ;; This function is called by:
  1085 ;;		Startup code after reset
  1086 ;; This function uses a non-reentrant model
  1087 ;;
  1088                           
  1089                           
  1090                           ;psect for function _main
  1091  07CF                     _main:	
  1092                           
  1093                           ;Main.c: 66: initMain();
  1094                           
  1095                           ;incstack = 0
  1096                           ; Regs used in _main: [wreg+status,2+status,0+pclath+cstack]
  1097  07CF  3187  277C  3187   	fcall	_initMain
  1098                           
  1099                           ;Main.c: 69: int count = 0b00000001;
  1100  07D2  3001               	movlw	1
  1101  07D3  00FA               	movwf	main@count
  1102  07D4  3000               	movlw	0
  1103  07D5  00FB               	movwf	main@count+1
  1104  07D6                     l53:	
  1105                           ;Main.c: 71: while(1){
  1106                           
  1107                           
  1108                           ;Main.c: 74: write_595(count);
  1109  07D6  087B               	movf	main@count+1,w
  1110  07D7  00F2               	movwf	write_595@data+1
  1111  07D8  087A               	movf	main@count,w
  1112  07D9  00F1               	movwf	write_595@data
  1113  07DA  3187  27A6  3187   	fcall	_write_595
  1114                           
  1115                           ;Main.c: 77: count = count << 1;
  1116  07DD  357A               	lslf	main@count,w
  1117  07DE  00FA               	movwf	main@count
  1118  07DF  0D7B               	rlf	main@count+1,w
  1119  07E0  00FB               	movwf	main@count+1
  1120                           
  1121                           ;Main.c: 80: if (count > 0b10000000)
  1122  07E1  087B               	movf	main@count+1,w
  1123  07E2  3A80               	xorlw	128
  1124  07E3  00F8               	movwf	??_main
  1125  07E4  3080               	movlw	128
  1126  07E5  0278               	subwf	??_main,w
  1127  07E6  1D03               	skipz
  1128  07E7  2FEA               	goto	u65
  1129  07E8  3081               	movlw	129
  1130  07E9  027A               	subwf	main@count,w
  1131  07EA                     u65:	
  1132  07EA  1C03               	skipc
  1133  07EB  2FF0               	goto	l54
  1134                           
  1135                           ;Main.c: 81: {;Main.c: 82: count = 0b00000001;
  1136  07EC  3001               	movlw	1
  1137  07ED  00FA               	movwf	main@count
  1138  07EE  3000               	movlw	0
  1139  07EF  00FB               	movwf	main@count+1
  1140  07F0                     l54:	
  1141                           
  1142                           ;Main.c: 83: };Main.c: 85: _delay((unsigned long)((200)*(16000000/4000.0)));
  1143  07F0  3005               	movlw	5
  1144  07F1  00F9               	movwf	??_main+1
  1145  07F2  300F               	movlw	15
  1146  07F3  00F8               	movwf	??_main
  1147  07F4  30F1               	movlw	241
  1148  07F5                     u77:	
  1149  07F5  0B89               	decfsz	9,f
  1150  07F6  2FF5               	goto	u77
  1151  07F7  0BF8               	decfsz	??_main,f
  1152  07F8  2FF5               	goto	u77
  1153  07F9  0BF9               	decfsz	??_main+1,f
  1154  07FA  2FF5               	goto	u77
  1155  07FB  0000               	nop
  1156  07FC  2FD6               	goto	l53
  1157  07FD                     __end_of_main:	
  1158                           
  1159                           	psect	text1
  1160  07A6                     __ptext1:	
  1161 ;; *************** function _write_595 *****************
  1162 ;; Defined at:
  1163 ;;		line 67 in file "HC595.c"
  1164 ;; Parameters:    Size  Location     Type
  1165 ;;  data            2    1[COMMON] unsigned int 
  1166 ;; Auto vars:     Size  Location     Type
  1167 ;;  i               2    6[COMMON] int 
  1168 ;; Return value:  Size  Location     Type
  1169 ;;                  1    wreg      void 
  1170 ;; Registers used:
  1171 ;;		wreg, status,2, status,0, pclath, cstack
  1172 ;; Tracked objects:
  1173 ;;		On entry : 0/0
  1174 ;;		On exit  : 0/0
  1175 ;;		Unchanged: 0/0
  1176 ;; Data sizes:     COMMON   BANK0   BANK1   BANK2   BANK3   BANK4   BANK5   BANK6   BANK7   BANK8   BANK9  BANK10  BANK1
      +1  BANK12  BANK13  BANK14  BANK15  BANK16  BANK17  BANK18  BANK19  BANK20  BANK21  BANK22  BANK23  BANK24  BANK25
  1177 ;;      Params:         2       0       0       0       0       0       0       0       0       0       0       0       
      +0       0       0       0       0       0       0       0       0       0       0       0       0       0       0
  1178 ;;      Locals:         2       0       0       0       0       0       0       0       0       0       0       0       
      +0       0       0       0       0       0       0       0       0       0       0       0       0       0       0
  1179 ;;      Temps:          3       0       0       0       0       0       0       0       0       0       0       0       
      +0       0       0       0       0       0       0       0       0       0       0       0       0       0       0
  1180 ;;      Totals:         7       0       0       0       0       0       0       0       0       0       0       0       
      +0       0       0       0       0       0       0       0       0       0       0       0       0       0       0
  1181 ;;Total ram usage:        7 bytes
  1182 ;; Hardware stack levels used:    1
  1183 ;; Hardware stack levels required when called:    1
  1184 ;; This function calls:
  1185 ;;		_clockPulse
  1186 ;;		_latchPulse
  1187 ;; This function is called by:
  1188 ;;		_main
  1189 ;; This function uses a non-reentrant model
  1190 ;;
  1191                           
  1192                           
  1193                           ;psect for function _write_595
  1194  07A6                     _write_595:	
  1195                           
  1196                           ;HC595.c: 68: for (int i=0 ; i<8 ; i++){
  1197                           
  1198                           ;incstack = 0
  1199                           ; Regs used in _write_595: [wreg+status,2+status,0+pclath+cstack]
  1200  07A6  01F6               	clrf	write_595@i
  1201  07A7  01F7               	clrf	write_595@i+1
  1202  07A8                     l718:	
  1203                           
  1204                           ;HC595.c: 69: PORTDbits.RD0 = (data >> i) & 0x01;
  1205  07A8  0872               	movf	write_595@data+1,w
  1206  07A9  00F4               	movwf	??_write_595+1
  1207  07AA  0871               	movf	write_595@data,w
  1208  07AB  00F3               	movwf	??_write_595
  1209  07AC  0A76               	incf	write_595@i,w
  1210  07AD  2FB0               	goto	u44
  1211  07AE                     u45:	
  1212  07AE  36F4               	lsrf	??_write_595+1,f
  1213  07AF  0CF3               	rrf	??_write_595,f
  1214  07B0                     u44:	
  1215  07B0  0B89               	decfsz	9,f
  1216  07B1  2FAE               	goto	u45
  1217  07B2  3001               	movlw	1
  1218  07B3  0573               	andwf	??_write_595,w
  1219  07B4  00F5               	movwf	??_write_595+2
  1220  07B5  0020               	movlb	0	; select bank0
  1221  07B6  080F               	movf	15,w	;volatile
  1222  07B7  0675               	xorwf	??_write_595+2,w
  1223  07B8  39FE               	andlw	-2
  1224  07B9  0675               	xorwf	??_write_595+2,w
  1225  07BA  008F               	movwf	15	;volatile
  1226                           
  1227                           ;HC595.c: 70: clockPulse();
  1228  07BB  3187  2793  3187   	fcall	_clockPulse
  1229  07BE  3001               	movlw	1
  1230  07BF  07F6               	addwf	write_595@i,f
  1231  07C0  3000               	movlw	0
  1232  07C1  3DF7               	addwfc	write_595@i+1,f
  1233  07C2  0877               	movf	write_595@i+1,w
  1234  07C3  3A80               	xorlw	128
  1235  07C4  00F3               	movwf	??_write_595
  1236  07C5  3080               	movlw	128
  1237  07C6  0273               	subwf	??_write_595,w
  1238  07C7  3008               	movlw	8
  1239  07C8  1903               	btfsc	3,2
  1240  07C9  0276               	subwf	write_595@i,w
  1241  07CA  1C03               	skipc
  1242  07CB  2FA8               	goto	l718
  1243                           
  1244                           ;HC595.c: 71: };HC595.c: 72: latchPulse();
  1245  07CC  3187  2787         	fcall	_latchPulse
  1246  07CE  0008               	return
  1247  07CF                     __end_of_write_595:	
  1248                           
  1249                           	psect	text2
  1250  0787                     __ptext2:	
  1251 ;; *************** function _latchPulse *****************
  1252 ;; Defined at:
  1253 ;;		line 52 in file "HC595.c"
  1254 ;; Parameters:    Size  Location     Type
  1255 ;;		None
  1256 ;; Auto vars:     Size  Location     Type
  1257 ;;		None
  1258 ;; Return value:  Size  Location     Type
  1259 ;;                  1    wreg      void 
  1260 ;; Registers used:
  1261 ;;		wreg
  1262 ;; Tracked objects:
  1263 ;;		On entry : 0/0
  1264 ;;		On exit  : 0/0
  1265 ;;		Unchanged: 0/0
  1266 ;; Data sizes:     COMMON   BANK0   BANK1   BANK2   BANK3   BANK4   BANK5   BANK6   BANK7   BANK8   BANK9  BANK10  BANK1
      +1  BANK12  BANK13  BANK14  BANK15  BANK16  BANK17  BANK18  BANK19  BANK20  BANK21  BANK22  BANK23  BANK24  BANK25
  1267 ;;      Params:         0       0       0       0       0       0       0       0       0       0       0       0       
      +0       0       0       0       0       0       0       0       0       0       0       0       0       0       0
  1268 ;;      Locals:         0       0       0       0       0       0       0       0       0       0       0       0       
      +0       0       0       0       0       0       0       0       0       0       0       0       0       0       0
  1269 ;;      Temps:          1       0       0       0       0       0       0       0       0       0       0       0       
      +0       0       0       0       0       0       0       0       0       0       0       0       0       0       0
  1270 ;;      Totals:         1       0       0       0       0       0       0       0       0       0       0       0       
      +0       0       0       0       0       0       0       0       0       0       0       0       0       0       0
  1271 ;;Total ram usage:        1 bytes
  1272 ;; Hardware stack levels used:    1
  1273 ;; This function calls:
  1274 ;;		Nothing
  1275 ;; This function is called by:
  1276 ;;		_write_595
  1277 ;; This function uses a non-reentrant model
  1278 ;;
  1279                           
  1280                           
  1281                           ;psect for function _latchPulse
  1282  0787                     _latchPulse:	
  1283                           
  1284                           ;HC595.c: 53: PORTDbits.RD1 = 1;
  1285                           
  1286                           ;incstack = 0
  1287                           ; Regs used in _latchPulse: [wreg]
  1288  0787  0020               	movlb	0	; select bank0
  1289  0788  148F               	bsf	15,1	;volatile
  1290                           
  1291                           ;HC595.c: 54: _delay((unsigned long)((500)*(16000000/4000000.0)));
  1292  0789  3003               	movlw	3
  1293  078A  00F0               	movwf	??_latchPulse
  1294  078B  3098               	movlw	152
  1295  078C                     u87:	
  1296  078C  0B89               	decfsz	9,f
  1297  078D  2F8C               	goto	u87
  1298  078E  0BF0               	decfsz	??_latchPulse,f
  1299  078F  2F8C               	goto	u87
  1300                           
  1301                           ;HC595.c: 55: PORTDbits.RD1 = 0;
  1302  0790  0020               	movlb	0	; select bank0
  1303  0791  108F               	bcf	15,1	;volatile
  1304  0792  0008               	return
  1305  0793                     __end_of_latchPulse:	
  1306                           
  1307                           	psect	text3
  1308  0793                     __ptext3:	
  1309 ;; *************** function _clockPulse *****************
  1310 ;; Defined at:
  1311 ;;		line 36 in file "HC595.c"
  1312 ;; Parameters:    Size  Location     Type
  1313 ;;		None
  1314 ;; Auto vars:     Size  Location     Type
  1315 ;;		None
  1316 ;; Return value:  Size  Location     Type
  1317 ;;                  1    wreg      void 
  1318 ;; Registers used:
  1319 ;;		wreg
  1320 ;; Tracked objects:
  1321 ;;		On entry : 0/0
  1322 ;;		On exit  : 0/0
  1323 ;;		Unchanged: 0/0
  1324 ;; Data sizes:     COMMON   BANK0   BANK1   BANK2   BANK3   BANK4   BANK5   BANK6   BANK7   BANK8   BANK9  BANK10  BANK1
      +1  BANK12  BANK13  BANK14  BANK15  BANK16  BANK17  BANK18  BANK19  BANK20  BANK21  BANK22  BANK23  BANK24  BANK25
  1325 ;;      Params:         0       0       0       0       0       0       0       0       0       0       0       0       
      +0       0       0       0       0       0       0       0       0       0       0       0       0       0       0
  1326 ;;      Locals:         0       0       0       0       0       0       0       0       0       0       0       0       
      +0       0       0       0       0       0       0       0       0       0       0       0       0       0       0
  1327 ;;      Temps:          1       0       0       0       0       0       0       0       0       0       0       0       
      +0       0       0       0       0       0       0       0       0       0       0       0       0       0       0
  1328 ;;      Totals:         1       0       0       0       0       0       0       0       0       0       0       0       
      +0       0       0       0       0       0       0       0       0       0       0       0       0       0       0
  1329 ;;Total ram usage:        1 bytes
  1330 ;; Hardware stack levels used:    1
  1331 ;; This function calls:
  1332 ;;		Nothing
  1333 ;; This function is called by:
  1334 ;;		_write_595
  1335 ;; This function uses a non-reentrant model
  1336 ;;
  1337                           
  1338                           
  1339                           ;psect for function _clockPulse
  1340  0793                     _clockPulse:	
  1341                           
  1342                           ;HC595.c: 37: PORTDbits.RD2 = 1;
  1343                           
  1344                           ;incstack = 0
  1345                           ; Regs used in _clockPulse: [wreg]
  1346  0793  0020               	movlb	0	; select bank0
  1347  0794  150F               	bsf	15,2	;volatile
  1348                           
  1349                           ;HC595.c: 38: _delay((unsigned long)((500)*(16000000/4000000.0)));
  1350  0795  3003               	movlw	3
  1351  0796  00F0               	movwf	??_clockPulse
  1352  0797  3098               	movlw	152
  1353  0798                     u97:	
  1354  0798  0B89               	decfsz	9,f
  1355  0799  2F98               	goto	u97
  1356  079A  0BF0               	decfsz	??_clockPulse,f
  1357  079B  2F98               	goto	u97
  1358                           
  1359                           ;HC595.c: 39: PORTDbits.RD2 = 0;
  1360  079C  0020               	movlb	0	; select bank0
  1361  079D  110F               	bcf	15,2	;volatile
  1362                           
  1363                           ;HC595.c: 40: _delay((unsigned long)((500)*(16000000/4000000.0)));
  1364  079E  3003               	movlw	3
  1365  079F  00F0               	movwf	??_clockPulse
  1366  07A0  3098               	movlw	152
  1367  07A1                     u107:	
  1368  07A1  0B89               	decfsz	9,f
  1369  07A2  2FA1               	goto	u107
  1370  07A3  0BF0               	decfsz	??_clockPulse,f
  1371  07A4  2FA1               	goto	u107
  1372  07A5  0008               	return
  1373  07A6                     __end_of_clockPulse:	
  1374                           
  1375                           	psect	text4
  1376  077C                     __ptext4:	
  1377 ;; *************** function _initMain *****************
  1378 ;; Defined at:
  1379 ;;		line 43 in file "Main.c"
  1380 ;; Parameters:    Size  Location     Type
  1381 ;;		None
  1382 ;; Auto vars:     Size  Location     Type
  1383 ;;		None
  1384 ;; Return value:  Size  Location     Type
  1385 ;;                  1    wreg      void 
  1386 ;; Registers used:
  1387 ;;		status,2, status,0, pclath, cstack
  1388 ;; Tracked objects:
  1389 ;;		On entry : 0/0
  1390 ;;		On exit  : 0/0
  1391 ;;		Unchanged: 0/0
  1392 ;; Data sizes:     COMMON   BANK0   BANK1   BANK2   BANK3   BANK4   BANK5   BANK6   BANK7   BANK8   BANK9  BANK10  BANK1
      +1  BANK12  BANK13  BANK14  BANK15  BANK16  BANK17  BANK18  BANK19  BANK20  BANK21  BANK22  BANK23  BANK24  BANK25
  1393 ;;      Params:         0       0       0       0       0       0       0       0       0       0       0       0       
      +0       0       0       0       0       0       0       0       0       0       0       0       0       0       0
  1394 ;;      Locals:         0       0       0       0       0       0       0       0       0       0       0       0       
      +0       0       0       0       0       0       0       0       0       0       0       0       0       0       0
  1395 ;;      Temps:          0       0       0       0       0       0       0       0       0       0       0       0       
      +0       0       0       0       0       0       0       0       0       0       0       0       0       0       0
  1396 ;;      Totals:         0       0       0       0       0       0       0       0       0       0       0       0       
      +0       0       0       0       0       0       0       0       0       0       0       0       0       0       0
  1397 ;;Total ram usage:        0 bytes
  1398 ;; Hardware stack levels used:    1
  1399 ;; Hardware stack levels required when called:    1
  1400 ;; This function calls:
  1401 ;;		_internal_16
  1402 ;; This function is called by:
  1403 ;;		_main
  1404 ;; This function uses a non-reentrant model
  1405 ;;
  1406                           
  1407                           
  1408                           ;psect for function _initMain
  1409  077C                     _initMain:	
  1410                           
  1411                           ;Main.c: 45: internal_16();
  1412                           
  1413                           ;incstack = 0
  1414                           ; Regs used in _initMain: [status,2+status,0+pclath+cstack]
  1415  077C  3187  2773         	fcall	_internal_16
  1416                           
  1417                           ;Main.c: 48: TRISDbits.TRISD0 = 0;
  1418  077E  0021               	movlb	1	; select bank1
  1419  077F  100F               	bcf	15,0	;volatile
  1420                           
  1421                           ;Main.c: 49: TRISDbits.TRISD1 = 0;
  1422  0780  108F               	bcf	15,1	;volatile
  1423                           
  1424                           ;Main.c: 50: TRISDbits.TRISD2 = 0;
  1425  0781  110F               	bcf	15,2	;volatile
  1426                           
  1427                           ;Main.c: 52: PORTDbits.RD0 = 0;
  1428  0782  0020               	movlb	0	; select bank0
  1429  0783  100F               	bcf	15,0	;volatile
  1430                           
  1431                           ;Main.c: 53: PORTDbits.RD1 = 0;
  1432  0784  108F               	bcf	15,1	;volatile
  1433                           
  1434                           ;Main.c: 54: PORTDbits.RD2 = 0;
  1435  0785  110F               	bcf	15,2	;volatile
  1436  0786  0008               	return
  1437  0787                     __end_of_initMain:	
  1438                           
  1439                           	psect	text5
  1440  0773                     __ptext5:	
  1441 ;; *************** function _internal_16 *****************
  1442 ;; Defined at:
  1443 ;;		line 56 in file "16F1717_Internal.c"
  1444 ;; Parameters:    Size  Location     Type
  1445 ;;		None
  1446 ;; Auto vars:     Size  Location     Type
  1447 ;;		None
  1448 ;; Return value:  Size  Location     Type
  1449 ;;                  1    wreg      void 
  1450 ;; Registers used:
  1451 ;;		None
  1452 ;; Tracked objects:
  1453 ;;		On entry : 0/0
  1454 ;;		On exit  : 0/0
  1455 ;;		Unchanged: 0/0
  1456 ;; Data sizes:     COMMON   BANK0   BANK1   BANK2   BANK3   BANK4   BANK5   BANK6   BANK7   BANK8   BANK9  BANK10  BANK1
      +1  BANK12  BANK13  BANK14  BANK15  BANK16  BANK17  BANK18  BANK19  BANK20  BANK21  BANK22  BANK23  BANK24  BANK25
  1457 ;;      Params:         0       0       0       0       0       0       0       0       0       0       0       0       
      +0       0       0       0       0       0       0       0       0       0       0       0       0       0       0
  1458 ;;      Locals:         0       0       0       0       0       0       0       0       0       0       0       0       
      +0       0       0       0       0       0       0       0       0       0       0       0       0       0       0
  1459 ;;      Temps:          0       0       0       0       0       0       0       0       0       0       0       0       
      +0       0       0       0       0       0       0       0       0       0       0       0       0       0       0
  1460 ;;      Totals:         0       0       0       0       0       0       0       0       0       0       0       0       
      +0       0       0       0       0       0       0       0       0       0       0       0       0       0       0
  1461 ;;Total ram usage:        0 bytes
  1462 ;; Hardware stack levels used:    1
  1463 ;; This function calls:
  1464 ;;		Nothing
  1465 ;; This function is called by:
  1466 ;;		_initMain
  1467 ;; This function uses a non-reentrant model
  1468 ;;
  1469                           
  1470                           
  1471                           ;psect for function _internal_16
  1472  0773                     _internal_16:	
  1473                           
  1474                           ;16F1717_Internal.c: 58: SCS0 = 0;
  1475                           
  1476                           ;incstack = 0
  1477                           ; Regs used in _internal_16: []
  1478  0773  0021               	movlb	1	; select bank1
  1479  0774  1019               	bcf	25,0	;volatile
  1480                           
  1481                           ;16F1717_Internal.c: 59: SCS1 = 0;
  1482  0775  1099               	bcf	25,1	;volatile
  1483                           
  1484                           ;16F1717_Internal.c: 62: IRCF0 = 1;
  1485  0776  1599               	bsf	25,3	;volatile
  1486                           
  1487                           ;16F1717_Internal.c: 63: IRCF1 = 1;
  1488  0777  1619               	bsf	25,4	;volatile
  1489                           
  1490                           ;16F1717_Internal.c: 64: IRCF2 = 1;
  1491  0778  1699               	bsf	25,5	;volatile
  1492                           
  1493                           ;16F1717_Internal.c: 65: IRCF3 = 1;
  1494  0779  1719               	bsf	25,6	;volatile
  1495                           
  1496                           ;16F1717_Internal.c: 68: SPLLEN = 0;
  1497  077A  1399               	bcf	25,7	;volatile
  1498  077B  0008               	return
  1499  077C                     __end_of_internal_16:	
  1500  007E                     btemp	set	126	;btemp
  1501  007E                     wtemp0	set	126


Data Sizes:
    Strings     0
    Constant    0
    Data        0
    BSS         0
    Persistent  32
    Stack       0

Auto Spaces:
    Space          Size  Autos    Used
    COMMON           14     12      12
    BANK0            80      0       0
    BANK1            80      0       0
    BANK2            80      0       0
    BANK3            80      0       0
    BANK4            80      0       0
    BANK5            80      0       0
    BANK6            80      0       0
    BANK7            80      0       0
    BANK8            80      0       0
    BANK9            80      0       0
    BANK10           80      0       0
    BANK11           80      0       0
    BANK12           80      0       0
    BANK13           80      0       0
    BANK14           80      0       0
    BANK15           80      0       0
    BANK16           80      0       0
    BANK17           80      0       0
    BANK18           80      0       0
    BANK19           80      0       0
    BANK20           80      0       0
    BANK21           80      0       0
    BANK22           80      0       0
    BANK23           80      0       0
    BANK24           80      0       0
    BANK25           32      0       0

Pointer List with Targets:

    None.

Critical Paths under _main in COMMON

    _main->_write_595
    _write_595->_clockPulse
    _write_595->_latchPulse

Critical Paths under _main in BANK0

    None.

Critical Paths under _main in BANK1

    None.

Critical Paths under _main in BANK2

    None.

Critical Paths under _main in BANK3

    None.

Critical Paths under _main in BANK4

    None.

Critical Paths under _main in BANK5

    None.

Critical Paths under _main in BANK6

    None.

Critical Paths under _main in BANK7

    None.

Critical Paths under _main in BANK8

    None.

Critical Paths under _main in BANK9

    None.

Critical Paths under _main in BANK10

    None.

Critical Paths under _main in BANK11

    None.

Critical Paths under _main in BANK12

    None.

Critical Paths under _main in BANK13

    None.

Critical Paths under _main in BANK14

    None.

Critical Paths under _main in BANK15

    None.

Critical Paths under _main in BANK16

    None.

Critical Paths under _main in BANK17

    None.

Critical Paths under _main in BANK18

    None.

Critical Paths under _main in BANK19

    None.

Critical Paths under _main in BANK20

    None.

Critical Paths under _main in BANK21

    None.

Critical Paths under _main in BANK22

    None.

Critical Paths under _main in BANK23

    None.

Critical Paths under _main in BANK24

    None.

Critical Paths under _main in BANK25

    None.

Call Graph Tables:

 ---------------------------------------------------------------------------------
 (Depth) Function   	        Calls       Base Space   Used Autos Params    Refs
 ---------------------------------------------------------------------------------
 (0) _main                                                 4     4      0     235
                                              8 COMMON     4     4      0
                           _initMain
                          _write_595
 ---------------------------------------------------------------------------------
 (1) _write_595                                            7     5      2     166
                                              1 COMMON     7     5      2
                         _clockPulse
                         _latchPulse
 ---------------------------------------------------------------------------------
 (2) _latchPulse                                           1     1      0       0
                                              0 COMMON     1     1      0
 ---------------------------------------------------------------------------------
 (2) _clockPulse                                           1     1      0       0
                                              0 COMMON     1     1      0
 ---------------------------------------------------------------------------------
 (1) _initMain                                             0     0      0       0
                        _internal_16
 ---------------------------------------------------------------------------------
 (2) _internal_16                                          0     0      0       0
 ---------------------------------------------------------------------------------
 Estimated maximum stack depth 2
 ---------------------------------------------------------------------------------

 Call Graph Graphs:

 _main (ROOT)
   _initMain
     _internal_16
   _write_595
     _clockPulse
     _latchPulse

 Address spaces:
Name               Size   Autos  Total    Cost      Usage
BIGRAM             7F0      0       0       0        0.0%
NULL                 0      0       0       0        0.0%
CODE                 0      0       0       0        0.0%
BITCOMMON            E      0       0       1        0.0%
BITSFR0              0      0       0       1        0.0%
SFR0                 0      0       0       1        0.0%
COMMON               E      C       C       2       85.7%
BITSFR1              0      0       0       2        0.0%
SFR1                 0      0       0       2        0.0%
BITSFR2              0      0       0       3        0.0%
SFR2                 0      0       0       3        0.0%
STACK                0      0       0       3        0.0%
BITBANK0            50      0       0       4        0.0%
BITSFR3              0      0       0       4        0.0%
SFR3                 0      0       0       4        0.0%
BANK0               50      0       0       5        0.0%
BITSFR4              0      0       0       5        0.0%
SFR4                 0      0       0       5        0.0%
BITBANK1            50      0       0       6        0.0%
BITSFR5              0      0       0       6        0.0%
SFR5                 0      0       0       6        0.0%
BANK1               50      0       0       7        0.0%
BITSFR6              0      0       0       7        0.0%
SFR6                 0      0       0       7        0.0%
BITBANK2            50      0       0       8        0.0%
BITSFR7              0      0       0       8        0.0%
SFR7                 0      0       0       8        0.0%
BANK2               50      0       0       9        0.0%
BITSFR8              0      0       0       9        0.0%
SFR8                 0      0       0       9        0.0%
BITBANK3            50      0       0      10        0.0%
BITSFR9              0      0       0      10        0.0%
SFR9                 0      0       0      10        0.0%
BANK3               50      0       0      11        0.0%
BITSFR10             0      0       0      11        0.0%
SFR10                0      0       0      11        0.0%
BITBANK4            50      0       0      12        0.0%
BITSFR11             0      0       0      12        0.0%
SFR11                0      0       0      12        0.0%
BANK4               50      0       0      13        0.0%
BITSFR12             0      0       0      13        0.0%
SFR12                0      0       0      13        0.0%
BITSFR13             0      0       0      14        0.0%
SFR13                0      0       0      14        0.0%
ABS                  0      0       0      14        0.0%
BITBANK5            50      0       0      15        0.0%
BITSFR14             0      0       0      15        0.0%
SFR14                0      0       0      15        0.0%
BANK5               50      0       0      16        0.0%
BITSFR15             0      0       0      16        0.0%
SFR15                0      0       0      16        0.0%
BITBANK6            50      0       0      17        0.0%
BITSFR16             0      0       0      17        0.0%
SFR16                0      0       0      17        0.0%
BANK6               50      0       0      18        0.0%
BITSFR17             0      0       0      18        0.0%
SFR17                0      0       0      18        0.0%
BITBANK7            50      0       0      19        0.0%
BITSFR18             0      0       0      19        0.0%
SFR18                0      0       0      19        0.0%
BANK7               50      0       0      20        0.0%
BITSFR19             0      0       0      20        0.0%
SFR19                0      0       0      20        0.0%
BITBANK8            50      0       0      21        0.0%
BITSFR20             0      0       0      21        0.0%
SFR20                0      0       0      21        0.0%
BANK8               50      0       0      22        0.0%
BITSFR21             0      0       0      22        0.0%
SFR21                0      0       0      22        0.0%
BITBANK9            50      0       0      23        0.0%
BITSFR22             0      0       0      23        0.0%
SFR22                0      0       0      23        0.0%
BANK9               50      0       0      24        0.0%
BITSFR23             0      0       0      24        0.0%
SFR23                0      0       0      24        0.0%
BITBANK10           50      0       0      25        0.0%
BITSFR24             0      0       0      25        0.0%
SFR24                0      0       0      25        0.0%
BANK10              50      0       0      26        0.0%
BITSFR25             0      0       0      26        0.0%
SFR25                0      0       0      26        0.0%
BITBANK11           50      0       0      27        0.0%
BITSFR26             0      0       0      27        0.0%
SFR26                0      0       0      27        0.0%
BITSFR27             0      0       0      28        0.0%
SFR27                0      0       0      28        0.0%
DATA                 0      0       0      28        0.0%
BANK11              50      0       0      29        0.0%
BITSFR28             0      0       0      29        0.0%
SFR28                0      0       0      29        0.0%
BITBANK12           50      0       0      30        0.0%
BITSFR29             0      0       0      30        0.0%
SFR29                0      0       0      30        0.0%
BANK12              50      0       0      31        0.0%
BITSFR30             0      0       0      31        0.0%
SFR30                0      0       0      31        0.0%
BITBANK13           50      0       0      32        0.0%
BITSFR31             0      0       0      32        0.0%
SFR31                0      0       0      32        0.0%
BANK13              50      0       0      33        0.0%
BITBANK14           50      0       0      34        0.0%
BANK14              50      0       0      35        0.0%
BITBANK15           50      0       0      36        0.0%
BANK15              50      0       0      37        0.0%
BITBANK16           50      0       0      38        0.0%
BANK16              50      0       0      39        0.0%
BITBANK17           50      0       0      40        0.0%
BANK17              50      0       0      41        0.0%
BITBANK18           50      0       0      42        0.0%
BANK18              50      0       0      43        0.0%
BITBANK19           50      0       0      44        0.0%
BANK19              50      0       0      45        0.0%
BITBANK20           50      0       0      46        0.0%
BANK20              50      0       0      47        0.0%
BITBANK21           50      0       0      48        0.0%
BANK21              50      0       0      49        0.0%
BITBANK22           50      0       0      50        0.0%
BANK22              50      0       0      51        0.0%
BITBANK23           50      0       0      52        0.0%
BANK23              50      0       0      53        0.0%
BITBANK24           50      0       0      54        0.0%
BANK24              50      0       0      55        0.0%
BITBANK25           20      0       0      56        0.0%
BANK25              20      0       0      57        0.0%


Microchip Technology PIC Macro Assembler V2.05 build -831301201 
Symbol Table                                                                                   Mon Apr 22 14:02:43 2019

            __CFG_CP$OFF 0000                       l53 07D6                       l54 07F0  
                     u44 07B0                       u45 07AE                       u65 07EA  
                     u77 07F5                       u87 078C                       u97 0798  
                    l718 07A8                      u107 07A1             __CFG_BORV$LO 0000  
                    wreg 0009             __CFG_IESO$ON 0000             __CFG_LVP$OFF 0000  
                   _SCS0 04C8                     _SCS1 04C9             __CFG_WRT$OFF 0000  
                   _main 07CF                     btemp 007E                     start 0002  
                  ?_main 0070            __CFG_WDTE$OFF 0000                    _IRCF0 04CB  
                  _IRCF1 04CC                    _IRCF2 04CD                    _IRCF3 04CE  
         __CFG_FCMEN$OFF 0000           __CFG_BOREN$OFF 0000                    wtemp0 007E  
           ?_internal_16 0070           __CFG_MCLRE$OFF 0000          __initialization 07FD  
           __end_of_main 07FD           __CFG_LPBOR$OFF 0000                   ??_main 0078  
         __CFG_PLLEN$OFF 0000           __CFG_ZCDDIS$ON 0000                   _SPLLEN 04CF  
         __CFG_PWRTE$OFF 0000           __CFG_STVREN$ON 0000         __end_of_initMain 0787  
__end_of__initialization 07FD           __pcstackCOMMON 0070               __pmaintext 07CF  
   __size_of_internal_16 0009          __CFG_PPS1WAY$ON 0000               _clockPulse 0793  
              ?_initMain 0070       __size_of_write_595 0029               _latchPulse 0787  
                __ptext1 07A6                  __ptext2 0787                  __ptext3 0793  
                __ptext4 077C                  __ptext5 0773     end_of_initialization 07FD  
             ??_initMain 0070              ?_clockPulse 0070                _PORTDbits 000F  
      __end_of_write_595 07CF         __CFG_FOSC$INTOSC 0000                _TRISDbits 008F  
            ?_latchPulse 0070      start_initialization 07FD      __size_of_clockPulse 0013  
    __size_of_latchPulse 000C                ___latbits 0003            ??_internal_16 0070  
      __size_of_initMain 000B      __end_of_internal_16 077C             ??_clockPulse 0070  
              main@count 007A                _write_595 07A6             ??_latchPulse 0070  
     __end_of_clockPulse 07A6       __end_of_latchPulse 0793               ?_write_595 0071  
               _initMain 077C            write_595@data 0071            __size_of_main 002E  
             write_595@i 0076              _internal_16 0773        __CFG_CLKOUTEN$OFF 0000  
            ??_write_595 0073  
