

Microchip MPLAB XC8 Assembler V2.46 build 20240104201356 
                                                                                               Thu Dec 25 02:12:28 2025

Microchip MPLAB XC8 C Compiler v2.46 (Free license) build 20240104201356 Og1 
     1                           	processor	16F1718
     2                           	pagewidth 120
     3                           	opt	flic
     4                           	psect	cinit,global,class=CODE,merge=1,delta=2
     5                           	psect	cstackCOMMON,global,class=COMMON,space=1,delta=1,noexec
     6                           	psect	maintext,global,class=CODE,merge=1,split=1,delta=2
     7                           	psect	text1,local,class=CODE,merge=1,delta=2
     8                           	psect	text2,local,class=CODE,merge=1,delta=2
     9                           	psect	intentry,global,class=CODE,delta=2
    10                           	psect	config,global,abs,ovrld,class=CONFIG,space=4,delta=2,noexec
    11                           	dabs	1,0x7E,2
    12     0000                     
    13                           ; Generated 07/09/2023 GMT
    14                           ; 
    15                           ; Copyright © 2023, Microchip Technology Inc. and its subsidiaries ("Microchip")
    16                           ; All rights reserved.
    17                           ; 
    18                           ; This software is developed by Microchip Technology Inc. and its subsidiaries ("Microch
      +                          ip").
    19                           ; 
    20                           ; Redistribution and use in source and binary forms, with or without modification, are
    21                           ; permitted provided that the following conditions are met:
    22                           ; 
    23                           ;     1. Redistributions of source code must retain the above copyright notice, this lis
      +                          t of
    24                           ;        conditions and the following disclaimer.
    25                           ; 
    26                           ;     2. Redistributions in binary form must reproduce the above copyright notice, this 
      +                          list
    27                           ;        of conditions and the following disclaimer in the documentation and/or other
    28                           ;        materials provided with the distribution. Publication is not required when
    29                           ;        this file is used in an embedded application.
    30                           ; 
    31                           ;     3. Microchip's name may not be used to endorse or promote products derived from th
      +                          is
    32                           ;        software without specific prior written permission.
    33                           ; 
    34                           ; THIS SOFTWARE IS PROVIDED BY MICROCHIP "AS IS" AND ANY EXPRESS OR IMPLIED WARRANTIES,
    35                           ; INCLUDING, BUT NOT LIMITED TO, THE IMPLIED WARRANTIES OF MERCHANTABILITY AND FITNESS F
      +                          OR
    36                           ; PURPOSE ARE DISCLAIMED.  IN NO EVENT SHALL MICROCHIP BE LIABLE FOR ANY DIRECT, INDIREC
      +                          T,
    37                           ; INCIDENTAL, SPECIAL, EXEMPLARY, OR CONSEQUENTIAL DAMAGES (INCLUDING BUT NOT LIMITED TO
    38                           ; PROCUREMENT OF SUBSTITUTE GOODS OR SERVICES; LOSS OF USE, DATA OR PROFITS; OR BUSINESS
    39                           ; INTERRUPTION) HOWSOEVER CAUSED AND ON ANY THEORY OF LIABILITY, WHETHER IN CONTRACT, ST
      +                          RICT
    40                           ; LIABILITY, OR TORT (INCLUDING NEGLIGENCE OR OTHERWISE) ARISING IN ANY WAY OUT OF THE U
      +                          SE OF
    41                           ; THIS SOFTWARE, EVEN IF ADVISED OF THE POSSIBILITY OF SUCH DAMAGE.
    42                           ; 
    43                           ; 
    44                           ; Code-generator required, PIC16F1718 Definitions
    45                           ; 
    46                           ; SFR Addresses
    47     0000                     	;# 
    48     0001                     	;# 
    49     0002                     	;# 
    50     0003                     	;# 
    51     0004                     	;# 
    52     0005                     	;# 
    53     0006                     	;# 
    54     0007                     	;# 
    55     0008                     	;# 
    56     0009                     	;# 
    57     000A                     	;# 
    58     000B                     	;# 
    59     000C                     	;# 
    60     000D                     	;# 
    61     000E                     	;# 
    62     0010                     	;# 
    63     0011                     	;# 
    64     0012                     	;# 
    65     0013                     	;# 
    66     0015                     	;# 
    67     0016                     	;# 
    68     0016                     	;# 
    69     0017                     	;# 
    70     0018                     	;# 
    71     0019                     	;# 
    72     001A                     	;# 
    73     001B                     	;# 
    74     001C                     	;# 
    75     008C                     	;# 
    76     008D                     	;# 
    77     008E                     	;# 
    78     0090                     	;# 
    79     0091                     	;# 
    80     0092                     	;# 
    81     0093                     	;# 
    82     0095                     	;# 
    83     0096                     	;# 
    84     0097                     	;# 
    85     0098                     	;# 
    86     0099                     	;# 
    87     009A                     	;# 
    88     009B                     	;# 
    89     009B                     	;# 
    90     009C                     	;# 
    91     009D                     	;# 
    92     009E                     	;# 
    93     009F                     	;# 
    94     010C                     	;# 
    95     010D                     	;# 
    96     010E                     	;# 
    97     0111                     	;# 
    98     0112                     	;# 
    99     0113                     	;# 
   100     0114                     	;# 
   101     0115                     	;# 
   102     0116                     	;# 
   103     0117                     	;# 
   104     0118                     	;# 
   105     0119                     	;# 
   106     011A                     	;# 
   107     011B                     	;# 
   108     011B                     	;# 
   109     011C                     	;# 
   110     018C                     	;# 
   111     018D                     	;# 
   112     018E                     	;# 
   113     0191                     	;# 
   114     0191                     	;# 
   115     0192                     	;# 
   116     0193                     	;# 
   117     0193                     	;# 
   118     0194                     	;# 
   119     0195                     	;# 
   120     0196                     	;# 
   121     0197                     	;# 
   122     0199                     	;# 
   123     0199                     	;# 
   124     0199                     	;# 
   125     019A                     	;# 
   126     019A                     	;# 
   127     019A                     	;# 
   128     019B                     	;# 
   129     019B                     	;# 
   130     019B                     	;# 
   131     019B                     	;# 
   132     019B                     	;# 
   133     019C                     	;# 
   134     019C                     	;# 
   135     019C                     	;# 
   136     019D                     	;# 
   137     019D                     	;# 
   138     019D                     	;# 
   139     019E                     	;# 
   140     019E                     	;# 
   141     019E                     	;# 
   142     019F                     	;# 
   143     019F                     	;# 
   144     019F                     	;# 
   145     019F                     	;# 
   146     019F                     	;# 
   147     020C                     	;# 
   148     020D                     	;# 
   149     020E                     	;# 
   150     0210                     	;# 
   151     0211                     	;# 
   152     0211                     	;# 
   153     0212                     	;# 
   154     0212                     	;# 
   155     0213                     	;# 
   156     0213                     	;# 
   157     0214                     	;# 
   158     0214                     	;# 
   159     0215                     	;# 
   160     0215                     	;# 
   161     0215                     	;# 
   162     0215                     	;# 
   163     0216                     	;# 
   164     0216                     	;# 
   165     0217                     	;# 
   166     0217                     	;# 
   167     028C                     	;# 
   168     028D                     	;# 
   169     028E                     	;# 
   170     0291                     	;# 
   171     0291                     	;# 
   172     0292                     	;# 
   173     0293                     	;# 
   174     0293                     	;# 
   175     0298                     	;# 
   176     0298                     	;# 
   177     0299                     	;# 
   178     029A                     	;# 
   179     029A                     	;# 
   180     029E                     	;# 
   181     030C                     	;# 
   182     030D                     	;# 
   183     030E                     	;# 
   184     038C                     	;# 
   185     038D                     	;# 
   186     038E                     	;# 
   187     0390                     	;# 
   188     0391                     	;# 
   189     0392                     	;# 
   190     0393                     	;# 
   191     0394                     	;# 
   192     0395                     	;# 
   193     0396                     	;# 
   194     0397                     	;# 
   195     0398                     	;# 
   196     0399                     	;# 
   197     039D                     	;# 
   198     039E                     	;# 
   199     039F                     	;# 
   200     0415                     	;# 
   201     0416                     	;# 
   202     0417                     	;# 
   203     041C                     	;# 
   204     041D                     	;# 
   205     041E                     	;# 
   206     0498                     	;# 
   207     0498                     	;# 
   208     0499                     	;# 
   209     049A                     	;# 
   210     049B                     	;# 
   211     049B                     	;# 
   212     049C                     	;# 
   213     049D                     	;# 
   214     049E                     	;# 
   215     049F                     	;# 
   216     0511                     	;# 
   217     0515                     	;# 
   218     0617                     	;# 
   219     0618                     	;# 
   220     0619                     	;# 
   221     0619                     	;# 
   222     061A                     	;# 
   223     061B                     	;# 
   224     061C                     	;# 
   225     061C                     	;# 
   226     0691                     	;# 
   227     0692                     	;# 
   228     0693                     	;# 
   229     0694                     	;# 
   230     0695                     	;# 
   231     0696                     	;# 
   232     0697                     	;# 
   233     0698                     	;# 
   234     0699                     	;# 
   235     069A                     	;# 
   236     069B                     	;# 
   237     069C                     	;# 
   238     069D                     	;# 
   239     069E                     	;# 
   240     069F                     	;# 
   241     0E0F                     	;# 
   242     0E10                     	;# 
   243     0E11                     	;# 
   244     0E12                     	;# 
   245     0E13                     	;# 
   246     0E14                     	;# 
   247     0E15                     	;# 
   248     0E17                     	;# 
   249     0E20                     	;# 
   250     0E21                     	;# 
   251     0E22                     	;# 
   252     0E24                     	;# 
   253     0E25                     	;# 
   254     0E28                     	;# 
   255     0E29                     	;# 
   256     0E2A                     	;# 
   257     0E2B                     	;# 
   258     0E90                     	;# 
   259     0E91                     	;# 
   260     0E92                     	;# 
   261     0E93                     	;# 
   262     0E94                     	;# 
   263     0E95                     	;# 
   264     0E96                     	;# 
   265     0E97                     	;# 
   266     0E98                     	;# 
   267     0E99                     	;# 
   268     0E9A                     	;# 
   269     0E9B                     	;# 
   270     0E9C                     	;# 
   271     0E9D                     	;# 
   272     0E9E                     	;# 
   273     0E9F                     	;# 
   274     0EA0                     	;# 
   275     0EA1                     	;# 
   276     0EA2                     	;# 
   277     0EA3                     	;# 
   278     0EA4                     	;# 
   279     0EA5                     	;# 
   280     0EA6                     	;# 
   281     0EA7                     	;# 
   282     0F0F                     	;# 
   283     0F10                     	;# 
   284     0F11                     	;# 
   285     0F12                     	;# 
   286     0F13                     	;# 
   287     0F14                     	;# 
   288     0F15                     	;# 
   289     0F16                     	;# 
   290     0F17                     	;# 
   291     0F18                     	;# 
   292     0F19                     	;# 
   293     0F1A                     	;# 
   294     0F1B                     	;# 
   295     0F1C                     	;# 
   296     0F1D                     	;# 
   297     0F1E                     	;# 
   298     0F1F                     	;# 
   299     0F20                     	;# 
   300     0F21                     	;# 
   301     0F22                     	;# 
   302     0F23                     	;# 
   303     0F24                     	;# 
   304     0F25                     	;# 
   305     0F26                     	;# 
   306     0F27                     	;# 
   307     0F28                     	;# 
   308     0F29                     	;# 
   309     0F2A                     	;# 
   310     0F2B                     	;# 
   311     0F2C                     	;# 
   312     0F2D                     	;# 
   313     0F2E                     	;# 
   314     0F2F                     	;# 
   315     0F30                     	;# 
   316     0F31                     	;# 
   317     0F32                     	;# 
   318     0F33                     	;# 
   319     0F34                     	;# 
   320     0F35                     	;# 
   321     0F36                     	;# 
   322     0F37                     	;# 
   323     0FE4                     	;# 
   324     0FE5                     	;# 
   325     0FE6                     	;# 
   326     0FE7                     	;# 
   327     0FE8                     	;# 
   328     0FE9                     	;# 
   329     0FEA                     	;# 
   330     0FEB                     	;# 
   331     0FED                     	;# 
   332     0FEE                     	;# 
   333     0FEF                     	;# 
   334     0000                     	;# 
   335     0001                     	;# 
   336     0002                     	;# 
   337     0003                     	;# 
   338     0004                     	;# 
   339     0005                     	;# 
   340     0006                     	;# 
   341     0007                     	;# 
   342     0008                     	;# 
   343     0009                     	;# 
   344     000A                     	;# 
   345     000B                     	;# 
   346     000C                     	;# 
   347     000D                     	;# 
   348     000E                     	;# 
   349     0010                     	;# 
   350     0011                     	;# 
   351     0012                     	;# 
   352     0013                     	;# 
   353     0015                     	;# 
   354     0016                     	;# 
   355     0016                     	;# 
   356     0017                     	;# 
   357     0018                     	;# 
   358     0019                     	;# 
   359     001A                     	;# 
   360     001B                     	;# 
   361     001C                     	;# 
   362     008C                     	;# 
   363     008D                     	;# 
   364     008E                     	;# 
   365     0090                     	;# 
   366     0091                     	;# 
   367     0092                     	;# 
   368     0093                     	;# 
   369     0095                     	;# 
   370     0096                     	;# 
   371     0097                     	;# 
   372     0098                     	;# 
   373     0099                     	;# 
   374     009A                     	;# 
   375     009B                     	;# 
   376     009B                     	;# 
   377     009C                     	;# 
   378     009D                     	;# 
   379     009E                     	;# 
   380     009F                     	;# 
   381     010C                     	;# 
   382     010D                     	;# 
   383     010E                     	;# 
   384     0111                     	;# 
   385     0112                     	;# 
   386     0113                     	;# 
   387     0114                     	;# 
   388     0115                     	;# 
   389     0116                     	;# 
   390     0117                     	;# 
   391     0118                     	;# 
   392     0119                     	;# 
   393     011A                     	;# 
   394     011B                     	;# 
   395     011B                     	;# 
   396     011C                     	;# 
   397     018C                     	;# 
   398     018D                     	;# 
   399     018E                     	;# 
   400     0191                     	;# 
   401     0191                     	;# 
   402     0192                     	;# 
   403     0193                     	;# 
   404     0193                     	;# 
   405     0194                     	;# 
   406     0195                     	;# 
   407     0196                     	;# 
   408     0197                     	;# 
   409     0199                     	;# 
   410     0199                     	;# 
   411     0199                     	;# 
   412     019A                     	;# 
   413     019A                     	;# 
   414     019A                     	;# 
   415     019B                     	;# 
   416     019B                     	;# 
   417     019B                     	;# 
   418     019B                     	;# 
   419     019B                     	;# 
   420     019C                     	;# 
   421     019C                     	;# 
   422     019C                     	;# 
   423     019D                     	;# 
   424     019D                     	;# 
   425     019D                     	;# 
   426     019E                     	;# 
   427     019E                     	;# 
   428     019E                     	;# 
   429     019F                     	;# 
   430     019F                     	;# 
   431     019F                     	;# 
   432     019F                     	;# 
   433     019F                     	;# 
   434     020C                     	;# 
   435     020D                     	;# 
   436     020E                     	;# 
   437     0210                     	;# 
   438     0211                     	;# 
   439     0211                     	;# 
   440     0212                     	;# 
   441     0212                     	;# 
   442     0213                     	;# 
   443     0213                     	;# 
   444     0214                     	;# 
   445     0214                     	;# 
   446     0215                     	;# 
   447     0215                     	;# 
   448     0215                     	;# 
   449     0215                     	;# 
   450     0216                     	;# 
   451     0216                     	;# 
   452     0217                     	;# 
   453     0217                     	;# 
   454     028C                     	;# 
   455     028D                     	;# 
   456     028E                     	;# 
   457     0291                     	;# 
   458     0291                     	;# 
   459     0292                     	;# 
   460     0293                     	;# 
   461     0293                     	;# 
   462     0298                     	;# 
   463     0298                     	;# 
   464     0299                     	;# 
   465     029A                     	;# 
   466     029A                     	;# 
   467     029E                     	;# 
   468     030C                     	;# 
   469     030D                     	;# 
   470     030E                     	;# 
   471     038C                     	;# 
   472     038D                     	;# 
   473     038E                     	;# 
   474     0390                     	;# 
   475     0391                     	;# 
   476     0392                     	;# 
   477     0393                     	;# 
   478     0394                     	;# 
   479     0395                     	;# 
   480     0396                     	;# 
   481     0397                     	;# 
   482     0398                     	;# 
   483     0399                     	;# 
   484     039D                     	;# 
   485     039E                     	;# 
   486     039F                     	;# 
   487     0415                     	;# 
   488     0416                     	;# 
   489     0417                     	;# 
   490     041C                     	;# 
   491     041D                     	;# 
   492     041E                     	;# 
   493     0498                     	;# 
   494     0498                     	;# 
   495     0499                     	;# 
   496     049A                     	;# 
   497     049B                     	;# 
   498     049B                     	;# 
   499     049C                     	;# 
   500     049D                     	;# 
   501     049E                     	;# 
   502     049F                     	;# 
   503     0511                     	;# 
   504     0515                     	;# 
   505     0617                     	;# 
   506     0618                     	;# 
   507     0619                     	;# 
   508     0619                     	;# 
   509     061A                     	;# 
   510     061B                     	;# 
   511     061C                     	;# 
   512     061C                     	;# 
   513     0691                     	;# 
   514     0692                     	;# 
   515     0693                     	;# 
   516     0694                     	;# 
   517     0695                     	;# 
   518     0696                     	;# 
   519     0697                     	;# 
   520     0698                     	;# 
   521     0699                     	;# 
   522     069A                     	;# 
   523     069B                     	;# 
   524     069C                     	;# 
   525     069D                     	;# 
   526     069E                     	;# 
   527     069F                     	;# 
   528     0E0F                     	;# 
   529     0E10                     	;# 
   530     0E11                     	;# 
   531     0E12                     	;# 
   532     0E13                     	;# 
   533     0E14                     	;# 
   534     0E15                     	;# 
   535     0E17                     	;# 
   536     0E20                     	;# 
   537     0E21                     	;# 
   538     0E22                     	;# 
   539     0E24                     	;# 
   540     0E25                     	;# 
   541     0E28                     	;# 
   542     0E29                     	;# 
   543     0E2A                     	;# 
   544     0E2B                     	;# 
   545     0E90                     	;# 
   546     0E91                     	;# 
   547     0E92                     	;# 
   548     0E93                     	;# 
   549     0E94                     	;# 
   550     0E95                     	;# 
   551     0E96                     	;# 
   552     0E97                     	;# 
   553     0E98                     	;# 
   554     0E99                     	;# 
   555     0E9A                     	;# 
   556     0E9B                     	;# 
   557     0E9C                     	;# 
   558     0E9D                     	;# 
   559     0E9E                     	;# 
   560     0E9F                     	;# 
   561     0EA0                     	;# 
   562     0EA1                     	;# 
   563     0EA2                     	;# 
   564     0EA3                     	;# 
   565     0EA4                     	;# 
   566     0EA5                     	;# 
   567     0EA6                     	;# 
   568     0EA7                     	;# 
   569     0F0F                     	;# 
   570     0F10                     	;# 
   571     0F11                     	;# 
   572     0F12                     	;# 
   573     0F13                     	;# 
   574     0F14                     	;# 
   575     0F15                     	;# 
   576     0F16                     	;# 
   577     0F17                     	;# 
   578     0F18                     	;# 
   579     0F19                     	;# 
   580     0F1A                     	;# 
   581     0F1B                     	;# 
   582     0F1C                     	;# 
   583     0F1D                     	;# 
   584     0F1E                     	;# 
   585     0F1F                     	;# 
   586     0F20                     	;# 
   587     0F21                     	;# 
   588     0F22                     	;# 
   589     0F23                     	;# 
   590     0F24                     	;# 
   591     0F25                     	;# 
   592     0F26                     	;# 
   593     0F27                     	;# 
   594     0F28                     	;# 
   595     0F29                     	;# 
   596     0F2A                     	;# 
   597     0F2B                     	;# 
   598     0F2C                     	;# 
   599     0F2D                     	;# 
   600     0F2E                     	;# 
   601     0F2F                     	;# 
   602     0F30                     	;# 
   603     0F31                     	;# 
   604     0F32                     	;# 
   605     0F33                     	;# 
   606     0F34                     	;# 
   607     0F35                     	;# 
   608     0F36                     	;# 
   609     0F37                     	;# 
   610     0FE4                     	;# 
   611     0FE5                     	;# 
   612     0FE6                     	;# 
   613     0FE7                     	;# 
   614     0FE8                     	;# 
   615     0FE9                     	;# 
   616     0FEA                     	;# 
   617     0FEB                     	;# 
   618     0FED                     	;# 
   619     0FEE                     	;# 
   620     0FEF                     	;# 
   621     000B                     _INTCONbits	set	11
   622     0095                     _OPTION_REGbits	set	149
   623     008D                     _TRISBbits	set	141
   624     008E                     _TRISCbits	set	142
   625     04CF                     _SPLLEN	set	1231
   626     04CE                     _IRCF3	set	1230
   627     04CD                     _IRCF2	set	1229
   628     04CC                     _IRCF1	set	1228
   629     04CB                     _IRCF0	set	1227
   630     04C9                     _SCS1	set	1225
   631     04C8                     _SCS0	set	1224
   632     010E                     _LATCbits	set	270
   633     018D                     _ANSELBbits	set	397
   634     020D                     _WPUBbits	set	525
   635     0396                     _IOCBF	set	918
   636     0395                     _IOCBNbits	set	917
   637                           
   638                           	psect	cinit
   639     0018                     start_initialization:	
   640                           ; #config settings
   641                           
   642     0018                     __initialization:
   643     0018                     end_of_initialization:	
   644                           ;End of C runtime variable initialization code
   645                           
   646     0018                     __end_of__initialization:
   647     0018  107E               	bcf	int$flags,0	;clear compiler interrupt flag (level 1)
   648     0019  0020               	movlb	0
   649     001A  3180  2839         	ljmp	_main	;jump to C main() function
   650                           
   651                           	psect	cstackCOMMON
   652     0000                     __pcstackCOMMON:
   653     0000                     ?_internal_32:
   654     0000                     ??_internal_32:	
   655                           ; 1 bytes @ 0x0
   656                           
   657     0000                     ?_initMain:	
   658                           ; 1 bytes @ 0x0
   659                           
   660     0000                     ??_initMain:	
   661                           ; 1 bytes @ 0x0
   662                           
   663     0000                     ?_main:	
   664                           ; 1 bytes @ 0x0
   665                           
   666     0000                     ??_main:	
   667                           ; 1 bytes @ 0x0
   668                           
   669     0000                     ?_isr:	
   670                           ; 1 bytes @ 0x0
   671                           
   672     0000                     ??_isr:	
   673                           ; 1 bytes @ 0x0
   674                           
   675                           
   676                           	psect	maintext
   677     0039                     __pmaintext:	
   678                           ; 1 bytes @ 0x0
   679 ;;
   680 ;;Main: autosize = 0, tempsize = 0, incstack = 0, save=0
   681 ;;
   682 ;; *************** function _main *****************
   683 ;; Defined at:
   684 ;;		line 83 in file "main.c"
   685 ;; Parameters:    Size  Location     Type
   686 ;;		None
   687 ;; Auto vars:     Size  Location     Type
   688 ;;		None
   689 ;; Return value:  Size  Location     Type
   690 ;;                  1    wreg      void 
   691 ;; Registers used:
   692 ;;		status,2, status,0, pclath, cstack
   693 ;; Tracked objects:
   694 ;;		On entry : B1F/0
   695 ;;		On exit  : 0/0
   696 ;;		Unchanged: 0/0
   697 ;; Data sizes:     COMMON   BANK0   BANK1   BANK2   BANK3   BANK4   BANK5   BANK6   BANK7   BANK8   BANK9  BANK10  BANK1
      +1  BANK12  BANK13  BANK14  BANK15  BANK16  BANK17  BANK18  BANK19  BANK20  BANK21  BANK22  BANK23  BANK24  BANK25
   698 ;;      Params:         0       0       0       0       0       0       0       0       0       0       0       0       
      +0       0       0       0       0       0       0       0       0       0       0       0       0       0       0
   699 ;;      Locals:         0       0       0       0       0       0       0       0       0       0       0       0       
      +0       0       0       0       0       0       0       0       0       0       0       0       0       0       0
   700 ;;      Temps:          0       0       0       0       0       0       0       0       0       0       0       0       
      +0       0       0       0       0       0       0       0       0       0       0       0       0       0       0
   701 ;;      Totals:         0       0       0       0       0       0       0       0       0       0       0       0       
      +0       0       0       0       0       0       0       0       0       0       0       0       0       0       0
   702 ;;Total ram usage:        0 bytes
   703 ;; Hardware stack levels required when called: 3
   704 ;; This function calls:
   705 ;;		_initMain
   706 ;; This function is called by:
   707 ;;		Startup code after reset
   708 ;; This function uses a non-reentrant model
   709 ;;
   710                           
   711     0039                     _main:	
   712                           ;psect for function _main
   713                           
   714     0039                     l619:	
   715                           ;incstack = 0
   716                           ; Regs used in _main: [status,2+status,0+pclath+cstack]
   717                           
   718                           
   719                           ;main.c: 84:     initMain();
   720     0039  3180  201C  3180   	fcall	_initMain
   721     003C                     l28:	
   722                           ;main.c: 86:     while(1){
   723                           
   724     003C                     l29:	
   725                           ;main.c: 88:     }
   726                           
   727     003C  283C               	goto	l28
   728     003D  3180  2816         	ljmp	start
   729     003F                     __end_of_main:
   730                           
   731                           	psect	text1
   732     001C                     __ptext1:	
   733 ;; *************** function _initMain *****************
   734 ;; Defined at:
   735 ;;		line 35 in file "main.c"
   736 ;; Parameters:    Size  Location     Type
   737 ;;		None
   738 ;; Auto vars:     Size  Location     Type
   739 ;;		None
   740 ;; Return value:  Size  Location     Type
   741 ;;                  1    wreg      void 
   742 ;; Registers used:
   743 ;;		status,2, status,0, pclath, cstack
   744 ;; Tracked objects:
   745 ;;		On entry : 0/0
   746 ;;		On exit  : 0/0
   747 ;;		Unchanged: 0/0
   748 ;; Data sizes:     COMMON   BANK0   BANK1   BANK2   BANK3   BANK4   BANK5   BANK6   BANK7   BANK8   BANK9  BANK10  BANK1
      +1  BANK12  BANK13  BANK14  BANK15  BANK16  BANK17  BANK18  BANK19  BANK20  BANK21  BANK22  BANK23  BANK24  BANK25
   749 ;;      Params:         0       0       0       0       0       0       0       0       0       0       0       0       
      +0       0       0       0       0       0       0       0       0       0       0       0       0       0       0
   750 ;;      Locals:         0       0       0       0       0       0       0       0       0       0       0       0       
      +0       0       0       0       0       0       0       0       0       0       0       0       0       0       0
   751 ;;      Temps:          0       0       0       0       0       0       0       0       0       0       0       0       
      +0       0       0       0       0       0       0       0       0       0       0       0       0       0       0
   752 ;;      Totals:         0       0       0       0       0       0       0       0       0       0       0       0       
      +0       0       0       0       0       0       0       0       0       0       0       0       0       0       0
   753 ;;Total ram usage:        0 bytes
   754 ;; Hardware stack levels used: 1
   755 ;; Hardware stack levels required when called: 2
   756 ;; This function calls:
   757 ;;		_internal_32
   758 ;; This function is called by:
   759 ;;		_main
   760 ;; This function uses a non-reentrant model
   761 ;;
   762                           
   763     001C                     _initMain:	
   764                           ;psect for function _initMain
   765                           
   766     001C                     l599:	
   767                           ;incstack = 0
   768                           ; Regs used in _initMain: [status,2+status,0+pclath+cstack]
   769                           
   770                           
   771                           ;main.c: 37:     internal_32();
   772     001C  3180  2030  3180   	fcall	_internal_32
   773     001F                     l601:
   774                           
   775                           ;main.c: 44:     TRISCbits.TRISC3 = 0;
   776     001F  0021               	movlb	1	; select bank1
   777     0020  118E               	bcf	14,3	;volatile
   778     0021                     l603:
   779                           
   780                           ;main.c: 47:     LATCbits.LATC3 = 0;
   781     0021  0022               	movlb	2	; select bank2
   782     0022  118E               	bcf	14,3	;volatile
   783     0023                     l605:
   784                           
   785                           ;main.c: 50:     TRISBbits.TRISB0 = 1;
   786     0023  0021               	movlb	1	; select bank1
   787     0024  140D               	bsf	13,0	;volatile
   788     0025                     l607:
   789                           
   790                           ;main.c: 53:     ANSELBbits.ANSB0 = 0;
   791     0025  0023               	movlb	3	; select bank3
   792     0026  100D               	bcf	13,0	;volatile
   793     0027                     l609:
   794                           
   795                           ;main.c: 56:     OPTION_REGbits.nWPUEN = 0;
   796     0027  0021               	movlb	1	; select bank1
   797     0028  1395               	bcf	21,7	;volatile
   798     0029                     l611:
   799                           
   800                           ;main.c: 59:     WPUBbits.WPUB0 = 1;
   801     0029  0024               	movlb	4	; select bank4
   802     002A  140D               	bsf	13,0	;volatile
   803     002B                     l613:
   804                           
   805                           ;main.c: 66:     IOCBNbits.IOCBN0 = 1;
   806     002B  0027               	movlb	7	; select bank7
   807     002C  1415               	bsf	21,0	;volatile
   808     002D                     l615:
   809                           
   810                           ;main.c: 69:     INTCONbits.IOCIE = 1;
   811     002D  158B               	bsf	11,3	;volatile
   812     002E                     l617:
   813                           
   814                           ;main.c: 72:     (INTCONbits.GIE = 1);
   815     002E  178B               	bsf	11,7	;volatile
   816     002F                     l23:
   817     002F  0008               	return
   818     0030                     __end_of_initMain:
   819                           
   820                           	psect	text2
   821     0030                     __ptext2:	
   822 ;; *************** function _internal_32 *****************
   823 ;; Defined at:
   824 ;;		line 36 in file "PIC16F1718_Internal.c"
   825 ;; Parameters:    Size  Location     Type
   826 ;;		None
   827 ;; Auto vars:     Size  Location     Type
   828 ;;		None
   829 ;; Return value:  Size  Location     Type
   830 ;;                  1    wreg      void 
   831 ;; Registers used:
   832 ;;		None
   833 ;; Tracked objects:
   834 ;;		On entry : 0/0
   835 ;;		On exit  : 0/0
   836 ;;		Unchanged: 0/0
   837 ;; Data sizes:     COMMON   BANK0   BANK1   BANK2   BANK3   BANK4   BANK5   BANK6   BANK7   BANK8   BANK9  BANK10  BANK1
      +1  BANK12  BANK13  BANK14  BANK15  BANK16  BANK17  BANK18  BANK19  BANK20  BANK21  BANK22  BANK23  BANK24  BANK25
   838 ;;      Params:         0       0       0       0       0       0       0       0       0       0       0       0       
      +0       0       0       0       0       0       0       0       0       0       0       0       0       0       0
   839 ;;      Locals:         0       0       0       0       0       0       0       0       0       0       0       0       
      +0       0       0       0       0       0       0       0       0       0       0       0       0       0       0
   840 ;;      Temps:          0       0       0       0       0       0       0       0       0       0       0       0       
      +0       0       0       0       0       0       0       0       0       0       0       0       0       0       0
   841 ;;      Totals:         0       0       0       0       0       0       0       0       0       0       0       0       
      +0       0       0       0       0       0       0       0       0       0       0       0       0       0       0
   842 ;;Total ram usage:        0 bytes
   843 ;; Hardware stack levels used: 1
   844 ;; Hardware stack levels required when called: 1
   845 ;; This function calls:
   846 ;;		Nothing
   847 ;; This function is called by:
   848 ;;		_initMain
   849 ;; This function uses a non-reentrant model
   850 ;;
   851                           
   852     0030                     _internal_32:	
   853                           ;psect for function _internal_32
   854                           
   855     0030                     l597:	
   856                           ;incstack = 0
   857                           ; Regs used in _internal_32: []
   858                           
   859                           
   860                           ;PIC16F1718_Internal.c: 38:     SCS0 = 0;
   861     0030  0021               	movlb	1	; select bank1
   862     0031  1019               	bcf	25,0	;volatile
   863                           
   864                           ;PIC16F1718_Internal.c: 39:     SCS1 = 0;
   865     0032  1099               	bcf	25,1	;volatile
   866                           
   867                           ;PIC16F1718_Internal.c: 42:     IRCF0 = 0;
   868     0033  1199               	bcf	25,3	;volatile
   869                           
   870                           ;PIC16F1718_Internal.c: 43:     IRCF1 = 1;
   871     0034  1619               	bsf	25,4	;volatile
   872                           
   873                           ;PIC16F1718_Internal.c: 44:     IRCF2 = 1;
   874     0035  1699               	bsf	25,5	;volatile
   875                           
   876                           ;PIC16F1718_Internal.c: 45:     IRCF3 = 1;
   877     0036  1719               	bsf	25,6	;volatile
   878                           
   879                           ;PIC16F1718_Internal.c: 48:     SPLLEN = 1;
   880     0037  1799               	bsf	25,7	;volatile
   881     0038                     l53:
   882     0038  0008               	return
   883     0039                     __end_of_internal_32:
   884                           
   885                           	psect	intentry
   886     0004                     __pintentry:	
   887 ;; *************** function _isr *****************
   888 ;; Defined at:
   889 ;;		line 103 in file "main.c"
   890 ;; Parameters:    Size  Location     Type
   891 ;;		None
   892 ;; Auto vars:     Size  Location     Type
   893 ;;		None
   894 ;; Return value:  Size  Location     Type
   895 ;;                  1    wreg      void 
   896 ;; Registers used:
   897 ;;		status,2, status,0
   898 ;; Tracked objects:
   899 ;;		On entry : 0/0
   900 ;;		On exit  : 0/0
   901 ;;		Unchanged: 0/0
   902 ;; Data sizes:     COMMON   BANK0   BANK1   BANK2   BANK3   BANK4   BANK5   BANK6   BANK7   BANK8   BANK9  BANK10  BANK1
      +1  BANK12  BANK13  BANK14  BANK15  BANK16  BANK17  BANK18  BANK19  BANK20  BANK21  BANK22  BANK23  BANK24  BANK25
   903 ;;      Params:         0       0       0       0       0       0       0       0       0       0       0       0       
      +0       0       0       0       0       0       0       0       0       0       0       0       0       0       0
   904 ;;      Locals:         0       0       0       0       0       0       0       0       0       0       0       0       
      +0       0       0       0       0       0       0       0       0       0       0       0       0       0       0
   905 ;;      Temps:          0       0       0       0       0       0       0       0       0       0       0       0       
      +0       0       0       0       0       0       0       0       0       0       0       0       0       0       0
   906 ;;      Totals:         0       0       0       0       0       0       0       0       0       0       0       0       
      +0       0       0       0       0       0       0       0       0       0       0       0       0       0       0
   907 ;;Total ram usage:        0 bytes
   908 ;; Hardware stack levels used: 1
   909 ;; This function calls:
   910 ;;		Nothing
   911 ;; This function is called by:
   912 ;;		Interrupt level 1
   913 ;; This function uses a non-reentrant model
   914 ;;
   915                           
   916     0004                     _isr:
   917                           
   918                           ;incstack = 0
   919     0004  147E               	bsf	int$flags,0	;set compiler interrupt flag (level 1)
   920                           
   921                           ; Regs used in _isr: [status]
   922     0005  3180               	pagesel	$
   923     0006                     i1l621:
   924                           
   925                           ;main.c: 106:     IOCBF = 0;
   926     0006  0027               	movlb	7	; select bank7
   927     0007  0196               	clrf	22	;volatile
   928     0008                     i1l623:
   929                           
   930                           ;main.c: 109:     LATCbits.LATC3 = ~LATCbits.LATC3;
   931     0008  1003               	clrc
   932     0009  0022               	movlb	2	; select bank2
   933     000A  1D8E               	btfss	14,3	;volatile
   934     000B  1403               	setc
   935     000C  1803               	btfsc	3,0
   936     000D  280F               	goto	u1_21
   937     000E  2812               	goto	u1_20
   938     000F                     u1_21:
   939     000F  0022               	movlb	2	; select bank2
   940     0010  158E               	bsf	14,3	;volatile
   941     0011  2814               	goto	u2_24
   942     0012                     u1_20:
   943     0012  0022               	movlb	2	; select bank2
   944     0013  118E               	bcf	14,3	;volatile
   945     0014                     u2_24:
   946     0014                     i1l36:
   947     0014  107E               	bcf	int$flags,0	;clear compiler interrupt flag (level 1)
   948     0015  0009               	retfie
   949     0016                     __end_of_isr:
   950     007E                     btemp	set	126	;btemp
   951     007E                     int$flags	set	126
   952     007E                     wtemp0	set	126
   953                           
   954                           	psect	config
   955                           
   956                           ;Config register CONFIG1 @ 0x8007
   957                           ;	Oscillator Selection Bits
   958                           ;	FOSC = INTOSC, INTOSC oscillator: I/O function on CLKIN pin
   959                           ;	Watchdog Timer Enable
   960                           ;	WDTE = OFF, WDT disabled
   961                           ;	Power-up Timer Enable
   962                           ;	PWRTE = OFF, PWRT disabled
   963                           ;	MCLR Pin Function Select
   964                           ;	MCLRE = OFF, MCLR/VPP pin function is digital input if LVP bit is also 0.
   965                           ;	Flash Program Memory Code Protection
   966                           ;	CP = OFF, Program memory code protection is disabled
   967                           ;	Brown-out Reset Enable
   968                           ;	BOREN = OFF, Brown-out Reset disabled
   969                           ;	Clock Out Enable
   970                           ;	CLKOUTEN = OFF, CLKOUT function is disabled. I/O or oscillator function on the CLKOUT 
      +                          pin
   971                           ;	Internal/External Switchover Mode
   972                           ;	IESO = ON, Internal/External Switchover Mode is enabled
   973                           ;	Fail-Safe Clock Monitor Enable
   974                           ;	FCMEN = OFF, Fail-Safe Clock Monitor is disabled
   975     8007                     	org	32775
   976     8007  19A4               	dw	6564
   977                           
   978                           ;Config register CONFIG2 @ 0x8008
   979                           ;	Flash Memory Self-Write Protection
   980                           ;	WRT = OFF, Write protection off
   981                           ;	Peripheral Pin Select one-way control
   982                           ;	PPS1WAY = ON, The PPSLOCK bit cannot be cleared once it is set by software
   983                           ;	Zero-cross detect disable
   984                           ;	ZCDDIS = ON, ZCD disabled. ZCD can be enabled by setting the ZCDSEN bit of ZCDCON
   985                           ;	Phase Lock Loop enable
   986                           ;	PLLEN = OFF, 4x PLL is disabled
   987                           ;	Stack Overflow/Underflow Reset Enable
   988                           ;	STVREN = ON, Stack Overflow or Underflow will cause a Reset
   989                           ;	Brown-out Reset Voltage Selection
   990                           ;	BORV = LO, Brown-out Reset Voltage (Vbor), low trip point selected.
   991                           ;	Low-Power Brown Out Reset
   992                           ;	LPBOR = OFF, Low-Power BOR is disabled
   993                           ;	In-Circuit Debugger Mode
   994                           ;	DEBUG = 0x1, unprogrammed default
   995                           ;	Low-Voltage Programming Enable
   996                           ;	LVP = OFF, High-voltage on MCLR/VPP must be used for programming
   997     8008                     	org	32776
   998     8008  1EFF               	dw	7935

Data Sizes:
    Strings     0
    Constant    0
    Data        0
    BSS         0
    Persistent  32
    Stack       0

Auto Spaces:
    Space          Size  Autos    Used
    COMMON           14      0       0
    BANK0            80      0       0
    BANK1            80      0       0
    BANK2            80      0       0
    BANK3            80      0       0
    BANK4            80      0       0
    BANK5            80      0       0
    BANK6            80      0       0
    BANK7            80      0       0
    BANK8            80      0       0
    BANK9            80      0       0
    BANK10           80      0       0
    BANK11           80      0       0
    BANK12           80      0       0
    BANK13           80      0       0
    BANK14           80      0       0
    BANK15           80      0       0
    BANK16           80      0       0
    BANK17           80      0       0
    BANK18           80      0       0
    BANK19           80      0       0
    BANK20           80      0       0
    BANK21           80      0       0
    BANK22           80      0       0
    BANK23           80      0       0
    BANK24           80      0       0
    BANK25           32      0       0

Pointer List with Targets:

    None.

Critical Paths under _main in COMMON

    None.

Critical Paths under _isr in COMMON

    None.

Critical Paths under _main in BANK0

    None.

Critical Paths under _isr in BANK0

    None.

Critical Paths under _main in BANK1

    None.

Critical Paths under _isr in BANK1

    None.

Critical Paths under _main in BANK2

    None.

Critical Paths under _isr in BANK2

    None.

Critical Paths under _main in BANK3

    None.

Critical Paths under _isr in BANK3

    None.

Critical Paths under _main in BANK4

    None.

Critical Paths under _isr in BANK4

    None.

Critical Paths under _main in BANK5

    None.

Critical Paths under _isr in BANK5

    None.

Critical Paths under _main in BANK6

    None.

Critical Paths under _isr in BANK6

    None.

Critical Paths under _main in BANK7

    None.

Critical Paths under _isr in BANK7

    None.

Critical Paths under _main in BANK8

    None.

Critical Paths under _isr in BANK8

    None.

Critical Paths under _main in BANK9

    None.

Critical Paths under _isr in BANK9

    None.

Critical Paths under _main in BANK10

    None.

Critical Paths under _isr in BANK10

    None.

Critical Paths under _main in BANK11

    None.

Critical Paths under _isr in BANK11

    None.

Critical Paths under _main in BANK12

    None.

Critical Paths under _isr in BANK12

    None.

Critical Paths under _main in BANK13

    None.

Critical Paths under _isr in BANK13

    None.

Critical Paths under _main in BANK14

    None.

Critical Paths under _isr in BANK14

    None.

Critical Paths under _main in BANK15

    None.

Critical Paths under _isr in BANK15

    None.

Critical Paths under _main in BANK16

    None.

Critical Paths under _isr in BANK16

    None.

Critical Paths under _main in BANK17

    None.

Critical Paths under _isr in BANK17

    None.

Critical Paths under _main in BANK18

    None.

Critical Paths under _isr in BANK18

    None.

Critical Paths under _main in BANK19

    None.

Critical Paths under _isr in BANK19

    None.

Critical Paths under _main in BANK20

    None.

Critical Paths under _isr in BANK20

    None.

Critical Paths under _main in BANK21

    None.

Critical Paths under _isr in BANK21

    None.

Critical Paths under _main in BANK22

    None.

Critical Paths under _isr in BANK22

    None.

Critical Paths under _main in BANK23

    None.

Critical Paths under _isr in BANK23

    None.

Critical Paths under _main in BANK24

    None.

Critical Paths under _isr in BANK24

    None.

Critical Paths under _main in BANK25

    None.

Critical Paths under _isr in BANK25

    None.

Call Graph Tables:

 ---------------------------------------------------------------------------------
 (Depth) Function   	        Calls       Base Space   Used Autos Params    Refs
 ---------------------------------------------------------------------------------
 (0) _main                                                 0     0      0       0
                           _initMain
 ---------------------------------------------------------------------------------
 (1) _initMain                                             0     0      0       0
                        _internal_32
 ---------------------------------------------------------------------------------
 (2) _internal_32                                          0     0      0       0
 ---------------------------------------------------------------------------------
 Estimated maximum stack depth 2
 ---------------------------------------------------------------------------------
 (Depth) Function   	        Calls       Base Space   Used Autos Params    Refs
 ---------------------------------------------------------------------------------
 (3) _isr                                                  0     0      0       0
 ---------------------------------------------------------------------------------
 Estimated maximum stack depth 3
 ---------------------------------------------------------------------------------

 Call Graph Graphs:

 _main (ROOT)
   _initMain
     _internal_32

 _isr (ROOT)

 Address spaces:
Name               Size   Autos  Total    Cost      Usage
BIGRAM             7F0      0       0       0        0.0%
NULL                 0      0       0       0        0.0%
CODE                 0      0       0       0        0.0%
BITCOMMON            E      0       0       1        0.0%
BITSFR0              0      0       0       1        0.0%
SFR0                 0      0       0       1        0.0%
COMMON               E      0       0       2        0.0%
BITSFR1              0      0       0       2        0.0%
SFR1                 0      0       0       2        0.0%
BITSFR2              0      0       0       3        0.0%
SFR2                 0      0       0       3        0.0%
STACK                0      0       0       3        0.0%
BITBANK0            50      0       0       4        0.0%
BITSFR3              0      0       0       4        0.0%
SFR3                 0      0       0       4        0.0%
BANK0               50      0       0       5        0.0%
BITSFR4              0      0       0       5        0.0%
SFR4                 0      0       0       5        0.0%
BITBANK1            50      0       0       6        0.0%
BITSFR5              0      0       0       6        0.0%
SFR5                 0      0       0       6        0.0%
BANK1               50      0       0       7        0.0%
BITSFR6              0      0       0       7        0.0%
SFR6                 0      0       0       7        0.0%
BITBANK2            50      0       0       8        0.0%
BITSFR7              0      0       0       8        0.0%
SFR7                 0      0       0       8        0.0%
BANK2               50      0       0       9        0.0%
BITSFR8              0      0       0       9        0.0%
SFR8                 0      0       0       9        0.0%
BITBANK3            50      0       0      10        0.0%
BITSFR9              0      0       0      10        0.0%
SFR9                 0      0       0      10        0.0%
BANK3               50      0       0      11        0.0%
BITSFR10             0      0       0      11        0.0%
SFR10                0      0       0      11        0.0%
BITBANK4            50      0       0      12        0.0%
BITSFR11             0      0       0      12        0.0%
SFR11                0      0       0      12        0.0%
BANK4               50      0       0      13        0.0%
BITSFR12             0      0       0      13        0.0%
SFR12                0      0       0      13        0.0%
BITSFR13             0      0       0      14        0.0%
SFR13                0      0       0      14        0.0%
ABS                  0      0       0      14        0.0%
BITBANK5            50      0       0      15        0.0%
BITSFR14             0      0       0      15        0.0%
SFR14                0      0       0      15        0.0%
BANK5               50      0       0      16        0.0%
BITSFR15             0      0       0      16        0.0%
SFR15                0      0       0      16        0.0%
BITBANK6            50      0       0      17        0.0%
BITSFR16             0      0       0      17        0.0%
SFR16                0      0       0      17        0.0%
BANK6               50      0       0      18        0.0%
BITSFR17             0      0       0      18        0.0%
SFR17                0      0       0      18        0.0%
BITBANK7            50      0       0      19        0.0%
BITSFR18             0      0       0      19        0.0%
SFR18                0      0       0      19        0.0%
BANK7               50      0       0      20        0.0%
BITSFR19             0      0       0      20        0.0%
SFR19                0      0       0      20        0.0%
BITBANK8            50      0       0      21        0.0%
BITSFR20             0      0       0      21        0.0%
SFR20                0      0       0      21        0.0%
BANK8               50      0       0      22        0.0%
BITSFR21             0      0       0      22        0.0%
SFR21                0      0       0      22        0.0%
BITBANK9            50      0       0      23        0.0%
BITSFR22             0      0       0      23        0.0%
SFR22                0      0       0      23        0.0%
BANK9               50      0       0      24        0.0%
BITSFR23             0      0       0      24        0.0%
SFR23                0      0       0      24        0.0%
BITBANK10           50      0       0      25        0.0%
BITSFR24             0      0       0      25        0.0%
SFR24                0      0       0      25        0.0%
BANK10              50      0       0      26        0.0%
BITSFR25             0      0       0      26        0.0%
SFR25                0      0       0      26        0.0%
BITBANK11           50      0       0      27        0.0%
BITSFR26             0      0       0      27        0.0%
SFR26                0      0       0      27        0.0%
BITSFR27             0      0       0      28        0.0%
SFR27                0      0       0      28        0.0%
DATA                 0      0       0      28        0.0%
BANK11              50      0       0      29        0.0%
BITSFR28             0      0       0      29        0.0%
SFR28                0      0       0      29        0.0%
BITBANK12           50      0       0      30        0.0%
BITSFR29             0      0       0      30        0.0%
SFR29                0      0       0      30        0.0%
BANK12              50      0       0      31        0.0%
BITSFR30             0      0       0      31        0.0%
SFR30                0      0       0      31        0.0%
BITBANK13           50      0       0      32        0.0%
BITSFR31             0      0       0      32        0.0%
SFR31                0      0       0      32        0.0%
BANK13              50      0       0      33        0.0%
BITBANK14           50      0       0      34        0.0%
BANK14              50      0       0      35        0.0%
BITBANK15           50      0       0      36        0.0%
BANK15              50      0       0      37        0.0%
BITBANK16           50      0       0      38        0.0%
BANK16              50      0       0      39        0.0%
BITBANK17           50      0       0      40        0.0%
BANK17              50      0       0      41        0.0%
BITBANK18           50      0       0      42        0.0%
BANK18              50      0       0      43        0.0%
BITBANK19           50      0       0      44        0.0%
BANK19              50      0       0      45        0.0%
BITBANK20           50      0       0      46        0.0%
BANK20              50      0       0      47        0.0%
BITBANK21           50      0       0      48        0.0%
BANK21              50      0       0      49        0.0%
BITBANK22           50      0       0      50        0.0%
BANK22              50      0       0      51        0.0%
BITBANK23           50      0       0      52        0.0%
BANK23              50      0       0      53        0.0%
BITBANK24           50      0       0      54        0.0%
BANK24              50      0       0      55        0.0%
BITBANK25           20      0       0      56        0.0%
BANK25              20      0       0      57        0.0%


Microchip Technology PIC Macro Assembler V2.46 build 20240104201356 
Symbol Table                                                                                   Thu Dec 25 02:12:28 2025

                     l23 002F                       l28 003C                       l53 0038  
                     l29 003C                      l601 001F                      l611 0029  
                    l603 0021                      l613 002B                      l605 0023  
                    l615 002D                      l607 0025                      l617 002E  
                    l609 0027                      l619 0039                      l597 0030  
                    l599 001C                      _isr 0004                     ?_isr 0000  
                   i1l36 0014                     _SCS0 04C8                     _SCS1 04C9  
                   u1_20 0012                     u1_21 000F                     u2_24 0014  
                   _main 0039                     btemp 007E                     start 0016  
                  ??_isr 0000                    ?_main 0000                    _IOCBF 0396  
                  _IRCF0 04CB                    _IRCF1 04CC                    _IRCF2 04CD  
                  _IRCF3 04CE                    i1l621 0006                    i1l623 0008  
                  status 0003                    wtemp0 007E             ?_internal_32 0000  
        __initialization 0018             __end_of_main 003F                   ??_main 0000  
                 _SPLLEN 04CF         __end_of_initMain 0030  __end_of__initialization 0018  
         __pcstackCOMMON 0000           _OPTION_REGbits 0095               __pmaintext 0039  
             __pintentry 0004                ?_initMain 0000                  __ptext1 001C  
                __ptext2 0030                _IOCBNbits 0395     end_of_initialization 0018  
             ??_initMain 0000                _TRISBbits 008D                _TRISCbits 008E  
    start_initialization 0018              __end_of_isr 0016                ___latbits 0003  
          ??_internal_32 0000                 _LATCbits 010E      __end_of_internal_32 0039  
               _WPUBbits 020D               _ANSELBbits 018D                 _initMain 001C  
            _internal_32 0030                 int$flags 007E               _INTCONbits 000B  
               intlevel1 0000  
