

Microchip MPLAB XC8 Assembler V2.45 build 20230818022343 
                                                                                               Sat Nov 18 01:24:34 2023

Microchip MPLAB XC8 C Compiler v2.45 (Free license) build 20230818022343 Og1 
     1                           	processor	16F1719
     2                           	pagewidth 120
     3                           	opt	flic
     4                           	psect	cinit,global,class=CODE,merge=1,delta=2
     5                           	psect	bssCOMMON,global,class=COMMON,space=1,delta=1,noexec
     6                           	psect	cstackCOMMON,global,class=COMMON,space=1,delta=1,noexec
     7                           	psect	maintext,global,class=CODE,merge=1,split=1,delta=2
     8                           	psect	text1,local,class=CODE,merge=1,delta=2
     9                           	psect	text2,local,class=CODE,merge=1,delta=2
    10                           	psect	intentry,global,class=CODE,delta=2
    11                           	psect	config,global,abs,ovrld,class=CONFIG,space=4,delta=2,noexec
    12                           	dabs	1,0x7E,2
    13     0000                     
    14                           ; Generated 06/07/2023 GMT
    15                           ; 
    16                           ; Copyright © 2023, Microchip Technology Inc. and its subsidiaries ("Microchip")
    17                           ; All rights reserved.
    18                           ; 
    19                           ; This software is developed by Microchip Technology Inc. and its subsidiaries ("Microch
      +                          ip").
    20                           ; 
    21                           ; Redistribution and use in source and binary forms, with or without modification, are
    22                           ; permitted provided that the following conditions are met:
    23                           ; 
    24                           ;     1. Redistributions of source code must retain the above copyright notice, this lis
      +                          t of
    25                           ;        conditions and the following disclaimer.
    26                           ; 
    27                           ;     2. Redistributions in binary form must reproduce the above copyright notice, this 
      +                          list
    28                           ;        of conditions and the following disclaimer in the documentation and/or other
    29                           ;        materials provided with the distribution. Publication is not required when
    30                           ;        this file is used in an embedded application.
    31                           ; 
    32                           ;     3. Microchip's name may not be used to endorse or promote products derived from th
      +                          is
    33                           ;        software without specific prior written permission.
    34                           ; 
    35                           ; THIS SOFTWARE IS PROVIDED BY MICROCHIP "AS IS" AND ANY EXPRESS OR IMPLIED WARRANTIES,
    36                           ; INCLUDING, BUT NOT LIMITED TO, THE IMPLIED WARRANTIES OF MERCHANTABILITY AND FITNESS F
      +                          OR
    37                           ; PURPOSE ARE DISCLAIMED.  IN NO EVENT SHALL MICROCHIP BE LIABLE FOR ANY DIRECT, INDIREC
      +                          T,
    38                           ; INCIDENTAL, SPECIAL, EXEMPLARY, OR CONSEQUENTIAL DAMAGES (INCLUDING BUT NOT LIMITED TO
    39                           ; PROCUREMENT OF SUBSTITUTE GOODS OR SERVICES; LOSS OF USE, DATA OR PROFITS; OR BUSINESS
    40                           ; INTERRUPTION) HOWSOEVER CAUSED AND ON ANY THEORY OF LIABILITY, WHETHER IN CONTRACT, ST
      +                          RICT
    41                           ; LIABILITY, OR TORT (INCLUDING NEGLIGENCE OR OTHERWISE) ARISING IN ANY WAY OUT OF THE U
      +                          SE OF
    42                           ; THIS SOFTWARE, EVEN IF ADVISED OF THE POSSIBILITY OF SUCH DAMAGE.
    43                           ; 
    44                           ; 
    45                           ; Code-generator required, PIC16F1719 Definitions
    46                           ; 
    47                           ; SFR Addresses
    48     0000                     	;# 
    49     0001                     	;# 
    50     0002                     	;# 
    51     0003                     	;# 
    52     0004                     	;# 
    53     0005                     	;# 
    54     0006                     	;# 
    55     0007                     	;# 
    56     0008                     	;# 
    57     0009                     	;# 
    58     000A                     	;# 
    59     000B                     	;# 
    60     000C                     	;# 
    61     000D                     	;# 
    62     000E                     	;# 
    63     000F                     	;# 
    64     0010                     	;# 
    65     0011                     	;# 
    66     0012                     	;# 
    67     0013                     	;# 
    68     0015                     	;# 
    69     0016                     	;# 
    70     0016                     	;# 
    71     0017                     	;# 
    72     0018                     	;# 
    73     0019                     	;# 
    74     001A                     	;# 
    75     001B                     	;# 
    76     001C                     	;# 
    77     008C                     	;# 
    78     008D                     	;# 
    79     008E                     	;# 
    80     008F                     	;# 
    81     0090                     	;# 
    82     0091                     	;# 
    83     0092                     	;# 
    84     0093                     	;# 
    85     0095                     	;# 
    86     0096                     	;# 
    87     0097                     	;# 
    88     0098                     	;# 
    89     0099                     	;# 
    90     009A                     	;# 
    91     009B                     	;# 
    92     009B                     	;# 
    93     009C                     	;# 
    94     009D                     	;# 
    95     009E                     	;# 
    96     009F                     	;# 
    97     010C                     	;# 
    98     010D                     	;# 
    99     010E                     	;# 
   100     010F                     	;# 
   101     0110                     	;# 
   102     0111                     	;# 
   103     0112                     	;# 
   104     0113                     	;# 
   105     0114                     	;# 
   106     0115                     	;# 
   107     0116                     	;# 
   108     0117                     	;# 
   109     0118                     	;# 
   110     0119                     	;# 
   111     011A                     	;# 
   112     011B                     	;# 
   113     011B                     	;# 
   114     011C                     	;# 
   115     018C                     	;# 
   116     018D                     	;# 
   117     018E                     	;# 
   118     018F                     	;# 
   119     0190                     	;# 
   120     0191                     	;# 
   121     0191                     	;# 
   122     0192                     	;# 
   123     0193                     	;# 
   124     0193                     	;# 
   125     0194                     	;# 
   126     0195                     	;# 
   127     0196                     	;# 
   128     0197                     	;# 
   129     0199                     	;# 
   130     0199                     	;# 
   131     0199                     	;# 
   132     019A                     	;# 
   133     019A                     	;# 
   134     019A                     	;# 
   135     019B                     	;# 
   136     019B                     	;# 
   137     019B                     	;# 
   138     019B                     	;# 
   139     019B                     	;# 
   140     019C                     	;# 
   141     019C                     	;# 
   142     019C                     	;# 
   143     019D                     	;# 
   144     019D                     	;# 
   145     019D                     	;# 
   146     019E                     	;# 
   147     019E                     	;# 
   148     019E                     	;# 
   149     019F                     	;# 
   150     019F                     	;# 
   151     019F                     	;# 
   152     019F                     	;# 
   153     019F                     	;# 
   154     020C                     	;# 
   155     020D                     	;# 
   156     020E                     	;# 
   157     020F                     	;# 
   158     0210                     	;# 
   159     0211                     	;# 
   160     0211                     	;# 
   161     0212                     	;# 
   162     0212                     	;# 
   163     0213                     	;# 
   164     0213                     	;# 
   165     0214                     	;# 
   166     0214                     	;# 
   167     0215                     	;# 
   168     0215                     	;# 
   169     0215                     	;# 
   170     0215                     	;# 
   171     0216                     	;# 
   172     0216                     	;# 
   173     0217                     	;# 
   174     0217                     	;# 
   175     028C                     	;# 
   176     028D                     	;# 
   177     028E                     	;# 
   178     028F                     	;# 
   179     0290                     	;# 
   180     0291                     	;# 
   181     0291                     	;# 
   182     0292                     	;# 
   183     0293                     	;# 
   184     0293                     	;# 
   185     0298                     	;# 
   186     0298                     	;# 
   187     0299                     	;# 
   188     029A                     	;# 
   189     029A                     	;# 
   190     029E                     	;# 
   191     030C                     	;# 
   192     030D                     	;# 
   193     030E                     	;# 
   194     030F                     	;# 
   195     0310                     	;# 
   196     038C                     	;# 
   197     038D                     	;# 
   198     038E                     	;# 
   199     038F                     	;# 
   200     0390                     	;# 
   201     0391                     	;# 
   202     0392                     	;# 
   203     0393                     	;# 
   204     0394                     	;# 
   205     0395                     	;# 
   206     0396                     	;# 
   207     0397                     	;# 
   208     0398                     	;# 
   209     0399                     	;# 
   210     039D                     	;# 
   211     039E                     	;# 
   212     039F                     	;# 
   213     0415                     	;# 
   214     0416                     	;# 
   215     0417                     	;# 
   216     041C                     	;# 
   217     041D                     	;# 
   218     041E                     	;# 
   219     0498                     	;# 
   220     0498                     	;# 
   221     0499                     	;# 
   222     049A                     	;# 
   223     049B                     	;# 
   224     049B                     	;# 
   225     049C                     	;# 
   226     049D                     	;# 
   227     049E                     	;# 
   228     049F                     	;# 
   229     0511                     	;# 
   230     0515                     	;# 
   231     0617                     	;# 
   232     0618                     	;# 
   233     0619                     	;# 
   234     0619                     	;# 
   235     061A                     	;# 
   236     061B                     	;# 
   237     061C                     	;# 
   238     061C                     	;# 
   239     0691                     	;# 
   240     0692                     	;# 
   241     0693                     	;# 
   242     0694                     	;# 
   243     0695                     	;# 
   244     0696                     	;# 
   245     0697                     	;# 
   246     0698                     	;# 
   247     0699                     	;# 
   248     069A                     	;# 
   249     069B                     	;# 
   250     069C                     	;# 
   251     069D                     	;# 
   252     069E                     	;# 
   253     069F                     	;# 
   254     0E0F                     	;# 
   255     0E10                     	;# 
   256     0E11                     	;# 
   257     0E12                     	;# 
   258     0E13                     	;# 
   259     0E14                     	;# 
   260     0E15                     	;# 
   261     0E17                     	;# 
   262     0E20                     	;# 
   263     0E21                     	;# 
   264     0E22                     	;# 
   265     0E24                     	;# 
   266     0E25                     	;# 
   267     0E28                     	;# 
   268     0E29                     	;# 
   269     0E2A                     	;# 
   270     0E2B                     	;# 
   271     0E90                     	;# 
   272     0E91                     	;# 
   273     0E92                     	;# 
   274     0E93                     	;# 
   275     0E94                     	;# 
   276     0E95                     	;# 
   277     0E96                     	;# 
   278     0E97                     	;# 
   279     0E98                     	;# 
   280     0E99                     	;# 
   281     0E9A                     	;# 
   282     0E9B                     	;# 
   283     0E9C                     	;# 
   284     0E9D                     	;# 
   285     0E9E                     	;# 
   286     0E9F                     	;# 
   287     0EA0                     	;# 
   288     0EA1                     	;# 
   289     0EA2                     	;# 
   290     0EA3                     	;# 
   291     0EA4                     	;# 
   292     0EA5                     	;# 
   293     0EA6                     	;# 
   294     0EA7                     	;# 
   295     0EA8                     	;# 
   296     0EA9                     	;# 
   297     0EAA                     	;# 
   298     0EAB                     	;# 
   299     0EAC                     	;# 
   300     0EAD                     	;# 
   301     0EAE                     	;# 
   302     0EAF                     	;# 
   303     0EB0                     	;# 
   304     0EB1                     	;# 
   305     0EB2                     	;# 
   306     0F0F                     	;# 
   307     0F10                     	;# 
   308     0F11                     	;# 
   309     0F12                     	;# 
   310     0F13                     	;# 
   311     0F14                     	;# 
   312     0F15                     	;# 
   313     0F16                     	;# 
   314     0F17                     	;# 
   315     0F18                     	;# 
   316     0F19                     	;# 
   317     0F1A                     	;# 
   318     0F1B                     	;# 
   319     0F1C                     	;# 
   320     0F1D                     	;# 
   321     0F1E                     	;# 
   322     0F1F                     	;# 
   323     0F20                     	;# 
   324     0F21                     	;# 
   325     0F22                     	;# 
   326     0F23                     	;# 
   327     0F24                     	;# 
   328     0F25                     	;# 
   329     0F26                     	;# 
   330     0F27                     	;# 
   331     0F28                     	;# 
   332     0F29                     	;# 
   333     0F2A                     	;# 
   334     0F2B                     	;# 
   335     0F2C                     	;# 
   336     0F2D                     	;# 
   337     0F2E                     	;# 
   338     0F2F                     	;# 
   339     0F30                     	;# 
   340     0F31                     	;# 
   341     0F32                     	;# 
   342     0F33                     	;# 
   343     0F34                     	;# 
   344     0F35                     	;# 
   345     0F36                     	;# 
   346     0F37                     	;# 
   347     0FE4                     	;# 
   348     0FE5                     	;# 
   349     0FE6                     	;# 
   350     0FE7                     	;# 
   351     0FE8                     	;# 
   352     0FE9                     	;# 
   353     0FEA                     	;# 
   354     0FEB                     	;# 
   355     0FED                     	;# 
   356     0FEE                     	;# 
   357     0FEF                     	;# 
   358     0000                     	;# 
   359     0001                     	;# 
   360     0002                     	;# 
   361     0003                     	;# 
   362     0004                     	;# 
   363     0005                     	;# 
   364     0006                     	;# 
   365     0007                     	;# 
   366     0008                     	;# 
   367     0009                     	;# 
   368     000A                     	;# 
   369     000B                     	;# 
   370     000C                     	;# 
   371     000D                     	;# 
   372     000E                     	;# 
   373     000F                     	;# 
   374     0010                     	;# 
   375     0011                     	;# 
   376     0012                     	;# 
   377     0013                     	;# 
   378     0015                     	;# 
   379     0016                     	;# 
   380     0016                     	;# 
   381     0017                     	;# 
   382     0018                     	;# 
   383     0019                     	;# 
   384     001A                     	;# 
   385     001B                     	;# 
   386     001C                     	;# 
   387     008C                     	;# 
   388     008D                     	;# 
   389     008E                     	;# 
   390     008F                     	;# 
   391     0090                     	;# 
   392     0091                     	;# 
   393     0092                     	;# 
   394     0093                     	;# 
   395     0095                     	;# 
   396     0096                     	;# 
   397     0097                     	;# 
   398     0098                     	;# 
   399     0099                     	;# 
   400     009A                     	;# 
   401     009B                     	;# 
   402     009B                     	;# 
   403     009C                     	;# 
   404     009D                     	;# 
   405     009E                     	;# 
   406     009F                     	;# 
   407     010C                     	;# 
   408     010D                     	;# 
   409     010E                     	;# 
   410     010F                     	;# 
   411     0110                     	;# 
   412     0111                     	;# 
   413     0112                     	;# 
   414     0113                     	;# 
   415     0114                     	;# 
   416     0115                     	;# 
   417     0116                     	;# 
   418     0117                     	;# 
   419     0118                     	;# 
   420     0119                     	;# 
   421     011A                     	;# 
   422     011B                     	;# 
   423     011B                     	;# 
   424     011C                     	;# 
   425     018C                     	;# 
   426     018D                     	;# 
   427     018E                     	;# 
   428     018F                     	;# 
   429     0190                     	;# 
   430     0191                     	;# 
   431     0191                     	;# 
   432     0192                     	;# 
   433     0193                     	;# 
   434     0193                     	;# 
   435     0194                     	;# 
   436     0195                     	;# 
   437     0196                     	;# 
   438     0197                     	;# 
   439     0199                     	;# 
   440     0199                     	;# 
   441     0199                     	;# 
   442     019A                     	;# 
   443     019A                     	;# 
   444     019A                     	;# 
   445     019B                     	;# 
   446     019B                     	;# 
   447     019B                     	;# 
   448     019B                     	;# 
   449     019B                     	;# 
   450     019C                     	;# 
   451     019C                     	;# 
   452     019C                     	;# 
   453     019D                     	;# 
   454     019D                     	;# 
   455     019D                     	;# 
   456     019E                     	;# 
   457     019E                     	;# 
   458     019E                     	;# 
   459     019F                     	;# 
   460     019F                     	;# 
   461     019F                     	;# 
   462     019F                     	;# 
   463     019F                     	;# 
   464     020C                     	;# 
   465     020D                     	;# 
   466     020E                     	;# 
   467     020F                     	;# 
   468     0210                     	;# 
   469     0211                     	;# 
   470     0211                     	;# 
   471     0212                     	;# 
   472     0212                     	;# 
   473     0213                     	;# 
   474     0213                     	;# 
   475     0214                     	;# 
   476     0214                     	;# 
   477     0215                     	;# 
   478     0215                     	;# 
   479     0215                     	;# 
   480     0215                     	;# 
   481     0216                     	;# 
   482     0216                     	;# 
   483     0217                     	;# 
   484     0217                     	;# 
   485     028C                     	;# 
   486     028D                     	;# 
   487     028E                     	;# 
   488     028F                     	;# 
   489     0290                     	;# 
   490     0291                     	;# 
   491     0291                     	;# 
   492     0292                     	;# 
   493     0293                     	;# 
   494     0293                     	;# 
   495     0298                     	;# 
   496     0298                     	;# 
   497     0299                     	;# 
   498     029A                     	;# 
   499     029A                     	;# 
   500     029E                     	;# 
   501     030C                     	;# 
   502     030D                     	;# 
   503     030E                     	;# 
   504     030F                     	;# 
   505     0310                     	;# 
   506     038C                     	;# 
   507     038D                     	;# 
   508     038E                     	;# 
   509     038F                     	;# 
   510     0390                     	;# 
   511     0391                     	;# 
   512     0392                     	;# 
   513     0393                     	;# 
   514     0394                     	;# 
   515     0395                     	;# 
   516     0396                     	;# 
   517     0397                     	;# 
   518     0398                     	;# 
   519     0399                     	;# 
   520     039D                     	;# 
   521     039E                     	;# 
   522     039F                     	;# 
   523     0415                     	;# 
   524     0416                     	;# 
   525     0417                     	;# 
   526     041C                     	;# 
   527     041D                     	;# 
   528     041E                     	;# 
   529     0498                     	;# 
   530     0498                     	;# 
   531     0499                     	;# 
   532     049A                     	;# 
   533     049B                     	;# 
   534     049B                     	;# 
   535     049C                     	;# 
   536     049D                     	;# 
   537     049E                     	;# 
   538     049F                     	;# 
   539     0511                     	;# 
   540     0515                     	;# 
   541     0617                     	;# 
   542     0618                     	;# 
   543     0619                     	;# 
   544     0619                     	;# 
   545     061A                     	;# 
   546     061B                     	;# 
   547     061C                     	;# 
   548     061C                     	;# 
   549     0691                     	;# 
   550     0692                     	;# 
   551     0693                     	;# 
   552     0694                     	;# 
   553     0695                     	;# 
   554     0696                     	;# 
   555     0697                     	;# 
   556     0698                     	;# 
   557     0699                     	;# 
   558     069A                     	;# 
   559     069B                     	;# 
   560     069C                     	;# 
   561     069D                     	;# 
   562     069E                     	;# 
   563     069F                     	;# 
   564     0E0F                     	;# 
   565     0E10                     	;# 
   566     0E11                     	;# 
   567     0E12                     	;# 
   568     0E13                     	;# 
   569     0E14                     	;# 
   570     0E15                     	;# 
   571     0E17                     	;# 
   572     0E20                     	;# 
   573     0E21                     	;# 
   574     0E22                     	;# 
   575     0E24                     	;# 
   576     0E25                     	;# 
   577     0E28                     	;# 
   578     0E29                     	;# 
   579     0E2A                     	;# 
   580     0E2B                     	;# 
   581     0E90                     	;# 
   582     0E91                     	;# 
   583     0E92                     	;# 
   584     0E93                     	;# 
   585     0E94                     	;# 
   586     0E95                     	;# 
   587     0E96                     	;# 
   588     0E97                     	;# 
   589     0E98                     	;# 
   590     0E99                     	;# 
   591     0E9A                     	;# 
   592     0E9B                     	;# 
   593     0E9C                     	;# 
   594     0E9D                     	;# 
   595     0E9E                     	;# 
   596     0E9F                     	;# 
   597     0EA0                     	;# 
   598     0EA1                     	;# 
   599     0EA2                     	;# 
   600     0EA3                     	;# 
   601     0EA4                     	;# 
   602     0EA5                     	;# 
   603     0EA6                     	;# 
   604     0EA7                     	;# 
   605     0EA8                     	;# 
   606     0EA9                     	;# 
   607     0EAA                     	;# 
   608     0EAB                     	;# 
   609     0EAC                     	;# 
   610     0EAD                     	;# 
   611     0EAE                     	;# 
   612     0EAF                     	;# 
   613     0EB0                     	;# 
   614     0EB1                     	;# 
   615     0EB2                     	;# 
   616     0F0F                     	;# 
   617     0F10                     	;# 
   618     0F11                     	;# 
   619     0F12                     	;# 
   620     0F13                     	;# 
   621     0F14                     	;# 
   622     0F15                     	;# 
   623     0F16                     	;# 
   624     0F17                     	;# 
   625     0F18                     	;# 
   626     0F19                     	;# 
   627     0F1A                     	;# 
   628     0F1B                     	;# 
   629     0F1C                     	;# 
   630     0F1D                     	;# 
   631     0F1E                     	;# 
   632     0F1F                     	;# 
   633     0F20                     	;# 
   634     0F21                     	;# 
   635     0F22                     	;# 
   636     0F23                     	;# 
   637     0F24                     	;# 
   638     0F25                     	;# 
   639     0F26                     	;# 
   640     0F27                     	;# 
   641     0F28                     	;# 
   642     0F29                     	;# 
   643     0F2A                     	;# 
   644     0F2B                     	;# 
   645     0F2C                     	;# 
   646     0F2D                     	;# 
   647     0F2E                     	;# 
   648     0F2F                     	;# 
   649     0F30                     	;# 
   650     0F31                     	;# 
   651     0F32                     	;# 
   652     0F33                     	;# 
   653     0F34                     	;# 
   654     0F35                     	;# 
   655     0F36                     	;# 
   656     0F37                     	;# 
   657     0FE4                     	;# 
   658     0FE5                     	;# 
   659     0FE6                     	;# 
   660     0FE7                     	;# 
   661     0FE8                     	;# 
   662     0FE9                     	;# 
   663     0FEA                     	;# 
   664     0FEB                     	;# 
   665     0FED                     	;# 
   666     0FEE                     	;# 
   667     0FEF                     	;# 
   668     0015                     _TMR0	set	21
   669     000D                     _PORTBbits	set	13
   670     000B                     _INTCONbits	set	11
   671     0095                     _OPTION_REGbits	set	149
   672     008D                     _TRISBbits	set	141
   673     008F                     _TRISDbits	set	143
   674     04CF                     _SPLLEN	set	1231
   675     04CE                     _IRCF3	set	1230
   676     04CD                     _IRCF2	set	1229
   677     04CC                     _IRCF1	set	1228
   678     04CB                     _IRCF0	set	1227
   679     04C9                     _SCS1	set	1225
   680     04C8                     _SCS0	set	1224
   681     010F                     _LATDbits	set	271
   682     018D                     _ANSELBbits	set	397
   683                           
   684                           	psect	cinit
   685     001F                     start_initialization:	
   686                           ; #config settings
   687                           
   688     001F                     __initialization:
   689                           
   690                           ; Clear objects allocated to COMMON
   691     001F  01F0               	clrf	__pbssCOMMON& (0+127)
   692     0020  01F1               	clrf	(__pbssCOMMON+1)& (0+127)
   693     0021                     end_of_initialization:	
   694                           ;End of C runtime variable initialization code
   695                           
   696     0021                     __end_of__initialization:
   697     0021  107E               	bcf	int$flags,0	;clear compiler interrupt flag (level 1)
   698     0022  0020               	movlb	0
   699     0023  3180  2839         	ljmp	_main	;jump to C main() function
   700                           
   701                           	psect	bssCOMMON
   702     0070                     __pbssCOMMON:
   703     0070                     isr@count:
   704     0070                     	ds	2
   705                           
   706                           	psect	cstackCOMMON
   707     0000                     __pcstackCOMMON:
   708     0000                     ?_internal_16:
   709     0000                     ??_internal_16:	
   710                           ; 1 bytes @ 0x0
   711                           
   712     0000                     ?_initMain:	
   713                           ; 1 bytes @ 0x0
   714                           
   715     0000                     ??_initMain:	
   716                           ; 1 bytes @ 0x0
   717                           
   718     0000                     ?_main:	
   719                           ; 1 bytes @ 0x0
   720                           
   721     0000                     ??_main:	
   722                           ; 1 bytes @ 0x0
   723                           
   724     0000                     ?_isr:	
   725                           ; 1 bytes @ 0x0
   726                           
   727     0000                     ??_isr:	
   728                           ; 1 bytes @ 0x0
   729                           
   730                           
   731                           	psect	maintext
   732     0039                     __pmaintext:	
   733                           ; 1 bytes @ 0x0
   734 ;;
   735 ;;Main: autosize = 0, tempsize = 0, incstack = 0, save=0
   736 ;;
   737 ;; *************** function _main *****************
   738 ;; Defined at:
   739 ;;		line 92 in file "main.c"
   740 ;; Parameters:    Size  Location     Type
   741 ;;		None
   742 ;; Auto vars:     Size  Location     Type
   743 ;;		None
   744 ;; Return value:  Size  Location     Type
   745 ;;                  1    wreg      void 
   746 ;; Registers used:
   747 ;;		wreg, status,2, status,0, pclath, cstack
   748 ;; Tracked objects:
   749 ;;		On entry : B1F/0
   750 ;;		On exit  : 0/0
   751 ;;		Unchanged: 0/0
   752 ;; Data sizes:     COMMON   BANK0   BANK1   BANK2   BANK3   BANK4   BANK5   BANK6   BANK7   BANK8   BANK9  BANK10  BANK1
      +1  BANK12  BANK13  BANK14  BANK15  BANK16  BANK17  BANK18  BANK19  BANK20  BANK21  BANK22  BANK23  BANK24  BANK25
   753 ;;      Params:         0       0       0       0       0       0       0       0       0       0       0       0       
      +0       0       0       0       0       0       0       0       0       0       0       0       0       0       0
   754 ;;      Locals:         0       0       0       0       0       0       0       0       0       0       0       0       
      +0       0       0       0       0       0       0       0       0       0       0       0       0       0       0
   755 ;;      Temps:          0       0       0       0       0       0       0       0       0       0       0       0       
      +0       0       0       0       0       0       0       0       0       0       0       0       0       0       0
   756 ;;      Totals:         0       0       0       0       0       0       0       0       0       0       0       0       
      +0       0       0       0       0       0       0       0       0       0       0       0       0       0       0
   757 ;;Total ram usage:        0 bytes
   758 ;; Hardware stack levels required when called: 3
   759 ;; This function calls:
   760 ;;		_initMain
   761 ;; This function is called by:
   762 ;;		Startup code after reset
   763 ;; This function uses a non-reentrant model
   764 ;;
   765                           
   766     0039                     _main:	
   767                           ;psect for function _main
   768                           
   769     0039                     l635:	
   770                           ;incstack = 0
   771                           ; Regs used in _main: [wreg+status,2+status,0+pclath+cstack]
   772                           
   773                           
   774                           ;main.c: 93:     initMain();
   775     0039  3180  2025  3180   	fcall	_initMain
   776     003C                     l637:
   777                           
   778                           ;main.c: 97:         LATDbits.LATD1 = ~PORTBbits.RB0;
   779     003C  1003               	clrc
   780     003D  0020               	movlb	0	; select bank0
   781     003E  1C0D               	btfss	13,0	;volatile
   782     003F  1403               	setc
   783     0040  1803               	btfsc	3,0
   784     0041  2843               	goto	u11
   785     0042  2846               	goto	u10
   786     0043                     u11:
   787     0043  0022               	movlb	2	; select bank2
   788     0044  148F               	bsf	15,1	;volatile
   789     0045  2848               	goto	u24
   790     0046                     u10:
   791     0046  0022               	movlb	2	; select bank2
   792     0047  108F               	bcf	15,1	;volatile
   793     0048                     u24:
   794     0048  283C               	goto	l637
   795     0049  3180  281D         	ljmp	start
   796     004B                     __end_of_main:
   797                           
   798                           	psect	text1
   799     0025                     __ptext1:	
   800 ;; *************** function _initMain *****************
   801 ;; Defined at:
   802 ;;		line 43 in file "main.c"
   803 ;; Parameters:    Size  Location     Type
   804 ;;		None
   805 ;; Auto vars:     Size  Location     Type
   806 ;;		None
   807 ;; Return value:  Size  Location     Type
   808 ;;                  1    wreg      void 
   809 ;; Registers used:
   810 ;;		wreg, status,2, status,0, pclath, cstack
   811 ;; Tracked objects:
   812 ;;		On entry : 0/0
   813 ;;		On exit  : 0/0
   814 ;;		Unchanged: 0/0
   815 ;; Data sizes:     COMMON   BANK0   BANK1   BANK2   BANK3   BANK4   BANK5   BANK6   BANK7   BANK8   BANK9  BANK10  BANK1
      +1  BANK12  BANK13  BANK14  BANK15  BANK16  BANK17  BANK18  BANK19  BANK20  BANK21  BANK22  BANK23  BANK24  BANK25
   816 ;;      Params:         0       0       0       0       0       0       0       0       0       0       0       0       
      +0       0       0       0       0       0       0       0       0       0       0       0       0       0       0
   817 ;;      Locals:         0       0       0       0       0       0       0       0       0       0       0       0       
      +0       0       0       0       0       0       0       0       0       0       0       0       0       0       0
   818 ;;      Temps:          0       0       0       0       0       0       0       0       0       0       0       0       
      +0       0       0       0       0       0       0       0       0       0       0       0       0       0       0
   819 ;;      Totals:         0       0       0       0       0       0       0       0       0       0       0       0       
      +0       0       0       0       0       0       0       0       0       0       0       0       0       0       0
   820 ;;Total ram usage:        0 bytes
   821 ;; Hardware stack levels used: 1
   822 ;; Hardware stack levels required when called: 2
   823 ;; This function calls:
   824 ;;		_internal_16
   825 ;; This function is called by:
   826 ;;		_main
   827 ;; This function uses a non-reentrant model
   828 ;;
   829                           
   830     0025                     _initMain:	
   831                           ;psect for function _initMain
   832                           
   833     0025                     l601:	
   834                           ;incstack = 0
   835                           ; Regs used in _initMain: [wreg+status,2+status,0+pclath+cstack]
   836                           
   837                           
   838                           ;main.c: 49:     internal_16();
   839     0025  3180  204B  3180   	fcall	_internal_16
   840     0028                     l603:
   841                           
   842                           ;main.c: 52:     TRISDbits.TRISD1 = 0;
   843     0028  0021               	movlb	1	; select bank1
   844     0029  108F               	bcf	15,1	;volatile
   845     002A                     l605:
   846                           
   847                           ;main.c: 53:     TRISDbits.TRISD2 = 0;
   848     002A  110F               	bcf	15,2	;volatile
   849     002B                     l607:
   850                           
   851                           ;main.c: 56:     LATDbits.LATD1 = 0;
   852     002B  0022               	movlb	2	; select bank2
   853     002C  108F               	bcf	15,1	;volatile
   854     002D                     l609:
   855                           
   856                           ;main.c: 59:     TRISBbits.TRISB0 = 1;
   857     002D  0021               	movlb	1	; select bank1
   858     002E  140D               	bsf	13,0	;volatile
   859     002F                     l611:
   860                           
   861                           ;main.c: 62:     ANSELBbits.ANSB0 = 0;
   862     002F  0023               	movlb	3	; select bank3
   863     0030  100D               	bcf	13,0	;volatile
   864     0031                     l613:
   865                           
   866                           ;main.c: 69:     OPTION_REGbits.TMR0CS = 0;
   867     0031  0021               	movlb	1	; select bank1
   868     0032  1295               	bcf	21,5	;volatile
   869     0033                     l615:
   870                           
   871                           ;main.c: 72:     OPTION_REGbits.PSA = 0;
   872     0033  1195               	bcf	21,3	;volatile
   873     0034                     l617:
   874                           
   875                           ;main.c: 75:     OPTION_REGbits.PS = 0b111;
   876     0034  3007               	movlw	7
   877     0035  0495               	iorwf	21,f	;volatile
   878     0036                     l619:
   879                           
   880                           ;main.c: 78:     INTCONbits.TMR0IE = 1;
   881     0036  168B               	bsf	11,5	;volatile
   882     0037                     l621:
   883                           
   884                           ;main.c: 81:     (INTCONbits.GIE = 1);
   885     0037  178B               	bsf	11,7	;volatile
   886     0038                     l56:
   887     0038  0008               	return
   888     0039                     __end_of_initMain:
   889                           
   890                           	psect	text2
   891     004B                     __ptext2:	
   892 ;; *************** function _internal_16 *****************
   893 ;; Defined at:
   894 ;;		line 57 in file "PIC16F1719_Internal.c"
   895 ;; Parameters:    Size  Location     Type
   896 ;;		None
   897 ;; Auto vars:     Size  Location     Type
   898 ;;		None
   899 ;; Return value:  Size  Location     Type
   900 ;;                  1    wreg      void 
   901 ;; Registers used:
   902 ;;		None
   903 ;; Tracked objects:
   904 ;;		On entry : 0/0
   905 ;;		On exit  : 0/0
   906 ;;		Unchanged: 0/0
   907 ;; Data sizes:     COMMON   BANK0   BANK1   BANK2   BANK3   BANK4   BANK5   BANK6   BANK7   BANK8   BANK9  BANK10  BANK1
      +1  BANK12  BANK13  BANK14  BANK15  BANK16  BANK17  BANK18  BANK19  BANK20  BANK21  BANK22  BANK23  BANK24  BANK25
   908 ;;      Params:         0       0       0       0       0       0       0       0       0       0       0       0       
      +0       0       0       0       0       0       0       0       0       0       0       0       0       0       0
   909 ;;      Locals:         0       0       0       0       0       0       0       0       0       0       0       0       
      +0       0       0       0       0       0       0       0       0       0       0       0       0       0       0
   910 ;;      Temps:          0       0       0       0       0       0       0       0       0       0       0       0       
      +0       0       0       0       0       0       0       0       0       0       0       0       0       0       0
   911 ;;      Totals:         0       0       0       0       0       0       0       0       0       0       0       0       
      +0       0       0       0       0       0       0       0       0       0       0       0       0       0       0
   912 ;;Total ram usage:        0 bytes
   913 ;; Hardware stack levels used: 1
   914 ;; Hardware stack levels required when called: 1
   915 ;; This function calls:
   916 ;;		Nothing
   917 ;; This function is called by:
   918 ;;		_initMain
   919 ;; This function uses a non-reentrant model
   920 ;;
   921                           
   922     004B                     _internal_16:	
   923                           ;psect for function _internal_16
   924                           
   925     004B                     l599:	
   926                           ;incstack = 0
   927                           ; Regs used in _internal_16: []
   928                           
   929                           
   930                           ;PIC16F1719_Internal.c: 59:     SCS0 = 0;
   931     004B  0021               	movlb	1	; select bank1
   932     004C  1019               	bcf	25,0	;volatile
   933                           
   934                           ;PIC16F1719_Internal.c: 60:     SCS1 = 0;
   935     004D  1099               	bcf	25,1	;volatile
   936                           
   937                           ;PIC16F1719_Internal.c: 63:     IRCF0 = 1;
   938     004E  1599               	bsf	25,3	;volatile
   939                           
   940                           ;PIC16F1719_Internal.c: 64:     IRCF1 = 1;
   941     004F  1619               	bsf	25,4	;volatile
   942                           
   943                           ;PIC16F1719_Internal.c: 65:     IRCF2 = 1;
   944     0050  1699               	bsf	25,5	;volatile
   945                           
   946                           ;PIC16F1719_Internal.c: 66:     IRCF3 = 1;
   947     0051  1719               	bsf	25,6	;volatile
   948                           
   949                           ;PIC16F1719_Internal.c: 69:     SPLLEN = 0;
   950     0052  1399               	bcf	25,7	;volatile
   951     0053                     l20:
   952     0053  0008               	return
   953     0054                     __end_of_internal_16:
   954                           
   955                           	psect	intentry
   956     0004                     __pintentry:	
   957 ;; *************** function _isr *****************
   958 ;; Defined at:
   959 ;;		line 110 in file "main.c"
   960 ;; Parameters:    Size  Location     Type
   961 ;;		None
   962 ;; Auto vars:     Size  Location     Type
   963 ;;		None
   964 ;; Return value:  Size  Location     Type
   965 ;;                  1    wreg      void 
   966 ;; Registers used:
   967 ;;		wreg, status,2, status,0
   968 ;; Tracked objects:
   969 ;;		On entry : 0/0
   970 ;;		On exit  : 0/0
   971 ;;		Unchanged: 0/0
   972 ;; Data sizes:     COMMON   BANK0   BANK1   BANK2   BANK3   BANK4   BANK5   BANK6   BANK7   BANK8   BANK9  BANK10  BANK1
      +1  BANK12  BANK13  BANK14  BANK15  BANK16  BANK17  BANK18  BANK19  BANK20  BANK21  BANK22  BANK23  BANK24  BANK25
   973 ;;      Params:         0       0       0       0       0       0       0       0       0       0       0       0       
      +0       0       0       0       0       0       0       0       0       0       0       0       0       0       0
   974 ;;      Locals:         0       0       0       0       0       0       0       0       0       0       0       0       
      +0       0       0       0       0       0       0       0       0       0       0       0       0       0       0
   975 ;;      Temps:          0       0       0       0       0       0       0       0       0       0       0       0       
      +0       0       0       0       0       0       0       0       0       0       0       0       0       0       0
   976 ;;      Totals:         0       0       0       0       0       0       0       0       0       0       0       0       
      +0       0       0       0       0       0       0       0       0       0       0       0       0       0       0
   977 ;;Total ram usage:        0 bytes
   978 ;; Hardware stack levels used: 1
   979 ;; This function calls:
   980 ;;		Nothing
   981 ;; This function is called by:
   982 ;;		Interrupt level 1
   983 ;; This function uses a non-reentrant model
   984 ;;
   985                           
   986     0004                     _isr:
   987                           
   988                           ;incstack = 0
   989     0004  147E               	bsf	int$flags,0	;set compiler interrupt flag (level 1)
   990                           
   991                           ; Regs used in _isr: [wreg+status,2+status,0]
   992     0005  3180               	pagesel	$
   993     0006                     i1l639:
   994                           
   995                           ;main.c: 112:     static int count = 0;;main.c: 115:     INTCONbits.TMR0IF = 0;
   996     0006  110B               	bcf	11,2	;volatile
   997     0007                     i1l641:
   998                           
   999                           ;main.c: 117:     TMR0 = 0;
  1000     0007  0020               	movlb	0	; select bank0
  1001     0008  0195               	clrf	21	;volatile
  1002     0009                     i1l643:
  1003                           
  1004                           ;main.c: 120:     count++;
  1005     0009  3001               	movlw	1
  1006     000A  07F0               	addwf	isr@count,f
  1007     000B  3000               	movlw	0
  1008     000C  3DF1               	addwfc	isr@count+1,f
  1009     000D                     i1l645:
  1010                           
  1011                           ;main.c: 129:     if (count == 61){
  1012     000D  303D               	movlw	61
  1013     000E  0670               	xorwf	isr@count,w
  1014     000F  0471               	iorwf	isr@count+1,w
  1015     0010  1D03               	btfss	3,2
  1016     0011  2813               	goto	u3_21
  1017     0012  2814               	goto	u3_20
  1018     0013                     u3_21:
  1019     0013  2819               	goto	i1l71
  1020     0014                     u3_20:
  1021     0014                     i1l647:
  1022                           
  1023                           ;main.c: 130:         LATDbits.LATD2 = 1;
  1024     0014  0022               	movlb	2	; select bank2
  1025     0015  150F               	bsf	15,2	;volatile
  1026     0016                     i1l649:
  1027                           
  1028                           ;main.c: 131:         count = 0;
  1029     0016  01F0               	clrf	isr@count
  1030     0017  01F1               	clrf	isr@count+1
  1031                           
  1032                           ;main.c: 132:     }
  1033     0018  281B               	goto	i1l73
  1034     0019                     i1l71:	
  1035                           ;main.c: 135:     else {
  1036                           
  1037                           
  1038                           ;main.c: 136:         LATDbits.LATD2 = 0;
  1039     0019  0022               	movlb	2	; select bank2
  1040     001A  110F               	bcf	15,2	;volatile
  1041     001B                     i1l73:
  1042     001B  107E               	bcf	int$flags,0	;clear compiler interrupt flag (level 1)
  1043     001C  0009               	retfie
  1044     001D                     __end_of_isr:
  1045     007E                     btemp	set	126	;btemp
  1046     007E                     int$flags	set	126
  1047     007E                     wtemp0	set	126
  1048                           
  1049                           	psect	config
  1050                           
  1051                           ;Config register CONFIG1 @ 0x8007
  1052                           ;	Oscillator Selection Bits
  1053                           ;	FOSC = INTOSC, INTOSC oscillator: I/O function on CLKIN pin
  1054                           ;	Watchdog Timer Enable
  1055                           ;	WDTE = OFF, WDT disabled
  1056                           ;	Power-up Timer Enable
  1057                           ;	PWRTE = OFF, PWRT disabled
  1058                           ;	MCLR Pin Function Select
  1059                           ;	MCLRE = OFF, MCLR/VPP pin function is digital input if LVP bit is also 0.
  1060                           ;	Flash Program Memory Code Protection
  1061                           ;	CP = OFF, Program memory code protection is disabled
  1062                           ;	Brown-out Reset Enable
  1063                           ;	BOREN = OFF, Brown-out Reset disabled
  1064                           ;	Clock Out Enable
  1065                           ;	CLKOUTEN = OFF, CLKOUT function is disabled. I/O or oscillator function on the CLKOUT 
      +                          pin
  1066                           ;	Internal/External Switchover Mode
  1067                           ;	IESO = ON, Internal/External Switchover Mode is enabled
  1068                           ;	Fail-Safe Clock Monitor Enable
  1069                           ;	FCMEN = OFF, Fail-Safe Clock Monitor is disabled
  1070     8007                     	org	32775
  1071     8007  19A4               	dw	6564
  1072                           
  1073                           ;Config register CONFIG2 @ 0x8008
  1074                           ;	Flash Memory Self-Write Protection
  1075                           ;	WRT = OFF, Write protection off
  1076                           ;	Peripheral Pin Select one-way control
  1077                           ;	PPS1WAY = ON, The PPSLOCK bit cannot be cleared once it is set by software
  1078                           ;	Zero-cross detect disable
  1079                           ;	ZCDDIS = ON, ZCD disabled. ZCD can be enabled by setting the ZCDSEN bit of ZCDCON
  1080                           ;	Phase Lock Loop enable
  1081                           ;	PLLEN = OFF, 4x PLL is disabled
  1082                           ;	Stack Overflow/Underflow Reset Enable
  1083                           ;	STVREN = ON, Stack Overflow or Underflow will cause a Reset
  1084                           ;	Brown-out Reset Voltage Selection
  1085                           ;	BORV = LO, Brown-out Reset Voltage (Vbor), low trip point selected.
  1086                           ;	Low-Power Brown Out Reset
  1087                           ;	LPBOR = OFF, Low-Power BOR is disabled
  1088                           ;	In-Circuit Debugger Mode
  1089                           ;	DEBUG = 0x1, unprogrammed default
  1090                           ;	Low-Voltage Programming Enable
  1091                           ;	LVP = OFF, High-voltage on MCLR/VPP must be used for programming
  1092     8008                     	org	32776
  1093     8008  1EFF               	dw	7935

Data Sizes:
    Strings     0
    Constant    0
    Data        0
    BSS         2
    Persistent  32
    Stack       0

Auto Spaces:
    Space          Size  Autos    Used
    COMMON           14      0       2
    BANK0            80      0       0
    BANK1            80      0       0
    BANK2            80      0       0
    BANK3            80      0       0
    BANK4            80      0       0
    BANK5            80      0       0
    BANK6            80      0       0
    BANK7            80      0       0
    BANK8            80      0       0
    BANK9            80      0       0
    BANK10           80      0       0
    BANK11           80      0       0
    BANK12           80      0       0
    BANK13           80      0       0
    BANK14           80      0       0
    BANK15           80      0       0
    BANK16           80      0       0
    BANK17           80      0       0
    BANK18           80      0       0
    BANK19           80      0       0
    BANK20           80      0       0
    BANK21           80      0       0
    BANK22           80      0       0
    BANK23           80      0       0
    BANK24           80      0       0
    BANK25           32      0       0

Pointer List with Targets:

    None.

Critical Paths under _main in COMMON

    None.

Critical Paths under _isr in COMMON

    None.

Critical Paths under _main in BANK0

    None.

Critical Paths under _isr in BANK0

    None.

Critical Paths under _main in BANK1

    None.

Critical Paths under _isr in BANK1

    None.

Critical Paths under _main in BANK2

    None.

Critical Paths under _isr in BANK2

    None.

Critical Paths under _main in BANK3

    None.

Critical Paths under _isr in BANK3

    None.

Critical Paths under _main in BANK4

    None.

Critical Paths under _isr in BANK4

    None.

Critical Paths under _main in BANK5

    None.

Critical Paths under _isr in BANK5

    None.

Critical Paths under _main in BANK6

    None.

Critical Paths under _isr in BANK6

    None.

Critical Paths under _main in BANK7

    None.

Critical Paths under _isr in BANK7

    None.

Critical Paths under _main in BANK8

    None.

Critical Paths under _isr in BANK8

    None.

Critical Paths under _main in BANK9

    None.

Critical Paths under _isr in BANK9

    None.

Critical Paths under _main in BANK10

    None.

Critical Paths under _isr in BANK10

    None.

Critical Paths under _main in BANK11

    None.

Critical Paths under _isr in BANK11

    None.

Critical Paths under _main in BANK12

    None.

Critical Paths under _isr in BANK12

    None.

Critical Paths under _main in BANK13

    None.

Critical Paths under _isr in BANK13

    None.

Critical Paths under _main in BANK14

    None.

Critical Paths under _isr in BANK14

    None.

Critical Paths under _main in BANK15

    None.

Critical Paths under _isr in BANK15

    None.

Critical Paths under _main in BANK16

    None.

Critical Paths under _isr in BANK16

    None.

Critical Paths under _main in BANK17

    None.

Critical Paths under _isr in BANK17

    None.

Critical Paths under _main in BANK18

    None.

Critical Paths under _isr in BANK18

    None.

Critical Paths under _main in BANK19

    None.

Critical Paths under _isr in BANK19

    None.

Critical Paths under _main in BANK20

    None.

Critical Paths under _isr in BANK20

    None.

Critical Paths under _main in BANK21

    None.

Critical Paths under _isr in BANK21

    None.

Critical Paths under _main in BANK22

    None.

Critical Paths under _isr in BANK22

    None.

Critical Paths under _main in BANK23

    None.

Critical Paths under _isr in BANK23

    None.

Critical Paths under _main in BANK24

    None.

Critical Paths under _isr in BANK24

    None.

Critical Paths under _main in BANK25

    None.

Critical Paths under _isr in BANK25

    None.

Call Graph Tables:

 ---------------------------------------------------------------------------------
 (Depth) Function   	        Calls       Base Space   Used Autos Params    Refs
 ---------------------------------------------------------------------------------
 (0) _main                                                 0     0      0       0
                           _initMain
 ---------------------------------------------------------------------------------
 (1) _initMain                                             0     0      0       0
                        _internal_16
 ---------------------------------------------------------------------------------
 (2) _internal_16                                          0     0      0       0
 ---------------------------------------------------------------------------------
 Estimated maximum stack depth 2
 ---------------------------------------------------------------------------------
 (Depth) Function   	        Calls       Base Space   Used Autos Params    Refs
 ---------------------------------------------------------------------------------
 (3) _isr                                                  0     0      0       0
 ---------------------------------------------------------------------------------
 Estimated maximum stack depth 3
 ---------------------------------------------------------------------------------

 Call Graph Graphs:

 _main (ROOT)
   _initMain
     _internal_16

 _isr (ROOT)

 Address spaces:
Name               Size   Autos  Total    Cost      Usage
BIGRAM             7F0      0       0       0        0.0%
NULL                 0      0       0       0        0.0%
CODE                 0      0       0       0        0.0%
BITCOMMON            E      0       0       1        0.0%
BITSFR0              0      0       0       1        0.0%
SFR0                 0      0       0       1        0.0%
COMMON               E      0       2       2       14.3%
BITSFR1              0      0       0       2        0.0%
SFR1                 0      0       0       2        0.0%
BITSFR2              0      0       0       3        0.0%
SFR2                 0      0       0       3        0.0%
STACK                0      0       0       3        0.0%
BITBANK0            50      0       0       4        0.0%
BITSFR3              0      0       0       4        0.0%
SFR3                 0      0       0       4        0.0%
BANK0               50      0       0       5        0.0%
BITSFR4              0      0       0       5        0.0%
SFR4                 0      0       0       5        0.0%
BITBANK1            50      0       0       6        0.0%
BITSFR5              0      0       0       6        0.0%
SFR5                 0      0       0       6        0.0%
BANK1               50      0       0       7        0.0%
BITSFR6              0      0       0       7        0.0%
SFR6                 0      0       0       7        0.0%
BITBANK2            50      0       0       8        0.0%
BITSFR7              0      0       0       8        0.0%
SFR7                 0      0       0       8        0.0%
BANK2               50      0       0       9        0.0%
BITSFR8              0      0       0       9        0.0%
SFR8                 0      0       0       9        0.0%
BITBANK3            50      0       0      10        0.0%
BITSFR9              0      0       0      10        0.0%
SFR9                 0      0       0      10        0.0%
BANK3               50      0       0      11        0.0%
BITSFR10             0      0       0      11        0.0%
SFR10                0      0       0      11        0.0%
BITBANK4            50      0       0      12        0.0%
BITSFR11             0      0       0      12        0.0%
SFR11                0      0       0      12        0.0%
BANK4               50      0       0      13        0.0%
BITSFR12             0      0       0      13        0.0%
SFR12                0      0       0      13        0.0%
BITSFR13             0      0       0      14        0.0%
SFR13                0      0       0      14        0.0%
ABS                  0      0       2      14        0.0%
BITBANK5            50      0       0      15        0.0%
BITSFR14             0      0       0      15        0.0%
SFR14                0      0       0      15        0.0%
BANK5               50      0       0      16        0.0%
BITSFR15             0      0       0      16        0.0%
SFR15                0      0       0      16        0.0%
BITBANK6            50      0       0      17        0.0%
BITSFR16             0      0       0      17        0.0%
SFR16                0      0       0      17        0.0%
BANK6               50      0       0      18        0.0%
BITSFR17             0      0       0      18        0.0%
SFR17                0      0       0      18        0.0%
BITBANK7            50      0       0      19        0.0%
BITSFR18             0      0       0      19        0.0%
SFR18                0      0       0      19        0.0%
BANK7               50      0       0      20        0.0%
BITSFR19             0      0       0      20        0.0%
SFR19                0      0       0      20        0.0%
BITBANK8            50      0       0      21        0.0%
BITSFR20             0      0       0      21        0.0%
SFR20                0      0       0      21        0.0%
BANK8               50      0       0      22        0.0%
BITSFR21             0      0       0      22        0.0%
SFR21                0      0       0      22        0.0%
BITBANK9            50      0       0      23        0.0%
BITSFR22             0      0       0      23        0.0%
SFR22                0      0       0      23        0.0%
BANK9               50      0       0      24        0.0%
BITSFR23             0      0       0      24        0.0%
SFR23                0      0       0      24        0.0%
BITBANK10           50      0       0      25        0.0%
BITSFR24             0      0       0      25        0.0%
SFR24                0      0       0      25        0.0%
BANK10              50      0       0      26        0.0%
BITSFR25             0      0       0      26        0.0%
SFR25                0      0       0      26        0.0%
BITBANK11           50      0       0      27        0.0%
BITSFR26             0      0       0      27        0.0%
SFR26                0      0       0      27        0.0%
BITSFR27             0      0       0      28        0.0%
SFR27                0      0       0      28        0.0%
DATA                 0      0       2      28        0.0%
BANK11              50      0       0      29        0.0%
BITSFR28             0      0       0      29        0.0%
SFR28                0      0       0      29        0.0%
BITBANK12           50      0       0      30        0.0%
BITSFR29             0      0       0      30        0.0%
SFR29                0      0       0      30        0.0%
BANK12              50      0       0      31        0.0%
BITSFR30             0      0       0      31        0.0%
SFR30                0      0       0      31        0.0%
BITBANK13           50      0       0      32        0.0%
BITSFR31             0      0       0      32        0.0%
SFR31                0      0       0      32        0.0%
BANK13              50      0       0      33        0.0%
BITBANK14           50      0       0      34        0.0%
BANK14              50      0       0      35        0.0%
BITBANK15           50      0       0      36        0.0%
BANK15              50      0       0      37        0.0%
BITBANK16           50      0       0      38        0.0%
BANK16              50      0       0      39        0.0%
BITBANK17           50      0       0      40        0.0%
BANK17              50      0       0      41        0.0%
BITBANK18           50      0       0      42        0.0%
BANK18              50      0       0      43        0.0%
BITBANK19           50      0       0      44        0.0%
BANK19              50      0       0      45        0.0%
BITBANK20           50      0       0      46        0.0%
BANK20              50      0       0      47        0.0%
BITBANK21           50      0       0      48        0.0%
BANK21              50      0       0      49        0.0%
BITBANK22           50      0       0      50        0.0%
BANK22              50      0       0      51        0.0%
BITBANK23           50      0       0      52        0.0%
BANK23              50      0       0      53        0.0%
BITBANK24           50      0       0      54        0.0%
BANK24              50      0       0      55        0.0%
BITBANK25           20      0       0      56        0.0%
BANK25              20      0       0      57        0.0%


Microchip Technology PIC Macro Assembler V2.45 build 20230818022343 
Symbol Table                                                                                   Sat Nov 18 01:24:34 2023

                     l20 0053                       l56 0038                       u10 0046  
                     u11 0043                       u24 0048                      l601 0025  
                    l611 002F                      l603 0028                      l621 0037  
                    l613 0031                      l605 002A                      l615 0033  
                    l607 002B                      l617 0034                      l609 002D  
                    l619 0036                      l635 0039                      l637 003C  
                    l599 004B                      _isr 0004                     ?_isr 0000  
                   i1l71 0019                     i1l73 001B                     _SCS0 04C8  
                   _SCS1 04C9                     _TMR0 0015                     u3_20 0014  
                   u3_21 0013                     _main 0039                     btemp 007E  
                   start 001D                    ??_isr 0000                    ?_main 0000  
                  _IRCF0 04CB                    _IRCF1 04CC                    _IRCF2 04CD  
                  _IRCF3 04CE                    i1l641 0007                    i1l643 0009  
                  i1l645 000D                    i1l647 0014                    i1l639 0006  
                  i1l649 0016                    status 0003                    wtemp0 007E  
           ?_internal_16 0000          __initialization 001F             __end_of_main 004B  
                 ??_main 0000                   _SPLLEN 04CF         __end_of_initMain 0039  
__end_of__initialization 0021           __pcstackCOMMON 0000           _OPTION_REGbits 0095  
             __pmaintext 0039               __pintentry 0004                ?_initMain 0000  
                __ptext1 0025                  __ptext2 004B     end_of_initialization 0021  
             ??_initMain 0000                _PORTBbits 000D                _TRISBbits 008D  
              _TRISDbits 008F      start_initialization 001F              __end_of_isr 001D  
            __pbssCOMMON 0070                ___latbits 0003            ??_internal_16 0000  
               _LATDbits 010F      __end_of_internal_16 0054               _ANSELBbits 018D  
               _initMain 0025              _internal_16 004B                 int$flags 007E  
             _INTCONbits 000B                 isr@count 0070                 intlevel1 0000  
