

Microchip MPLAB XC8 Assembler V2.45 build 20230818022343 
                                                                                               Thu Jan 11 16:04:06 2024

Microchip MPLAB XC8 C Compiler v2.45 (Free license) build 20230818022343 Og1 
     1                           	processor	16F1719
     2                           	pagewidth 120
     3                           	opt	flic
     4                           	psect	cinit,global,class=CODE,merge=1,delta=2
     5                           	psect	cstackCOMMON,global,class=COMMON,space=1,delta=1,noexec
     6                           	psect	maintext,global,class=CODE,merge=1,split=1,delta=2
     7                           	psect	text1,local,class=CODE,merge=1,delta=2
     8                           	psect	text2,local,class=CODE,merge=1,delta=2
     9                           	psect	text3,local,class=CODE,merge=1,delta=2
    10                           	psect	config,global,abs,ovrld,class=CONFIG,space=4,delta=2,noexec
    11                           	dabs	1,0x7E,2
    12     0000                     
    13                           ; Generated 06/07/2023 GMT
    14                           ; 
    15                           ; Copyright © 2023, Microchip Technology Inc. and its subsidiaries ("Microchip")
    16                           ; All rights reserved.
    17                           ; 
    18                           ; This software is developed by Microchip Technology Inc. and its subsidiaries ("Microch
      +                          ip").
    19                           ; 
    20                           ; Redistribution and use in source and binary forms, with or without modification, are
    21                           ; permitted provided that the following conditions are met:
    22                           ; 
    23                           ;     1. Redistributions of source code must retain the above copyright notice, this lis
      +                          t of
    24                           ;        conditions and the following disclaimer.
    25                           ; 
    26                           ;     2. Redistributions in binary form must reproduce the above copyright notice, this 
      +                          list
    27                           ;        of conditions and the following disclaimer in the documentation and/or other
    28                           ;        materials provided with the distribution. Publication is not required when
    29                           ;        this file is used in an embedded application.
    30                           ; 
    31                           ;     3. Microchip's name may not be used to endorse or promote products derived from th
      +                          is
    32                           ;        software without specific prior written permission.
    33                           ; 
    34                           ; THIS SOFTWARE IS PROVIDED BY MICROCHIP "AS IS" AND ANY EXPRESS OR IMPLIED WARRANTIES,
    35                           ; INCLUDING, BUT NOT LIMITED TO, THE IMPLIED WARRANTIES OF MERCHANTABILITY AND FITNESS F
      +                          OR
    36                           ; PURPOSE ARE DISCLAIMED.  IN NO EVENT SHALL MICROCHIP BE LIABLE FOR ANY DIRECT, INDIREC
      +                          T,
    37                           ; INCIDENTAL, SPECIAL, EXEMPLARY, OR CONSEQUENTIAL DAMAGES (INCLUDING BUT NOT LIMITED TO
    38                           ; PROCUREMENT OF SUBSTITUTE GOODS OR SERVICES; LOSS OF USE, DATA OR PROFITS; OR BUSINESS
    39                           ; INTERRUPTION) HOWSOEVER CAUSED AND ON ANY THEORY OF LIABILITY, WHETHER IN CONTRACT, ST
      +                          RICT
    40                           ; LIABILITY, OR TORT (INCLUDING NEGLIGENCE OR OTHERWISE) ARISING IN ANY WAY OUT OF THE U
      +                          SE OF
    41                           ; THIS SOFTWARE, EVEN IF ADVISED OF THE POSSIBILITY OF SUCH DAMAGE.
    42                           ; 
    43                           ; 
    44                           ; Code-generator required, PIC16F1719 Definitions
    45                           ; 
    46                           ; SFR Addresses
    47     0000                     	;# 
    48     0001                     	;# 
    49     0002                     	;# 
    50     0003                     	;# 
    51     0004                     	;# 
    52     0005                     	;# 
    53     0006                     	;# 
    54     0007                     	;# 
    55     0008                     	;# 
    56     0009                     	;# 
    57     000A                     	;# 
    58     000B                     	;# 
    59     000C                     	;# 
    60     000D                     	;# 
    61     000E                     	;# 
    62     000F                     	;# 
    63     0010                     	;# 
    64     0011                     	;# 
    65     0012                     	;# 
    66     0013                     	;# 
    67     0015                     	;# 
    68     0016                     	;# 
    69     0016                     	;# 
    70     0017                     	;# 
    71     0018                     	;# 
    72     0019                     	;# 
    73     001A                     	;# 
    74     001B                     	;# 
    75     001C                     	;# 
    76     008C                     	;# 
    77     008D                     	;# 
    78     008E                     	;# 
    79     008F                     	;# 
    80     0090                     	;# 
    81     0091                     	;# 
    82     0092                     	;# 
    83     0093                     	;# 
    84     0095                     	;# 
    85     0096                     	;# 
    86     0097                     	;# 
    87     0098                     	;# 
    88     0099                     	;# 
    89     009A                     	;# 
    90     009B                     	;# 
    91     009B                     	;# 
    92     009C                     	;# 
    93     009D                     	;# 
    94     009E                     	;# 
    95     009F                     	;# 
    96     010C                     	;# 
    97     010D                     	;# 
    98     010E                     	;# 
    99     010F                     	;# 
   100     0110                     	;# 
   101     0111                     	;# 
   102     0112                     	;# 
   103     0113                     	;# 
   104     0114                     	;# 
   105     0115                     	;# 
   106     0116                     	;# 
   107     0117                     	;# 
   108     0118                     	;# 
   109     0119                     	;# 
   110     011A                     	;# 
   111     011B                     	;# 
   112     011B                     	;# 
   113     011C                     	;# 
   114     018C                     	;# 
   115     018D                     	;# 
   116     018E                     	;# 
   117     018F                     	;# 
   118     0190                     	;# 
   119     0191                     	;# 
   120     0191                     	;# 
   121     0192                     	;# 
   122     0193                     	;# 
   123     0193                     	;# 
   124     0194                     	;# 
   125     0195                     	;# 
   126     0196                     	;# 
   127     0197                     	;# 
   128     0199                     	;# 
   129     0199                     	;# 
   130     0199                     	;# 
   131     019A                     	;# 
   132     019A                     	;# 
   133     019A                     	;# 
   134     019B                     	;# 
   135     019B                     	;# 
   136     019B                     	;# 
   137     019B                     	;# 
   138     019B                     	;# 
   139     019C                     	;# 
   140     019C                     	;# 
   141     019C                     	;# 
   142     019D                     	;# 
   143     019D                     	;# 
   144     019D                     	;# 
   145     019E                     	;# 
   146     019E                     	;# 
   147     019E                     	;# 
   148     019F                     	;# 
   149     019F                     	;# 
   150     019F                     	;# 
   151     019F                     	;# 
   152     019F                     	;# 
   153     020C                     	;# 
   154     020D                     	;# 
   155     020E                     	;# 
   156     020F                     	;# 
   157     0210                     	;# 
   158     0211                     	;# 
   159     0211                     	;# 
   160     0212                     	;# 
   161     0212                     	;# 
   162     0213                     	;# 
   163     0213                     	;# 
   164     0214                     	;# 
   165     0214                     	;# 
   166     0215                     	;# 
   167     0215                     	;# 
   168     0215                     	;# 
   169     0215                     	;# 
   170     0216                     	;# 
   171     0216                     	;# 
   172     0217                     	;# 
   173     0217                     	;# 
   174     028C                     	;# 
   175     028D                     	;# 
   176     028E                     	;# 
   177     028F                     	;# 
   178     0290                     	;# 
   179     0291                     	;# 
   180     0291                     	;# 
   181     0292                     	;# 
   182     0293                     	;# 
   183     0293                     	;# 
   184     0298                     	;# 
   185     0298                     	;# 
   186     0299                     	;# 
   187     029A                     	;# 
   188     029A                     	;# 
   189     029E                     	;# 
   190     030C                     	;# 
   191     030D                     	;# 
   192     030E                     	;# 
   193     030F                     	;# 
   194     0310                     	;# 
   195     038C                     	;# 
   196     038D                     	;# 
   197     038E                     	;# 
   198     038F                     	;# 
   199     0390                     	;# 
   200     0391                     	;# 
   201     0392                     	;# 
   202     0393                     	;# 
   203     0394                     	;# 
   204     0395                     	;# 
   205     0396                     	;# 
   206     0397                     	;# 
   207     0398                     	;# 
   208     0399                     	;# 
   209     039D                     	;# 
   210     039E                     	;# 
   211     039F                     	;# 
   212     0415                     	;# 
   213     0416                     	;# 
   214     0417                     	;# 
   215     041C                     	;# 
   216     041D                     	;# 
   217     041E                     	;# 
   218     0498                     	;# 
   219     0498                     	;# 
   220     0499                     	;# 
   221     049A                     	;# 
   222     049B                     	;# 
   223     049B                     	;# 
   224     049C                     	;# 
   225     049D                     	;# 
   226     049E                     	;# 
   227     049F                     	;# 
   228     0511                     	;# 
   229     0515                     	;# 
   230     0617                     	;# 
   231     0618                     	;# 
   232     0619                     	;# 
   233     0619                     	;# 
   234     061A                     	;# 
   235     061B                     	;# 
   236     061C                     	;# 
   237     061C                     	;# 
   238     0691                     	;# 
   239     0692                     	;# 
   240     0693                     	;# 
   241     0694                     	;# 
   242     0695                     	;# 
   243     0696                     	;# 
   244     0697                     	;# 
   245     0698                     	;# 
   246     0699                     	;# 
   247     069A                     	;# 
   248     069B                     	;# 
   249     069C                     	;# 
   250     069D                     	;# 
   251     069E                     	;# 
   252     069F                     	;# 
   253     0E0F                     	;# 
   254     0E10                     	;# 
   255     0E11                     	;# 
   256     0E12                     	;# 
   257     0E13                     	;# 
   258     0E14                     	;# 
   259     0E15                     	;# 
   260     0E17                     	;# 
   261     0E20                     	;# 
   262     0E21                     	;# 
   263     0E22                     	;# 
   264     0E24                     	;# 
   265     0E25                     	;# 
   266     0E28                     	;# 
   267     0E29                     	;# 
   268     0E2A                     	;# 
   269     0E2B                     	;# 
   270     0E90                     	;# 
   271     0E91                     	;# 
   272     0E92                     	;# 
   273     0E93                     	;# 
   274     0E94                     	;# 
   275     0E95                     	;# 
   276     0E96                     	;# 
   277     0E97                     	;# 
   278     0E98                     	;# 
   279     0E99                     	;# 
   280     0E9A                     	;# 
   281     0E9B                     	;# 
   282     0E9C                     	;# 
   283     0E9D                     	;# 
   284     0E9E                     	;# 
   285     0E9F                     	;# 
   286     0EA0                     	;# 
   287     0EA1                     	;# 
   288     0EA2                     	;# 
   289     0EA3                     	;# 
   290     0EA4                     	;# 
   291     0EA5                     	;# 
   292     0EA6                     	;# 
   293     0EA7                     	;# 
   294     0EA8                     	;# 
   295     0EA9                     	;# 
   296     0EAA                     	;# 
   297     0EAB                     	;# 
   298     0EAC                     	;# 
   299     0EAD                     	;# 
   300     0EAE                     	;# 
   301     0EAF                     	;# 
   302     0EB0                     	;# 
   303     0EB1                     	;# 
   304     0EB2                     	;# 
   305     0F0F                     	;# 
   306     0F10                     	;# 
   307     0F11                     	;# 
   308     0F12                     	;# 
   309     0F13                     	;# 
   310     0F14                     	;# 
   311     0F15                     	;# 
   312     0F16                     	;# 
   313     0F17                     	;# 
   314     0F18                     	;# 
   315     0F19                     	;# 
   316     0F1A                     	;# 
   317     0F1B                     	;# 
   318     0F1C                     	;# 
   319     0F1D                     	;# 
   320     0F1E                     	;# 
   321     0F1F                     	;# 
   322     0F20                     	;# 
   323     0F21                     	;# 
   324     0F22                     	;# 
   325     0F23                     	;# 
   326     0F24                     	;# 
   327     0F25                     	;# 
   328     0F26                     	;# 
   329     0F27                     	;# 
   330     0F28                     	;# 
   331     0F29                     	;# 
   332     0F2A                     	;# 
   333     0F2B                     	;# 
   334     0F2C                     	;# 
   335     0F2D                     	;# 
   336     0F2E                     	;# 
   337     0F2F                     	;# 
   338     0F30                     	;# 
   339     0F31                     	;# 
   340     0F32                     	;# 
   341     0F33                     	;# 
   342     0F34                     	;# 
   343     0F35                     	;# 
   344     0F36                     	;# 
   345     0F37                     	;# 
   346     0FE4                     	;# 
   347     0FE5                     	;# 
   348     0FE6                     	;# 
   349     0FE7                     	;# 
   350     0FE8                     	;# 
   351     0FE9                     	;# 
   352     0FEA                     	;# 
   353     0FEB                     	;# 
   354     0FED                     	;# 
   355     0FEE                     	;# 
   356     0FEF                     	;# 
   357     0000                     	;# 
   358     0001                     	;# 
   359     0002                     	;# 
   360     0003                     	;# 
   361     0004                     	;# 
   362     0005                     	;# 
   363     0006                     	;# 
   364     0007                     	;# 
   365     0008                     	;# 
   366     0009                     	;# 
   367     000A                     	;# 
   368     000B                     	;# 
   369     000C                     	;# 
   370     000D                     	;# 
   371     000E                     	;# 
   372     000F                     	;# 
   373     0010                     	;# 
   374     0011                     	;# 
   375     0012                     	;# 
   376     0013                     	;# 
   377     0015                     	;# 
   378     0016                     	;# 
   379     0016                     	;# 
   380     0017                     	;# 
   381     0018                     	;# 
   382     0019                     	;# 
   383     001A                     	;# 
   384     001B                     	;# 
   385     001C                     	;# 
   386     008C                     	;# 
   387     008D                     	;# 
   388     008E                     	;# 
   389     008F                     	;# 
   390     0090                     	;# 
   391     0091                     	;# 
   392     0092                     	;# 
   393     0093                     	;# 
   394     0095                     	;# 
   395     0096                     	;# 
   396     0097                     	;# 
   397     0098                     	;# 
   398     0099                     	;# 
   399     009A                     	;# 
   400     009B                     	;# 
   401     009B                     	;# 
   402     009C                     	;# 
   403     009D                     	;# 
   404     009E                     	;# 
   405     009F                     	;# 
   406     010C                     	;# 
   407     010D                     	;# 
   408     010E                     	;# 
   409     010F                     	;# 
   410     0110                     	;# 
   411     0111                     	;# 
   412     0112                     	;# 
   413     0113                     	;# 
   414     0114                     	;# 
   415     0115                     	;# 
   416     0116                     	;# 
   417     0117                     	;# 
   418     0118                     	;# 
   419     0119                     	;# 
   420     011A                     	;# 
   421     011B                     	;# 
   422     011B                     	;# 
   423     011C                     	;# 
   424     018C                     	;# 
   425     018D                     	;# 
   426     018E                     	;# 
   427     018F                     	;# 
   428     0190                     	;# 
   429     0191                     	;# 
   430     0191                     	;# 
   431     0192                     	;# 
   432     0193                     	;# 
   433     0193                     	;# 
   434     0194                     	;# 
   435     0195                     	;# 
   436     0196                     	;# 
   437     0197                     	;# 
   438     0199                     	;# 
   439     0199                     	;# 
   440     0199                     	;# 
   441     019A                     	;# 
   442     019A                     	;# 
   443     019A                     	;# 
   444     019B                     	;# 
   445     019B                     	;# 
   446     019B                     	;# 
   447     019B                     	;# 
   448     019B                     	;# 
   449     019C                     	;# 
   450     019C                     	;# 
   451     019C                     	;# 
   452     019D                     	;# 
   453     019D                     	;# 
   454     019D                     	;# 
   455     019E                     	;# 
   456     019E                     	;# 
   457     019E                     	;# 
   458     019F                     	;# 
   459     019F                     	;# 
   460     019F                     	;# 
   461     019F                     	;# 
   462     019F                     	;# 
   463     020C                     	;# 
   464     020D                     	;# 
   465     020E                     	;# 
   466     020F                     	;# 
   467     0210                     	;# 
   468     0211                     	;# 
   469     0211                     	;# 
   470     0212                     	;# 
   471     0212                     	;# 
   472     0213                     	;# 
   473     0213                     	;# 
   474     0214                     	;# 
   475     0214                     	;# 
   476     0215                     	;# 
   477     0215                     	;# 
   478     0215                     	;# 
   479     0215                     	;# 
   480     0216                     	;# 
   481     0216                     	;# 
   482     0217                     	;# 
   483     0217                     	;# 
   484     028C                     	;# 
   485     028D                     	;# 
   486     028E                     	;# 
   487     028F                     	;# 
   488     0290                     	;# 
   489     0291                     	;# 
   490     0291                     	;# 
   491     0292                     	;# 
   492     0293                     	;# 
   493     0293                     	;# 
   494     0298                     	;# 
   495     0298                     	;# 
   496     0299                     	;# 
   497     029A                     	;# 
   498     029A                     	;# 
   499     029E                     	;# 
   500     030C                     	;# 
   501     030D                     	;# 
   502     030E                     	;# 
   503     030F                     	;# 
   504     0310                     	;# 
   505     038C                     	;# 
   506     038D                     	;# 
   507     038E                     	;# 
   508     038F                     	;# 
   509     0390                     	;# 
   510     0391                     	;# 
   511     0392                     	;# 
   512     0393                     	;# 
   513     0394                     	;# 
   514     0395                     	;# 
   515     0396                     	;# 
   516     0397                     	;# 
   517     0398                     	;# 
   518     0399                     	;# 
   519     039D                     	;# 
   520     039E                     	;# 
   521     039F                     	;# 
   522     0415                     	;# 
   523     0416                     	;# 
   524     0417                     	;# 
   525     041C                     	;# 
   526     041D                     	;# 
   527     041E                     	;# 
   528     0498                     	;# 
   529     0498                     	;# 
   530     0499                     	;# 
   531     049A                     	;# 
   532     049B                     	;# 
   533     049B                     	;# 
   534     049C                     	;# 
   535     049D                     	;# 
   536     049E                     	;# 
   537     049F                     	;# 
   538     0511                     	;# 
   539     0515                     	;# 
   540     0617                     	;# 
   541     0618                     	;# 
   542     0619                     	;# 
   543     0619                     	;# 
   544     061A                     	;# 
   545     061B                     	;# 
   546     061C                     	;# 
   547     061C                     	;# 
   548     0691                     	;# 
   549     0692                     	;# 
   550     0693                     	;# 
   551     0694                     	;# 
   552     0695                     	;# 
   553     0696                     	;# 
   554     0697                     	;# 
   555     0698                     	;# 
   556     0699                     	;# 
   557     069A                     	;# 
   558     069B                     	;# 
   559     069C                     	;# 
   560     069D                     	;# 
   561     069E                     	;# 
   562     069F                     	;# 
   563     0E0F                     	;# 
   564     0E10                     	;# 
   565     0E11                     	;# 
   566     0E12                     	;# 
   567     0E13                     	;# 
   568     0E14                     	;# 
   569     0E15                     	;# 
   570     0E17                     	;# 
   571     0E20                     	;# 
   572     0E21                     	;# 
   573     0E22                     	;# 
   574     0E24                     	;# 
   575     0E25                     	;# 
   576     0E28                     	;# 
   577     0E29                     	;# 
   578     0E2A                     	;# 
   579     0E2B                     	;# 
   580     0E90                     	;# 
   581     0E91                     	;# 
   582     0E92                     	;# 
   583     0E93                     	;# 
   584     0E94                     	;# 
   585     0E95                     	;# 
   586     0E96                     	;# 
   587     0E97                     	;# 
   588     0E98                     	;# 
   589     0E99                     	;# 
   590     0E9A                     	;# 
   591     0E9B                     	;# 
   592     0E9C                     	;# 
   593     0E9D                     	;# 
   594     0E9E                     	;# 
   595     0E9F                     	;# 
   596     0EA0                     	;# 
   597     0EA1                     	;# 
   598     0EA2                     	;# 
   599     0EA3                     	;# 
   600     0EA4                     	;# 
   601     0EA5                     	;# 
   602     0EA6                     	;# 
   603     0EA7                     	;# 
   604     0EA8                     	;# 
   605     0EA9                     	;# 
   606     0EAA                     	;# 
   607     0EAB                     	;# 
   608     0EAC                     	;# 
   609     0EAD                     	;# 
   610     0EAE                     	;# 
   611     0EAF                     	;# 
   612     0EB0                     	;# 
   613     0EB1                     	;# 
   614     0EB2                     	;# 
   615     0F0F                     	;# 
   616     0F10                     	;# 
   617     0F11                     	;# 
   618     0F12                     	;# 
   619     0F13                     	;# 
   620     0F14                     	;# 
   621     0F15                     	;# 
   622     0F16                     	;# 
   623     0F17                     	;# 
   624     0F18                     	;# 
   625     0F19                     	;# 
   626     0F1A                     	;# 
   627     0F1B                     	;# 
   628     0F1C                     	;# 
   629     0F1D                     	;# 
   630     0F1E                     	;# 
   631     0F1F                     	;# 
   632     0F20                     	;# 
   633     0F21                     	;# 
   634     0F22                     	;# 
   635     0F23                     	;# 
   636     0F24                     	;# 
   637     0F25                     	;# 
   638     0F26                     	;# 
   639     0F27                     	;# 
   640     0F28                     	;# 
   641     0F29                     	;# 
   642     0F2A                     	;# 
   643     0F2B                     	;# 
   644     0F2C                     	;# 
   645     0F2D                     	;# 
   646     0F2E                     	;# 
   647     0F2F                     	;# 
   648     0F30                     	;# 
   649     0F31                     	;# 
   650     0F32                     	;# 
   651     0F33                     	;# 
   652     0F34                     	;# 
   653     0F35                     	;# 
   654     0F36                     	;# 
   655     0F37                     	;# 
   656     0FE4                     	;# 
   657     0FE5                     	;# 
   658     0FE6                     	;# 
   659     0FE7                     	;# 
   660     0FE8                     	;# 
   661     0FE9                     	;# 
   662     0FEA                     	;# 
   663     0FEB                     	;# 
   664     0FED                     	;# 
   665     0FEE                     	;# 
   666     0FEF                     	;# 
   667     008F                     _TRISDbits	set	143
   668     04CF                     _SPLLEN	set	1231
   669     04CE                     _IRCF3	set	1230
   670     04CD                     _IRCF2	set	1229
   671     04CC                     _IRCF1	set	1228
   672     04CB                     _IRCF0	set	1227
   673     04C9                     _SCS1	set	1225
   674     04C8                     _SCS0	set	1224
   675     0879                     _LATD1	set	2169
   676                           
   677                           	psect	cinit
   678     07FD                     start_initialization:	
   679                           ; #config settings
   680                           
   681     07FD                     __initialization:
   682     07FD                     end_of_initialization:	
   683                           ;End of C runtime variable initialization code
   684                           
   685     07FD                     __end_of__initialization:
   686     07FD  0020               	movlb	0
   687     07FE  3187  2FD7         	ljmp	_main	;jump to C main() function
   688                           
   689                           	psect	cstackCOMMON
   690     0070                     __pcstackCOMMON:
   691     0070                     ?_internal_16:
   692     0070                     ??_internal_16:	
   693                           ; 1 bytes @ 0x0
   694                           
   695     0070                     ?_controlMotor:	
   696                           ; 1 bytes @ 0x0
   697                           
   698     0070                     ??_controlMotor:	
   699                           ; 1 bytes @ 0x0
   700                           
   701     0070                     ?_initMain:	
   702                           ; 1 bytes @ 0x0
   703                           
   704     0070                     ??_initMain:	
   705                           ; 1 bytes @ 0x0
   706                           
   707     0070                     ?_main:	
   708                           ; 1 bytes @ 0x0
   709                           
   710     0070                     controlMotor@state:	
   711                           ; 1 bytes @ 0x0
   712                           
   713                           
   714                           ; 1 bytes @ 0x0
   715     0070                     	ds	1
   716     0071                     ??_main:
   717                           
   718                           ; 1 bytes @ 0x1
   719     0071                     	ds	2
   720                           
   721                           	psect	maintext
   722     07D7                     __pmaintext:	
   723 ;;
   724 ;;Main: autosize = 0, tempsize = 2, incstack = 0, save=0
   725 ;;
   726 ;; *************** function _main *****************
   727 ;; Defined at:
   728 ;;		line 68 in file "main.c"
   729 ;; Parameters:    Size  Location     Type
   730 ;;		None
   731 ;; Auto vars:     Size  Location     Type
   732 ;;		None
   733 ;; Return value:  Size  Location     Type
   734 ;;                  1    wreg      void 
   735 ;; Registers used:
   736 ;;		wreg, status,2, status,0, pclath, cstack
   737 ;; Tracked objects:
   738 ;;		On entry : B1F/0
   739 ;;		On exit  : 0/0
   740 ;;		Unchanged: 0/0
   741 ;; Data sizes:     COMMON   BANK0   BANK1   BANK2   BANK3   BANK4   BANK5   BANK6   BANK7   BANK8   BANK9  BANK10  BANK1
      +1  BANK12  BANK13  BANK14  BANK15  BANK16  BANK17  BANK18  BANK19  BANK20  BANK21  BANK22  BANK23  BANK24  BANK25
   742 ;;      Params:         0       0       0       0       0       0       0       0       0       0       0       0       
      +0       0       0       0       0       0       0       0       0       0       0       0       0       0       0
   743 ;;      Locals:         0       0       0       0       0       0       0       0       0       0       0       0       
      +0       0       0       0       0       0       0       0       0       0       0       0       0       0       0
   744 ;;      Temps:          2       0       0       0       0       0       0       0       0       0       0       0       
      +0       0       0       0       0       0       0       0       0       0       0       0       0       0       0
   745 ;;      Totals:         2       0       0       0       0       0       0       0       0       0       0       0       
      +0       0       0       0       0       0       0       0       0       0       0       0       0       0       0
   746 ;;Total ram usage:        2 bytes
   747 ;; Hardware stack levels required when called: 2
   748 ;; This function calls:
   749 ;;		_controlMotor
   750 ;;		_initMain
   751 ;; This function is called by:
   752 ;;		Startup code after reset
   753 ;; This function uses a non-reentrant model
   754 ;;
   755                           
   756     07D7                     _main:	
   757                           ;psect for function _main
   758                           
   759     07D7                     l591:	
   760                           ;incstack = 0
   761                           ; Regs used in _main: [wreg+status,2+status,0+pclath+cstack]
   762                           
   763                           
   764                           ;main.c: 70:     initMain();
   765     07D7  3187  27BE  3187   	fcall	_initMain
   766     07DA                     l593:
   767                           
   768                           ;main.c: 73:     {;main.c: 75:         controlMotor(1);
   769     07DA  3001               	movlw	1
   770     07DB  3187  27CD  3187   	fcall	_controlMotor
   771                           
   772                           ;main.c: 78:         _delay((unsigned long)((1000)*(16000000/4000.0)));
   773     07DE  3015               	movlw	21
   774     07DF  00F2               	movwf	??_main+1
   775     07E0  304B               	movlw	75
   776     07E1  00F1               	movwf	??_main
   777     07E2  30BE               	movlw	190
   778     07E3                     u37:
   779     07E3  0B89               	decfsz	9,f
   780     07E4  2FE3               	goto	u37
   781     07E5  0BF1               	decfsz	??_main,f
   782     07E6  2FE3               	goto	u37
   783     07E7  0BF2               	decfsz	??_main+1,f
   784     07E8  2FE3               	goto	u37
   785     07E9  3200               	nop2
   786     07EA                     l595:
   787                           
   788                           ;main.c: 81:         controlMotor(0);
   789     07EA  3000               	movlw	0
   790     07EB  3187  27CD  3187   	fcall	_controlMotor
   791     07EE                     l597:
   792                           
   793                           ;main.c: 84:         _delay((unsigned long)((1000)*(16000000/4000.0)));
   794     07EE  3015               	movlw	21
   795     07EF  00F2               	movwf	??_main+1
   796     07F0  304B               	movlw	75
   797     07F1  00F1               	movwf	??_main
   798     07F2  30BE               	movlw	190
   799     07F3                     u47:
   800     07F3  0B89               	decfsz	9,f
   801     07F4  2FF3               	goto	u47
   802     07F5  0BF1               	decfsz	??_main,f
   803     07F6  2FF3               	goto	u47
   804     07F7  0BF2               	decfsz	??_main+1,f
   805     07F8  2FF3               	goto	u47
   806     07F9  3200               	nop2
   807     07FA  2FDA               	goto	l593
   808     07FB  3180  2802         	ljmp	start
   809     07FD                     __end_of_main:
   810                           
   811                           	psect	text1
   812     07BE                     __ptext1:	
   813 ;; *************** function _initMain *****************
   814 ;; Defined at:
   815 ;;		line 49 in file "main.c"
   816 ;; Parameters:    Size  Location     Type
   817 ;;		None
   818 ;; Auto vars:     Size  Location     Type
   819 ;;		None
   820 ;; Return value:  Size  Location     Type
   821 ;;                  1    wreg      void 
   822 ;; Registers used:
   823 ;;		status,2, status,0, pclath, cstack
   824 ;; Tracked objects:
   825 ;;		On entry : 0/0
   826 ;;		On exit  : 0/0
   827 ;;		Unchanged: 0/0
   828 ;; Data sizes:     COMMON   BANK0   BANK1   BANK2   BANK3   BANK4   BANK5   BANK6   BANK7   BANK8   BANK9  BANK10  BANK1
      +1  BANK12  BANK13  BANK14  BANK15  BANK16  BANK17  BANK18  BANK19  BANK20  BANK21  BANK22  BANK23  BANK24  BANK25
   829 ;;      Params:         0       0       0       0       0       0       0       0       0       0       0       0       
      +0       0       0       0       0       0       0       0       0       0       0       0       0       0       0
   830 ;;      Locals:         0       0       0       0       0       0       0       0       0       0       0       0       
      +0       0       0       0       0       0       0       0       0       0       0       0       0       0       0
   831 ;;      Temps:          0       0       0       0       0       0       0       0       0       0       0       0       
      +0       0       0       0       0       0       0       0       0       0       0       0       0       0       0
   832 ;;      Totals:         0       0       0       0       0       0       0       0       0       0       0       0       
      +0       0       0       0       0       0       0       0       0       0       0       0       0       0       0
   833 ;;Total ram usage:        0 bytes
   834 ;; Hardware stack levels used: 1
   835 ;; Hardware stack levels required when called: 1
   836 ;; This function calls:
   837 ;;		_internal_16
   838 ;; This function is called by:
   839 ;;		_main
   840 ;; This function uses a non-reentrant model
   841 ;;
   842                           
   843     07BE                     _initMain:	
   844                           ;psect for function _initMain
   845                           
   846     07BE                     l587:	
   847                           ;incstack = 0
   848                           ; Regs used in _initMain: [status,2+status,0+pclath+cstack]
   849                           
   850                           
   851                           ;main.c: 52:     internal_16();
   852     07BE  3187  27C4  3187   	fcall	_internal_16
   853     07C1                     l589:
   854                           
   855                           ;main.c: 57:     TRISDbits.TRISD1 = 0;
   856     07C1  0021               	movlb	1	; select bank1
   857     07C2  108F               	bcf	15,1	;volatile
   858     07C3                     l14:
   859     07C3  0008               	return
   860     07C4                     __end_of_initMain:
   861                           
   862                           	psect	text2
   863     07C4                     __ptext2:	
   864 ;; *************** function _internal_16 *****************
   865 ;; Defined at:
   866 ;;		line 57 in file "PIC16F1719_Internal.c"
   867 ;; Parameters:    Size  Location     Type
   868 ;;		None
   869 ;; Auto vars:     Size  Location     Type
   870 ;;		None
   871 ;; Return value:  Size  Location     Type
   872 ;;                  1    wreg      void 
   873 ;; Registers used:
   874 ;;		None
   875 ;; Tracked objects:
   876 ;;		On entry : 0/0
   877 ;;		On exit  : 0/0
   878 ;;		Unchanged: 0/0
   879 ;; Data sizes:     COMMON   BANK0   BANK1   BANK2   BANK3   BANK4   BANK5   BANK6   BANK7   BANK8   BANK9  BANK10  BANK1
      +1  BANK12  BANK13  BANK14  BANK15  BANK16  BANK17  BANK18  BANK19  BANK20  BANK21  BANK22  BANK23  BANK24  BANK25
   880 ;;      Params:         0       0       0       0       0       0       0       0       0       0       0       0       
      +0       0       0       0       0       0       0       0       0       0       0       0       0       0       0
   881 ;;      Locals:         0       0       0       0       0       0       0       0       0       0       0       0       
      +0       0       0       0       0       0       0       0       0       0       0       0       0       0       0
   882 ;;      Temps:          0       0       0       0       0       0       0       0       0       0       0       0       
      +0       0       0       0       0       0       0       0       0       0       0       0       0       0       0
   883 ;;      Totals:         0       0       0       0       0       0       0       0       0       0       0       0       
      +0       0       0       0       0       0       0       0       0       0       0       0       0       0       0
   884 ;;Total ram usage:        0 bytes
   885 ;; Hardware stack levels used: 1
   886 ;; This function calls:
   887 ;;		Nothing
   888 ;; This function is called by:
   889 ;;		_initMain
   890 ;; This function uses a non-reentrant model
   891 ;;
   892                           
   893     07C4                     _internal_16:	
   894                           ;psect for function _internal_16
   895                           
   896     07C4                     l583:	
   897                           ;incstack = 0
   898                           ; Regs used in _internal_16: []
   899                           
   900                           
   901                           ;PIC16F1719_Internal.c: 59:     SCS0 = 0;
   902     07C4  0021               	movlb	1	; select bank1
   903     07C5  1019               	bcf	25,0	;volatile
   904                           
   905                           ;PIC16F1719_Internal.c: 60:     SCS1 = 0;
   906     07C6  1099               	bcf	25,1	;volatile
   907                           
   908                           ;PIC16F1719_Internal.c: 63:     IRCF0 = 1;
   909     07C7  1599               	bsf	25,3	;volatile
   910                           
   911                           ;PIC16F1719_Internal.c: 64:     IRCF1 = 1;
   912     07C8  1619               	bsf	25,4	;volatile
   913                           
   914                           ;PIC16F1719_Internal.c: 65:     IRCF2 = 1;
   915     07C9  1699               	bsf	25,5	;volatile
   916                           
   917                           ;PIC16F1719_Internal.c: 66:     IRCF3 = 1;
   918     07CA  1719               	bsf	25,6	;volatile
   919                           
   920                           ;PIC16F1719_Internal.c: 69:     SPLLEN = 0;
   921     07CB  1399               	bcf	25,7	;volatile
   922     07CC                     l42:
   923     07CC  0008               	return
   924     07CD                     __end_of_internal_16:
   925                           
   926                           	psect	text3
   927     07CD                     __ptext3:	
   928 ;; *************** function _controlMotor *****************
   929 ;; Defined at:
   930 ;;		line 33 in file "main.c"
   931 ;; Parameters:    Size  Location     Type
   932 ;;  state           1    wreg     unsigned char 
   933 ;; Auto vars:     Size  Location     Type
   934 ;;  state           1    0[COMMON] unsigned char 
   935 ;; Return value:  Size  Location     Type
   936 ;;                  1    wreg      void 
   937 ;; Registers used:
   938 ;;		wreg
   939 ;; Tracked objects:
   940 ;;		On entry : 0/0
   941 ;;		On exit  : 0/0
   942 ;;		Unchanged: 0/0
   943 ;; Data sizes:     COMMON   BANK0   BANK1   BANK2   BANK3   BANK4   BANK5   BANK6   BANK7   BANK8   BANK9  BANK10  BANK1
      +1  BANK12  BANK13  BANK14  BANK15  BANK16  BANK17  BANK18  BANK19  BANK20  BANK21  BANK22  BANK23  BANK24  BANK25
   944 ;;      Params:         0       0       0       0       0       0       0       0       0       0       0       0       
      +0       0       0       0       0       0       0       0       0       0       0       0       0       0       0
   945 ;;      Locals:         1       0       0       0       0       0       0       0       0       0       0       0       
      +0       0       0       0       0       0       0       0       0       0       0       0       0       0       0
   946 ;;      Temps:          0       0       0       0       0       0       0       0       0       0       0       0       
      +0       0       0       0       0       0       0       0       0       0       0       0       0       0       0
   947 ;;      Totals:         1       0       0       0       0       0       0       0       0       0       0       0       
      +0       0       0       0       0       0       0       0       0       0       0       0       0       0       0
   948 ;;Total ram usage:        1 bytes
   949 ;; Hardware stack levels used: 1
   950 ;; This function calls:
   951 ;;		Nothing
   952 ;; This function is called by:
   953 ;;		_main
   954 ;; This function uses a non-reentrant model
   955 ;;
   956                           
   957     07CD                     _controlMotor:	
   958                           ;psect for function _controlMotor
   959                           
   960                           
   961                           ;incstack = 0
   962                           ; Regs used in _controlMotor: [wreg]
   963                           ;controlMotor@state stored from wreg
   964     07CD  00F0               	movwf	controlMotor@state
   965     07CE                     l585:
   966                           
   967                           ;main.c: 33: void controlMotor(uint8_t state);main.c: 34: {;main.c: 36:     LATD1 = stat
      +                          e;
   968     07CE  1870               	btfsc	controlMotor@state,0
   969     07CF  2FD1               	goto	u11
   970     07D0  2FD4               	goto	u10
   971     07D1                     u11:
   972     07D1  0022               	movlb	2	; select bank2
   973     07D2  148F               	bsf	15,1	;volatile
   974     07D3  2FD6               	goto	u24
   975     07D4                     u10:
   976     07D4  0022               	movlb	2	; select bank2
   977     07D5  108F               	bcf	15,1	;volatile
   978     07D6                     u24:
   979     07D6                     l11:
   980     07D6  0008               	return
   981     07D7                     __end_of_controlMotor:
   982     007E                     btemp	set	126	;btemp
   983     007E                     wtemp0	set	126
   984                           
   985                           	psect	config
   986                           
   987                           ;Config register CONFIG1 @ 0x8007
   988                           ;	Oscillator Selection Bits
   989                           ;	FOSC = INTOSC, INTOSC oscillator: I/O function on CLKIN pin
   990                           ;	Watchdog Timer Enable
   991                           ;	WDTE = OFF, WDT disabled
   992                           ;	Power-up Timer Enable
   993                           ;	PWRTE = OFF, PWRT disabled
   994                           ;	MCLR Pin Function Select
   995                           ;	MCLRE = OFF, MCLR/VPP pin function is digital input if LVP bit is also 0.
   996                           ;	Flash Program Memory Code Protection
   997                           ;	CP = OFF, Program memory code protection is disabled
   998                           ;	Brown-out Reset Enable
   999                           ;	BOREN = OFF, Brown-out Reset disabled
  1000                           ;	Clock Out Enable
  1001                           ;	CLKOUTEN = OFF, CLKOUT function is disabled. I/O or oscillator function on the CLKOUT 
      +                          pin
  1002                           ;	Internal/External Switchover Mode
  1003                           ;	IESO = ON, Internal/External Switchover Mode is enabled
  1004                           ;	Fail-Safe Clock Monitor Enable
  1005                           ;	FCMEN = OFF, Fail-Safe Clock Monitor is disabled
  1006     8007                     	org	32775
  1007     8007  19A4               	dw	6564
  1008                           
  1009                           ;Config register CONFIG2 @ 0x8008
  1010                           ;	Flash Memory Self-Write Protection
  1011                           ;	WRT = OFF, Write protection off
  1012                           ;	Peripheral Pin Select one-way control
  1013                           ;	PPS1WAY = ON, The PPSLOCK bit cannot be cleared once it is set by software
  1014                           ;	Zero-cross detect disable
  1015                           ;	ZCDDIS = ON, ZCD disabled. ZCD can be enabled by setting the ZCDSEN bit of ZCDCON
  1016                           ;	Phase Lock Loop enable
  1017                           ;	PLLEN = OFF, 4x PLL is disabled
  1018                           ;	Stack Overflow/Underflow Reset Enable
  1019                           ;	STVREN = ON, Stack Overflow or Underflow will cause a Reset
  1020                           ;	Brown-out Reset Voltage Selection
  1021                           ;	BORV = LO, Brown-out Reset Voltage (Vbor), low trip point selected.
  1022                           ;	Low-Power Brown Out Reset
  1023                           ;	LPBOR = OFF, Low-Power BOR is disabled
  1024                           ;	In-Circuit Debugger Mode
  1025                           ;	DEBUG = 0x1, unprogrammed default
  1026                           ;	Low-Voltage Programming Enable
  1027                           ;	LVP = OFF, High-voltage on MCLR/VPP must be used for programming
  1028     8008                     	org	32776
  1029     8008  1EFF               	dw	7935

Data Sizes:
    Strings     0
    Constant    0
    Data        0
    BSS         0
    Persistent  32
    Stack       0

Auto Spaces:
    Space          Size  Autos    Used
    COMMON           14      3       3
    BANK0            80      0       0
    BANK1            80      0       0
    BANK2            80      0       0
    BANK3            80      0       0
    BANK4            80      0       0
    BANK5            80      0       0
    BANK6            80      0       0
    BANK7            80      0       0
    BANK8            80      0       0
    BANK9            80      0       0
    BANK10           80      0       0
    BANK11           80      0       0
    BANK12           80      0       0
    BANK13           80      0       0
    BANK14           80      0       0
    BANK15           80      0       0
    BANK16           80      0       0
    BANK17           80      0       0
    BANK18           80      0       0
    BANK19           80      0       0
    BANK20           80      0       0
    BANK21           80      0       0
    BANK22           80      0       0
    BANK23           80      0       0
    BANK24           80      0       0
    BANK25           32      0       0

Pointer List with Targets:

    None.

Critical Paths under _main in COMMON

    _main->_controlMotor

Critical Paths under _main in BANK0

    None.

Critical Paths under _main in BANK1

    None.

Critical Paths under _main in BANK2

    None.

Critical Paths under _main in BANK3

    None.

Critical Paths under _main in BANK4

    None.

Critical Paths under _main in BANK5

    None.

Critical Paths under _main in BANK6

    None.

Critical Paths under _main in BANK7

    None.

Critical Paths under _main in BANK8

    None.

Critical Paths under _main in BANK9

    None.

Critical Paths under _main in BANK10

    None.

Critical Paths under _main in BANK11

    None.

Critical Paths under _main in BANK12

    None.

Critical Paths under _main in BANK13

    None.

Critical Paths under _main in BANK14

    None.

Critical Paths under _main in BANK15

    None.

Critical Paths under _main in BANK16

    None.

Critical Paths under _main in BANK17

    None.

Critical Paths under _main in BANK18

    None.

Critical Paths under _main in BANK19

    None.

Critical Paths under _main in BANK20

    None.

Critical Paths under _main in BANK21

    None.

Critical Paths under _main in BANK22

    None.

Critical Paths under _main in BANK23

    None.

Critical Paths under _main in BANK24

    None.

Critical Paths under _main in BANK25

    None.

Call Graph Tables:

 ---------------------------------------------------------------------------------
 (Depth) Function   	        Calls       Base Space   Used Autos Params    Refs
 ---------------------------------------------------------------------------------
 (0) _main                                                 2     2      0      15
                                              1 COMMON     2     2      0
                       _controlMotor
                           _initMain
 ---------------------------------------------------------------------------------
 (1) _initMain                                             0     0      0       0
                        _internal_16
 ---------------------------------------------------------------------------------
 (2) _internal_16                                          0     0      0       0
 ---------------------------------------------------------------------------------
 (1) _controlMotor                                         1     1      0      15
                                              0 COMMON     1     1      0
 ---------------------------------------------------------------------------------
 Estimated maximum stack depth 2
 ---------------------------------------------------------------------------------

 Call Graph Graphs:

 _main (ROOT)
   _controlMotor
   _initMain
     _internal_16

 Address spaces:
Name               Size   Autos  Total    Cost      Usage
BIGRAM             7F0      0       0       0        0.0%
NULL                 0      0       0       0        0.0%
CODE                 0      0       0       0        0.0%
BITCOMMON            E      0       0       1        0.0%
BITSFR0              0      0       0       1        0.0%
SFR0                 0      0       0       1        0.0%
COMMON               E      3       3       2       21.4%
BITSFR1              0      0       0       2        0.0%
SFR1                 0      0       0       2        0.0%
BITSFR2              0      0       0       3        0.0%
SFR2                 0      0       0       3        0.0%
STACK                0      0       0       3        0.0%
BITBANK0            50      0       0       4        0.0%
BITSFR3              0      0       0       4        0.0%
SFR3                 0      0       0       4        0.0%
BANK0               50      0       0       5        0.0%
BITSFR4              0      0       0       5        0.0%
SFR4                 0      0       0       5        0.0%
BITBANK1            50      0       0       6        0.0%
BITSFR5              0      0       0       6        0.0%
SFR5                 0      0       0       6        0.0%
BANK1               50      0       0       7        0.0%
BITSFR6              0      0       0       7        0.0%
SFR6                 0      0       0       7        0.0%
BITBANK2            50      0       0       8        0.0%
BITSFR7              0      0       0       8        0.0%
SFR7                 0      0       0       8        0.0%
BANK2               50      0       0       9        0.0%
BITSFR8              0      0       0       9        0.0%
SFR8                 0      0       0       9        0.0%
BITBANK3            50      0       0      10        0.0%
BITSFR9              0      0       0      10        0.0%
SFR9                 0      0       0      10        0.0%
BANK3               50      0       0      11        0.0%
BITSFR10             0      0       0      11        0.0%
SFR10                0      0       0      11        0.0%
BITBANK4            50      0       0      12        0.0%
BITSFR11             0      0       0      12        0.0%
SFR11                0      0       0      12        0.0%
BANK4               50      0       0      13        0.0%
BITSFR12             0      0       0      13        0.0%
SFR12                0      0       0      13        0.0%
BITSFR13             0      0       0      14        0.0%
SFR13                0      0       0      14        0.0%
ABS                  0      0       0      14        0.0%
BITBANK5            50      0       0      15        0.0%
BITSFR14             0      0       0      15        0.0%
SFR14                0      0       0      15        0.0%
BANK5               50      0       0      16        0.0%
BITSFR15             0      0       0      16        0.0%
SFR15                0      0       0      16        0.0%
BITBANK6            50      0       0      17        0.0%
BITSFR16             0      0       0      17        0.0%
SFR16                0      0       0      17        0.0%
BANK6               50      0       0      18        0.0%
BITSFR17             0      0       0      18        0.0%
SFR17                0      0       0      18        0.0%
BITBANK7            50      0       0      19        0.0%
BITSFR18             0      0       0      19        0.0%
SFR18                0      0       0      19        0.0%
BANK7               50      0       0      20        0.0%
BITSFR19             0      0       0      20        0.0%
SFR19                0      0       0      20        0.0%
BITBANK8            50      0       0      21        0.0%
BITSFR20             0      0       0      21        0.0%
SFR20                0      0       0      21        0.0%
BANK8               50      0       0      22        0.0%
BITSFR21             0      0       0      22        0.0%
SFR21                0      0       0      22        0.0%
BITBANK9            50      0       0      23        0.0%
BITSFR22             0      0       0      23        0.0%
SFR22                0      0       0      23        0.0%
BANK9               50      0       0      24        0.0%
BITSFR23             0      0       0      24        0.0%
SFR23                0      0       0      24        0.0%
BITBANK10           50      0       0      25        0.0%
BITSFR24             0      0       0      25        0.0%
SFR24                0      0       0      25        0.0%
BANK10              50      0       0      26        0.0%
BITSFR25             0      0       0      26        0.0%
SFR25                0      0       0      26        0.0%
BITBANK11           50      0       0      27        0.0%
BITSFR26             0      0       0      27        0.0%
SFR26                0      0       0      27        0.0%
BITSFR27             0      0       0      28        0.0%
SFR27                0      0       0      28        0.0%
DATA                 0      0       0      28        0.0%
BANK11              50      0       0      29        0.0%
BITSFR28             0      0       0      29        0.0%
SFR28                0      0       0      29        0.0%
BITBANK12           50      0       0      30        0.0%
BITSFR29             0      0       0      30        0.0%
SFR29                0      0       0      30        0.0%
BANK12              50      0       0      31        0.0%
BITSFR30             0      0       0      31        0.0%
SFR30                0      0       0      31        0.0%
BITBANK13           50      0       0      32        0.0%
BITSFR31             0      0       0      32        0.0%
SFR31                0      0       0      32        0.0%
BANK13              50      0       0      33        0.0%
BITBANK14           50      0       0      34        0.0%
BANK14              50      0       0      35        0.0%
BITBANK15           50      0       0      36        0.0%
BANK15              50      0       0      37        0.0%
BITBANK16           50      0       0      38        0.0%
BANK16              50      0       0      39        0.0%
BITBANK17           50      0       0      40        0.0%
BANK17              50      0       0      41        0.0%
BITBANK18           50      0       0      42        0.0%
BANK18              50      0       0      43        0.0%
BITBANK19           50      0       0      44        0.0%
BANK19              50      0       0      45        0.0%
BITBANK20           50      0       0      46        0.0%
BANK20              50      0       0      47        0.0%
BITBANK21           50      0       0      48        0.0%
BANK21              50      0       0      49        0.0%
BITBANK22           50      0       0      50        0.0%
BANK22              50      0       0      51        0.0%
BITBANK23           50      0       0      52        0.0%
BANK23              50      0       0      53        0.0%
BITBANK24           50      0       0      54        0.0%
BANK24              50      0       0      55        0.0%
BITBANK25           20      0       0      56        0.0%
BANK25              20      0       0      57        0.0%


Microchip Technology PIC Macro Assembler V2.45 build 20230818022343 
Symbol Table                                                                                   Thu Jan 11 16:04:06 2024

                     l11 07D6                       l14 07C3                       l42 07CC  
                     u10 07D4                       u11 07D1                       u24 07D6  
                     u37 07E3                       u47 07F3                      l583 07C4  
                    l591 07D7                      l585 07CE                      l593 07DA  
                    l587 07BE                      l595 07EA                      l589 07C1  
                    l597 07EE                      wreg 0009                     _SCS0 04C8  
                   _SCS1 04C9                     _main 07D7                     btemp 007E  
                   start 0002            ?_controlMotor 0070                    ?_main 0070  
                  _LATD1 0879                    _IRCF0 04CB                    _IRCF1 04CC  
                  _IRCF2 04CD                    _IRCF3 04CE                    wtemp0 007E  
           ?_internal_16 0070          __initialization 07FD             __end_of_main 07FD  
         ??_controlMotor 0070                   ??_main 0071                   _SPLLEN 04CF  
       __end_of_initMain 07C4  __end_of__initialization 07FD           __pcstackCOMMON 0070  
   __end_of_controlMotor 07D7               __pmaintext 07D7                ?_initMain 0070  
                __ptext1 07BE                  __ptext2 07C4                  __ptext3 07CD  
   end_of_initialization 07FD               ??_initMain 0070                _TRISDbits 008F  
           _controlMotor 07CD        controlMotor@state 0070      start_initialization 07FD  
              ___latbits 0003            ??_internal_16 0070      __end_of_internal_16 07CD  
               _initMain 07BE              _internal_16 07C4  
