

Microchip MPLAB XC8 Assembler V2.45 build 20230818022343 
                                                                                               Mon Mar 25 03:15:31 2024

Microchip MPLAB XC8 C Compiler v2.45 (Free license) build 20230818022343 Og1 
     1                           	processor	16F1719
     2                           	pagewidth 120
     3                           	opt	flic
     4                           	psect	cinit,global,class=CODE,merge=1,delta=2
     5                           	psect	cstackCOMMON,global,class=COMMON,space=1,delta=1,noexec
     6                           	psect	maintext,global,class=CODE,merge=1,split=1,delta=2
     7                           	psect	text1,local,class=CODE,merge=1,delta=2
     8                           	psect	text2,local,class=CODE,merge=1,delta=2
     9                           	psect	config,global,abs,ovrld,class=CONFIG,space=4,delta=2,noexec
    10                           	dabs	1,0x7E,2
    11     0000                     
    12                           ; Generated 06/07/2023 GMT
    13                           ; 
    14                           ; Copyright © 2023, Microchip Technology Inc. and its subsidiaries ("Microchip")
    15                           ; All rights reserved.
    16                           ; 
    17                           ; This software is developed by Microchip Technology Inc. and its subsidiaries ("Microch
      +                          ip").
    18                           ; 
    19                           ; Redistribution and use in source and binary forms, with or without modification, are
    20                           ; permitted provided that the following conditions are met:
    21                           ; 
    22                           ;     1. Redistributions of source code must retain the above copyright notice, this lis
      +                          t of
    23                           ;        conditions and the following disclaimer.
    24                           ; 
    25                           ;     2. Redistributions in binary form must reproduce the above copyright notice, this 
      +                          list
    26                           ;        of conditions and the following disclaimer in the documentation and/or other
    27                           ;        materials provided with the distribution. Publication is not required when
    28                           ;        this file is used in an embedded application.
    29                           ; 
    30                           ;     3. Microchip's name may not be used to endorse or promote products derived from th
      +                          is
    31                           ;        software without specific prior written permission.
    32                           ; 
    33                           ; THIS SOFTWARE IS PROVIDED BY MICROCHIP "AS IS" AND ANY EXPRESS OR IMPLIED WARRANTIES,
    34                           ; INCLUDING, BUT NOT LIMITED TO, THE IMPLIED WARRANTIES OF MERCHANTABILITY AND FITNESS F
      +                          OR
    35                           ; PURPOSE ARE DISCLAIMED.  IN NO EVENT SHALL MICROCHIP BE LIABLE FOR ANY DIRECT, INDIREC
      +                          T,
    36                           ; INCIDENTAL, SPECIAL, EXEMPLARY, OR CONSEQUENTIAL DAMAGES (INCLUDING BUT NOT LIMITED TO
    37                           ; PROCUREMENT OF SUBSTITUTE GOODS OR SERVICES; LOSS OF USE, DATA OR PROFITS; OR BUSINESS
    38                           ; INTERRUPTION) HOWSOEVER CAUSED AND ON ANY THEORY OF LIABILITY, WHETHER IN CONTRACT, ST
      +                          RICT
    39                           ; LIABILITY, OR TORT (INCLUDING NEGLIGENCE OR OTHERWISE) ARISING IN ANY WAY OUT OF THE U
      +                          SE OF
    40                           ; THIS SOFTWARE, EVEN IF ADVISED OF THE POSSIBILITY OF SUCH DAMAGE.
    41                           ; 
    42                           ; 
    43                           ; Code-generator required, PIC16F1719 Definitions
    44                           ; 
    45                           ; SFR Addresses
    46     0000                     	;# 
    47     0001                     	;# 
    48     0002                     	;# 
    49     0003                     	;# 
    50     0004                     	;# 
    51     0005                     	;# 
    52     0006                     	;# 
    53     0007                     	;# 
    54     0008                     	;# 
    55     0009                     	;# 
    56     000A                     	;# 
    57     000B                     	;# 
    58     000C                     	;# 
    59     000D                     	;# 
    60     000E                     	;# 
    61     000F                     	;# 
    62     0010                     	;# 
    63     0011                     	;# 
    64     0012                     	;# 
    65     0013                     	;# 
    66     0015                     	;# 
    67     0016                     	;# 
    68     0016                     	;# 
    69     0017                     	;# 
    70     0018                     	;# 
    71     0019                     	;# 
    72     001A                     	;# 
    73     001B                     	;# 
    74     001C                     	;# 
    75     008C                     	;# 
    76     008D                     	;# 
    77     008E                     	;# 
    78     008F                     	;# 
    79     0090                     	;# 
    80     0091                     	;# 
    81     0092                     	;# 
    82     0093                     	;# 
    83     0095                     	;# 
    84     0096                     	;# 
    85     0097                     	;# 
    86     0098                     	;# 
    87     0099                     	;# 
    88     009A                     	;# 
    89     009B                     	;# 
    90     009B                     	;# 
    91     009C                     	;# 
    92     009D                     	;# 
    93     009E                     	;# 
    94     009F                     	;# 
    95     010C                     	;# 
    96     010D                     	;# 
    97     010E                     	;# 
    98     010F                     	;# 
    99     0110                     	;# 
   100     0111                     	;# 
   101     0112                     	;# 
   102     0113                     	;# 
   103     0114                     	;# 
   104     0115                     	;# 
   105     0116                     	;# 
   106     0117                     	;# 
   107     0118                     	;# 
   108     0119                     	;# 
   109     011A                     	;# 
   110     011B                     	;# 
   111     011B                     	;# 
   112     011C                     	;# 
   113     018C                     	;# 
   114     018D                     	;# 
   115     018E                     	;# 
   116     018F                     	;# 
   117     0190                     	;# 
   118     0191                     	;# 
   119     0191                     	;# 
   120     0192                     	;# 
   121     0193                     	;# 
   122     0193                     	;# 
   123     0194                     	;# 
   124     0195                     	;# 
   125     0196                     	;# 
   126     0197                     	;# 
   127     0199                     	;# 
   128     0199                     	;# 
   129     0199                     	;# 
   130     019A                     	;# 
   131     019A                     	;# 
   132     019A                     	;# 
   133     019B                     	;# 
   134     019B                     	;# 
   135     019B                     	;# 
   136     019B                     	;# 
   137     019B                     	;# 
   138     019C                     	;# 
   139     019C                     	;# 
   140     019C                     	;# 
   141     019D                     	;# 
   142     019D                     	;# 
   143     019D                     	;# 
   144     019E                     	;# 
   145     019E                     	;# 
   146     019E                     	;# 
   147     019F                     	;# 
   148     019F                     	;# 
   149     019F                     	;# 
   150     019F                     	;# 
   151     019F                     	;# 
   152     020C                     	;# 
   153     020D                     	;# 
   154     020E                     	;# 
   155     020F                     	;# 
   156     0210                     	;# 
   157     0211                     	;# 
   158     0211                     	;# 
   159     0212                     	;# 
   160     0212                     	;# 
   161     0213                     	;# 
   162     0213                     	;# 
   163     0214                     	;# 
   164     0214                     	;# 
   165     0215                     	;# 
   166     0215                     	;# 
   167     0215                     	;# 
   168     0215                     	;# 
   169     0216                     	;# 
   170     0216                     	;# 
   171     0217                     	;# 
   172     0217                     	;# 
   173     028C                     	;# 
   174     028D                     	;# 
   175     028E                     	;# 
   176     028F                     	;# 
   177     0290                     	;# 
   178     0291                     	;# 
   179     0291                     	;# 
   180     0292                     	;# 
   181     0293                     	;# 
   182     0293                     	;# 
   183     0298                     	;# 
   184     0298                     	;# 
   185     0299                     	;# 
   186     029A                     	;# 
   187     029A                     	;# 
   188     029E                     	;# 
   189     030C                     	;# 
   190     030D                     	;# 
   191     030E                     	;# 
   192     030F                     	;# 
   193     0310                     	;# 
   194     038C                     	;# 
   195     038D                     	;# 
   196     038E                     	;# 
   197     038F                     	;# 
   198     0390                     	;# 
   199     0391                     	;# 
   200     0392                     	;# 
   201     0393                     	;# 
   202     0394                     	;# 
   203     0395                     	;# 
   204     0396                     	;# 
   205     0397                     	;# 
   206     0398                     	;# 
   207     0399                     	;# 
   208     039D                     	;# 
   209     039E                     	;# 
   210     039F                     	;# 
   211     0415                     	;# 
   212     0416                     	;# 
   213     0417                     	;# 
   214     041C                     	;# 
   215     041D                     	;# 
   216     041E                     	;# 
   217     0498                     	;# 
   218     0498                     	;# 
   219     0499                     	;# 
   220     049A                     	;# 
   221     049B                     	;# 
   222     049B                     	;# 
   223     049C                     	;# 
   224     049D                     	;# 
   225     049E                     	;# 
   226     049F                     	;# 
   227     0511                     	;# 
   228     0515                     	;# 
   229     0617                     	;# 
   230     0618                     	;# 
   231     0619                     	;# 
   232     0619                     	;# 
   233     061A                     	;# 
   234     061B                     	;# 
   235     061C                     	;# 
   236     061C                     	;# 
   237     0691                     	;# 
   238     0692                     	;# 
   239     0693                     	;# 
   240     0694                     	;# 
   241     0695                     	;# 
   242     0696                     	;# 
   243     0697                     	;# 
   244     0698                     	;# 
   245     0699                     	;# 
   246     069A                     	;# 
   247     069B                     	;# 
   248     069C                     	;# 
   249     069D                     	;# 
   250     069E                     	;# 
   251     069F                     	;# 
   252     0E0F                     	;# 
   253     0E10                     	;# 
   254     0E11                     	;# 
   255     0E12                     	;# 
   256     0E13                     	;# 
   257     0E14                     	;# 
   258     0E15                     	;# 
   259     0E17                     	;# 
   260     0E20                     	;# 
   261     0E21                     	;# 
   262     0E22                     	;# 
   263     0E24                     	;# 
   264     0E25                     	;# 
   265     0E28                     	;# 
   266     0E29                     	;# 
   267     0E2A                     	;# 
   268     0E2B                     	;# 
   269     0E90                     	;# 
   270     0E91                     	;# 
   271     0E92                     	;# 
   272     0E93                     	;# 
   273     0E94                     	;# 
   274     0E95                     	;# 
   275     0E96                     	;# 
   276     0E97                     	;# 
   277     0E98                     	;# 
   278     0E99                     	;# 
   279     0E9A                     	;# 
   280     0E9B                     	;# 
   281     0E9C                     	;# 
   282     0E9D                     	;# 
   283     0E9E                     	;# 
   284     0E9F                     	;# 
   285     0EA0                     	;# 
   286     0EA1                     	;# 
   287     0EA2                     	;# 
   288     0EA3                     	;# 
   289     0EA4                     	;# 
   290     0EA5                     	;# 
   291     0EA6                     	;# 
   292     0EA7                     	;# 
   293     0EA8                     	;# 
   294     0EA9                     	;# 
   295     0EAA                     	;# 
   296     0EAB                     	;# 
   297     0EAC                     	;# 
   298     0EAD                     	;# 
   299     0EAE                     	;# 
   300     0EAF                     	;# 
   301     0EB0                     	;# 
   302     0EB1                     	;# 
   303     0EB2                     	;# 
   304     0F0F                     	;# 
   305     0F10                     	;# 
   306     0F11                     	;# 
   307     0F12                     	;# 
   308     0F13                     	;# 
   309     0F14                     	;# 
   310     0F15                     	;# 
   311     0F16                     	;# 
   312     0F17                     	;# 
   313     0F18                     	;# 
   314     0F19                     	;# 
   315     0F1A                     	;# 
   316     0F1B                     	;# 
   317     0F1C                     	;# 
   318     0F1D                     	;# 
   319     0F1E                     	;# 
   320     0F1F                     	;# 
   321     0F20                     	;# 
   322     0F21                     	;# 
   323     0F22                     	;# 
   324     0F23                     	;# 
   325     0F24                     	;# 
   326     0F25                     	;# 
   327     0F26                     	;# 
   328     0F27                     	;# 
   329     0F28                     	;# 
   330     0F29                     	;# 
   331     0F2A                     	;# 
   332     0F2B                     	;# 
   333     0F2C                     	;# 
   334     0F2D                     	;# 
   335     0F2E                     	;# 
   336     0F2F                     	;# 
   337     0F30                     	;# 
   338     0F31                     	;# 
   339     0F32                     	;# 
   340     0F33                     	;# 
   341     0F34                     	;# 
   342     0F35                     	;# 
   343     0F36                     	;# 
   344     0F37                     	;# 
   345     0FE4                     	;# 
   346     0FE5                     	;# 
   347     0FE6                     	;# 
   348     0FE7                     	;# 
   349     0FE8                     	;# 
   350     0FE9                     	;# 
   351     0FEA                     	;# 
   352     0FEB                     	;# 
   353     0FED                     	;# 
   354     0FEE                     	;# 
   355     0FEF                     	;# 
   356     0000                     	;# 
   357     0001                     	;# 
   358     0002                     	;# 
   359     0003                     	;# 
   360     0004                     	;# 
   361     0005                     	;# 
   362     0006                     	;# 
   363     0007                     	;# 
   364     0008                     	;# 
   365     0009                     	;# 
   366     000A                     	;# 
   367     000B                     	;# 
   368     000C                     	;# 
   369     000D                     	;# 
   370     000E                     	;# 
   371     000F                     	;# 
   372     0010                     	;# 
   373     0011                     	;# 
   374     0012                     	;# 
   375     0013                     	;# 
   376     0015                     	;# 
   377     0016                     	;# 
   378     0016                     	;# 
   379     0017                     	;# 
   380     0018                     	;# 
   381     0019                     	;# 
   382     001A                     	;# 
   383     001B                     	;# 
   384     001C                     	;# 
   385     008C                     	;# 
   386     008D                     	;# 
   387     008E                     	;# 
   388     008F                     	;# 
   389     0090                     	;# 
   390     0091                     	;# 
   391     0092                     	;# 
   392     0093                     	;# 
   393     0095                     	;# 
   394     0096                     	;# 
   395     0097                     	;# 
   396     0098                     	;# 
   397     0099                     	;# 
   398     009A                     	;# 
   399     009B                     	;# 
   400     009B                     	;# 
   401     009C                     	;# 
   402     009D                     	;# 
   403     009E                     	;# 
   404     009F                     	;# 
   405     010C                     	;# 
   406     010D                     	;# 
   407     010E                     	;# 
   408     010F                     	;# 
   409     0110                     	;# 
   410     0111                     	;# 
   411     0112                     	;# 
   412     0113                     	;# 
   413     0114                     	;# 
   414     0115                     	;# 
   415     0116                     	;# 
   416     0117                     	;# 
   417     0118                     	;# 
   418     0119                     	;# 
   419     011A                     	;# 
   420     011B                     	;# 
   421     011B                     	;# 
   422     011C                     	;# 
   423     018C                     	;# 
   424     018D                     	;# 
   425     018E                     	;# 
   426     018F                     	;# 
   427     0190                     	;# 
   428     0191                     	;# 
   429     0191                     	;# 
   430     0192                     	;# 
   431     0193                     	;# 
   432     0193                     	;# 
   433     0194                     	;# 
   434     0195                     	;# 
   435     0196                     	;# 
   436     0197                     	;# 
   437     0199                     	;# 
   438     0199                     	;# 
   439     0199                     	;# 
   440     019A                     	;# 
   441     019A                     	;# 
   442     019A                     	;# 
   443     019B                     	;# 
   444     019B                     	;# 
   445     019B                     	;# 
   446     019B                     	;# 
   447     019B                     	;# 
   448     019C                     	;# 
   449     019C                     	;# 
   450     019C                     	;# 
   451     019D                     	;# 
   452     019D                     	;# 
   453     019D                     	;# 
   454     019E                     	;# 
   455     019E                     	;# 
   456     019E                     	;# 
   457     019F                     	;# 
   458     019F                     	;# 
   459     019F                     	;# 
   460     019F                     	;# 
   461     019F                     	;# 
   462     020C                     	;# 
   463     020D                     	;# 
   464     020E                     	;# 
   465     020F                     	;# 
   466     0210                     	;# 
   467     0211                     	;# 
   468     0211                     	;# 
   469     0212                     	;# 
   470     0212                     	;# 
   471     0213                     	;# 
   472     0213                     	;# 
   473     0214                     	;# 
   474     0214                     	;# 
   475     0215                     	;# 
   476     0215                     	;# 
   477     0215                     	;# 
   478     0215                     	;# 
   479     0216                     	;# 
   480     0216                     	;# 
   481     0217                     	;# 
   482     0217                     	;# 
   483     028C                     	;# 
   484     028D                     	;# 
   485     028E                     	;# 
   486     028F                     	;# 
   487     0290                     	;# 
   488     0291                     	;# 
   489     0291                     	;# 
   490     0292                     	;# 
   491     0293                     	;# 
   492     0293                     	;# 
   493     0298                     	;# 
   494     0298                     	;# 
   495     0299                     	;# 
   496     029A                     	;# 
   497     029A                     	;# 
   498     029E                     	;# 
   499     030C                     	;# 
   500     030D                     	;# 
   501     030E                     	;# 
   502     030F                     	;# 
   503     0310                     	;# 
   504     038C                     	;# 
   505     038D                     	;# 
   506     038E                     	;# 
   507     038F                     	;# 
   508     0390                     	;# 
   509     0391                     	;# 
   510     0392                     	;# 
   511     0393                     	;# 
   512     0394                     	;# 
   513     0395                     	;# 
   514     0396                     	;# 
   515     0397                     	;# 
   516     0398                     	;# 
   517     0399                     	;# 
   518     039D                     	;# 
   519     039E                     	;# 
   520     039F                     	;# 
   521     0415                     	;# 
   522     0416                     	;# 
   523     0417                     	;# 
   524     041C                     	;# 
   525     041D                     	;# 
   526     041E                     	;# 
   527     0498                     	;# 
   528     0498                     	;# 
   529     0499                     	;# 
   530     049A                     	;# 
   531     049B                     	;# 
   532     049B                     	;# 
   533     049C                     	;# 
   534     049D                     	;# 
   535     049E                     	;# 
   536     049F                     	;# 
   537     0511                     	;# 
   538     0515                     	;# 
   539     0617                     	;# 
   540     0618                     	;# 
   541     0619                     	;# 
   542     0619                     	;# 
   543     061A                     	;# 
   544     061B                     	;# 
   545     061C                     	;# 
   546     061C                     	;# 
   547     0691                     	;# 
   548     0692                     	;# 
   549     0693                     	;# 
   550     0694                     	;# 
   551     0695                     	;# 
   552     0696                     	;# 
   553     0697                     	;# 
   554     0698                     	;# 
   555     0699                     	;# 
   556     069A                     	;# 
   557     069B                     	;# 
   558     069C                     	;# 
   559     069D                     	;# 
   560     069E                     	;# 
   561     069F                     	;# 
   562     0E0F                     	;# 
   563     0E10                     	;# 
   564     0E11                     	;# 
   565     0E12                     	;# 
   566     0E13                     	;# 
   567     0E14                     	;# 
   568     0E15                     	;# 
   569     0E17                     	;# 
   570     0E20                     	;# 
   571     0E21                     	;# 
   572     0E22                     	;# 
   573     0E24                     	;# 
   574     0E25                     	;# 
   575     0E28                     	;# 
   576     0E29                     	;# 
   577     0E2A                     	;# 
   578     0E2B                     	;# 
   579     0E90                     	;# 
   580     0E91                     	;# 
   581     0E92                     	;# 
   582     0E93                     	;# 
   583     0E94                     	;# 
   584     0E95                     	;# 
   585     0E96                     	;# 
   586     0E97                     	;# 
   587     0E98                     	;# 
   588     0E99                     	;# 
   589     0E9A                     	;# 
   590     0E9B                     	;# 
   591     0E9C                     	;# 
   592     0E9D                     	;# 
   593     0E9E                     	;# 
   594     0E9F                     	;# 
   595     0EA0                     	;# 
   596     0EA1                     	;# 
   597     0EA2                     	;# 
   598     0EA3                     	;# 
   599     0EA4                     	;# 
   600     0EA5                     	;# 
   601     0EA6                     	;# 
   602     0EA7                     	;# 
   603     0EA8                     	;# 
   604     0EA9                     	;# 
   605     0EAA                     	;# 
   606     0EAB                     	;# 
   607     0EAC                     	;# 
   608     0EAD                     	;# 
   609     0EAE                     	;# 
   610     0EAF                     	;# 
   611     0EB0                     	;# 
   612     0EB1                     	;# 
   613     0EB2                     	;# 
   614     0F0F                     	;# 
   615     0F10                     	;# 
   616     0F11                     	;# 
   617     0F12                     	;# 
   618     0F13                     	;# 
   619     0F14                     	;# 
   620     0F15                     	;# 
   621     0F16                     	;# 
   622     0F17                     	;# 
   623     0F18                     	;# 
   624     0F19                     	;# 
   625     0F1A                     	;# 
   626     0F1B                     	;# 
   627     0F1C                     	;# 
   628     0F1D                     	;# 
   629     0F1E                     	;# 
   630     0F1F                     	;# 
   631     0F20                     	;# 
   632     0F21                     	;# 
   633     0F22                     	;# 
   634     0F23                     	;# 
   635     0F24                     	;# 
   636     0F25                     	;# 
   637     0F26                     	;# 
   638     0F27                     	;# 
   639     0F28                     	;# 
   640     0F29                     	;# 
   641     0F2A                     	;# 
   642     0F2B                     	;# 
   643     0F2C                     	;# 
   644     0F2D                     	;# 
   645     0F2E                     	;# 
   646     0F2F                     	;# 
   647     0F30                     	;# 
   648     0F31                     	;# 
   649     0F32                     	;# 
   650     0F33                     	;# 
   651     0F34                     	;# 
   652     0F35                     	;# 
   653     0F36                     	;# 
   654     0F37                     	;# 
   655     0FE4                     	;# 
   656     0FE5                     	;# 
   657     0FE6                     	;# 
   658     0FE7                     	;# 
   659     0FE8                     	;# 
   660     0FE9                     	;# 
   661     0FEA                     	;# 
   662     0FEB                     	;# 
   663     0FED                     	;# 
   664     0FEE                     	;# 
   665     0FEF                     	;# 
   666     008F                     _TRISDbits	set	143
   667     04CF                     _SPLLEN	set	1231
   668     04CE                     _IRCF3	set	1230
   669     04CD                     _IRCF2	set	1229
   670     04CC                     _IRCF1	set	1228
   671     04CB                     _IRCF0	set	1227
   672     04C9                     _SCS1	set	1225
   673     04C8                     _SCS0	set	1224
   674     0119                     _DAC1CON1	set	281
   675     0119                     _DAC1CON1bits	set	281
   676     0118                     _DAC1CON0bits	set	280
   677     010F                     _LATDbits	set	271
   678                           
   679                           	psect	cinit
   680     07FD                     start_initialization:	
   681                           ; #config settings
   682                           
   683     07FD                     __initialization:
   684     07FD                     end_of_initialization:	
   685                           ;End of C runtime variable initialization code
   686                           
   687     07FD                     __end_of__initialization:
   688     07FD  0020               	movlb	0
   689     07FE  3187  2FC7         	ljmp	_main	;jump to C main() function
   690                           
   691                           	psect	cstackCOMMON
   692     0070                     __pcstackCOMMON:
   693     0070                     ?_internal_32:
   694     0070                     ??_internal_32:	
   695                           ; 1 bytes @ 0x0
   696                           
   697     0070                     ?_initMain:	
   698                           ; 1 bytes @ 0x0
   699                           
   700     0070                     ??_initMain:	
   701                           ; 1 bytes @ 0x0
   702                           
   703     0070                     ?_main:	
   704                           ; 1 bytes @ 0x0
   705                           
   706                           
   707                           ; 1 bytes @ 0x0
   708     0070                     	ds	1
   709     0071                     ??_main:
   710                           
   711                           ; 1 bytes @ 0x1
   712     0071                     	ds	1
   713     0072                     main@direction:
   714                           
   715                           ; 2 bytes @ 0x2
   716     0072                     	ds	2
   717     0074                     main@value:
   718                           
   719                           ; 2 bytes @ 0x4
   720     0074                     	ds	2
   721                           
   722                           	psect	maintext
   723     07C7                     __pmaintext:	
   724 ;;
   725 ;;Main: autosize = 0, tempsize = 1, incstack = 0, save=0
   726 ;;
   727 ;; *************** function _main *****************
   728 ;; Defined at:
   729 ;;		line 80 in file "main.c"
   730 ;; Parameters:    Size  Location     Type
   731 ;;		None
   732 ;; Auto vars:     Size  Location     Type
   733 ;;  value           2    4[COMMON] int 
   734 ;;  direction       2    2[COMMON] int 
   735 ;; Return value:  Size  Location     Type
   736 ;;                  1    wreg      void 
   737 ;; Registers used:
   738 ;;		wreg, status,2, status,0, pclath, cstack
   739 ;; Tracked objects:
   740 ;;		On entry : B1F/0
   741 ;;		On exit  : 0/0
   742 ;;		Unchanged: 0/0
   743 ;; Data sizes:     COMMON   BANK0   BANK1   BANK2   BANK3   BANK4   BANK5   BANK6   BANK7   BANK8   BANK9  BANK10  BANK1
      +1  BANK12  BANK13  BANK14  BANK15  BANK16  BANK17  BANK18  BANK19  BANK20  BANK21  BANK22  BANK23  BANK24  BANK25
   744 ;;      Params:         0       0       0       0       0       0       0       0       0       0       0       0       
      +0       0       0       0       0       0       0       0       0       0       0       0       0       0       0
   745 ;;      Locals:         4       0       0       0       0       0       0       0       0       0       0       0       
      +0       0       0       0       0       0       0       0       0       0       0       0       0       0       0
   746 ;;      Temps:          1       0       0       0       0       0       0       0       0       0       0       0       
      +0       0       0       0       0       0       0       0       0       0       0       0       0       0       0
   747 ;;      Totals:         5       0       0       0       0       0       0       0       0       0       0       0       
      +0       0       0       0       0       0       0       0       0       0       0       0       0       0       0
   748 ;;Total ram usage:        5 bytes
   749 ;; Hardware stack levels required when called: 2
   750 ;; This function calls:
   751 ;;		_initMain
   752 ;; This function is called by:
   753 ;;		Startup code after reset
   754 ;; This function uses a non-reentrant model
   755 ;;
   756                           
   757     07C7                     _main:	
   758                           ;psect for function _main
   759                           
   760     07C7                     l613:	
   761                           ;incstack = 0
   762                           ; Regs used in _main: [wreg+status,2+status,0+pclath+cstack]
   763                           
   764                           
   765                           ;main.c: 81:     initMain();
   766     07C7  3187  27AF  3187   	fcall	_initMain
   767     07CA                     l615:
   768                           
   769                           ;main.c: 83:     int value = 0;
   770     07CA  01F4               	clrf	main@value
   771     07CB  01F5               	clrf	main@value+1
   772     07CC                     l617:
   773                           
   774                           ;main.c: 84:     int direction = 1;
   775     07CC  3001               	movlw	1
   776     07CD  00F2               	movwf	main@direction
   777     07CE  3000               	movlw	0
   778     07CF  00F3               	movwf	main@direction+1
   779     07D0                     l619:
   780                           
   781                           ;main.c: 87:         DAC1CON1 = value;
   782     07D0  0874               	movf	main@value,w
   783     07D1  0022               	movlb	2	; select bank2
   784     07D2  0099               	movwf	25	;volatile
   785     07D3                     l621:
   786                           
   787                           ;main.c: 88:         value += direction;
   788     07D3  0872               	movf	main@direction,w
   789     07D4  07F4               	addwf	main@value,f
   790     07D5  0873               	movf	main@direction+1,w
   791     07D6  3DF5               	addwfc	main@value+1,f
   792     07D7                     l623:
   793                           
   794                           ;main.c: 89:         if(value >= 255 || value <= 0) {
   795     07D7  0875               	movf	main@value+1,w
   796     07D8  3A80               	xorlw	128
   797     07D9  00F1               	movwf	??_main
   798     07DA  3080               	movlw	128
   799     07DB  0271               	subwf	??_main,w
   800     07DC  1D03               	skipz
   801     07DD  2FE0               	goto	u15
   802     07DE  30FF               	movlw	255
   803     07DF  0274               	subwf	main@value,w
   804     07E0                     u15:
   805     07E0  1803               	skipnc
   806     07E1  2FE3               	goto	u11
   807     07E2  2FE4               	goto	u10
   808     07E3                     u11:
   809     07E3  2FF1               	goto	l627
   810     07E4                     u10:
   811     07E4                     l625:
   812     07E4  0875               	movf	main@value+1,w
   813     07E5  3A80               	xorlw	128
   814     07E6  00F1               	movwf	??_main
   815     07E7  3080               	movlw	128
   816     07E8  0271               	subwf	??_main,w
   817     07E9  1D03               	skipz
   818     07EA  2FED               	goto	u25
   819     07EB  3001               	movlw	1
   820     07EC  0274               	subwf	main@value,w
   821     07ED                     u25:
   822     07ED  1803               	skipnc
   823     07EE  2FF0               	goto	u21
   824     07EF  2FF1               	goto	u20
   825     07F0                     u21:
   826     07F0  2FF6               	goto	l629
   827     07F1                     u20:
   828     07F1                     l627:
   829                           
   830                           ;main.c: 90:             direction = -direction;
   831     07F1  09F2               	comf	main@direction,f
   832     07F2  09F3               	comf	main@direction+1,f
   833     07F3  0AF2               	incf	main@direction,f
   834     07F4  1903               	skipnz
   835     07F5  0AF3               	incf	main@direction+1,f
   836     07F6                     l629:
   837                           
   838                           ;main.c: 92:         _delay((unsigned long)((20)*(32000000/4000000.0)));
   839     07F6  3035               	movlw	53
   840     07F7                     u37:
   841     07F7  0B89               	decfsz	9,f
   842     07F8  2FF7               	goto	u37
   843     07F9  0000               	nop
   844     07FA  2FD0               	goto	l619
   845     07FB  3180  2802         	ljmp	start
   846     07FD                     __end_of_main:
   847                           
   848                           	psect	text1
   849     07AF                     __ptext1:	
   850 ;; *************** function _initMain *****************
   851 ;; Defined at:
   852 ;;		line 38 in file "main.c"
   853 ;; Parameters:    Size  Location     Type
   854 ;;		None
   855 ;; Auto vars:     Size  Location     Type
   856 ;;		None
   857 ;; Return value:  Size  Location     Type
   858 ;;                  1    wreg      void 
   859 ;; Registers used:
   860 ;;		wreg, status,2, status,0, pclath, cstack
   861 ;; Tracked objects:
   862 ;;		On entry : 0/0
   863 ;;		On exit  : 0/0
   864 ;;		Unchanged: 0/0
   865 ;; Data sizes:     COMMON   BANK0   BANK1   BANK2   BANK3   BANK4   BANK5   BANK6   BANK7   BANK8   BANK9  BANK10  BANK1
      +1  BANK12  BANK13  BANK14  BANK15  BANK16  BANK17  BANK18  BANK19  BANK20  BANK21  BANK22  BANK23  BANK24  BANK25
   866 ;;      Params:         0       0       0       0       0       0       0       0       0       0       0       0       
      +0       0       0       0       0       0       0       0       0       0       0       0       0       0       0
   867 ;;      Locals:         0       0       0       0       0       0       0       0       0       0       0       0       
      +0       0       0       0       0       0       0       0       0       0       0       0       0       0       0
   868 ;;      Temps:          1       0       0       0       0       0       0       0       0       0       0       0       
      +0       0       0       0       0       0       0       0       0       0       0       0       0       0       0
   869 ;;      Totals:         1       0       0       0       0       0       0       0       0       0       0       0       
      +0       0       0       0       0       0       0       0       0       0       0       0       0       0       0
   870 ;;Total ram usage:        1 bytes
   871 ;; Hardware stack levels used: 1
   872 ;; Hardware stack levels required when called: 1
   873 ;; This function calls:
   874 ;;		_internal_32
   875 ;; This function is called by:
   876 ;;		_main
   877 ;; This function uses a non-reentrant model
   878 ;;
   879                           
   880     07AF                     _initMain:	
   881                           ;psect for function _initMain
   882                           
   883     07AF                     l591:	
   884                           ;incstack = 0
   885                           ; Regs used in _initMain: [wreg+status,2+status,0+pclath+cstack]
   886                           
   887                           
   888                           ;main.c: 40:     internal_32();
   889     07AF  3187  27A6  3187   	fcall	_internal_32
   890     07B2                     l593:
   891                           
   892                           ;main.c: 41:     _delay((unsigned long)((2)*(32000000/4000.0)));
   893     07B2  3015               	movlw	21
   894     07B3  00F0               	movwf	??_initMain
   895     07B4  30C6               	movlw	198
   896     07B5                     u47:
   897     07B5  0B89               	decfsz	9,f
   898     07B6  2FB5               	goto	u47
   899     07B7  0BF0               	decfsz	??_initMain,f
   900     07B8  2FB5               	goto	u47
   901     07B9  3200               	nop2
   902     07BA                     l595:
   903                           
   904                           ;main.c: 45:     TRISDbits.TRISD1 = 0;
   905     07BA  0021               	movlb	1	; select bank1
   906     07BB  108F               	bcf	15,1	;volatile
   907     07BC                     l597:
   908                           
   909                           ;main.c: 46:     TRISDbits.TRISD2 = 0;
   910     07BC  110F               	bcf	15,2	;volatile
   911     07BD                     l599:
   912                           
   913                           ;main.c: 49:     LATDbits.LATD1 = 0;
   914     07BD  0022               	movlb	2	; select bank2
   915     07BE  108F               	bcf	15,1	;volatile
   916     07BF                     l601:
   917                           
   918                           ;main.c: 50:     LATDbits.LATD1 = 0;
   919     07BF  108F               	bcf	15,1	;volatile
   920     07C0                     l603:
   921                           
   922                           ;main.c: 57:     DAC1CON0bits.DAC1EN = 1;
   923     07C0  1798               	bsf	24,7	;volatile
   924     07C1                     l605:
   925                           
   926                           ;main.c: 60:     DAC1CON0bits.DAC1OE1 = 1;
   927     07C1  1698               	bsf	24,5	;volatile
   928     07C2                     l607:
   929                           
   930                           ;main.c: 63:     DAC1CON0bits.DAC1PSS = 0;
   931     07C2  30F3               	movlw	-13
   932     07C3  0598               	andwf	24,f	;volatile
   933     07C4                     l609:
   934                           
   935                           ;main.c: 66:     DAC1CON0bits.DAC1NSS = 0;
   936     07C4  1018               	bcf	24,0	;volatile
   937     07C5                     l611:
   938                           
   939                           ;main.c: 69:     DAC1CON1bits.DAC1R = 0;
   940     07C5  0199               	clrf	25	;volatile
   941     07C6                     l17:
   942     07C6  0008               	return
   943     07C7                     __end_of_initMain:
   944                           
   945                           	psect	text2
   946     07A6                     __ptext2:	
   947 ;; *************** function _internal_32 *****************
   948 ;; Defined at:
   949 ;;		line 32 in file "PIC16F1719_Internal.c"
   950 ;; Parameters:    Size  Location     Type
   951 ;;		None
   952 ;; Auto vars:     Size  Location     Type
   953 ;;		None
   954 ;; Return value:  Size  Location     Type
   955 ;;                  1    wreg      void 
   956 ;; Registers used:
   957 ;;		None
   958 ;; Tracked objects:
   959 ;;		On entry : 0/0
   960 ;;		On exit  : 0/0
   961 ;;		Unchanged: 0/0
   962 ;; Data sizes:     COMMON   BANK0   BANK1   BANK2   BANK3   BANK4   BANK5   BANK6   BANK7   BANK8   BANK9  BANK10  BANK1
      +1  BANK12  BANK13  BANK14  BANK15  BANK16  BANK17  BANK18  BANK19  BANK20  BANK21  BANK22  BANK23  BANK24  BANK25
   963 ;;      Params:         0       0       0       0       0       0       0       0       0       0       0       0       
      +0       0       0       0       0       0       0       0       0       0       0       0       0       0       0
   964 ;;      Locals:         0       0       0       0       0       0       0       0       0       0       0       0       
      +0       0       0       0       0       0       0       0       0       0       0       0       0       0       0
   965 ;;      Temps:          0       0       0       0       0       0       0       0       0       0       0       0       
      +0       0       0       0       0       0       0       0       0       0       0       0       0       0       0
   966 ;;      Totals:         0       0       0       0       0       0       0       0       0       0       0       0       
      +0       0       0       0       0       0       0       0       0       0       0       0       0       0       0
   967 ;;Total ram usage:        0 bytes
   968 ;; Hardware stack levels used: 1
   969 ;; This function calls:
   970 ;;		Nothing
   971 ;; This function is called by:
   972 ;;		_initMain
   973 ;; This function uses a non-reentrant model
   974 ;;
   975                           
   976     07A6                     _internal_32:	
   977                           ;psect for function _internal_32
   978                           
   979     07A6                     l589:	
   980                           ;incstack = 0
   981                           ; Regs used in _internal_32: []
   982                           
   983                           
   984                           ;PIC16F1719_Internal.c: 34:     SCS0 = 0;
   985     07A6  0021               	movlb	1	; select bank1
   986     07A7  1019               	bcf	25,0	;volatile
   987                           
   988                           ;PIC16F1719_Internal.c: 35:     SCS1 = 0;
   989     07A8  1099               	bcf	25,1	;volatile
   990                           
   991                           ;PIC16F1719_Internal.c: 38:     IRCF0 = 0;
   992     07A9  1199               	bcf	25,3	;volatile
   993                           
   994                           ;PIC16F1719_Internal.c: 39:     IRCF1 = 1;
   995     07AA  1619               	bsf	25,4	;volatile
   996                           
   997                           ;PIC16F1719_Internal.c: 40:     IRCF2 = 1;
   998     07AB  1699               	bsf	25,5	;volatile
   999                           
  1000                           ;PIC16F1719_Internal.c: 41:     IRCF3 = 1;
  1001     07AC  1719               	bsf	25,6	;volatile
  1002                           
  1003                           ;PIC16F1719_Internal.c: 44:     SPLLEN = 1;
  1004     07AD  1799               	bsf	25,7	;volatile
  1005     07AE                     l45:
  1006     07AE  0008               	return
  1007     07AF                     __end_of_internal_32:
  1008     007E                     btemp	set	126	;btemp
  1009     007E                     wtemp0	set	126
  1010                           
  1011                           	psect	config
  1012                           
  1013                           ;Config register CONFIG1 @ 0x8007
  1014                           ;	Oscillator Selection Bits
  1015                           ;	FOSC = INTOSC, INTOSC oscillator: I/O function on CLKIN pin
  1016                           ;	Watchdog Timer Enable
  1017                           ;	WDTE = OFF, WDT disabled
  1018                           ;	Power-up Timer Enable
  1019                           ;	PWRTE = OFF, PWRT disabled
  1020                           ;	MCLR Pin Function Select
  1021                           ;	MCLRE = OFF, MCLR/VPP pin function is digital input if LVP bit is also 0.
  1022                           ;	Flash Program Memory Code Protection
  1023                           ;	CP = OFF, Program memory code protection is disabled
  1024                           ;	Brown-out Reset Enable
  1025                           ;	BOREN = OFF, Brown-out Reset disabled
  1026                           ;	Clock Out Enable
  1027                           ;	CLKOUTEN = OFF, CLKOUT function is disabled. I/O or oscillator function on the CLKOUT 
      +                          pin
  1028                           ;	Internal/External Switchover Mode
  1029                           ;	IESO = ON, Internal/External Switchover Mode is enabled
  1030                           ;	Fail-Safe Clock Monitor Enable
  1031                           ;	FCMEN = OFF, Fail-Safe Clock Monitor is disabled
  1032     8007                     	org	32775
  1033     8007  19A4               	dw	6564
  1034                           
  1035                           ;Config register CONFIG2 @ 0x8008
  1036                           ;	Flash Memory Self-Write Protection
  1037                           ;	WRT = OFF, Write protection off
  1038                           ;	Peripheral Pin Select one-way control
  1039                           ;	PPS1WAY = ON, The PPSLOCK bit cannot be cleared once it is set by software
  1040                           ;	Zero-cross detect disable
  1041                           ;	ZCDDIS = ON, ZCD disabled. ZCD can be enabled by setting the ZCDSEN bit of ZCDCON
  1042                           ;	Phase Lock Loop enable
  1043                           ;	PLLEN = OFF, 4x PLL is disabled
  1044                           ;	Stack Overflow/Underflow Reset Enable
  1045                           ;	STVREN = ON, Stack Overflow or Underflow will cause a Reset
  1046                           ;	Brown-out Reset Voltage Selection
  1047                           ;	BORV = LO, Brown-out Reset Voltage (Vbor), low trip point selected.
  1048                           ;	Low-Power Brown Out Reset
  1049                           ;	LPBOR = OFF, Low-Power BOR is disabled
  1050                           ;	In-Circuit Debugger Mode
  1051                           ;	DEBUG = 0x1, unprogrammed default
  1052                           ;	Low-Voltage Programming Enable
  1053                           ;	LVP = OFF, High-voltage on MCLR/VPP must be used for programming
  1054     8008                     	org	32776
  1055     8008  1EFF               	dw	7935

Data Sizes:
    Strings     0
    Constant    0
    Data        0
    BSS         0
    Persistent  32
    Stack       0

Auto Spaces:
    Space          Size  Autos    Used
    COMMON           14      6       6
    BANK0            80      0       0
    BANK1            80      0       0
    BANK2            80      0       0
    BANK3            80      0       0
    BANK4            80      0       0
    BANK5            80      0       0
    BANK6            80      0       0
    BANK7            80      0       0
    BANK8            80      0       0
    BANK9            80      0       0
    BANK10           80      0       0
    BANK11           80      0       0
    BANK12           80      0       0
    BANK13           80      0       0
    BANK14           80      0       0
    BANK15           80      0       0
    BANK16           80      0       0
    BANK17           80      0       0
    BANK18           80      0       0
    BANK19           80      0       0
    BANK20           80      0       0
    BANK21           80      0       0
    BANK22           80      0       0
    BANK23           80      0       0
    BANK24           80      0       0
    BANK25           32      0       0

Pointer List with Targets:

    None.

Critical Paths under _main in COMMON

    _main->_initMain

Critical Paths under _main in BANK0

    None.

Critical Paths under _main in BANK1

    None.

Critical Paths under _main in BANK2

    None.

Critical Paths under _main in BANK3

    None.

Critical Paths under _main in BANK4

    None.

Critical Paths under _main in BANK5

    None.

Critical Paths under _main in BANK6

    None.

Critical Paths under _main in BANK7

    None.

Critical Paths under _main in BANK8

    None.

Critical Paths under _main in BANK9

    None.

Critical Paths under _main in BANK10

    None.

Critical Paths under _main in BANK11

    None.

Critical Paths under _main in BANK12

    None.

Critical Paths under _main in BANK13

    None.

Critical Paths under _main in BANK14

    None.

Critical Paths under _main in BANK15

    None.

Critical Paths under _main in BANK16

    None.

Critical Paths under _main in BANK17

    None.

Critical Paths under _main in BANK18

    None.

Critical Paths under _main in BANK19

    None.

Critical Paths under _main in BANK20

    None.

Critical Paths under _main in BANK21

    None.

Critical Paths under _main in BANK22

    None.

Critical Paths under _main in BANK23

    None.

Critical Paths under _main in BANK24

    None.

Critical Paths under _main in BANK25

    None.

Call Graph Tables:

 ---------------------------------------------------------------------------------
 (Depth) Function   	        Calls       Base Space   Used Autos Params    Refs
 ---------------------------------------------------------------------------------
 (0) _main                                                 5     5      0      75
                                              1 COMMON     5     5      0
                           _initMain
 ---------------------------------------------------------------------------------
 (1) _initMain                                             1     1      0       0
                                              0 COMMON     1     1      0
                        _internal_32
 ---------------------------------------------------------------------------------
 (2) _internal_32                                          0     0      0       0
 ---------------------------------------------------------------------------------
 Estimated maximum stack depth 2
 ---------------------------------------------------------------------------------

 Call Graph Graphs:

 _main (ROOT)
   _initMain
     _internal_32

 Address spaces:
Name               Size   Autos  Total    Cost      Usage
BIGRAM             7F0      0       0       0        0.0%
NULL                 0      0       0       0        0.0%
CODE                 0      0       0       0        0.0%
BITCOMMON            E      0       0       1        0.0%
BITSFR0              0      0       0       1        0.0%
SFR0                 0      0       0       1        0.0%
COMMON               E      6       6       2       42.9%
BITSFR1              0      0       0       2        0.0%
SFR1                 0      0       0       2        0.0%
BITSFR2              0      0       0       3        0.0%
SFR2                 0      0       0       3        0.0%
STACK                0      0       0       3        0.0%
BITBANK0            50      0       0       4        0.0%
BITSFR3              0      0       0       4        0.0%
SFR3                 0      0       0       4        0.0%
BANK0               50      0       0       5        0.0%
BITSFR4              0      0       0       5        0.0%
SFR4                 0      0       0       5        0.0%
BITBANK1            50      0       0       6        0.0%
BITSFR5              0      0       0       6        0.0%
SFR5                 0      0       0       6        0.0%
BANK1               50      0       0       7        0.0%
BITSFR6              0      0       0       7        0.0%
SFR6                 0      0       0       7        0.0%
BITBANK2            50      0       0       8        0.0%
BITSFR7              0      0       0       8        0.0%
SFR7                 0      0       0       8        0.0%
BANK2               50      0       0       9        0.0%
BITSFR8              0      0       0       9        0.0%
SFR8                 0      0       0       9        0.0%
BITBANK3            50      0       0      10        0.0%
BITSFR9              0      0       0      10        0.0%
SFR9                 0      0       0      10        0.0%
BANK3               50      0       0      11        0.0%
BITSFR10             0      0       0      11        0.0%
SFR10                0      0       0      11        0.0%
BITBANK4            50      0       0      12        0.0%
BITSFR11             0      0       0      12        0.0%
SFR11                0      0       0      12        0.0%
BANK4               50      0       0      13        0.0%
BITSFR12             0      0       0      13        0.0%
SFR12                0      0       0      13        0.0%
BITSFR13             0      0       0      14        0.0%
SFR13                0      0       0      14        0.0%
ABS                  0      0       0      14        0.0%
BITBANK5            50      0       0      15        0.0%
BITSFR14             0      0       0      15        0.0%
SFR14                0      0       0      15        0.0%
BANK5               50      0       0      16        0.0%
BITSFR15             0      0       0      16        0.0%
SFR15                0      0       0      16        0.0%
BITBANK6            50      0       0      17        0.0%
BITSFR16             0      0       0      17        0.0%
SFR16                0      0       0      17        0.0%
BANK6               50      0       0      18        0.0%
BITSFR17             0      0       0      18        0.0%
SFR17                0      0       0      18        0.0%
BITBANK7            50      0       0      19        0.0%
BITSFR18             0      0       0      19        0.0%
SFR18                0      0       0      19        0.0%
BANK7               50      0       0      20        0.0%
BITSFR19             0      0       0      20        0.0%
SFR19                0      0       0      20        0.0%
BITBANK8            50      0       0      21        0.0%
BITSFR20             0      0       0      21        0.0%
SFR20                0      0       0      21        0.0%
BANK8               50      0       0      22        0.0%
BITSFR21             0      0       0      22        0.0%
SFR21                0      0       0      22        0.0%
BITBANK9            50      0       0      23        0.0%
BITSFR22             0      0       0      23        0.0%
SFR22                0      0       0      23        0.0%
BANK9               50      0       0      24        0.0%
BITSFR23             0      0       0      24        0.0%
SFR23                0      0       0      24        0.0%
BITBANK10           50      0       0      25        0.0%
BITSFR24             0      0       0      25        0.0%
SFR24                0      0       0      25        0.0%
BANK10              50      0       0      26        0.0%
BITSFR25             0      0       0      26        0.0%
SFR25                0      0       0      26        0.0%
BITBANK11           50      0       0      27        0.0%
BITSFR26             0      0       0      27        0.0%
SFR26                0      0       0      27        0.0%
BITSFR27             0      0       0      28        0.0%
SFR27                0      0       0      28        0.0%
DATA                 0      0       0      28        0.0%
BANK11              50      0       0      29        0.0%
BITSFR28             0      0       0      29        0.0%
SFR28                0      0       0      29        0.0%
BITBANK12           50      0       0      30        0.0%
BITSFR29             0      0       0      30        0.0%
SFR29                0      0       0      30        0.0%
BANK12              50      0       0      31        0.0%
BITSFR30             0      0       0      31        0.0%
SFR30                0      0       0      31        0.0%
BITBANK13           50      0       0      32        0.0%
BITSFR31             0      0       0      32        0.0%
SFR31                0      0       0      32        0.0%
BANK13              50      0       0      33        0.0%
BITBANK14           50      0       0      34        0.0%
BANK14              50      0       0      35        0.0%
BITBANK15           50      0       0      36        0.0%
BANK15              50      0       0      37        0.0%
BITBANK16           50      0       0      38        0.0%
BANK16              50      0       0      39        0.0%
BITBANK17           50      0       0      40        0.0%
BANK17              50      0       0      41        0.0%
BITBANK18           50      0       0      42        0.0%
BANK18              50      0       0      43        0.0%
BITBANK19           50      0       0      44        0.0%
BANK19              50      0       0      45        0.0%
BITBANK20           50      0       0      46        0.0%
BANK20              50      0       0      47        0.0%
BITBANK21           50      0       0      48        0.0%
BANK21              50      0       0      49        0.0%
BITBANK22           50      0       0      50        0.0%
BANK22              50      0       0      51        0.0%
BITBANK23           50      0       0      52        0.0%
BANK23              50      0       0      53        0.0%
BITBANK24           50      0       0      54        0.0%
BANK24              50      0       0      55        0.0%
BITBANK25           20      0       0      56        0.0%
BANK25              20      0       0      57        0.0%


Microchip Technology PIC Macro Assembler V2.45 build 20230818022343 
Symbol Table                                                                                   Mon Mar 25 03:15:31 2024

                     l17 07C6                       l45 07AE                       u10 07E4  
                     u11 07E3                       u20 07F1                       u21 07F0  
                     u15 07E0                       u25 07ED                       u37 07F7  
                     u47 07B5                      l601 07BF                      l611 07C5  
                    l603 07C0                      l605 07C1                      l621 07D3  
                    l613 07C7                      l607 07C2                      l623 07D7  
                    l615 07CA                      l609 07C4                      l625 07E4  
                    l617 07CC                      l627 07F1                      l619 07D0  
                    l629 07F6                      l591 07AF                      l593 07B2  
                    l595 07BA                      l589 07A6                      l597 07BC  
                    l599 07BD                      wreg 0009                     _SCS0 04C8  
                   _SCS1 04C9                     _main 07C7                     btemp 007E  
                   start 0002                    ?_main 0070                    _IRCF0 04CB  
                  _IRCF1 04CC                    _IRCF2 04CD                    _IRCF3 04CE  
                  wtemp0 007E             ?_internal_32 0070          __initialization 07FD  
           __end_of_main 07FD                   ??_main 0071            main@direction 0072  
                 _SPLLEN 04CF         __end_of_initMain 07C7  __end_of__initialization 07FD  
         __pcstackCOMMON 0070               __pmaintext 07C7                ?_initMain 0070  
                __ptext1 07AF                  __ptext2 07A6     end_of_initialization 07FD  
             ??_initMain 0070                _TRISDbits 008F      start_initialization 07FD  
              ___latbits 0003            ??_internal_32 0070                 _DAC1CON1 0119  
               _LATDbits 010F      __end_of_internal_32 07AF                main@value 0074  
               _initMain 07AF              _internal_32 07A6             _DAC1CON0bits 0118  
           _DAC1CON1bits 0119  
