

Microchip Technology PIC LITE Macro Assembler V1.38 build -256452561 
                                                                                               Sun Nov 06 17:39:48 2016

Microchip Technology Omniscient Code Generator v1.38 (Free mode) build 201607010351
     1                           	processor	16F1717
     2                           	opt	pw 120
     3                           	opt	lm
     4                           	psect	cinit,global,class=CODE,merge=1,delta=2
     5                           	psect	cstackCOMMON,global,class=COMMON,space=1,delta=1
     6                           	psect	maintext,global,class=CODE,merge=1,split=1,delta=2
     7                           	psect	text1,local,class=CODE,merge=1,delta=2
     8                           	psect	text2,local,class=CODE,merge=1,delta=2
     9                           	psect	intentry,global,class=CODE,delta=2
    10                           	dabs	1,0x7E,2
    11  0000                     	;# 
    12  0001                     	;# 
    13  0002                     	;# 
    14  0003                     	;# 
    15  0004                     	;# 
    16  0005                     	;# 
    17  0006                     	;# 
    18  0007                     	;# 
    19  0008                     	;# 
    20  0009                     	;# 
    21  000A                     	;# 
    22  000B                     	;# 
    23  000C                     	;# 
    24  000D                     	;# 
    25  000E                     	;# 
    26  000F                     	;# 
    27  0010                     	;# 
    28  0011                     	;# 
    29  0012                     	;# 
    30  0013                     	;# 
    31  0015                     	;# 
    32  0016                     	;# 
    33  0016                     	;# 
    34  0017                     	;# 
    35  0018                     	;# 
    36  0019                     	;# 
    37  001A                     	;# 
    38  001B                     	;# 
    39  001C                     	;# 
    40  008C                     	;# 
    41  008D                     	;# 
    42  008E                     	;# 
    43  008F                     	;# 
    44  0090                     	;# 
    45  0091                     	;# 
    46  0092                     	;# 
    47  0093                     	;# 
    48  0095                     	;# 
    49  0096                     	;# 
    50  0097                     	;# 
    51  0098                     	;# 
    52  0099                     	;# 
    53  009A                     	;# 
    54  009B                     	;# 
    55  009B                     	;# 
    56  009C                     	;# 
    57  009D                     	;# 
    58  009E                     	;# 
    59  009F                     	;# 
    60  010C                     	;# 
    61  010D                     	;# 
    62  010E                     	;# 
    63  010F                     	;# 
    64  0110                     	;# 
    65  0111                     	;# 
    66  0112                     	;# 
    67  0113                     	;# 
    68  0114                     	;# 
    69  0115                     	;# 
    70  0116                     	;# 
    71  0117                     	;# 
    72  0118                     	;# 
    73  0119                     	;# 
    74  011A                     	;# 
    75  011B                     	;# 
    76  011B                     	;# 
    77  011C                     	;# 
    78  018C                     	;# 
    79  018D                     	;# 
    80  018E                     	;# 
    81  018F                     	;# 
    82  0190                     	;# 
    83  0191                     	;# 
    84  0191                     	;# 
    85  0192                     	;# 
    86  0193                     	;# 
    87  0193                     	;# 
    88  0194                     	;# 
    89  0195                     	;# 
    90  0196                     	;# 
    91  0197                     	;# 
    92  0199                     	;# 
    93  0199                     	;# 
    94  0199                     	;# 
    95  019A                     	;# 
    96  019A                     	;# 
    97  019A                     	;# 
    98  019B                     	;# 
    99  019B                     	;# 
   100  019B                     	;# 
   101  019B                     	;# 
   102  019B                     	;# 
   103  019C                     	;# 
   104  019C                     	;# 
   105  019C                     	;# 
   106  019D                     	;# 
   107  019D                     	;# 
   108  019D                     	;# 
   109  019E                     	;# 
   110  019E                     	;# 
   111  019E                     	;# 
   112  019F                     	;# 
   113  019F                     	;# 
   114  019F                     	;# 
   115  019F                     	;# 
   116  019F                     	;# 
   117  020C                     	;# 
   118  020D                     	;# 
   119  020E                     	;# 
   120  020F                     	;# 
   121  0210                     	;# 
   122  0211                     	;# 
   123  0211                     	;# 
   124  0212                     	;# 
   125  0212                     	;# 
   126  0213                     	;# 
   127  0213                     	;# 
   128  0214                     	;# 
   129  0214                     	;# 
   130  0215                     	;# 
   131  0215                     	;# 
   132  0215                     	;# 
   133  0215                     	;# 
   134  0216                     	;# 
   135  0216                     	;# 
   136  0217                     	;# 
   137  0217                     	;# 
   138  028C                     	;# 
   139  028D                     	;# 
   140  028E                     	;# 
   141  028F                     	;# 
   142  0290                     	;# 
   143  0291                     	;# 
   144  0291                     	;# 
   145  0292                     	;# 
   146  0293                     	;# 
   147  0293                     	;# 
   148  0298                     	;# 
   149  0298                     	;# 
   150  0299                     	;# 
   151  029A                     	;# 
   152  029A                     	;# 
   153  029E                     	;# 
   154  030C                     	;# 
   155  030D                     	;# 
   156  030E                     	;# 
   157  030F                     	;# 
   158  0310                     	;# 
   159  038C                     	;# 
   160  038D                     	;# 
   161  038E                     	;# 
   162  038F                     	;# 
   163  0390                     	;# 
   164  0391                     	;# 
   165  0392                     	;# 
   166  0393                     	;# 
   167  0394                     	;# 
   168  0395                     	;# 
   169  0396                     	;# 
   170  0397                     	;# 
   171  0398                     	;# 
   172  0399                     	;# 
   173  039D                     	;# 
   174  039E                     	;# 
   175  039F                     	;# 
   176  0415                     	;# 
   177  0416                     	;# 
   178  0417                     	;# 
   179  041C                     	;# 
   180  041D                     	;# 
   181  041E                     	;# 
   182  0498                     	;# 
   183  0498                     	;# 
   184  0499                     	;# 
   185  049A                     	;# 
   186  049B                     	;# 
   187  049B                     	;# 
   188  049C                     	;# 
   189  049D                     	;# 
   190  049E                     	;# 
   191  049F                     	;# 
   192  0511                     	;# 
   193  0515                     	;# 
   194  0617                     	;# 
   195  0618                     	;# 
   196  0619                     	;# 
   197  0619                     	;# 
   198  061A                     	;# 
   199  061B                     	;# 
   200  061C                     	;# 
   201  061C                     	;# 
   202  0691                     	;# 
   203  0692                     	;# 
   204  0693                     	;# 
   205  0694                     	;# 
   206  0695                     	;# 
   207  0696                     	;# 
   208  0697                     	;# 
   209  0698                     	;# 
   210  0699                     	;# 
   211  069A                     	;# 
   212  069B                     	;# 
   213  069C                     	;# 
   214  069D                     	;# 
   215  069E                     	;# 
   216  069F                     	;# 
   217  0E0F                     	;# 
   218  0E10                     	;# 
   219  0E11                     	;# 
   220  0E12                     	;# 
   221  0E13                     	;# 
   222  0E14                     	;# 
   223  0E15                     	;# 
   224  0E17                     	;# 
   225  0E20                     	;# 
   226  0E21                     	;# 
   227  0E22                     	;# 
   228  0E24                     	;# 
   229  0E25                     	;# 
   230  0E28                     	;# 
   231  0E29                     	;# 
   232  0E2A                     	;# 
   233  0E2B                     	;# 
   234  0E90                     	;# 
   235  0E91                     	;# 
   236  0E92                     	;# 
   237  0E93                     	;# 
   238  0E94                     	;# 
   239  0E95                     	;# 
   240  0E96                     	;# 
   241  0E97                     	;# 
   242  0E98                     	;# 
   243  0E99                     	;# 
   244  0E9A                     	;# 
   245  0E9B                     	;# 
   246  0E9C                     	;# 
   247  0E9D                     	;# 
   248  0E9E                     	;# 
   249  0E9F                     	;# 
   250  0EA0                     	;# 
   251  0EA1                     	;# 
   252  0EA2                     	;# 
   253  0EA3                     	;# 
   254  0EA4                     	;# 
   255  0EA5                     	;# 
   256  0EA6                     	;# 
   257  0EA7                     	;# 
   258  0EA8                     	;# 
   259  0EA9                     	;# 
   260  0EAA                     	;# 
   261  0EAB                     	;# 
   262  0EAC                     	;# 
   263  0EAD                     	;# 
   264  0EAE                     	;# 
   265  0EAF                     	;# 
   266  0EB0                     	;# 
   267  0EB1                     	;# 
   268  0EB2                     	;# 
   269  0F0F                     	;# 
   270  0F10                     	;# 
   271  0F11                     	;# 
   272  0F12                     	;# 
   273  0F13                     	;# 
   274  0F14                     	;# 
   275  0F15                     	;# 
   276  0F16                     	;# 
   277  0F17                     	;# 
   278  0F18                     	;# 
   279  0F19                     	;# 
   280  0F1A                     	;# 
   281  0F1B                     	;# 
   282  0F1C                     	;# 
   283  0F1D                     	;# 
   284  0F1E                     	;# 
   285  0F1F                     	;# 
   286  0F20                     	;# 
   287  0F21                     	;# 
   288  0F22                     	;# 
   289  0F23                     	;# 
   290  0F24                     	;# 
   291  0F25                     	;# 
   292  0F26                     	;# 
   293  0F27                     	;# 
   294  0F28                     	;# 
   295  0F29                     	;# 
   296  0F2A                     	;# 
   297  0F2B                     	;# 
   298  0F2C                     	;# 
   299  0F2D                     	;# 
   300  0F2E                     	;# 
   301  0F2F                     	;# 
   302  0F30                     	;# 
   303  0F31                     	;# 
   304  0F32                     	;# 
   305  0F33                     	;# 
   306  0F34                     	;# 
   307  0F35                     	;# 
   308  0F36                     	;# 
   309  0F37                     	;# 
   310  0FE4                     	;# 
   311  0FE5                     	;# 
   312  0FE6                     	;# 
   313  0FE7                     	;# 
   314  0FE8                     	;# 
   315  0FE9                     	;# 
   316  0FEA                     	;# 
   317  0FEB                     	;# 
   318  0FED                     	;# 
   319  0FEE                     	;# 
   320  0FEF                     	;# 
   321  0000                     	;# 
   322  0001                     	;# 
   323  0002                     	;# 
   324  0003                     	;# 
   325  0004                     	;# 
   326  0005                     	;# 
   327  0006                     	;# 
   328  0007                     	;# 
   329  0008                     	;# 
   330  0009                     	;# 
   331  000A                     	;# 
   332  000B                     	;# 
   333  000C                     	;# 
   334  000D                     	;# 
   335  000E                     	;# 
   336  000F                     	;# 
   337  0010                     	;# 
   338  0011                     	;# 
   339  0012                     	;# 
   340  0013                     	;# 
   341  0015                     	;# 
   342  0016                     	;# 
   343  0016                     	;# 
   344  0017                     	;# 
   345  0018                     	;# 
   346  0019                     	;# 
   347  001A                     	;# 
   348  001B                     	;# 
   349  001C                     	;# 
   350  008C                     	;# 
   351  008D                     	;# 
   352  008E                     	;# 
   353  008F                     	;# 
   354  0090                     	;# 
   355  0091                     	;# 
   356  0092                     	;# 
   357  0093                     	;# 
   358  0095                     	;# 
   359  0096                     	;# 
   360  0097                     	;# 
   361  0098                     	;# 
   362  0099                     	;# 
   363  009A                     	;# 
   364  009B                     	;# 
   365  009B                     	;# 
   366  009C                     	;# 
   367  009D                     	;# 
   368  009E                     	;# 
   369  009F                     	;# 
   370  010C                     	;# 
   371  010D                     	;# 
   372  010E                     	;# 
   373  010F                     	;# 
   374  0110                     	;# 
   375  0111                     	;# 
   376  0112                     	;# 
   377  0113                     	;# 
   378  0114                     	;# 
   379  0115                     	;# 
   380  0116                     	;# 
   381  0117                     	;# 
   382  0118                     	;# 
   383  0119                     	;# 
   384  011A                     	;# 
   385  011B                     	;# 
   386  011B                     	;# 
   387  011C                     	;# 
   388  018C                     	;# 
   389  018D                     	;# 
   390  018E                     	;# 
   391  018F                     	;# 
   392  0190                     	;# 
   393  0191                     	;# 
   394  0191                     	;# 
   395  0192                     	;# 
   396  0193                     	;# 
   397  0193                     	;# 
   398  0194                     	;# 
   399  0195                     	;# 
   400  0196                     	;# 
   401  0197                     	;# 
   402  0199                     	;# 
   403  0199                     	;# 
   404  0199                     	;# 
   405  019A                     	;# 
   406  019A                     	;# 
   407  019A                     	;# 
   408  019B                     	;# 
   409  019B                     	;# 
   410  019B                     	;# 
   411  019B                     	;# 
   412  019B                     	;# 
   413  019C                     	;# 
   414  019C                     	;# 
   415  019C                     	;# 
   416  019D                     	;# 
   417  019D                     	;# 
   418  019D                     	;# 
   419  019E                     	;# 
   420  019E                     	;# 
   421  019E                     	;# 
   422  019F                     	;# 
   423  019F                     	;# 
   424  019F                     	;# 
   425  019F                     	;# 
   426  019F                     	;# 
   427  020C                     	;# 
   428  020D                     	;# 
   429  020E                     	;# 
   430  020F                     	;# 
   431  0210                     	;# 
   432  0211                     	;# 
   433  0211                     	;# 
   434  0212                     	;# 
   435  0212                     	;# 
   436  0213                     	;# 
   437  0213                     	;# 
   438  0214                     	;# 
   439  0214                     	;# 
   440  0215                     	;# 
   441  0215                     	;# 
   442  0215                     	;# 
   443  0215                     	;# 
   444  0216                     	;# 
   445  0216                     	;# 
   446  0217                     	;# 
   447  0217                     	;# 
   448  028C                     	;# 
   449  028D                     	;# 
   450  028E                     	;# 
   451  028F                     	;# 
   452  0290                     	;# 
   453  0291                     	;# 
   454  0291                     	;# 
   455  0292                     	;# 
   456  0293                     	;# 
   457  0293                     	;# 
   458  0298                     	;# 
   459  0298                     	;# 
   460  0299                     	;# 
   461  029A                     	;# 
   462  029A                     	;# 
   463  029E                     	;# 
   464  030C                     	;# 
   465  030D                     	;# 
   466  030E                     	;# 
   467  030F                     	;# 
   468  0310                     	;# 
   469  038C                     	;# 
   470  038D                     	;# 
   471  038E                     	;# 
   472  038F                     	;# 
   473  0390                     	;# 
   474  0391                     	;# 
   475  0392                     	;# 
   476  0393                     	;# 
   477  0394                     	;# 
   478  0395                     	;# 
   479  0396                     	;# 
   480  0397                     	;# 
   481  0398                     	;# 
   482  0399                     	;# 
   483  039D                     	;# 
   484  039E                     	;# 
   485  039F                     	;# 
   486  0415                     	;# 
   487  0416                     	;# 
   488  0417                     	;# 
   489  041C                     	;# 
   490  041D                     	;# 
   491  041E                     	;# 
   492  0498                     	;# 
   493  0498                     	;# 
   494  0499                     	;# 
   495  049A                     	;# 
   496  049B                     	;# 
   497  049B                     	;# 
   498  049C                     	;# 
   499  049D                     	;# 
   500  049E                     	;# 
   501  049F                     	;# 
   502  0511                     	;# 
   503  0515                     	;# 
   504  0617                     	;# 
   505  0618                     	;# 
   506  0619                     	;# 
   507  0619                     	;# 
   508  061A                     	;# 
   509  061B                     	;# 
   510  061C                     	;# 
   511  061C                     	;# 
   512  0691                     	;# 
   513  0692                     	;# 
   514  0693                     	;# 
   515  0694                     	;# 
   516  0695                     	;# 
   517  0696                     	;# 
   518  0697                     	;# 
   519  0698                     	;# 
   520  0699                     	;# 
   521  069A                     	;# 
   522  069B                     	;# 
   523  069C                     	;# 
   524  069D                     	;# 
   525  069E                     	;# 
   526  069F                     	;# 
   527  0E0F                     	;# 
   528  0E10                     	;# 
   529  0E11                     	;# 
   530  0E12                     	;# 
   531  0E13                     	;# 
   532  0E14                     	;# 
   533  0E15                     	;# 
   534  0E17                     	;# 
   535  0E20                     	;# 
   536  0E21                     	;# 
   537  0E22                     	;# 
   538  0E24                     	;# 
   539  0E25                     	;# 
   540  0E28                     	;# 
   541  0E29                     	;# 
   542  0E2A                     	;# 
   543  0E2B                     	;# 
   544  0E90                     	;# 
   545  0E91                     	;# 
   546  0E92                     	;# 
   547  0E93                     	;# 
   548  0E94                     	;# 
   549  0E95                     	;# 
   550  0E96                     	;# 
   551  0E97                     	;# 
   552  0E98                     	;# 
   553  0E99                     	;# 
   554  0E9A                     	;# 
   555  0E9B                     	;# 
   556  0E9C                     	;# 
   557  0E9D                     	;# 
   558  0E9E                     	;# 
   559  0E9F                     	;# 
   560  0EA0                     	;# 
   561  0EA1                     	;# 
   562  0EA2                     	;# 
   563  0EA3                     	;# 
   564  0EA4                     	;# 
   565  0EA5                     	;# 
   566  0EA6                     	;# 
   567  0EA7                     	;# 
   568  0EA8                     	;# 
   569  0EA9                     	;# 
   570  0EAA                     	;# 
   571  0EAB                     	;# 
   572  0EAC                     	;# 
   573  0EAD                     	;# 
   574  0EAE                     	;# 
   575  0EAF                     	;# 
   576  0EB0                     	;# 
   577  0EB1                     	;# 
   578  0EB2                     	;# 
   579  0F0F                     	;# 
   580  0F10                     	;# 
   581  0F11                     	;# 
   582  0F12                     	;# 
   583  0F13                     	;# 
   584  0F14                     	;# 
   585  0F15                     	;# 
   586  0F16                     	;# 
   587  0F17                     	;# 
   588  0F18                     	;# 
   589  0F19                     	;# 
   590  0F1A                     	;# 
   591  0F1B                     	;# 
   592  0F1C                     	;# 
   593  0F1D                     	;# 
   594  0F1E                     	;# 
   595  0F1F                     	;# 
   596  0F20                     	;# 
   597  0F21                     	;# 
   598  0F22                     	;# 
   599  0F23                     	;# 
   600  0F24                     	;# 
   601  0F25                     	;# 
   602  0F26                     	;# 
   603  0F27                     	;# 
   604  0F28                     	;# 
   605  0F29                     	;# 
   606  0F2A                     	;# 
   607  0F2B                     	;# 
   608  0F2C                     	;# 
   609  0F2D                     	;# 
   610  0F2E                     	;# 
   611  0F2F                     	;# 
   612  0F30                     	;# 
   613  0F31                     	;# 
   614  0F32                     	;# 
   615  0F33                     	;# 
   616  0F34                     	;# 
   617  0F35                     	;# 
   618  0F36                     	;# 
   619  0F37                     	;# 
   620  0FE4                     	;# 
   621  0FE5                     	;# 
   622  0FE6                     	;# 
   623  0FE7                     	;# 
   624  0FE8                     	;# 
   625  0FE9                     	;# 
   626  0FEA                     	;# 
   627  0FEB                     	;# 
   628  0FED                     	;# 
   629  0FEE                     	;# 
   630  0FEF                     	;# 
   631  000B                     _INTCONbits	set	11
   632  005F                     _GIE	set	95
   633  0095                     _OPTION_REGbits	set	149
   634  008D                     _TRISBbits	set	141
   635  008F                     _TRISDbits	set	143
   636  04CB                     _IRCF0	set	1227
   637  04CC                     _IRCF1	set	1228
   638  04CD                     _IRCF2	set	1229
   639  04CE                     _IRCF3	set	1230
   640  04C8                     _SCS0	set	1224
   641  04C9                     _SCS1	set	1225
   642  04CF                     _SPLLEN	set	1231
   643  010F                     _LATDbits	set	271
   644  018D                     _ANSELBbits	set	397
   645  020D                     _WPUBbits	set	525
   646  0396                     _IOCBF	set	918
   647  0395                     _IOCBNbits	set	917
   648                           
   649                           ; #config settings
   650  0000                     
   651                           	psect	cinit
   652  001D                     start_initialization:	
   653  001D                     __initialization:	
   654  001D                     end_of_initialization:	
   655                           ;End of C runtime variable initialization code
   656                           
   657  001D                     __end_of__initialization:	
   658  001D  107E               	bcf	int$flags,0	;clear compiler interrupt flag (level 1)
   659  001E  0020               	movlb	0
   660  001F  3180  283D         	ljmp	_main	;jump to C main() function
   661                           
   662                           	psect	cstackCOMMON
   663  0070                     __pcstackCOMMON:	
   664  0070                     ?_internal_16:	
   665  0070                     ?_initMain:	
   666                           ; 1 bytes @ 0x0
   667                           
   668  0070                     ?_main:	
   669                           ; 1 bytes @ 0x0
   670                           
   671  0070                     ?_isr:	
   672                           ; 1 bytes @ 0x0
   673                           
   674  0070                     ??_isr:	
   675                           ; 1 bytes @ 0x0
   676                           
   677                           
   678                           ; 1 bytes @ 0x0
   679  0070                     	ds	1
   680  0071                     ??_internal_16:	
   681  0071                     ??_initMain:	
   682                           ; 1 bytes @ 0x1
   683                           
   684  0071                     ??_main:	
   685                           ; 1 bytes @ 0x1
   686                           
   687                           
   688                           	psect	maintext
   689  003D                     __pmaintext:	
   690                           ; 1 bytes @ 0x1
   691 ;;
   692 ;;Main: autosize = 0, tempsize = 0, incstack = 0, save=0
   693 ;;
   694 ;; *************** function _main *****************
   695 ;; Defined at:
   696 ;;		line 88 in file "Main.c"
   697 ;; Parameters:    Size  Location     Type
   698 ;;		None
   699 ;; Auto vars:     Size  Location     Type
   700 ;;		None
   701 ;; Return value:  Size  Location     Type
   702 ;;                  1    wreg      void 
   703 ;; Registers used:
   704 ;;		status,2, status,0, pclath, cstack
   705 ;; Tracked objects:
   706 ;;		On entry : B1F/0
   707 ;;		On exit  : 0/0
   708 ;;		Unchanged: 0/0
   709 ;; Data sizes:     COMMON   BANK0   BANK1   BANK2   BANK3   BANK4   BANK5   BANK6   BANK7   BANK8   BANK9  BANK10  BANK1
      +1  BANK12
   710 ;;      Params:         0       0       0       0       0       0       0       0       0       0       0       0       
      +0       0
   711 ;;      Locals:         0       0       0       0       0       0       0       0       0       0       0       0       
      +0       0
   712 ;;      Temps:          0       0       0       0       0       0       0       0       0       0       0       0       
      +0       0
   713 ;;      Totals:         0       0       0       0       0       0       0       0       0       0       0       0       
      +0       0
   714 ;;Total ram usage:        0 bytes
   715 ;; Hardware stack levels required when called:    3
   716 ;; This function calls:
   717 ;;		_initMain
   718 ;; This function is called by:
   719 ;;		Startup code after reset
   720 ;; This function uses a non-reentrant model
   721 ;;
   722                           
   723                           
   724                           ;psect for function _main
   725  003D                     _main:	
   726                           
   727                           ;Main.c: 89: initMain();
   728                           
   729                           ;incstack = 0
   730                           ; Regs used in _main: [status,2+status,0+pclath+cstack]
   731  003D  3180  2021  3180   	fcall	_initMain
   732  0040                     l63:	
   733                           ;Main.c: 91: while(1){
   734                           
   735                           
   736                           ;Main.c: 92: ;
   737  0040  2840               	goto	l63
   738  0041                     __end_of_main:	
   739                           ;Main.c: 93: }
   740                           ;Main.c: 95: return;
   741                           
   742                           
   743                           	psect	text1
   744  0021                     __ptext1:	
   745 ;; *************** function _initMain *****************
   746 ;; Defined at:
   747 ;;		line 37 in file "Main.c"
   748 ;; Parameters:    Size  Location     Type
   749 ;;		None
   750 ;; Auto vars:     Size  Location     Type
   751 ;;		None
   752 ;; Return value:  Size  Location     Type
   753 ;;                  1    wreg      void 
   754 ;; Registers used:
   755 ;;		status,2, status,0, pclath, cstack
   756 ;; Tracked objects:
   757 ;;		On entry : 0/0
   758 ;;		On exit  : 0/0
   759 ;;		Unchanged: 0/0
   760 ;; Data sizes:     COMMON   BANK0   BANK1   BANK2   BANK3   BANK4   BANK5   BANK6   BANK7   BANK8   BANK9  BANK10  BANK1
      +1  BANK12
   761 ;;      Params:         0       0       0       0       0       0       0       0       0       0       0       0       
      +0       0
   762 ;;      Locals:         0       0       0       0       0       0       0       0       0       0       0       0       
      +0       0
   763 ;;      Temps:          0       0       0       0       0       0       0       0       0       0       0       0       
      +0       0
   764 ;;      Totals:         0       0       0       0       0       0       0       0       0       0       0       0       
      +0       0
   765 ;;Total ram usage:        0 bytes
   766 ;; Hardware stack levels used:    1
   767 ;; Hardware stack levels required when called:    2
   768 ;; This function calls:
   769 ;;		_internal_16
   770 ;; This function is called by:
   771 ;;		_main
   772 ;; This function uses a non-reentrant model
   773 ;;
   774                           
   775                           
   776                           ;psect for function _initMain
   777  0021                     _initMain:	
   778                           
   779                           ;Main.c: 39: internal_16();
   780                           
   781                           ;incstack = 0
   782                           ; Regs used in _initMain: [status,2+status,0+pclath+cstack]
   783  0021  3180  2034         	fcall	_internal_16
   784                           
   785                           ;Main.c: 47: TRISDbits.TRISD1 = 0;
   786  0023  0021               	movlb	1	; select bank1
   787  0024  108F               	bcf	15,1	;volatile
   788                           
   789                           ;Main.c: 50: LATDbits.LATD1 = 0;
   790  0025  0022               	movlb	2	; select bank2
   791  0026  108F               	bcf	15,1	;volatile
   792                           
   793                           ;Main.c: 54: TRISBbits.TRISB0 = 1;
   794  0027  0021               	movlb	1	; select bank1
   795  0028  140D               	bsf	13,0	;volatile
   796                           
   797                           ;Main.c: 57: ANSELBbits.ANSB0 = 0;
   798  0029  0023               	movlb	3	; select bank3
   799  002A  100D               	bcf	13,0	;volatile
   800                           
   801                           ;Main.c: 61: OPTION_REGbits.nWPUEN = 0;
   802  002B  0021               	movlb	1	; select bank1
   803  002C  1395               	bcf	21,7	;volatile
   804                           
   805                           ;Main.c: 64: WPUBbits.WPUB0 = 1;
   806  002D  0024               	movlb	4	; select bank4
   807  002E  140D               	bsf	13,0	;volatile
   808                           
   809                           ;Main.c: 71: IOCBNbits.IOCBN0 = 1;
   810  002F  0027               	movlb	7	; select bank7
   811  0030  1415               	bsf	21,0	;volatile
   812                           
   813                           ;Main.c: 74: INTCONbits.IOCIE = 1;
   814  0031  158B               	bsf	11,3	;volatile
   815                           
   816                           ;Main.c: 77: (GIE = 1);
   817  0032  178B               	bsf	11,7	;volatile
   818  0033  0008               	return
   819  0034                     __end_of_initMain:	
   820                           
   821                           	psect	text2
   822  0034                     __ptext2:	
   823 ;; *************** function _internal_16 *****************
   824 ;; Defined at:
   825 ;;		line 56 in file "16F1717_Internal.c"
   826 ;; Parameters:    Size  Location     Type
   827 ;;		None
   828 ;; Auto vars:     Size  Location     Type
   829 ;;		None
   830 ;; Return value:  Size  Location     Type
   831 ;;                  1    wreg      void 
   832 ;; Registers used:
   833 ;;		None
   834 ;; Tracked objects:
   835 ;;		On entry : 0/0
   836 ;;		On exit  : 0/0
   837 ;;		Unchanged: 0/0
   838 ;; Data sizes:     COMMON   BANK0   BANK1   BANK2   BANK3   BANK4   BANK5   BANK6   BANK7   BANK8   BANK9  BANK10  BANK1
      +1  BANK12
   839 ;;      Params:         0       0       0       0       0       0       0       0       0       0       0       0       
      +0       0
   840 ;;      Locals:         0       0       0       0       0       0       0       0       0       0       0       0       
      +0       0
   841 ;;      Temps:          0       0       0       0       0       0       0       0       0       0       0       0       
      +0       0
   842 ;;      Totals:         0       0       0       0       0       0       0       0       0       0       0       0       
      +0       0
   843 ;;Total ram usage:        0 bytes
   844 ;; Hardware stack levels used:    1
   845 ;; Hardware stack levels required when called:    1
   846 ;; This function calls:
   847 ;;		Nothing
   848 ;; This function is called by:
   849 ;;		_initMain
   850 ;; This function uses a non-reentrant model
   851 ;;
   852                           
   853                           
   854                           ;psect for function _internal_16
   855  0034                     _internal_16:	
   856                           
   857                           ;16F1717_Internal.c: 58: SCS0 = 0;
   858                           
   859                           ;incstack = 0
   860                           ; Regs used in _internal_16: []
   861  0034  0021               	movlb	1	; select bank1
   862  0035  1019               	bcf	25,0	;volatile
   863                           
   864                           ;16F1717_Internal.c: 59: SCS1 = 0;
   865  0036  1099               	bcf	25,1	;volatile
   866                           
   867                           ;16F1717_Internal.c: 62: IRCF0 = 1;
   868  0037  1599               	bsf	25,3	;volatile
   869                           
   870                           ;16F1717_Internal.c: 63: IRCF1 = 1;
   871  0038  1619               	bsf	25,4	;volatile
   872                           
   873                           ;16F1717_Internal.c: 64: IRCF2 = 1;
   874  0039  1699               	bsf	25,5	;volatile
   875                           
   876                           ;16F1717_Internal.c: 65: IRCF3 = 1;
   877  003A  1719               	bsf	25,6	;volatile
   878                           
   879                           ;16F1717_Internal.c: 68: SPLLEN = 0;
   880  003B  1399               	bcf	25,7	;volatile
   881  003C  0008               	return
   882  003D                     __end_of_internal_16:	
   883                           
   884                           	psect	intentry
   885  0004                     __pintentry:	
   886 ;; *************** function _isr *****************
   887 ;; Defined at:
   888 ;;		line 108 in file "Main.c"
   889 ;; Parameters:    Size  Location     Type
   890 ;;		None
   891 ;; Auto vars:     Size  Location     Type
   892 ;;		None
   893 ;; Return value:  Size  Location     Type
   894 ;;                  1    wreg      void 
   895 ;; Registers used:
   896 ;;		status,2, status,0
   897 ;; Tracked objects:
   898 ;;		On entry : 0/0
   899 ;;		On exit  : 0/0
   900 ;;		Unchanged: 0/0
   901 ;; Data sizes:     COMMON   BANK0   BANK1   BANK2   BANK3   BANK4   BANK5   BANK6   BANK7   BANK8   BANK9  BANK10  BANK1
      +1  BANK12
   902 ;;      Params:         0       0       0       0       0       0       0       0       0       0       0       0       
      +0       0
   903 ;;      Locals:         0       0       0       0       0       0       0       0       0       0       0       0       
      +0       0
   904 ;;      Temps:          1       0       0       0       0       0       0       0       0       0       0       0       
      +0       0
   905 ;;      Totals:         1       0       0       0       0       0       0       0       0       0       0       0       
      +0       0
   906 ;;Total ram usage:        1 bytes
   907 ;; Hardware stack levels used:    1
   908 ;; This function calls:
   909 ;;		Nothing
   910 ;; This function is called by:
   911 ;;		Interrupt level 1
   912 ;; This function uses a non-reentrant model
   913 ;;
   914                           
   915  0004                     _isr:	
   916                           
   917                           ;incstack = 0
   918  0004  147E               	bsf	126,0	;set compiler interrupt flag (level 1)
   919                           
   920                           ; Regs used in _isr: [status]
   921  0005  3180               	pagesel	$
   922  0006  0020               	movlb	0	; select bank0
   923  0007  087F               	movf	127,w
   924  0008  00F0               	movwf	??_isr
   925                           
   926                           ;Main.c: 111: IOCBF = 0;
   927  0009  0027               	movlb	7	; select bank7
   928  000A  0196               	clrf	22	;volatile
   929                           
   930                           ;Main.c: 114: LATDbits.LATD1 = ~LATDbits.LATD1;
   931  000B  1003               	clrc
   932  000C  0022               	movlb	2	; select bank2
   933  000D  1C8F               	btfss	15,1	;volatile
   934  000E  1403               	setc
   935  000F  1C03               	btfss	3,0
   936  0010  2814               	goto	u1_20
   937  0011  0022               	movlb	2	; select bank2
   938  0012  148F               	bsf	15,1	;volatile
   939  0013  2816               	goto	i1l69
   940  0014                     u1_20:	
   941  0014  0022               	movlb	2	; select bank2
   942  0015  108F               	bcf	15,1	;volatile
   943  0016                     i1l69:	
   944  0016  0870               	movf	??_isr,w
   945  0017  0020               	movlb	0	; select bank0
   946  0018  00FF               	movwf	127
   947  0019  107E               	bcf	126,0	;clear compiler interrupt flag (level 1)
   948  001A  0009               	retfie
   949  001B                     __end_of_isr:	
   950  007E                     btemp	set	126	;btemp
   951  007E                     int$flags	set	126
   952  007E                     wtemp	set	126
   953  007E                     wtemp0	set	126
   954  0080                     wtemp1	set	128
   955  0082                     wtemp2	set	130
   956  0084                     wtemp3	set	132
   957  0086                     wtemp4	set	134
   958  0088                     wtemp5	set	136
   959  007F                     wtemp6	set	127
   960  007E                     ttemp	set	126
   961  007E                     ttemp0	set	126
   962  0081                     ttemp1	set	129
   963  0084                     ttemp2	set	132
   964  0087                     ttemp3	set	135
   965  007F                     ttemp4	set	127
   966  007E                     ltemp	set	126
   967  007E                     ltemp0	set	126
   968  0082                     ltemp1	set	130
   969  0086                     ltemp2	set	134
   970  0080                     ltemp3	set	128


Data Sizes:
    Strings     0
    Constant    0
    Data        0
    BSS         0
    Persistent  0
    Stack       0

Auto Spaces:
    Space          Size  Autos    Used
    COMMON           14      1       1
    BANK0            80      0       0
    BANK1            80      0       0
    BANK2            80      0       0
    BANK3            80      0       0
    BANK4            80      0       0
    BANK5            80      0       0
    BANK6            80      0       0
    BANK7            80      0       0
    BANK8            80      0       0
    BANK9            80      0       0
    BANK10           80      0       0
    BANK11           80      0       0
    BANK12           48      0       0

Pointer List with Targets:

    None.

Critical Paths under _main in COMMON

    None.

Critical Paths under _isr in COMMON

    None.

Critical Paths under _main in BANK0

    None.

Critical Paths under _isr in BANK0

    None.

Critical Paths under _main in BANK1

    None.

Critical Paths under _isr in BANK1

    None.

Critical Paths under _main in BANK2

    None.

Critical Paths under _isr in BANK2

    None.

Critical Paths under _main in BANK3

    None.

Critical Paths under _isr in BANK3

    None.

Critical Paths under _main in BANK4

    None.

Critical Paths under _isr in BANK4

    None.

Critical Paths under _main in BANK5

    None.

Critical Paths under _isr in BANK5

    None.

Critical Paths under _main in BANK6

    None.

Critical Paths under _isr in BANK6

    None.

Critical Paths under _main in BANK7

    None.

Critical Paths under _isr in BANK7

    None.

Critical Paths under _main in BANK8

    None.

Critical Paths under _isr in BANK8

    None.

Critical Paths under _main in BANK9

    None.

Critical Paths under _isr in BANK9

    None.

Critical Paths under _main in BANK10

    None.

Critical Paths under _isr in BANK10

    None.

Critical Paths under _main in BANK11

    None.

Critical Paths under _isr in BANK11

    None.

Critical Paths under _main in BANK12

    None.

Critical Paths under _isr in BANK12

    None.

Call Graph Tables:

 ---------------------------------------------------------------------------------
 (Depth) Function   	        Calls       Base Space   Used Autos Params    Refs
 ---------------------------------------------------------------------------------
 (0) _main                                                 0     0      0       0
                           _initMain
 ---------------------------------------------------------------------------------
 (1) _initMain                                             0     0      0       0
                        _internal_16
 ---------------------------------------------------------------------------------
 (2) _internal_16                                          0     0      0       0
 ---------------------------------------------------------------------------------
 Estimated maximum stack depth 2
 ---------------------------------------------------------------------------------
 (Depth) Function   	        Calls       Base Space   Used Autos Params    Refs
 ---------------------------------------------------------------------------------
 (3) _isr                                                  1     1      0       0
                                              0 COMMON     1     1      0
 ---------------------------------------------------------------------------------
 Estimated maximum stack depth 3
 ---------------------------------------------------------------------------------

 Call Graph Graphs:

 _main (ROOT)
   _initMain
     _internal_16

 _isr (ROOT)

 Address spaces:
Name               Size   Autos  Total    Cost      Usage
BIGRAM             3F0      0       0       0        0.0%
NULL                 0      0       0       0        0.0%
CODE                 0      0       0       0        0.0%
BITCOMMON            E      0       0       1        0.0%
BITSFR0              0      0       0       1        0.0%
SFR0                 0      0       0       1        0.0%
COMMON               E      1       1       2        7.1%
BITSFR1              0      0       0       2        0.0%
SFR1                 0      0       0       2        0.0%
BITSFR2              0      0       0       3        0.0%
SFR2                 0      0       0       3        0.0%
STACK                0      0       0       3        0.0%
BITBANK0            50      0       0       4        0.0%
BITSFR3              0      0       0       4        0.0%
SFR3                 0      0       0       4        0.0%
BANK0               50      0       0       5        0.0%
BITSFR4              0      0       0       5        0.0%
SFR4                 0      0       0       5        0.0%
BITBANK1            50      0       0       6        0.0%
BITSFR5              0      0       0       6        0.0%
SFR5                 0      0       0       6        0.0%
BANK1               50      0       0       7        0.0%
BITSFR6              0      0       0       7        0.0%
SFR6                 0      0       0       7        0.0%
BITBANK2            50      0       0       8        0.0%
BITSFR7              0      0       0       8        0.0%
SFR7                 0      0       0       8        0.0%
BANK2               50      0       0       9        0.0%
BITSFR8              0      0       0       9        0.0%
SFR8                 0      0       0       9        0.0%
BITBANK3            50      0       0      10        0.0%
BITSFR9              0      0       0      10        0.0%
SFR9                 0      0       0      10        0.0%
BANK3               50      0       0      11        0.0%
BITSFR10             0      0       0      11        0.0%
SFR10                0      0       0      11        0.0%
BITBANK4            50      0       0      12        0.0%
BITSFR11             0      0       0      12        0.0%
SFR11                0      0       0      12        0.0%
BANK4               50      0       0      13        0.0%
BITSFR12             0      0       0      13        0.0%
SFR12                0      0       0      13        0.0%
BITBANK5            50      0       0      14        0.0%
BITSFR13             0      0       0      14        0.0%
SFR13                0      0       0      14        0.0%
BANK5               50      0       0      15        0.0%
BITSFR14             0      0       0      15        0.0%
SFR14                0      0       0      15        0.0%
BITBANK6            50      0       0      16        0.0%
BITSFR15             0      0       0      16        0.0%
SFR15                0      0       0      16        0.0%
BANK6               50      0       0      17        0.0%
BITSFR16             0      0       0      17        0.0%
SFR16                0      0       0      17        0.0%
BITBANK7            50      0       0      18        0.0%
BITSFR17             0      0       0      18        0.0%
SFR17                0      0       0      18        0.0%
BANK7               50      0       0      19        0.0%
BITSFR18             0      0       0      19        0.0%
SFR18                0      0       0      19        0.0%
BITSFR19             0      0       0      20        0.0%
SFR19                0      0       0      20        0.0%
ABS                  0      0       0      20        0.0%
BITBANK8            50      0       0      21        0.0%
BITSFR20             0      0       0      21        0.0%
SFR20                0      0       0      21        0.0%
BANK8               50      0       0      22        0.0%
BITSFR21             0      0       0      22        0.0%
SFR21                0      0       0      22        0.0%
BITBANK9            50      0       0      23        0.0%
BITSFR22             0      0       0      23        0.0%
SFR22                0      0       0      23        0.0%
BANK9               50      0       0      24        0.0%
BITSFR23             0      0       0      24        0.0%
SFR23                0      0       0      24        0.0%
BITBANK10           50      0       0      25        0.0%
BITSFR24             0      0       0      25        0.0%
SFR24                0      0       0      25        0.0%
BANK10              50      0       0      26        0.0%
BITSFR25             0      0       0      26        0.0%
SFR25                0      0       0      26        0.0%
BITBANK11           50      0       0      27        0.0%
BITSFR26             0      0       0      27        0.0%
SFR26                0      0       0      27        0.0%
BANK11              50      0       0      28        0.0%
BITSFR27             0      0       0      28        0.0%
SFR27                0      0       0      28        0.0%
BITBANK12           30      0       0      29        0.0%
BITSFR28             0      0       0      29        0.0%
SFR28                0      0       0      29        0.0%
BANK12              30      0       0      30        0.0%
BITSFR29             0      0       0      30        0.0%
SFR29                0      0       0      30        0.0%
BITSFR30             0      0       0      31        0.0%
SFR30                0      0       0      31        0.0%
DATA                 0      0       0      31        0.0%
BITSFR31             0      0       0      32        0.0%
SFR31                0      0       0      32        0.0%


Microchip Technology PIC Macro Assembler V1.38 build -256452561 
Symbol Table                                                                                   Sun Nov 06 17:39:48 2016

            __CFG_CP$OFF 0000                       l63 0040                      _GIE 005F  
                    _isr 0004             __CFG_BORV$LO 0000             __CFG_IESO$ON 0000  
           __CFG_LVP$OFF 0000                     ?_isr 0070                     _SCS0 04C8  
                   _SCS1 04C9                     i1l69 0016                     u1_20 0014  
           __CFG_WRT$OFF 0000                     _main 003D                     btemp 007E  
                   ltemp 007E                     start 001B                     ttemp 007E  
                   wtemp 007E                    ??_isr 0070                    ?_main 0070  
          __CFG_WDTE$OFF 0000                    _IOCBF 0396                    _IRCF0 04CB  
                  _IRCF1 04CC                    _IRCF2 04CD                    _IRCF3 04CE  
         __CFG_FCMEN$OFF 0000           __CFG_BOREN$OFF 0000                    ltemp0 007E  
                  ltemp1 0082                    ltemp2 0086                    ltemp3 0080  
                  ttemp0 007E                    ttemp1 0081                    ttemp2 0084  
                  ttemp3 0087                    ttemp4 007F                    status 0003  
                  wtemp0 007E                    wtemp1 0080                    wtemp2 0082  
                  wtemp3 0084                    wtemp4 0086                    wtemp5 0088  
                  wtemp6 007F             ?_internal_16 0070           __CFG_MCLRE$OFF 0000  
        __initialization 001D             __end_of_main 0041           __CFG_LPBOR$OFF 0000  
                 ??_main 0071           __CFG_PLLEN$OFF 0000           __CFG_ZCDDIS$ON 0000  
                 _SPLLEN 04CF           __CFG_PWRTE$OFF 0000           __CFG_STVREN$ON 0000  
       __end_of_initMain 0034  __end_of__initialization 001D           __pcstackCOMMON 0070  
         _OPTION_REGbits 0095               __pmaintext 003D     __size_of_internal_16 0009  
             __pintentry 0004                ?_initMain 0070                  __ptext1 0021  
                __ptext2 0034             __size_of_isr 0017                _IOCBNbits 0395  
   end_of_initialization 001D               ??_initMain 0071         __CFG_FOSC$INTOSC 0000  
              _TRISBbits 008D                _TRISDbits 008F      start_initialization 001D  
            __end_of_isr 001B                ___latbits 0002            ??_internal_16 0071  
      __size_of_initMain 0013         __CFG_PPS1WAY$OFF 0000                 _LATDbits 010F  
    __end_of_internal_16 003D                 _WPUBbits 020D               _ANSELBbits 018D  
               _initMain 0021            __size_of_main 0004              _internal_16 0034  
               int$flags 007E               _INTCONbits 000B                 intlevel1 0000  
      __CFG_CLKOUTEN$OFF 0000  
