

Microchip MPLAB XC8 Assembler V2.45 build 20230818022343 
                                                                                               Sun Nov 26 04:46:54 2023

Microchip MPLAB XC8 C Compiler v2.45 (Free license) build 20230818022343 Og1 
     1                           	processor	16F1719
     2                           	pagewidth 120
     3                           	opt	flic
     4                           	psect	cinit,global,class=CODE,merge=1,delta=2
     5                           	psect	cstackCOMMON,global,class=COMMON,space=1,delta=1,noexec
     6                           	psect	maintext,global,class=CODE,merge=1,split=1,delta=2
     7                           	psect	text1,local,class=CODE,merge=1,delta=2
     8                           	psect	text2,local,class=CODE,merge=1,delta=2
     9                           	psect	text3,local,class=CODE,merge=1,delta=2
    10                           	psect	text4,local,class=CODE,merge=1,delta=2
    11                           	psect	text5,local,class=CODE,merge=1,delta=2
    12                           	psect	config,global,abs,ovrld,class=CONFIG,space=4,delta=2,noexec
    13                           	dabs	1,0x7E,2
    14     0000                     
    15                           ; Generated 06/07/2023 GMT
    16                           ; 
    17                           ; Copyright © 2023, Microchip Technology Inc. and its subsidiaries ("Microchip")
    18                           ; All rights reserved.
    19                           ; 
    20                           ; This software is developed by Microchip Technology Inc. and its subsidiaries ("Microch
      +                          ip").
    21                           ; 
    22                           ; Redistribution and use in source and binary forms, with or without modification, are
    23                           ; permitted provided that the following conditions are met:
    24                           ; 
    25                           ;     1. Redistributions of source code must retain the above copyright notice, this lis
      +                          t of
    26                           ;        conditions and the following disclaimer.
    27                           ; 
    28                           ;     2. Redistributions in binary form must reproduce the above copyright notice, this 
      +                          list
    29                           ;        of conditions and the following disclaimer in the documentation and/or other
    30                           ;        materials provided with the distribution. Publication is not required when
    31                           ;        this file is used in an embedded application.
    32                           ; 
    33                           ;     3. Microchip's name may not be used to endorse or promote products derived from th
      +                          is
    34                           ;        software without specific prior written permission.
    35                           ; 
    36                           ; THIS SOFTWARE IS PROVIDED BY MICROCHIP "AS IS" AND ANY EXPRESS OR IMPLIED WARRANTIES,
    37                           ; INCLUDING, BUT NOT LIMITED TO, THE IMPLIED WARRANTIES OF MERCHANTABILITY AND FITNESS F
      +                          OR
    38                           ; PURPOSE ARE DISCLAIMED.  IN NO EVENT SHALL MICROCHIP BE LIABLE FOR ANY DIRECT, INDIREC
      +                          T,
    39                           ; INCIDENTAL, SPECIAL, EXEMPLARY, OR CONSEQUENTIAL DAMAGES (INCLUDING BUT NOT LIMITED TO
    40                           ; PROCUREMENT OF SUBSTITUTE GOODS OR SERVICES; LOSS OF USE, DATA OR PROFITS; OR BUSINESS
    41                           ; INTERRUPTION) HOWSOEVER CAUSED AND ON ANY THEORY OF LIABILITY, WHETHER IN CONTRACT, ST
      +                          RICT
    42                           ; LIABILITY, OR TORT (INCLUDING NEGLIGENCE OR OTHERWISE) ARISING IN ANY WAY OUT OF THE U
      +                          SE OF
    43                           ; THIS SOFTWARE, EVEN IF ADVISED OF THE POSSIBILITY OF SUCH DAMAGE.
    44                           ; 
    45                           ; 
    46                           ; Code-generator required, PIC16F1719 Definitions
    47                           ; 
    48                           ; SFR Addresses
    49     0000                     	;# 
    50     0001                     	;# 
    51     0002                     	;# 
    52     0003                     	;# 
    53     0004                     	;# 
    54     0005                     	;# 
    55     0006                     	;# 
    56     0007                     	;# 
    57     0008                     	;# 
    58     0009                     	;# 
    59     000A                     	;# 
    60     000B                     	;# 
    61     000C                     	;# 
    62     000D                     	;# 
    63     000E                     	;# 
    64     000F                     	;# 
    65     0010                     	;# 
    66     0011                     	;# 
    67     0012                     	;# 
    68     0013                     	;# 
    69     0015                     	;# 
    70     0016                     	;# 
    71     0016                     	;# 
    72     0017                     	;# 
    73     0018                     	;# 
    74     0019                     	;# 
    75     001A                     	;# 
    76     001B                     	;# 
    77     001C                     	;# 
    78     008C                     	;# 
    79     008D                     	;# 
    80     008E                     	;# 
    81     008F                     	;# 
    82     0090                     	;# 
    83     0091                     	;# 
    84     0092                     	;# 
    85     0093                     	;# 
    86     0095                     	;# 
    87     0096                     	;# 
    88     0097                     	;# 
    89     0098                     	;# 
    90     0099                     	;# 
    91     009A                     	;# 
    92     009B                     	;# 
    93     009B                     	;# 
    94     009C                     	;# 
    95     009D                     	;# 
    96     009E                     	;# 
    97     009F                     	;# 
    98     010C                     	;# 
    99     010D                     	;# 
   100     010E                     	;# 
   101     010F                     	;# 
   102     0110                     	;# 
   103     0111                     	;# 
   104     0112                     	;# 
   105     0113                     	;# 
   106     0114                     	;# 
   107     0115                     	;# 
   108     0116                     	;# 
   109     0117                     	;# 
   110     0118                     	;# 
   111     0119                     	;# 
   112     011A                     	;# 
   113     011B                     	;# 
   114     011B                     	;# 
   115     011C                     	;# 
   116     018C                     	;# 
   117     018D                     	;# 
   118     018E                     	;# 
   119     018F                     	;# 
   120     0190                     	;# 
   121     0191                     	;# 
   122     0191                     	;# 
   123     0192                     	;# 
   124     0193                     	;# 
   125     0193                     	;# 
   126     0194                     	;# 
   127     0195                     	;# 
   128     0196                     	;# 
   129     0197                     	;# 
   130     0199                     	;# 
   131     0199                     	;# 
   132     0199                     	;# 
   133     019A                     	;# 
   134     019A                     	;# 
   135     019A                     	;# 
   136     019B                     	;# 
   137     019B                     	;# 
   138     019B                     	;# 
   139     019B                     	;# 
   140     019B                     	;# 
   141     019C                     	;# 
   142     019C                     	;# 
   143     019C                     	;# 
   144     019D                     	;# 
   145     019D                     	;# 
   146     019D                     	;# 
   147     019E                     	;# 
   148     019E                     	;# 
   149     019E                     	;# 
   150     019F                     	;# 
   151     019F                     	;# 
   152     019F                     	;# 
   153     019F                     	;# 
   154     019F                     	;# 
   155     020C                     	;# 
   156     020D                     	;# 
   157     020E                     	;# 
   158     020F                     	;# 
   159     0210                     	;# 
   160     0211                     	;# 
   161     0211                     	;# 
   162     0212                     	;# 
   163     0212                     	;# 
   164     0213                     	;# 
   165     0213                     	;# 
   166     0214                     	;# 
   167     0214                     	;# 
   168     0215                     	;# 
   169     0215                     	;# 
   170     0215                     	;# 
   171     0215                     	;# 
   172     0216                     	;# 
   173     0216                     	;# 
   174     0217                     	;# 
   175     0217                     	;# 
   176     028C                     	;# 
   177     028D                     	;# 
   178     028E                     	;# 
   179     028F                     	;# 
   180     0290                     	;# 
   181     0291                     	;# 
   182     0291                     	;# 
   183     0292                     	;# 
   184     0293                     	;# 
   185     0293                     	;# 
   186     0298                     	;# 
   187     0298                     	;# 
   188     0299                     	;# 
   189     029A                     	;# 
   190     029A                     	;# 
   191     029E                     	;# 
   192     030C                     	;# 
   193     030D                     	;# 
   194     030E                     	;# 
   195     030F                     	;# 
   196     0310                     	;# 
   197     038C                     	;# 
   198     038D                     	;# 
   199     038E                     	;# 
   200     038F                     	;# 
   201     0390                     	;# 
   202     0391                     	;# 
   203     0392                     	;# 
   204     0393                     	;# 
   205     0394                     	;# 
   206     0395                     	;# 
   207     0396                     	;# 
   208     0397                     	;# 
   209     0398                     	;# 
   210     0399                     	;# 
   211     039D                     	;# 
   212     039E                     	;# 
   213     039F                     	;# 
   214     0415                     	;# 
   215     0416                     	;# 
   216     0417                     	;# 
   217     041C                     	;# 
   218     041D                     	;# 
   219     041E                     	;# 
   220     0498                     	;# 
   221     0498                     	;# 
   222     0499                     	;# 
   223     049A                     	;# 
   224     049B                     	;# 
   225     049B                     	;# 
   226     049C                     	;# 
   227     049D                     	;# 
   228     049E                     	;# 
   229     049F                     	;# 
   230     0511                     	;# 
   231     0515                     	;# 
   232     0617                     	;# 
   233     0618                     	;# 
   234     0619                     	;# 
   235     0619                     	;# 
   236     061A                     	;# 
   237     061B                     	;# 
   238     061C                     	;# 
   239     061C                     	;# 
   240     0691                     	;# 
   241     0692                     	;# 
   242     0693                     	;# 
   243     0694                     	;# 
   244     0695                     	;# 
   245     0696                     	;# 
   246     0697                     	;# 
   247     0698                     	;# 
   248     0699                     	;# 
   249     069A                     	;# 
   250     069B                     	;# 
   251     069C                     	;# 
   252     069D                     	;# 
   253     069E                     	;# 
   254     069F                     	;# 
   255     0E0F                     	;# 
   256     0E10                     	;# 
   257     0E11                     	;# 
   258     0E12                     	;# 
   259     0E13                     	;# 
   260     0E14                     	;# 
   261     0E15                     	;# 
   262     0E17                     	;# 
   263     0E20                     	;# 
   264     0E21                     	;# 
   265     0E22                     	;# 
   266     0E24                     	;# 
   267     0E25                     	;# 
   268     0E28                     	;# 
   269     0E29                     	;# 
   270     0E2A                     	;# 
   271     0E2B                     	;# 
   272     0E90                     	;# 
   273     0E91                     	;# 
   274     0E92                     	;# 
   275     0E93                     	;# 
   276     0E94                     	;# 
   277     0E95                     	;# 
   278     0E96                     	;# 
   279     0E97                     	;# 
   280     0E98                     	;# 
   281     0E99                     	;# 
   282     0E9A                     	;# 
   283     0E9B                     	;# 
   284     0E9C                     	;# 
   285     0E9D                     	;# 
   286     0E9E                     	;# 
   287     0E9F                     	;# 
   288     0EA0                     	;# 
   289     0EA1                     	;# 
   290     0EA2                     	;# 
   291     0EA3                     	;# 
   292     0EA4                     	;# 
   293     0EA5                     	;# 
   294     0EA6                     	;# 
   295     0EA7                     	;# 
   296     0EA8                     	;# 
   297     0EA9                     	;# 
   298     0EAA                     	;# 
   299     0EAB                     	;# 
   300     0EAC                     	;# 
   301     0EAD                     	;# 
   302     0EAE                     	;# 
   303     0EAF                     	;# 
   304     0EB0                     	;# 
   305     0EB1                     	;# 
   306     0EB2                     	;# 
   307     0F0F                     	;# 
   308     0F10                     	;# 
   309     0F11                     	;# 
   310     0F12                     	;# 
   311     0F13                     	;# 
   312     0F14                     	;# 
   313     0F15                     	;# 
   314     0F16                     	;# 
   315     0F17                     	;# 
   316     0F18                     	;# 
   317     0F19                     	;# 
   318     0F1A                     	;# 
   319     0F1B                     	;# 
   320     0F1C                     	;# 
   321     0F1D                     	;# 
   322     0F1E                     	;# 
   323     0F1F                     	;# 
   324     0F20                     	;# 
   325     0F21                     	;# 
   326     0F22                     	;# 
   327     0F23                     	;# 
   328     0F24                     	;# 
   329     0F25                     	;# 
   330     0F26                     	;# 
   331     0F27                     	;# 
   332     0F28                     	;# 
   333     0F29                     	;# 
   334     0F2A                     	;# 
   335     0F2B                     	;# 
   336     0F2C                     	;# 
   337     0F2D                     	;# 
   338     0F2E                     	;# 
   339     0F2F                     	;# 
   340     0F30                     	;# 
   341     0F31                     	;# 
   342     0F32                     	;# 
   343     0F33                     	;# 
   344     0F34                     	;# 
   345     0F35                     	;# 
   346     0F36                     	;# 
   347     0F37                     	;# 
   348     0FE4                     	;# 
   349     0FE5                     	;# 
   350     0FE6                     	;# 
   351     0FE7                     	;# 
   352     0FE8                     	;# 
   353     0FE9                     	;# 
   354     0FEA                     	;# 
   355     0FEB                     	;# 
   356     0FED                     	;# 
   357     0FEE                     	;# 
   358     0FEF                     	;# 
   359     0000                     	;# 
   360     0001                     	;# 
   361     0002                     	;# 
   362     0003                     	;# 
   363     0004                     	;# 
   364     0005                     	;# 
   365     0006                     	;# 
   366     0007                     	;# 
   367     0008                     	;# 
   368     0009                     	;# 
   369     000A                     	;# 
   370     000B                     	;# 
   371     000C                     	;# 
   372     000D                     	;# 
   373     000E                     	;# 
   374     000F                     	;# 
   375     0010                     	;# 
   376     0011                     	;# 
   377     0012                     	;# 
   378     0013                     	;# 
   379     0015                     	;# 
   380     0016                     	;# 
   381     0016                     	;# 
   382     0017                     	;# 
   383     0018                     	;# 
   384     0019                     	;# 
   385     001A                     	;# 
   386     001B                     	;# 
   387     001C                     	;# 
   388     008C                     	;# 
   389     008D                     	;# 
   390     008E                     	;# 
   391     008F                     	;# 
   392     0090                     	;# 
   393     0091                     	;# 
   394     0092                     	;# 
   395     0093                     	;# 
   396     0095                     	;# 
   397     0096                     	;# 
   398     0097                     	;# 
   399     0098                     	;# 
   400     0099                     	;# 
   401     009A                     	;# 
   402     009B                     	;# 
   403     009B                     	;# 
   404     009C                     	;# 
   405     009D                     	;# 
   406     009E                     	;# 
   407     009F                     	;# 
   408     010C                     	;# 
   409     010D                     	;# 
   410     010E                     	;# 
   411     010F                     	;# 
   412     0110                     	;# 
   413     0111                     	;# 
   414     0112                     	;# 
   415     0113                     	;# 
   416     0114                     	;# 
   417     0115                     	;# 
   418     0116                     	;# 
   419     0117                     	;# 
   420     0118                     	;# 
   421     0119                     	;# 
   422     011A                     	;# 
   423     011B                     	;# 
   424     011B                     	;# 
   425     011C                     	;# 
   426     018C                     	;# 
   427     018D                     	;# 
   428     018E                     	;# 
   429     018F                     	;# 
   430     0190                     	;# 
   431     0191                     	;# 
   432     0191                     	;# 
   433     0192                     	;# 
   434     0193                     	;# 
   435     0193                     	;# 
   436     0194                     	;# 
   437     0195                     	;# 
   438     0196                     	;# 
   439     0197                     	;# 
   440     0199                     	;# 
   441     0199                     	;# 
   442     0199                     	;# 
   443     019A                     	;# 
   444     019A                     	;# 
   445     019A                     	;# 
   446     019B                     	;# 
   447     019B                     	;# 
   448     019B                     	;# 
   449     019B                     	;# 
   450     019B                     	;# 
   451     019C                     	;# 
   452     019C                     	;# 
   453     019C                     	;# 
   454     019D                     	;# 
   455     019D                     	;# 
   456     019D                     	;# 
   457     019E                     	;# 
   458     019E                     	;# 
   459     019E                     	;# 
   460     019F                     	;# 
   461     019F                     	;# 
   462     019F                     	;# 
   463     019F                     	;# 
   464     019F                     	;# 
   465     020C                     	;# 
   466     020D                     	;# 
   467     020E                     	;# 
   468     020F                     	;# 
   469     0210                     	;# 
   470     0211                     	;# 
   471     0211                     	;# 
   472     0212                     	;# 
   473     0212                     	;# 
   474     0213                     	;# 
   475     0213                     	;# 
   476     0214                     	;# 
   477     0214                     	;# 
   478     0215                     	;# 
   479     0215                     	;# 
   480     0215                     	;# 
   481     0215                     	;# 
   482     0216                     	;# 
   483     0216                     	;# 
   484     0217                     	;# 
   485     0217                     	;# 
   486     028C                     	;# 
   487     028D                     	;# 
   488     028E                     	;# 
   489     028F                     	;# 
   490     0290                     	;# 
   491     0291                     	;# 
   492     0291                     	;# 
   493     0292                     	;# 
   494     0293                     	;# 
   495     0293                     	;# 
   496     0298                     	;# 
   497     0298                     	;# 
   498     0299                     	;# 
   499     029A                     	;# 
   500     029A                     	;# 
   501     029E                     	;# 
   502     030C                     	;# 
   503     030D                     	;# 
   504     030E                     	;# 
   505     030F                     	;# 
   506     0310                     	;# 
   507     038C                     	;# 
   508     038D                     	;# 
   509     038E                     	;# 
   510     038F                     	;# 
   511     0390                     	;# 
   512     0391                     	;# 
   513     0392                     	;# 
   514     0393                     	;# 
   515     0394                     	;# 
   516     0395                     	;# 
   517     0396                     	;# 
   518     0397                     	;# 
   519     0398                     	;# 
   520     0399                     	;# 
   521     039D                     	;# 
   522     039E                     	;# 
   523     039F                     	;# 
   524     0415                     	;# 
   525     0416                     	;# 
   526     0417                     	;# 
   527     041C                     	;# 
   528     041D                     	;# 
   529     041E                     	;# 
   530     0498                     	;# 
   531     0498                     	;# 
   532     0499                     	;# 
   533     049A                     	;# 
   534     049B                     	;# 
   535     049B                     	;# 
   536     049C                     	;# 
   537     049D                     	;# 
   538     049E                     	;# 
   539     049F                     	;# 
   540     0511                     	;# 
   541     0515                     	;# 
   542     0617                     	;# 
   543     0618                     	;# 
   544     0619                     	;# 
   545     0619                     	;# 
   546     061A                     	;# 
   547     061B                     	;# 
   548     061C                     	;# 
   549     061C                     	;# 
   550     0691                     	;# 
   551     0692                     	;# 
   552     0693                     	;# 
   553     0694                     	;# 
   554     0695                     	;# 
   555     0696                     	;# 
   556     0697                     	;# 
   557     0698                     	;# 
   558     0699                     	;# 
   559     069A                     	;# 
   560     069B                     	;# 
   561     069C                     	;# 
   562     069D                     	;# 
   563     069E                     	;# 
   564     069F                     	;# 
   565     0E0F                     	;# 
   566     0E10                     	;# 
   567     0E11                     	;# 
   568     0E12                     	;# 
   569     0E13                     	;# 
   570     0E14                     	;# 
   571     0E15                     	;# 
   572     0E17                     	;# 
   573     0E20                     	;# 
   574     0E21                     	;# 
   575     0E22                     	;# 
   576     0E24                     	;# 
   577     0E25                     	;# 
   578     0E28                     	;# 
   579     0E29                     	;# 
   580     0E2A                     	;# 
   581     0E2B                     	;# 
   582     0E90                     	;# 
   583     0E91                     	;# 
   584     0E92                     	;# 
   585     0E93                     	;# 
   586     0E94                     	;# 
   587     0E95                     	;# 
   588     0E96                     	;# 
   589     0E97                     	;# 
   590     0E98                     	;# 
   591     0E99                     	;# 
   592     0E9A                     	;# 
   593     0E9B                     	;# 
   594     0E9C                     	;# 
   595     0E9D                     	;# 
   596     0E9E                     	;# 
   597     0E9F                     	;# 
   598     0EA0                     	;# 
   599     0EA1                     	;# 
   600     0EA2                     	;# 
   601     0EA3                     	;# 
   602     0EA4                     	;# 
   603     0EA5                     	;# 
   604     0EA6                     	;# 
   605     0EA7                     	;# 
   606     0EA8                     	;# 
   607     0EA9                     	;# 
   608     0EAA                     	;# 
   609     0EAB                     	;# 
   610     0EAC                     	;# 
   611     0EAD                     	;# 
   612     0EAE                     	;# 
   613     0EAF                     	;# 
   614     0EB0                     	;# 
   615     0EB1                     	;# 
   616     0EB2                     	;# 
   617     0F0F                     	;# 
   618     0F10                     	;# 
   619     0F11                     	;# 
   620     0F12                     	;# 
   621     0F13                     	;# 
   622     0F14                     	;# 
   623     0F15                     	;# 
   624     0F16                     	;# 
   625     0F17                     	;# 
   626     0F18                     	;# 
   627     0F19                     	;# 
   628     0F1A                     	;# 
   629     0F1B                     	;# 
   630     0F1C                     	;# 
   631     0F1D                     	;# 
   632     0F1E                     	;# 
   633     0F1F                     	;# 
   634     0F20                     	;# 
   635     0F21                     	;# 
   636     0F22                     	;# 
   637     0F23                     	;# 
   638     0F24                     	;# 
   639     0F25                     	;# 
   640     0F26                     	;# 
   641     0F27                     	;# 
   642     0F28                     	;# 
   643     0F29                     	;# 
   644     0F2A                     	;# 
   645     0F2B                     	;# 
   646     0F2C                     	;# 
   647     0F2D                     	;# 
   648     0F2E                     	;# 
   649     0F2F                     	;# 
   650     0F30                     	;# 
   651     0F31                     	;# 
   652     0F32                     	;# 
   653     0F33                     	;# 
   654     0F34                     	;# 
   655     0F35                     	;# 
   656     0F36                     	;# 
   657     0F37                     	;# 
   658     0FE4                     	;# 
   659     0FE5                     	;# 
   660     0FE6                     	;# 
   661     0FE7                     	;# 
   662     0FE8                     	;# 
   663     0FE9                     	;# 
   664     0FEA                     	;# 
   665     0FEB                     	;# 
   666     0FED                     	;# 
   667     0FEE                     	;# 
   668     0FEF                     	;# 
   669     0000                     	;# 
   670     0001                     	;# 
   671     0002                     	;# 
   672     0003                     	;# 
   673     0004                     	;# 
   674     0005                     	;# 
   675     0006                     	;# 
   676     0007                     	;# 
   677     0008                     	;# 
   678     0009                     	;# 
   679     000A                     	;# 
   680     000B                     	;# 
   681     000C                     	;# 
   682     000D                     	;# 
   683     000E                     	;# 
   684     000F                     	;# 
   685     0010                     	;# 
   686     0011                     	;# 
   687     0012                     	;# 
   688     0013                     	;# 
   689     0015                     	;# 
   690     0016                     	;# 
   691     0016                     	;# 
   692     0017                     	;# 
   693     0018                     	;# 
   694     0019                     	;# 
   695     001A                     	;# 
   696     001B                     	;# 
   697     001C                     	;# 
   698     008C                     	;# 
   699     008D                     	;# 
   700     008E                     	;# 
   701     008F                     	;# 
   702     0090                     	;# 
   703     0091                     	;# 
   704     0092                     	;# 
   705     0093                     	;# 
   706     0095                     	;# 
   707     0096                     	;# 
   708     0097                     	;# 
   709     0098                     	;# 
   710     0099                     	;# 
   711     009A                     	;# 
   712     009B                     	;# 
   713     009B                     	;# 
   714     009C                     	;# 
   715     009D                     	;# 
   716     009E                     	;# 
   717     009F                     	;# 
   718     010C                     	;# 
   719     010D                     	;# 
   720     010E                     	;# 
   721     010F                     	;# 
   722     0110                     	;# 
   723     0111                     	;# 
   724     0112                     	;# 
   725     0113                     	;# 
   726     0114                     	;# 
   727     0115                     	;# 
   728     0116                     	;# 
   729     0117                     	;# 
   730     0118                     	;# 
   731     0119                     	;# 
   732     011A                     	;# 
   733     011B                     	;# 
   734     011B                     	;# 
   735     011C                     	;# 
   736     018C                     	;# 
   737     018D                     	;# 
   738     018E                     	;# 
   739     018F                     	;# 
   740     0190                     	;# 
   741     0191                     	;# 
   742     0191                     	;# 
   743     0192                     	;# 
   744     0193                     	;# 
   745     0193                     	;# 
   746     0194                     	;# 
   747     0195                     	;# 
   748     0196                     	;# 
   749     0197                     	;# 
   750     0199                     	;# 
   751     0199                     	;# 
   752     0199                     	;# 
   753     019A                     	;# 
   754     019A                     	;# 
   755     019A                     	;# 
   756     019B                     	;# 
   757     019B                     	;# 
   758     019B                     	;# 
   759     019B                     	;# 
   760     019B                     	;# 
   761     019C                     	;# 
   762     019C                     	;# 
   763     019C                     	;# 
   764     019D                     	;# 
   765     019D                     	;# 
   766     019D                     	;# 
   767     019E                     	;# 
   768     019E                     	;# 
   769     019E                     	;# 
   770     019F                     	;# 
   771     019F                     	;# 
   772     019F                     	;# 
   773     019F                     	;# 
   774     019F                     	;# 
   775     020C                     	;# 
   776     020D                     	;# 
   777     020E                     	;# 
   778     020F                     	;# 
   779     0210                     	;# 
   780     0211                     	;# 
   781     0211                     	;# 
   782     0212                     	;# 
   783     0212                     	;# 
   784     0213                     	;# 
   785     0213                     	;# 
   786     0214                     	;# 
   787     0214                     	;# 
   788     0215                     	;# 
   789     0215                     	;# 
   790     0215                     	;# 
   791     0215                     	;# 
   792     0216                     	;# 
   793     0216                     	;# 
   794     0217                     	;# 
   795     0217                     	;# 
   796     028C                     	;# 
   797     028D                     	;# 
   798     028E                     	;# 
   799     028F                     	;# 
   800     0290                     	;# 
   801     0291                     	;# 
   802     0291                     	;# 
   803     0292                     	;# 
   804     0293                     	;# 
   805     0293                     	;# 
   806     0298                     	;# 
   807     0298                     	;# 
   808     0299                     	;# 
   809     029A                     	;# 
   810     029A                     	;# 
   811     029E                     	;# 
   812     030C                     	;# 
   813     030D                     	;# 
   814     030E                     	;# 
   815     030F                     	;# 
   816     0310                     	;# 
   817     038C                     	;# 
   818     038D                     	;# 
   819     038E                     	;# 
   820     038F                     	;# 
   821     0390                     	;# 
   822     0391                     	;# 
   823     0392                     	;# 
   824     0393                     	;# 
   825     0394                     	;# 
   826     0395                     	;# 
   827     0396                     	;# 
   828     0397                     	;# 
   829     0398                     	;# 
   830     0399                     	;# 
   831     039D                     	;# 
   832     039E                     	;# 
   833     039F                     	;# 
   834     0415                     	;# 
   835     0416                     	;# 
   836     0417                     	;# 
   837     041C                     	;# 
   838     041D                     	;# 
   839     041E                     	;# 
   840     0498                     	;# 
   841     0498                     	;# 
   842     0499                     	;# 
   843     049A                     	;# 
   844     049B                     	;# 
   845     049B                     	;# 
   846     049C                     	;# 
   847     049D                     	;# 
   848     049E                     	;# 
   849     049F                     	;# 
   850     0511                     	;# 
   851     0515                     	;# 
   852     0617                     	;# 
   853     0618                     	;# 
   854     0619                     	;# 
   855     0619                     	;# 
   856     061A                     	;# 
   857     061B                     	;# 
   858     061C                     	;# 
   859     061C                     	;# 
   860     0691                     	;# 
   861     0692                     	;# 
   862     0693                     	;# 
   863     0694                     	;# 
   864     0695                     	;# 
   865     0696                     	;# 
   866     0697                     	;# 
   867     0698                     	;# 
   868     0699                     	;# 
   869     069A                     	;# 
   870     069B                     	;# 
   871     069C                     	;# 
   872     069D                     	;# 
   873     069E                     	;# 
   874     069F                     	;# 
   875     0E0F                     	;# 
   876     0E10                     	;# 
   877     0E11                     	;# 
   878     0E12                     	;# 
   879     0E13                     	;# 
   880     0E14                     	;# 
   881     0E15                     	;# 
   882     0E17                     	;# 
   883     0E20                     	;# 
   884     0E21                     	;# 
   885     0E22                     	;# 
   886     0E24                     	;# 
   887     0E25                     	;# 
   888     0E28                     	;# 
   889     0E29                     	;# 
   890     0E2A                     	;# 
   891     0E2B                     	;# 
   892     0E90                     	;# 
   893     0E91                     	;# 
   894     0E92                     	;# 
   895     0E93                     	;# 
   896     0E94                     	;# 
   897     0E95                     	;# 
   898     0E96                     	;# 
   899     0E97                     	;# 
   900     0E98                     	;# 
   901     0E99                     	;# 
   902     0E9A                     	;# 
   903     0E9B                     	;# 
   904     0E9C                     	;# 
   905     0E9D                     	;# 
   906     0E9E                     	;# 
   907     0E9F                     	;# 
   908     0EA0                     	;# 
   909     0EA1                     	;# 
   910     0EA2                     	;# 
   911     0EA3                     	;# 
   912     0EA4                     	;# 
   913     0EA5                     	;# 
   914     0EA6                     	;# 
   915     0EA7                     	;# 
   916     0EA8                     	;# 
   917     0EA9                     	;# 
   918     0EAA                     	;# 
   919     0EAB                     	;# 
   920     0EAC                     	;# 
   921     0EAD                     	;# 
   922     0EAE                     	;# 
   923     0EAF                     	;# 
   924     0EB0                     	;# 
   925     0EB1                     	;# 
   926     0EB2                     	;# 
   927     0F0F                     	;# 
   928     0F10                     	;# 
   929     0F11                     	;# 
   930     0F12                     	;# 
   931     0F13                     	;# 
   932     0F14                     	;# 
   933     0F15                     	;# 
   934     0F16                     	;# 
   935     0F17                     	;# 
   936     0F18                     	;# 
   937     0F19                     	;# 
   938     0F1A                     	;# 
   939     0F1B                     	;# 
   940     0F1C                     	;# 
   941     0F1D                     	;# 
   942     0F1E                     	;# 
   943     0F1F                     	;# 
   944     0F20                     	;# 
   945     0F21                     	;# 
   946     0F22                     	;# 
   947     0F23                     	;# 
   948     0F24                     	;# 
   949     0F25                     	;# 
   950     0F26                     	;# 
   951     0F27                     	;# 
   952     0F28                     	;# 
   953     0F29                     	;# 
   954     0F2A                     	;# 
   955     0F2B                     	;# 
   956     0F2C                     	;# 
   957     0F2D                     	;# 
   958     0F2E                     	;# 
   959     0F2F                     	;# 
   960     0F30                     	;# 
   961     0F31                     	;# 
   962     0F32                     	;# 
   963     0F33                     	;# 
   964     0F34                     	;# 
   965     0F35                     	;# 
   966     0F36                     	;# 
   967     0F37                     	;# 
   968     0FE4                     	;# 
   969     0FE5                     	;# 
   970     0FE6                     	;# 
   971     0FE7                     	;# 
   972     0FE8                     	;# 
   973     0FE9                     	;# 
   974     0FEA                     	;# 
   975     0FEB                     	;# 
   976     0FED                     	;# 
   977     0FEE                     	;# 
   978     0FEF                     	;# 
   979     0078                     _RD0	set	120
   980     008F                     _TRISDbits	set	143
   981     04CF                     _SPLLEN	set	1231
   982     04CE                     _IRCF3	set	1230
   983     04CD                     _IRCF2	set	1229
   984     04CC                     _IRCF1	set	1228
   985     04CB                     _IRCF0	set	1227
   986     04C9                     _SCS1	set	1225
   987     04C8                     _SCS0	set	1224
   988     018F                     _ANSELD	set	399
   989                           
   990                           	psect	cinit
   991     07FD                     start_initialization:	
   992                           ; #config settings
   993                           
   994     07FD                     __initialization:
   995     07FD                     end_of_initialization:	
   996                           ;End of C runtime variable initialization code
   997                           
   998     07FD                     __end_of__initialization:
   999     07FD  0020               	movlb	0
  1000     07FE  3187  2F88         	ljmp	_main	;jump to C main() function
  1001                           
  1002                           	psect	cstackCOMMON
  1003     0070                     __pcstackCOMMON:
  1004     0070                     ?_internal_16:
  1005     0070                     ??_internal_16:	
  1006                           ; 1 bytes @ 0x0
  1007                           
  1008     0070                     ?_servoRotate0:	
  1009                           ; 1 bytes @ 0x0
  1010                           
  1011     0070                     ??_servoRotate0:	
  1012                           ; 1 bytes @ 0x0
  1013                           
  1014     0070                     ?_servoRotate90:	
  1015                           ; 1 bytes @ 0x0
  1016                           
  1017     0070                     ??_servoRotate90:	
  1018                           ; 1 bytes @ 0x0
  1019                           
  1020     0070                     ?_servoRotate180:	
  1021                           ; 1 bytes @ 0x0
  1022                           
  1023     0070                     ??_servoRotate180:	
  1024                           ; 1 bytes @ 0x0
  1025                           
  1026     0070                     ?_initMain:	
  1027                           ; 1 bytes @ 0x0
  1028                           
  1029     0070                     ??_initMain:	
  1030                           ; 1 bytes @ 0x0
  1031                           
  1032     0070                     ?_main:	
  1033                           ; 1 bytes @ 0x0
  1034                           
  1035                           
  1036                           ; 1 bytes @ 0x0
  1037     0070                     	ds	1
  1038     0071                     servoRotate0@i:
  1039     0071                     servoRotate90@i:	
  1040                           ; 2 bytes @ 0x1
  1041                           
  1042     0071                     servoRotate180@i:	
  1043                           ; 2 bytes @ 0x1
  1044                           
  1045                           
  1046                           ; 2 bytes @ 0x1
  1047     0071                     	ds	2
  1048     0073                     ??_main:
  1049                           
  1050                           	psect	maintext
  1051     0788                     __pmaintext:	
  1052                           ; 1 bytes @ 0x3
  1053 ;;
  1054 ;;Main: autosize = 0, tempsize = 0, incstack = 0, save=0
  1055 ;;
  1056 ;; *************** function _main *****************
  1057 ;; Defined at:
  1058 ;;		line 46 in file "main.c"
  1059 ;; Parameters:    Size  Location     Type
  1060 ;;		None
  1061 ;; Auto vars:     Size  Location     Type
  1062 ;;		None
  1063 ;; Return value:  Size  Location     Type
  1064 ;;                  1    wreg      void 
  1065 ;; Registers used:
  1066 ;;		wreg, status,2, status,0, pclath, cstack
  1067 ;; Tracked objects:
  1068 ;;		On entry : B1F/0
  1069 ;;		On exit  : 0/0
  1070 ;;		Unchanged: 0/0
  1071 ;; Data sizes:     COMMON   BANK0   BANK1   BANK2   BANK3   BANK4   BANK5   BANK6   BANK7   BANK8   BANK9  BANK10  BANK1
      +1  BANK12  BANK13  BANK14  BANK15  BANK16  BANK17  BANK18  BANK19  BANK20  BANK21  BANK22  BANK23  BANK24  BANK25
  1072 ;;      Params:         0       0       0       0       0       0       0       0       0       0       0       0       
      +0       0       0       0       0       0       0       0       0       0       0       0       0       0       0
  1073 ;;      Locals:         0       0       0       0       0       0       0       0       0       0       0       0       
      +0       0       0       0       0       0       0       0       0       0       0       0       0       0       0
  1074 ;;      Temps:          0       0       0       0       0       0       0       0       0       0       0       0       
      +0       0       0       0       0       0       0       0       0       0       0       0       0       0       0
  1075 ;;      Totals:         0       0       0       0       0       0       0       0       0       0       0       0       
      +0       0       0       0       0       0       0       0       0       0       0       0       0       0       0
  1076 ;;Total ram usage:        0 bytes
  1077 ;; Hardware stack levels required when called: 2
  1078 ;; This function calls:
  1079 ;;		_initMain
  1080 ;;		_servoRotate0
  1081 ;;		_servoRotate180
  1082 ;;		_servoRotate90
  1083 ;; This function is called by:
  1084 ;;		Startup code after reset
  1085 ;; This function uses a non-reentrant model
  1086 ;;
  1087                           
  1088     0788                     _main:	
  1089                           ;psect for function _main
  1090                           
  1091     0788                     l641:	
  1092                           ;incstack = 0
  1093                           ; Regs used in _main: [wreg+status,2+status,0+pclath+cstack]
  1094                           
  1095                           
  1096                           ;main.c: 47:     initMain();
  1097     0788  3187  2777  3187   	fcall	_initMain
  1098     078B                     l643:
  1099                           
  1100                           ;main.c: 52:         servoRotate0();
  1101     078B  3187  2796  3187   	fcall	_servoRotate0
  1102     078E                     l645:
  1103                           
  1104                           ;main.c: 53:         servoRotate90();
  1105     078E  3187  27D9  3187   	fcall	_servoRotate90
  1106     0791                     l647:
  1107                           
  1108                           ;main.c: 54:         servoRotate180();
  1109     0791  3187  27B6  3187   	fcall	_servoRotate180
  1110     0794                     l21:
  1111     0794  3180  2803         	ljmp	start
  1112     0796                     __end_of_main:
  1113                           
  1114                           	psect	text1
  1115     07D9                     __ptext1:	
  1116 ;; *************** function _servoRotate90 *****************
  1117 ;; Defined at:
  1118 ;;		line 48 in file "Servo.c"
  1119 ;; Parameters:    Size  Location     Type
  1120 ;;		None
  1121 ;; Auto vars:     Size  Location     Type
  1122 ;;  i               2    1[COMMON] unsigned int 
  1123 ;; Return value:  Size  Location     Type
  1124 ;;                  1    wreg      void 
  1125 ;; Registers used:
  1126 ;;		wreg, status,2
  1127 ;; Tracked objects:
  1128 ;;		On entry : 0/0
  1129 ;;		On exit  : 0/0
  1130 ;;		Unchanged: 0/0
  1131 ;; Data sizes:     COMMON   BANK0   BANK1   BANK2   BANK3   BANK4   BANK5   BANK6   BANK7   BANK8   BANK9  BANK10  BANK1
      +1  BANK12  BANK13  BANK14  BANK15  BANK16  BANK17  BANK18  BANK19  BANK20  BANK21  BANK22  BANK23  BANK24  BANK25
  1132 ;;      Params:         0       0       0       0       0       0       0       0       0       0       0       0       
      +0       0       0       0       0       0       0       0       0       0       0       0       0       0       0
  1133 ;;      Locals:         2       0       0       0       0       0       0       0       0       0       0       0       
      +0       0       0       0       0       0       0       0       0       0       0       0       0       0       0
  1134 ;;      Temps:          1       0       0       0       0       0       0       0       0       0       0       0       
      +0       0       0       0       0       0       0       0       0       0       0       0       0       0       0
  1135 ;;      Totals:         3       0       0       0       0       0       0       0       0       0       0       0       
      +0       0       0       0       0       0       0       0       0       0       0       0       0       0       0
  1136 ;;Total ram usage:        3 bytes
  1137 ;; Hardware stack levels used: 1
  1138 ;; This function calls:
  1139 ;;		Nothing
  1140 ;; This function is called by:
  1141 ;;		_main
  1142 ;; This function uses a non-reentrant model
  1143 ;;
  1144                           
  1145     07D9                     _servoRotate90:	
  1146                           ;psect for function _servoRotate90
  1147                           
  1148     07D9                     l621:	
  1149                           ;incstack = 0
  1150                           ; Regs used in _servoRotate90: [wreg+status,2]
  1151                           
  1152                           
  1153                           ;Servo.c: 50:   unsigned int i;;Servo.c: 51:   for(i=0;i<50;i++)
  1154     07D9  01F1               	clrf	servoRotate90@i
  1155     07DA  01F2               	clrf	servoRotate90@i+1
  1156     07DB                     l70:
  1157                           
  1158                           ;Servo.c: 52:   {;Servo.c: 53:     RD0 = 1;
  1159     07DB  0020               	movlb	0	; select bank0
  1160     07DC  140F               	bsf	15,0	;volatile
  1161     07DD                     l627:
  1162                           
  1163                           ;Servo.c: 54:     _delay((unsigned long)((1700)*(8000000/4000000.0)));
  1164     07DD  3005               	movlw	5
  1165     07DE  00F0               	movwf	??_servoRotate90
  1166     07DF  3069               	movlw	105
  1167     07E0                     u47:
  1168     07E0  0B89               	decfsz	9,f
  1169     07E1  2FE0               	goto	u47
  1170     07E2  0BF0               	decfsz	??_servoRotate90,f
  1171     07E3  2FE0               	goto	u47
  1172     07E4  0000               	nop
  1173     07E5                     l629:
  1174                           
  1175                           ;Servo.c: 55:     RD0 = 0;
  1176     07E5  0020               	movlb	0	; select bank0
  1177     07E6  100F               	bcf	15,0	;volatile
  1178                           
  1179                           ;Servo.c: 56:     _delay((unsigned long)((18300)*(8000000/4000000.0)));
  1180     07E7  3030               	movlw	48
  1181     07E8  00F0               	movwf	??_servoRotate90
  1182     07E9  3087               	movlw	135
  1183     07EA                     u57:
  1184     07EA  0B89               	decfsz	9,f
  1185     07EB  2FEA               	goto	u57
  1186     07EC  0BF0               	decfsz	??_servoRotate90,f
  1187     07ED  2FEA               	goto	u57
  1188     07EE  0000               	nop
  1189                           
  1190                           ;Servo.c: 57:   }
  1191     07EF  3001               	movlw	1
  1192     07F0  07F1               	addwf	servoRotate90@i,f
  1193     07F1  3000               	movlw	0
  1194     07F2  3DF2               	addwfc	servoRotate90@i+1,f
  1195     07F3  3000               	movlw	0
  1196     07F4  0272               	subwf	servoRotate90@i+1,w
  1197     07F5  3032               	movlw	50
  1198     07F6  1903               	skipnz
  1199     07F7  0271               	subwf	servoRotate90@i,w
  1200     07F8  1C03               	skipc
  1201     07F9  2FFB               	goto	u21
  1202     07FA  2FFC               	goto	u20
  1203     07FB                     u21:
  1204     07FB  2FDB               	goto	l70
  1205     07FC                     u20:
  1206     07FC                     l72:
  1207     07FC  0008               	return
  1208     07FD                     __end_of_servoRotate90:
  1209                           
  1210                           	psect	text2
  1211     07B6                     __ptext2:	
  1212 ;; *************** function _servoRotate180 *****************
  1213 ;; Defined at:
  1214 ;;		line 69 in file "Servo.c"
  1215 ;; Parameters:    Size  Location     Type
  1216 ;;		None
  1217 ;; Auto vars:     Size  Location     Type
  1218 ;;  i               2    1[COMMON] unsigned int 
  1219 ;; Return value:  Size  Location     Type
  1220 ;;                  1    wreg      void 
  1221 ;; Registers used:
  1222 ;;		wreg, status,2
  1223 ;; Tracked objects:
  1224 ;;		On entry : 0/0
  1225 ;;		On exit  : 0/0
  1226 ;;		Unchanged: 0/0
  1227 ;; Data sizes:     COMMON   BANK0   BANK1   BANK2   BANK3   BANK4   BANK5   BANK6   BANK7   BANK8   BANK9  BANK10  BANK1
      +1  BANK12  BANK13  BANK14  BANK15  BANK16  BANK17  BANK18  BANK19  BANK20  BANK21  BANK22  BANK23  BANK24  BANK25
  1228 ;;      Params:         0       0       0       0       0       0       0       0       0       0       0       0       
      +0       0       0       0       0       0       0       0       0       0       0       0       0       0       0
  1229 ;;      Locals:         2       0       0       0       0       0       0       0       0       0       0       0       
      +0       0       0       0       0       0       0       0       0       0       0       0       0       0       0
  1230 ;;      Temps:          1       0       0       0       0       0       0       0       0       0       0       0       
      +0       0       0       0       0       0       0       0       0       0       0       0       0       0       0
  1231 ;;      Totals:         3       0       0       0       0       0       0       0       0       0       0       0       
      +0       0       0       0       0       0       0       0       0       0       0       0       0       0       0
  1232 ;;Total ram usage:        3 bytes
  1233 ;; Hardware stack levels used: 1
  1234 ;; This function calls:
  1235 ;;		Nothing
  1236 ;; This function is called by:
  1237 ;;		_main
  1238 ;; This function uses a non-reentrant model
  1239 ;;
  1240                           
  1241     07B6                     _servoRotate180:	
  1242                           ;psect for function _servoRotate180
  1243                           
  1244     07B6                     l631:	
  1245                           ;incstack = 0
  1246                           ; Regs used in _servoRotate180: [wreg+status,2]
  1247                           
  1248                           
  1249                           ;Servo.c: 71:   unsigned int i;;Servo.c: 72:   for(i=0;i<50;i++)
  1250     07B6  01F1               	clrf	servoRotate180@i
  1251     07B7  01F2               	clrf	servoRotate180@i+1
  1252     07B8                     l75:
  1253                           
  1254                           ;Servo.c: 73:   {;Servo.c: 74:     RD0 = 1;
  1255     07B8  0020               	movlb	0	; select bank0
  1256     07B9  140F               	bsf	15,0	;volatile
  1257     07BA                     l637:
  1258                           
  1259                           ;Servo.c: 75:     _delay((unsigned long)((2600)*(8000000/4000000.0)));
  1260     07BA  3007               	movlw	7
  1261     07BB  00F0               	movwf	??_servoRotate180
  1262     07BC  30C0               	movlw	192
  1263     07BD                     u67:
  1264     07BD  0B89               	decfsz	9,f
  1265     07BE  2FBD               	goto	u67
  1266     07BF  0BF0               	decfsz	??_servoRotate180,f
  1267     07C0  2FBD               	goto	u67
  1268     07C1                     l639:
  1269                           
  1270                           ;Servo.c: 76:     RD0 = 0;
  1271     07C1  0020               	movlb	0	; select bank0
  1272     07C2  100F               	bcf	15,0	;volatile
  1273                           
  1274                           ;Servo.c: 77:     _delay((unsigned long)((17400)*(8000000/4000000.0)));
  1275     07C3  302E               	movlw	46
  1276     07C4  00F0               	movwf	??_servoRotate180
  1277     07C5  3030               	movlw	48
  1278     07C6                     u77:
  1279     07C6  0B89               	decfsz	9,f
  1280     07C7  2FC6               	goto	u77
  1281     07C8  0BF0               	decfsz	??_servoRotate180,f
  1282     07C9  2FC6               	goto	u77
  1283     07CA  3200               	nop2
  1284                           
  1285                           ;Servo.c: 78:   }
  1286     07CB  3001               	movlw	1
  1287     07CC  07F1               	addwf	servoRotate180@i,f
  1288     07CD  3000               	movlw	0
  1289     07CE  3DF2               	addwfc	servoRotate180@i+1,f
  1290     07CF  3000               	movlw	0
  1291     07D0  0272               	subwf	servoRotate180@i+1,w
  1292     07D1  3032               	movlw	50
  1293     07D2  1903               	skipnz
  1294     07D3  0271               	subwf	servoRotate180@i,w
  1295     07D4  1C03               	skipc
  1296     07D5  2FD7               	goto	u31
  1297     07D6  2FD8               	goto	u30
  1298     07D7                     u31:
  1299     07D7  2FB8               	goto	l75
  1300     07D8                     u30:
  1301     07D8                     l77:
  1302     07D8  0008               	return
  1303     07D9                     __end_of_servoRotate180:
  1304                           
  1305                           	psect	text3
  1306     0796                     __ptext3:	
  1307 ;; *************** function _servoRotate0 *****************
  1308 ;; Defined at:
  1309 ;;		line 27 in file "Servo.c"
  1310 ;; Parameters:    Size  Location     Type
  1311 ;;		None
  1312 ;; Auto vars:     Size  Location     Type
  1313 ;;  i               2    1[COMMON] unsigned int 
  1314 ;; Return value:  Size  Location     Type
  1315 ;;                  1    wreg      void 
  1316 ;; Registers used:
  1317 ;;		wreg, status,2
  1318 ;; Tracked objects:
  1319 ;;		On entry : 0/0
  1320 ;;		On exit  : 0/0
  1321 ;;		Unchanged: 0/0
  1322 ;; Data sizes:     COMMON   BANK0   BANK1   BANK2   BANK3   BANK4   BANK5   BANK6   BANK7   BANK8   BANK9  BANK10  BANK1
      +1  BANK12  BANK13  BANK14  BANK15  BANK16  BANK17  BANK18  BANK19  BANK20  BANK21  BANK22  BANK23  BANK24  BANK25
  1323 ;;      Params:         0       0       0       0       0       0       0       0       0       0       0       0       
      +0       0       0       0       0       0       0       0       0       0       0       0       0       0       0
  1324 ;;      Locals:         2       0       0       0       0       0       0       0       0       0       0       0       
      +0       0       0       0       0       0       0       0       0       0       0       0       0       0       0
  1325 ;;      Temps:          1       0       0       0       0       0       0       0       0       0       0       0       
      +0       0       0       0       0       0       0       0       0       0       0       0       0       0       0
  1326 ;;      Totals:         3       0       0       0       0       0       0       0       0       0       0       0       
      +0       0       0       0       0       0       0       0       0       0       0       0       0       0       0
  1327 ;;Total ram usage:        3 bytes
  1328 ;; Hardware stack levels used: 1
  1329 ;; This function calls:
  1330 ;;		Nothing
  1331 ;; This function is called by:
  1332 ;;		_main
  1333 ;; This function uses a non-reentrant model
  1334 ;;
  1335                           
  1336     0796                     _servoRotate0:	
  1337                           ;psect for function _servoRotate0
  1338                           
  1339     0796                     l611:	
  1340                           ;incstack = 0
  1341                           ; Regs used in _servoRotate0: [wreg+status,2]
  1342                           
  1343                           
  1344                           ;Servo.c: 29:   unsigned int i;;Servo.c: 30:   for(i=0;i<50;i++)
  1345     0796  01F1               	clrf	servoRotate0@i
  1346     0797  01F2               	clrf	servoRotate0@i+1
  1347     0798                     l65:
  1348                           
  1349                           ;Servo.c: 31:   {;Servo.c: 32:     RD0 = 1;
  1350     0798  0020               	movlb	0	; select bank0
  1351     0799  140F               	bsf	15,0	;volatile
  1352     079A                     l617:
  1353                           
  1354                           ;Servo.c: 33:     _delay((unsigned long)((700)*(8000000/4000000.0)));
  1355     079A  30C8               	movlw	200
  1356     079B                     u87:
  1357     079B  3200               	nop2
  1358     079C  3200               	nop2
  1359     079D  0B89               	decfsz	9,f
  1360     079E  2F9B               	goto	u87
  1361     079F                     l619:
  1362                           
  1363                           ;Servo.c: 34:     RD0 = 0;
  1364     079F  0020               	movlb	0	; select bank0
  1365     07A0  100F               	bcf	15,0	;volatile
  1366                           
  1367                           ;Servo.c: 35:     _delay((unsigned long)((19300)*(8000000/4000000.0)));
  1368     07A1  3033               	movlw	51
  1369     07A2  00F0               	movwf	??_servoRotate0
  1370     07A3  3020               	movlw	32
  1371     07A4                     u97:
  1372     07A4  0B89               	decfsz	9,f
  1373     07A5  2FA4               	goto	u97
  1374     07A6  0BF0               	decfsz	??_servoRotate0,f
  1375     07A7  2FA4               	goto	u97
  1376                           
  1377                           ;Servo.c: 36:   }
  1378     07A8  3001               	movlw	1
  1379     07A9  07F1               	addwf	servoRotate0@i,f
  1380     07AA  3000               	movlw	0
  1381     07AB  3DF2               	addwfc	servoRotate0@i+1,f
  1382     07AC  3000               	movlw	0
  1383     07AD  0272               	subwf	servoRotate0@i+1,w
  1384     07AE  3032               	movlw	50
  1385     07AF  1903               	skipnz
  1386     07B0  0271               	subwf	servoRotate0@i,w
  1387     07B1  1C03               	skipc
  1388     07B2  2FB4               	goto	u11
  1389     07B3  2FB5               	goto	u10
  1390     07B4                     u11:
  1391     07B4  2F98               	goto	l65
  1392     07B5                     u10:
  1393     07B5                     l67:
  1394     07B5  0008               	return
  1395     07B6                     __end_of_servoRotate0:
  1396                           
  1397                           	psect	text4
  1398     0777                     __ptext4:	
  1399 ;; *************** function _initMain *****************
  1400 ;; Defined at:
  1401 ;;		line 21 in file "main.c"
  1402 ;; Parameters:    Size  Location     Type
  1403 ;;		None
  1404 ;; Auto vars:     Size  Location     Type
  1405 ;;		None
  1406 ;; Return value:  Size  Location     Type
  1407 ;;                  1    wreg      void 
  1408 ;; Registers used:
  1409 ;;		status,2, status,0, pclath, cstack
  1410 ;; Tracked objects:
  1411 ;;		On entry : 0/0
  1412 ;;		On exit  : 0/0
  1413 ;;		Unchanged: 0/0
  1414 ;; Data sizes:     COMMON   BANK0   BANK1   BANK2   BANK3   BANK4   BANK5   BANK6   BANK7   BANK8   BANK9  BANK10  BANK1
      +1  BANK12  BANK13  BANK14  BANK15  BANK16  BANK17  BANK18  BANK19  BANK20  BANK21  BANK22  BANK23  BANK24  BANK25
  1415 ;;      Params:         0       0       0       0       0       0       0       0       0       0       0       0       
      +0       0       0       0       0       0       0       0       0       0       0       0       0       0       0
  1416 ;;      Locals:         0       0       0       0       0       0       0       0       0       0       0       0       
      +0       0       0       0       0       0       0       0       0       0       0       0       0       0       0
  1417 ;;      Temps:          0       0       0       0       0       0       0       0       0       0       0       0       
      +0       0       0       0       0       0       0       0       0       0       0       0       0       0       0
  1418 ;;      Totals:         0       0       0       0       0       0       0       0       0       0       0       0       
      +0       0       0       0       0       0       0       0       0       0       0       0       0       0       0
  1419 ;;Total ram usage:        0 bytes
  1420 ;; Hardware stack levels used: 1
  1421 ;; Hardware stack levels required when called: 1
  1422 ;; This function calls:
  1423 ;;		_internal_16
  1424 ;; This function is called by:
  1425 ;;		_main
  1426 ;; This function uses a non-reentrant model
  1427 ;;
  1428                           
  1429     0777                     _initMain:	
  1430                           ;psect for function _initMain
  1431                           
  1432     0777                     l605:	
  1433                           ;incstack = 0
  1434                           ; Regs used in _initMain: [status,2+status,0+pclath+cstack]
  1435                           
  1436                           
  1437                           ;main.c: 23:     internal_16();
  1438     0777  3187  277F  3187   	fcall	_internal_16
  1439     077A                     l607:
  1440                           
  1441                           ;main.c: 31:     TRISDbits.TRISD0 = 0;
  1442     077A  0021               	movlb	1	; select bank1
  1443     077B  100F               	bcf	15,0	;volatile
  1444     077C                     l609:
  1445                           
  1446                           ;main.c: 34:     ANSELD = 0;
  1447     077C  0023               	movlb	3	; select bank3
  1448     077D  018F               	clrf	15	;volatile
  1449     077E                     l15:
  1450     077E  0008               	return
  1451     077F                     __end_of_initMain:
  1452                           
  1453                           	psect	text5
  1454     077F                     __ptext5:	
  1455 ;; *************** function _internal_16 *****************
  1456 ;; Defined at:
  1457 ;;		line 57 in file "PIC16F1719_Internal.c"
  1458 ;; Parameters:    Size  Location     Type
  1459 ;;		None
  1460 ;; Auto vars:     Size  Location     Type
  1461 ;;		None
  1462 ;; Return value:  Size  Location     Type
  1463 ;;                  1    wreg      void 
  1464 ;; Registers used:
  1465 ;;		None
  1466 ;; Tracked objects:
  1467 ;;		On entry : 0/0
  1468 ;;		On exit  : 0/0
  1469 ;;		Unchanged: 0/0
  1470 ;; Data sizes:     COMMON   BANK0   BANK1   BANK2   BANK3   BANK4   BANK5   BANK6   BANK7   BANK8   BANK9  BANK10  BANK1
      +1  BANK12  BANK13  BANK14  BANK15  BANK16  BANK17  BANK18  BANK19  BANK20  BANK21  BANK22  BANK23  BANK24  BANK25
  1471 ;;      Params:         0       0       0       0       0       0       0       0       0       0       0       0       
      +0       0       0       0       0       0       0       0       0       0       0       0       0       0       0
  1472 ;;      Locals:         0       0       0       0       0       0       0       0       0       0       0       0       
      +0       0       0       0       0       0       0       0       0       0       0       0       0       0       0
  1473 ;;      Temps:          0       0       0       0       0       0       0       0       0       0       0       0       
      +0       0       0       0       0       0       0       0       0       0       0       0       0       0       0
  1474 ;;      Totals:         0       0       0       0       0       0       0       0       0       0       0       0       
      +0       0       0       0       0       0       0       0       0       0       0       0       0       0       0
  1475 ;;Total ram usage:        0 bytes
  1476 ;; Hardware stack levels used: 1
  1477 ;; This function calls:
  1478 ;;		Nothing
  1479 ;; This function is called by:
  1480 ;;		_initMain
  1481 ;; This function uses a non-reentrant model
  1482 ;;
  1483                           
  1484     077F                     _internal_16:	
  1485                           ;psect for function _internal_16
  1486                           
  1487     077F                     l603:	
  1488                           ;incstack = 0
  1489                           ; Regs used in _internal_16: []
  1490                           
  1491                           
  1492                           ;PIC16F1719_Internal.c: 59:     SCS0 = 0;
  1493     077F  0021               	movlb	1	; select bank1
  1494     0780  1019               	bcf	25,0	;volatile
  1495                           
  1496                           ;PIC16F1719_Internal.c: 60:     SCS1 = 0;
  1497     0781  1099               	bcf	25,1	;volatile
  1498                           
  1499                           ;PIC16F1719_Internal.c: 63:     IRCF0 = 1;
  1500     0782  1599               	bsf	25,3	;volatile
  1501                           
  1502                           ;PIC16F1719_Internal.c: 64:     IRCF1 = 1;
  1503     0783  1619               	bsf	25,4	;volatile
  1504                           
  1505                           ;PIC16F1719_Internal.c: 65:     IRCF2 = 1;
  1506     0784  1699               	bsf	25,5	;volatile
  1507                           
  1508                           ;PIC16F1719_Internal.c: 66:     IRCF3 = 1;
  1509     0785  1719               	bsf	25,6	;volatile
  1510                           
  1511                           ;PIC16F1719_Internal.c: 69:     SPLLEN = 0;
  1512     0786  1399               	bcf	25,7	;volatile
  1513     0787                     l43:
  1514     0787  0008               	return
  1515     0788                     __end_of_internal_16:
  1516     007E                     btemp	set	126	;btemp
  1517     007E                     wtemp0	set	126
  1518                           
  1519                           	psect	config
  1520                           
  1521                           ;Config register CONFIG1 @ 0x8007
  1522                           ;	Oscillator Selection Bits
  1523                           ;	FOSC = INTOSC, INTOSC oscillator: I/O function on CLKIN pin
  1524                           ;	Watchdog Timer Enable
  1525                           ;	WDTE = OFF, WDT disabled
  1526                           ;	Power-up Timer Enable
  1527                           ;	PWRTE = OFF, PWRT disabled
  1528                           ;	MCLR Pin Function Select
  1529                           ;	MCLRE = OFF, MCLR/VPP pin function is digital input if LVP bit is also 0.
  1530                           ;	Flash Program Memory Code Protection
  1531                           ;	CP = OFF, Program memory code protection is disabled
  1532                           ;	Brown-out Reset Enable
  1533                           ;	BOREN = OFF, Brown-out Reset disabled
  1534                           ;	Clock Out Enable
  1535                           ;	CLKOUTEN = OFF, CLKOUT function is disabled. I/O or oscillator function on the CLKOUT 
      +                          pin
  1536                           ;	Internal/External Switchover Mode
  1537                           ;	IESO = ON, Internal/External Switchover Mode is enabled
  1538                           ;	Fail-Safe Clock Monitor Enable
  1539                           ;	FCMEN = OFF, Fail-Safe Clock Monitor is disabled
  1540     8007                     	org	32775
  1541     8007  19A4               	dw	6564
  1542                           
  1543                           ;Config register CONFIG2 @ 0x8008
  1544                           ;	Flash Memory Self-Write Protection
  1545                           ;	WRT = OFF, Write protection off
  1546                           ;	Peripheral Pin Select one-way control
  1547                           ;	PPS1WAY = ON, The PPSLOCK bit cannot be cleared once it is set by software
  1548                           ;	Zero-cross detect disable
  1549                           ;	ZCDDIS = ON, ZCD disabled. ZCD can be enabled by setting the ZCDSEN bit of ZCDCON
  1550                           ;	Phase Lock Loop enable
  1551                           ;	PLLEN = OFF, 4x PLL is disabled
  1552                           ;	Stack Overflow/Underflow Reset Enable
  1553                           ;	STVREN = ON, Stack Overflow or Underflow will cause a Reset
  1554                           ;	Brown-out Reset Voltage Selection
  1555                           ;	BORV = LO, Brown-out Reset Voltage (Vbor), low trip point selected.
  1556                           ;	Low-Power Brown Out Reset
  1557                           ;	LPBOR = OFF, Low-Power BOR is disabled
  1558                           ;	In-Circuit Debugger Mode
  1559                           ;	DEBUG = 0x1, unprogrammed default
  1560                           ;	Low-Voltage Programming Enable
  1561                           ;	LVP = OFF, High-voltage on MCLR/VPP must be used for programming
  1562     8008                     	org	32776
  1563     8008  1EFF               	dw	7935

Data Sizes:
    Strings     0
    Constant    0
    Data        0
    BSS         0
    Persistent  32
    Stack       0

Auto Spaces:
    Space          Size  Autos    Used
    COMMON           14      3       3
    BANK0            80      0       0
    BANK1            80      0       0
    BANK2            80      0       0
    BANK3            80      0       0
    BANK4            80      0       0
    BANK5            80      0       0
    BANK6            80      0       0
    BANK7            80      0       0
    BANK8            80      0       0
    BANK9            80      0       0
    BANK10           80      0       0
    BANK11           80      0       0
    BANK12           80      0       0
    BANK13           80      0       0
    BANK14           80      0       0
    BANK15           80      0       0
    BANK16           80      0       0
    BANK17           80      0       0
    BANK18           80      0       0
    BANK19           80      0       0
    BANK20           80      0       0
    BANK21           80      0       0
    BANK22           80      0       0
    BANK23           80      0       0
    BANK24           80      0       0
    BANK25           32      0       0

Pointer List with Targets:

    None.

Critical Paths under _main in COMMON

    _main->_servoRotate0
    _main->_servoRotate180
    _main->_servoRotate90

Critical Paths under _main in BANK0

    None.

Critical Paths under _main in BANK1

    None.

Critical Paths under _main in BANK2

    None.

Critical Paths under _main in BANK3

    None.

Critical Paths under _main in BANK4

    None.

Critical Paths under _main in BANK5

    None.

Critical Paths under _main in BANK6

    None.

Critical Paths under _main in BANK7

    None.

Critical Paths under _main in BANK8

    None.

Critical Paths under _main in BANK9

    None.

Critical Paths under _main in BANK10

    None.

Critical Paths under _main in BANK11

    None.

Critical Paths under _main in BANK12

    None.

Critical Paths under _main in BANK13

    None.

Critical Paths under _main in BANK14

    None.

Critical Paths under _main in BANK15

    None.

Critical Paths under _main in BANK16

    None.

Critical Paths under _main in BANK17

    None.

Critical Paths under _main in BANK18

    None.

Critical Paths under _main in BANK19

    None.

Critical Paths under _main in BANK20

    None.

Critical Paths under _main in BANK21

    None.

Critical Paths under _main in BANK22

    None.

Critical Paths under _main in BANK23

    None.

Critical Paths under _main in BANK24

    None.

Critical Paths under _main in BANK25

    None.

Call Graph Tables:

 ---------------------------------------------------------------------------------
 (Depth) Function   	        Calls       Base Space   Used Autos Params    Refs
 ---------------------------------------------------------------------------------
 (0) _main                                                 0     0      0      90
                           _initMain
                       _servoRotate0
                     _servoRotate180
                      _servoRotate90
 ---------------------------------------------------------------------------------
 (1) _servoRotate90                                        3     3      0      30
                                              0 COMMON     3     3      0
 ---------------------------------------------------------------------------------
 (1) _servoRotate180                                       3     3      0      30
                                              0 COMMON     3     3      0
 ---------------------------------------------------------------------------------
 (1) _servoRotate0                                         3     3      0      30
                                              0 COMMON     3     3      0
 ---------------------------------------------------------------------------------
 (1) _initMain                                             0     0      0       0
                        _internal_16
 ---------------------------------------------------------------------------------
 (2) _internal_16                                          0     0      0       0
 ---------------------------------------------------------------------------------
 Estimated maximum stack depth 2
 ---------------------------------------------------------------------------------

 Call Graph Graphs:

 _main (ROOT)
   _initMain
     _internal_16
   _servoRotate0
   _servoRotate180
   _servoRotate90

 Address spaces:
Name               Size   Autos  Total    Cost      Usage
BIGRAM             7F0      0       0       0        0.0%
NULL                 0      0       0       0        0.0%
CODE                 0      0       0       0        0.0%
BITCOMMON            E      0       0       1        0.0%
BITSFR0              0      0       0       1        0.0%
SFR0                 0      0       0       1        0.0%
COMMON               E      3       3       2       21.4%
BITSFR1              0      0       0       2        0.0%
SFR1                 0      0       0       2        0.0%
BITSFR2              0      0       0       3        0.0%
SFR2                 0      0       0       3        0.0%
STACK                0      0       0       3        0.0%
BITBANK0            50      0       0       4        0.0%
BITSFR3              0      0       0       4        0.0%
SFR3                 0      0       0       4        0.0%
BANK0               50      0       0       5        0.0%
BITSFR4              0      0       0       5        0.0%
SFR4                 0      0       0       5        0.0%
BITBANK1            50      0       0       6        0.0%
BITSFR5              0      0       0       6        0.0%
SFR5                 0      0       0       6        0.0%
BANK1               50      0       0       7        0.0%
BITSFR6              0      0       0       7        0.0%
SFR6                 0      0       0       7        0.0%
BITBANK2            50      0       0       8        0.0%
BITSFR7              0      0       0       8        0.0%
SFR7                 0      0       0       8        0.0%
BANK2               50      0       0       9        0.0%
BITSFR8              0      0       0       9        0.0%
SFR8                 0      0       0       9        0.0%
BITBANK3            50      0       0      10        0.0%
BITSFR9              0      0       0      10        0.0%
SFR9                 0      0       0      10        0.0%
BANK3               50      0       0      11        0.0%
BITSFR10             0      0       0      11        0.0%
SFR10                0      0       0      11        0.0%
BITBANK4            50      0       0      12        0.0%
BITSFR11             0      0       0      12        0.0%
SFR11                0      0       0      12        0.0%
BANK4               50      0       0      13        0.0%
BITSFR12             0      0       0      13        0.0%
SFR12                0      0       0      13        0.0%
BITSFR13             0      0       0      14        0.0%
SFR13                0      0       0      14        0.0%
ABS                  0      0       0      14        0.0%
BITBANK5            50      0       0      15        0.0%
BITSFR14             0      0       0      15        0.0%
SFR14                0      0       0      15        0.0%
BANK5               50      0       0      16        0.0%
BITSFR15             0      0       0      16        0.0%
SFR15                0      0       0      16        0.0%
BITBANK6            50      0       0      17        0.0%
BITSFR16             0      0       0      17        0.0%
SFR16                0      0       0      17        0.0%
BANK6               50      0       0      18        0.0%
BITSFR17             0      0       0      18        0.0%
SFR17                0      0       0      18        0.0%
BITBANK7            50      0       0      19        0.0%
BITSFR18             0      0       0      19        0.0%
SFR18                0      0       0      19        0.0%
BANK7               50      0       0      20        0.0%
BITSFR19             0      0       0      20        0.0%
SFR19                0      0       0      20        0.0%
BITBANK8            50      0       0      21        0.0%
BITSFR20             0      0       0      21        0.0%
SFR20                0      0       0      21        0.0%
BANK8               50      0       0      22        0.0%
BITSFR21             0      0       0      22        0.0%
SFR21                0      0       0      22        0.0%
BITBANK9            50      0       0      23        0.0%
BITSFR22             0      0       0      23        0.0%
SFR22                0      0       0      23        0.0%
BANK9               50      0       0      24        0.0%
BITSFR23             0      0       0      24        0.0%
SFR23                0      0       0      24        0.0%
BITBANK10           50      0       0      25        0.0%
BITSFR24             0      0       0      25        0.0%
SFR24                0      0       0      25        0.0%
BANK10              50      0       0      26        0.0%
BITSFR25             0      0       0      26        0.0%
SFR25                0      0       0      26        0.0%
BITBANK11           50      0       0      27        0.0%
BITSFR26             0      0       0      27        0.0%
SFR26                0      0       0      27        0.0%
BITSFR27             0      0       0      28        0.0%
SFR27                0      0       0      28        0.0%
DATA                 0      0       0      28        0.0%
BANK11              50      0       0      29        0.0%
BITSFR28             0      0       0      29        0.0%
SFR28                0      0       0      29        0.0%
BITBANK12           50      0       0      30        0.0%
BITSFR29             0      0       0      30        0.0%
SFR29                0      0       0      30        0.0%
BANK12              50      0       0      31        0.0%
BITSFR30             0      0       0      31        0.0%
SFR30                0      0       0      31        0.0%
BITBANK13           50      0       0      32        0.0%
BITSFR31             0      0       0      32        0.0%
SFR31                0      0       0      32        0.0%
BANK13              50      0       0      33        0.0%
BITBANK14           50      0       0      34        0.0%
BANK14              50      0       0      35        0.0%
BITBANK15           50      0       0      36        0.0%
BANK15              50      0       0      37        0.0%
BITBANK16           50      0       0      38        0.0%
BANK16              50      0       0      39        0.0%
BITBANK17           50      0       0      40        0.0%
BANK17              50      0       0      41        0.0%
BITBANK18           50      0       0      42        0.0%
BANK18              50      0       0      43        0.0%
BITBANK19           50      0       0      44        0.0%
BANK19              50      0       0      45        0.0%
BITBANK20           50      0       0      46        0.0%
BANK20              50      0       0      47        0.0%
BITBANK21           50      0       0      48        0.0%
BANK21              50      0       0      49        0.0%
BITBANK22           50      0       0      50        0.0%
BANK22              50      0       0      51        0.0%
BITBANK23           50      0       0      52        0.0%
BANK23              50      0       0      53        0.0%
BITBANK24           50      0       0      54        0.0%
BANK24              50      0       0      55        0.0%
BITBANK25           20      0       0      56        0.0%
BANK25              20      0       0      57        0.0%


Microchip Technology PIC Macro Assembler V2.45 build 20230818022343 
Symbol Table                                                                                   Sun Nov 26 04:46:54 2023

                     l21 0794                       l15 077E                       l43 0787  
                     l70 07DB                       l72 07FC                       l65 0798  
                     l67 07B5                       l75 07B8                       l77 07D8  
                     u10 07B5                       u11 07B4                       u20 07FC  
                     u21 07FB                       u30 07D8                       u31 07D7  
                     u47 07E0                       u57 07EA                       u67 07BD  
                     u77 07C6                       u87 079B                       u97 07A4  
          servoRotate0@i 0071                      l603 077F                      l611 0796  
                    l605 0777                      l621 07D9                      l607 077A  
                    l631 07B6                      l609 077C                      l617 079A  
                    l641 0788                      l619 079F                      l627 07DD  
                    l643 078B                      l637 07BA                      l629 07E5  
                    l645 078E                      l639 07C1                      l647 0791  
                    _RD0 0078                      wreg 0009           servoRotate90@i 0071  
                   _SCS0 04C8                     _SCS1 04C9                     _main 0788  
                   btemp 007E                     start 0003          ??_servoRotate90 0070  
        servoRotate180@i 0071                    ?_main 0070                    _IRCF0 04CB  
                  _IRCF1 04CC                    _IRCF2 04CD                    _IRCF3 04CE  
                  wtemp0 007E         ??_servoRotate180 0070             ?_internal_16 0070  
        __initialization 07FD             __end_of_main 0796                   ??_main 0073  
                 _ANSELD 018F                   _SPLLEN 04CF         __end_of_initMain 077F  
__end_of__initialization 07FD           __pcstackCOMMON 0070               __pmaintext 0788  
              ?_initMain 0070    __end_of_servoRotate90 07FD                  __ptext1 07D9  
                __ptext2 07B6                  __ptext3 0796                  __ptext4 0777  
                __ptext5 077F     end_of_initialization 07FD               ??_initMain 0070  
          ?_servoRotate0 0070                _TRISDbits 008F           ??_servoRotate0 0070  
    start_initialization 07FD                ___latbits 0003            ??_internal_16 0070  
   __end_of_servoRotate0 07B6      __end_of_internal_16 0788           _servoRotate180 07B6  
 __end_of_servoRotate180 07D9                 _initMain 0777              _internal_16 077F  
        ?_servoRotate180 0070            _servoRotate90 07D9           ?_servoRotate90 0070  
           _servoRotate0 0796  
