

Microchip MPLAB XC8 Assembler V2.45 build 20230818022343 
                                                                                               Sat Nov 18 04:52:14 2023

Microchip MPLAB XC8 C Compiler v2.45 (Free license) build 20230818022343 Og1 
     1                           	processor	16F1719
     2                           	pagewidth 120
     3                           	opt	flic
     4                           	psect	cinit,global,class=CODE,merge=1,delta=2
     5                           	psect	cstackCOMMON,global,class=COMMON,space=1,delta=1,noexec
     6                           	psect	maintext,global,class=CODE,merge=1,split=1,delta=2
     7                           	psect	text1,local,class=CODE,merge=1,delta=2
     8                           	psect	text2,local,class=CODE,merge=1,delta=2
     9                           	psect	config,global,abs,ovrld,class=CONFIG,space=4,delta=2,noexec
    10                           	dabs	1,0x7E,2
    11     0000                     
    12                           ; Generated 06/07/2023 GMT
    13                           ; 
    14                           ; Copyright © 2023, Microchip Technology Inc. and its subsidiaries ("Microchip")
    15                           ; All rights reserved.
    16                           ; 
    17                           ; This software is developed by Microchip Technology Inc. and its subsidiaries ("Microch
      +                          ip").
    18                           ; 
    19                           ; Redistribution and use in source and binary forms, with or without modification, are
    20                           ; permitted provided that the following conditions are met:
    21                           ; 
    22                           ;     1. Redistributions of source code must retain the above copyright notice, this lis
      +                          t of
    23                           ;        conditions and the following disclaimer.
    24                           ; 
    25                           ;     2. Redistributions in binary form must reproduce the above copyright notice, this 
      +                          list
    26                           ;        of conditions and the following disclaimer in the documentation and/or other
    27                           ;        materials provided with the distribution. Publication is not required when
    28                           ;        this file is used in an embedded application.
    29                           ; 
    30                           ;     3. Microchip's name may not be used to endorse or promote products derived from th
      +                          is
    31                           ;        software without specific prior written permission.
    32                           ; 
    33                           ; THIS SOFTWARE IS PROVIDED BY MICROCHIP "AS IS" AND ANY EXPRESS OR IMPLIED WARRANTIES,
    34                           ; INCLUDING, BUT NOT LIMITED TO, THE IMPLIED WARRANTIES OF MERCHANTABILITY AND FITNESS F
      +                          OR
    35                           ; PURPOSE ARE DISCLAIMED.  IN NO EVENT SHALL MICROCHIP BE LIABLE FOR ANY DIRECT, INDIREC
      +                          T,
    36                           ; INCIDENTAL, SPECIAL, EXEMPLARY, OR CONSEQUENTIAL DAMAGES (INCLUDING BUT NOT LIMITED TO
    37                           ; PROCUREMENT OF SUBSTITUTE GOODS OR SERVICES; LOSS OF USE, DATA OR PROFITS; OR BUSINESS
    38                           ; INTERRUPTION) HOWSOEVER CAUSED AND ON ANY THEORY OF LIABILITY, WHETHER IN CONTRACT, ST
      +                          RICT
    39                           ; LIABILITY, OR TORT (INCLUDING NEGLIGENCE OR OTHERWISE) ARISING IN ANY WAY OUT OF THE U
      +                          SE OF
    40                           ; THIS SOFTWARE, EVEN IF ADVISED OF THE POSSIBILITY OF SUCH DAMAGE.
    41                           ; 
    42                           ; 
    43                           ; Code-generator required, PIC16F1719 Definitions
    44                           ; 
    45                           ; SFR Addresses
    46     0000                     	;# 
    47     0001                     	;# 
    48     0002                     	;# 
    49     0003                     	;# 
    50     0004                     	;# 
    51     0005                     	;# 
    52     0006                     	;# 
    53     0007                     	;# 
    54     0008                     	;# 
    55     0009                     	;# 
    56     000A                     	;# 
    57     000B                     	;# 
    58     000C                     	;# 
    59     000D                     	;# 
    60     000E                     	;# 
    61     000F                     	;# 
    62     0010                     	;# 
    63     0011                     	;# 
    64     0012                     	;# 
    65     0013                     	;# 
    66     0015                     	;# 
    67     0016                     	;# 
    68     0016                     	;# 
    69     0017                     	;# 
    70     0018                     	;# 
    71     0019                     	;# 
    72     001A                     	;# 
    73     001B                     	;# 
    74     001C                     	;# 
    75     008C                     	;# 
    76     008D                     	;# 
    77     008E                     	;# 
    78     008F                     	;# 
    79     0090                     	;# 
    80     0091                     	;# 
    81     0092                     	;# 
    82     0093                     	;# 
    83     0095                     	;# 
    84     0096                     	;# 
    85     0097                     	;# 
    86     0098                     	;# 
    87     0099                     	;# 
    88     009A                     	;# 
    89     009B                     	;# 
    90     009B                     	;# 
    91     009C                     	;# 
    92     009D                     	;# 
    93     009E                     	;# 
    94     009F                     	;# 
    95     010C                     	;# 
    96     010D                     	;# 
    97     010E                     	;# 
    98     010F                     	;# 
    99     0110                     	;# 
   100     0111                     	;# 
   101     0112                     	;# 
   102     0113                     	;# 
   103     0114                     	;# 
   104     0115                     	;# 
   105     0116                     	;# 
   106     0117                     	;# 
   107     0118                     	;# 
   108     0119                     	;# 
   109     011A                     	;# 
   110     011B                     	;# 
   111     011B                     	;# 
   112     011C                     	;# 
   113     018C                     	;# 
   114     018D                     	;# 
   115     018E                     	;# 
   116     018F                     	;# 
   117     0190                     	;# 
   118     0191                     	;# 
   119     0191                     	;# 
   120     0192                     	;# 
   121     0193                     	;# 
   122     0193                     	;# 
   123     0194                     	;# 
   124     0195                     	;# 
   125     0196                     	;# 
   126     0197                     	;# 
   127     0199                     	;# 
   128     0199                     	;# 
   129     0199                     	;# 
   130     019A                     	;# 
   131     019A                     	;# 
   132     019A                     	;# 
   133     019B                     	;# 
   134     019B                     	;# 
   135     019B                     	;# 
   136     019B                     	;# 
   137     019B                     	;# 
   138     019C                     	;# 
   139     019C                     	;# 
   140     019C                     	;# 
   141     019D                     	;# 
   142     019D                     	;# 
   143     019D                     	;# 
   144     019E                     	;# 
   145     019E                     	;# 
   146     019E                     	;# 
   147     019F                     	;# 
   148     019F                     	;# 
   149     019F                     	;# 
   150     019F                     	;# 
   151     019F                     	;# 
   152     020C                     	;# 
   153     020D                     	;# 
   154     020E                     	;# 
   155     020F                     	;# 
   156     0210                     	;# 
   157     0211                     	;# 
   158     0211                     	;# 
   159     0212                     	;# 
   160     0212                     	;# 
   161     0213                     	;# 
   162     0213                     	;# 
   163     0214                     	;# 
   164     0214                     	;# 
   165     0215                     	;# 
   166     0215                     	;# 
   167     0215                     	;# 
   168     0215                     	;# 
   169     0216                     	;# 
   170     0216                     	;# 
   171     0217                     	;# 
   172     0217                     	;# 
   173     028C                     	;# 
   174     028D                     	;# 
   175     028E                     	;# 
   176     028F                     	;# 
   177     0290                     	;# 
   178     0291                     	;# 
   179     0291                     	;# 
   180     0292                     	;# 
   181     0293                     	;# 
   182     0293                     	;# 
   183     0298                     	;# 
   184     0298                     	;# 
   185     0299                     	;# 
   186     029A                     	;# 
   187     029A                     	;# 
   188     029E                     	;# 
   189     030C                     	;# 
   190     030D                     	;# 
   191     030E                     	;# 
   192     030F                     	;# 
   193     0310                     	;# 
   194     038C                     	;# 
   195     038D                     	;# 
   196     038E                     	;# 
   197     038F                     	;# 
   198     0390                     	;# 
   199     0391                     	;# 
   200     0392                     	;# 
   201     0393                     	;# 
   202     0394                     	;# 
   203     0395                     	;# 
   204     0396                     	;# 
   205     0397                     	;# 
   206     0398                     	;# 
   207     0399                     	;# 
   208     039D                     	;# 
   209     039E                     	;# 
   210     039F                     	;# 
   211     0415                     	;# 
   212     0416                     	;# 
   213     0417                     	;# 
   214     041C                     	;# 
   215     041D                     	;# 
   216     041E                     	;# 
   217     0498                     	;# 
   218     0498                     	;# 
   219     0499                     	;# 
   220     049A                     	;# 
   221     049B                     	;# 
   222     049B                     	;# 
   223     049C                     	;# 
   224     049D                     	;# 
   225     049E                     	;# 
   226     049F                     	;# 
   227     0511                     	;# 
   228     0515                     	;# 
   229     0617                     	;# 
   230     0618                     	;# 
   231     0619                     	;# 
   232     0619                     	;# 
   233     061A                     	;# 
   234     061B                     	;# 
   235     061C                     	;# 
   236     061C                     	;# 
   237     0691                     	;# 
   238     0692                     	;# 
   239     0693                     	;# 
   240     0694                     	;# 
   241     0695                     	;# 
   242     0696                     	;# 
   243     0697                     	;# 
   244     0698                     	;# 
   245     0699                     	;# 
   246     069A                     	;# 
   247     069B                     	;# 
   248     069C                     	;# 
   249     069D                     	;# 
   250     069E                     	;# 
   251     069F                     	;# 
   252     0E0F                     	;# 
   253     0E10                     	;# 
   254     0E11                     	;# 
   255     0E12                     	;# 
   256     0E13                     	;# 
   257     0E14                     	;# 
   258     0E15                     	;# 
   259     0E17                     	;# 
   260     0E20                     	;# 
   261     0E21                     	;# 
   262     0E22                     	;# 
   263     0E24                     	;# 
   264     0E25                     	;# 
   265     0E28                     	;# 
   266     0E29                     	;# 
   267     0E2A                     	;# 
   268     0E2B                     	;# 
   269     0E90                     	;# 
   270     0E91                     	;# 
   271     0E92                     	;# 
   272     0E93                     	;# 
   273     0E94                     	;# 
   274     0E95                     	;# 
   275     0E96                     	;# 
   276     0E97                     	;# 
   277     0E98                     	;# 
   278     0E99                     	;# 
   279     0E9A                     	;# 
   280     0E9B                     	;# 
   281     0E9C                     	;# 
   282     0E9D                     	;# 
   283     0E9E                     	;# 
   284     0E9F                     	;# 
   285     0EA0                     	;# 
   286     0EA1                     	;# 
   287     0EA2                     	;# 
   288     0EA3                     	;# 
   289     0EA4                     	;# 
   290     0EA5                     	;# 
   291     0EA6                     	;# 
   292     0EA7                     	;# 
   293     0EA8                     	;# 
   294     0EA9                     	;# 
   295     0EAA                     	;# 
   296     0EAB                     	;# 
   297     0EAC                     	;# 
   298     0EAD                     	;# 
   299     0EAE                     	;# 
   300     0EAF                     	;# 
   301     0EB0                     	;# 
   302     0EB1                     	;# 
   303     0EB2                     	;# 
   304     0F0F                     	;# 
   305     0F10                     	;# 
   306     0F11                     	;# 
   307     0F12                     	;# 
   308     0F13                     	;# 
   309     0F14                     	;# 
   310     0F15                     	;# 
   311     0F16                     	;# 
   312     0F17                     	;# 
   313     0F18                     	;# 
   314     0F19                     	;# 
   315     0F1A                     	;# 
   316     0F1B                     	;# 
   317     0F1C                     	;# 
   318     0F1D                     	;# 
   319     0F1E                     	;# 
   320     0F1F                     	;# 
   321     0F20                     	;# 
   322     0F21                     	;# 
   323     0F22                     	;# 
   324     0F23                     	;# 
   325     0F24                     	;# 
   326     0F25                     	;# 
   327     0F26                     	;# 
   328     0F27                     	;# 
   329     0F28                     	;# 
   330     0F29                     	;# 
   331     0F2A                     	;# 
   332     0F2B                     	;# 
   333     0F2C                     	;# 
   334     0F2D                     	;# 
   335     0F2E                     	;# 
   336     0F2F                     	;# 
   337     0F30                     	;# 
   338     0F31                     	;# 
   339     0F32                     	;# 
   340     0F33                     	;# 
   341     0F34                     	;# 
   342     0F35                     	;# 
   343     0F36                     	;# 
   344     0F37                     	;# 
   345     0FE4                     	;# 
   346     0FE5                     	;# 
   347     0FE6                     	;# 
   348     0FE7                     	;# 
   349     0FE8                     	;# 
   350     0FE9                     	;# 
   351     0FEA                     	;# 
   352     0FEB                     	;# 
   353     0FED                     	;# 
   354     0FEE                     	;# 
   355     0FEF                     	;# 
   356     0000                     	;# 
   357     0001                     	;# 
   358     0002                     	;# 
   359     0003                     	;# 
   360     0004                     	;# 
   361     0005                     	;# 
   362     0006                     	;# 
   363     0007                     	;# 
   364     0008                     	;# 
   365     0009                     	;# 
   366     000A                     	;# 
   367     000B                     	;# 
   368     000C                     	;# 
   369     000D                     	;# 
   370     000E                     	;# 
   371     000F                     	;# 
   372     0010                     	;# 
   373     0011                     	;# 
   374     0012                     	;# 
   375     0013                     	;# 
   376     0015                     	;# 
   377     0016                     	;# 
   378     0016                     	;# 
   379     0017                     	;# 
   380     0018                     	;# 
   381     0019                     	;# 
   382     001A                     	;# 
   383     001B                     	;# 
   384     001C                     	;# 
   385     008C                     	;# 
   386     008D                     	;# 
   387     008E                     	;# 
   388     008F                     	;# 
   389     0090                     	;# 
   390     0091                     	;# 
   391     0092                     	;# 
   392     0093                     	;# 
   393     0095                     	;# 
   394     0096                     	;# 
   395     0097                     	;# 
   396     0098                     	;# 
   397     0099                     	;# 
   398     009A                     	;# 
   399     009B                     	;# 
   400     009B                     	;# 
   401     009C                     	;# 
   402     009D                     	;# 
   403     009E                     	;# 
   404     009F                     	;# 
   405     010C                     	;# 
   406     010D                     	;# 
   407     010E                     	;# 
   408     010F                     	;# 
   409     0110                     	;# 
   410     0111                     	;# 
   411     0112                     	;# 
   412     0113                     	;# 
   413     0114                     	;# 
   414     0115                     	;# 
   415     0116                     	;# 
   416     0117                     	;# 
   417     0118                     	;# 
   418     0119                     	;# 
   419     011A                     	;# 
   420     011B                     	;# 
   421     011B                     	;# 
   422     011C                     	;# 
   423     018C                     	;# 
   424     018D                     	;# 
   425     018E                     	;# 
   426     018F                     	;# 
   427     0190                     	;# 
   428     0191                     	;# 
   429     0191                     	;# 
   430     0192                     	;# 
   431     0193                     	;# 
   432     0193                     	;# 
   433     0194                     	;# 
   434     0195                     	;# 
   435     0196                     	;# 
   436     0197                     	;# 
   437     0199                     	;# 
   438     0199                     	;# 
   439     0199                     	;# 
   440     019A                     	;# 
   441     019A                     	;# 
   442     019A                     	;# 
   443     019B                     	;# 
   444     019B                     	;# 
   445     019B                     	;# 
   446     019B                     	;# 
   447     019B                     	;# 
   448     019C                     	;# 
   449     019C                     	;# 
   450     019C                     	;# 
   451     019D                     	;# 
   452     019D                     	;# 
   453     019D                     	;# 
   454     019E                     	;# 
   455     019E                     	;# 
   456     019E                     	;# 
   457     019F                     	;# 
   458     019F                     	;# 
   459     019F                     	;# 
   460     019F                     	;# 
   461     019F                     	;# 
   462     020C                     	;# 
   463     020D                     	;# 
   464     020E                     	;# 
   465     020F                     	;# 
   466     0210                     	;# 
   467     0211                     	;# 
   468     0211                     	;# 
   469     0212                     	;# 
   470     0212                     	;# 
   471     0213                     	;# 
   472     0213                     	;# 
   473     0214                     	;# 
   474     0214                     	;# 
   475     0215                     	;# 
   476     0215                     	;# 
   477     0215                     	;# 
   478     0215                     	;# 
   479     0216                     	;# 
   480     0216                     	;# 
   481     0217                     	;# 
   482     0217                     	;# 
   483     028C                     	;# 
   484     028D                     	;# 
   485     028E                     	;# 
   486     028F                     	;# 
   487     0290                     	;# 
   488     0291                     	;# 
   489     0291                     	;# 
   490     0292                     	;# 
   491     0293                     	;# 
   492     0293                     	;# 
   493     0298                     	;# 
   494     0298                     	;# 
   495     0299                     	;# 
   496     029A                     	;# 
   497     029A                     	;# 
   498     029E                     	;# 
   499     030C                     	;# 
   500     030D                     	;# 
   501     030E                     	;# 
   502     030F                     	;# 
   503     0310                     	;# 
   504     038C                     	;# 
   505     038D                     	;# 
   506     038E                     	;# 
   507     038F                     	;# 
   508     0390                     	;# 
   509     0391                     	;# 
   510     0392                     	;# 
   511     0393                     	;# 
   512     0394                     	;# 
   513     0395                     	;# 
   514     0396                     	;# 
   515     0397                     	;# 
   516     0398                     	;# 
   517     0399                     	;# 
   518     039D                     	;# 
   519     039E                     	;# 
   520     039F                     	;# 
   521     0415                     	;# 
   522     0416                     	;# 
   523     0417                     	;# 
   524     041C                     	;# 
   525     041D                     	;# 
   526     041E                     	;# 
   527     0498                     	;# 
   528     0498                     	;# 
   529     0499                     	;# 
   530     049A                     	;# 
   531     049B                     	;# 
   532     049B                     	;# 
   533     049C                     	;# 
   534     049D                     	;# 
   535     049E                     	;# 
   536     049F                     	;# 
   537     0511                     	;# 
   538     0515                     	;# 
   539     0617                     	;# 
   540     0618                     	;# 
   541     0619                     	;# 
   542     0619                     	;# 
   543     061A                     	;# 
   544     061B                     	;# 
   545     061C                     	;# 
   546     061C                     	;# 
   547     0691                     	;# 
   548     0692                     	;# 
   549     0693                     	;# 
   550     0694                     	;# 
   551     0695                     	;# 
   552     0696                     	;# 
   553     0697                     	;# 
   554     0698                     	;# 
   555     0699                     	;# 
   556     069A                     	;# 
   557     069B                     	;# 
   558     069C                     	;# 
   559     069D                     	;# 
   560     069E                     	;# 
   561     069F                     	;# 
   562     0E0F                     	;# 
   563     0E10                     	;# 
   564     0E11                     	;# 
   565     0E12                     	;# 
   566     0E13                     	;# 
   567     0E14                     	;# 
   568     0E15                     	;# 
   569     0E17                     	;# 
   570     0E20                     	;# 
   571     0E21                     	;# 
   572     0E22                     	;# 
   573     0E24                     	;# 
   574     0E25                     	;# 
   575     0E28                     	;# 
   576     0E29                     	;# 
   577     0E2A                     	;# 
   578     0E2B                     	;# 
   579     0E90                     	;# 
   580     0E91                     	;# 
   581     0E92                     	;# 
   582     0E93                     	;# 
   583     0E94                     	;# 
   584     0E95                     	;# 
   585     0E96                     	;# 
   586     0E97                     	;# 
   587     0E98                     	;# 
   588     0E99                     	;# 
   589     0E9A                     	;# 
   590     0E9B                     	;# 
   591     0E9C                     	;# 
   592     0E9D                     	;# 
   593     0E9E                     	;# 
   594     0E9F                     	;# 
   595     0EA0                     	;# 
   596     0EA1                     	;# 
   597     0EA2                     	;# 
   598     0EA3                     	;# 
   599     0EA4                     	;# 
   600     0EA5                     	;# 
   601     0EA6                     	;# 
   602     0EA7                     	;# 
   603     0EA8                     	;# 
   604     0EA9                     	;# 
   605     0EAA                     	;# 
   606     0EAB                     	;# 
   607     0EAC                     	;# 
   608     0EAD                     	;# 
   609     0EAE                     	;# 
   610     0EAF                     	;# 
   611     0EB0                     	;# 
   612     0EB1                     	;# 
   613     0EB2                     	;# 
   614     0F0F                     	;# 
   615     0F10                     	;# 
   616     0F11                     	;# 
   617     0F12                     	;# 
   618     0F13                     	;# 
   619     0F14                     	;# 
   620     0F15                     	;# 
   621     0F16                     	;# 
   622     0F17                     	;# 
   623     0F18                     	;# 
   624     0F19                     	;# 
   625     0F1A                     	;# 
   626     0F1B                     	;# 
   627     0F1C                     	;# 
   628     0F1D                     	;# 
   629     0F1E                     	;# 
   630     0F1F                     	;# 
   631     0F20                     	;# 
   632     0F21                     	;# 
   633     0F22                     	;# 
   634     0F23                     	;# 
   635     0F24                     	;# 
   636     0F25                     	;# 
   637     0F26                     	;# 
   638     0F27                     	;# 
   639     0F28                     	;# 
   640     0F29                     	;# 
   641     0F2A                     	;# 
   642     0F2B                     	;# 
   643     0F2C                     	;# 
   644     0F2D                     	;# 
   645     0F2E                     	;# 
   646     0F2F                     	;# 
   647     0F30                     	;# 
   648     0F31                     	;# 
   649     0F32                     	;# 
   650     0F33                     	;# 
   651     0F34                     	;# 
   652     0F35                     	;# 
   653     0F36                     	;# 
   654     0F37                     	;# 
   655     0FE4                     	;# 
   656     0FE5                     	;# 
   657     0FE6                     	;# 
   658     0FE7                     	;# 
   659     0FE8                     	;# 
   660     0FE9                     	;# 
   661     0FEA                     	;# 
   662     0FEB                     	;# 
   663     0FED                     	;# 
   664     0FEE                     	;# 
   665     0FEF                     	;# 
   666     008C                     _TRISAbits	set	140
   667     04CF                     _SPLLEN	set	1231
   668     04CE                     _IRCF3	set	1230
   669     04CD                     _IRCF2	set	1229
   670     04CC                     _IRCF1	set	1228
   671     04CB                     _IRCF0	set	1227
   672     04C9                     _SCS1	set	1225
   673     04C8                     _SCS0	set	1224
   674     018C                     _ANSELAbits	set	396
   675     049F                     _NCO1CLKbits	set	1183
   676     049E                     _NCO1CONbits	set	1182
   677     049B                     _NCO1INCL	set	1179
   678     049C                     _NCO1INCH	set	1180
   679     0E0F                     _PPSLOCK	set	3599
   680     0E94                     _RA4PPSbits	set	3732
   681                           
   682                           	psect	cinit
   683     07FD                     start_initialization:	
   684                           ; #config settings
   685                           
   686     07FD                     __initialization:
   687     07FD                     end_of_initialization:	
   688                           ;End of C runtime variable initialization code
   689                           
   690     07FD                     __end_of__initialization:
   691     07FD  0020               	movlb	0
   692     07FE  3187  2FD2         	ljmp	_main	;jump to C main() function
   693                           
   694                           	psect	cstackCOMMON
   695     0000                     __pcstackCOMMON:
   696     0000                     ?_internal_32:
   697     0000                     ??_internal_32:	
   698                           ; 1 bytes @ 0x0
   699                           
   700     0000                     ?_initMain:	
   701                           ; 1 bytes @ 0x0
   702                           
   703     0000                     ??_initMain:	
   704                           ; 1 bytes @ 0x0
   705                           
   706     0000                     ?_main:	
   707                           ; 1 bytes @ 0x0
   708                           
   709     0000                     ??_main:	
   710                           ; 1 bytes @ 0x0
   711                           
   712                           
   713                           	psect	maintext
   714     07D2                     __pmaintext:	
   715                           ; 1 bytes @ 0x0
   716 ;;
   717 ;;Main: autosize = 0, tempsize = 0, incstack = 0, save=0
   718 ;;
   719 ;; *************** function _main *****************
   720 ;; Defined at:
   721 ;;		line 62 in file "main.c"
   722 ;; Parameters:    Size  Location     Type
   723 ;;		None
   724 ;; Auto vars:     Size  Location     Type
   725 ;;		None
   726 ;; Return value:  Size  Location     Type
   727 ;;                  1    wreg      void 
   728 ;; Registers used:
   729 ;;		wreg, status,2, status,0, pclath, cstack
   730 ;; Tracked objects:
   731 ;;		On entry : B1F/0
   732 ;;		On exit  : 0/0
   733 ;;		Unchanged: 0/0
   734 ;; Data sizes:     COMMON   BANK0   BANK1   BANK2   BANK3   BANK4   BANK5   BANK6   BANK7   BANK8   BANK9  BANK10  BANK1
      +1  BANK12  BANK13  BANK14  BANK15  BANK16  BANK17  BANK18  BANK19  BANK20  BANK21  BANK22  BANK23  BANK24  BANK25
   735 ;;      Params:         0       0       0       0       0       0       0       0       0       0       0       0       
      +0       0       0       0       0       0       0       0       0       0       0       0       0       0       0
   736 ;;      Locals:         0       0       0       0       0       0       0       0       0       0       0       0       
      +0       0       0       0       0       0       0       0       0       0       0       0       0       0       0
   737 ;;      Temps:          0       0       0       0       0       0       0       0       0       0       0       0       
      +0       0       0       0       0       0       0       0       0       0       0       0       0       0       0
   738 ;;      Totals:         0       0       0       0       0       0       0       0       0       0       0       0       
      +0       0       0       0       0       0       0       0       0       0       0       0       0       0       0
   739 ;;Total ram usage:        0 bytes
   740 ;; Hardware stack levels required when called: 2
   741 ;; This function calls:
   742 ;;		_initMain
   743 ;; This function is called by:
   744 ;;		Startup code after reset
   745 ;; This function uses a non-reentrant model
   746 ;;
   747                           
   748     07D2                     _main:	
   749                           ;psect for function _main
   750                           
   751     07D2                     l612:	
   752                           ;incstack = 0
   753                           ; Regs used in _main: [wreg+status,2+status,0+pclath+cstack]
   754                           
   755                           
   756                           ;main.c: 63:     initMain();
   757     07D2  3187  27E3  3187   	fcall	_initMain
   758     07D5                     l614:
   759                           
   760                           ;main.c: 66:     NCO1INCH = 0;
   761     07D5  0029               	movlb	9	; select bank9
   762     07D6  019C               	clrf	28	;volatile
   763     07D7                     l616:
   764                           
   765                           ;main.c: 67:     NCO1INCL = 65;
   766     07D7  3041               	movlw	65
   767     07D8  009B               	movwf	27	;volatile
   768     07D9                     l618:
   769                           
   770                           ;main.c: 70:     NCO1CONbits.N1EN = 1;
   771     07D9  179E               	bsf	30,7	;volatile
   772     07DA                     l620:
   773                           
   774                           ;main.c: 73:     NCO1CONbits.N1PFM = 0;
   775     07DA  101E               	bcf	30,0	;volatile
   776     07DB                     l622:
   777                           
   778                           ;main.c: 76:     NCO1CONbits.N1POL = 0;
   779     07DB  121E               	bcf	30,4	;volatile
   780     07DC                     l624:
   781                           
   782                           ;main.c: 79:     NCO1CLKbits.N1CKS = 0b01;
   783     07DC  081F               	movf	31,w	;volatile
   784     07DD  39F0               	andlw	-16
   785     07DE  3801               	iorlw	1
   786     07DF  009F               	movwf	31	;volatile
   787     07E0                     l26:	
   788                           ;main.c: 82:     while(1){
   789                           
   790     07E0                     l27:	
   791                           ;main.c: 84:     }
   792                           
   793     07E0  2FE0               	goto	l26
   794     07E1  3180  2802         	ljmp	start
   795     07E3                     __end_of_main:
   796                           
   797                           	psect	text1
   798     07E3                     __ptext1:	
   799 ;; *************** function _initMain *****************
   800 ;; Defined at:
   801 ;;		line 33 in file "main.c"
   802 ;; Parameters:    Size  Location     Type
   803 ;;		None
   804 ;; Auto vars:     Size  Location     Type
   805 ;;		None
   806 ;; Return value:  Size  Location     Type
   807 ;;                  1    wreg      void 
   808 ;; Registers used:
   809 ;;		wreg, status,2, status,0, pclath, cstack
   810 ;; Tracked objects:
   811 ;;		On entry : 0/0
   812 ;;		On exit  : 0/0
   813 ;;		Unchanged: 0/0
   814 ;; Data sizes:     COMMON   BANK0   BANK1   BANK2   BANK3   BANK4   BANK5   BANK6   BANK7   BANK8   BANK9  BANK10  BANK1
      +1  BANK12  BANK13  BANK14  BANK15  BANK16  BANK17  BANK18  BANK19  BANK20  BANK21  BANK22  BANK23  BANK24  BANK25
   815 ;;      Params:         0       0       0       0       0       0       0       0       0       0       0       0       
      +0       0       0       0       0       0       0       0       0       0       0       0       0       0       0
   816 ;;      Locals:         0       0       0       0       0       0       0       0       0       0       0       0       
      +0       0       0       0       0       0       0       0       0       0       0       0       0       0       0
   817 ;;      Temps:          0       0       0       0       0       0       0       0       0       0       0       0       
      +0       0       0       0       0       0       0       0       0       0       0       0       0       0       0
   818 ;;      Totals:         0       0       0       0       0       0       0       0       0       0       0       0       
      +0       0       0       0       0       0       0       0       0       0       0       0       0       0       0
   819 ;;Total ram usage:        0 bytes
   820 ;; Hardware stack levels used: 1
   821 ;; Hardware stack levels required when called: 1
   822 ;; This function calls:
   823 ;;		_internal_32
   824 ;; This function is called by:
   825 ;;		_main
   826 ;; This function uses a non-reentrant model
   827 ;;
   828                           
   829     07E3                     _initMain:	
   830                           ;psect for function _initMain
   831                           
   832     07E3                     l592:	
   833                           ;incstack = 0
   834                           ; Regs used in _initMain: [wreg+status,2+status,0+pclath+cstack]
   835                           
   836                           
   837                           ;main.c: 35:     internal_32();
   838     07E3  3187  27C9  3187   	fcall	_internal_32
   839     07E6                     l594:
   840                           
   841                           ;main.c: 40:     PPSLOCK = 0x55;
   842     07E6  3055               	movlw	85
   843     07E7  003C               	movlb	28	; select bank28
   844     07E8  008F               	movwf	15	;volsfr
   845     07E9                     l596:
   846                           
   847                           ;main.c: 41:     PPSLOCK = 0xAA;
   848     07E9  30AA               	movlw	170
   849     07EA  008F               	movwf	15	;volsfr
   850     07EB                     l598:
   851                           
   852                           ;main.c: 42:     PPSLOCK = 0x00;
   853     07EB  018F               	clrf	15	;volsfr
   854     07EC                     l600:
   855                           
   856                           ;main.c: 44:     RA4PPSbits.RA4PPS = 0x03;
   857     07EC  003D               	movlb	29	; select bank29
   858     07ED  0814               	movf	20,w	;volatile
   859     07EE  39E0               	andlw	-32
   860     07EF  3803               	iorlw	3
   861     07F0  0094               	movwf	20	;volatile
   862     07F1                     l602:
   863                           
   864                           ;main.c: 46:     PPSLOCK = 0x55;
   865     07F1  3055               	movlw	85
   866     07F2  003C               	movlb	28	; select bank28
   867     07F3  008F               	movwf	15	;volsfr
   868     07F4                     l604:
   869                           
   870                           ;main.c: 47:     PPSLOCK = 0xAA;
   871     07F4  30AA               	movlw	170
   872     07F5  008F               	movwf	15	;volsfr
   873     07F6                     l606:
   874                           
   875                           ;main.c: 48:     PPSLOCK = 0x01;
   876     07F6  3001               	movlw	1
   877     07F7  008F               	movwf	15	;volsfr
   878     07F8                     l608:
   879                           
   880                           ;main.c: 50:     TRISAbits.TRISA4 = 0;
   881     07F8  0021               	movlb	1	; select bank1
   882     07F9  120C               	bcf	12,4	;volatile
   883     07FA                     l610:
   884                           
   885                           ;main.c: 51:     ANSELAbits.ANSA4 = 0;
   886     07FA  0023               	movlb	3	; select bank3
   887     07FB  120C               	bcf	12,4	;volatile
   888     07FC                     l21:
   889     07FC  0008               	return
   890     07FD                     __end_of_initMain:
   891                           
   892                           	psect	text2
   893     07C9                     __ptext2:	
   894 ;; *************** function _internal_32 *****************
   895 ;; Defined at:
   896 ;;		line 32 in file "PIC16F1719_Internal.c"
   897 ;; Parameters:    Size  Location     Type
   898 ;;		None
   899 ;; Auto vars:     Size  Location     Type
   900 ;;		None
   901 ;; Return value:  Size  Location     Type
   902 ;;                  1    wreg      void 
   903 ;; Registers used:
   904 ;;		None
   905 ;; Tracked objects:
   906 ;;		On entry : 0/0
   907 ;;		On exit  : 0/0
   908 ;;		Unchanged: 0/0
   909 ;; Data sizes:     COMMON   BANK0   BANK1   BANK2   BANK3   BANK4   BANK5   BANK6   BANK7   BANK8   BANK9  BANK10  BANK1
      +1  BANK12  BANK13  BANK14  BANK15  BANK16  BANK17  BANK18  BANK19  BANK20  BANK21  BANK22  BANK23  BANK24  BANK25
   910 ;;      Params:         0       0       0       0       0       0       0       0       0       0       0       0       
      +0       0       0       0       0       0       0       0       0       0       0       0       0       0       0
   911 ;;      Locals:         0       0       0       0       0       0       0       0       0       0       0       0       
      +0       0       0       0       0       0       0       0       0       0       0       0       0       0       0
   912 ;;      Temps:          0       0       0       0       0       0       0       0       0       0       0       0       
      +0       0       0       0       0       0       0       0       0       0       0       0       0       0       0
   913 ;;      Totals:         0       0       0       0       0       0       0       0       0       0       0       0       
      +0       0       0       0       0       0       0       0       0       0       0       0       0       0       0
   914 ;;Total ram usage:        0 bytes
   915 ;; Hardware stack levels used: 1
   916 ;; This function calls:
   917 ;;		Nothing
   918 ;; This function is called by:
   919 ;;		_initMain
   920 ;; This function uses a non-reentrant model
   921 ;;
   922                           
   923     07C9                     _internal_32:	
   924                           ;psect for function _internal_32
   925                           
   926     07C9                     l590:	
   927                           ;incstack = 0
   928                           ; Regs used in _internal_32: []
   929                           
   930                           
   931                           ;PIC16F1719_Internal.c: 34:     SCS0 = 0;
   932     07C9  0021               	movlb	1	; select bank1
   933     07CA  1019               	bcf	25,0	;volatile
   934                           
   935                           ;PIC16F1719_Internal.c: 35:     SCS1 = 0;
   936     07CB  1099               	bcf	25,1	;volatile
   937                           
   938                           ;PIC16F1719_Internal.c: 38:     IRCF0 = 0;
   939     07CC  1199               	bcf	25,3	;volatile
   940                           
   941                           ;PIC16F1719_Internal.c: 39:     IRCF1 = 1;
   942     07CD  1619               	bsf	25,4	;volatile
   943                           
   944                           ;PIC16F1719_Internal.c: 40:     IRCF2 = 1;
   945     07CE  1699               	bsf	25,5	;volatile
   946                           
   947                           ;PIC16F1719_Internal.c: 41:     IRCF3 = 1;
   948     07CF  1719               	bsf	25,6	;volatile
   949                           
   950                           ;PIC16F1719_Internal.c: 44:     SPLLEN = 1;
   951     07D0  1799               	bsf	25,7	;volatile
   952     07D1                     l46:
   953     07D1  0008               	return
   954     07D2                     __end_of_internal_32:
   955     007E                     btemp	set	126	;btemp
   956     007E                     wtemp0	set	126
   957                           
   958                           	psect	config
   959                           
   960                           ;Config register CONFIG1 @ 0x8007
   961                           ;	Oscillator Selection Bits
   962                           ;	FOSC = INTOSC, INTOSC oscillator: I/O function on CLKIN pin
   963                           ;	Watchdog Timer Enable
   964                           ;	WDTE = OFF, WDT disabled
   965                           ;	Power-up Timer Enable
   966                           ;	PWRTE = OFF, PWRT disabled
   967                           ;	MCLR Pin Function Select
   968                           ;	MCLRE = OFF, MCLR/VPP pin function is digital input if LVP bit is also 0.
   969                           ;	Flash Program Memory Code Protection
   970                           ;	CP = OFF, Program memory code protection is disabled
   971                           ;	Brown-out Reset Enable
   972                           ;	BOREN = OFF, Brown-out Reset disabled
   973                           ;	Clock Out Enable
   974                           ;	CLKOUTEN = OFF, CLKOUT function is disabled. I/O or oscillator function on the CLKOUT 
      +                          pin
   975                           ;	Internal/External Switchover Mode
   976                           ;	IESO = ON, Internal/External Switchover Mode is enabled
   977                           ;	Fail-Safe Clock Monitor Enable
   978                           ;	FCMEN = OFF, Fail-Safe Clock Monitor is disabled
   979     8007                     	org	32775
   980     8007  19A4               	dw	6564
   981                           
   982                           ;Config register CONFIG2 @ 0x8008
   983                           ;	Flash Memory Self-Write Protection
   984                           ;	WRT = OFF, Write protection off
   985                           ;	Peripheral Pin Select one-way control
   986                           ;	PPS1WAY = ON, The PPSLOCK bit cannot be cleared once it is set by software
   987                           ;	Zero-cross detect disable
   988                           ;	ZCDDIS = ON, ZCD disabled. ZCD can be enabled by setting the ZCDSEN bit of ZCDCON
   989                           ;	Phase Lock Loop enable
   990                           ;	PLLEN = OFF, 4x PLL is disabled
   991                           ;	Stack Overflow/Underflow Reset Enable
   992                           ;	STVREN = ON, Stack Overflow or Underflow will cause a Reset
   993                           ;	Brown-out Reset Voltage Selection
   994                           ;	BORV = LO, Brown-out Reset Voltage (Vbor), low trip point selected.
   995                           ;	Low-Power Brown Out Reset
   996                           ;	LPBOR = OFF, Low-Power BOR is disabled
   997                           ;	In-Circuit Debugger Mode
   998                           ;	DEBUG = 0x1, unprogrammed default
   999                           ;	Low-Voltage Programming Enable
  1000                           ;	LVP = OFF, High-voltage on MCLR/VPP must be used for programming
  1001     8008                     	org	32776
  1002     8008  1EFF               	dw	7935

Data Sizes:
    Strings     0
    Constant    0
    Data        0
    BSS         0
    Persistent  32
    Stack       0

Auto Spaces:
    Space          Size  Autos    Used
    COMMON           14      0       0
    BANK0            80      0       0
    BANK1            80      0       0
    BANK2            80      0       0
    BANK3            80      0       0
    BANK4            80      0       0
    BANK5            80      0       0
    BANK6            80      0       0
    BANK7            80      0       0
    BANK8            80      0       0
    BANK9            80      0       0
    BANK10           80      0       0
    BANK11           80      0       0
    BANK12           80      0       0
    BANK13           80      0       0
    BANK14           80      0       0
    BANK15           80      0       0
    BANK16           80      0       0
    BANK17           80      0       0
    BANK18           80      0       0
    BANK19           80      0       0
    BANK20           80      0       0
    BANK21           80      0       0
    BANK22           80      0       0
    BANK23           80      0       0
    BANK24           80      0       0
    BANK25           32      0       0

Pointer List with Targets:

    None.

Critical Paths under _main in COMMON

    None.

Critical Paths under _main in BANK0

    None.

Critical Paths under _main in BANK1

    None.

Critical Paths under _main in BANK2

    None.

Critical Paths under _main in BANK3

    None.

Critical Paths under _main in BANK4

    None.

Critical Paths under _main in BANK5

    None.

Critical Paths under _main in BANK6

    None.

Critical Paths under _main in BANK7

    None.

Critical Paths under _main in BANK8

    None.

Critical Paths under _main in BANK9

    None.

Critical Paths under _main in BANK10

    None.

Critical Paths under _main in BANK11

    None.

Critical Paths under _main in BANK12

    None.

Critical Paths under _main in BANK13

    None.

Critical Paths under _main in BANK14

    None.

Critical Paths under _main in BANK15

    None.

Critical Paths under _main in BANK16

    None.

Critical Paths under _main in BANK17

    None.

Critical Paths under _main in BANK18

    None.

Critical Paths under _main in BANK19

    None.

Critical Paths under _main in BANK20

    None.

Critical Paths under _main in BANK21

    None.

Critical Paths under _main in BANK22

    None.

Critical Paths under _main in BANK23

    None.

Critical Paths under _main in BANK24

    None.

Critical Paths under _main in BANK25

    None.

Call Graph Tables:

 ---------------------------------------------------------------------------------
 (Depth) Function   	        Calls       Base Space   Used Autos Params    Refs
 ---------------------------------------------------------------------------------
 (0) _main                                                 0     0      0       0
                           _initMain
 ---------------------------------------------------------------------------------
 (1) _initMain                                             0     0      0       0
                        _internal_32
 ---------------------------------------------------------------------------------
 (2) _internal_32                                          0     0      0       0
 ---------------------------------------------------------------------------------
 Estimated maximum stack depth 2
 ---------------------------------------------------------------------------------

 Call Graph Graphs:

 _main (ROOT)
   _initMain
     _internal_32

 Address spaces:
Name               Size   Autos  Total    Cost      Usage
BIGRAM             7F0      0       0       0        0.0%
NULL                 0      0       0       0        0.0%
CODE                 0      0       0       0        0.0%
BITCOMMON            E      0       0       1        0.0%
BITSFR0              0      0       0       1        0.0%
SFR0                 0      0       0       1        0.0%
COMMON               E      0       0       2        0.0%
BITSFR1              0      0       0       2        0.0%
SFR1                 0      0       0       2        0.0%
BITSFR2              0      0       0       3        0.0%
SFR2                 0      0       0       3        0.0%
STACK                0      0       0       3        0.0%
BITBANK0            50      0       0       4        0.0%
BITSFR3              0      0       0       4        0.0%
SFR3                 0      0       0       4        0.0%
BANK0               50      0       0       5        0.0%
BITSFR4              0      0       0       5        0.0%
SFR4                 0      0       0       5        0.0%
BITBANK1            50      0       0       6        0.0%
BITSFR5              0      0       0       6        0.0%
SFR5                 0      0       0       6        0.0%
BANK1               50      0       0       7        0.0%
BITSFR6              0      0       0       7        0.0%
SFR6                 0      0       0       7        0.0%
BITBANK2            50      0       0       8        0.0%
BITSFR7              0      0       0       8        0.0%
SFR7                 0      0       0       8        0.0%
BANK2               50      0       0       9        0.0%
BITSFR8              0      0       0       9        0.0%
SFR8                 0      0       0       9        0.0%
BITBANK3            50      0       0      10        0.0%
BITSFR9              0      0       0      10        0.0%
SFR9                 0      0       0      10        0.0%
BANK3               50      0       0      11        0.0%
BITSFR10             0      0       0      11        0.0%
SFR10                0      0       0      11        0.0%
BITBANK4            50      0       0      12        0.0%
BITSFR11             0      0       0      12        0.0%
SFR11                0      0       0      12        0.0%
BANK4               50      0       0      13        0.0%
BITSFR12             0      0       0      13        0.0%
SFR12                0      0       0      13        0.0%
BITSFR13             0      0       0      14        0.0%
SFR13                0      0       0      14        0.0%
ABS                  0      0       0      14        0.0%
BITBANK5            50      0       0      15        0.0%
BITSFR14             0      0       0      15        0.0%
SFR14                0      0       0      15        0.0%
BANK5               50      0       0      16        0.0%
BITSFR15             0      0       0      16        0.0%
SFR15                0      0       0      16        0.0%
BITBANK6            50      0       0      17        0.0%
BITSFR16             0      0       0      17        0.0%
SFR16                0      0       0      17        0.0%
BANK6               50      0       0      18        0.0%
BITSFR17             0      0       0      18        0.0%
SFR17                0      0       0      18        0.0%
BITBANK7            50      0       0      19        0.0%
BITSFR18             0      0       0      19        0.0%
SFR18                0      0       0      19        0.0%
BANK7               50      0       0      20        0.0%
BITSFR19             0      0       0      20        0.0%
SFR19                0      0       0      20        0.0%
BITBANK8            50      0       0      21        0.0%
BITSFR20             0      0       0      21        0.0%
SFR20                0      0       0      21        0.0%
BANK8               50      0       0      22        0.0%
BITSFR21             0      0       0      22        0.0%
SFR21                0      0       0      22        0.0%
BITBANK9            50      0       0      23        0.0%
BITSFR22             0      0       0      23        0.0%
SFR22                0      0       0      23        0.0%
BANK9               50      0       0      24        0.0%
BITSFR23             0      0       0      24        0.0%
SFR23                0      0       0      24        0.0%
BITBANK10           50      0       0      25        0.0%
BITSFR24             0      0       0      25        0.0%
SFR24                0      0       0      25        0.0%
BANK10              50      0       0      26        0.0%
BITSFR25             0      0       0      26        0.0%
SFR25                0      0       0      26        0.0%
BITBANK11           50      0       0      27        0.0%
BITSFR26             0      0       0      27        0.0%
SFR26                0      0       0      27        0.0%
BITSFR27             0      0       0      28        0.0%
SFR27                0      0       0      28        0.0%
DATA                 0      0       0      28        0.0%
BANK11              50      0       0      29        0.0%
BITSFR28             0      0       0      29        0.0%
SFR28                0      0       0      29        0.0%
BITBANK12           50      0       0      30        0.0%
BITSFR29             0      0       0      30        0.0%
SFR29                0      0       0      30        0.0%
BANK12              50      0       0      31        0.0%
BITSFR30             0      0       0      31        0.0%
SFR30                0      0       0      31        0.0%
BITBANK13           50      0       0      32        0.0%
BITSFR31             0      0       0      32        0.0%
SFR31                0      0       0      32        0.0%
BANK13              50      0       0      33        0.0%
BITBANK14           50      0       0      34        0.0%
BANK14              50      0       0      35        0.0%
BITBANK15           50      0       0      36        0.0%
BANK15              50      0       0      37        0.0%
BITBANK16           50      0       0      38        0.0%
BANK16              50      0       0      39        0.0%
BITBANK17           50      0       0      40        0.0%
BANK17              50      0       0      41        0.0%
BITBANK18           50      0       0      42        0.0%
BANK18              50      0       0      43        0.0%
BITBANK19           50      0       0      44        0.0%
BANK19              50      0       0      45        0.0%
BITBANK20           50      0       0      46        0.0%
BANK20              50      0       0      47        0.0%
BITBANK21           50      0       0      48        0.0%
BANK21              50      0       0      49        0.0%
BITBANK22           50      0       0      50        0.0%
BANK22              50      0       0      51        0.0%
BITBANK23           50      0       0      52        0.0%
BANK23              50      0       0      53        0.0%
BITBANK24           50      0       0      54        0.0%
BANK24              50      0       0      55        0.0%
BITBANK25           20      0       0      56        0.0%
BANK25              20      0       0      57        0.0%


Microchip Technology PIC Macro Assembler V2.45 build 20230818022343 
Symbol Table                                                                                   Sat Nov 18 04:52:14 2023

                     l21 07FC                       l26 07E0                       l27 07E0  
                     l46 07D1                      l600 07EC                      l610 07FA  
                    l602 07F1                      l604 07F4                      l620 07DA  
                    l612 07D2                      l606 07F6                      l622 07DB  
                    l614 07D5                      l608 07F8                      l624 07DC  
                    l616 07D7                      l618 07D9                      l590 07C9  
                    l592 07E3                      l594 07E6                      l596 07E9  
                    l598 07EB                     _SCS0 04C8                     _SCS1 04C9  
                   _main 07D2                     btemp 007E                     start 0002  
                  ?_main 0000                    _IRCF0 04CB                    _IRCF1 04CC  
                  _IRCF2 04CD                    _IRCF3 04CE                    wtemp0 007E  
           ?_internal_32 0000          __initialization 07FD             __end_of_main 07E3  
                 ??_main 0000                   _SPLLEN 04CF         __end_of_initMain 07FD  
__end_of__initialization 07FD           __pcstackCOMMON 0000               __pmaintext 07D2  
                _PPSLOCK 0E0F                ?_initMain 0000                  __ptext1 07E3  
                __ptext2 07C9     end_of_initialization 07FD               ??_initMain 0000  
              _TRISAbits 008C      start_initialization 07FD                ___latbits 0003  
          ??_internal_32 0000              _NCO1CLKbits 049F              _NCO1CONbits 049E  
               _NCO1INCH 049C                 _NCO1INCL 049B      __end_of_internal_32 07D2  
             _ANSELAbits 018C                 _initMain 07E3              _internal_32 07C9  
             _RA4PPSbits 0E94  
