

Microchip MPLAB XC8 Assembler V2.45 build 20230818022343 
                                                                                               Fri Nov 24 04:24:38 2023

Microchip MPLAB XC8 C Compiler v2.45 (Free license) build 20230818022343 Og1 
     1                           	processor	16F1719
     2                           	pagewidth 120
     3                           	opt	flic
     4                           	psect	cinit,global,class=CODE,merge=1,delta=2
     5                           	psect	cstackCOMMON,global,class=COMMON,space=1,delta=1,noexec
     6                           	psect	cstackBANK0,global,class=BANK0,space=1,delta=1,noexec
     7                           	psect	maintext,global,class=CODE,merge=1,split=1,delta=2
     8                           	psect	text1,local,class=CODE,merge=1,delta=2
     9                           	psect	text2,local,class=CODE,merge=1,delta=2
    10                           	psect	text3,local,class=CODE,merge=1,delta=2
    11                           	psect	text4,local,class=CODE,merge=1,delta=2
    12                           	psect	text5,local,class=CODE,merge=1,delta=2,group=1
    13                           	psect	config,global,abs,ovrld,class=CONFIG,space=4,delta=2,noexec
    14                           	dabs	1,0x7E,2
    15     0000                     
    16                           ; Generated 06/07/2023 GMT
    17                           ; 
    18                           ; Copyright © 2023, Microchip Technology Inc. and its subsidiaries ("Microchip")
    19                           ; All rights reserved.
    20                           ; 
    21                           ; This software is developed by Microchip Technology Inc. and its subsidiaries ("Microch
      +                          ip").
    22                           ; 
    23                           ; Redistribution and use in source and binary forms, with or without modification, are
    24                           ; permitted provided that the following conditions are met:
    25                           ; 
    26                           ;     1. Redistributions of source code must retain the above copyright notice, this lis
      +                          t of
    27                           ;        conditions and the following disclaimer.
    28                           ; 
    29                           ;     2. Redistributions in binary form must reproduce the above copyright notice, this 
      +                          list
    30                           ;        of conditions and the following disclaimer in the documentation and/or other
    31                           ;        materials provided with the distribution. Publication is not required when
    32                           ;        this file is used in an embedded application.
    33                           ; 
    34                           ;     3. Microchip's name may not be used to endorse or promote products derived from th
      +                          is
    35                           ;        software without specific prior written permission.
    36                           ; 
    37                           ; THIS SOFTWARE IS PROVIDED BY MICROCHIP "AS IS" AND ANY EXPRESS OR IMPLIED WARRANTIES,
    38                           ; INCLUDING, BUT NOT LIMITED TO, THE IMPLIED WARRANTIES OF MERCHANTABILITY AND FITNESS F
      +                          OR
    39                           ; PURPOSE ARE DISCLAIMED.  IN NO EVENT SHALL MICROCHIP BE LIABLE FOR ANY DIRECT, INDIREC
      +                          T,
    40                           ; INCIDENTAL, SPECIAL, EXEMPLARY, OR CONSEQUENTIAL DAMAGES (INCLUDING BUT NOT LIMITED TO
    41                           ; PROCUREMENT OF SUBSTITUTE GOODS OR SERVICES; LOSS OF USE, DATA OR PROFITS; OR BUSINESS
    42                           ; INTERRUPTION) HOWSOEVER CAUSED AND ON ANY THEORY OF LIABILITY, WHETHER IN CONTRACT, ST
      +                          RICT
    43                           ; LIABILITY, OR TORT (INCLUDING NEGLIGENCE OR OTHERWISE) ARISING IN ANY WAY OUT OF THE U
      +                          SE OF
    44                           ; THIS SOFTWARE, EVEN IF ADVISED OF THE POSSIBILITY OF SUCH DAMAGE.
    45                           ; 
    46                           ; 
    47                           ; Code-generator required, PIC16F1719 Definitions
    48                           ; 
    49                           ; SFR Addresses
    50     0000                     	;# 
    51     0001                     	;# 
    52     0002                     	;# 
    53     0003                     	;# 
    54     0004                     	;# 
    55     0005                     	;# 
    56     0006                     	;# 
    57     0007                     	;# 
    58     0008                     	;# 
    59     0009                     	;# 
    60     000A                     	;# 
    61     000B                     	;# 
    62     000C                     	;# 
    63     000D                     	;# 
    64     000E                     	;# 
    65     000F                     	;# 
    66     0010                     	;# 
    67     0011                     	;# 
    68     0012                     	;# 
    69     0013                     	;# 
    70     0015                     	;# 
    71     0016                     	;# 
    72     0016                     	;# 
    73     0017                     	;# 
    74     0018                     	;# 
    75     0019                     	;# 
    76     001A                     	;# 
    77     001B                     	;# 
    78     001C                     	;# 
    79     008C                     	;# 
    80     008D                     	;# 
    81     008E                     	;# 
    82     008F                     	;# 
    83     0090                     	;# 
    84     0091                     	;# 
    85     0092                     	;# 
    86     0093                     	;# 
    87     0095                     	;# 
    88     0096                     	;# 
    89     0097                     	;# 
    90     0098                     	;# 
    91     0099                     	;# 
    92     009A                     	;# 
    93     009B                     	;# 
    94     009B                     	;# 
    95     009C                     	;# 
    96     009D                     	;# 
    97     009E                     	;# 
    98     009F                     	;# 
    99     010C                     	;# 
   100     010D                     	;# 
   101     010E                     	;# 
   102     010F                     	;# 
   103     0110                     	;# 
   104     0111                     	;# 
   105     0112                     	;# 
   106     0113                     	;# 
   107     0114                     	;# 
   108     0115                     	;# 
   109     0116                     	;# 
   110     0117                     	;# 
   111     0118                     	;# 
   112     0119                     	;# 
   113     011A                     	;# 
   114     011B                     	;# 
   115     011B                     	;# 
   116     011C                     	;# 
   117     018C                     	;# 
   118     018D                     	;# 
   119     018E                     	;# 
   120     018F                     	;# 
   121     0190                     	;# 
   122     0191                     	;# 
   123     0191                     	;# 
   124     0192                     	;# 
   125     0193                     	;# 
   126     0193                     	;# 
   127     0194                     	;# 
   128     0195                     	;# 
   129     0196                     	;# 
   130     0197                     	;# 
   131     0199                     	;# 
   132     0199                     	;# 
   133     0199                     	;# 
   134     019A                     	;# 
   135     019A                     	;# 
   136     019A                     	;# 
   137     019B                     	;# 
   138     019B                     	;# 
   139     019B                     	;# 
   140     019B                     	;# 
   141     019B                     	;# 
   142     019C                     	;# 
   143     019C                     	;# 
   144     019C                     	;# 
   145     019D                     	;# 
   146     019D                     	;# 
   147     019D                     	;# 
   148     019E                     	;# 
   149     019E                     	;# 
   150     019E                     	;# 
   151     019F                     	;# 
   152     019F                     	;# 
   153     019F                     	;# 
   154     019F                     	;# 
   155     019F                     	;# 
   156     020C                     	;# 
   157     020D                     	;# 
   158     020E                     	;# 
   159     020F                     	;# 
   160     0210                     	;# 
   161     0211                     	;# 
   162     0211                     	;# 
   163     0212                     	;# 
   164     0212                     	;# 
   165     0213                     	;# 
   166     0213                     	;# 
   167     0214                     	;# 
   168     0214                     	;# 
   169     0215                     	;# 
   170     0215                     	;# 
   171     0215                     	;# 
   172     0215                     	;# 
   173     0216                     	;# 
   174     0216                     	;# 
   175     0217                     	;# 
   176     0217                     	;# 
   177     028C                     	;# 
   178     028D                     	;# 
   179     028E                     	;# 
   180     028F                     	;# 
   181     0290                     	;# 
   182     0291                     	;# 
   183     0291                     	;# 
   184     0292                     	;# 
   185     0293                     	;# 
   186     0293                     	;# 
   187     0298                     	;# 
   188     0298                     	;# 
   189     0299                     	;# 
   190     029A                     	;# 
   191     029A                     	;# 
   192     029E                     	;# 
   193     030C                     	;# 
   194     030D                     	;# 
   195     030E                     	;# 
   196     030F                     	;# 
   197     0310                     	;# 
   198     038C                     	;# 
   199     038D                     	;# 
   200     038E                     	;# 
   201     038F                     	;# 
   202     0390                     	;# 
   203     0391                     	;# 
   204     0392                     	;# 
   205     0393                     	;# 
   206     0394                     	;# 
   207     0395                     	;# 
   208     0396                     	;# 
   209     0397                     	;# 
   210     0398                     	;# 
   211     0399                     	;# 
   212     039D                     	;# 
   213     039E                     	;# 
   214     039F                     	;# 
   215     0415                     	;# 
   216     0416                     	;# 
   217     0417                     	;# 
   218     041C                     	;# 
   219     041D                     	;# 
   220     041E                     	;# 
   221     0498                     	;# 
   222     0498                     	;# 
   223     0499                     	;# 
   224     049A                     	;# 
   225     049B                     	;# 
   226     049B                     	;# 
   227     049C                     	;# 
   228     049D                     	;# 
   229     049E                     	;# 
   230     049F                     	;# 
   231     0511                     	;# 
   232     0515                     	;# 
   233     0617                     	;# 
   234     0618                     	;# 
   235     0619                     	;# 
   236     0619                     	;# 
   237     061A                     	;# 
   238     061B                     	;# 
   239     061C                     	;# 
   240     061C                     	;# 
   241     0691                     	;# 
   242     0692                     	;# 
   243     0693                     	;# 
   244     0694                     	;# 
   245     0695                     	;# 
   246     0696                     	;# 
   247     0697                     	;# 
   248     0698                     	;# 
   249     0699                     	;# 
   250     069A                     	;# 
   251     069B                     	;# 
   252     069C                     	;# 
   253     069D                     	;# 
   254     069E                     	;# 
   255     069F                     	;# 
   256     0E0F                     	;# 
   257     0E10                     	;# 
   258     0E11                     	;# 
   259     0E12                     	;# 
   260     0E13                     	;# 
   261     0E14                     	;# 
   262     0E15                     	;# 
   263     0E17                     	;# 
   264     0E20                     	;# 
   265     0E21                     	;# 
   266     0E22                     	;# 
   267     0E24                     	;# 
   268     0E25                     	;# 
   269     0E28                     	;# 
   270     0E29                     	;# 
   271     0E2A                     	;# 
   272     0E2B                     	;# 
   273     0E90                     	;# 
   274     0E91                     	;# 
   275     0E92                     	;# 
   276     0E93                     	;# 
   277     0E94                     	;# 
   278     0E95                     	;# 
   279     0E96                     	;# 
   280     0E97                     	;# 
   281     0E98                     	;# 
   282     0E99                     	;# 
   283     0E9A                     	;# 
   284     0E9B                     	;# 
   285     0E9C                     	;# 
   286     0E9D                     	;# 
   287     0E9E                     	;# 
   288     0E9F                     	;# 
   289     0EA0                     	;# 
   290     0EA1                     	;# 
   291     0EA2                     	;# 
   292     0EA3                     	;# 
   293     0EA4                     	;# 
   294     0EA5                     	;# 
   295     0EA6                     	;# 
   296     0EA7                     	;# 
   297     0EA8                     	;# 
   298     0EA9                     	;# 
   299     0EAA                     	;# 
   300     0EAB                     	;# 
   301     0EAC                     	;# 
   302     0EAD                     	;# 
   303     0EAE                     	;# 
   304     0EAF                     	;# 
   305     0EB0                     	;# 
   306     0EB1                     	;# 
   307     0EB2                     	;# 
   308     0F0F                     	;# 
   309     0F10                     	;# 
   310     0F11                     	;# 
   311     0F12                     	;# 
   312     0F13                     	;# 
   313     0F14                     	;# 
   314     0F15                     	;# 
   315     0F16                     	;# 
   316     0F17                     	;# 
   317     0F18                     	;# 
   318     0F19                     	;# 
   319     0F1A                     	;# 
   320     0F1B                     	;# 
   321     0F1C                     	;# 
   322     0F1D                     	;# 
   323     0F1E                     	;# 
   324     0F1F                     	;# 
   325     0F20                     	;# 
   326     0F21                     	;# 
   327     0F22                     	;# 
   328     0F23                     	;# 
   329     0F24                     	;# 
   330     0F25                     	;# 
   331     0F26                     	;# 
   332     0F27                     	;# 
   333     0F28                     	;# 
   334     0F29                     	;# 
   335     0F2A                     	;# 
   336     0F2B                     	;# 
   337     0F2C                     	;# 
   338     0F2D                     	;# 
   339     0F2E                     	;# 
   340     0F2F                     	;# 
   341     0F30                     	;# 
   342     0F31                     	;# 
   343     0F32                     	;# 
   344     0F33                     	;# 
   345     0F34                     	;# 
   346     0F35                     	;# 
   347     0F36                     	;# 
   348     0F37                     	;# 
   349     0FE4                     	;# 
   350     0FE5                     	;# 
   351     0FE6                     	;# 
   352     0FE7                     	;# 
   353     0FE8                     	;# 
   354     0FE9                     	;# 
   355     0FEA                     	;# 
   356     0FEB                     	;# 
   357     0FED                     	;# 
   358     0FEE                     	;# 
   359     0FEF                     	;# 
   360     0000                     	;# 
   361     0001                     	;# 
   362     0002                     	;# 
   363     0003                     	;# 
   364     0004                     	;# 
   365     0005                     	;# 
   366     0006                     	;# 
   367     0007                     	;# 
   368     0008                     	;# 
   369     0009                     	;# 
   370     000A                     	;# 
   371     000B                     	;# 
   372     000C                     	;# 
   373     000D                     	;# 
   374     000E                     	;# 
   375     000F                     	;# 
   376     0010                     	;# 
   377     0011                     	;# 
   378     0012                     	;# 
   379     0013                     	;# 
   380     0015                     	;# 
   381     0016                     	;# 
   382     0016                     	;# 
   383     0017                     	;# 
   384     0018                     	;# 
   385     0019                     	;# 
   386     001A                     	;# 
   387     001B                     	;# 
   388     001C                     	;# 
   389     008C                     	;# 
   390     008D                     	;# 
   391     008E                     	;# 
   392     008F                     	;# 
   393     0090                     	;# 
   394     0091                     	;# 
   395     0092                     	;# 
   396     0093                     	;# 
   397     0095                     	;# 
   398     0096                     	;# 
   399     0097                     	;# 
   400     0098                     	;# 
   401     0099                     	;# 
   402     009A                     	;# 
   403     009B                     	;# 
   404     009B                     	;# 
   405     009C                     	;# 
   406     009D                     	;# 
   407     009E                     	;# 
   408     009F                     	;# 
   409     010C                     	;# 
   410     010D                     	;# 
   411     010E                     	;# 
   412     010F                     	;# 
   413     0110                     	;# 
   414     0111                     	;# 
   415     0112                     	;# 
   416     0113                     	;# 
   417     0114                     	;# 
   418     0115                     	;# 
   419     0116                     	;# 
   420     0117                     	;# 
   421     0118                     	;# 
   422     0119                     	;# 
   423     011A                     	;# 
   424     011B                     	;# 
   425     011B                     	;# 
   426     011C                     	;# 
   427     018C                     	;# 
   428     018D                     	;# 
   429     018E                     	;# 
   430     018F                     	;# 
   431     0190                     	;# 
   432     0191                     	;# 
   433     0191                     	;# 
   434     0192                     	;# 
   435     0193                     	;# 
   436     0193                     	;# 
   437     0194                     	;# 
   438     0195                     	;# 
   439     0196                     	;# 
   440     0197                     	;# 
   441     0199                     	;# 
   442     0199                     	;# 
   443     0199                     	;# 
   444     019A                     	;# 
   445     019A                     	;# 
   446     019A                     	;# 
   447     019B                     	;# 
   448     019B                     	;# 
   449     019B                     	;# 
   450     019B                     	;# 
   451     019B                     	;# 
   452     019C                     	;# 
   453     019C                     	;# 
   454     019C                     	;# 
   455     019D                     	;# 
   456     019D                     	;# 
   457     019D                     	;# 
   458     019E                     	;# 
   459     019E                     	;# 
   460     019E                     	;# 
   461     019F                     	;# 
   462     019F                     	;# 
   463     019F                     	;# 
   464     019F                     	;# 
   465     019F                     	;# 
   466     020C                     	;# 
   467     020D                     	;# 
   468     020E                     	;# 
   469     020F                     	;# 
   470     0210                     	;# 
   471     0211                     	;# 
   472     0211                     	;# 
   473     0212                     	;# 
   474     0212                     	;# 
   475     0213                     	;# 
   476     0213                     	;# 
   477     0214                     	;# 
   478     0214                     	;# 
   479     0215                     	;# 
   480     0215                     	;# 
   481     0215                     	;# 
   482     0215                     	;# 
   483     0216                     	;# 
   484     0216                     	;# 
   485     0217                     	;# 
   486     0217                     	;# 
   487     028C                     	;# 
   488     028D                     	;# 
   489     028E                     	;# 
   490     028F                     	;# 
   491     0290                     	;# 
   492     0291                     	;# 
   493     0291                     	;# 
   494     0292                     	;# 
   495     0293                     	;# 
   496     0293                     	;# 
   497     0298                     	;# 
   498     0298                     	;# 
   499     0299                     	;# 
   500     029A                     	;# 
   501     029A                     	;# 
   502     029E                     	;# 
   503     030C                     	;# 
   504     030D                     	;# 
   505     030E                     	;# 
   506     030F                     	;# 
   507     0310                     	;# 
   508     038C                     	;# 
   509     038D                     	;# 
   510     038E                     	;# 
   511     038F                     	;# 
   512     0390                     	;# 
   513     0391                     	;# 
   514     0392                     	;# 
   515     0393                     	;# 
   516     0394                     	;# 
   517     0395                     	;# 
   518     0396                     	;# 
   519     0397                     	;# 
   520     0398                     	;# 
   521     0399                     	;# 
   522     039D                     	;# 
   523     039E                     	;# 
   524     039F                     	;# 
   525     0415                     	;# 
   526     0416                     	;# 
   527     0417                     	;# 
   528     041C                     	;# 
   529     041D                     	;# 
   530     041E                     	;# 
   531     0498                     	;# 
   532     0498                     	;# 
   533     0499                     	;# 
   534     049A                     	;# 
   535     049B                     	;# 
   536     049B                     	;# 
   537     049C                     	;# 
   538     049D                     	;# 
   539     049E                     	;# 
   540     049F                     	;# 
   541     0511                     	;# 
   542     0515                     	;# 
   543     0617                     	;# 
   544     0618                     	;# 
   545     0619                     	;# 
   546     0619                     	;# 
   547     061A                     	;# 
   548     061B                     	;# 
   549     061C                     	;# 
   550     061C                     	;# 
   551     0691                     	;# 
   552     0692                     	;# 
   553     0693                     	;# 
   554     0694                     	;# 
   555     0695                     	;# 
   556     0696                     	;# 
   557     0697                     	;# 
   558     0698                     	;# 
   559     0699                     	;# 
   560     069A                     	;# 
   561     069B                     	;# 
   562     069C                     	;# 
   563     069D                     	;# 
   564     069E                     	;# 
   565     069F                     	;# 
   566     0E0F                     	;# 
   567     0E10                     	;# 
   568     0E11                     	;# 
   569     0E12                     	;# 
   570     0E13                     	;# 
   571     0E14                     	;# 
   572     0E15                     	;# 
   573     0E17                     	;# 
   574     0E20                     	;# 
   575     0E21                     	;# 
   576     0E22                     	;# 
   577     0E24                     	;# 
   578     0E25                     	;# 
   579     0E28                     	;# 
   580     0E29                     	;# 
   581     0E2A                     	;# 
   582     0E2B                     	;# 
   583     0E90                     	;# 
   584     0E91                     	;# 
   585     0E92                     	;# 
   586     0E93                     	;# 
   587     0E94                     	;# 
   588     0E95                     	;# 
   589     0E96                     	;# 
   590     0E97                     	;# 
   591     0E98                     	;# 
   592     0E99                     	;# 
   593     0E9A                     	;# 
   594     0E9B                     	;# 
   595     0E9C                     	;# 
   596     0E9D                     	;# 
   597     0E9E                     	;# 
   598     0E9F                     	;# 
   599     0EA0                     	;# 
   600     0EA1                     	;# 
   601     0EA2                     	;# 
   602     0EA3                     	;# 
   603     0EA4                     	;# 
   604     0EA5                     	;# 
   605     0EA6                     	;# 
   606     0EA7                     	;# 
   607     0EA8                     	;# 
   608     0EA9                     	;# 
   609     0EAA                     	;# 
   610     0EAB                     	;# 
   611     0EAC                     	;# 
   612     0EAD                     	;# 
   613     0EAE                     	;# 
   614     0EAF                     	;# 
   615     0EB0                     	;# 
   616     0EB1                     	;# 
   617     0EB2                     	;# 
   618     0F0F                     	;# 
   619     0F10                     	;# 
   620     0F11                     	;# 
   621     0F12                     	;# 
   622     0F13                     	;# 
   623     0F14                     	;# 
   624     0F15                     	;# 
   625     0F16                     	;# 
   626     0F17                     	;# 
   627     0F18                     	;# 
   628     0F19                     	;# 
   629     0F1A                     	;# 
   630     0F1B                     	;# 
   631     0F1C                     	;# 
   632     0F1D                     	;# 
   633     0F1E                     	;# 
   634     0F1F                     	;# 
   635     0F20                     	;# 
   636     0F21                     	;# 
   637     0F22                     	;# 
   638     0F23                     	;# 
   639     0F24                     	;# 
   640     0F25                     	;# 
   641     0F26                     	;# 
   642     0F27                     	;# 
   643     0F28                     	;# 
   644     0F29                     	;# 
   645     0F2A                     	;# 
   646     0F2B                     	;# 
   647     0F2C                     	;# 
   648     0F2D                     	;# 
   649     0F2E                     	;# 
   650     0F2F                     	;# 
   651     0F30                     	;# 
   652     0F31                     	;# 
   653     0F32                     	;# 
   654     0F33                     	;# 
   655     0F34                     	;# 
   656     0F35                     	;# 
   657     0F36                     	;# 
   658     0F37                     	;# 
   659     0FE4                     	;# 
   660     0FE5                     	;# 
   661     0FE6                     	;# 
   662     0FE7                     	;# 
   663     0FE8                     	;# 
   664     0FE9                     	;# 
   665     0FEA                     	;# 
   666     0FEB                     	;# 
   667     0FED                     	;# 
   668     0FEE                     	;# 
   669     0FEF                     	;# 
   670     000B                     _INTCONbits	set	11
   671     001A                     _TMR2	set	26
   672     001B                     _PR2	set	27
   673     001C                     _T2CONbits	set	28
   674     0015                     _TMR0	set	21
   675     005A                     _T0IF	set	90
   676     0091                     _PIE1bits	set	145
   677     008F                     _TRISDbits	set	143
   678     0095                     _OPTION_REGbits	set	149
   679     04CF                     _SPLLEN	set	1231
   680     04CE                     _IRCF3	set	1230
   681     04CD                     _IRCF2	set	1229
   682     04CC                     _IRCF1	set	1228
   683     04CB                     _IRCF0	set	1227
   684     04C9                     _SCS1	set	1225
   685     04C8                     _SCS0	set	1224
   686     010F                     _LATDbits	set	271
   687     0293                     _CCP1CONbits	set	659
   688     0291                     _CCPR1L	set	657
   689                           
   690                           	psect	cinit
   691     07FD                     start_initialization:	
   692                           ; #config settings
   693                           
   694     07FD                     __initialization:
   695     07FD                     end_of_initialization:	
   696                           ;End of C runtime variable initialization code
   697                           
   698     07FD                     __end_of__initialization:
   699     07FD  0020               	movlb	0
   700     07FE  3186  2ED8         	ljmp	_main	;jump to C main() function
   701                           
   702                           	psect	cstackCOMMON
   703     0070                     __pcstackCOMMON:
   704     0070                     ?_internal_32:
   705     0070                     ??_internal_32:	
   706                           ; 1 bytes @ 0x0
   707                           
   708     0070                     ?_delay_ms:	
   709                           ; 1 bytes @ 0x0
   710                           
   711     0070                     ?_initMain:	
   712                           ; 1 bytes @ 0x0
   713                           
   714     0070                     ??_initMain:	
   715                           ; 1 bytes @ 0x0
   716                           
   717     0070                     ?_main:	
   718                           ; 1 bytes @ 0x0
   719                           
   720     0070                     ?___aldiv:	
   721                           ; 1 bytes @ 0x0
   722                           
   723     0070                     delay_ms@milliseconds:	
   724                           ; 4 bytes @ 0x0
   725                           
   726     0070                     ___aldiv@divisor:	
   727                           ; 2 bytes @ 0x0
   728                           
   729                           
   730                           ; 4 bytes @ 0x0
   731     0070                     	ds	2
   732     0072                     ??_delay_ms:
   733     0072                     delay_ms@i:	
   734                           ; 1 bytes @ 0x2
   735                           
   736                           
   737                           ; 2 bytes @ 0x2
   738     0072                     	ds	2
   739     0074                     ___aldiv@dividend:
   740                           
   741                           ; 4 bytes @ 0x4
   742     0074                     	ds	4
   743     0078                     ??___aldiv:
   744                           
   745                           ; 1 bytes @ 0x8
   746     0078                     	ds	1
   747     0079                     ??_Sound_Play:
   748                           
   749                           ; 1 bytes @ 0x9
   750     0079                     	ds	4
   751                           
   752                           	psect	cstackBANK0
   753     0020                     __pcstackBANK0:
   754     0020                     ___aldiv@counter:
   755                           
   756                           ; 1 bytes @ 0x0
   757     0020                     	ds	1
   758     0021                     ___aldiv@sign:
   759                           
   760                           ; 1 bytes @ 0x1
   761     0021                     	ds	1
   762     0022                     ___aldiv@quotient:
   763                           
   764                           ; 4 bytes @ 0x2
   765     0022                     	ds	4
   766     0026                     ?_Sound_Play:
   767     0026                     Sound_Play@frequency:	
   768                           ; 1 bytes @ 0x6
   769                           
   770                           
   771                           ; 2 bytes @ 0x6
   772     0026                     	ds	2
   773     0028                     Sound_Play@duration:
   774                           
   775                           ; 2 bytes @ 0x8
   776     0028                     	ds	2
   777     002A                     Sound_Play@pwm_period:
   778                           
   779                           ; 4 bytes @ 0xA
   780     002A                     	ds	4
   781     002E                     ??_main:
   782                           
   783                           ; 1 bytes @ 0xE
   784     002E                     	ds	2
   785                           
   786                           	psect	maintext
   787     06D8                     __pmaintext:	
   788 ;;
   789 ;;Main: autosize = 0, tempsize = 2, incstack = 0, save=0
   790 ;;
   791 ;; *************** function _main *****************
   792 ;; Defined at:
   793 ;;		line 123 in file "main.c"
   794 ;; Parameters:    Size  Location     Type
   795 ;;		None
   796 ;; Auto vars:     Size  Location     Type
   797 ;;		None
   798 ;; Return value:  Size  Location     Type
   799 ;;                  1    wreg      void 
   800 ;; Registers used:
   801 ;;		wreg, status,2, status,0, pclath, cstack
   802 ;; Tracked objects:
   803 ;;		On entry : B1F/0
   804 ;;		On exit  : 0/0
   805 ;;		Unchanged: 0/0
   806 ;; Data sizes:     COMMON   BANK0   BANK1   BANK2   BANK3   BANK4   BANK5   BANK6   BANK7   BANK8   BANK9  BANK10  BANK1
      +1  BANK12  BANK13  BANK14  BANK15  BANK16  BANK17  BANK18  BANK19  BANK20  BANK21  BANK22  BANK23  BANK24  BANK25
   807 ;;      Params:         0       0       0       0       0       0       0       0       0       0       0       0       
      +0       0       0       0       0       0       0       0       0       0       0       0       0       0       0
   808 ;;      Locals:         0       0       0       0       0       0       0       0       0       0       0       0       
      +0       0       0       0       0       0       0       0       0       0       0       0       0       0       0
   809 ;;      Temps:          0       2       0       0       0       0       0       0       0       0       0       0       
      +0       0       0       0       0       0       0       0       0       0       0       0       0       0       0
   810 ;;      Totals:         0       2       0       0       0       0       0       0       0       0       0       0       
      +0       0       0       0       0       0       0       0       0       0       0       0       0       0       0
   811 ;;Total ram usage:        2 bytes
   812 ;; Hardware stack levels required when called: 2
   813 ;; This function calls:
   814 ;;		_Sound_Play
   815 ;;		_initMain
   816 ;; This function is called by:
   817 ;;		Startup code after reset
   818 ;; This function uses a non-reentrant model
   819 ;;
   820                           
   821     06D8                     _main:	
   822                           ;psect for function _main
   823                           
   824     06D8                     l783:	
   825                           ;incstack = 0
   826                           ; Regs used in _main: [wreg+status,2+status,0+pclath+cstack]
   827                           
   828                           
   829                           ;main.c: 124:     initMain();
   830     06D8  3186  26BD  3186   	fcall	_initMain
   831     06DB                     l86:	
   832                           ;main.c: 126:     while(1){
   833                           
   834                           
   835                           ;main.c: 127:       Sound_Play(659, 250);
   836     06DB  3093               	movlw	147
   837     06DC  0020               	movlb	0	; select bank0
   838     06DD  00A6               	movwf	Sound_Play@frequency
   839     06DE  3002               	movlw	2
   840     06DF  00A7               	movwf	Sound_Play@frequency+1
   841     06E0  30FA               	movlw	250
   842     06E1  00A8               	movwf	Sound_Play@duration
   843     06E2  3000               	movlw	0
   844     06E3  00A9               	movwf	Sound_Play@duration+1
   845     06E4  3187  271C  3186   	fcall	_Sound_Play
   846     06E7                     l785:
   847                           
   848                           ;main.c: 128:       _delay((unsigned long)((500)*(32000000/4000.0)));
   849     06E7  3015               	movlw	21
   850     06E8  0020               	movlb	0	; select bank0
   851     06E9  00AF               	movwf	??_main+1
   852     06EA  304B               	movlw	75
   853     06EB  00AE               	movwf	??_main
   854     06EC  30BE               	movlw	190
   855     06ED                     u297:
   856     06ED  0B89               	decfsz	9,f
   857     06EE  2EED               	goto	u297
   858     06EF  0BAE               	decfsz	??_main,f
   859     06F0  2EED               	goto	u297
   860     06F1  0BAF               	decfsz	??_main+1,f
   861     06F2  2EED               	goto	u297
   862     06F3  0000               	nop
   863     06F4  2EDB               	goto	l86
   864     06F5  3180  2803         	ljmp	start
   865     06F7                     __end_of_main:
   866                           
   867                           	psect	text1
   868     06BD                     __ptext1:	
   869 ;; *************** function _initMain *****************
   870 ;; Defined at:
   871 ;;		line 62 in file "main.c"
   872 ;; Parameters:    Size  Location     Type
   873 ;;		None
   874 ;; Auto vars:     Size  Location     Type
   875 ;;		None
   876 ;; Return value:  Size  Location     Type
   877 ;;                  1    wreg      void 
   878 ;; Registers used:
   879 ;;		wreg, status,2, status,0, pclath, cstack
   880 ;; Tracked objects:
   881 ;;		On entry : 0/0
   882 ;;		On exit  : 0/0
   883 ;;		Unchanged: 0/0
   884 ;; Data sizes:     COMMON   BANK0   BANK1   BANK2   BANK3   BANK4   BANK5   BANK6   BANK7   BANK8   BANK9  BANK10  BANK1
      +1  BANK12  BANK13  BANK14  BANK15  BANK16  BANK17  BANK18  BANK19  BANK20  BANK21  BANK22  BANK23  BANK24  BANK25
   885 ;;      Params:         0       0       0       0       0       0       0       0       0       0       0       0       
      +0       0       0       0       0       0       0       0       0       0       0       0       0       0       0
   886 ;;      Locals:         0       0       0       0       0       0       0       0       0       0       0       0       
      +0       0       0       0       0       0       0       0       0       0       0       0       0       0       0
   887 ;;      Temps:          0       0       0       0       0       0       0       0       0       0       0       0       
      +0       0       0       0       0       0       0       0       0       0       0       0       0       0       0
   888 ;;      Totals:         0       0       0       0       0       0       0       0       0       0       0       0       
      +0       0       0       0       0       0       0       0       0       0       0       0       0       0       0
   889 ;;Total ram usage:        0 bytes
   890 ;; Hardware stack levels used: 1
   891 ;; Hardware stack levels required when called: 1
   892 ;; This function calls:
   893 ;;		_internal_32
   894 ;; This function is called by:
   895 ;;		_main
   896 ;; This function uses a non-reentrant model
   897 ;;
   898                           
   899     06BD                     _initMain:	
   900                           ;psect for function _initMain
   901                           
   902     06BD                     l679:	
   903                           ;incstack = 0
   904                           ; Regs used in _initMain: [wreg+status,2+status,0+pclath+cstack]
   905                           
   906                           
   907                           ;main.c: 64:     internal_32();
   908     06BD  3186  26B4  3186   	fcall	_internal_32
   909     06C0                     l681:
   910                           
   911                           ;main.c: 67:     TRISDbits.TRISD1 = 0;
   912     06C0  0021               	movlb	1	; select bank1
   913     06C1  108F               	bcf	15,1	;volatile
   914     06C2                     l683:
   915                           
   916                           ;main.c: 68:     TRISDbits.TRISD2 = 0;
   917     06C2  110F               	bcf	15,2	;volatile
   918     06C3                     l685:
   919                           
   920                           ;main.c: 71:     LATDbits.LATD1 = 0;
   921     06C3  0022               	movlb	2	; select bank2
   922     06C4  108F               	bcf	15,1	;volatile
   923     06C5                     l687:
   924                           
   925                           ;main.c: 72:     LATDbits.LATD1 = 0;
   926     06C5  108F               	bcf	15,1	;volatile
   927     06C6                     l689:
   928                           
   929                           ;main.c: 91:     T2CONbits.T2CKPS = 0b10;
   930     06C6  0020               	movlb	0	; select bank0
   931     06C7  081C               	movf	28,w	;volatile
   932     06C8  39FC               	andlw	-4
   933     06C9  3802               	iorlw	2
   934     06CA  009C               	movwf	28	;volatile
   935     06CB                     l691:
   936                           
   937                           ;main.c: 94:     PR2 = 2;
   938     06CB  3002               	movlw	2
   939     06CC  009B               	movwf	27	;volatile
   940     06CD                     l693:
   941                           
   942                           ;main.c: 97:     TMR2 = 0;
   943     06CD  019A               	clrf	26	;volatile
   944     06CE                     l695:
   945                           
   946                           ;main.c: 100:     T2CONbits.T2OUTPS = 0b1110;
   947     06CE  081C               	movf	28,w	;volatile
   948     06CF  3987               	andlw	-121
   949     06D0  3870               	iorlw	112
   950     06D1  009C               	movwf	28	;volatile
   951     06D2                     l697:
   952                           
   953                           ;main.c: 103:     T2CONbits.TMR2ON = 1;
   954     06D2  151C               	bsf	28,2	;volatile
   955     06D3                     l699:
   956                           
   957                           ;main.c: 106:     PIE1bits.TMR2IE = 1;
   958     06D3  0021               	movlb	1	; select bank1
   959     06D4  1491               	bsf	17,1	;volatile
   960     06D5                     l701:
   961                           
   962                           ;main.c: 109:     INTCONbits.PEIE = 1;
   963     06D5  170B               	bsf	11,6	;volatile
   964     06D6                     l703:
   965                           
   966                           ;main.c: 112:     (INTCONbits.GIE = 1);
   967     06D6  178B               	bsf	11,7	;volatile
   968     06D7                     l81:
   969     06D7  0008               	return
   970     06D8                     __end_of_initMain:
   971                           
   972                           	psect	text2
   973     06B4                     __ptext2:	
   974 ;; *************** function _internal_32 *****************
   975 ;; Defined at:
   976 ;;		line 32 in file "PIC16F1719_Internal.c"
   977 ;; Parameters:    Size  Location     Type
   978 ;;		None
   979 ;; Auto vars:     Size  Location     Type
   980 ;;		None
   981 ;; Return value:  Size  Location     Type
   982 ;;                  1    wreg      void 
   983 ;; Registers used:
   984 ;;		None
   985 ;; Tracked objects:
   986 ;;		On entry : 0/0
   987 ;;		On exit  : 0/0
   988 ;;		Unchanged: 0/0
   989 ;; Data sizes:     COMMON   BANK0   BANK1   BANK2   BANK3   BANK4   BANK5   BANK6   BANK7   BANK8   BANK9  BANK10  BANK1
      +1  BANK12  BANK13  BANK14  BANK15  BANK16  BANK17  BANK18  BANK19  BANK20  BANK21  BANK22  BANK23  BANK24  BANK25
   990 ;;      Params:         0       0       0       0       0       0       0       0       0       0       0       0       
      +0       0       0       0       0       0       0       0       0       0       0       0       0       0       0
   991 ;;      Locals:         0       0       0       0       0       0       0       0       0       0       0       0       
      +0       0       0       0       0       0       0       0       0       0       0       0       0       0       0
   992 ;;      Temps:          0       0       0       0       0       0       0       0       0       0       0       0       
      +0       0       0       0       0       0       0       0       0       0       0       0       0       0       0
   993 ;;      Totals:         0       0       0       0       0       0       0       0       0       0       0       0       
      +0       0       0       0       0       0       0       0       0       0       0       0       0       0       0
   994 ;;Total ram usage:        0 bytes
   995 ;; Hardware stack levels used: 1
   996 ;; This function calls:
   997 ;;		Nothing
   998 ;; This function is called by:
   999 ;;		_initMain
  1000 ;; This function uses a non-reentrant model
  1001 ;;
  1002                           
  1003     06B4                     _internal_32:	
  1004                           ;psect for function _internal_32
  1005                           
  1006     06B4                     l615:	
  1007                           ;incstack = 0
  1008                           ; Regs used in _internal_32: []
  1009                           
  1010                           
  1011                           ;PIC16F1719_Internal.c: 34:     SCS0 = 0;
  1012     06B4  0021               	movlb	1	; select bank1
  1013     06B5  1019               	bcf	25,0	;volatile
  1014                           
  1015                           ;PIC16F1719_Internal.c: 35:     SCS1 = 0;
  1016     06B6  1099               	bcf	25,1	;volatile
  1017                           
  1018                           ;PIC16F1719_Internal.c: 38:     IRCF0 = 0;
  1019     06B7  1199               	bcf	25,3	;volatile
  1020                           
  1021                           ;PIC16F1719_Internal.c: 39:     IRCF1 = 1;
  1022     06B8  1619               	bsf	25,4	;volatile
  1023                           
  1024                           ;PIC16F1719_Internal.c: 40:     IRCF2 = 1;
  1025     06B9  1699               	bsf	25,5	;volatile
  1026                           
  1027                           ;PIC16F1719_Internal.c: 41:     IRCF3 = 1;
  1028     06BA  1719               	bsf	25,6	;volatile
  1029                           
  1030                           ;PIC16F1719_Internal.c: 44:     SPLLEN = 1;
  1031     06BB  1799               	bsf	25,7	;volatile
  1032     06BC                     l17:
  1033     06BC  0008               	return
  1034     06BD                     __end_of_internal_32:
  1035                           
  1036                           	psect	text3
  1037     071C                     __ptext3:	
  1038 ;; *************** function _Sound_Play *****************
  1039 ;; Defined at:
  1040 ;;		line 40 in file "main.c"
  1041 ;; Parameters:    Size  Location     Type
  1042 ;;  frequency       2    6[BANK0 ] unsigned int 
  1043 ;;  duration        2    8[BANK0 ] unsigned int 
  1044 ;; Auto vars:     Size  Location     Type
  1045 ;;  pwm_period      4   10[BANK0 ] unsigned long 
  1046 ;; Return value:  Size  Location     Type
  1047 ;;                  1    wreg      void 
  1048 ;; Registers used:
  1049 ;;		wreg, status,2, status,0, pclath, cstack
  1050 ;; Tracked objects:
  1051 ;;		On entry : 0/0
  1052 ;;		On exit  : 0/0
  1053 ;;		Unchanged: 0/0
  1054 ;; Data sizes:     COMMON   BANK0   BANK1   BANK2   BANK3   BANK4   BANK5   BANK6   BANK7   BANK8   BANK9  BANK10  BANK1
      +1  BANK12  BANK13  BANK14  BANK15  BANK16  BANK17  BANK18  BANK19  BANK20  BANK21  BANK22  BANK23  BANK24  BANK25
  1055 ;;      Params:         0       4       0       0       0       0       0       0       0       0       0       0       
      +0       0       0       0       0       0       0       0       0       0       0       0       0       0       0
  1056 ;;      Locals:         0       4       0       0       0       0       0       0       0       0       0       0       
      +0       0       0       0       0       0       0       0       0       0       0       0       0       0       0
  1057 ;;      Temps:          4       0       0       0       0       0       0       0       0       0       0       0       
      +0       0       0       0       0       0       0       0       0       0       0       0       0       0       0
  1058 ;;      Totals:         4       8       0       0       0       0       0       0       0       0       0       0       
      +0       0       0       0       0       0       0       0       0       0       0       0       0       0       0
  1059 ;;Total ram usage:       12 bytes
  1060 ;; Hardware stack levels used: 1
  1061 ;; Hardware stack levels required when called: 1
  1062 ;; This function calls:
  1063 ;;		___aldiv
  1064 ;;		_delay_ms
  1065 ;; This function is called by:
  1066 ;;		_main
  1067 ;; This function uses a non-reentrant model
  1068 ;;
  1069                           
  1070     071C                     _Sound_Play:	
  1071                           ;psect for function _Sound_Play
  1072                           
  1073     071C                     l773:	
  1074                           ;incstack = 0
  1075                           ; Regs used in _Sound_Play: [wreg+status,2+status,0+pclath+cstack]
  1076                           
  1077                           
  1078                           ;main.c: 41:     unsigned long pwm_period;;main.c: 42:     pwm_period = (32000000 / (4 *
      +                           frequency)) - 1;
  1079     071C  0020               	movlb	0	; select bank0
  1080     071D  0827               	movf	Sound_Play@frequency+1,w
  1081     071E  00FA               	movwf	??_Sound_Play+1
  1082     071F  0826               	movf	Sound_Play@frequency,w
  1083     0720  00F9               	movwf	??_Sound_Play
  1084     0721  35F9               	lslf	??_Sound_Play,f
  1085     0722  0DFA               	rlf	??_Sound_Play+1,f
  1086     0723  35F9               	lslf	??_Sound_Play,f
  1087     0724  0DFA               	rlf	??_Sound_Play+1,f
  1088     0725  0879               	movf	??_Sound_Play,w
  1089     0726  00F0               	movwf	___aldiv@divisor
  1090     0727  087A               	movf	??_Sound_Play+1,w
  1091     0728  00F1               	movwf	___aldiv@divisor+1
  1092     0729  01F2               	clrf	___aldiv@divisor+2
  1093     072A  01F3               	clrf	___aldiv@divisor+3
  1094     072B  3001               	movlw	1
  1095     072C  00F7               	movwf	___aldiv@dividend+3
  1096     072D  30E8               	movlw	232
  1097     072E  00F6               	movwf	___aldiv@dividend+2
  1098     072F  3048               	movlw	72
  1099     0730  00F5               	movwf	___aldiv@dividend+1
  1100     0731  3000               	movlw	0
  1101     0732  00F4               	movwf	___aldiv@dividend
  1102     0733  3187  276D  3187   	fcall	___aldiv
  1103     0736  30FF               	movlw	255
  1104     0737  0770               	addwf	?___aldiv,w
  1105     0738  0020               	movlb	0	; select bank0
  1106     0739  00AA               	movwf	Sound_Play@pwm_period
  1107     073A  30FF               	movlw	255
  1108     073B  3D71               	addwfc	?___aldiv+1,w
  1109     073C  00AB               	movwf	Sound_Play@pwm_period+1
  1110     073D  30FF               	movlw	255
  1111     073E  3D72               	addwfc	?___aldiv+2,w
  1112     073F  00AC               	movwf	Sound_Play@pwm_period+2
  1113     0740  30FF               	movlw	255
  1114     0741  3D73               	addwfc	?___aldiv+3,w
  1115     0742  00AD               	movwf	Sound_Play@pwm_period+3
  1116     0743                     l775:
  1117                           
  1118                           ;main.c: 43:     CCPR1L = pwm_period >> 2;
  1119     0743  082A               	movf	Sound_Play@pwm_period,w
  1120     0744  00F9               	movwf	??_Sound_Play
  1121     0745  082B               	movf	Sound_Play@pwm_period+1,w
  1122     0746  00FA               	movwf	??_Sound_Play+1
  1123     0747  082C               	movf	Sound_Play@pwm_period+2,w
  1124     0748  00FB               	movwf	??_Sound_Play+2
  1125     0749  082D               	movf	Sound_Play@pwm_period+3,w
  1126     074A  00FC               	movwf	??_Sound_Play+3
  1127     074B  3002               	movlw	2
  1128     074C                     u285:
  1129     074C  36FC               	lsrf	??_Sound_Play+3,f
  1130     074D  0CFB               	rrf	??_Sound_Play+2,f
  1131     074E  0CFA               	rrf	??_Sound_Play+1,f
  1132     074F  0CF9               	rrf	??_Sound_Play,f
  1133     0750                     u280:
  1134     0750  0B89               	decfsz	9,f
  1135     0751  2F4C               	goto	u285
  1136     0752  0879               	movf	??_Sound_Play,w
  1137     0753  0025               	movlb	5	; select bank5
  1138     0754  0091               	movwf	17	;volatile
  1139     0755                     l777:
  1140                           
  1141                           ;main.c: 44:     CCP1CONbits.DC1B = pwm_period & 0x03;
  1142     0755  0020               	movlb	0	; select bank0
  1143     0756  082A               	movf	Sound_Play@pwm_period,w
  1144     0757  3903               	andlw	3
  1145     0758  00F9               	movwf	??_Sound_Play
  1146     0759  0EF9               	swapf	??_Sound_Play,f
  1147     075A  0025               	movlb	5	; select bank5
  1148     075B  0813               	movf	19,w	;volatile
  1149     075C  0679               	xorwf	??_Sound_Play,w
  1150     075D  39CF               	andlw	-49
  1151     075E  0679               	xorwf	??_Sound_Play,w
  1152     075F  0093               	movwf	19	;volatile
  1153                           
  1154                           ;main.c: 46:     delay_ms(duration);
  1155     0760  0020               	movlb	0	; select bank0
  1156     0761  0829               	movf	Sound_Play@duration+1,w
  1157     0762  00F1               	movwf	delay_ms@milliseconds+1
  1158     0763  0828               	movf	Sound_Play@duration,w
  1159     0764  00F0               	movwf	delay_ms@milliseconds
  1160     0765  3186  26F7  3187   	fcall	_delay_ms
  1161     0768                     l779:
  1162                           
  1163                           ;main.c: 47:     CCPR1L = 0;
  1164     0768  0025               	movlb	5	; select bank5
  1165     0769  0191               	clrf	17	;volatile
  1166     076A                     l781:
  1167                           
  1168                           ;main.c: 48:     CCP1CONbits.DC1B = 0;
  1169     076A  30CF               	movlw	-49
  1170     076B  0593               	andwf	19,f	;volatile
  1171     076C                     l78:
  1172     076C  0008               	return
  1173     076D                     __end_of_Sound_Play:
  1174                           
  1175                           	psect	text4
  1176     06F7                     __ptext4:	
  1177 ;; *************** function _delay_ms *****************
  1178 ;; Defined at:
  1179 ;;		line 25 in file "main.c"
  1180 ;; Parameters:    Size  Location     Type
  1181 ;;  milliseconds    2    0[COMMON] unsigned int 
  1182 ;; Auto vars:     Size  Location     Type
  1183 ;;  i               2    2[COMMON] unsigned int 
  1184 ;; Return value:  Size  Location     Type
  1185 ;;                  1    wreg      void 
  1186 ;; Registers used:
  1187 ;;		wreg, status,2, status,0
  1188 ;; Tracked objects:
  1189 ;;		On entry : 0/0
  1190 ;;		On exit  : 0/0
  1191 ;;		Unchanged: 0/0
  1192 ;; Data sizes:     COMMON   BANK0   BANK1   BANK2   BANK3   BANK4   BANK5   BANK6   BANK7   BANK8   BANK9  BANK10  BANK1
      +1  BANK12  BANK13  BANK14  BANK15  BANK16  BANK17  BANK18  BANK19  BANK20  BANK21  BANK22  BANK23  BANK24  BANK25
  1193 ;;      Params:         2       0       0       0       0       0       0       0       0       0       0       0       
      +0       0       0       0       0       0       0       0       0       0       0       0       0       0       0
  1194 ;;      Locals:         2       0       0       0       0       0       0       0       0       0       0       0       
      +0       0       0       0       0       0       0       0       0       0       0       0       0       0       0
  1195 ;;      Temps:          0       0       0       0       0       0       0       0       0       0       0       0       
      +0       0       0       0       0       0       0       0       0       0       0       0       0       0       0
  1196 ;;      Totals:         4       0       0       0       0       0       0       0       0       0       0       0       
      +0       0       0       0       0       0       0       0       0       0       0       0       0       0       0
  1197 ;;Total ram usage:        4 bytes
  1198 ;; Hardware stack levels used: 1
  1199 ;; This function calls:
  1200 ;;		Nothing
  1201 ;; This function is called by:
  1202 ;;		_Sound_Play
  1203 ;; This function uses a non-reentrant model
  1204 ;;
  1205                           
  1206     06F7                     _delay_ms:	
  1207                           ;psect for function _delay_ms
  1208                           
  1209     06F7                     l721:	
  1210                           ;incstack = 0
  1211                           ; Regs used in _delay_ms: [wreg+status,2+status,0]
  1212                           
  1213                           
  1214                           ;main.c: 26:     for (unsigned int i = 0; i < milliseconds; i++) {
  1215     06F7  01F2               	clrf	delay_ms@i
  1216     06F8  01F3               	clrf	delay_ms@i+1
  1217     06F9  2F11               	goto	l66
  1218     06FA                     l723:
  1219                           
  1220                           ;main.c: 27:         TMR0 = 0;
  1221     06FA  0020               	movlb	0	; select bank0
  1222     06FB  0195               	clrf	21	;volatile
  1223                           
  1224                           ;main.c: 28:         while (TMR0 < 250) {
  1225     06FC  2F06               	goto	l729
  1226     06FD                     l69:
  1227                           
  1228                           ;main.c: 30:             OPTION_REGbits.PSA = 0;
  1229     06FD  0021               	movlb	1	; select bank1
  1230     06FE  1195               	bcf	21,3	;volatile
  1231     06FF                     l725:
  1232                           
  1233                           ;main.c: 31:             OPTION_REGbits.PS = 0b111;
  1234     06FF  3007               	movlw	7
  1235     0700  0495               	iorwf	21,f	;volatile
  1236     0701                     l727:
  1237                           
  1238                           ;main.c: 32:             T0IF = 0;
  1239     0701  110B               	bcf	11,2	;volatile
  1240     0702                     l70:	
  1241                           ;main.c: 33:             while (!T0IF);
  1242                           
  1243     0702  1D0B               	btfss	11,2	;volatile
  1244     0703  2F05               	goto	u151
  1245     0704  2F06               	goto	u150
  1246     0705                     u151:
  1247     0705  2F02               	goto	l70
  1248     0706                     u150:
  1249     0706                     l729:
  1250                           
  1251                           ;main.c: 28:         while (TMR0 < 250) {
  1252     0706  30FA               	movlw	250
  1253     0707  0020               	movlb	0	; select bank0
  1254     0708  0215               	subwf	21,w	;volatile
  1255     0709  1C03               	skipc
  1256     070A  2F0C               	goto	u161
  1257     070B  2F0D               	goto	u160
  1258     070C                     u161:
  1259     070C  2EFD               	goto	l69
  1260     070D                     u160:
  1261     070D                     l731:
  1262                           
  1263                           ;main.c: 35:     }
  1264     070D  3001               	movlw	1
  1265     070E  07F2               	addwf	delay_ms@i,f
  1266     070F  3000               	movlw	0
  1267     0710  3DF3               	addwfc	delay_ms@i+1,f
  1268     0711                     l66:
  1269     0711  0871               	movf	delay_ms@milliseconds+1,w
  1270     0712  0273               	subwf	delay_ms@i+1,w
  1271     0713  1D03               	skipz
  1272     0714  2F17               	goto	u175
  1273     0715  0870               	movf	delay_ms@milliseconds,w
  1274     0716  0272               	subwf	delay_ms@i,w
  1275     0717                     u175:
  1276     0717  1C03               	skipc
  1277     0718  2F1A               	goto	u171
  1278     0719  2F1B               	goto	u170
  1279     071A                     u171:
  1280     071A  2EFA               	goto	l723
  1281     071B                     u170:
  1282     071B                     l75:
  1283     071B  0008               	return
  1284     071C                     __end_of_delay_ms:
  1285                           
  1286                           	psect	text5
  1287     076D                     __ptext5:	
  1288 ;; *************** function ___aldiv *****************
  1289 ;; Defined at:
  1290 ;;		line 5 in file "C:\Program Files\Microchip\xc8\v2.45\pic\sources\c99\common\aldiv.c"
  1291 ;; Parameters:    Size  Location     Type
  1292 ;;  divisor         4    0[COMMON] long 
  1293 ;;  dividend        4    4[COMMON] long 
  1294 ;; Auto vars:     Size  Location     Type
  1295 ;;  quotient        4    2[BANK0 ] long 
  1296 ;;  sign            1    1[BANK0 ] unsigned char 
  1297 ;;  counter         1    0[BANK0 ] unsigned char 
  1298 ;; Return value:  Size  Location     Type
  1299 ;;                  4    0[COMMON] long 
  1300 ;; Registers used:
  1301 ;;		wreg, status,2, status,0
  1302 ;; Tracked objects:
  1303 ;;		On entry : 0/0
  1304 ;;		On exit  : 0/0
  1305 ;;		Unchanged: 0/0
  1306 ;; Data sizes:     COMMON   BANK0   BANK1   BANK2   BANK3   BANK4   BANK5   BANK6   BANK7   BANK8   BANK9  BANK10  BANK1
      +1  BANK12  BANK13  BANK14  BANK15  BANK16  BANK17  BANK18  BANK19  BANK20  BANK21  BANK22  BANK23  BANK24  BANK25
  1307 ;;      Params:         8       0       0       0       0       0       0       0       0       0       0       0       
      +0       0       0       0       0       0       0       0       0       0       0       0       0       0       0
  1308 ;;      Locals:         0       6       0       0       0       0       0       0       0       0       0       0       
      +0       0       0       0       0       0       0       0       0       0       0       0       0       0       0
  1309 ;;      Temps:          1       0       0       0       0       0       0       0       0       0       0       0       
      +0       0       0       0       0       0       0       0       0       0       0       0       0       0       0
  1310 ;;      Totals:         9       6       0       0       0       0       0       0       0       0       0       0       
      +0       0       0       0       0       0       0       0       0       0       0       0       0       0       0
  1311 ;;Total ram usage:       15 bytes
  1312 ;; Hardware stack levels used: 1
  1313 ;; This function calls:
  1314 ;;		Nothing
  1315 ;; This function is called by:
  1316 ;;		_Sound_Play
  1317 ;; This function uses a non-reentrant model
  1318 ;;
  1319                           
  1320     076D                     ___aldiv:	
  1321                           ;psect for function ___aldiv
  1322                           
  1323     076D                     l733:	
  1324                           ;incstack = 0
  1325                           ; Regs used in ___aldiv: [wreg+status,2+status,0]
  1326                           
  1327     076D  0020               	movlb	0	; select bank0
  1328     076E  01A1               	clrf	___aldiv@sign
  1329     076F                     l735:
  1330     076F  1FF3               	btfss	___aldiv@divisor+3,7
  1331     0770  2F72               	goto	u181
  1332     0771  2F73               	goto	u180
  1333     0772                     u181:
  1334     0772  2F80               	goto	l222
  1335     0773                     u180:
  1336     0773                     l737:
  1337     0773  09F0               	comf	___aldiv@divisor,f
  1338     0774  09F1               	comf	___aldiv@divisor+1,f
  1339     0775  09F2               	comf	___aldiv@divisor+2,f
  1340     0776  09F3               	comf	___aldiv@divisor+3,f
  1341     0777  0AF0               	incf	___aldiv@divisor,f
  1342     0778  1903               	skipnz
  1343     0779  0AF1               	incf	___aldiv@divisor+1,f
  1344     077A  1903               	skipnz
  1345     077B  0AF2               	incf	___aldiv@divisor+2,f
  1346     077C  1903               	skipnz
  1347     077D  0AF3               	incf	___aldiv@divisor+3,f
  1348     077E  01A1               	clrf	___aldiv@sign
  1349     077F  0AA1               	incf	___aldiv@sign,f
  1350     0780                     l222:
  1351     0780  1FF7               	btfss	___aldiv@dividend+3,7
  1352     0781  2F83               	goto	u191
  1353     0782  2F84               	goto	u190
  1354     0783                     u191:
  1355     0783  2F93               	goto	l743
  1356     0784                     u190:
  1357     0784                     l739:
  1358     0784  09F4               	comf	___aldiv@dividend,f
  1359     0785  09F5               	comf	___aldiv@dividend+1,f
  1360     0786  09F6               	comf	___aldiv@dividend+2,f
  1361     0787  09F7               	comf	___aldiv@dividend+3,f
  1362     0788  0AF4               	incf	___aldiv@dividend,f
  1363     0789  1903               	skipnz
  1364     078A  0AF5               	incf	___aldiv@dividend+1,f
  1365     078B  1903               	skipnz
  1366     078C  0AF6               	incf	___aldiv@dividend+2,f
  1367     078D  1903               	skipnz
  1368     078E  0AF7               	incf	___aldiv@dividend+3,f
  1369     078F                     l741:
  1370     078F  3001               	movlw	1
  1371     0790  00F8               	movwf	??___aldiv
  1372     0791  0878               	movf	??___aldiv,w
  1373     0792  06A1               	xorwf	___aldiv@sign,f
  1374     0793                     l743:
  1375     0793  3000               	movlw	0
  1376     0794  00A5               	movwf	___aldiv@quotient+3
  1377     0795  3000               	movlw	0
  1378     0796  00A4               	movwf	___aldiv@quotient+2
  1379     0797  3000               	movlw	0
  1380     0798  00A3               	movwf	___aldiv@quotient+1
  1381     0799  3000               	movlw	0
  1382     079A  00A2               	movwf	___aldiv@quotient
  1383     079B                     l745:
  1384     079B  0873               	movf	___aldiv@divisor+3,w
  1385     079C  0472               	iorwf	___aldiv@divisor+2,w
  1386     079D  0471               	iorwf	___aldiv@divisor+1,w
  1387     079E  0470               	iorwf	___aldiv@divisor,w
  1388     079F  1903               	skipnz
  1389     07A0  2FA2               	goto	u201
  1390     07A1  2FA3               	goto	u200
  1391     07A2                     u201:
  1392     07A2  2FE4               	goto	l765
  1393     07A3                     u200:
  1394     07A3                     l747:
  1395     07A3  01A0               	clrf	___aldiv@counter
  1396     07A4  0AA0               	incf	___aldiv@counter,f
  1397     07A5  2FB1               	goto	l751
  1398     07A6                     l749:
  1399     07A6  3001               	movlw	1
  1400     07A7                     u215:
  1401     07A7  35F0               	lslf	___aldiv@divisor,f
  1402     07A8  0DF1               	rlf	___aldiv@divisor+1,f
  1403     07A9  0DF2               	rlf	___aldiv@divisor+2,f
  1404     07AA  0DF3               	rlf	___aldiv@divisor+3,f
  1405     07AB  0B89               	decfsz	9,f
  1406     07AC  2FA7               	goto	u215
  1407     07AD  3001               	movlw	1
  1408     07AE  00F8               	movwf	??___aldiv
  1409     07AF  0878               	movf	??___aldiv,w
  1410     07B0  07A0               	addwf	___aldiv@counter,f
  1411     07B1                     l751:
  1412     07B1  1FF3               	btfss	___aldiv@divisor+3,7
  1413     07B2  2FB4               	goto	u221
  1414     07B3  2FB5               	goto	u220
  1415     07B4                     u221:
  1416     07B4  2FA6               	goto	l749
  1417     07B5                     u220:
  1418     07B5                     l753:
  1419     07B5  3001               	movlw	1
  1420     07B6                     u235:
  1421     07B6  35A2               	lslf	___aldiv@quotient,f
  1422     07B7  0DA3               	rlf	___aldiv@quotient+1,f
  1423     07B8  0DA4               	rlf	___aldiv@quotient+2,f
  1424     07B9  0DA5               	rlf	___aldiv@quotient+3,f
  1425     07BA  0B89               	decfsz	9,f
  1426     07BB  2FB6               	goto	u235
  1427     07BC                     l755:
  1428     07BC  0873               	movf	___aldiv@divisor+3,w
  1429     07BD  0277               	subwf	___aldiv@dividend+3,w
  1430     07BE  1D03               	skipz
  1431     07BF  2FCA               	goto	u245
  1432     07C0  0872               	movf	___aldiv@divisor+2,w
  1433     07C1  0276               	subwf	___aldiv@dividend+2,w
  1434     07C2  1D03               	skipz
  1435     07C3  2FCA               	goto	u245
  1436     07C4  0871               	movf	___aldiv@divisor+1,w
  1437     07C5  0275               	subwf	___aldiv@dividend+1,w
  1438     07C6  1D03               	skipz
  1439     07C7  2FCA               	goto	u245
  1440     07C8  0870               	movf	___aldiv@divisor,w
  1441     07C9  0274               	subwf	___aldiv@dividend,w
  1442     07CA                     u245:
  1443     07CA  1C03               	skipc
  1444     07CB  2FCD               	goto	u241
  1445     07CC  2FCE               	goto	u240
  1446     07CD                     u241:
  1447     07CD  2FD7               	goto	l761
  1448     07CE                     u240:
  1449     07CE                     l757:
  1450     07CE  0870               	movf	___aldiv@divisor,w
  1451     07CF  02F4               	subwf	___aldiv@dividend,f
  1452     07D0  0871               	movf	___aldiv@divisor+1,w
  1453     07D1  3BF5               	subwfb	___aldiv@dividend+1,f
  1454     07D2  0872               	movf	___aldiv@divisor+2,w
  1455     07D3  3BF6               	subwfb	___aldiv@dividend+2,f
  1456     07D4  0873               	movf	___aldiv@divisor+3,w
  1457     07D5  3BF7               	subwfb	___aldiv@dividend+3,f
  1458     07D6                     l759:
  1459     07D6  1422               	bsf	___aldiv@quotient,0
  1460     07D7                     l761:
  1461     07D7  3001               	movlw	1
  1462     07D8                     u255:
  1463     07D8  36F3               	lsrf	___aldiv@divisor+3,f
  1464     07D9  0CF2               	rrf	___aldiv@divisor+2,f
  1465     07DA  0CF1               	rrf	___aldiv@divisor+1,f
  1466     07DB  0CF0               	rrf	___aldiv@divisor,f
  1467     07DC  0B89               	decfsz	9,f
  1468     07DD  2FD8               	goto	u255
  1469     07DE                     l763:
  1470     07DE  3001               	movlw	1
  1471     07DF  02A0               	subwf	___aldiv@counter,f
  1472     07E0  1D03               	btfss	3,2
  1473     07E1  2FE3               	goto	u261
  1474     07E2  2FE4               	goto	u260
  1475     07E3                     u261:
  1476     07E3  2FB5               	goto	l753
  1477     07E4                     u260:
  1478     07E4                     l765:
  1479     07E4  0821               	movf	___aldiv@sign,w
  1480     07E5  1903               	btfsc	3,2
  1481     07E6  2FE8               	goto	u271
  1482     07E7  2FE9               	goto	u270
  1483     07E8                     u271:
  1484     07E8  2FF4               	goto	l769
  1485     07E9                     u270:
  1486     07E9                     l767:
  1487     07E9  09A2               	comf	___aldiv@quotient,f
  1488     07EA  09A3               	comf	___aldiv@quotient+1,f
  1489     07EB  09A4               	comf	___aldiv@quotient+2,f
  1490     07EC  09A5               	comf	___aldiv@quotient+3,f
  1491     07ED  0AA2               	incf	___aldiv@quotient,f
  1492     07EE  1903               	skipnz
  1493     07EF  0AA3               	incf	___aldiv@quotient+1,f
  1494     07F0  1903               	skipnz
  1495     07F1  0AA4               	incf	___aldiv@quotient+2,f
  1496     07F2  1903               	skipnz
  1497     07F3  0AA5               	incf	___aldiv@quotient+3,f
  1498     07F4                     l769:
  1499     07F4  0825               	movf	___aldiv@quotient+3,w
  1500     07F5  00F3               	movwf	?___aldiv+3
  1501     07F6  0824               	movf	___aldiv@quotient+2,w
  1502     07F7  00F2               	movwf	?___aldiv+2
  1503     07F8  0823               	movf	___aldiv@quotient+1,w
  1504     07F9  00F1               	movwf	?___aldiv+1
  1505     07FA  0822               	movf	___aldiv@quotient,w
  1506     07FB  00F0               	movwf	?___aldiv
  1507     07FC                     l232:
  1508     07FC  0008               	return
  1509     07FD                     __end_of___aldiv:
  1510     007E                     btemp	set	126	;btemp
  1511     007E                     wtemp0	set	126
  1512                           
  1513                           	psect	config
  1514                           
  1515                           ;Config register CONFIG1 @ 0x8007
  1516                           ;	Oscillator Selection Bits
  1517                           ;	FOSC = INTOSC, INTOSC oscillator: I/O function on CLKIN pin
  1518                           ;	Watchdog Timer Enable
  1519                           ;	WDTE = OFF, WDT disabled
  1520                           ;	Power-up Timer Enable
  1521                           ;	PWRTE = OFF, PWRT disabled
  1522                           ;	MCLR Pin Function Select
  1523                           ;	MCLRE = OFF, MCLR/VPP pin function is digital input if LVP bit is also 0.
  1524                           ;	Flash Program Memory Code Protection
  1525                           ;	CP = OFF, Program memory code protection is disabled
  1526                           ;	Brown-out Reset Enable
  1527                           ;	BOREN = OFF, Brown-out Reset disabled
  1528                           ;	Clock Out Enable
  1529                           ;	CLKOUTEN = OFF, CLKOUT function is disabled. I/O or oscillator function on the CLKOUT 
      +                          pin
  1530                           ;	Internal/External Switchover Mode
  1531                           ;	IESO = ON, Internal/External Switchover Mode is enabled
  1532                           ;	Fail-Safe Clock Monitor Enable
  1533                           ;	FCMEN = OFF, Fail-Safe Clock Monitor is disabled
  1534     8007                     	org	32775
  1535     8007  19A4               	dw	6564
  1536                           
  1537                           ;Config register CONFIG2 @ 0x8008
  1538                           ;	Flash Memory Self-Write Protection
  1539                           ;	WRT = OFF, Write protection off
  1540                           ;	Peripheral Pin Select one-way control
  1541                           ;	PPS1WAY = ON, The PPSLOCK bit cannot be cleared once it is set by software
  1542                           ;	Zero-cross detect disable
  1543                           ;	ZCDDIS = ON, ZCD disabled. ZCD can be enabled by setting the ZCDSEN bit of ZCDCON
  1544                           ;	Phase Lock Loop enable
  1545                           ;	PLLEN = OFF, 4x PLL is disabled
  1546                           ;	Stack Overflow/Underflow Reset Enable
  1547                           ;	STVREN = ON, Stack Overflow or Underflow will cause a Reset
  1548                           ;	Brown-out Reset Voltage Selection
  1549                           ;	BORV = LO, Brown-out Reset Voltage (Vbor), low trip point selected.
  1550                           ;	Low-Power Brown Out Reset
  1551                           ;	LPBOR = OFF, Low-Power BOR is disabled
  1552                           ;	In-Circuit Debugger Mode
  1553                           ;	DEBUG = 0x1, unprogrammed default
  1554                           ;	Low-Voltage Programming Enable
  1555                           ;	LVP = OFF, High-voltage on MCLR/VPP must be used for programming
  1556     8008                     	org	32776
  1557     8008  1EFF               	dw	7935

Data Sizes:
    Strings     0
    Constant    0
    Data        0
    BSS         0
    Persistent  32
    Stack       0

Auto Spaces:
    Space          Size  Autos    Used
    COMMON           14     13      13
    BANK0            80     16      16
    BANK1            80      0       0
    BANK2            80      0       0
    BANK3            80      0       0
    BANK4            80      0       0
    BANK5            80      0       0
    BANK6            80      0       0
    BANK7            80      0       0
    BANK8            80      0       0
    BANK9            80      0       0
    BANK10           80      0       0
    BANK11           80      0       0
    BANK12           80      0       0
    BANK13           80      0       0
    BANK14           80      0       0
    BANK15           80      0       0
    BANK16           80      0       0
    BANK17           80      0       0
    BANK18           80      0       0
    BANK19           80      0       0
    BANK20           80      0       0
    BANK21           80      0       0
    BANK22           80      0       0
    BANK23           80      0       0
    BANK24           80      0       0
    BANK25           32      0       0

Pointer List with Targets:

    None.

Critical Paths under _main in COMMON

    _main->_Sound_Play
    _Sound_Play->___aldiv

Critical Paths under _main in BANK0

    _main->_Sound_Play
    _Sound_Play->___aldiv

Critical Paths under _main in BANK1

    None.

Critical Paths under _main in BANK2

    None.

Critical Paths under _main in BANK3

    None.

Critical Paths under _main in BANK4

    None.

Critical Paths under _main in BANK5

    None.

Critical Paths under _main in BANK6

    None.

Critical Paths under _main in BANK7

    None.

Critical Paths under _main in BANK8

    None.

Critical Paths under _main in BANK9

    None.

Critical Paths under _main in BANK10

    None.

Critical Paths under _main in BANK11

    None.

Critical Paths under _main in BANK12

    None.

Critical Paths under _main in BANK13

    None.

Critical Paths under _main in BANK14

    None.

Critical Paths under _main in BANK15

    None.

Critical Paths under _main in BANK16

    None.

Critical Paths under _main in BANK17

    None.

Critical Paths under _main in BANK18

    None.

Critical Paths under _main in BANK19

    None.

Critical Paths under _main in BANK20

    None.

Critical Paths under _main in BANK21

    None.

Critical Paths under _main in BANK22

    None.

Critical Paths under _main in BANK23

    None.

Critical Paths under _main in BANK24

    None.

Critical Paths under _main in BANK25

    None.

Call Graph Tables:

 ---------------------------------------------------------------------------------
 (Depth) Function   	        Calls       Base Space   Used Autos Params    Refs
 ---------------------------------------------------------------------------------
 (0) _main                                                 2     2      0     815
                                             14 BANK0      2     2      0
                         _Sound_Play
                           _initMain
 ---------------------------------------------------------------------------------
 (1) _initMain                                             0     0      0       0
                        _internal_32
 ---------------------------------------------------------------------------------
 (2) _internal_32                                          0     0      0       0
 ---------------------------------------------------------------------------------
 (1) _Sound_Play                                          12     8      4     815
                                              9 COMMON     4     4      0
                                              6 BANK0      8     4      4
                            ___aldiv
                           _delay_ms
 ---------------------------------------------------------------------------------
 (2) _delay_ms                                             4     2      2     122
                                              0 COMMON     4     2      2
 ---------------------------------------------------------------------------------
 (2) ___aldiv                                             15     7      8     452
                                              0 COMMON     9     1      8
                                              0 BANK0      6     6      0
 ---------------------------------------------------------------------------------
 Estimated maximum stack depth 2
 ---------------------------------------------------------------------------------

 Call Graph Graphs:

 _main (ROOT)
   _Sound_Play
     ___aldiv
     _delay_ms
   _initMain
     _internal_32

 Address spaces:
Name               Size   Autos  Total    Cost      Usage
BIGRAM             7F0      0       0       0        0.0%
NULL                 0      0       0       0        0.0%
CODE                 0      0       0       0        0.0%
BITCOMMON            E      0       0       1        0.0%
BITSFR0              0      0       0       1        0.0%
SFR0                 0      0       0       1        0.0%
COMMON               E      D       D       2       92.9%
BITSFR1              0      0       0       2        0.0%
SFR1                 0      0       0       2        0.0%
BITSFR2              0      0       0       3        0.0%
SFR2                 0      0       0       3        0.0%
STACK                0      0       0       3        0.0%
BITBANK0            50      0       0       4        0.0%
BITSFR3              0      0       0       4        0.0%
SFR3                 0      0       0       4        0.0%
BANK0               50     10      10       5       20.0%
BITSFR4              0      0       0       5        0.0%
SFR4                 0      0       0       5        0.0%
BITBANK1            50      0       0       6        0.0%
BITSFR5              0      0       0       6        0.0%
SFR5                 0      0       0       6        0.0%
BANK1               50      0       0       7        0.0%
BITSFR6              0      0       0       7        0.0%
SFR6                 0      0       0       7        0.0%
BITBANK2            50      0       0       8        0.0%
BITSFR7              0      0       0       8        0.0%
SFR7                 0      0       0       8        0.0%
BANK2               50      0       0       9        0.0%
BITSFR8              0      0       0       9        0.0%
SFR8                 0      0       0       9        0.0%
BITBANK3            50      0       0      10        0.0%
BITSFR9              0      0       0      10        0.0%
SFR9                 0      0       0      10        0.0%
BANK3               50      0       0      11        0.0%
BITSFR10             0      0       0      11        0.0%
SFR10                0      0       0      11        0.0%
BITBANK4            50      0       0      12        0.0%
BITSFR11             0      0       0      12        0.0%
SFR11                0      0       0      12        0.0%
BANK4               50      0       0      13        0.0%
BITSFR12             0      0       0      13        0.0%
SFR12                0      0       0      13        0.0%
BITSFR13             0      0       0      14        0.0%
SFR13                0      0       0      14        0.0%
ABS                  0      0       0      14        0.0%
BITBANK5            50      0       0      15        0.0%
BITSFR14             0      0       0      15        0.0%
SFR14                0      0       0      15        0.0%
BANK5               50      0       0      16        0.0%
BITSFR15             0      0       0      16        0.0%
SFR15                0      0       0      16        0.0%
BITBANK6            50      0       0      17        0.0%
BITSFR16             0      0       0      17        0.0%
SFR16                0      0       0      17        0.0%
BANK6               50      0       0      18        0.0%
BITSFR17             0      0       0      18        0.0%
SFR17                0      0       0      18        0.0%
BITBANK7            50      0       0      19        0.0%
BITSFR18             0      0       0      19        0.0%
SFR18                0      0       0      19        0.0%
BANK7               50      0       0      20        0.0%
BITSFR19             0      0       0      20        0.0%
SFR19                0      0       0      20        0.0%
BITBANK8            50      0       0      21        0.0%
BITSFR20             0      0       0      21        0.0%
SFR20                0      0       0      21        0.0%
BANK8               50      0       0      22        0.0%
BITSFR21             0      0       0      22        0.0%
SFR21                0      0       0      22        0.0%
BITBANK9            50      0       0      23        0.0%
BITSFR22             0      0       0      23        0.0%
SFR22                0      0       0      23        0.0%
BANK9               50      0       0      24        0.0%
BITSFR23             0      0       0      24        0.0%
SFR23                0      0       0      24        0.0%
BITBANK10           50      0       0      25        0.0%
BITSFR24             0      0       0      25        0.0%
SFR24                0      0       0      25        0.0%
BANK10              50      0       0      26        0.0%
BITSFR25             0      0       0      26        0.0%
SFR25                0      0       0      26        0.0%
BITBANK11           50      0       0      27        0.0%
BITSFR26             0      0       0      27        0.0%
SFR26                0      0       0      27        0.0%
BITSFR27             0      0       0      28        0.0%
SFR27                0      0       0      28        0.0%
DATA                 0      0       0      28        0.0%
BANK11              50      0       0      29        0.0%
BITSFR28             0      0       0      29        0.0%
SFR28                0      0       0      29        0.0%
BITBANK12           50      0       0      30        0.0%
BITSFR29             0      0       0      30        0.0%
SFR29                0      0       0      30        0.0%
BANK12              50      0       0      31        0.0%
BITSFR30             0      0       0      31        0.0%
SFR30                0      0       0      31        0.0%
BITBANK13           50      0       0      32        0.0%
BITSFR31             0      0       0      32        0.0%
SFR31                0      0       0      32        0.0%
BANK13              50      0       0      33        0.0%
BITBANK14           50      0       0      34        0.0%
BANK14              50      0       0      35        0.0%
BITBANK15           50      0       0      36        0.0%
BANK15              50      0       0      37        0.0%
BITBANK16           50      0       0      38        0.0%
BANK16              50      0       0      39        0.0%
BITBANK17           50      0       0      40        0.0%
BANK17              50      0       0      41        0.0%
BITBANK18           50      0       0      42        0.0%
BANK18              50      0       0      43        0.0%
BITBANK19           50      0       0      44        0.0%
BANK19              50      0       0      45        0.0%
BITBANK20           50      0       0      46        0.0%
BANK20              50      0       0      47        0.0%
BITBANK21           50      0       0      48        0.0%
BANK21              50      0       0      49        0.0%
BITBANK22           50      0       0      50        0.0%
BANK22              50      0       0      51        0.0%
BITBANK23           50      0       0      52        0.0%
BANK23              50      0       0      53        0.0%
BITBANK24           50      0       0      54        0.0%
BANK24              50      0       0      55        0.0%
BITBANK25           20      0       0      56        0.0%
BANK25              20      0       0      57        0.0%


Microchip Technology PIC Macro Assembler V2.45 build 20230818022343 
Symbol Table                                                                                   Fri Nov 24 04:24:38 2023

                     l17 06BC                       l70 0702                       l81 06D7  
                     l66 0711                       l75 071B                       l69 06FD  
                     l78 076C                       l86 06DB                      l222 0780  
                    l232 07FC                      l701 06D5                      l615 06B4  
                    l703 06D6                      l721 06F7                      l731 070D  
                    l723 06FA                      l741 078F                      l733 076D  
                    l725 06FF                      l751 07B1                      l743 0793  
                    l735 076F                      l727 0701                      l761 07D7  
                    l753 07B5                      l745 079B                      l737 0773  
                    l729 0706                      l681 06C0                      l763 07DE  
                    l755 07BC                      l747 07A3                      l739 0784  
                    l691 06CB                      l683 06C2                      l757 07CE  
                    l749 07A6                      l765 07E4                      l781 076A  
                    l773 071C                      l693 06CD                      l685 06C3  
                    l767 07E9                      l759 07D6                      l775 0743  
                    l695 06CE                      l687 06C5                      l679 06BD  
                    l783 06D8                      l769 07F4                      l777 0755  
                    l697 06D2                      l689 06C6                      l785 06E7  
                    l779 0768                      l699 06D3                      u200 07A3  
                    u201 07A2                      u220 07B5                      u221 07B4  
                    u150 0706                      u215 07A7                      u151 0705  
                    u240 07CE                      u160 070D                      u241 07CD  
                    u161 070C                      u170 071B                      u235 07B6  
                    u171 071A                      u260 07E4                      u180 0773  
                    u261 07E3                      u245 07CA                      u181 0772  
                    u270 07E9                      u190 0784                      _PR2 001B  
                    u271 07E8                      u255 07D8                      u191 0783  
                    u175 0717                      u280 0750                      u285 074C  
                    u297 06ED                      wreg 0009                     _T0IF 005A  
                   _SCS0 04C8                     _SCS1 04C9                     _TMR0 0015  
                   _TMR2 001A                     _main 06D8                     btemp 007E  
                   start 0003          __end_of___aldiv 07FD                    ?_main 0070  
                  _IRCF0 04CB                    _IRCF1 04CC                    _IRCF2 04CD  
                  _IRCF3 04CE                    status 0003                    wtemp0 007E  
           ?_internal_32 0070          __initialization 07FD             __end_of_main 06F7  
                 ??_main 002E                   _CCPR1L 0291                   _SPLLEN 04CF  
       __end_of_delay_ms 071C     delay_ms@milliseconds 0070                ??___aldiv 0078  
       __end_of_initMain 06D8               _Sound_Play 071C  __end_of__initialization 07FD  
         __pcstackCOMMON 0070           _OPTION_REGbits 0095               __pmaintext 06D8  
              ?_delay_ms 0070              ?_Sound_Play 0026                ?_initMain 0070  
                ___aldiv 076D                  __ptext1 06BD                  __ptext2 06B4  
                __ptext3 071C                  __ptext4 06F7                  __ptext5 076D  
              _T2CONbits 001C         ___aldiv@dividend 0074               ??_delay_ms 0072  
   end_of_initialization 07FD               ??_initMain 0070         ___aldiv@quotient 0022  
              _TRISDbits 008F              _CCP1CONbits 0293      start_initialization 07FD  
              ___latbits 0003            __pcstackBANK0 0020             ??_Sound_Play 0079  
          ??_internal_32 0070                 ?___aldiv 0070       __end_of_Sound_Play 076D  
        ___aldiv@divisor 0070          ___aldiv@counter 0020                 _LATDbits 010F  
              delay_ms@i 0072                 _PIE1bits 0091      __end_of_internal_32 06BD  
   Sound_Play@pwm_period 002A                 _delay_ms 06F7                 _initMain 06BD  
            _internal_32 06B4      Sound_Play@frequency 0026               _INTCONbits 000B  
     Sound_Play@duration 0028             ___aldiv@sign 0021  
