

Microchip MPLAB XC8 Assembler V2.45 build 20230818022343 
                                                                                               Sat Nov 18 04:44:06 2023

Microchip MPLAB XC8 C Compiler v2.45 (Free license) build 20230818022343 Og1 
     1                           	processor	16F1719
     2                           	pagewidth 120
     3                           	opt	flic
     4                           	psect	cinit,global,class=CODE,merge=1,delta=2
     5                           	psect	cstackCOMMON,global,class=COMMON,space=1,delta=1,noexec
     6                           	psect	maintext,global,class=CODE,merge=1,split=1,delta=2
     7                           	psect	text1,local,class=CODE,merge=1,delta=2
     8                           	psect	text2,local,class=CODE,merge=1,delta=2
     9                           	psect	config,global,abs,ovrld,class=CONFIG,space=4,delta=2,noexec
    10                           	dabs	1,0x7E,2
    11     0000                     
    12                           ; Generated 06/07/2023 GMT
    13                           ; 
    14                           ; Copyright © 2023, Microchip Technology Inc. and its subsidiaries ("Microchip")
    15                           ; All rights reserved.
    16                           ; 
    17                           ; This software is developed by Microchip Technology Inc. and its subsidiaries ("Microch
      +                          ip").
    18                           ; 
    19                           ; Redistribution and use in source and binary forms, with or without modification, are
    20                           ; permitted provided that the following conditions are met:
    21                           ; 
    22                           ;     1. Redistributions of source code must retain the above copyright notice, this lis
      +                          t of
    23                           ;        conditions and the following disclaimer.
    24                           ; 
    25                           ;     2. Redistributions in binary form must reproduce the above copyright notice, this 
      +                          list
    26                           ;        of conditions and the following disclaimer in the documentation and/or other
    27                           ;        materials provided with the distribution. Publication is not required when
    28                           ;        this file is used in an embedded application.
    29                           ; 
    30                           ;     3. Microchip's name may not be used to endorse or promote products derived from th
      +                          is
    31                           ;        software without specific prior written permission.
    32                           ; 
    33                           ; THIS SOFTWARE IS PROVIDED BY MICROCHIP "AS IS" AND ANY EXPRESS OR IMPLIED WARRANTIES,
    34                           ; INCLUDING, BUT NOT LIMITED TO, THE IMPLIED WARRANTIES OF MERCHANTABILITY AND FITNESS F
      +                          OR
    35                           ; PURPOSE ARE DISCLAIMED.  IN NO EVENT SHALL MICROCHIP BE LIABLE FOR ANY DIRECT, INDIREC
      +                          T,
    36                           ; INCIDENTAL, SPECIAL, EXEMPLARY, OR CONSEQUENTIAL DAMAGES (INCLUDING BUT NOT LIMITED TO
    37                           ; PROCUREMENT OF SUBSTITUTE GOODS OR SERVICES; LOSS OF USE, DATA OR PROFITS; OR BUSINESS
    38                           ; INTERRUPTION) HOWSOEVER CAUSED AND ON ANY THEORY OF LIABILITY, WHETHER IN CONTRACT, ST
      +                          RICT
    39                           ; LIABILITY, OR TORT (INCLUDING NEGLIGENCE OR OTHERWISE) ARISING IN ANY WAY OUT OF THE U
      +                          SE OF
    40                           ; THIS SOFTWARE, EVEN IF ADVISED OF THE POSSIBILITY OF SUCH DAMAGE.
    41                           ; 
    42                           ; 
    43                           ; Code-generator required, PIC16F1719 Definitions
    44                           ; 
    45                           ; SFR Addresses
    46     0000                     	;# 
    47     0001                     	;# 
    48     0002                     	;# 
    49     0003                     	;# 
    50     0004                     	;# 
    51     0005                     	;# 
    52     0006                     	;# 
    53     0007                     	;# 
    54     0008                     	;# 
    55     0009                     	;# 
    56     000A                     	;# 
    57     000B                     	;# 
    58     000C                     	;# 
    59     000D                     	;# 
    60     000E                     	;# 
    61     000F                     	;# 
    62     0010                     	;# 
    63     0011                     	;# 
    64     0012                     	;# 
    65     0013                     	;# 
    66     0015                     	;# 
    67     0016                     	;# 
    68     0016                     	;# 
    69     0017                     	;# 
    70     0018                     	;# 
    71     0019                     	;# 
    72     001A                     	;# 
    73     001B                     	;# 
    74     001C                     	;# 
    75     008C                     	;# 
    76     008D                     	;# 
    77     008E                     	;# 
    78     008F                     	;# 
    79     0090                     	;# 
    80     0091                     	;# 
    81     0092                     	;# 
    82     0093                     	;# 
    83     0095                     	;# 
    84     0096                     	;# 
    85     0097                     	;# 
    86     0098                     	;# 
    87     0099                     	;# 
    88     009A                     	;# 
    89     009B                     	;# 
    90     009B                     	;# 
    91     009C                     	;# 
    92     009D                     	;# 
    93     009E                     	;# 
    94     009F                     	;# 
    95     010C                     	;# 
    96     010D                     	;# 
    97     010E                     	;# 
    98     010F                     	;# 
    99     0110                     	;# 
   100     0111                     	;# 
   101     0112                     	;# 
   102     0113                     	;# 
   103     0114                     	;# 
   104     0115                     	;# 
   105     0116                     	;# 
   106     0117                     	;# 
   107     0118                     	;# 
   108     0119                     	;# 
   109     011A                     	;# 
   110     011B                     	;# 
   111     011B                     	;# 
   112     011C                     	;# 
   113     018C                     	;# 
   114     018D                     	;# 
   115     018E                     	;# 
   116     018F                     	;# 
   117     0190                     	;# 
   118     0191                     	;# 
   119     0191                     	;# 
   120     0192                     	;# 
   121     0193                     	;# 
   122     0193                     	;# 
   123     0194                     	;# 
   124     0195                     	;# 
   125     0196                     	;# 
   126     0197                     	;# 
   127     0199                     	;# 
   128     0199                     	;# 
   129     0199                     	;# 
   130     019A                     	;# 
   131     019A                     	;# 
   132     019A                     	;# 
   133     019B                     	;# 
   134     019B                     	;# 
   135     019B                     	;# 
   136     019B                     	;# 
   137     019B                     	;# 
   138     019C                     	;# 
   139     019C                     	;# 
   140     019C                     	;# 
   141     019D                     	;# 
   142     019D                     	;# 
   143     019D                     	;# 
   144     019E                     	;# 
   145     019E                     	;# 
   146     019E                     	;# 
   147     019F                     	;# 
   148     019F                     	;# 
   149     019F                     	;# 
   150     019F                     	;# 
   151     019F                     	;# 
   152     020C                     	;# 
   153     020D                     	;# 
   154     020E                     	;# 
   155     020F                     	;# 
   156     0210                     	;# 
   157     0211                     	;# 
   158     0211                     	;# 
   159     0212                     	;# 
   160     0212                     	;# 
   161     0213                     	;# 
   162     0213                     	;# 
   163     0214                     	;# 
   164     0214                     	;# 
   165     0215                     	;# 
   166     0215                     	;# 
   167     0215                     	;# 
   168     0215                     	;# 
   169     0216                     	;# 
   170     0216                     	;# 
   171     0217                     	;# 
   172     0217                     	;# 
   173     028C                     	;# 
   174     028D                     	;# 
   175     028E                     	;# 
   176     028F                     	;# 
   177     0290                     	;# 
   178     0291                     	;# 
   179     0291                     	;# 
   180     0292                     	;# 
   181     0293                     	;# 
   182     0293                     	;# 
   183     0298                     	;# 
   184     0298                     	;# 
   185     0299                     	;# 
   186     029A                     	;# 
   187     029A                     	;# 
   188     029E                     	;# 
   189     030C                     	;# 
   190     030D                     	;# 
   191     030E                     	;# 
   192     030F                     	;# 
   193     0310                     	;# 
   194     038C                     	;# 
   195     038D                     	;# 
   196     038E                     	;# 
   197     038F                     	;# 
   198     0390                     	;# 
   199     0391                     	;# 
   200     0392                     	;# 
   201     0393                     	;# 
   202     0394                     	;# 
   203     0395                     	;# 
   204     0396                     	;# 
   205     0397                     	;# 
   206     0398                     	;# 
   207     0399                     	;# 
   208     039D                     	;# 
   209     039E                     	;# 
   210     039F                     	;# 
   211     0415                     	;# 
   212     0416                     	;# 
   213     0417                     	;# 
   214     041C                     	;# 
   215     041D                     	;# 
   216     041E                     	;# 
   217     0498                     	;# 
   218     0498                     	;# 
   219     0499                     	;# 
   220     049A                     	;# 
   221     049B                     	;# 
   222     049B                     	;# 
   223     049C                     	;# 
   224     049D                     	;# 
   225     049E                     	;# 
   226     049F                     	;# 
   227     0511                     	;# 
   228     0515                     	;# 
   229     0617                     	;# 
   230     0618                     	;# 
   231     0619                     	;# 
   232     0619                     	;# 
   233     061A                     	;# 
   234     061B                     	;# 
   235     061C                     	;# 
   236     061C                     	;# 
   237     0691                     	;# 
   238     0692                     	;# 
   239     0693                     	;# 
   240     0694                     	;# 
   241     0695                     	;# 
   242     0696                     	;# 
   243     0697                     	;# 
   244     0698                     	;# 
   245     0699                     	;# 
   246     069A                     	;# 
   247     069B                     	;# 
   248     069C                     	;# 
   249     069D                     	;# 
   250     069E                     	;# 
   251     069F                     	;# 
   252     0E0F                     	;# 
   253     0E10                     	;# 
   254     0E11                     	;# 
   255     0E12                     	;# 
   256     0E13                     	;# 
   257     0E14                     	;# 
   258     0E15                     	;# 
   259     0E17                     	;# 
   260     0E20                     	;# 
   261     0E21                     	;# 
   262     0E22                     	;# 
   263     0E24                     	;# 
   264     0E25                     	;# 
   265     0E28                     	;# 
   266     0E29                     	;# 
   267     0E2A                     	;# 
   268     0E2B                     	;# 
   269     0E90                     	;# 
   270     0E91                     	;# 
   271     0E92                     	;# 
   272     0E93                     	;# 
   273     0E94                     	;# 
   274     0E95                     	;# 
   275     0E96                     	;# 
   276     0E97                     	;# 
   277     0E98                     	;# 
   278     0E99                     	;# 
   279     0E9A                     	;# 
   280     0E9B                     	;# 
   281     0E9C                     	;# 
   282     0E9D                     	;# 
   283     0E9E                     	;# 
   284     0E9F                     	;# 
   285     0EA0                     	;# 
   286     0EA1                     	;# 
   287     0EA2                     	;# 
   288     0EA3                     	;# 
   289     0EA4                     	;# 
   290     0EA5                     	;# 
   291     0EA6                     	;# 
   292     0EA7                     	;# 
   293     0EA8                     	;# 
   294     0EA9                     	;# 
   295     0EAA                     	;# 
   296     0EAB                     	;# 
   297     0EAC                     	;# 
   298     0EAD                     	;# 
   299     0EAE                     	;# 
   300     0EAF                     	;# 
   301     0EB0                     	;# 
   302     0EB1                     	;# 
   303     0EB2                     	;# 
   304     0F0F                     	;# 
   305     0F10                     	;# 
   306     0F11                     	;# 
   307     0F12                     	;# 
   308     0F13                     	;# 
   309     0F14                     	;# 
   310     0F15                     	;# 
   311     0F16                     	;# 
   312     0F17                     	;# 
   313     0F18                     	;# 
   314     0F19                     	;# 
   315     0F1A                     	;# 
   316     0F1B                     	;# 
   317     0F1C                     	;# 
   318     0F1D                     	;# 
   319     0F1E                     	;# 
   320     0F1F                     	;# 
   321     0F20                     	;# 
   322     0F21                     	;# 
   323     0F22                     	;# 
   324     0F23                     	;# 
   325     0F24                     	;# 
   326     0F25                     	;# 
   327     0F26                     	;# 
   328     0F27                     	;# 
   329     0F28                     	;# 
   330     0F29                     	;# 
   331     0F2A                     	;# 
   332     0F2B                     	;# 
   333     0F2C                     	;# 
   334     0F2D                     	;# 
   335     0F2E                     	;# 
   336     0F2F                     	;# 
   337     0F30                     	;# 
   338     0F31                     	;# 
   339     0F32                     	;# 
   340     0F33                     	;# 
   341     0F34                     	;# 
   342     0F35                     	;# 
   343     0F36                     	;# 
   344     0F37                     	;# 
   345     0FE4                     	;# 
   346     0FE5                     	;# 
   347     0FE6                     	;# 
   348     0FE7                     	;# 
   349     0FE8                     	;# 
   350     0FE9                     	;# 
   351     0FEA                     	;# 
   352     0FEB                     	;# 
   353     0FED                     	;# 
   354     0FEE                     	;# 
   355     0FEF                     	;# 
   356     0000                     	;# 
   357     0001                     	;# 
   358     0002                     	;# 
   359     0003                     	;# 
   360     0004                     	;# 
   361     0005                     	;# 
   362     0006                     	;# 
   363     0007                     	;# 
   364     0008                     	;# 
   365     0009                     	;# 
   366     000A                     	;# 
   367     000B                     	;# 
   368     000C                     	;# 
   369     000D                     	;# 
   370     000E                     	;# 
   371     000F                     	;# 
   372     0010                     	;# 
   373     0011                     	;# 
   374     0012                     	;# 
   375     0013                     	;# 
   376     0015                     	;# 
   377     0016                     	;# 
   378     0016                     	;# 
   379     0017                     	;# 
   380     0018                     	;# 
   381     0019                     	;# 
   382     001A                     	;# 
   383     001B                     	;# 
   384     001C                     	;# 
   385     008C                     	;# 
   386     008D                     	;# 
   387     008E                     	;# 
   388     008F                     	;# 
   389     0090                     	;# 
   390     0091                     	;# 
   391     0092                     	;# 
   392     0093                     	;# 
   393     0095                     	;# 
   394     0096                     	;# 
   395     0097                     	;# 
   396     0098                     	;# 
   397     0099                     	;# 
   398     009A                     	;# 
   399     009B                     	;# 
   400     009B                     	;# 
   401     009C                     	;# 
   402     009D                     	;# 
   403     009E                     	;# 
   404     009F                     	;# 
   405     010C                     	;# 
   406     010D                     	;# 
   407     010E                     	;# 
   408     010F                     	;# 
   409     0110                     	;# 
   410     0111                     	;# 
   411     0112                     	;# 
   412     0113                     	;# 
   413     0114                     	;# 
   414     0115                     	;# 
   415     0116                     	;# 
   416     0117                     	;# 
   417     0118                     	;# 
   418     0119                     	;# 
   419     011A                     	;# 
   420     011B                     	;# 
   421     011B                     	;# 
   422     011C                     	;# 
   423     018C                     	;# 
   424     018D                     	;# 
   425     018E                     	;# 
   426     018F                     	;# 
   427     0190                     	;# 
   428     0191                     	;# 
   429     0191                     	;# 
   430     0192                     	;# 
   431     0193                     	;# 
   432     0193                     	;# 
   433     0194                     	;# 
   434     0195                     	;# 
   435     0196                     	;# 
   436     0197                     	;# 
   437     0199                     	;# 
   438     0199                     	;# 
   439     0199                     	;# 
   440     019A                     	;# 
   441     019A                     	;# 
   442     019A                     	;# 
   443     019B                     	;# 
   444     019B                     	;# 
   445     019B                     	;# 
   446     019B                     	;# 
   447     019B                     	;# 
   448     019C                     	;# 
   449     019C                     	;# 
   450     019C                     	;# 
   451     019D                     	;# 
   452     019D                     	;# 
   453     019D                     	;# 
   454     019E                     	;# 
   455     019E                     	;# 
   456     019E                     	;# 
   457     019F                     	;# 
   458     019F                     	;# 
   459     019F                     	;# 
   460     019F                     	;# 
   461     019F                     	;# 
   462     020C                     	;# 
   463     020D                     	;# 
   464     020E                     	;# 
   465     020F                     	;# 
   466     0210                     	;# 
   467     0211                     	;# 
   468     0211                     	;# 
   469     0212                     	;# 
   470     0212                     	;# 
   471     0213                     	;# 
   472     0213                     	;# 
   473     0214                     	;# 
   474     0214                     	;# 
   475     0215                     	;# 
   476     0215                     	;# 
   477     0215                     	;# 
   478     0215                     	;# 
   479     0216                     	;# 
   480     0216                     	;# 
   481     0217                     	;# 
   482     0217                     	;# 
   483     028C                     	;# 
   484     028D                     	;# 
   485     028E                     	;# 
   486     028F                     	;# 
   487     0290                     	;# 
   488     0291                     	;# 
   489     0291                     	;# 
   490     0292                     	;# 
   491     0293                     	;# 
   492     0293                     	;# 
   493     0298                     	;# 
   494     0298                     	;# 
   495     0299                     	;# 
   496     029A                     	;# 
   497     029A                     	;# 
   498     029E                     	;# 
   499     030C                     	;# 
   500     030D                     	;# 
   501     030E                     	;# 
   502     030F                     	;# 
   503     0310                     	;# 
   504     038C                     	;# 
   505     038D                     	;# 
   506     038E                     	;# 
   507     038F                     	;# 
   508     0390                     	;# 
   509     0391                     	;# 
   510     0392                     	;# 
   511     0393                     	;# 
   512     0394                     	;# 
   513     0395                     	;# 
   514     0396                     	;# 
   515     0397                     	;# 
   516     0398                     	;# 
   517     0399                     	;# 
   518     039D                     	;# 
   519     039E                     	;# 
   520     039F                     	;# 
   521     0415                     	;# 
   522     0416                     	;# 
   523     0417                     	;# 
   524     041C                     	;# 
   525     041D                     	;# 
   526     041E                     	;# 
   527     0498                     	;# 
   528     0498                     	;# 
   529     0499                     	;# 
   530     049A                     	;# 
   531     049B                     	;# 
   532     049B                     	;# 
   533     049C                     	;# 
   534     049D                     	;# 
   535     049E                     	;# 
   536     049F                     	;# 
   537     0511                     	;# 
   538     0515                     	;# 
   539     0617                     	;# 
   540     0618                     	;# 
   541     0619                     	;# 
   542     0619                     	;# 
   543     061A                     	;# 
   544     061B                     	;# 
   545     061C                     	;# 
   546     061C                     	;# 
   547     0691                     	;# 
   548     0692                     	;# 
   549     0693                     	;# 
   550     0694                     	;# 
   551     0695                     	;# 
   552     0696                     	;# 
   553     0697                     	;# 
   554     0698                     	;# 
   555     0699                     	;# 
   556     069A                     	;# 
   557     069B                     	;# 
   558     069C                     	;# 
   559     069D                     	;# 
   560     069E                     	;# 
   561     069F                     	;# 
   562     0E0F                     	;# 
   563     0E10                     	;# 
   564     0E11                     	;# 
   565     0E12                     	;# 
   566     0E13                     	;# 
   567     0E14                     	;# 
   568     0E15                     	;# 
   569     0E17                     	;# 
   570     0E20                     	;# 
   571     0E21                     	;# 
   572     0E22                     	;# 
   573     0E24                     	;# 
   574     0E25                     	;# 
   575     0E28                     	;# 
   576     0E29                     	;# 
   577     0E2A                     	;# 
   578     0E2B                     	;# 
   579     0E90                     	;# 
   580     0E91                     	;# 
   581     0E92                     	;# 
   582     0E93                     	;# 
   583     0E94                     	;# 
   584     0E95                     	;# 
   585     0E96                     	;# 
   586     0E97                     	;# 
   587     0E98                     	;# 
   588     0E99                     	;# 
   589     0E9A                     	;# 
   590     0E9B                     	;# 
   591     0E9C                     	;# 
   592     0E9D                     	;# 
   593     0E9E                     	;# 
   594     0E9F                     	;# 
   595     0EA0                     	;# 
   596     0EA1                     	;# 
   597     0EA2                     	;# 
   598     0EA3                     	;# 
   599     0EA4                     	;# 
   600     0EA5                     	;# 
   601     0EA6                     	;# 
   602     0EA7                     	;# 
   603     0EA8                     	;# 
   604     0EA9                     	;# 
   605     0EAA                     	;# 
   606     0EAB                     	;# 
   607     0EAC                     	;# 
   608     0EAD                     	;# 
   609     0EAE                     	;# 
   610     0EAF                     	;# 
   611     0EB0                     	;# 
   612     0EB1                     	;# 
   613     0EB2                     	;# 
   614     0F0F                     	;# 
   615     0F10                     	;# 
   616     0F11                     	;# 
   617     0F12                     	;# 
   618     0F13                     	;# 
   619     0F14                     	;# 
   620     0F15                     	;# 
   621     0F16                     	;# 
   622     0F17                     	;# 
   623     0F18                     	;# 
   624     0F19                     	;# 
   625     0F1A                     	;# 
   626     0F1B                     	;# 
   627     0F1C                     	;# 
   628     0F1D                     	;# 
   629     0F1E                     	;# 
   630     0F1F                     	;# 
   631     0F20                     	;# 
   632     0F21                     	;# 
   633     0F22                     	;# 
   634     0F23                     	;# 
   635     0F24                     	;# 
   636     0F25                     	;# 
   637     0F26                     	;# 
   638     0F27                     	;# 
   639     0F28                     	;# 
   640     0F29                     	;# 
   641     0F2A                     	;# 
   642     0F2B                     	;# 
   643     0F2C                     	;# 
   644     0F2D                     	;# 
   645     0F2E                     	;# 
   646     0F2F                     	;# 
   647     0F30                     	;# 
   648     0F31                     	;# 
   649     0F32                     	;# 
   650     0F33                     	;# 
   651     0F34                     	;# 
   652     0F35                     	;# 
   653     0F36                     	;# 
   654     0F37                     	;# 
   655     0FE4                     	;# 
   656     0FE5                     	;# 
   657     0FE6                     	;# 
   658     0FE7                     	;# 
   659     0FE8                     	;# 
   660     0FE9                     	;# 
   661     0FEA                     	;# 
   662     0FEB                     	;# 
   663     0FED                     	;# 
   664     0FEE                     	;# 
   665     0FEF                     	;# 
   666     008D                     _TRISBbits	set	141
   667     008F                     _TRISDbits	set	143
   668     04CF                     _SPLLEN	set	1231
   669     04CE                     _IRCF3	set	1230
   670     04CD                     _IRCF2	set	1229
   671     04CC                     _IRCF1	set	1228
   672     04CB                     _IRCF0	set	1227
   673     04C9                     _SCS1	set	1225
   674     04C8                     _SCS0	set	1224
   675     018D                     _ANSELB	set	397
   676     0298                     _CCPR2L	set	664
   677     0291                     _CCPR1L	set	657
   678     029A                     _CCP2CONbits	set	666
   679     0293                     _CCP1CONbits	set	659
   680     029E                     _CCPTMRSbits	set	670
   681     041D                     _PR6	set	1053
   682     041E                     _T6CONbits	set	1054
   683     0E0F                     _PPSLOCKbits	set	3599
   684     0E0F                     _PPSLOCK	set	3599
   685     0E99                     _RB1PPSbits	set	3737
   686     0E98                     _RB0PPSbits	set	3736
   687                           
   688                           	psect	cinit
   689     07FD                     start_initialization:	
   690                           ; #config settings
   691                           
   692     07FD                     __initialization:
   693     07FD                     end_of_initialization:	
   694                           ;End of C runtime variable initialization code
   695                           
   696     07FD                     __end_of__initialization:
   697     07FD  0020               	movlb	0
   698     07FE  3187  2FB7         	ljmp	_main	;jump to C main() function
   699                           
   700                           	psect	cstackCOMMON
   701     0000                     __pcstackCOMMON:
   702     0000                     ?_internal_32:
   703     0000                     ??_internal_32:	
   704                           ; 1 bytes @ 0x0
   705                           
   706     0000                     ?_initMain:	
   707                           ; 1 bytes @ 0x0
   708                           
   709     0000                     ??_initMain:	
   710                           ; 1 bytes @ 0x0
   711                           
   712     0000                     ?_main:	
   713                           ; 1 bytes @ 0x0
   714                           
   715     0000                     ??_main:	
   716                           ; 1 bytes @ 0x0
   717                           
   718                           
   719                           	psect	maintext
   720     07B7                     __pmaintext:	
   721                           ; 1 bytes @ 0x0
   722 ;;
   723 ;;Main: autosize = 0, tempsize = 0, incstack = 0, save=0
   724 ;;
   725 ;; *************** function _main *****************
   726 ;; Defined at:
   727 ;;		line 128 in file "main.c"
   728 ;; Parameters:    Size  Location     Type
   729 ;;		None
   730 ;; Auto vars:     Size  Location     Type
   731 ;;		None
   732 ;; Return value:  Size  Location     Type
   733 ;;                  1    wreg      void 
   734 ;; Registers used:
   735 ;;		wreg, status,2, status,0, pclath, cstack
   736 ;; Tracked objects:
   737 ;;		On entry : B1F/0
   738 ;;		On exit  : 0/0
   739 ;;		Unchanged: 0/0
   740 ;; Data sizes:     COMMON   BANK0   BANK1   BANK2   BANK3   BANK4   BANK5   BANK6   BANK7   BANK8   BANK9  BANK10  BANK1
      +1  BANK12  BANK13  BANK14  BANK15  BANK16  BANK17  BANK18  BANK19  BANK20  BANK21  BANK22  BANK23  BANK24  BANK25
   741 ;;      Params:         0       0       0       0       0       0       0       0       0       0       0       0       
      +0       0       0       0       0       0       0       0       0       0       0       0       0       0       0
   742 ;;      Locals:         0       0       0       0       0       0       0       0       0       0       0       0       
      +0       0       0       0       0       0       0       0       0       0       0       0       0       0       0
   743 ;;      Temps:          0       0       0       0       0       0       0       0       0       0       0       0       
      +0       0       0       0       0       0       0       0       0       0       0       0       0       0       0
   744 ;;      Totals:         0       0       0       0       0       0       0       0       0       0       0       0       
      +0       0       0       0       0       0       0       0       0       0       0       0       0       0       0
   745 ;;Total ram usage:        0 bytes
   746 ;; Hardware stack levels required when called: 2
   747 ;; This function calls:
   748 ;;		_initMain
   749 ;; This function is called by:
   750 ;;		Startup code after reset
   751 ;; This function uses a non-reentrant model
   752 ;;
   753                           
   754     07B7                     _main:	
   755                           ;psect for function _main
   756                           
   757     07B7                     l660:	
   758                           ;incstack = 0
   759                           ; Regs used in _main: [wreg+status,2+status,0+pclath+cstack]
   760                           
   761                           
   762                           ;main.c: 129:     initMain();
   763     07B7  3187  27C2  3187   	fcall	_initMain
   764     07BA                     l662:
   765                           
   766                           ;main.c: 135:         CCPR1L = 192;
   767     07BA  30C0               	movlw	192
   768     07BB  0025               	movlb	5	; select bank5
   769     07BC  0091               	movwf	17	;volatile
   770     07BD                     l664:
   771                           
   772                           ;main.c: 136:         CCPR2L = 192;
   773     07BD  30C0               	movlw	192
   774     07BE  0098               	movwf	24	;volatile
   775     07BF  2FBA               	goto	l662
   776     07C0  3180  2802         	ljmp	start
   777     07C2                     __end_of_main:
   778                           
   779                           	psect	text1
   780     07C2                     __ptext1:	
   781 ;; *************** function _initMain *****************
   782 ;; Defined at:
   783 ;;		line 33 in file "main.c"
   784 ;; Parameters:    Size  Location     Type
   785 ;;		None
   786 ;; Auto vars:     Size  Location     Type
   787 ;;		None
   788 ;; Return value:  Size  Location     Type
   789 ;;                  1    wreg      void 
   790 ;; Registers used:
   791 ;;		wreg, status,2, status,0, pclath, cstack
   792 ;; Tracked objects:
   793 ;;		On entry : 0/0
   794 ;;		On exit  : 0/0
   795 ;;		Unchanged: 0/0
   796 ;; Data sizes:     COMMON   BANK0   BANK1   BANK2   BANK3   BANK4   BANK5   BANK6   BANK7   BANK8   BANK9  BANK10  BANK1
      +1  BANK12  BANK13  BANK14  BANK15  BANK16  BANK17  BANK18  BANK19  BANK20  BANK21  BANK22  BANK23  BANK24  BANK25
   797 ;;      Params:         0       0       0       0       0       0       0       0       0       0       0       0       
      +0       0       0       0       0       0       0       0       0       0       0       0       0       0       0
   798 ;;      Locals:         0       0       0       0       0       0       0       0       0       0       0       0       
      +0       0       0       0       0       0       0       0       0       0       0       0       0       0       0
   799 ;;      Temps:          0       0       0       0       0       0       0       0       0       0       0       0       
      +0       0       0       0       0       0       0       0       0       0       0       0       0       0       0
   800 ;;      Totals:         0       0       0       0       0       0       0       0       0       0       0       0       
      +0       0       0       0       0       0       0       0       0       0       0       0       0       0       0
   801 ;;Total ram usage:        0 bytes
   802 ;; Hardware stack levels used: 1
   803 ;; Hardware stack levels required when called: 1
   804 ;; This function calls:
   805 ;;		_internal_32
   806 ;; This function is called by:
   807 ;;		_main
   808 ;; This function uses a non-reentrant model
   809 ;;
   810                           
   811     07C2                     _initMain:	
   812                           ;psect for function _initMain
   813                           
   814     07C2                     l604:	
   815                           ;incstack = 0
   816                           ; Regs used in _initMain: [wreg+status,2+status,0+pclath+cstack]
   817                           
   818                           
   819                           ;main.c: 35:     internal_32();
   820     07C2  3187  27AE  3187   	fcall	_internal_32
   821     07C5                     l606:
   822                           
   823                           ;main.c: 40:     TRISDbits.TRISD1 = 0;
   824     07C5  0021               	movlb	1	; select bank1
   825     07C6  108F               	bcf	15,1	;volatile
   826     07C7                     l608:
   827                           
   828                           ;main.c: 43:     TRISBbits.TRISB0 = 0;
   829     07C7  100D               	bcf	13,0	;volatile
   830     07C8                     l610:
   831                           
   832                           ;main.c: 46:     TRISBbits.TRISB1 = 0;
   833     07C8  108D               	bcf	13,1	;volatile
   834     07C9                     l612:
   835                           
   836                           ;main.c: 49:     ANSELB = 0;
   837     07C9  0023               	movlb	3	; select bank3
   838     07CA  018D               	clrf	13	;volatile
   839     07CB                     l614:
   840                           
   841                           ;main.c: 56:     CCPTMRSbits.C1TSEL = 0b10;
   842     07CB  0025               	movlb	5	; select bank5
   843     07CC  081E               	movf	30,w	;volatile
   844     07CD  39FC               	andlw	-4
   845     07CE  3802               	iorlw	2
   846     07CF  009E               	movwf	30	;volatile
   847     07D0                     l616:
   848                           
   849                           ;main.c: 57:     CCPTMRSbits.C2TSEL = 0b10;
   850     07D0  081E               	movf	30,w	;volatile
   851     07D1  39F3               	andlw	-13
   852     07D2  3808               	iorlw	8
   853     07D3  009E               	movwf	30	;volatile
   854     07D4                     l618:
   855                           
   856                           ;main.c: 71:     T6CONbits.T6CKPS = 0b00;
   857     07D4  30FC               	movlw	-4
   858     07D5  0028               	movlb	8	; select bank8
   859     07D6  059E               	andwf	30,f	;volatile
   860     07D7                     l620:
   861                           
   862                           ;main.c: 74:     T6CONbits.TMR6ON = 1;
   863     07D7  151E               	bsf	30,2	;volatile
   864     07D8                     l622:
   865                           
   866                           ;main.c: 77:     PR6 = 255;
   867     07D8  30FF               	movlw	255
   868     07D9  009D               	movwf	29	;volatile
   869     07DA                     l624:
   870                           
   871                           ;main.c: 87:     CCP1CONbits.DC1B = 00;
   872     07DA  30CF               	movlw	-49
   873     07DB  0025               	movlb	5	; select bank5
   874     07DC  0593               	andwf	19,f	;volatile
   875     07DD                     l626:
   876                           
   877                           ;main.c: 90:     CCP1CONbits.CCP1M = 0b1100;
   878     07DD  0813               	movf	19,w	;volatile
   879     07DE  39F0               	andlw	-16
   880     07DF  380C               	iorlw	12
   881     07E0  0093               	movwf	19	;volatile
   882     07E1                     l628:
   883                           
   884                           ;main.c: 95:     CCP2CONbits.DC2B = 00;
   885     07E1  30CF               	movlw	-49
   886     07E2  059A               	andwf	26,f	;volatile
   887     07E3                     l630:
   888                           
   889                           ;main.c: 98:     CCP2CONbits.CCP2M = 0b1100;
   890     07E3  081A               	movf	26,w	;volatile
   891     07E4  39F0               	andlw	-16
   892     07E5  380C               	iorlw	12
   893     07E6  009A               	movwf	26	;volatile
   894     07E7                     l632:
   895                           
   896                           ;main.c: 105:     PPSLOCK = 0x55;
   897     07E7  3055               	movlw	85
   898     07E8  003C               	movlb	28	; select bank28
   899     07E9  008F               	movwf	15	;volsfr
   900     07EA                     l634:
   901                           
   902                           ;main.c: 106:     PPSLOCK = 0xAA;
   903     07EA  30AA               	movlw	170
   904     07EB  008F               	movwf	15	;volsfr
   905     07EC                     l636:
   906                           
   907                           ;main.c: 107:     PPSLOCKbits.PPSLOCKED = 0x00;
   908     07EC  100F               	bcf	15,0	;volsfr
   909     07ED                     l638:
   910                           
   911                           ;main.c: 110:     RB0PPSbits.RB0PPS = 0b01100;
   912     07ED  003D               	movlb	29	; select bank29
   913     07EE  0818               	movf	24,w	;volatile
   914     07EF  39E0               	andlw	-32
   915     07F0  380C               	iorlw	12
   916     07F1  0098               	movwf	24	;volatile
   917     07F2                     l640:
   918                           
   919                           ;main.c: 113:     RB1PPSbits.RB1PPS = 0b01101;
   920     07F2  0819               	movf	25,w	;volatile
   921     07F3  39E0               	andlw	-32
   922     07F4  380D               	iorlw	13
   923     07F5  0099               	movwf	25	;volatile
   924     07F6                     l642:
   925                           
   926                           ;main.c: 115:     PPSLOCK = 0x55;
   927     07F6  3055               	movlw	85
   928     07F7  003C               	movlb	28	; select bank28
   929     07F8  008F               	movwf	15	;volsfr
   930     07F9                     l644:
   931                           
   932                           ;main.c: 116:     PPSLOCK = 0xAA;
   933     07F9  30AA               	movlw	170
   934     07FA  008F               	movwf	15	;volsfr
   935     07FB                     l646:
   936                           
   937                           ;main.c: 117:     PPSLOCKbits.PPSLOCKED = 0x01;
   938     07FB  140F               	bsf	15,0	;volsfr
   939     07FC                     l68:
   940     07FC  0008               	return
   941     07FD                     __end_of_initMain:
   942                           
   943                           	psect	text2
   944     07AE                     __ptext2:	
   945 ;; *************** function _internal_32 *****************
   946 ;; Defined at:
   947 ;;		line 32 in file "PIC16F1719_Internal.c"
   948 ;; Parameters:    Size  Location     Type
   949 ;;		None
   950 ;; Auto vars:     Size  Location     Type
   951 ;;		None
   952 ;; Return value:  Size  Location     Type
   953 ;;                  1    wreg      void 
   954 ;; Registers used:
   955 ;;		None
   956 ;; Tracked objects:
   957 ;;		On entry : 0/0
   958 ;;		On exit  : 0/0
   959 ;;		Unchanged: 0/0
   960 ;; Data sizes:     COMMON   BANK0   BANK1   BANK2   BANK3   BANK4   BANK5   BANK6   BANK7   BANK8   BANK9  BANK10  BANK1
      +1  BANK12  BANK13  BANK14  BANK15  BANK16  BANK17  BANK18  BANK19  BANK20  BANK21  BANK22  BANK23  BANK24  BANK25
   961 ;;      Params:         0       0       0       0       0       0       0       0       0       0       0       0       
      +0       0       0       0       0       0       0       0       0       0       0       0       0       0       0
   962 ;;      Locals:         0       0       0       0       0       0       0       0       0       0       0       0       
      +0       0       0       0       0       0       0       0       0       0       0       0       0       0       0
   963 ;;      Temps:          0       0       0       0       0       0       0       0       0       0       0       0       
      +0       0       0       0       0       0       0       0       0       0       0       0       0       0       0
   964 ;;      Totals:         0       0       0       0       0       0       0       0       0       0       0       0       
      +0       0       0       0       0       0       0       0       0       0       0       0       0       0       0
   965 ;;Total ram usage:        0 bytes
   966 ;; Hardware stack levels used: 1
   967 ;; This function calls:
   968 ;;		Nothing
   969 ;; This function is called by:
   970 ;;		_initMain
   971 ;; This function uses a non-reentrant model
   972 ;;
   973                           
   974     07AE                     _internal_32:	
   975                           ;psect for function _internal_32
   976                           
   977     07AE                     l602:	
   978                           ;incstack = 0
   979                           ; Regs used in _internal_32: []
   980                           
   981                           
   982                           ;PIC16F1719_Internal.c: 34:     SCS0 = 0;
   983     07AE  0021               	movlb	1	; select bank1
   984     07AF  1019               	bcf	25,0	;volatile
   985                           
   986                           ;PIC16F1719_Internal.c: 35:     SCS1 = 0;
   987     07B0  1099               	bcf	25,1	;volatile
   988                           
   989                           ;PIC16F1719_Internal.c: 38:     IRCF0 = 0;
   990     07B1  1199               	bcf	25,3	;volatile
   991                           
   992                           ;PIC16F1719_Internal.c: 39:     IRCF1 = 1;
   993     07B2  1619               	bsf	25,4	;volatile
   994                           
   995                           ;PIC16F1719_Internal.c: 40:     IRCF2 = 1;
   996     07B3  1699               	bsf	25,5	;volatile
   997                           
   998                           ;PIC16F1719_Internal.c: 41:     IRCF3 = 1;
   999     07B4  1719               	bsf	25,6	;volatile
  1000                           
  1001                           ;PIC16F1719_Internal.c: 44:     SPLLEN = 1;
  1002     07B5  1799               	bsf	25,7	;volatile
  1003     07B6                     l17:
  1004     07B6  0008               	return
  1005     07B7                     __end_of_internal_32:
  1006     007E                     btemp	set	126	;btemp
  1007     007E                     wtemp0	set	126
  1008                           
  1009                           	psect	config
  1010                           
  1011                           ;Config register CONFIG1 @ 0x8007
  1012                           ;	Oscillator Selection Bits
  1013                           ;	FOSC = INTOSC, INTOSC oscillator: I/O function on CLKIN pin
  1014                           ;	Watchdog Timer Enable
  1015                           ;	WDTE = OFF, WDT disabled
  1016                           ;	Power-up Timer Enable
  1017                           ;	PWRTE = OFF, PWRT disabled
  1018                           ;	MCLR Pin Function Select
  1019                           ;	MCLRE = OFF, MCLR/VPP pin function is digital input if LVP bit is also 0.
  1020                           ;	Flash Program Memory Code Protection
  1021                           ;	CP = OFF, Program memory code protection is disabled
  1022                           ;	Brown-out Reset Enable
  1023                           ;	BOREN = OFF, Brown-out Reset disabled
  1024                           ;	Clock Out Enable
  1025                           ;	CLKOUTEN = OFF, CLKOUT function is disabled. I/O or oscillator function on the CLKOUT 
      +                          pin
  1026                           ;	Internal/External Switchover Mode
  1027                           ;	IESO = ON, Internal/External Switchover Mode is enabled
  1028                           ;	Fail-Safe Clock Monitor Enable
  1029                           ;	FCMEN = OFF, Fail-Safe Clock Monitor is disabled
  1030     8007                     	org	32775
  1031     8007  19A4               	dw	6564
  1032                           
  1033                           ;Config register CONFIG2 @ 0x8008
  1034                           ;	Flash Memory Self-Write Protection
  1035                           ;	WRT = OFF, Write protection off
  1036                           ;	Peripheral Pin Select one-way control
  1037                           ;	PPS1WAY = ON, The PPSLOCK bit cannot be cleared once it is set by software
  1038                           ;	Zero-cross detect disable
  1039                           ;	ZCDDIS = ON, ZCD disabled. ZCD can be enabled by setting the ZCDSEN bit of ZCDCON
  1040                           ;	Phase Lock Loop enable
  1041                           ;	PLLEN = OFF, 4x PLL is disabled
  1042                           ;	Stack Overflow/Underflow Reset Enable
  1043                           ;	STVREN = ON, Stack Overflow or Underflow will cause a Reset
  1044                           ;	Brown-out Reset Voltage Selection
  1045                           ;	BORV = LO, Brown-out Reset Voltage (Vbor), low trip point selected.
  1046                           ;	Low-Power Brown Out Reset
  1047                           ;	LPBOR = OFF, Low-Power BOR is disabled
  1048                           ;	In-Circuit Debugger Mode
  1049                           ;	DEBUG = 0x1, unprogrammed default
  1050                           ;	Low-Voltage Programming Enable
  1051                           ;	LVP = OFF, High-voltage on MCLR/VPP must be used for programming
  1052     8008                     	org	32776
  1053     8008  1EFF               	dw	7935

Data Sizes:
    Strings     0
    Constant    0
    Data        0
    BSS         0
    Persistent  32
    Stack       0

Auto Spaces:
    Space          Size  Autos    Used
    COMMON           14      0       0
    BANK0            80      0       0
    BANK1            80      0       0
    BANK2            80      0       0
    BANK3            80      0       0
    BANK4            80      0       0
    BANK5            80      0       0
    BANK6            80      0       0
    BANK7            80      0       0
    BANK8            80      0       0
    BANK9            80      0       0
    BANK10           80      0       0
    BANK11           80      0       0
    BANK12           80      0       0
    BANK13           80      0       0
    BANK14           80      0       0
    BANK15           80      0       0
    BANK16           80      0       0
    BANK17           80      0       0
    BANK18           80      0       0
    BANK19           80      0       0
    BANK20           80      0       0
    BANK21           80      0       0
    BANK22           80      0       0
    BANK23           80      0       0
    BANK24           80      0       0
    BANK25           32      0       0

Pointer List with Targets:

    None.

Critical Paths under _main in COMMON

    None.

Critical Paths under _main in BANK0

    None.

Critical Paths under _main in BANK1

    None.

Critical Paths under _main in BANK2

    None.

Critical Paths under _main in BANK3

    None.

Critical Paths under _main in BANK4

    None.

Critical Paths under _main in BANK5

    None.

Critical Paths under _main in BANK6

    None.

Critical Paths under _main in BANK7

    None.

Critical Paths under _main in BANK8

    None.

Critical Paths under _main in BANK9

    None.

Critical Paths under _main in BANK10

    None.

Critical Paths under _main in BANK11

    None.

Critical Paths under _main in BANK12

    None.

Critical Paths under _main in BANK13

    None.

Critical Paths under _main in BANK14

    None.

Critical Paths under _main in BANK15

    None.

Critical Paths under _main in BANK16

    None.

Critical Paths under _main in BANK17

    None.

Critical Paths under _main in BANK18

    None.

Critical Paths under _main in BANK19

    None.

Critical Paths under _main in BANK20

    None.

Critical Paths under _main in BANK21

    None.

Critical Paths under _main in BANK22

    None.

Critical Paths under _main in BANK23

    None.

Critical Paths under _main in BANK24

    None.

Critical Paths under _main in BANK25

    None.

Call Graph Tables:

 ---------------------------------------------------------------------------------
 (Depth) Function   	        Calls       Base Space   Used Autos Params    Refs
 ---------------------------------------------------------------------------------
 (0) _main                                                 0     0      0       0
                           _initMain
 ---------------------------------------------------------------------------------
 (1) _initMain                                             0     0      0       0
                        _internal_32
 ---------------------------------------------------------------------------------
 (2) _internal_32                                          0     0      0       0
 ---------------------------------------------------------------------------------
 Estimated maximum stack depth 2
 ---------------------------------------------------------------------------------

 Call Graph Graphs:

 _main (ROOT)
   _initMain
     _internal_32

 Address spaces:
Name               Size   Autos  Total    Cost      Usage
BIGRAM             7F0      0       0       0        0.0%
NULL                 0      0       0       0        0.0%
CODE                 0      0       0       0        0.0%
BITCOMMON            E      0       0       1        0.0%
BITSFR0              0      0       0       1        0.0%
SFR0                 0      0       0       1        0.0%
COMMON               E      0       0       2        0.0%
BITSFR1              0      0       0       2        0.0%
SFR1                 0      0       0       2        0.0%
BITSFR2              0      0       0       3        0.0%
SFR2                 0      0       0       3        0.0%
STACK                0      0       0       3        0.0%
BITBANK0            50      0       0       4        0.0%
BITSFR3              0      0       0       4        0.0%
SFR3                 0      0       0       4        0.0%
BANK0               50      0       0       5        0.0%
BITSFR4              0      0       0       5        0.0%
SFR4                 0      0       0       5        0.0%
BITBANK1            50      0       0       6        0.0%
BITSFR5              0      0       0       6        0.0%
SFR5                 0      0       0       6        0.0%
BANK1               50      0       0       7        0.0%
BITSFR6              0      0       0       7        0.0%
SFR6                 0      0       0       7        0.0%
BITBANK2            50      0       0       8        0.0%
BITSFR7              0      0       0       8        0.0%
SFR7                 0      0       0       8        0.0%
BANK2               50      0       0       9        0.0%
BITSFR8              0      0       0       9        0.0%
SFR8                 0      0       0       9        0.0%
BITBANK3            50      0       0      10        0.0%
BITSFR9              0      0       0      10        0.0%
SFR9                 0      0       0      10        0.0%
BANK3               50      0       0      11        0.0%
BITSFR10             0      0       0      11        0.0%
SFR10                0      0       0      11        0.0%
BITBANK4            50      0       0      12        0.0%
BITSFR11             0      0       0      12        0.0%
SFR11                0      0       0      12        0.0%
BANK4               50      0       0      13        0.0%
BITSFR12             0      0       0      13        0.0%
SFR12                0      0       0      13        0.0%
BITSFR13             0      0       0      14        0.0%
SFR13                0      0       0      14        0.0%
ABS                  0      0       0      14        0.0%
BITBANK5            50      0       0      15        0.0%
BITSFR14             0      0       0      15        0.0%
SFR14                0      0       0      15        0.0%
BANK5               50      0       0      16        0.0%
BITSFR15             0      0       0      16        0.0%
SFR15                0      0       0      16        0.0%
BITBANK6            50      0       0      17        0.0%
BITSFR16             0      0       0      17        0.0%
SFR16                0      0       0      17        0.0%
BANK6               50      0       0      18        0.0%
BITSFR17             0      0       0      18        0.0%
SFR17                0      0       0      18        0.0%
BITBANK7            50      0       0      19        0.0%
BITSFR18             0      0       0      19        0.0%
SFR18                0      0       0      19        0.0%
BANK7               50      0       0      20        0.0%
BITSFR19             0      0       0      20        0.0%
SFR19                0      0       0      20        0.0%
BITBANK8            50      0       0      21        0.0%
BITSFR20             0      0       0      21        0.0%
SFR20                0      0       0      21        0.0%
BANK8               50      0       0      22        0.0%
BITSFR21             0      0       0      22        0.0%
SFR21                0      0       0      22        0.0%
BITBANK9            50      0       0      23        0.0%
BITSFR22             0      0       0      23        0.0%
SFR22                0      0       0      23        0.0%
BANK9               50      0       0      24        0.0%
BITSFR23             0      0       0      24        0.0%
SFR23                0      0       0      24        0.0%
BITBANK10           50      0       0      25        0.0%
BITSFR24             0      0       0      25        0.0%
SFR24                0      0       0      25        0.0%
BANK10              50      0       0      26        0.0%
BITSFR25             0      0       0      26        0.0%
SFR25                0      0       0      26        0.0%
BITBANK11           50      0       0      27        0.0%
BITSFR26             0      0       0      27        0.0%
SFR26                0      0       0      27        0.0%
BITSFR27             0      0       0      28        0.0%
SFR27                0      0       0      28        0.0%
DATA                 0      0       0      28        0.0%
BANK11              50      0       0      29        0.0%
BITSFR28             0      0       0      29        0.0%
SFR28                0      0       0      29        0.0%
BITBANK12           50      0       0      30        0.0%
BITSFR29             0      0       0      30        0.0%
SFR29                0      0       0      30        0.0%
BANK12              50      0       0      31        0.0%
BITSFR30             0      0       0      31        0.0%
SFR30                0      0       0      31        0.0%
BITBANK13           50      0       0      32        0.0%
BITSFR31             0      0       0      32        0.0%
SFR31                0      0       0      32        0.0%
BANK13              50      0       0      33        0.0%
BITBANK14           50      0       0      34        0.0%
BANK14              50      0       0      35        0.0%
BITBANK15           50      0       0      36        0.0%
BANK15              50      0       0      37        0.0%
BITBANK16           50      0       0      38        0.0%
BANK16              50      0       0      39        0.0%
BITBANK17           50      0       0      40        0.0%
BANK17              50      0       0      41        0.0%
BITBANK18           50      0       0      42        0.0%
BANK18              50      0       0      43        0.0%
BITBANK19           50      0       0      44        0.0%
BANK19              50      0       0      45        0.0%
BITBANK20           50      0       0      46        0.0%
BANK20              50      0       0      47        0.0%
BITBANK21           50      0       0      48        0.0%
BANK21              50      0       0      49        0.0%
BITBANK22           50      0       0      50        0.0%
BANK22              50      0       0      51        0.0%
BITBANK23           50      0       0      52        0.0%
BANK23              50      0       0      53        0.0%
BITBANK24           50      0       0      54        0.0%
BANK24              50      0       0      55        0.0%
BITBANK25           20      0       0      56        0.0%
BANK25              20      0       0      57        0.0%


Microchip Technology PIC Macro Assembler V2.45 build 20230818022343 
Symbol Table                                                                                   Sat Nov 18 04:44:06 2023

                     l17 07B6                       l68 07FC                      l602 07AE  
                    l610 07C8                      l620 07D7                      l612 07C9  
                    l604 07C2                      l630 07E3                      l622 07D8  
                    l614 07CB                      l606 07C5                      l640 07F2  
                    l632 07E7                      l624 07DA                      l616 07D0  
                    l608 07C7                      l642 07F6                      l634 07EA  
                    l626 07DD                      l618 07D4                      l644 07F9  
                    l636 07EC                      l628 07E1                      l660 07B7  
                    l646 07FB                      l638 07ED                      l662 07BA  
                    l664 07BD                      _PR6 041D                     _SCS0 04C8  
                   _SCS1 04C9                     _main 07B7                     btemp 007E  
                   start 0002                    ?_main 0000                    _IRCF0 04CB  
                  _IRCF1 04CC                    _IRCF2 04CD                    _IRCF3 04CE  
                  wtemp0 007E             ?_internal_32 0000          __initialization 07FD  
           __end_of_main 07C2                   ??_main 0000                   _CCPR1L 0291  
                 _CCPR2L 0298                   _ANSELB 018D                   _SPLLEN 04CF  
       __end_of_initMain 07FD  __end_of__initialization 07FD           __pcstackCOMMON 0000  
             __pmaintext 07B7                  _PPSLOCK 0E0F                ?_initMain 0000  
                __ptext1 07C2                  __ptext2 07AE                _T6CONbits 041E  
   end_of_initialization 07FD               ??_initMain 0000                _TRISBbits 008D  
              _TRISDbits 008F              _CCP1CONbits 0293              _CCP2CONbits 029A  
    start_initialization 07FD              _CCPTMRSbits 029E                ___latbits 0003  
          ??_internal_32 0000      __end_of_internal_32 07B7                 _initMain 07C2  
            _internal_32 07AE               _RB0PPSbits 0E98               _RB1PPSbits 0E99  
            _PPSLOCKbits 0E0F  
