

Microchip Technology PIC LITE Macro Assembler V1.41 build -162212810 
                                                                                               Tue Apr 18 13:16:45 2017

Microchip Technology Omniscient Code Generator v1.41 (Free mode) build 201701250102
     1                           	processor	16F1717
     2                           	opt	pw 120
     3                           	opt	lm
     4                           	psect	cinit,global,class=CODE,merge=1,delta=2
     5                           	psect	cstackCOMMON,global,class=COMMON,space=1,delta=1
     6                           	psect	maintext,global,class=CODE,merge=1,split=1,delta=2
     7                           	psect	text1,local,class=CODE,merge=1,delta=2
     8                           	psect	text2,local,class=CODE,merge=1,delta=2
     9                           	psect	text3,local,class=CODE,merge=1,delta=2
    10                           	dabs	1,0x7E,2
    11  0000                     
    12                           ; Version 1.41
    13                           ; Generated 25/01/2017 GMT
    14                           ; 
    15                           ; Copyright © 2017, Microchip Technology Inc. and its subsidiaries ("Microchip")
    16                           ; All rights reserved.
    17                           ; 
    18                           ; This software is developed by Microchip Technology Inc. and its subsidiaries ("Microch
      +                          ip").
    19                           ; 
    20                           ; Redistribution and use in source and binary forms, with or without modification, are
    21                           ; permitted provided that the following conditions are met:
    22                           ; 
    23                           ;     1. Redistributions of source code must retain the above copyright notice, this lis
      +                          t of
    24                           ;        conditions and the following disclaimer.
    25                           ; 
    26                           ;     2. Redistributions in binary form must reproduce the above copyright notice, this 
      +                          list
    27                           ;        of conditions and the following disclaimer in the documentation and/or other
    28                           ;        materials provided with the distribution.
    29                           ; 
    30                           ;     3. Microchip's name may not be used to endorse or promote products derived from th
      +                          is
    31                           ;        software without specific prior written permission.
    32                           ; 
    33                           ; THIS SOFTWARE IS PROVIDED BY MICROCHIP "AS IS" AND ANY EXPRESS OR IMPLIED WARRANTIES,
    34                           ; INCLUDING, BUT NOT LIMITED TO, THE IMPLIED WARRANTIES OF MERCHANTABILITY AND FITNESS F
      +                          OR
    35                           ; PURPOSE ARE DISCLAIMED.  IN NO EVENT SHALL MICROCHIP BE LIABLE FOR ANY DIRECT, INDIREC
      +                          T,
    36                           ; INCIDENTAL, SPECIAL, EXEMPLARY, OR CONSEQUENTIAL DAMAGES (INCLUDING BUT NOT LIMITED TO
    37                           ; PROCUREMENT OF SUBSTITUTE GOODS OR SERVICES; LOSS OF USE, DATA OR PROFITS; OR BUSINESS
    38                           ; INTERRUPTION) HOWSOEVER CAUSED AND ON ANY THEORY OF LIABILITY, WHETHER IN CONTRACT, ST
      +                          RICT
    39                           ; LIABILITY, OR TORT (INCLUDING NEGLIGENCE OR OTHERWISE) ARISING IN ANY WAY OUT OF THE U
      +                          SE OF
    40                           ; THIS SOFTWARE, EVEN IF ADVISED OF THE POSSIBILITY OF SUCH DAMAGE.
    41                           ; 
    42                           ; 
    43                           ; Code-generator required, PIC16F1717 Definitions
    44                           ; 
    45                           ; SFR Addresses
    46  0000                     	;# 
    47  0001                     	;# 
    48  0002                     	;# 
    49  0003                     	;# 
    50  0004                     	;# 
    51  0005                     	;# 
    52  0006                     	;# 
    53  0007                     	;# 
    54  0008                     	;# 
    55  0009                     	;# 
    56  000A                     	;# 
    57  000B                     	;# 
    58  000C                     	;# 
    59  000D                     	;# 
    60  000E                     	;# 
    61  000F                     	;# 
    62  0010                     	;# 
    63  0011                     	;# 
    64  0012                     	;# 
    65  0013                     	;# 
    66  0015                     	;# 
    67  0016                     	;# 
    68  0016                     	;# 
    69  0017                     	;# 
    70  0018                     	;# 
    71  0019                     	;# 
    72  001A                     	;# 
    73  001B                     	;# 
    74  001C                     	;# 
    75  008C                     	;# 
    76  008D                     	;# 
    77  008E                     	;# 
    78  008F                     	;# 
    79  0090                     	;# 
    80  0091                     	;# 
    81  0092                     	;# 
    82  0093                     	;# 
    83  0095                     	;# 
    84  0096                     	;# 
    85  0097                     	;# 
    86  0098                     	;# 
    87  0099                     	;# 
    88  009A                     	;# 
    89  009B                     	;# 
    90  009B                     	;# 
    91  009C                     	;# 
    92  009D                     	;# 
    93  009E                     	;# 
    94  009F                     	;# 
    95  010C                     	;# 
    96  010D                     	;# 
    97  010E                     	;# 
    98  010F                     	;# 
    99  0110                     	;# 
   100  0111                     	;# 
   101  0112                     	;# 
   102  0113                     	;# 
   103  0114                     	;# 
   104  0115                     	;# 
   105  0116                     	;# 
   106  0117                     	;# 
   107  0118                     	;# 
   108  0119                     	;# 
   109  011A                     	;# 
   110  011B                     	;# 
   111  011B                     	;# 
   112  011C                     	;# 
   113  018C                     	;# 
   114  018D                     	;# 
   115  018E                     	;# 
   116  018F                     	;# 
   117  0190                     	;# 
   118  0191                     	;# 
   119  0191                     	;# 
   120  0192                     	;# 
   121  0193                     	;# 
   122  0193                     	;# 
   123  0194                     	;# 
   124  0195                     	;# 
   125  0196                     	;# 
   126  0197                     	;# 
   127  0199                     	;# 
   128  0199                     	;# 
   129  0199                     	;# 
   130  019A                     	;# 
   131  019A                     	;# 
   132  019A                     	;# 
   133  019B                     	;# 
   134  019B                     	;# 
   135  019B                     	;# 
   136  019B                     	;# 
   137  019B                     	;# 
   138  019C                     	;# 
   139  019C                     	;# 
   140  019C                     	;# 
   141  019D                     	;# 
   142  019D                     	;# 
   143  019D                     	;# 
   144  019E                     	;# 
   145  019E                     	;# 
   146  019E                     	;# 
   147  019F                     	;# 
   148  019F                     	;# 
   149  019F                     	;# 
   150  019F                     	;# 
   151  019F                     	;# 
   152  020C                     	;# 
   153  020D                     	;# 
   154  020E                     	;# 
   155  020F                     	;# 
   156  0210                     	;# 
   157  0211                     	;# 
   158  0211                     	;# 
   159  0212                     	;# 
   160  0212                     	;# 
   161  0213                     	;# 
   162  0213                     	;# 
   163  0214                     	;# 
   164  0214                     	;# 
   165  0215                     	;# 
   166  0215                     	;# 
   167  0215                     	;# 
   168  0215                     	;# 
   169  0216                     	;# 
   170  0216                     	;# 
   171  0217                     	;# 
   172  0217                     	;# 
   173  028C                     	;# 
   174  028D                     	;# 
   175  028E                     	;# 
   176  028F                     	;# 
   177  0290                     	;# 
   178  0291                     	;# 
   179  0291                     	;# 
   180  0292                     	;# 
   181  0293                     	;# 
   182  0293                     	;# 
   183  0298                     	;# 
   184  0298                     	;# 
   185  0299                     	;# 
   186  029A                     	;# 
   187  029A                     	;# 
   188  029E                     	;# 
   189  030C                     	;# 
   190  030D                     	;# 
   191  030E                     	;# 
   192  030F                     	;# 
   193  0310                     	;# 
   194  038C                     	;# 
   195  038D                     	;# 
   196  038E                     	;# 
   197  038F                     	;# 
   198  0390                     	;# 
   199  0391                     	;# 
   200  0392                     	;# 
   201  0393                     	;# 
   202  0394                     	;# 
   203  0395                     	;# 
   204  0396                     	;# 
   205  0397                     	;# 
   206  0398                     	;# 
   207  0399                     	;# 
   208  039D                     	;# 
   209  039E                     	;# 
   210  039F                     	;# 
   211  0415                     	;# 
   212  0416                     	;# 
   213  0417                     	;# 
   214  041C                     	;# 
   215  041D                     	;# 
   216  041E                     	;# 
   217  0498                     	;# 
   218  0498                     	;# 
   219  0499                     	;# 
   220  049A                     	;# 
   221  049B                     	;# 
   222  049B                     	;# 
   223  049C                     	;# 
   224  049D                     	;# 
   225  049E                     	;# 
   226  049F                     	;# 
   227  0511                     	;# 
   228  0515                     	;# 
   229  0617                     	;# 
   230  0618                     	;# 
   231  0619                     	;# 
   232  0619                     	;# 
   233  061A                     	;# 
   234  061B                     	;# 
   235  061C                     	;# 
   236  061C                     	;# 
   237  0691                     	;# 
   238  0692                     	;# 
   239  0693                     	;# 
   240  0694                     	;# 
   241  0695                     	;# 
   242  0696                     	;# 
   243  0697                     	;# 
   244  0698                     	;# 
   245  0699                     	;# 
   246  069A                     	;# 
   247  069B                     	;# 
   248  069C                     	;# 
   249  069D                     	;# 
   250  069E                     	;# 
   251  069F                     	;# 
   252  0E0F                     	;# 
   253  0E10                     	;# 
   254  0E11                     	;# 
   255  0E12                     	;# 
   256  0E13                     	;# 
   257  0E14                     	;# 
   258  0E15                     	;# 
   259  0E17                     	;# 
   260  0E20                     	;# 
   261  0E21                     	;# 
   262  0E22                     	;# 
   263  0E24                     	;# 
   264  0E25                     	;# 
   265  0E28                     	;# 
   266  0E29                     	;# 
   267  0E2A                     	;# 
   268  0E2B                     	;# 
   269  0E90                     	;# 
   270  0E91                     	;# 
   271  0E92                     	;# 
   272  0E93                     	;# 
   273  0E94                     	;# 
   274  0E95                     	;# 
   275  0E96                     	;# 
   276  0E97                     	;# 
   277  0E98                     	;# 
   278  0E99                     	;# 
   279  0E9A                     	;# 
   280  0E9B                     	;# 
   281  0E9C                     	;# 
   282  0E9D                     	;# 
   283  0E9E                     	;# 
   284  0E9F                     	;# 
   285  0EA0                     	;# 
   286  0EA1                     	;# 
   287  0EA2                     	;# 
   288  0EA3                     	;# 
   289  0EA4                     	;# 
   290  0EA5                     	;# 
   291  0EA6                     	;# 
   292  0EA7                     	;# 
   293  0EA8                     	;# 
   294  0EA9                     	;# 
   295  0EAA                     	;# 
   296  0EAB                     	;# 
   297  0EAC                     	;# 
   298  0EAD                     	;# 
   299  0EAE                     	;# 
   300  0EAF                     	;# 
   301  0EB0                     	;# 
   302  0EB1                     	;# 
   303  0EB2                     	;# 
   304  0F0F                     	;# 
   305  0F10                     	;# 
   306  0F11                     	;# 
   307  0F12                     	;# 
   308  0F13                     	;# 
   309  0F14                     	;# 
   310  0F15                     	;# 
   311  0F16                     	;# 
   312  0F17                     	;# 
   313  0F18                     	;# 
   314  0F19                     	;# 
   315  0F1A                     	;# 
   316  0F1B                     	;# 
   317  0F1C                     	;# 
   318  0F1D                     	;# 
   319  0F1E                     	;# 
   320  0F1F                     	;# 
   321  0F20                     	;# 
   322  0F21                     	;# 
   323  0F22                     	;# 
   324  0F23                     	;# 
   325  0F24                     	;# 
   326  0F25                     	;# 
   327  0F26                     	;# 
   328  0F27                     	;# 
   329  0F28                     	;# 
   330  0F29                     	;# 
   331  0F2A                     	;# 
   332  0F2B                     	;# 
   333  0F2C                     	;# 
   334  0F2D                     	;# 
   335  0F2E                     	;# 
   336  0F2F                     	;# 
   337  0F30                     	;# 
   338  0F31                     	;# 
   339  0F32                     	;# 
   340  0F33                     	;# 
   341  0F34                     	;# 
   342  0F35                     	;# 
   343  0F36                     	;# 
   344  0F37                     	;# 
   345  0FE4                     	;# 
   346  0FE5                     	;# 
   347  0FE6                     	;# 
   348  0FE7                     	;# 
   349  0FE8                     	;# 
   350  0FE9                     	;# 
   351  0FEA                     	;# 
   352  0FEB                     	;# 
   353  0FED                     	;# 
   354  0FEE                     	;# 
   355  0FEF                     	;# 
   356  0000                     	;# 
   357  0001                     	;# 
   358  0002                     	;# 
   359  0003                     	;# 
   360  0004                     	;# 
   361  0005                     	;# 
   362  0006                     	;# 
   363  0007                     	;# 
   364  0008                     	;# 
   365  0009                     	;# 
   366  000A                     	;# 
   367  000B                     	;# 
   368  000C                     	;# 
   369  000D                     	;# 
   370  000E                     	;# 
   371  000F                     	;# 
   372  0010                     	;# 
   373  0011                     	;# 
   374  0012                     	;# 
   375  0013                     	;# 
   376  0015                     	;# 
   377  0016                     	;# 
   378  0016                     	;# 
   379  0017                     	;# 
   380  0018                     	;# 
   381  0019                     	;# 
   382  001A                     	;# 
   383  001B                     	;# 
   384  001C                     	;# 
   385  008C                     	;# 
   386  008D                     	;# 
   387  008E                     	;# 
   388  008F                     	;# 
   389  0090                     	;# 
   390  0091                     	;# 
   391  0092                     	;# 
   392  0093                     	;# 
   393  0095                     	;# 
   394  0096                     	;# 
   395  0097                     	;# 
   396  0098                     	;# 
   397  0099                     	;# 
   398  009A                     	;# 
   399  009B                     	;# 
   400  009B                     	;# 
   401  009C                     	;# 
   402  009D                     	;# 
   403  009E                     	;# 
   404  009F                     	;# 
   405  010C                     	;# 
   406  010D                     	;# 
   407  010E                     	;# 
   408  010F                     	;# 
   409  0110                     	;# 
   410  0111                     	;# 
   411  0112                     	;# 
   412  0113                     	;# 
   413  0114                     	;# 
   414  0115                     	;# 
   415  0116                     	;# 
   416  0117                     	;# 
   417  0118                     	;# 
   418  0119                     	;# 
   419  011A                     	;# 
   420  011B                     	;# 
   421  011B                     	;# 
   422  011C                     	;# 
   423  018C                     	;# 
   424  018D                     	;# 
   425  018E                     	;# 
   426  018F                     	;# 
   427  0190                     	;# 
   428  0191                     	;# 
   429  0191                     	;# 
   430  0192                     	;# 
   431  0193                     	;# 
   432  0193                     	;# 
   433  0194                     	;# 
   434  0195                     	;# 
   435  0196                     	;# 
   436  0197                     	;# 
   437  0199                     	;# 
   438  0199                     	;# 
   439  0199                     	;# 
   440  019A                     	;# 
   441  019A                     	;# 
   442  019A                     	;# 
   443  019B                     	;# 
   444  019B                     	;# 
   445  019B                     	;# 
   446  019B                     	;# 
   447  019B                     	;# 
   448  019C                     	;# 
   449  019C                     	;# 
   450  019C                     	;# 
   451  019D                     	;# 
   452  019D                     	;# 
   453  019D                     	;# 
   454  019E                     	;# 
   455  019E                     	;# 
   456  019E                     	;# 
   457  019F                     	;# 
   458  019F                     	;# 
   459  019F                     	;# 
   460  019F                     	;# 
   461  019F                     	;# 
   462  020C                     	;# 
   463  020D                     	;# 
   464  020E                     	;# 
   465  020F                     	;# 
   466  0210                     	;# 
   467  0211                     	;# 
   468  0211                     	;# 
   469  0212                     	;# 
   470  0212                     	;# 
   471  0213                     	;# 
   472  0213                     	;# 
   473  0214                     	;# 
   474  0214                     	;# 
   475  0215                     	;# 
   476  0215                     	;# 
   477  0215                     	;# 
   478  0215                     	;# 
   479  0216                     	;# 
   480  0216                     	;# 
   481  0217                     	;# 
   482  0217                     	;# 
   483  028C                     	;# 
   484  028D                     	;# 
   485  028E                     	;# 
   486  028F                     	;# 
   487  0290                     	;# 
   488  0291                     	;# 
   489  0291                     	;# 
   490  0292                     	;# 
   491  0293                     	;# 
   492  0293                     	;# 
   493  0298                     	;# 
   494  0298                     	;# 
   495  0299                     	;# 
   496  029A                     	;# 
   497  029A                     	;# 
   498  029E                     	;# 
   499  030C                     	;# 
   500  030D                     	;# 
   501  030E                     	;# 
   502  030F                     	;# 
   503  0310                     	;# 
   504  038C                     	;# 
   505  038D                     	;# 
   506  038E                     	;# 
   507  038F                     	;# 
   508  0390                     	;# 
   509  0391                     	;# 
   510  0392                     	;# 
   511  0393                     	;# 
   512  0394                     	;# 
   513  0395                     	;# 
   514  0396                     	;# 
   515  0397                     	;# 
   516  0398                     	;# 
   517  0399                     	;# 
   518  039D                     	;# 
   519  039E                     	;# 
   520  039F                     	;# 
   521  0415                     	;# 
   522  0416                     	;# 
   523  0417                     	;# 
   524  041C                     	;# 
   525  041D                     	;# 
   526  041E                     	;# 
   527  0498                     	;# 
   528  0498                     	;# 
   529  0499                     	;# 
   530  049A                     	;# 
   531  049B                     	;# 
   532  049B                     	;# 
   533  049C                     	;# 
   534  049D                     	;# 
   535  049E                     	;# 
   536  049F                     	;# 
   537  0511                     	;# 
   538  0515                     	;# 
   539  0617                     	;# 
   540  0618                     	;# 
   541  0619                     	;# 
   542  0619                     	;# 
   543  061A                     	;# 
   544  061B                     	;# 
   545  061C                     	;# 
   546  061C                     	;# 
   547  0691                     	;# 
   548  0692                     	;# 
   549  0693                     	;# 
   550  0694                     	;# 
   551  0695                     	;# 
   552  0696                     	;# 
   553  0697                     	;# 
   554  0698                     	;# 
   555  0699                     	;# 
   556  069A                     	;# 
   557  069B                     	;# 
   558  069C                     	;# 
   559  069D                     	;# 
   560  069E                     	;# 
   561  069F                     	;# 
   562  0E0F                     	;# 
   563  0E10                     	;# 
   564  0E11                     	;# 
   565  0E12                     	;# 
   566  0E13                     	;# 
   567  0E14                     	;# 
   568  0E15                     	;# 
   569  0E17                     	;# 
   570  0E20                     	;# 
   571  0E21                     	;# 
   572  0E22                     	;# 
   573  0E24                     	;# 
   574  0E25                     	;# 
   575  0E28                     	;# 
   576  0E29                     	;# 
   577  0E2A                     	;# 
   578  0E2B                     	;# 
   579  0E90                     	;# 
   580  0E91                     	;# 
   581  0E92                     	;# 
   582  0E93                     	;# 
   583  0E94                     	;# 
   584  0E95                     	;# 
   585  0E96                     	;# 
   586  0E97                     	;# 
   587  0E98                     	;# 
   588  0E99                     	;# 
   589  0E9A                     	;# 
   590  0E9B                     	;# 
   591  0E9C                     	;# 
   592  0E9D                     	;# 
   593  0E9E                     	;# 
   594  0E9F                     	;# 
   595  0EA0                     	;# 
   596  0EA1                     	;# 
   597  0EA2                     	;# 
   598  0EA3                     	;# 
   599  0EA4                     	;# 
   600  0EA5                     	;# 
   601  0EA6                     	;# 
   602  0EA7                     	;# 
   603  0EA8                     	;# 
   604  0EA9                     	;# 
   605  0EAA                     	;# 
   606  0EAB                     	;# 
   607  0EAC                     	;# 
   608  0EAD                     	;# 
   609  0EAE                     	;# 
   610  0EAF                     	;# 
   611  0EB0                     	;# 
   612  0EB1                     	;# 
   613  0EB2                     	;# 
   614  0F0F                     	;# 
   615  0F10                     	;# 
   616  0F11                     	;# 
   617  0F12                     	;# 
   618  0F13                     	;# 
   619  0F14                     	;# 
   620  0F15                     	;# 
   621  0F16                     	;# 
   622  0F17                     	;# 
   623  0F18                     	;# 
   624  0F19                     	;# 
   625  0F1A                     	;# 
   626  0F1B                     	;# 
   627  0F1C                     	;# 
   628  0F1D                     	;# 
   629  0F1E                     	;# 
   630  0F1F                     	;# 
   631  0F20                     	;# 
   632  0F21                     	;# 
   633  0F22                     	;# 
   634  0F23                     	;# 
   635  0F24                     	;# 
   636  0F25                     	;# 
   637  0F26                     	;# 
   638  0F27                     	;# 
   639  0F28                     	;# 
   640  0F29                     	;# 
   641  0F2A                     	;# 
   642  0F2B                     	;# 
   643  0F2C                     	;# 
   644  0F2D                     	;# 
   645  0F2E                     	;# 
   646  0F2F                     	;# 
   647  0F30                     	;# 
   648  0F31                     	;# 
   649  0F32                     	;# 
   650  0F33                     	;# 
   651  0F34                     	;# 
   652  0F35                     	;# 
   653  0F36                     	;# 
   654  0F37                     	;# 
   655  0FE4                     	;# 
   656  0FE5                     	;# 
   657  0FE6                     	;# 
   658  0FE7                     	;# 
   659  0FE8                     	;# 
   660  0FE9                     	;# 
   661  0FEA                     	;# 
   662  0FEB                     	;# 
   663  0FED                     	;# 
   664  0FEE                     	;# 
   665  0FEF                     	;# 
   666  008E                     _TRISCbits	set	142
   667  008F                     _TRISD	set	143
   668  04CF                     _SPLLEN	set	1231
   669  04CE                     _IRCF3	set	1230
   670  04CD                     _IRCF2	set	1229
   671  04CC                     _IRCF1	set	1228
   672  04CB                     _IRCF0	set	1227
   673  04C9                     _SCS1	set	1225
   674  04C8                     _SCS0	set	1224
   675  010E                     _LATCbits	set	270
   676  010F                     _LATD	set	271
   677                           
   678                           ; #config settings
   679  0000                     
   680                           	psect	cinit
   681  07FD                     start_initialization:	
   682  07FD                     __initialization:	
   683  07FD                     end_of_initialization:	
   684                           ;End of C runtime variable initialization code
   685                           
   686  07FD                     __end_of__initialization:	
   687  07FD  0020               	movlb	0
   688  07FE  3187  2F80         	ljmp	_main	;jump to C main() function
   689                           
   690                           	psect	cstackCOMMON
   691  0070                     __pcstackCOMMON:	
   692  0070                     ?_bargraph_percent:	
   693  0070                     ?_internal_16:	
   694                           ; 1 bytes @ 0x0
   695                           
   696  0070                     ??_internal_16:	
   697                           ; 1 bytes @ 0x0
   698                           
   699  0070                     ?_initMain:	
   700                           ; 1 bytes @ 0x0
   701                           
   702  0070                     ??_initMain:	
   703                           ; 1 bytes @ 0x0
   704                           
   705  0070                     ?_main:	
   706                           ; 1 bytes @ 0x0
   707                           
   708  0070                     bargraph_percent@percent:	
   709                           ; 1 bytes @ 0x0
   710                           
   711                           
   712                           ; 2 bytes @ 0x0
   713  0070                     	ds	2
   714  0072                     ??_bargraph_percent:	
   715  0072                     ??_main:	
   716                           ; 1 bytes @ 0x2
   717                           
   718                           
   719                           ; 1 bytes @ 0x2
   720  0072                     	ds	2
   721  0074                     main@x:	
   722                           
   723                           ; 2 bytes @ 0x4
   724  0074                     	ds	2
   725                           
   726                           	psect	maintext
   727  0780                     __pmaintext:	
   728 ;;
   729 ;;Main: autosize = 0, tempsize = 2, incstack = 0, save=0
   730 ;;
   731 ;; *************** function _main *****************
   732 ;; Defined at:
   733 ;;		line 57 in file "Main.c"
   734 ;; Parameters:    Size  Location     Type
   735 ;;		None
   736 ;; Auto vars:     Size  Location     Type
   737 ;;  x               2    4[COMMON] int 
   738 ;; Return value:  Size  Location     Type
   739 ;;                  1    wreg      void 
   740 ;; Registers used:
   741 ;;		wreg, fsr0l, fsr0h, status,2, status,0, pclath, cstack
   742 ;; Tracked objects:
   743 ;;		On entry : B1F/0
   744 ;;		On exit  : 0/0
   745 ;;		Unchanged: 0/0
   746 ;; Data sizes:     COMMON   BANK0   BANK1   BANK2   BANK3   BANK4   BANK5   BANK6   BANK7   BANK8   BANK9  BANK10  BANK1
      +1  BANK12
   747 ;;      Params:         0       0       0       0       0       0       0       0       0       0       0       0       
      +0       0
   748 ;;      Locals:         2       0       0       0       0       0       0       0       0       0       0       0       
      +0       0
   749 ;;      Temps:          2       0       0       0       0       0       0       0       0       0       0       0       
      +0       0
   750 ;;      Totals:         4       0       0       0       0       0       0       0       0       0       0       0       
      +0       0
   751 ;;Total ram usage:        4 bytes
   752 ;; Hardware stack levels required when called:    2
   753 ;; This function calls:
   754 ;;		_bargraph_percent
   755 ;;		_initMain
   756 ;; This function is called by:
   757 ;;		Startup code after reset
   758 ;; This function uses a non-reentrant model
   759 ;;
   760                           
   761                           
   762                           ;psect for function _main
   763  0780                     _main:	
   764                           
   765                           ;Main.c: 58: initMain();
   766                           
   767                           ;incstack = 0
   768                           ; Regs used in _main: [wreg-fsr0h+status,2+status,0+pclath+cstack]
   769  0780  3187  2770  3187   	fcall	_initMain
   770  0783                     l588:	
   771                           ;Main.c: 60: while(1){
   772                           
   773                           
   774                           ;Main.c: 63: for (int x = 0; x <= 100; x+=10){
   775  0783  01F4               	clrf	main@x
   776  0784  01F5               	clrf	main@x+1
   777  0785                     L1:	
   778  0785  0875               	movf	main@x+1,w
   779  0786  3A80               	xorlw	128
   780  0787  00F2               	movwf	??_main
   781  0788  3080               	movlw	128
   782  0789  0272               	subwf	??_main,w
   783  078A  1D03               	skipz
   784  078B  2F8E               	goto	u35
   785  078C  3065               	movlw	101
   786  078D  0274               	subwf	main@x,w
   787  078E                     u35:	
   788  078E  1803               	btfsc	3,0
   789  078F  2F83               	goto	l588
   790                           
   791                           ;Main.c: 64: bargraph_percent(x);
   792  0790  0875               	movf	main@x+1,w
   793  0791  00F1               	movwf	bargraph_percent@percent+1
   794  0792  0874               	movf	main@x,w
   795  0793  00F0               	movwf	bargraph_percent@percent
   796  0794  3187  27A7  3187   	fcall	_bargraph_percent
   797                           
   798                           ;Main.c: 65: _delay((unsigned long)((500)*(16000000/4000.0)));
   799  0797  300B               	movlw	11
   800  0798  00F3               	movwf	??_main+1
   801  0799  3026               	movlw	38
   802  079A  00F2               	movwf	??_main
   803  079B  305E               	movlw	94
   804  079C                     u57:	
   805  079C  0B89               	decfsz	9,f
   806  079D  2F9C               	goto	u57
   807  079E  0BF2               	decfsz	??_main,f
   808  079F  2F9C               	goto	u57
   809  07A0  0BF3               	decfsz	??_main+1,f
   810  07A1  2F9C               	goto	u57
   811  07A2  300A               	movlw	10
   812  07A3  07F4               	addwf	main@x,f
   813  07A4  3000               	movlw	0
   814  07A5  3DF5               	addwfc	main@x+1,f
   815  07A6  2F85               	goto	L1
   816  07A7                     __end_of_main:	
   817                           ;Main.c: 66: }
   818                           ;Main.c: 67: }
   819                           ;Main.c: 69: return;
   820                           
   821                           
   822                           	psect	text1
   823  0770                     __ptext1:	
   824 ;; *************** function _initMain *****************
   825 ;; Defined at:
   826 ;;		line 38 in file "Main.c"
   827 ;; Parameters:    Size  Location     Type
   828 ;;		None
   829 ;; Auto vars:     Size  Location     Type
   830 ;;		None
   831 ;; Return value:  Size  Location     Type
   832 ;;                  1    wreg      void 
   833 ;; Registers used:
   834 ;;		status,2, status,0, pclath, cstack
   835 ;; Tracked objects:
   836 ;;		On entry : 0/0
   837 ;;		On exit  : 0/0
   838 ;;		Unchanged: 0/0
   839 ;; Data sizes:     COMMON   BANK0   BANK1   BANK2   BANK3   BANK4   BANK5   BANK6   BANK7   BANK8   BANK9  BANK10  BANK1
      +1  BANK12
   840 ;;      Params:         0       0       0       0       0       0       0       0       0       0       0       0       
      +0       0
   841 ;;      Locals:         0       0       0       0       0       0       0       0       0       0       0       0       
      +0       0
   842 ;;      Temps:          0       0       0       0       0       0       0       0       0       0       0       0       
      +0       0
   843 ;;      Totals:         0       0       0       0       0       0       0       0       0       0       0       0       
      +0       0
   844 ;;Total ram usage:        0 bytes
   845 ;; Hardware stack levels used:    1
   846 ;; Hardware stack levels required when called:    1
   847 ;; This function calls:
   848 ;;		_internal_16
   849 ;; This function is called by:
   850 ;;		_main
   851 ;; This function uses a non-reentrant model
   852 ;;
   853                           
   854                           
   855                           ;psect for function _initMain
   856  0770                     _initMain:	
   857                           
   858                           ;Main.c: 40: internal_16();
   859                           
   860                           ;incstack = 0
   861                           ; Regs used in _initMain: [status,2+status,0+pclath+cstack]
   862  0770  3187  2777         	fcall	_internal_16
   863                           
   864                           ;Main.c: 43: TRISD = 0;
   865  0772  0021               	movlb	1	; select bank1
   866  0773  018F               	clrf	15	;volatile
   867                           
   868                           ;Main.c: 45: TRISCbits.TRISC2 = 0;
   869  0774  110E               	bcf	14,2	;volatile
   870                           
   871                           ;Main.c: 46: TRISCbits.TRISC3 = 0;
   872  0775  118E               	bcf	14,3	;volatile
   873  0776  0008               	return
   874  0777                     __end_of_initMain:	
   875                           
   876                           	psect	text2
   877  0777                     __ptext2:	
   878 ;; *************** function _internal_16 *****************
   879 ;; Defined at:
   880 ;;		line 56 in file "16F1717_Internal.c"
   881 ;; Parameters:    Size  Location     Type
   882 ;;		None
   883 ;; Auto vars:     Size  Location     Type
   884 ;;		None
   885 ;; Return value:  Size  Location     Type
   886 ;;                  1    wreg      void 
   887 ;; Registers used:
   888 ;;		None
   889 ;; Tracked objects:
   890 ;;		On entry : 0/0
   891 ;;		On exit  : 0/0
   892 ;;		Unchanged: 0/0
   893 ;; Data sizes:     COMMON   BANK0   BANK1   BANK2   BANK3   BANK4   BANK5   BANK6   BANK7   BANK8   BANK9  BANK10  BANK1
      +1  BANK12
   894 ;;      Params:         0       0       0       0       0       0       0       0       0       0       0       0       
      +0       0
   895 ;;      Locals:         0       0       0       0       0       0       0       0       0       0       0       0       
      +0       0
   896 ;;      Temps:          0       0       0       0       0       0       0       0       0       0       0       0       
      +0       0
   897 ;;      Totals:         0       0       0       0       0       0       0       0       0       0       0       0       
      +0       0
   898 ;;Total ram usage:        0 bytes
   899 ;; Hardware stack levels used:    1
   900 ;; This function calls:
   901 ;;		Nothing
   902 ;; This function is called by:
   903 ;;		_initMain
   904 ;; This function uses a non-reentrant model
   905 ;;
   906                           
   907                           
   908                           ;psect for function _internal_16
   909  0777                     _internal_16:	
   910                           
   911                           ;16F1717_Internal.c: 58: SCS0 = 0;
   912                           
   913                           ;incstack = 0
   914                           ; Regs used in _internal_16: []
   915  0777  0021               	movlb	1	; select bank1
   916  0778  1019               	bcf	25,0	;volatile
   917                           
   918                           ;16F1717_Internal.c: 59: SCS1 = 0;
   919  0779  1099               	bcf	25,1	;volatile
   920                           
   921                           ;16F1717_Internal.c: 62: IRCF0 = 1;
   922  077A  1599               	bsf	25,3	;volatile
   923                           
   924                           ;16F1717_Internal.c: 63: IRCF1 = 1;
   925  077B  1619               	bsf	25,4	;volatile
   926                           
   927                           ;16F1717_Internal.c: 64: IRCF2 = 1;
   928  077C  1699               	bsf	25,5	;volatile
   929                           
   930                           ;16F1717_Internal.c: 65: IRCF3 = 1;
   931  077D  1719               	bsf	25,6	;volatile
   932                           
   933                           ;16F1717_Internal.c: 68: SPLLEN = 0;
   934  077E  1399               	bcf	25,7	;volatile
   935  077F  0008               	return
   936  0780                     __end_of_internal_16:	
   937                           
   938                           	psect	text3
   939  07A7                     __ptext3:	
   940 ;; *************** function _bargraph_percent *****************
   941 ;; Defined at:
   942 ;;		line 84 in file "Main.c"
   943 ;; Parameters:    Size  Location     Type
   944 ;;  percent         2    0[COMMON] int 
   945 ;; Auto vars:     Size  Location     Type
   946 ;;		None
   947 ;; Return value:  Size  Location     Type
   948 ;;                  1    wreg      void 
   949 ;; Registers used:
   950 ;;		wreg, fsr0l, fsr0h, status,2, status,0
   951 ;; Tracked objects:
   952 ;;		On entry : 0/0
   953 ;;		On exit  : 0/0
   954 ;;		Unchanged: 0/0
   955 ;; Data sizes:     COMMON   BANK0   BANK1   BANK2   BANK3   BANK4   BANK5   BANK6   BANK7   BANK8   BANK9  BANK10  BANK1
      +1  BANK12
   956 ;;      Params:         2       0       0       0       0       0       0       0       0       0       0       0       
      +0       0
   957 ;;      Locals:         0       0       0       0       0       0       0       0       0       0       0       0       
      +0       0
   958 ;;      Temps:          0       0       0       0       0       0       0       0       0       0       0       0       
      +0       0
   959 ;;      Totals:         2       0       0       0       0       0       0       0       0       0       0       0       
      +0       0
   960 ;;Total ram usage:        2 bytes
   961 ;; Hardware stack levels used:    1
   962 ;; This function calls:
   963 ;;		Nothing
   964 ;; This function is called by:
   965 ;;		_main
   966 ;; This function uses a non-reentrant model
   967 ;;
   968                           
   969                           
   970                           ;psect for function _bargraph_percent
   971  07A7                     _bargraph_percent:	
   972                           
   973                           ;Main.c: 86: switch (percent){
   974                           
   975                           ;incstack = 0
   976                           ; Regs used in _bargraph_percent: [wreg-fsr0h+status,2+status,0]
   977  07A7  2FD7               	goto	l580
   978  07A8                     l550:	
   979                           ;Main.c: 87: case 10:
   980                           
   981                           
   982                           ;Main.c: 88: LATD = 0x01;
   983  07A8  3001               	movlw	1
   984  07A9  0022               	movlb	2	; select bank2
   985  07AA  008F               	movwf	15	;volatile
   986                           
   987                           ;Main.c: 89: break;
   988  07AB  0008               	return
   989  07AC                     l552:	
   990                           ;Main.c: 90: case 20:
   991                           
   992                           
   993                           ;Main.c: 91: LATD = 0x03;
   994  07AC  3003               	movlw	3
   995  07AD  0022               	movlb	2	; select bank2
   996  07AE  008F               	movwf	15	;volatile
   997                           
   998                           ;Main.c: 92: break;
   999  07AF  0008               	return
  1000  07B0                     l554:	
  1001                           ;Main.c: 93: case 30:
  1002                           
  1003                           
  1004                           ;Main.c: 94: LATD = 0x07;
  1005  07B0  3007               	movlw	7
  1006  07B1  0022               	movlb	2	; select bank2
  1007  07B2  008F               	movwf	15	;volatile
  1008                           
  1009                           ;Main.c: 95: break;
  1010  07B3  0008               	return
  1011  07B4                     l556:	
  1012                           ;Main.c: 96: case 40:
  1013                           
  1014                           
  1015                           ;Main.c: 97: LATD = 0x0F;
  1016  07B4  300F               	movlw	15
  1017  07B5  0022               	movlb	2	; select bank2
  1018  07B6  008F               	movwf	15	;volatile
  1019                           
  1020                           ;Main.c: 98: break;
  1021  07B7  0008               	return
  1022  07B8                     l558:	
  1023                           ;Main.c: 99: case 50:
  1024                           
  1025                           
  1026                           ;Main.c: 100: LATD = 0x1F;
  1027  07B8  301F               	movlw	31
  1028  07B9  0022               	movlb	2	; select bank2
  1029  07BA  008F               	movwf	15	;volatile
  1030                           
  1031                           ;Main.c: 101: break;
  1032  07BB  0008               	return
  1033  07BC                     l560:	
  1034                           ;Main.c: 102: case 60:
  1035                           
  1036                           
  1037                           ;Main.c: 103: LATD = 0x3F;
  1038  07BC  303F               	movlw	63
  1039  07BD  0022               	movlb	2	; select bank2
  1040  07BE  008F               	movwf	15	;volatile
  1041                           
  1042                           ;Main.c: 104: break;
  1043  07BF  0008               	return
  1044  07C0                     l562:	
  1045                           ;Main.c: 105: case 70:
  1046                           
  1047                           
  1048                           ;Main.c: 106: LATD = 0x7F;
  1049  07C0  307F               	movlw	127
  1050  07C1  0022               	movlb	2	; select bank2
  1051  07C2  008F               	movwf	15	;volatile
  1052                           
  1053                           ;Main.c: 107: break;
  1054  07C3  0008               	return
  1055  07C4                     l564:	
  1056                           ;Main.c: 108: case 80:
  1057                           
  1058                           
  1059                           ;Main.c: 109: LATD = 0xFF;
  1060  07C4  30FF               	movlw	255
  1061  07C5  0022               	movlb	2	; select bank2
  1062  07C6  008F               	movwf	15	;volatile
  1063                           
  1064                           ;Main.c: 110: break;
  1065  07C7  0008               	return
  1066  07C8                     l566:	
  1067                           ;Main.c: 111: case 90:
  1068                           
  1069                           
  1070                           ;Main.c: 112: LATD = 0xFF;
  1071  07C8  30FF               	movlw	255
  1072  07C9  0022               	movlb	2	; select bank2
  1073  07CA  008F               	movwf	15	;volatile
  1074                           
  1075                           ;Main.c: 113: LATCbits.LATC2 = 1;
  1076  07CB  150E               	bsf	14,2	;volatile
  1077                           
  1078                           ;Main.c: 114: break;
  1079  07CC  0008               	return
  1080  07CD                     l570:	
  1081                           ;Main.c: 115: case 100:
  1082                           
  1083                           
  1084                           ;Main.c: 116: LATD = 0xFF;
  1085  07CD  30FF               	movlw	255
  1086  07CE  0022               	movlb	2	; select bank2
  1087  07CF  008F               	movwf	15	;volatile
  1088                           
  1089                           ;Main.c: 117: LATCbits.LATC3 = 1;
  1090  07D0  158E               	bsf	14,3	;volatile
  1091                           
  1092                           ;Main.c: 118: break;
  1093  07D1  0008               	return
  1094  07D2                     l574:	
  1095                           ;Main.c: 119: default:
  1096                           
  1097                           
  1098                           ;Main.c: 120: LATD = 0x00;
  1099  07D2  0022               	movlb	2	; select bank2
  1100  07D3  018F               	clrf	15	;volatile
  1101                           
  1102                           ;Main.c: 121: LATCbits.LATC2 = 0;
  1103  07D4  110E               	bcf	14,2	;volatile
  1104                           
  1105                           ;Main.c: 122: LATCbits.LATC3 = 0;
  1106  07D5  118E               	bcf	14,3	;volatile
  1107                           
  1108                           ;Main.c: 123: }
  1109  07D6  0008               	return
  1110  07D7                     l580:	
  1111                           
  1112                           ; Switch on 2 bytes has been partitioned into a top level switch of size 1, and 1 sub-sw
      +                          itches
  1113                           ; Switch size 1, requested type "space"
  1114                           ; Number of cases is 1, Range of values is 0 to 0
  1115                           ; switch strategies available:
  1116                           ; Name         Instructions Cycles
  1117                           ; simple_byte            4     3 (average)
  1118                           ; direct_byte            8     6 (fixed)
  1119                           ; jumptable            260     6 (fixed)
  1120                           ;	Chosen strategy is simple_byte
  1121  07D7  0871               	movf	bargraph_percent@percent+1,w
  1122  07D8  3A00               	xorlw	0	; case 0
  1123  07D9  1903               	skipnz
  1124  07DA  2FDC               	goto	l622
  1125  07DB  2FD2               	goto	l574
  1126  07DC                     l622:	
  1127                           
  1128                           ; Switch size 1, requested type "space"
  1129                           ; Number of cases is 10, Range of values is 10 to 100
  1130                           ; switch strategies available:
  1131                           ; Name         Instructions Cycles
  1132                           ; simple_byte           31    16 (average)
  1133                           ; direct_byte          191     9 (fixed)
  1134                           ; jumptable            263     9 (fixed)
  1135                           ;	Chosen strategy is simple_byte
  1136  07DC  0870               	movf	bargraph_percent@percent,w
  1137  07DD  3A0A               	xorlw	10	; case 10
  1138  07DE  1903               	skipnz
  1139  07DF  2FA8               	goto	l550
  1140  07E0  3A1E               	xorlw	30	; case 20
  1141  07E1  1903               	skipnz
  1142  07E2  2FAC               	goto	l552
  1143  07E3  3A0A               	xorlw	10	; case 30
  1144  07E4  1903               	skipnz
  1145  07E5  2FB0               	goto	l554
  1146  07E6  3A36               	xorlw	54	; case 40
  1147  07E7  1903               	skipnz
  1148  07E8  2FB4               	goto	l556
  1149  07E9  3A1A               	xorlw	26	; case 50
  1150  07EA  1903               	skipnz
  1151  07EB  2FB8               	goto	l558
  1152  07EC  3A0E               	xorlw	14	; case 60
  1153  07ED  1903               	skipnz
  1154  07EE  2FBC               	goto	l560
  1155  07EF  3A7A               	xorlw	122	; case 70
  1156  07F0  1903               	skipnz
  1157  07F1  2FC0               	goto	l562
  1158  07F2  3A16               	xorlw	22	; case 80
  1159  07F3  1903               	skipnz
  1160  07F4  2FC4               	goto	l564
  1161  07F5  3A0A               	xorlw	10	; case 90
  1162  07F6  1903               	skipnz
  1163  07F7  2FC8               	goto	l566
  1164  07F8  3A3E               	xorlw	62	; case 100
  1165  07F9  1903               	skipnz
  1166  07FA  2FCD               	goto	l570
  1167  07FB  2FD2               	goto	l574
  1168  07FC  0008               	return
  1169  07FD                     __end_of_bargraph_percent:	
  1170  007E                     btemp	set	126	;btemp
  1171  007E                     wtemp0	set	126


Data Sizes:
    Strings     0
    Constant    0
    Data        0
    BSS         0
    Persistent  0
    Stack       0

Auto Spaces:
    Space          Size  Autos    Used
    COMMON           14      6       6
    BANK0            80      0       0
    BANK1            80      0       0
    BANK2            80      0       0
    BANK3            80      0       0
    BANK4            80      0       0
    BANK5            80      0       0
    BANK6            80      0       0
    BANK7            80      0       0
    BANK8            80      0       0
    BANK9            80      0       0
    BANK10           80      0       0
    BANK11           80      0       0
    BANK12           48      0       0

Pointer List with Targets:

    None.

Critical Paths under _main in COMMON

    _main->_bargraph_percent

Critical Paths under _main in BANK0

    None.

Critical Paths under _main in BANK1

    None.

Critical Paths under _main in BANK2

    None.

Critical Paths under _main in BANK3

    None.

Critical Paths under _main in BANK4

    None.

Critical Paths under _main in BANK5

    None.

Critical Paths under _main in BANK6

    None.

Critical Paths under _main in BANK7

    None.

Critical Paths under _main in BANK8

    None.

Critical Paths under _main in BANK9

    None.

Critical Paths under _main in BANK10

    None.

Critical Paths under _main in BANK11

    None.

Critical Paths under _main in BANK12

    None.

Call Graph Tables:

 ---------------------------------------------------------------------------------
 (Depth) Function   	        Calls       Base Space   Used Autos Params    Refs
 ---------------------------------------------------------------------------------
 (0) _main                                                 4     4      0     133
                                              2 COMMON     4     4      0
                   _bargraph_percent
                           _initMain
 ---------------------------------------------------------------------------------
 (1) _initMain                                             0     0      0       0
                        _internal_16
 ---------------------------------------------------------------------------------
 (2) _internal_16                                          0     0      0       0
 ---------------------------------------------------------------------------------
 (1) _bargraph_percent                                     2     0      2      65
                                              0 COMMON     2     0      2
 ---------------------------------------------------------------------------------
 Estimated maximum stack depth 2
 ---------------------------------------------------------------------------------

 Call Graph Graphs:

 _main (ROOT)
   _bargraph_percent
   _initMain
     _internal_16

 Address spaces:
Name               Size   Autos  Total    Cost      Usage
BIGRAM             3F0      0       0       0        0.0%
NULL                 0      0       0       0        0.0%
CODE                 0      0       0       0        0.0%
BITCOMMON            E      0       0       1        0.0%
BITSFR0              0      0       0       1        0.0%
SFR0                 0      0       0       1        0.0%
COMMON               E      6       6       2       42.9%
BITSFR1              0      0       0       2        0.0%
SFR1                 0      0       0       2        0.0%
BITSFR2              0      0       0       3        0.0%
SFR2                 0      0       0       3        0.0%
STACK                0      0       0       3        0.0%
BITBANK0            50      0       0       4        0.0%
BITSFR3              0      0       0       4        0.0%
SFR3                 0      0       0       4        0.0%
BANK0               50      0       0       5        0.0%
BITSFR4              0      0       0       5        0.0%
SFR4                 0      0       0       5        0.0%
BITBANK1            50      0       0       6        0.0%
BITSFR5              0      0       0       6        0.0%
SFR5                 0      0       0       6        0.0%
BANK1               50      0       0       7        0.0%
BITSFR6              0      0       0       7        0.0%
SFR6                 0      0       0       7        0.0%
BITBANK2            50      0       0       8        0.0%
BITSFR7              0      0       0       8        0.0%
SFR7                 0      0       0       8        0.0%
BANK2               50      0       0       9        0.0%
BITSFR8              0      0       0       9        0.0%
SFR8                 0      0       0       9        0.0%
BITBANK3            50      0       0      10        0.0%
BITSFR9              0      0       0      10        0.0%
SFR9                 0      0       0      10        0.0%
BANK3               50      0       0      11        0.0%
BITSFR10             0      0       0      11        0.0%
SFR10                0      0       0      11        0.0%
BITBANK4            50      0       0      12        0.0%
BITSFR11             0      0       0      12        0.0%
SFR11                0      0       0      12        0.0%
BANK4               50      0       0      13        0.0%
BITSFR12             0      0       0      13        0.0%
SFR12                0      0       0      13        0.0%
BITBANK5            50      0       0      14        0.0%
BITSFR13             0      0       0      14        0.0%
SFR13                0      0       0      14        0.0%
BANK5               50      0       0      15        0.0%
BITSFR14             0      0       0      15        0.0%
SFR14                0      0       0      15        0.0%
BITBANK6            50      0       0      16        0.0%
BITSFR15             0      0       0      16        0.0%
SFR15                0      0       0      16        0.0%
BANK6               50      0       0      17        0.0%
BITSFR16             0      0       0      17        0.0%
SFR16                0      0       0      17        0.0%
BITBANK7            50      0       0      18        0.0%
BITSFR17             0      0       0      18        0.0%
SFR17                0      0       0      18        0.0%
BANK7               50      0       0      19        0.0%
BITSFR18             0      0       0      19        0.0%
SFR18                0      0       0      19        0.0%
BITSFR19             0      0       0      20        0.0%
SFR19                0      0       0      20        0.0%
ABS                  0      0       0      20        0.0%
BITBANK8            50      0       0      21        0.0%
BITSFR20             0      0       0      21        0.0%
SFR20                0      0       0      21        0.0%
BANK8               50      0       0      22        0.0%
BITSFR21             0      0       0      22        0.0%
SFR21                0      0       0      22        0.0%
BITBANK9            50      0       0      23        0.0%
BITSFR22             0      0       0      23        0.0%
SFR22                0      0       0      23        0.0%
BANK9               50      0       0      24        0.0%
BITSFR23             0      0       0      24        0.0%
SFR23                0      0       0      24        0.0%
BITBANK10           50      0       0      25        0.0%
BITSFR24             0      0       0      25        0.0%
SFR24                0      0       0      25        0.0%
BANK10              50      0       0      26        0.0%
BITSFR25             0      0       0      26        0.0%
SFR25                0      0       0      26        0.0%
BITBANK11           50      0       0      27        0.0%
BITSFR26             0      0       0      27        0.0%
SFR26                0      0       0      27        0.0%
BANK11              50      0       0      28        0.0%
BITSFR27             0      0       0      28        0.0%
SFR27                0      0       0      28        0.0%
BITBANK12           30      0       0      29        0.0%
BITSFR28             0      0       0      29        0.0%
SFR28                0      0       0      29        0.0%
BANK12              30      0       0      30        0.0%
BITSFR29             0      0       0      30        0.0%
SFR29                0      0       0      30        0.0%
BITSFR30             0      0       0      31        0.0%
SFR30                0      0       0      31        0.0%
DATA                 0      0       0      31        0.0%
BITSFR31             0      0       0      32        0.0%
SFR31                0      0       0      32        0.0%


Microchip Technology PIC Macro Assembler V1.41 build -162212810 
Symbol Table                                                                                   Tue Apr 18 13:16:45 2017

         _bargraph_percent 07A7                __CFG_CP$OFF 0000                         u35 078E  
                       u57 079C                        l622 07DC                        l550 07A8  
                      l560 07BC                        l552 07AC                        l570 07CD  
                      l562 07C0                        l554 07B0                        l564 07C4  
                      l556 07B4                        l580 07D7                        l574 07D2  
                      l566 07C8                        l558 07B8                        l588 0783  
             __CFG_BORV$LO 0000                        wreg 0009               __CFG_IESO$ON 0000  
             __CFG_LVP$OFF 0000                       _LATD 010F                       _SCS0 04C8  
                     _SCS1 04C9               __CFG_WRT$OFF 0000                       _main 0780  
                     btemp 007E                       start 0002                      ?_main 0070  
            __CFG_WDTE$OFF 0000                      _IRCF0 04CB                      _IRCF1 04CC  
                    _IRCF2 04CD                      _IRCF3 04CE                      _TRISD 008F  
           __CFG_FCMEN$OFF 0000                      main@x 0074             __CFG_BOREN$OFF 0000  
                    wtemp0 007E               ?_internal_16 0070             __CFG_MCLRE$OFF 0000  
          __initialization 07FD               __end_of_main 07A7             __CFG_LPBOR$OFF 0000  
                   ??_main 0072             __CFG_PLLEN$OFF 0000             __CFG_ZCDDIS$ON 0000  
                   _SPLLEN 04CF             __CFG_PWRTE$OFF 0000             __CFG_STVREN$ON 0000  
         __end_of_initMain 0777   __end_of_bargraph_percent 07FD    __end_of__initialization 07FD  
           __pcstackCOMMON 0070                 __pmaintext 0780       __size_of_internal_16 0009  
          __CFG_PPS1WAY$ON 0000                  ?_initMain 0070                    __ptext1 0770  
                  __ptext2 0777                    __ptext3 07A7       end_of_initialization 07FD  
               ??_initMain 0070           __CFG_FOSC$INTOSC 0000                  _TRISCbits 008E  
        ?_bargraph_percent 0070    bargraph_percent@percent 0070         ??_bargraph_percent 0072  
      start_initialization 07FD                  ___latbits 0002              ??_internal_16 0070  
        __size_of_initMain 0007                   _LATCbits 010E        __end_of_internal_16 0780  
__size_of_bargraph_percent 0056                   _initMain 0770              __size_of_main 0027  
              _internal_16 0777          __CFG_CLKOUTEN$OFF 0000  
