

Microchip MPLAB XC8 Assembler V2.46 build 20240104201356 
                                                                                               Thu Dec 25 21:50:55 2025

Microchip MPLAB XC8 C Compiler v2.46 (Free license) build 20240104201356 Og1 
     1                           	processor	16F1718
     2                           	pagewidth 120
     3                           	opt	flic
     4                           	psect	idataCOMMON,global,class=CODE,delta=2,noexec
     5                           	psect	cinit,global,class=CODE,merge=1,delta=2
     6                           	psect	dataCOMMON,global,class=COMMON,space=1,delta=1,noexec
     7                           	psect	cstackCOMMON,global,class=COMMON,space=1,delta=1,noexec
     8                           	psect	maintext,global,class=CODE,merge=1,split=1,delta=2
     9                           	psect	text1,local,class=CODE,merge=1,delta=2
    10                           	psect	text2,local,class=CODE,merge=1,delta=2
    11                           	psect	config,global,abs,ovrld,class=CONFIG,space=4,delta=2,noexec
    12                           	dabs	1,0x7E,2
    13     0000                     
    14                           ; Generated 07/09/2023 GMT
    15                           ; 
    16                           ; Copyright © 2023, Microchip Technology Inc. and its subsidiaries ("Microchip")
    17                           ; All rights reserved.
    18                           ; 
    19                           ; This software is developed by Microchip Technology Inc. and its subsidiaries ("Microch
      +                          ip").
    20                           ; 
    21                           ; Redistribution and use in source and binary forms, with or without modification, are
    22                           ; permitted provided that the following conditions are met:
    23                           ; 
    24                           ;     1. Redistributions of source code must retain the above copyright notice, this lis
      +                          t of
    25                           ;        conditions and the following disclaimer.
    26                           ; 
    27                           ;     2. Redistributions in binary form must reproduce the above copyright notice, this 
      +                          list
    28                           ;        of conditions and the following disclaimer in the documentation and/or other
    29                           ;        materials provided with the distribution. Publication is not required when
    30                           ;        this file is used in an embedded application.
    31                           ; 
    32                           ;     3. Microchip's name may not be used to endorse or promote products derived from th
      +                          is
    33                           ;        software without specific prior written permission.
    34                           ; 
    35                           ; THIS SOFTWARE IS PROVIDED BY MICROCHIP "AS IS" AND ANY EXPRESS OR IMPLIED WARRANTIES,
    36                           ; INCLUDING, BUT NOT LIMITED TO, THE IMPLIED WARRANTIES OF MERCHANTABILITY AND FITNESS F
      +                          OR
    37                           ; PURPOSE ARE DISCLAIMED.  IN NO EVENT SHALL MICROCHIP BE LIABLE FOR ANY DIRECT, INDIREC
      +                          T,
    38                           ; INCIDENTAL, SPECIAL, EXEMPLARY, OR CONSEQUENTIAL DAMAGES (INCLUDING BUT NOT LIMITED TO
    39                           ; PROCUREMENT OF SUBSTITUTE GOODS OR SERVICES; LOSS OF USE, DATA OR PROFITS; OR BUSINESS
    40                           ; INTERRUPTION) HOWSOEVER CAUSED AND ON ANY THEORY OF LIABILITY, WHETHER IN CONTRACT, ST
      +                          RICT
    41                           ; LIABILITY, OR TORT (INCLUDING NEGLIGENCE OR OTHERWISE) ARISING IN ANY WAY OUT OF THE U
      +                          SE OF
    42                           ; THIS SOFTWARE, EVEN IF ADVISED OF THE POSSIBILITY OF SUCH DAMAGE.
    43                           ; 
    44                           ; 
    45                           ; Code-generator required, PIC16F1718 Definitions
    46                           ; 
    47                           ; SFR Addresses
    48     0000                     	;# 
    49     0001                     	;# 
    50     0002                     	;# 
    51     0003                     	;# 
    52     0004                     	;# 
    53     0005                     	;# 
    54     0006                     	;# 
    55     0007                     	;# 
    56     0008                     	;# 
    57     0009                     	;# 
    58     000A                     	;# 
    59     000B                     	;# 
    60     000C                     	;# 
    61     000D                     	;# 
    62     000E                     	;# 
    63     0010                     	;# 
    64     0011                     	;# 
    65     0012                     	;# 
    66     0013                     	;# 
    67     0015                     	;# 
    68     0016                     	;# 
    69     0016                     	;# 
    70     0017                     	;# 
    71     0018                     	;# 
    72     0019                     	;# 
    73     001A                     	;# 
    74     001B                     	;# 
    75     001C                     	;# 
    76     008C                     	;# 
    77     008D                     	;# 
    78     008E                     	;# 
    79     0090                     	;# 
    80     0091                     	;# 
    81     0092                     	;# 
    82     0093                     	;# 
    83     0095                     	;# 
    84     0096                     	;# 
    85     0097                     	;# 
    86     0098                     	;# 
    87     0099                     	;# 
    88     009A                     	;# 
    89     009B                     	;# 
    90     009B                     	;# 
    91     009C                     	;# 
    92     009D                     	;# 
    93     009E                     	;# 
    94     009F                     	;# 
    95     010C                     	;# 
    96     010D                     	;# 
    97     010E                     	;# 
    98     0111                     	;# 
    99     0112                     	;# 
   100     0113                     	;# 
   101     0114                     	;# 
   102     0115                     	;# 
   103     0116                     	;# 
   104     0117                     	;# 
   105     0118                     	;# 
   106     0119                     	;# 
   107     011A                     	;# 
   108     011B                     	;# 
   109     011B                     	;# 
   110     011C                     	;# 
   111     018C                     	;# 
   112     018D                     	;# 
   113     018E                     	;# 
   114     0191                     	;# 
   115     0191                     	;# 
   116     0192                     	;# 
   117     0193                     	;# 
   118     0193                     	;# 
   119     0194                     	;# 
   120     0195                     	;# 
   121     0196                     	;# 
   122     0197                     	;# 
   123     0199                     	;# 
   124     0199                     	;# 
   125     0199                     	;# 
   126     019A                     	;# 
   127     019A                     	;# 
   128     019A                     	;# 
   129     019B                     	;# 
   130     019B                     	;# 
   131     019B                     	;# 
   132     019B                     	;# 
   133     019B                     	;# 
   134     019C                     	;# 
   135     019C                     	;# 
   136     019C                     	;# 
   137     019D                     	;# 
   138     019D                     	;# 
   139     019D                     	;# 
   140     019E                     	;# 
   141     019E                     	;# 
   142     019E                     	;# 
   143     019F                     	;# 
   144     019F                     	;# 
   145     019F                     	;# 
   146     019F                     	;# 
   147     019F                     	;# 
   148     020C                     	;# 
   149     020D                     	;# 
   150     020E                     	;# 
   151     0210                     	;# 
   152     0211                     	;# 
   153     0211                     	;# 
   154     0212                     	;# 
   155     0212                     	;# 
   156     0213                     	;# 
   157     0213                     	;# 
   158     0214                     	;# 
   159     0214                     	;# 
   160     0215                     	;# 
   161     0215                     	;# 
   162     0215                     	;# 
   163     0215                     	;# 
   164     0216                     	;# 
   165     0216                     	;# 
   166     0217                     	;# 
   167     0217                     	;# 
   168     028C                     	;# 
   169     028D                     	;# 
   170     028E                     	;# 
   171     0291                     	;# 
   172     0291                     	;# 
   173     0292                     	;# 
   174     0293                     	;# 
   175     0293                     	;# 
   176     0298                     	;# 
   177     0298                     	;# 
   178     0299                     	;# 
   179     029A                     	;# 
   180     029A                     	;# 
   181     029E                     	;# 
   182     030C                     	;# 
   183     030D                     	;# 
   184     030E                     	;# 
   185     038C                     	;# 
   186     038D                     	;# 
   187     038E                     	;# 
   188     0390                     	;# 
   189     0391                     	;# 
   190     0392                     	;# 
   191     0393                     	;# 
   192     0394                     	;# 
   193     0395                     	;# 
   194     0396                     	;# 
   195     0397                     	;# 
   196     0398                     	;# 
   197     0399                     	;# 
   198     039D                     	;# 
   199     039E                     	;# 
   200     039F                     	;# 
   201     0415                     	;# 
   202     0416                     	;# 
   203     0417                     	;# 
   204     041C                     	;# 
   205     041D                     	;# 
   206     041E                     	;# 
   207     0498                     	;# 
   208     0498                     	;# 
   209     0499                     	;# 
   210     049A                     	;# 
   211     049B                     	;# 
   212     049B                     	;# 
   213     049C                     	;# 
   214     049D                     	;# 
   215     049E                     	;# 
   216     049F                     	;# 
   217     0511                     	;# 
   218     0515                     	;# 
   219     0617                     	;# 
   220     0618                     	;# 
   221     0619                     	;# 
   222     0619                     	;# 
   223     061A                     	;# 
   224     061B                     	;# 
   225     061C                     	;# 
   226     061C                     	;# 
   227     0691                     	;# 
   228     0692                     	;# 
   229     0693                     	;# 
   230     0694                     	;# 
   231     0695                     	;# 
   232     0696                     	;# 
   233     0697                     	;# 
   234     0698                     	;# 
   235     0699                     	;# 
   236     069A                     	;# 
   237     069B                     	;# 
   238     069C                     	;# 
   239     069D                     	;# 
   240     069E                     	;# 
   241     069F                     	;# 
   242     0E0F                     	;# 
   243     0E10                     	;# 
   244     0E11                     	;# 
   245     0E12                     	;# 
   246     0E13                     	;# 
   247     0E14                     	;# 
   248     0E15                     	;# 
   249     0E17                     	;# 
   250     0E20                     	;# 
   251     0E21                     	;# 
   252     0E22                     	;# 
   253     0E24                     	;# 
   254     0E25                     	;# 
   255     0E28                     	;# 
   256     0E29                     	;# 
   257     0E2A                     	;# 
   258     0E2B                     	;# 
   259     0E90                     	;# 
   260     0E91                     	;# 
   261     0E92                     	;# 
   262     0E93                     	;# 
   263     0E94                     	;# 
   264     0E95                     	;# 
   265     0E96                     	;# 
   266     0E97                     	;# 
   267     0E98                     	;# 
   268     0E99                     	;# 
   269     0E9A                     	;# 
   270     0E9B                     	;# 
   271     0E9C                     	;# 
   272     0E9D                     	;# 
   273     0E9E                     	;# 
   274     0E9F                     	;# 
   275     0EA0                     	;# 
   276     0EA1                     	;# 
   277     0EA2                     	;# 
   278     0EA3                     	;# 
   279     0EA4                     	;# 
   280     0EA5                     	;# 
   281     0EA6                     	;# 
   282     0EA7                     	;# 
   283     0F0F                     	;# 
   284     0F10                     	;# 
   285     0F11                     	;# 
   286     0F12                     	;# 
   287     0F13                     	;# 
   288     0F14                     	;# 
   289     0F15                     	;# 
   290     0F16                     	;# 
   291     0F17                     	;# 
   292     0F18                     	;# 
   293     0F19                     	;# 
   294     0F1A                     	;# 
   295     0F1B                     	;# 
   296     0F1C                     	;# 
   297     0F1D                     	;# 
   298     0F1E                     	;# 
   299     0F1F                     	;# 
   300     0F20                     	;# 
   301     0F21                     	;# 
   302     0F22                     	;# 
   303     0F23                     	;# 
   304     0F24                     	;# 
   305     0F25                     	;# 
   306     0F26                     	;# 
   307     0F27                     	;# 
   308     0F28                     	;# 
   309     0F29                     	;# 
   310     0F2A                     	;# 
   311     0F2B                     	;# 
   312     0F2C                     	;# 
   313     0F2D                     	;# 
   314     0F2E                     	;# 
   315     0F2F                     	;# 
   316     0F30                     	;# 
   317     0F31                     	;# 
   318     0F32                     	;# 
   319     0F33                     	;# 
   320     0F34                     	;# 
   321     0F35                     	;# 
   322     0F36                     	;# 
   323     0F37                     	;# 
   324     0FE4                     	;# 
   325     0FE5                     	;# 
   326     0FE6                     	;# 
   327     0FE7                     	;# 
   328     0FE8                     	;# 
   329     0FE9                     	;# 
   330     0FEA                     	;# 
   331     0FEB                     	;# 
   332     0FED                     	;# 
   333     0FEE                     	;# 
   334     0FEF                     	;# 
   335     0000                     	;# 
   336     0001                     	;# 
   337     0002                     	;# 
   338     0003                     	;# 
   339     0004                     	;# 
   340     0005                     	;# 
   341     0006                     	;# 
   342     0007                     	;# 
   343     0008                     	;# 
   344     0009                     	;# 
   345     000A                     	;# 
   346     000B                     	;# 
   347     000C                     	;# 
   348     000D                     	;# 
   349     000E                     	;# 
   350     0010                     	;# 
   351     0011                     	;# 
   352     0012                     	;# 
   353     0013                     	;# 
   354     0015                     	;# 
   355     0016                     	;# 
   356     0016                     	;# 
   357     0017                     	;# 
   358     0018                     	;# 
   359     0019                     	;# 
   360     001A                     	;# 
   361     001B                     	;# 
   362     001C                     	;# 
   363     008C                     	;# 
   364     008D                     	;# 
   365     008E                     	;# 
   366     0090                     	;# 
   367     0091                     	;# 
   368     0092                     	;# 
   369     0093                     	;# 
   370     0095                     	;# 
   371     0096                     	;# 
   372     0097                     	;# 
   373     0098                     	;# 
   374     0099                     	;# 
   375     009A                     	;# 
   376     009B                     	;# 
   377     009B                     	;# 
   378     009C                     	;# 
   379     009D                     	;# 
   380     009E                     	;# 
   381     009F                     	;# 
   382     010C                     	;# 
   383     010D                     	;# 
   384     010E                     	;# 
   385     0111                     	;# 
   386     0112                     	;# 
   387     0113                     	;# 
   388     0114                     	;# 
   389     0115                     	;# 
   390     0116                     	;# 
   391     0117                     	;# 
   392     0118                     	;# 
   393     0119                     	;# 
   394     011A                     	;# 
   395     011B                     	;# 
   396     011B                     	;# 
   397     011C                     	;# 
   398     018C                     	;# 
   399     018D                     	;# 
   400     018E                     	;# 
   401     0191                     	;# 
   402     0191                     	;# 
   403     0192                     	;# 
   404     0193                     	;# 
   405     0193                     	;# 
   406     0194                     	;# 
   407     0195                     	;# 
   408     0196                     	;# 
   409     0197                     	;# 
   410     0199                     	;# 
   411     0199                     	;# 
   412     0199                     	;# 
   413     019A                     	;# 
   414     019A                     	;# 
   415     019A                     	;# 
   416     019B                     	;# 
   417     019B                     	;# 
   418     019B                     	;# 
   419     019B                     	;# 
   420     019B                     	;# 
   421     019C                     	;# 
   422     019C                     	;# 
   423     019C                     	;# 
   424     019D                     	;# 
   425     019D                     	;# 
   426     019D                     	;# 
   427     019E                     	;# 
   428     019E                     	;# 
   429     019E                     	;# 
   430     019F                     	;# 
   431     019F                     	;# 
   432     019F                     	;# 
   433     019F                     	;# 
   434     019F                     	;# 
   435     020C                     	;# 
   436     020D                     	;# 
   437     020E                     	;# 
   438     0210                     	;# 
   439     0211                     	;# 
   440     0211                     	;# 
   441     0212                     	;# 
   442     0212                     	;# 
   443     0213                     	;# 
   444     0213                     	;# 
   445     0214                     	;# 
   446     0214                     	;# 
   447     0215                     	;# 
   448     0215                     	;# 
   449     0215                     	;# 
   450     0215                     	;# 
   451     0216                     	;# 
   452     0216                     	;# 
   453     0217                     	;# 
   454     0217                     	;# 
   455     028C                     	;# 
   456     028D                     	;# 
   457     028E                     	;# 
   458     0291                     	;# 
   459     0291                     	;# 
   460     0292                     	;# 
   461     0293                     	;# 
   462     0293                     	;# 
   463     0298                     	;# 
   464     0298                     	;# 
   465     0299                     	;# 
   466     029A                     	;# 
   467     029A                     	;# 
   468     029E                     	;# 
   469     030C                     	;# 
   470     030D                     	;# 
   471     030E                     	;# 
   472     038C                     	;# 
   473     038D                     	;# 
   474     038E                     	;# 
   475     0390                     	;# 
   476     0391                     	;# 
   477     0392                     	;# 
   478     0393                     	;# 
   479     0394                     	;# 
   480     0395                     	;# 
   481     0396                     	;# 
   482     0397                     	;# 
   483     0398                     	;# 
   484     0399                     	;# 
   485     039D                     	;# 
   486     039E                     	;# 
   487     039F                     	;# 
   488     0415                     	;# 
   489     0416                     	;# 
   490     0417                     	;# 
   491     041C                     	;# 
   492     041D                     	;# 
   493     041E                     	;# 
   494     0498                     	;# 
   495     0498                     	;# 
   496     0499                     	;# 
   497     049A                     	;# 
   498     049B                     	;# 
   499     049B                     	;# 
   500     049C                     	;# 
   501     049D                     	;# 
   502     049E                     	;# 
   503     049F                     	;# 
   504     0511                     	;# 
   505     0515                     	;# 
   506     0617                     	;# 
   507     0618                     	;# 
   508     0619                     	;# 
   509     0619                     	;# 
   510     061A                     	;# 
   511     061B                     	;# 
   512     061C                     	;# 
   513     061C                     	;# 
   514     0691                     	;# 
   515     0692                     	;# 
   516     0693                     	;# 
   517     0694                     	;# 
   518     0695                     	;# 
   519     0696                     	;# 
   520     0697                     	;# 
   521     0698                     	;# 
   522     0699                     	;# 
   523     069A                     	;# 
   524     069B                     	;# 
   525     069C                     	;# 
   526     069D                     	;# 
   527     069E                     	;# 
   528     069F                     	;# 
   529     0E0F                     	;# 
   530     0E10                     	;# 
   531     0E11                     	;# 
   532     0E12                     	;# 
   533     0E13                     	;# 
   534     0E14                     	;# 
   535     0E15                     	;# 
   536     0E17                     	;# 
   537     0E20                     	;# 
   538     0E21                     	;# 
   539     0E22                     	;# 
   540     0E24                     	;# 
   541     0E25                     	;# 
   542     0E28                     	;# 
   543     0E29                     	;# 
   544     0E2A                     	;# 
   545     0E2B                     	;# 
   546     0E90                     	;# 
   547     0E91                     	;# 
   548     0E92                     	;# 
   549     0E93                     	;# 
   550     0E94                     	;# 
   551     0E95                     	;# 
   552     0E96                     	;# 
   553     0E97                     	;# 
   554     0E98                     	;# 
   555     0E99                     	;# 
   556     0E9A                     	;# 
   557     0E9B                     	;# 
   558     0E9C                     	;# 
   559     0E9D                     	;# 
   560     0E9E                     	;# 
   561     0E9F                     	;# 
   562     0EA0                     	;# 
   563     0EA1                     	;# 
   564     0EA2                     	;# 
   565     0EA3                     	;# 
   566     0EA4                     	;# 
   567     0EA5                     	;# 
   568     0EA6                     	;# 
   569     0EA7                     	;# 
   570     0F0F                     	;# 
   571     0F10                     	;# 
   572     0F11                     	;# 
   573     0F12                     	;# 
   574     0F13                     	;# 
   575     0F14                     	;# 
   576     0F15                     	;# 
   577     0F16                     	;# 
   578     0F17                     	;# 
   579     0F18                     	;# 
   580     0F19                     	;# 
   581     0F1A                     	;# 
   582     0F1B                     	;# 
   583     0F1C                     	;# 
   584     0F1D                     	;# 
   585     0F1E                     	;# 
   586     0F1F                     	;# 
   587     0F20                     	;# 
   588     0F21                     	;# 
   589     0F22                     	;# 
   590     0F23                     	;# 
   591     0F24                     	;# 
   592     0F25                     	;# 
   593     0F26                     	;# 
   594     0F27                     	;# 
   595     0F28                     	;# 
   596     0F29                     	;# 
   597     0F2A                     	;# 
   598     0F2B                     	;# 
   599     0F2C                     	;# 
   600     0F2D                     	;# 
   601     0F2E                     	;# 
   602     0F2F                     	;# 
   603     0F30                     	;# 
   604     0F31                     	;# 
   605     0F32                     	;# 
   606     0F33                     	;# 
   607     0F34                     	;# 
   608     0F35                     	;# 
   609     0F36                     	;# 
   610     0F37                     	;# 
   611     0FE4                     	;# 
   612     0FE5                     	;# 
   613     0FE6                     	;# 
   614     0FE7                     	;# 
   615     0FE8                     	;# 
   616     0FE9                     	;# 
   617     0FEA                     	;# 
   618     0FEB                     	;# 
   619     0FED                     	;# 
   620     0FEE                     	;# 
   621     0FEF                     	;# 
   622     0000                     	;# 
   623     0001                     	;# 
   624     0002                     	;# 
   625     0003                     	;# 
   626     0004                     	;# 
   627     0005                     	;# 
   628     0006                     	;# 
   629     0007                     	;# 
   630     0008                     	;# 
   631     0009                     	;# 
   632     000A                     	;# 
   633     000B                     	;# 
   634     000C                     	;# 
   635     000D                     	;# 
   636     000E                     	;# 
   637     0010                     	;# 
   638     0011                     	;# 
   639     0012                     	;# 
   640     0013                     	;# 
   641     0015                     	;# 
   642     0016                     	;# 
   643     0016                     	;# 
   644     0017                     	;# 
   645     0018                     	;# 
   646     0019                     	;# 
   647     001A                     	;# 
   648     001B                     	;# 
   649     001C                     	;# 
   650     008C                     	;# 
   651     008D                     	;# 
   652     008E                     	;# 
   653     0090                     	;# 
   654     0091                     	;# 
   655     0092                     	;# 
   656     0093                     	;# 
   657     0095                     	;# 
   658     0096                     	;# 
   659     0097                     	;# 
   660     0098                     	;# 
   661     0099                     	;# 
   662     009A                     	;# 
   663     009B                     	;# 
   664     009B                     	;# 
   665     009C                     	;# 
   666     009D                     	;# 
   667     009E                     	;# 
   668     009F                     	;# 
   669     010C                     	;# 
   670     010D                     	;# 
   671     010E                     	;# 
   672     0111                     	;# 
   673     0112                     	;# 
   674     0113                     	;# 
   675     0114                     	;# 
   676     0115                     	;# 
   677     0116                     	;# 
   678     0117                     	;# 
   679     0118                     	;# 
   680     0119                     	;# 
   681     011A                     	;# 
   682     011B                     	;# 
   683     011B                     	;# 
   684     011C                     	;# 
   685     018C                     	;# 
   686     018D                     	;# 
   687     018E                     	;# 
   688     0191                     	;# 
   689     0191                     	;# 
   690     0192                     	;# 
   691     0193                     	;# 
   692     0193                     	;# 
   693     0194                     	;# 
   694     0195                     	;# 
   695     0196                     	;# 
   696     0197                     	;# 
   697     0199                     	;# 
   698     0199                     	;# 
   699     0199                     	;# 
   700     019A                     	;# 
   701     019A                     	;# 
   702     019A                     	;# 
   703     019B                     	;# 
   704     019B                     	;# 
   705     019B                     	;# 
   706     019B                     	;# 
   707     019B                     	;# 
   708     019C                     	;# 
   709     019C                     	;# 
   710     019C                     	;# 
   711     019D                     	;# 
   712     019D                     	;# 
   713     019D                     	;# 
   714     019E                     	;# 
   715     019E                     	;# 
   716     019E                     	;# 
   717     019F                     	;# 
   718     019F                     	;# 
   719     019F                     	;# 
   720     019F                     	;# 
   721     019F                     	;# 
   722     020C                     	;# 
   723     020D                     	;# 
   724     020E                     	;# 
   725     0210                     	;# 
   726     0211                     	;# 
   727     0211                     	;# 
   728     0212                     	;# 
   729     0212                     	;# 
   730     0213                     	;# 
   731     0213                     	;# 
   732     0214                     	;# 
   733     0214                     	;# 
   734     0215                     	;# 
   735     0215                     	;# 
   736     0215                     	;# 
   737     0215                     	;# 
   738     0216                     	;# 
   739     0216                     	;# 
   740     0217                     	;# 
   741     0217                     	;# 
   742     028C                     	;# 
   743     028D                     	;# 
   744     028E                     	;# 
   745     0291                     	;# 
   746     0291                     	;# 
   747     0292                     	;# 
   748     0293                     	;# 
   749     0293                     	;# 
   750     0298                     	;# 
   751     0298                     	;# 
   752     0299                     	;# 
   753     029A                     	;# 
   754     029A                     	;# 
   755     029E                     	;# 
   756     030C                     	;# 
   757     030D                     	;# 
   758     030E                     	;# 
   759     038C                     	;# 
   760     038D                     	;# 
   761     038E                     	;# 
   762     0390                     	;# 
   763     0391                     	;# 
   764     0392                     	;# 
   765     0393                     	;# 
   766     0394                     	;# 
   767     0395                     	;# 
   768     0396                     	;# 
   769     0397                     	;# 
   770     0398                     	;# 
   771     0399                     	;# 
   772     039D                     	;# 
   773     039E                     	;# 
   774     039F                     	;# 
   775     0415                     	;# 
   776     0416                     	;# 
   777     0417                     	;# 
   778     041C                     	;# 
   779     041D                     	;# 
   780     041E                     	;# 
   781     0498                     	;# 
   782     0498                     	;# 
   783     0499                     	;# 
   784     049A                     	;# 
   785     049B                     	;# 
   786     049B                     	;# 
   787     049C                     	;# 
   788     049D                     	;# 
   789     049E                     	;# 
   790     049F                     	;# 
   791     0511                     	;# 
   792     0515                     	;# 
   793     0617                     	;# 
   794     0618                     	;# 
   795     0619                     	;# 
   796     0619                     	;# 
   797     061A                     	;# 
   798     061B                     	;# 
   799     061C                     	;# 
   800     061C                     	;# 
   801     0691                     	;# 
   802     0692                     	;# 
   803     0693                     	;# 
   804     0694                     	;# 
   805     0695                     	;# 
   806     0696                     	;# 
   807     0697                     	;# 
   808     0698                     	;# 
   809     0699                     	;# 
   810     069A                     	;# 
   811     069B                     	;# 
   812     069C                     	;# 
   813     069D                     	;# 
   814     069E                     	;# 
   815     069F                     	;# 
   816     0E0F                     	;# 
   817     0E10                     	;# 
   818     0E11                     	;# 
   819     0E12                     	;# 
   820     0E13                     	;# 
   821     0E14                     	;# 
   822     0E15                     	;# 
   823     0E17                     	;# 
   824     0E20                     	;# 
   825     0E21                     	;# 
   826     0E22                     	;# 
   827     0E24                     	;# 
   828     0E25                     	;# 
   829     0E28                     	;# 
   830     0E29                     	;# 
   831     0E2A                     	;# 
   832     0E2B                     	;# 
   833     0E90                     	;# 
   834     0E91                     	;# 
   835     0E92                     	;# 
   836     0E93                     	;# 
   837     0E94                     	;# 
   838     0E95                     	;# 
   839     0E96                     	;# 
   840     0E97                     	;# 
   841     0E98                     	;# 
   842     0E99                     	;# 
   843     0E9A                     	;# 
   844     0E9B                     	;# 
   845     0E9C                     	;# 
   846     0E9D                     	;# 
   847     0E9E                     	;# 
   848     0E9F                     	;# 
   849     0EA0                     	;# 
   850     0EA1                     	;# 
   851     0EA2                     	;# 
   852     0EA3                     	;# 
   853     0EA4                     	;# 
   854     0EA5                     	;# 
   855     0EA6                     	;# 
   856     0EA7                     	;# 
   857     0F0F                     	;# 
   858     0F10                     	;# 
   859     0F11                     	;# 
   860     0F12                     	;# 
   861     0F13                     	;# 
   862     0F14                     	;# 
   863     0F15                     	;# 
   864     0F16                     	;# 
   865     0F17                     	;# 
   866     0F18                     	;# 
   867     0F19                     	;# 
   868     0F1A                     	;# 
   869     0F1B                     	;# 
   870     0F1C                     	;# 
   871     0F1D                     	;# 
   872     0F1E                     	;# 
   873     0F1F                     	;# 
   874     0F20                     	;# 
   875     0F21                     	;# 
   876     0F22                     	;# 
   877     0F23                     	;# 
   878     0F24                     	;# 
   879     0F25                     	;# 
   880     0F26                     	;# 
   881     0F27                     	;# 
   882     0F28                     	;# 
   883     0F29                     	;# 
   884     0F2A                     	;# 
   885     0F2B                     	;# 
   886     0F2C                     	;# 
   887     0F2D                     	;# 
   888     0F2E                     	;# 
   889     0F2F                     	;# 
   890     0F30                     	;# 
   891     0F31                     	;# 
   892     0F32                     	;# 
   893     0F33                     	;# 
   894     0F34                     	;# 
   895     0F35                     	;# 
   896     0F36                     	;# 
   897     0F37                     	;# 
   898     0FE4                     	;# 
   899     0FE5                     	;# 
   900     0FE6                     	;# 
   901     0FE7                     	;# 
   902     0FE8                     	;# 
   903     0FE9                     	;# 
   904     0FEA                     	;# 
   905     0FEB                     	;# 
   906     0FED                     	;# 
   907     0FEE                     	;# 
   908     0FEF                     	;# 
   909                           
   910                           	psect	idataCOMMON
   911     079B                     __pidataCOMMON:
   912                           
   913                           ;initializer for calculate_timer_settings@F5325
   914     079B  3401               	retlw	1
   915     079C  3404               	retlw	4
   916     079D  3410               	retlw	16
   917     079E  3440               	retlw	64
   918     001A                     _TMR2	set	26
   919     001B                     _PR2	set	27
   920     001C                     _T2CONbits	set	28
   921     008D                     _TRISBbits	set	141
   922     04CF                     _SPLLEN	set	1231
   923     04CE                     _IRCF3	set	1230
   924     04CD                     _IRCF2	set	1229
   925     04CC                     _IRCF1	set	1228
   926     04CB                     _IRCF0	set	1227
   927     04C9                     _SCS1	set	1225
   928     04C8                     _SCS0	set	1224
   929     018D                     _ANSELB	set	397
   930     0298                     _CCPR2L	set	664
   931     0291                     _CCPR1L	set	657
   932     029A                     _CCP2CONbits	set	666
   933     0293                     _CCP1CONbits	set	659
   934     029E                     _CCPTMRSbits	set	670
   935     041C                     _TMR6	set	1052
   936     0415                     _TMR4	set	1045
   937     0416                     _PR4	set	1046
   938     0417                     _T4CONbits	set	1047
   939     041D                     _PR6	set	1053
   940     041E                     _T6CONbits	set	1054
   941     0E0F                     _PPSLOCKbits	set	3599
   942     0E0F                     _PPSLOCK	set	3599
   943     0E99                     _RB1PPSbits	set	3737
   944     0E98                     _RB0PPSbits	set	3736
   945                           
   946                           	psect	cinit
   947     07ED                     start_initialization:	
   948                           ; #config settings
   949                           
   950     07ED                     __initialization:
   951                           
   952                           ; Initialize objects allocated to COMMON
   953     07ED  3187  279B  3187   	fcall	__pidataCOMMON	;fetch initializer
   954     07F0  00F0               	movwf	__pdataCOMMON& (0+127)
   955     07F1  3187  279C  3187   	fcall	__pidataCOMMON+1	;fetch initializer
   956     07F4  00F1               	movwf	(__pdataCOMMON+1)& (0+127)
   957     07F5  3187  279D  3187   	fcall	__pidataCOMMON+2	;fetch initializer
   958     07F8  00F2               	movwf	(__pdataCOMMON+2)& (0+127)
   959     07F9  3187  279E  3187   	fcall	__pidataCOMMON+3	;fetch initializer
   960     07FC  00F3               	movwf	(__pdataCOMMON+3)& (0+127)
   961     07FD                     end_of_initialization:	
   962                           ;End of C runtime variable initialization code
   963                           
   964     07FD                     __end_of__initialization:
   965     07FD  0020               	movlb	0
   966     07FE  3187  2FA8         	ljmp	_main	;jump to C main() function
   967                           
   968                           	psect	dataCOMMON
   969     0070                     __pdataCOMMON:
   970     0070                     calculate_timer_settings@F5325:
   971     0070                     	ds	4
   972                           
   973                           	psect	cstackCOMMON
   974     0000                     __pcstackCOMMON:
   975     0000                     ?_internal_32:
   976     0000                     ??_internal_32:	
   977                           ; 1 bytes @ 0x0
   978                           
   979     0000                     ?_initMain:	
   980                           ; 1 bytes @ 0x0
   981                           
   982     0000                     ??_initMain:	
   983                           ; 1 bytes @ 0x0
   984                           
   985     0000                     ?_main:	
   986                           ; 1 bytes @ 0x0
   987                           
   988     0000                     ??_main:	
   989                           ; 1 bytes @ 0x0
   990                           
   991                           
   992                           	psect	maintext
   993     07A8                     __pmaintext:	
   994                           ; 1 bytes @ 0x0
   995 ;;
   996 ;;Main: autosize = 0, tempsize = 0, incstack = 0, save=0
   997 ;;
   998 ;; *************** function _main *****************
   999 ;; Defined at:
  1000 ;;		line 127 in file "main.c"
  1001 ;; Parameters:    Size  Location     Type
  1002 ;;		None
  1003 ;; Auto vars:     Size  Location     Type
  1004 ;;		None
  1005 ;; Return value:  Size  Location     Type
  1006 ;;                  1    wreg      void 
  1007 ;; Registers used:
  1008 ;;		wreg, status,2, status,0, pclath, cstack
  1009 ;; Tracked objects:
  1010 ;;		On entry : B1F/0
  1011 ;;		On exit  : 0/0
  1012 ;;		Unchanged: 0/0
  1013 ;; Data sizes:     COMMON   BANK0   BANK1   BANK2   BANK3   BANK4   BANK5   BANK6   BANK7   BANK8   BANK9  BANK10  BANK1
      +1  BANK12  BANK13  BANK14  BANK15  BANK16  BANK17  BANK18  BANK19  BANK20  BANK21  BANK22  BANK23  BANK24  BANK25
  1014 ;;      Params:         0       0       0       0       0       0       0       0       0       0       0       0       
      +0       0       0       0       0       0       0       0       0       0       0       0       0       0       0
  1015 ;;      Locals:         0       0       0       0       0       0       0       0       0       0       0       0       
      +0       0       0       0       0       0       0       0       0       0       0       0       0       0       0
  1016 ;;      Temps:          0       0       0       0       0       0       0       0       0       0       0       0       
      +0       0       0       0       0       0       0       0       0       0       0       0       0       0       0
  1017 ;;      Totals:         0       0       0       0       0       0       0       0       0       0       0       0       
      +0       0       0       0       0       0       0       0       0       0       0       0       0       0       0
  1018 ;;Total ram usage:        0 bytes
  1019 ;; Hardware stack levels required when called: 2
  1020 ;; This function calls:
  1021 ;;		_initMain
  1022 ;; This function is called by:
  1023 ;;		Startup code after reset
  1024 ;; This function uses a non-reentrant model
  1025 ;;
  1026                           
  1027     07A8                     _main:	
  1028                           ;psect for function _main
  1029                           
  1030     07A8                     l819:	
  1031                           ;incstack = 0
  1032                           ; Regs used in _main: [wreg+status,2+status,0+pclath+cstack]
  1033                           
  1034                           
  1035                           ;main.c: 128:     initMain();
  1036     07A8  3187  27B3  3187   	fcall	_initMain
  1037     07AB                     l821:
  1038                           
  1039                           ;main.c: 134:         CCPR1L = 127;
  1040     07AB  307F               	movlw	127
  1041     07AC  0025               	movlb	5	; select bank5
  1042     07AD  0091               	movwf	17	;volatile
  1043     07AE                     l823:
  1044                           
  1045                           ;main.c: 135:         CCPR2L = 192;
  1046     07AE  30C0               	movlw	192
  1047     07AF  0098               	movwf	24	;volatile
  1048     07B0  2FAB               	goto	l821
  1049     07B1  3180  2802         	ljmp	start
  1050     07B3                     __end_of_main:
  1051                           
  1052                           	psect	text1
  1053     07B3                     __ptext1:	
  1054 ;; *************** function _initMain *****************
  1055 ;; Defined at:
  1056 ;;		line 32 in file "main.c"
  1057 ;; Parameters:    Size  Location     Type
  1058 ;;		None
  1059 ;; Auto vars:     Size  Location     Type
  1060 ;;		None
  1061 ;; Return value:  Size  Location     Type
  1062 ;;                  1    wreg      void 
  1063 ;; Registers used:
  1064 ;;		wreg, status,2, status,0, pclath, cstack
  1065 ;; Tracked objects:
  1066 ;;		On entry : 0/0
  1067 ;;		On exit  : 0/0
  1068 ;;		Unchanged: 0/0
  1069 ;; Data sizes:     COMMON   BANK0   BANK1   BANK2   BANK3   BANK4   BANK5   BANK6   BANK7   BANK8   BANK9  BANK10  BANK1
      +1  BANK12  BANK13  BANK14  BANK15  BANK16  BANK17  BANK18  BANK19  BANK20  BANK21  BANK22  BANK23  BANK24  BANK25
  1070 ;;      Params:         0       0       0       0       0       0       0       0       0       0       0       0       
      +0       0       0       0       0       0       0       0       0       0       0       0       0       0       0
  1071 ;;      Locals:         0       0       0       0       0       0       0       0       0       0       0       0       
      +0       0       0       0       0       0       0       0       0       0       0       0       0       0       0
  1072 ;;      Temps:          0       0       0       0       0       0       0       0       0       0       0       0       
      +0       0       0       0       0       0       0       0       0       0       0       0       0       0       0
  1073 ;;      Totals:         0       0       0       0       0       0       0       0       0       0       0       0       
      +0       0       0       0       0       0       0       0       0       0       0       0       0       0       0
  1074 ;;Total ram usage:        0 bytes
  1075 ;; Hardware stack levels used: 1
  1076 ;; Hardware stack levels required when called: 1
  1077 ;; This function calls:
  1078 ;;		_internal_32
  1079 ;; This function is called by:
  1080 ;;		_main
  1081 ;; This function uses a non-reentrant model
  1082 ;;
  1083                           
  1084     07B3                     _initMain:	
  1085                           ;psect for function _initMain
  1086                           
  1087     07B3                     l745:	
  1088                           ;incstack = 0
  1089                           ; Regs used in _initMain: [wreg+status,2+status,0+pclath+cstack]
  1090                           
  1091                           
  1092                           ;main.c: 34:     internal_32();
  1093     07B3  3187  279F  3187   	fcall	_internal_32
  1094     07B6                     l747:
  1095                           
  1096                           ;main.c: 42:     TRISBbits.TRISB0 = 0;
  1097     07B6  0021               	movlb	1	; select bank1
  1098     07B7  100D               	bcf	13,0	;volatile
  1099     07B8                     l749:
  1100                           
  1101                           ;main.c: 45:     TRISBbits.TRISB1 = 0;
  1102     07B8  108D               	bcf	13,1	;volatile
  1103     07B9                     l751:
  1104                           
  1105                           ;main.c: 48:     ANSELB = 0;
  1106     07B9  0023               	movlb	3	; select bank3
  1107     07BA  018D               	clrf	13	;volatile
  1108     07BB                     l753:
  1109                           
  1110                           ;main.c: 55:     CCPTMRSbits.C1TSEL = 0b10;
  1111     07BB  0025               	movlb	5	; select bank5
  1112     07BC  081E               	movf	30,w	;volatile
  1113     07BD  39FC               	andlw	-4
  1114     07BE  3802               	iorlw	2
  1115     07BF  009E               	movwf	30	;volatile
  1116     07C0                     l755:
  1117                           
  1118                           ;main.c: 56:     CCPTMRSbits.C2TSEL = 0b10;
  1119     07C0  081E               	movf	30,w	;volatile
  1120     07C1  39F3               	andlw	-13
  1121     07C2  3808               	iorlw	8
  1122     07C3  009E               	movwf	30	;volatile
  1123     07C4                     l757:
  1124                           
  1125                           ;main.c: 70:     T6CONbits.T6CKPS = 0b00;
  1126     07C4  30FC               	movlw	-4
  1127     07C5  0028               	movlb	8	; select bank8
  1128     07C6  059E               	andwf	30,f	;volatile
  1129     07C7                     l759:
  1130                           
  1131                           ;main.c: 73:     T6CONbits.TMR6ON = 1;
  1132     07C7  151E               	bsf	30,2	;volatile
  1133     07C8                     l761:
  1134                           
  1135                           ;main.c: 76:     PR6 = 255;
  1136     07C8  30FF               	movlw	255
  1137     07C9  009D               	movwf	29	;volatile
  1138     07CA                     l763:
  1139                           
  1140                           ;main.c: 86:     CCP1CONbits.DC1B = 00;
  1141     07CA  30CF               	movlw	-49
  1142     07CB  0025               	movlb	5	; select bank5
  1143     07CC  0593               	andwf	19,f	;volatile
  1144     07CD                     l765:
  1145                           
  1146                           ;main.c: 89:     CCP1CONbits.CCP1M = 0b1100;
  1147     07CD  0813               	movf	19,w	;volatile
  1148     07CE  39F0               	andlw	-16
  1149     07CF  380C               	iorlw	12
  1150     07D0  0093               	movwf	19	;volatile
  1151     07D1                     l767:
  1152                           
  1153                           ;main.c: 94:     CCP2CONbits.DC2B = 00;
  1154     07D1  30CF               	movlw	-49
  1155     07D2  059A               	andwf	26,f	;volatile
  1156     07D3                     l769:
  1157                           
  1158                           ;main.c: 97:     CCP2CONbits.CCP2M = 0b1100;
  1159     07D3  081A               	movf	26,w	;volatile
  1160     07D4  39F0               	andlw	-16
  1161     07D5  380C               	iorlw	12
  1162     07D6  009A               	movwf	26	;volatile
  1163     07D7                     l771:
  1164                           
  1165                           ;main.c: 104:     PPSLOCK = 0x55;
  1166     07D7  3055               	movlw	85
  1167     07D8  003C               	movlb	28	; select bank28
  1168     07D9  008F               	movwf	15	;volsfr
  1169     07DA                     l773:
  1170                           
  1171                           ;main.c: 105:     PPSLOCK = 0xAA;
  1172     07DA  30AA               	movlw	170
  1173     07DB  008F               	movwf	15	;volsfr
  1174     07DC                     l775:
  1175                           
  1176                           ;main.c: 106:     PPSLOCKbits.PPSLOCKED = 0x00;
  1177     07DC  100F               	bcf	15,0	;volsfr
  1178     07DD                     l777:
  1179                           
  1180                           ;main.c: 109:     RB0PPSbits.RB0PPS = 0b01100;
  1181     07DD  003D               	movlb	29	; select bank29
  1182     07DE  0818               	movf	24,w	;volatile
  1183     07DF  39E0               	andlw	-32
  1184     07E0  380C               	iorlw	12
  1185     07E1  0098               	movwf	24	;volatile
  1186     07E2                     l779:
  1187                           
  1188                           ;main.c: 112:     RB1PPSbits.RB1PPS = 0b01101;
  1189     07E2  0819               	movf	25,w	;volatile
  1190     07E3  39E0               	andlw	-32
  1191     07E4  380D               	iorlw	13
  1192     07E5  0099               	movwf	25	;volatile
  1193     07E6                     l781:
  1194                           
  1195                           ;main.c: 114:     PPSLOCK = 0x55;
  1196     07E6  3055               	movlw	85
  1197     07E7  003C               	movlb	28	; select bank28
  1198     07E8  008F               	movwf	15	;volsfr
  1199     07E9                     l783:
  1200                           
  1201                           ;main.c: 115:     PPSLOCK = 0xAA;
  1202     07E9  30AA               	movlw	170
  1203     07EA  008F               	movwf	15	;volsfr
  1204     07EB                     l785:
  1205                           
  1206                           ;main.c: 116:     PPSLOCKbits.PPSLOCKED = 0x01;
  1207     07EB  140F               	bsf	15,0	;volsfr
  1208     07EC                     l66:
  1209     07EC  0008               	return
  1210     07ED                     __end_of_initMain:
  1211                           
  1212                           	psect	text2
  1213     079F                     __ptext2:	
  1214 ;; *************** function _internal_32 *****************
  1215 ;; Defined at:
  1216 ;;		line 36 in file "PIC16F1718_Internal.c"
  1217 ;; Parameters:    Size  Location     Type
  1218 ;;		None
  1219 ;; Auto vars:     Size  Location     Type
  1220 ;;		None
  1221 ;; Return value:  Size  Location     Type
  1222 ;;                  1    wreg      void 
  1223 ;; Registers used:
  1224 ;;		None
  1225 ;; Tracked objects:
  1226 ;;		On entry : 0/0
  1227 ;;		On exit  : 0/0
  1228 ;;		Unchanged: 0/0
  1229 ;; Data sizes:     COMMON   BANK0   BANK1   BANK2   BANK3   BANK4   BANK5   BANK6   BANK7   BANK8   BANK9  BANK10  BANK1
      +1  BANK12  BANK13  BANK14  BANK15  BANK16  BANK17  BANK18  BANK19  BANK20  BANK21  BANK22  BANK23  BANK24  BANK25
  1230 ;;      Params:         0       0       0       0       0       0       0       0       0       0       0       0       
      +0       0       0       0       0       0       0       0       0       0       0       0       0       0       0
  1231 ;;      Locals:         0       0       0       0       0       0       0       0       0       0       0       0       
      +0       0       0       0       0       0       0       0       0       0       0       0       0       0       0
  1232 ;;      Temps:          0       0       0       0       0       0       0       0       0       0       0       0       
      +0       0       0       0       0       0       0       0       0       0       0       0       0       0       0
  1233 ;;      Totals:         0       0       0       0       0       0       0       0       0       0       0       0       
      +0       0       0       0       0       0       0       0       0       0       0       0       0       0       0
  1234 ;;Total ram usage:        0 bytes
  1235 ;; Hardware stack levels used: 1
  1236 ;; This function calls:
  1237 ;;		Nothing
  1238 ;; This function is called by:
  1239 ;;		_initMain
  1240 ;; This function uses a non-reentrant model
  1241 ;;
  1242                           
  1243     079F                     _internal_32:	
  1244                           ;psect for function _internal_32
  1245                           
  1246     079F                     l743:	
  1247                           ;incstack = 0
  1248                           ; Regs used in _internal_32: []
  1249                           
  1250                           
  1251                           ;PIC16F1718_Internal.c: 38:     SCS0 = 0;
  1252     079F  0021               	movlb	1	; select bank1
  1253     07A0  1019               	bcf	25,0	;volatile
  1254                           
  1255                           ;PIC16F1718_Internal.c: 39:     SCS1 = 0;
  1256     07A1  1099               	bcf	25,1	;volatile
  1257                           
  1258                           ;PIC16F1718_Internal.c: 42:     IRCF0 = 0;
  1259     07A2  1199               	bcf	25,3	;volatile
  1260                           
  1261                           ;PIC16F1718_Internal.c: 43:     IRCF1 = 1;
  1262     07A3  1619               	bsf	25,4	;volatile
  1263                           
  1264                           ;PIC16F1718_Internal.c: 44:     IRCF2 = 1;
  1265     07A4  1699               	bsf	25,5	;volatile
  1266                           
  1267                           ;PIC16F1718_Internal.c: 45:     IRCF3 = 1;
  1268     07A5  1719               	bsf	25,6	;volatile
  1269                           
  1270                           ;PIC16F1718_Internal.c: 48:     SPLLEN = 1;
  1271     07A6  1799               	bsf	25,7	;volatile
  1272     07A7                     l17:
  1273     07A7  0008               	return
  1274     07A8                     __end_of_internal_32:
  1275     007E                     btemp	set	126	;btemp
  1276     007E                     wtemp0	set	126
  1277                           
  1278                           	psect	config
  1279                           
  1280                           ;Config register CONFIG1 @ 0x8007
  1281                           ;	Oscillator Selection Bits
  1282                           ;	FOSC = INTOSC, INTOSC oscillator: I/O function on CLKIN pin
  1283                           ;	Watchdog Timer Enable
  1284                           ;	WDTE = OFF, WDT disabled
  1285                           ;	Power-up Timer Enable
  1286                           ;	PWRTE = OFF, PWRT disabled
  1287                           ;	MCLR Pin Function Select
  1288                           ;	MCLRE = OFF, MCLR/VPP pin function is digital input if LVP bit is also 0.
  1289                           ;	Flash Program Memory Code Protection
  1290                           ;	CP = OFF, Program memory code protection is disabled
  1291                           ;	Brown-out Reset Enable
  1292                           ;	BOREN = OFF, Brown-out Reset disabled
  1293                           ;	Clock Out Enable
  1294                           ;	CLKOUTEN = OFF, CLKOUT function is disabled. I/O or oscillator function on the CLKOUT 
      +                          pin
  1295                           ;	Internal/External Switchover Mode
  1296                           ;	IESO = ON, Internal/External Switchover Mode is enabled
  1297                           ;	Fail-Safe Clock Monitor Enable
  1298                           ;	FCMEN = OFF, Fail-Safe Clock Monitor is disabled
  1299     8007                     	org	32775
  1300     8007  19A4               	dw	6564
  1301                           
  1302                           ;Config register CONFIG2 @ 0x8008
  1303                           ;	Flash Memory Self-Write Protection
  1304                           ;	WRT = OFF, Write protection off
  1305                           ;	Peripheral Pin Select one-way control
  1306                           ;	PPS1WAY = ON, The PPSLOCK bit cannot be cleared once it is set by software
  1307                           ;	Zero-cross detect disable
  1308                           ;	ZCDDIS = ON, ZCD disabled. ZCD can be enabled by setting the ZCDSEN bit of ZCDCON
  1309                           ;	Phase Lock Loop enable
  1310                           ;	PLLEN = OFF, 4x PLL is disabled
  1311                           ;	Stack Overflow/Underflow Reset Enable
  1312                           ;	STVREN = ON, Stack Overflow or Underflow will cause a Reset
  1313                           ;	Brown-out Reset Voltage Selection
  1314                           ;	BORV = LO, Brown-out Reset Voltage (Vbor), low trip point selected.
  1315                           ;	Low-Power Brown Out Reset
  1316                           ;	LPBOR = OFF, Low-Power BOR is disabled
  1317                           ;	In-Circuit Debugger Mode
  1318                           ;	DEBUG = 0x1, unprogrammed default
  1319                           ;	Low-Voltage Programming Enable
  1320                           ;	LVP = OFF, High-voltage on MCLR/VPP must be used for programming
  1321     8008                     	org	32776
  1322     8008  1EFF               	dw	7935

Data Sizes:
    Strings     0
    Constant    0
    Data        4
    BSS         0
    Persistent  32
    Stack       0

Auto Spaces:
    Space          Size  Autos    Used
    COMMON           14      0       4
    BANK0            80      0       0
    BANK1            80      0       0
    BANK2            80      0       0
    BANK3            80      0       0
    BANK4            80      0       0
    BANK5            80      0       0
    BANK6            80      0       0
    BANK7            80      0       0
    BANK8            80      0       0
    BANK9            80      0       0
    BANK10           80      0       0
    BANK11           80      0       0
    BANK12           80      0       0
    BANK13           80      0       0
    BANK14           80      0       0
    BANK15           80      0       0
    BANK16           80      0       0
    BANK17           80      0       0
    BANK18           80      0       0
    BANK19           80      0       0
    BANK20           80      0       0
    BANK21           80      0       0
    BANK22           80      0       0
    BANK23           80      0       0
    BANK24           80      0       0
    BANK25           32      0       0

Pointer List with Targets:

    None.

Critical Paths under _main in COMMON

    None.

Critical Paths under _main in BANK0

    None.

Critical Paths under _main in BANK1

    None.

Critical Paths under _main in BANK2

    None.

Critical Paths under _main in BANK3

    None.

Critical Paths under _main in BANK4

    None.

Critical Paths under _main in BANK5

    None.

Critical Paths under _main in BANK6

    None.

Critical Paths under _main in BANK7

    None.

Critical Paths under _main in BANK8

    None.

Critical Paths under _main in BANK9

    None.

Critical Paths under _main in BANK10

    None.

Critical Paths under _main in BANK11

    None.

Critical Paths under _main in BANK12

    None.

Critical Paths under _main in BANK13

    None.

Critical Paths under _main in BANK14

    None.

Critical Paths under _main in BANK15

    None.

Critical Paths under _main in BANK16

    None.

Critical Paths under _main in BANK17

    None.

Critical Paths under _main in BANK18

    None.

Critical Paths under _main in BANK19

    None.

Critical Paths under _main in BANK20

    None.

Critical Paths under _main in BANK21

    None.

Critical Paths under _main in BANK22

    None.

Critical Paths under _main in BANK23

    None.

Critical Paths under _main in BANK24

    None.

Critical Paths under _main in BANK25

    None.

Call Graph Tables:

 ---------------------------------------------------------------------------------
 (Depth) Function   	        Calls       Base Space   Used Autos Params    Refs
 ---------------------------------------------------------------------------------
 (0) _main                                                 0     0      0       0
                           _initMain
 ---------------------------------------------------------------------------------
 (1) _initMain                                             0     0      0       0
                        _internal_32
 ---------------------------------------------------------------------------------
 (2) _internal_32                                          0     0      0       0
 ---------------------------------------------------------------------------------
 Estimated maximum stack depth 2
 ---------------------------------------------------------------------------------

 Call Graph Graphs:

 _main (ROOT)
   _initMain
     _internal_32

 Address spaces:
Name               Size   Autos  Total    Cost      Usage
BIGRAM             7F0      0       0       0        0.0%
NULL                 0      0       0       0        0.0%
CODE                 0      0       0       0        0.0%
BITCOMMON            E      0       0       1        0.0%
BITSFR0              0      0       0       1        0.0%
SFR0                 0      0       0       1        0.0%
COMMON               E      0       4       2       28.6%
BITSFR1              0      0       0       2        0.0%
SFR1                 0      0       0       2        0.0%
BITSFR2              0      0       0       3        0.0%
SFR2                 0      0       0       3        0.0%
STACK                0      0       0       3        0.0%
BITBANK0            50      0       0       4        0.0%
BITSFR3              0      0       0       4        0.0%
SFR3                 0      0       0       4        0.0%
BANK0               50      0       0       5        0.0%
BITSFR4              0      0       0       5        0.0%
SFR4                 0      0       0       5        0.0%
BITBANK1            50      0       0       6        0.0%
BITSFR5              0      0       0       6        0.0%
SFR5                 0      0       0       6        0.0%
BANK1               50      0       0       7        0.0%
BITSFR6              0      0       0       7        0.0%
SFR6                 0      0       0       7        0.0%
BITBANK2            50      0       0       8        0.0%
BITSFR7              0      0       0       8        0.0%
SFR7                 0      0       0       8        0.0%
BANK2               50      0       0       9        0.0%
BITSFR8              0      0       0       9        0.0%
SFR8                 0      0       0       9        0.0%
BITBANK3            50      0       0      10        0.0%
BITSFR9              0      0       0      10        0.0%
SFR9                 0      0       0      10        0.0%
BANK3               50      0       0      11        0.0%
BITSFR10             0      0       0      11        0.0%
SFR10                0      0       0      11        0.0%
BITBANK4            50      0       0      12        0.0%
BITSFR11             0      0       0      12        0.0%
SFR11                0      0       0      12        0.0%
BANK4               50      0       0      13        0.0%
BITSFR12             0      0       0      13        0.0%
SFR12                0      0       0      13        0.0%
BITSFR13             0      0       0      14        0.0%
SFR13                0      0       0      14        0.0%
ABS                  0      0       4      14        0.0%
BITBANK5            50      0       0      15        0.0%
BITSFR14             0      0       0      15        0.0%
SFR14                0      0       0      15        0.0%
BANK5               50      0       0      16        0.0%
BITSFR15             0      0       0      16        0.0%
SFR15                0      0       0      16        0.0%
BITBANK6            50      0       0      17        0.0%
BITSFR16             0      0       0      17        0.0%
SFR16                0      0       0      17        0.0%
BANK6               50      0       0      18        0.0%
BITSFR17             0      0       0      18        0.0%
SFR17                0      0       0      18        0.0%
BITBANK7            50      0       0      19        0.0%
BITSFR18             0      0       0      19        0.0%
SFR18                0      0       0      19        0.0%
BANK7               50      0       0      20        0.0%
BITSFR19             0      0       0      20        0.0%
SFR19                0      0       0      20        0.0%
BITBANK8            50      0       0      21        0.0%
BITSFR20             0      0       0      21        0.0%
SFR20                0      0       0      21        0.0%
BANK8               50      0       0      22        0.0%
BITSFR21             0      0       0      22        0.0%
SFR21                0      0       0      22        0.0%
BITBANK9            50      0       0      23        0.0%
BITSFR22             0      0       0      23        0.0%
SFR22                0      0       0      23        0.0%
BANK9               50      0       0      24        0.0%
BITSFR23             0      0       0      24        0.0%
SFR23                0      0       0      24        0.0%
BITBANK10           50      0       0      25        0.0%
BITSFR24             0      0       0      25        0.0%
SFR24                0      0       0      25        0.0%
BANK10              50      0       0      26        0.0%
BITSFR25             0      0       0      26        0.0%
SFR25                0      0       0      26        0.0%
BITBANK11           50      0       0      27        0.0%
BITSFR26             0      0       0      27        0.0%
SFR26                0      0       0      27        0.0%
BITSFR27             0      0       0      28        0.0%
SFR27                0      0       0      28        0.0%
DATA                 0      0       4      28        0.0%
BANK11              50      0       0      29        0.0%
BITSFR28             0      0       0      29        0.0%
SFR28                0      0       0      29        0.0%
BITBANK12           50      0       0      30        0.0%
BITSFR29             0      0       0      30        0.0%
SFR29                0      0       0      30        0.0%
BANK12              50      0       0      31        0.0%
BITSFR30             0      0       0      31        0.0%
SFR30                0      0       0      31        0.0%
BITBANK13           50      0       0      32        0.0%
BITSFR31             0      0       0      32        0.0%
SFR31                0      0       0      32        0.0%
BANK13              50      0       0      33        0.0%
BITBANK14           50      0       0      34        0.0%
BANK14              50      0       0      35        0.0%
BITBANK15           50      0       0      36        0.0%
BANK15              50      0       0      37        0.0%
BITBANK16           50      0       0      38        0.0%
BANK16              50      0       0      39        0.0%
BITBANK17           50      0       0      40        0.0%
BANK17              50      0       0      41        0.0%
BITBANK18           50      0       0      42        0.0%
BANK18              50      0       0      43        0.0%
BITBANK19           50      0       0      44        0.0%
BANK19              50      0       0      45        0.0%
BITBANK20           50      0       0      46        0.0%
BANK20              50      0       0      47        0.0%
BITBANK21           50      0       0      48        0.0%
BANK21              50      0       0      49        0.0%
BITBANK22           50      0       0      50        0.0%
BANK22              50      0       0      51        0.0%
BITBANK23           50      0       0      52        0.0%
BANK23              50      0       0      53        0.0%
BITBANK24           50      0       0      54        0.0%
BANK24              50      0       0      55        0.0%
BITBANK25           20      0       0      56        0.0%
BANK25              20      0       0      57        0.0%


Microchip Technology PIC Macro Assembler V2.46 build 20240104201356 
Symbol Table                                                                                   Thu Dec 25 21:50:55 2025

                           l17 07A7                             l66 07EC                            l821 07AB  
                          l743 079F                            l751 07B9                            l823 07AE  
                          l761 07C8                            l753 07BB                            l745 07B3  
                          l771 07D7                            l763 07CA                            l755 07C0  
                          l747 07B6                            l819 07A8                            l781 07E6  
                          l773 07DA                            l765 07CD                            l757 07C4  
                          l749 07B8                            l783 07E9                            l775 07DC  
                          l767 07D1                            l759 07C7                            l785 07EB  
                          l777 07DD                            l769 07D3                            l779 07E2  
                          _PR2 001B                            _PR4 0416                            _PR6 041D  
                         _SCS0 04C8                           _SCS1 04C9                           _TMR2 001A  
                         _TMR4 0415                           _TMR6 041C                           _main 07A8  
                         btemp 007E                           start 0002                          ?_main 0000  
                        _IRCF0 04CB                          _IRCF1 04CC                          _IRCF2 04CD  
                        _IRCF3 04CE                          wtemp0 007E                   ?_internal_32 0000  
              __initialization 07ED                   __end_of_main 07B3                         ??_main 0000  
                       _CCPR1L 0291                         _CCPR2L 0298                         _ANSELB 018D  
                       _SPLLEN 04CF               __end_of_initMain 07ED                   __pdataCOMMON 0070  
      __end_of__initialization 07FD                 __pcstackCOMMON 0000                     __pmaintext 07A8  
                      _PPSLOCK 0E0F                      ?_initMain 0000                        __ptext1 07B3  
                      __ptext2 079F                      _T2CONbits 001C                      _T4CONbits 0417  
                    _T6CONbits 041E           end_of_initialization 07FD                     ??_initMain 0000  
                    _TRISBbits 008D                    _CCP1CONbits 0293                    _CCP2CONbits 029A  
                __pidataCOMMON 079B            start_initialization 07ED                    _CCPTMRSbits 029E  
                    ___latbits 0003                  ??_internal_32 0000            __end_of_internal_32 07A8  
                     _initMain 07B3                    _internal_32 079F                     _RB0PPSbits 0E98  
                   _RB1PPSbits 0E99                    _PPSLOCKbits 0E0F  calculate_timer_settings@F5325 0070  
