MPASM 5.75                          MAIN.ASM   8-28-2017  15:16:52         PAGE  1


LOC  OBJECT CODE     LINE SOURCE TEXT
  VALUE

                      00001 ;*******************************************************************************
                      00002 ;                                                                              *
                      00003 ;    Microchip licenses this software to you solely for use with Microchip     *
                      00004 ;    products. The software is owned by Microchip and/or its licensors, and is *
                      00005 ;    protected under applicable copyright laws.  All rights reserved.          *
                      00006 ;                                                                              *
                      00007 ;    This software and any accompanying information is for suggestion only.    *
                      00008 ;    It shall not be deemed to modify Microchip?s standard warranty for its    *
                      00009 ;    products.  It is your responsibility to ensure that this software meets   *
                      00010 ;    your requirements.                                                        *
                      00011 ;                                                                              *
                      00012 ;    SOFTWARE IS PROVIDED "AS IS".  MICROCHIP AND ITS LICENSORS EXPRESSLY      *
                      00013 ;    DISCLAIM ANY WARRANTY OF ANY KIND, WHETHER EXPRESS OR IMPLIED, INCLUDING  *
                      00014 ;    BUT NOT LIMITED TO, THE IMPLIED WARRANTIES OF MERCHANTABILITY, FITNESS    *
                      00015 ;    FOR A PARTICULAR PURPOSE, OR NON-INFRINGEMENT. IN NO EVENT SHALL          *
                      00016 ;    MICROCHIP OR ITS LICENSORS BE LIABLE FOR ANY INCIDENTAL, SPECIAL,         *
                      00017 ;    INDIRECT OR CONSEQUENTIAL DAMAGES, LOST PROFITS OR LOST DATA, HARM TO     *
                      00018 ;    YOUR EQUIPMENT, COST OF PROCUREMENT OF SUBSTITUTE GOODS, TECHNOLOGY OR    *
                      00019 ;    SERVICES, ANY CLAIMS BY THIRD PARTIES (INCLUDING BUT NOT LIMITED TO ANY   *
                      00020 ;    DEFENSE THEREOF), ANY CLAIMS FOR INDEMNITY OR CONTRIBUTION, OR OTHER      *
                      00021 ;    SIMILAR COSTS.                                                            *
                      00022 ;                                                                              *
                      00023 ;    To the fullest extend allowed by law, Microchip and its licensors         *
                      00024 ;    liability shall not exceed the amount of fee, if any, that you have paid  *
                      00025 ;    directly to Microchip to use this software.                               *
                      00026 ;                                                                              *
                      00027 ;    MICROCHIP PROVIDES THIS SOFTWARE CONDITIONALLY UPON YOUR ACCEPTANCE OF    *
                      00028 ;    THESE TERMS.                                                              *
                      00029 ;                                                                              *
                      00030 ;*******************************************************************************
                      00031 ;                                                                              *
                      00032 ;    Filename:                                                                 *
                      00033 ;    Date:                                                                     *
                      00034 ;    File Version:                                                             *
                      00035 ;    Author:                                                                   *
                      00036 ;    Company:                                                                  *
                      00037 ;    Description:                                                              *
                      00038 ;                                                                              *
                      00039 ;*******************************************************************************
                      00040 ;                                                                              *
                      00041 ;    Notes: In the MPLAB X Help, refer to the MPASM Assembler documentation    *
                      00042 ;    for information on assembly instructions.                                 *
                      00043 ;                                                                              *
                      00044 ;*******************************************************************************
                      00045 ;                                                                              *
                      00046 ;    Known Issues: This template is designed for relocatable code.  As such,   *
                      00047 ;    build errors such as "Directive only allowed when generating an object    *
                      00048 ;    file" will result when the 'Build in Absolute Mode' checkbox is selected  *
                      00049 ;    in the project properties.  Designing code in absolute mode is            *
                      00050 ;    antiquated - use relocatable mode.                                        *
                      00051 ;                                                                              *
                      00052 ;*******************************************************************************
                      00053 ;                                                                              *
MPASM 5.75                          MAIN.ASM   8-28-2017  15:16:52         PAGE  2


LOC  OBJECT CODE     LINE SOURCE TEXT
  VALUE

                      00054 ;    Revision History:                                                         *
                      00055 ;                                                                              *
                      00056 ;*******************************************************************************
                      00057 
                      00058 
                      00059 
                      00060 ;*******************************************************************************
                      00061 ; Processor Inclusion
                      00062 ;
                      00063 ; TODO Step #1 Open the task list under Window > Tasks.  Include your
                      00064 ; device .inc file - e.g. #include <device_name>.inc.  Available
                      00065 ; include files are in C:\Program Files\Microchip\MPLABX\mpasmx
                      00066 ; assuming the default installation path for MPLAB X.  You may manually find
                      00067 ; the appropriate include file for your device here and include it, or
                      00068 ; simply copy the include generated by the configuration bits
                      00069 ; generator (see Step #2).
                      00070 ;
                      00071 ;*******************************************************************************
                      00072 
                      00073 ; TODO INSERT INCLUDE CODE HERE
                      00074 
                      00075 ;*******************************************************************************
                      00076 ;
                      00077 ; TODO Step #2 - Configuration Word Setup
                      00078 ;
                      00079 ; The 'CONFIG' directive is used to embed the configuration word within the
                      00080 ; .asm file. MPLAB X requires users to embed their configuration words
                      00081 ; into source code.  See the device datasheet for additional information
                      00082 ; on configuration word settings.  Device configuration bits descriptions
                      00083 ; are in C:\Program Files\Microchip\MPLABX\mpasmx\P<device_name>.inc
                      00084 ; (may change depending on your MPLAB X installation directory).
                      00085 ;
                      00086 ; MPLAB X has a feature which generates configuration bits source code.  Go to
                      00087 ; Window > PIC Memory Views > Configuration Bits.  Configure each field as
                      00088 ; needed and select 'Generate Source Code to Output'.  The resulting code which
                      00089 ; appears in the 'Output Window' > 'Config Bits Source' tab may be copied
                      00090 ; below.
                      00091 ;
                      00092 ;*******************************************************************************
                      00093 #include "p16f506.inc"
                      00001         LIST
                      00002 
                      00003 ;==========================================================================
                      00004 ; Build date : Jul 02 2017
                      00005 ;  MPASM PIC16F506 processor include
                      00006 ; 
                      00007 ;  (c) Copyright 1999-2017 Microchip Technology, All rights reserved
                      00008 ;==========================================================================
                      00009 
                      00243         LIST
                      00094 #include <stdmacros-base.inc>
                      00001 ;************************************************************************
                      00002 ;                                                                       *
MPASM 5.75                          MAIN.ASM   8-28-2017  15:16:52         PAGE  3


LOC  OBJECT CODE     LINE SOURCE TEXT
  VALUE

                      00003 ;   Filename:      stdmacros-base.inc                                   *
                      00004 ;   Date:          16/2/12                                              *
                      00005 ;   File Version:  1.1                                                  *
                      00006 ;                                                                       *
                      00007 ;   Author:        David Meiklejohn                                     *
                      00008 ;   Company:       Gooligum Electronics                                 *
                      00009 ;                                                                       *
                      00010 ;************************************************************************
                      00011 ;                                                                       *
                      00012 ;   Architecture:  Baseline PIC                                         *
                      00013 ;   Processor:     any                                                  *
                      00014 ;                                                                       *
                      00015 ;************************************************************************
                      00016 ;                                                                       *
                      00017 ;   Files required: none                                                *
                      00018 ;                                                                       *
                      00019 ;************************************************************************
                      00020 ;                                                                       *
                      00021 ;   Description:    Library of useful macros                            *
                      00022 ;                                                                       *
                      00023 ;   DelayMS - delay in milliseconds (wrapper for delay10 subroutine)    *
                      00024 ;   DbnceHi - debounce switch, wait for high input                      *
                      00025 ;   DbnceLo - debounce switch, wait for low input                       *
                      00026 ;                                                                       *
                      00027 ;************************************************************************
                      00028 
                      00029 
                      00030 ;***** DelayMS
                      00031 ; Delay in milliseconds
                      00032 ;
                      00033 ; Calls: 'delay10' subroutine, providing a Wx10ms delay
                      00034 ;
                      00035 DelayMS MACRO   ms                  ; delay time in ms
                      00036     IF ms>.2550
                      00037         ERROR "Maximum delay time is 2550ms"
                      00038     ENDIF
                      00039         movlw   ms/.10              ; divide by 10 to pass to delay10 routine
                      00040         pagesel delay10
                      00041         call    delay10
                      00042         pagesel $
                      00043         ENDM
                      00044 
                      00045 
                      00046 ;***** DbnceHi
                      00047 ; Debounce switch on given input port,pin
                      00048 ; Waits for switch to be 'high' continuously for 10 ms
                      00049 ;
                      00050 ; Uses: TMR0            Assumes: TMR0 running at 256 us/tick
                      00051 ;
                      00052 DbnceHi MACRO   port,pin
                      00053     local       start,wait,DEBOUNCE
                      00054     variable    DEBOUNCE=.10*.1000/.256 ; switch debounce count = 10ms/(256us/tick)
                      00055 
MPASM 5.75                          MAIN.ASM   8-28-2017  15:16:52         PAGE  4


LOC  OBJECT CODE     LINE SOURCE TEXT
  VALUE

                      00056         pagesel $               ; select current page for gotos
                      00057 start   clrf    TMR0            ; button down so reset timer (counts "up" time)
                      00058 wait    btfss   port,pin        ; wait for switch to go high (=1)
                      00059         goto    start 
                      00060         movf    TMR0,w          ; has switch has been up continuously for debounce time?
                      00061         xorlw   DEBOUNCE
                      00062         btfss   STATUS,Z        ; if not, keep checking that it is still up
                      00063         goto    wait
                      00064         ENDM
                      00065 
                      00066 
                      00067 ;***** DbnceLo
                      00068 ; Debounce switch on given input port,pin
                      00069 ; Waits for switch to be 'low' continuously for 10 ms
                      00070 ;
                      00071 ; Uses: TMR0            Assumes: TMR0 running at 256 us/tick
                      00072 ;
                      00073 DbnceLo MACRO   port,pin
                      00074     local       start,wait,DEBOUNCE
                      00075     variable    DEBOUNCE=.10*.1000/.256 ; switch debounce count = 10ms/(256us/tick)
                      00076 
                      00077         pagesel $               ; select current page for gotos
                      00078 start   clrf    TMR0            ; button down so reset timer (counts "down" time)
                      00079 wait    btfsc   port,pin        ; wait for switch to go low (=0)
                      00080         goto    start 
                      00081         movf    TMR0,w          ; has switch has been down continuously for debounce time?
                      00082         xorlw   DEBOUNCE
                      00083         btfss   STATUS,Z        ; if not, keep checking that it is still up
                      00084         goto    wait
                      00085         ENDM
                      00095 
                      00096 ; CONFIG
                      00097 ; __config 0xFFBC  ; run at 4 Mhz
0FFF   0FB4           00098  __CONFIG _OSC_IntRC_RB4EN & _WDT_OFF & _CP_OFF & _MCLRE_ON & _IOSCFS_OFF
                      00099     
                      00100     
                      00101 ;*******************************************************************************
                      00102 ;
                      00103 ; TODO Step #3 - Variable Definitions
                      00104 ;
                      00105 ; Refer to datasheet for available data memory (RAM) organization assuming
                      00106 ; relocatible code organization (which is an option in project
                      00107 ; properties > mpasm (Global Options)).  Absolute mode generally should
                      00108 ; be used sparingly.
                      00109 ;
                      00110 ; Example of using GPR Uninitialized Data
                      00111 ;
                      00112 ;   GPR_VAR        UDATA
                      00113 ;   MYVAR1         RES        1      ; User variable linker places
                      00114 ;   MYVAR2         RES        1      ; User variable linker places
                      00115 ;   MYVAR3         RES        1      ; User variable linker places
                      00116 ;
                      00117 ;   ; Example of using Access Uninitialized Data Section (when available)
MPASM 5.75                          MAIN.ASM   8-28-2017  15:16:52         PAGE  5


LOC  OBJECT CODE     LINE SOURCE TEXT
  VALUE

                      00118 ;   ; The variables for the context saving in the device datasheet may need
                      00119 ;   ; memory reserved here.
                      00120 ;   INT_VAR        UDATA_ACS
                      00121 ;   W_TEMP         RES        1      ; w register for context saving (ACCESS)
                      00122 ;   STATUS_TEMP    RES        1      ; status used for context saving
                      00123 ;   BSR_TEMP       RES        1      ; bank select used for ISR context saving
                      00124 ;
                      00125 ;*******************************************************************************
                      00126 
                      00127 ; TODO PLACE VARIABLE DEFINITIONS GO HERE
                      00128         UDATA_SHR
0000                  00129 sREG    res 1
                      00130 
                      00131 
                      00132 ;*******************************************************************************
                      00133 ; Reset Vector
                      00134 ;*******************************************************************************
                      00135 
                      00136 RES_VECT  CODE    0x0000            ; processor reset vector
0000   0A??           00137     GOTO    START                   ; go to beginning of program
                      00138 
                      00139 ;*******************************************************************************
                      00140 ; TODO Step #4 - Interrupt Service Routines
                      00141 ;
                      00142 ; There are a few different ways to structure interrupt routines in the 8
                      00143 ; bit device families.  On PIC18's the high priority and low priority
                      00144 ; interrupts are located at 0x0008 and 0x0018, respectively.  On PIC16's and
                      00145 ; lower the interrupt is at 0x0004.  Between device families there is subtle
                      00146 ; variation in the both the hardware supporting the ISR (for restoring
                      00147 ; interrupt context) as well as the software used to restore the context
                      00148 ; (without corrupting the STATUS bits).
                      00149 ;
                      00150 ; General formats are shown below in relocatible format.
                      00151 ;
                      00152 ;------------------------------PIC16's and below--------------------------------
                      00153 ;
                      00154 ; ISR       CODE    0x0004           ; interrupt vector location
                      00155 ;
                      00156 ;     <Search the device datasheet for 'context' and copy interrupt
                      00157 ;     context saving code here.  Older devices need context saving code,
                      00158 ;     but newer devices like the 16F#### don't need context saving code.>
                      00159 ;
                      00160 ;     RETFIE
                      00161 ;
                      00162 ;----------------------------------PIC18's--------------------------------------
                      00163 ;
                      00164 ; ISRHV     CODE    0x0008
                      00165 ;     GOTO    HIGH_ISR
                      00166 ; ISRLV     CODE    0x0018
                      00167 ;     GOTO    LOW_ISR
                      00168 ;
                      00169 ; ISRH      CODE                     ; let linker place high ISR routine
                      00170 ; HIGH_ISR
MPASM 5.75                          MAIN.ASM   8-28-2017  15:16:52         PAGE  6


LOC  OBJECT CODE     LINE SOURCE TEXT
  VALUE

                      00171 ;     <Insert High Priority ISR Here - no SW context saving>
                      00172 ;     RETFIE  FAST
                      00173 ;
                      00174 ; ISRL      CODE                     ; let linker place low ISR routine
                      00175 ; LOW_ISR
                      00176 ;       <Search the device datasheet for 'context' and copy interrupt
                      00177 ;       context saving code here>
                      00178 ;     RETFIE
                      00179 ;
                      00180 ;*******************************************************************************
                      00181 
                      00182 ; TODO INSERT ISR HERE
                      00183 
                      00184 ;*******************************************************************************
                      00185 ; MAIN PROGRAM
                      00186 ;*******************************************************************************
                      00187 
                      00188 MAIN_PROG CODE                      ; let linker place main program
                      00189 
                      00190 ;**** Initialisation
0000                  00191 START
0000   0C37           00192     movlw   b'110111'               ; configure C3 as output
0001   0007           00193     tris    PORTC                   ; store contents of W to tris register
                      00194    
0002   0C7F           00195     movlw   b'01111111'             ; enable wakeup on change and timer0
                      00196             ; 0-------              ; (!RBWU = 0)
                      00197             ; --0-----              ; timer mode (T0CS = 0)
                      00198             ; ----0---              ; prescaler assigned to Timer0 (PSA = 0)
                      00199             ; -----111              ; prescale = 256 (PS = 111) increment 
                      00200                                     ; every 256 us
0003   0002           00201     option                          ; move to option register
                      00202 
                      00203 ;**** Main Code
                      00204     ; turn on LED
0004   0567           00205     bsf     PORTC, 3
                      00206     
                      00207     ; test for wakeup on change reset
0005   07E3           00208     btfss   STATUS, RBWUF           ; check if wake up flag is set
0006   0A??           00209     goto    wait_lo                 ;   if it is not set goto button
                      00210    
                      00211     
                      00212     ; wait for button press
0007                  00213 wait_lo 
0007   0687           00214     btfsc   PORTC, 4                ; if button pressed skip next instruction
0008   0A??           00215     goto    wait_lo                 ; else loop
                      00216     
                      00217     ; go into standby (low power mode)
0009   0467           00218     bcf     PORTC, 3                ; clear C3
000A   0003           00219     SLEEP                           ; enter sleep
                      00220     
                      00221 
0FB4                  00222     END
MPASM 5.75                          MAIN.ASM   8-28-2017  15:16:52         PAGE  7


SYMBOL TABLE
  LABEL                             VALUE 

ADCON0                            00000009
ADCS0                             00000004
ADCS1                             00000005
ADON                              00000000
ADRES                             0000000A
ANS0                              00000006
ANS1                              00000007
C                                 00000000
C1NREF                            00000002
C1ON                              00000003
C1OUT                             00000007
C1POL                             00000005
C1PREF                            00000001
C2NREF                            00000002
C2ON                              00000003
C2OUT                             00000007
C2POL                             00000005
C2PREF1                           00000001
C2PREF2                           00000004
CAL0                              00000001
CAL1                              00000002
CAL2                              00000003
CAL3                              00000004
CAL4                              00000005
CAL5                              00000006
CAL6                              00000007
CHS0                              00000002
CHS1                              00000003
CM1CON0                           00000008
CM2CON0                           0000000B
CWUF                              00000006
DC                                00000001
DbnceHi                           
DbnceLo                           
DelayMS                           
F                                 00000001
FSR                               00000004
GO                                00000001
GO_NOT_DONE                       00000001
INDF                              00000000
NOT_C1OUTEN                       00000006
NOT_C1T0CS                        00000004
NOT_C1WU                          00000000
NOT_C2OUTEN                       00000006
NOT_C2WU                          00000000
NOT_DONE                          00000001
NOT_GPPU                          00000006
NOT_GPWU                          00000007
NOT_PD                            00000003
NOT_RBPU                          00000006
NOT_RBWU                          00000007
NOT_TO                            00000004
OSCCAL                            00000005
MPASM 5.75                          MAIN.ASM   8-28-2017  15:16:52         PAGE  8


SYMBOL TABLE
  LABEL                             VALUE 

PA0                               00000005
PCL                               00000002
PORTB                             00000006
PORTC                             00000007
PS0                               00000000
PS1                               00000001
PS2                               00000002
PSA                               00000003
RB0                               00000000
RB1                               00000001
RB2                               00000002
RB3                               00000003
RB4                               00000004
RB5                               00000005
RBWUF                             00000007
RC0                               00000000
RC1                               00000001
RC2                               00000002
RC3                               00000003
RC4                               00000004
RC5                               00000005
START                             00000000
STATUS                            00000003
T0CS                              00000005
T0SE                              00000004
TMR0                              00000001
TRISB0                            00000000
TRISB1                            00000001
TRISB2                            00000002
TRISB3                            00000003
TRISB4                            00000004
TRISB5                            00000005
TRISC0                            00000000
TRISC1                            00000001
TRISC2                            00000002
TRISC3                            00000003
TRISC4                            00000004
TRISC5                            00000005
VR0                               00000000
VR1                               00000001
VR2                               00000002
VR3                               00000003
VRCON                             0000000C
VREN                              00000007
VROE                              00000006
VRR                               00000005
W                                 00000000
Z                                 00000002
_CONFIG                           00000FFF
_CP_OFF                           00000FFF
_CP_ON                            00000FEF
_EC_OSC                           00000FFB
_ExtRC_OSC_CLKOUTEN               00000FFF
MPASM 5.75                          MAIN.ASM   8-28-2017  15:16:52         PAGE  9


SYMBOL TABLE
  LABEL                             VALUE 

_ExtRC_OSC_RB4EN                  00000FFE
_HS_OSC                           00000FFA
_IDLOC0                           00000400
_IDLOC1                           00000401
_IDLOC2                           00000402
_IDLOC3                           00000403
_IOSCFS_OFF                       00000FBF
_IOSCFS_ON                        00000FFF
_IntRC_OSC_CLKOUTEN               00000FFD
_IntRC_OSC_RB4EN                  00000FFC
_LP_OSC                           00000FF8
_MCLRE_OFF                        00000FDF
_MCLRE_ON                         00000FFF
_OSC_EC                           00000FFB
_OSC_ExtRC_CLKOUTEN               00000FFF
_OSC_ExtRC_RB4EN                  00000FFE
_OSC_HS                           00000FFA
_OSC_IntRC_CLKOUTEN               00000FFD
_OSC_IntRC_RB4EN                  00000FFC
_OSC_LP                           00000FF8
_OSC_XT                           00000FF9
_WDT_OFF                          00000FF7
_WDT_ON                           00000FFF
_XT_OSC                           00000FF9
__16F506                          00000001
sREG                              00000000
wait_lo                           00000007

Errors   :     0
Warnings :     0 reported,     0 suppressed
Messages :     0 reported,     0 suppressed

