

Microchip MPLAB XC8 Assembler V2.05 build -831301201 
                                                                                               Sun Apr 21 21:50:23 2019

Microchip MPLAB XC8 C Compiler v2.05 (Free license) build 20181220022703 Og1 
     1                           	processor	16F1719
     2                           	opt	pw 120
     3                           	opt	flic
     4                           	psect	cinit,global,class=CODE,merge=1,delta=2
     5                           	psect	bssCOMMON,global,class=COMMON,space=1,delta=1
     6                           	psect	cstackCOMMON,global,class=COMMON,space=1,delta=1
     7                           	psect	maintext,global,class=CODE,merge=1,split=1,delta=2
     8                           	psect	text1,local,class=CODE,merge=1,delta=2
     9                           	psect	text2,local,class=CODE,merge=1,delta=2
    10                           	psect	intentry,global,class=CODE,delta=2
    11                           	dabs	1,0x7E,2
    12  0000                     
    13                           ; Version 2.05
    14                           ; Generated 20/12/2018 GMT
    15                           ; 
    16                           ; Copyright © 2018, Microchip Technology Inc. and its subsidiaries ("Microchip")
    17                           ; All rights reserved.
    18                           ; 
    19                           ; This software is developed by Microchip Technology Inc. and its subsidiaries ("Microch
      +                          ip").
    20                           ; 
    21                           ; Redistribution and use in source and binary forms, with or without modification, are
    22                           ; permitted provided that the following conditions are met:
    23                           ; 
    24                           ;     1. Redistributions of source code must retain the above copyright notice, this lis
      +                          t of
    25                           ;        conditions and the following disclaimer.
    26                           ; 
    27                           ;     2. Redistributions in binary form must reproduce the above copyright notice, this 
      +                          list
    28                           ;        of conditions and the following disclaimer in the documentation and/or other
    29                           ;        materials provided with the distribution.
    30                           ; 
    31                           ;     3. Microchip's name may not be used to endorse or promote products derived from th
      +                          is
    32                           ;        software without specific prior written permission.
    33                           ; 
    34                           ; THIS SOFTWARE IS PROVIDED BY MICROCHIP "AS IS" AND ANY EXPRESS OR IMPLIED WARRANTIES,
    35                           ; INCLUDING, BUT NOT LIMITED TO, THE IMPLIED WARRANTIES OF MERCHANTABILITY AND FITNESS F
      +                          OR
    36                           ; PURPOSE ARE DISCLAIMED.  IN NO EVENT SHALL MICROCHIP BE LIABLE FOR ANY DIRECT, INDIREC
      +                          T,
    37                           ; INCIDENTAL, SPECIAL, EXEMPLARY, OR CONSEQUENTIAL DAMAGES (INCLUDING BUT NOT LIMITED TO
    38                           ; PROCUREMENT OF SUBSTITUTE GOODS OR SERVICES; LOSS OF USE, DATA OR PROFITS; OR BUSINESS
    39                           ; INTERRUPTION) HOWSOEVER CAUSED AND ON ANY THEORY OF LIABILITY, WHETHER IN CONTRACT, ST
      +                          RICT
    40                           ; LIABILITY, OR TORT (INCLUDING NEGLIGENCE OR OTHERWISE) ARISING IN ANY WAY OUT OF THE U
      +                          SE OF
    41                           ; THIS SOFTWARE, EVEN IF ADVISED OF THE POSSIBILITY OF SUCH DAMAGE.
    42                           ; 
    43                           ; 
    44                           ; Code-generator required, PIC16F1719 Definitions
    45                           ; 
    46                           ; SFR Addresses
    47  0000                     	;# 
    48  0001                     	;# 
    49  0002                     	;# 
    50  0003                     	;# 
    51  0004                     	;# 
    52  0005                     	;# 
    53  0006                     	;# 
    54  0007                     	;# 
    55  0008                     	;# 
    56  0009                     	;# 
    57  000A                     	;# 
    58  000B                     	;# 
    59  000C                     	;# 
    60  000D                     	;# 
    61  000E                     	;# 
    62  000F                     	;# 
    63  0010                     	;# 
    64  0011                     	;# 
    65  0012                     	;# 
    66  0013                     	;# 
    67  0015                     	;# 
    68  0016                     	;# 
    69  0016                     	;# 
    70  0017                     	;# 
    71  0018                     	;# 
    72  0019                     	;# 
    73  001A                     	;# 
    74  001B                     	;# 
    75  001C                     	;# 
    76  008C                     	;# 
    77  008D                     	;# 
    78  008E                     	;# 
    79  008F                     	;# 
    80  0090                     	;# 
    81  0091                     	;# 
    82  0092                     	;# 
    83  0093                     	;# 
    84  0095                     	;# 
    85  0096                     	;# 
    86  0097                     	;# 
    87  0098                     	;# 
    88  0099                     	;# 
    89  009A                     	;# 
    90  009B                     	;# 
    91  009B                     	;# 
    92  009C                     	;# 
    93  009D                     	;# 
    94  009E                     	;# 
    95  009F                     	;# 
    96  010C                     	;# 
    97  010D                     	;# 
    98  010E                     	;# 
    99  010F                     	;# 
   100  0110                     	;# 
   101  0111                     	;# 
   102  0112                     	;# 
   103  0113                     	;# 
   104  0114                     	;# 
   105  0115                     	;# 
   106  0116                     	;# 
   107  0117                     	;# 
   108  0118                     	;# 
   109  0119                     	;# 
   110  011A                     	;# 
   111  011B                     	;# 
   112  011B                     	;# 
   113  011C                     	;# 
   114  018C                     	;# 
   115  018D                     	;# 
   116  018E                     	;# 
   117  018F                     	;# 
   118  0190                     	;# 
   119  0191                     	;# 
   120  0191                     	;# 
   121  0192                     	;# 
   122  0193                     	;# 
   123  0193                     	;# 
   124  0194                     	;# 
   125  0195                     	;# 
   126  0196                     	;# 
   127  0197                     	;# 
   128  0199                     	;# 
   129  0199                     	;# 
   130  0199                     	;# 
   131  019A                     	;# 
   132  019A                     	;# 
   133  019A                     	;# 
   134  019B                     	;# 
   135  019B                     	;# 
   136  019B                     	;# 
   137  019B                     	;# 
   138  019B                     	;# 
   139  019C                     	;# 
   140  019C                     	;# 
   141  019C                     	;# 
   142  019D                     	;# 
   143  019D                     	;# 
   144  019D                     	;# 
   145  019E                     	;# 
   146  019E                     	;# 
   147  019E                     	;# 
   148  019F                     	;# 
   149  019F                     	;# 
   150  019F                     	;# 
   151  019F                     	;# 
   152  019F                     	;# 
   153  020C                     	;# 
   154  020D                     	;# 
   155  020E                     	;# 
   156  020F                     	;# 
   157  0210                     	;# 
   158  0211                     	;# 
   159  0211                     	;# 
   160  0212                     	;# 
   161  0212                     	;# 
   162  0213                     	;# 
   163  0213                     	;# 
   164  0214                     	;# 
   165  0214                     	;# 
   166  0215                     	;# 
   167  0215                     	;# 
   168  0215                     	;# 
   169  0215                     	;# 
   170  0216                     	;# 
   171  0216                     	;# 
   172  0217                     	;# 
   173  0217                     	;# 
   174  028C                     	;# 
   175  028D                     	;# 
   176  028E                     	;# 
   177  028F                     	;# 
   178  0290                     	;# 
   179  0291                     	;# 
   180  0291                     	;# 
   181  0292                     	;# 
   182  0293                     	;# 
   183  0293                     	;# 
   184  0298                     	;# 
   185  0298                     	;# 
   186  0299                     	;# 
   187  029A                     	;# 
   188  029A                     	;# 
   189  029E                     	;# 
   190  030C                     	;# 
   191  030D                     	;# 
   192  030E                     	;# 
   193  030F                     	;# 
   194  0310                     	;# 
   195  038C                     	;# 
   196  038D                     	;# 
   197  038E                     	;# 
   198  038F                     	;# 
   199  0390                     	;# 
   200  0391                     	;# 
   201  0392                     	;# 
   202  0393                     	;# 
   203  0394                     	;# 
   204  0395                     	;# 
   205  0396                     	;# 
   206  0397                     	;# 
   207  0398                     	;# 
   208  0399                     	;# 
   209  039D                     	;# 
   210  039E                     	;# 
   211  039F                     	;# 
   212  0415                     	;# 
   213  0416                     	;# 
   214  0417                     	;# 
   215  041C                     	;# 
   216  041D                     	;# 
   217  041E                     	;# 
   218  0498                     	;# 
   219  0498                     	;# 
   220  0499                     	;# 
   221  049A                     	;# 
   222  049B                     	;# 
   223  049B                     	;# 
   224  049C                     	;# 
   225  049D                     	;# 
   226  049E                     	;# 
   227  049F                     	;# 
   228  0511                     	;# 
   229  0515                     	;# 
   230  0617                     	;# 
   231  0618                     	;# 
   232  0619                     	;# 
   233  0619                     	;# 
   234  061A                     	;# 
   235  061B                     	;# 
   236  061C                     	;# 
   237  061C                     	;# 
   238  0691                     	;# 
   239  0692                     	;# 
   240  0693                     	;# 
   241  0694                     	;# 
   242  0695                     	;# 
   243  0696                     	;# 
   244  0697                     	;# 
   245  0698                     	;# 
   246  0699                     	;# 
   247  069A                     	;# 
   248  069B                     	;# 
   249  069C                     	;# 
   250  069D                     	;# 
   251  069E                     	;# 
   252  069F                     	;# 
   253  0E0F                     	;# 
   254  0E10                     	;# 
   255  0E11                     	;# 
   256  0E12                     	;# 
   257  0E13                     	;# 
   258  0E14                     	;# 
   259  0E15                     	;# 
   260  0E17                     	;# 
   261  0E20                     	;# 
   262  0E21                     	;# 
   263  0E22                     	;# 
   264  0E24                     	;# 
   265  0E25                     	;# 
   266  0E28                     	;# 
   267  0E29                     	;# 
   268  0E2A                     	;# 
   269  0E2B                     	;# 
   270  0E90                     	;# 
   271  0E91                     	;# 
   272  0E92                     	;# 
   273  0E93                     	;# 
   274  0E94                     	;# 
   275  0E95                     	;# 
   276  0E96                     	;# 
   277  0E97                     	;# 
   278  0E98                     	;# 
   279  0E99                     	;# 
   280  0E9A                     	;# 
   281  0E9B                     	;# 
   282  0E9C                     	;# 
   283  0E9D                     	;# 
   284  0E9E                     	;# 
   285  0E9F                     	;# 
   286  0EA0                     	;# 
   287  0EA1                     	;# 
   288  0EA2                     	;# 
   289  0EA3                     	;# 
   290  0EA4                     	;# 
   291  0EA5                     	;# 
   292  0EA6                     	;# 
   293  0EA7                     	;# 
   294  0EA8                     	;# 
   295  0EA9                     	;# 
   296  0EAA                     	;# 
   297  0EAB                     	;# 
   298  0EAC                     	;# 
   299  0EAD                     	;# 
   300  0EAE                     	;# 
   301  0EAF                     	;# 
   302  0EB0                     	;# 
   303  0EB1                     	;# 
   304  0EB2                     	;# 
   305  0F0F                     	;# 
   306  0F10                     	;# 
   307  0F11                     	;# 
   308  0F12                     	;# 
   309  0F13                     	;# 
   310  0F14                     	;# 
   311  0F15                     	;# 
   312  0F16                     	;# 
   313  0F17                     	;# 
   314  0F18                     	;# 
   315  0F19                     	;# 
   316  0F1A                     	;# 
   317  0F1B                     	;# 
   318  0F1C                     	;# 
   319  0F1D                     	;# 
   320  0F1E                     	;# 
   321  0F1F                     	;# 
   322  0F20                     	;# 
   323  0F21                     	;# 
   324  0F22                     	;# 
   325  0F23                     	;# 
   326  0F24                     	;# 
   327  0F25                     	;# 
   328  0F26                     	;# 
   329  0F27                     	;# 
   330  0F28                     	;# 
   331  0F29                     	;# 
   332  0F2A                     	;# 
   333  0F2B                     	;# 
   334  0F2C                     	;# 
   335  0F2D                     	;# 
   336  0F2E                     	;# 
   337  0F2F                     	;# 
   338  0F30                     	;# 
   339  0F31                     	;# 
   340  0F32                     	;# 
   341  0F33                     	;# 
   342  0F34                     	;# 
   343  0F35                     	;# 
   344  0F36                     	;# 
   345  0F37                     	;# 
   346  0FE4                     	;# 
   347  0FE5                     	;# 
   348  0FE6                     	;# 
   349  0FE7                     	;# 
   350  0FE8                     	;# 
   351  0FE9                     	;# 
   352  0FEA                     	;# 
   353  0FEB                     	;# 
   354  0FED                     	;# 
   355  0FEE                     	;# 
   356  0FEF                     	;# 
   357  0000                     	;# 
   358  0001                     	;# 
   359  0002                     	;# 
   360  0003                     	;# 
   361  0004                     	;# 
   362  0005                     	;# 
   363  0006                     	;# 
   364  0007                     	;# 
   365  0008                     	;# 
   366  0009                     	;# 
   367  000A                     	;# 
   368  000B                     	;# 
   369  000C                     	;# 
   370  000D                     	;# 
   371  000E                     	;# 
   372  000F                     	;# 
   373  0010                     	;# 
   374  0011                     	;# 
   375  0012                     	;# 
   376  0013                     	;# 
   377  0015                     	;# 
   378  0016                     	;# 
   379  0016                     	;# 
   380  0017                     	;# 
   381  0018                     	;# 
   382  0019                     	;# 
   383  001A                     	;# 
   384  001B                     	;# 
   385  001C                     	;# 
   386  008C                     	;# 
   387  008D                     	;# 
   388  008E                     	;# 
   389  008F                     	;# 
   390  0090                     	;# 
   391  0091                     	;# 
   392  0092                     	;# 
   393  0093                     	;# 
   394  0095                     	;# 
   395  0096                     	;# 
   396  0097                     	;# 
   397  0098                     	;# 
   398  0099                     	;# 
   399  009A                     	;# 
   400  009B                     	;# 
   401  009B                     	;# 
   402  009C                     	;# 
   403  009D                     	;# 
   404  009E                     	;# 
   405  009F                     	;# 
   406  010C                     	;# 
   407  010D                     	;# 
   408  010E                     	;# 
   409  010F                     	;# 
   410  0110                     	;# 
   411  0111                     	;# 
   412  0112                     	;# 
   413  0113                     	;# 
   414  0114                     	;# 
   415  0115                     	;# 
   416  0116                     	;# 
   417  0117                     	;# 
   418  0118                     	;# 
   419  0119                     	;# 
   420  011A                     	;# 
   421  011B                     	;# 
   422  011B                     	;# 
   423  011C                     	;# 
   424  018C                     	;# 
   425  018D                     	;# 
   426  018E                     	;# 
   427  018F                     	;# 
   428  0190                     	;# 
   429  0191                     	;# 
   430  0191                     	;# 
   431  0192                     	;# 
   432  0193                     	;# 
   433  0193                     	;# 
   434  0194                     	;# 
   435  0195                     	;# 
   436  0196                     	;# 
   437  0197                     	;# 
   438  0199                     	;# 
   439  0199                     	;# 
   440  0199                     	;# 
   441  019A                     	;# 
   442  019A                     	;# 
   443  019A                     	;# 
   444  019B                     	;# 
   445  019B                     	;# 
   446  019B                     	;# 
   447  019B                     	;# 
   448  019B                     	;# 
   449  019C                     	;# 
   450  019C                     	;# 
   451  019C                     	;# 
   452  019D                     	;# 
   453  019D                     	;# 
   454  019D                     	;# 
   455  019E                     	;# 
   456  019E                     	;# 
   457  019E                     	;# 
   458  019F                     	;# 
   459  019F                     	;# 
   460  019F                     	;# 
   461  019F                     	;# 
   462  019F                     	;# 
   463  020C                     	;# 
   464  020D                     	;# 
   465  020E                     	;# 
   466  020F                     	;# 
   467  0210                     	;# 
   468  0211                     	;# 
   469  0211                     	;# 
   470  0212                     	;# 
   471  0212                     	;# 
   472  0213                     	;# 
   473  0213                     	;# 
   474  0214                     	;# 
   475  0214                     	;# 
   476  0215                     	;# 
   477  0215                     	;# 
   478  0215                     	;# 
   479  0215                     	;# 
   480  0216                     	;# 
   481  0216                     	;# 
   482  0217                     	;# 
   483  0217                     	;# 
   484  028C                     	;# 
   485  028D                     	;# 
   486  028E                     	;# 
   487  028F                     	;# 
   488  0290                     	;# 
   489  0291                     	;# 
   490  0291                     	;# 
   491  0292                     	;# 
   492  0293                     	;# 
   493  0293                     	;# 
   494  0298                     	;# 
   495  0298                     	;# 
   496  0299                     	;# 
   497  029A                     	;# 
   498  029A                     	;# 
   499  029E                     	;# 
   500  030C                     	;# 
   501  030D                     	;# 
   502  030E                     	;# 
   503  030F                     	;# 
   504  0310                     	;# 
   505  038C                     	;# 
   506  038D                     	;# 
   507  038E                     	;# 
   508  038F                     	;# 
   509  0390                     	;# 
   510  0391                     	;# 
   511  0392                     	;# 
   512  0393                     	;# 
   513  0394                     	;# 
   514  0395                     	;# 
   515  0396                     	;# 
   516  0397                     	;# 
   517  0398                     	;# 
   518  0399                     	;# 
   519  039D                     	;# 
   520  039E                     	;# 
   521  039F                     	;# 
   522  0415                     	;# 
   523  0416                     	;# 
   524  0417                     	;# 
   525  041C                     	;# 
   526  041D                     	;# 
   527  041E                     	;# 
   528  0498                     	;# 
   529  0498                     	;# 
   530  0499                     	;# 
   531  049A                     	;# 
   532  049B                     	;# 
   533  049B                     	;# 
   534  049C                     	;# 
   535  049D                     	;# 
   536  049E                     	;# 
   537  049F                     	;# 
   538  0511                     	;# 
   539  0515                     	;# 
   540  0617                     	;# 
   541  0618                     	;# 
   542  0619                     	;# 
   543  0619                     	;# 
   544  061A                     	;# 
   545  061B                     	;# 
   546  061C                     	;# 
   547  061C                     	;# 
   548  0691                     	;# 
   549  0692                     	;# 
   550  0693                     	;# 
   551  0694                     	;# 
   552  0695                     	;# 
   553  0696                     	;# 
   554  0697                     	;# 
   555  0698                     	;# 
   556  0699                     	;# 
   557  069A                     	;# 
   558  069B                     	;# 
   559  069C                     	;# 
   560  069D                     	;# 
   561  069E                     	;# 
   562  069F                     	;# 
   563  0E0F                     	;# 
   564  0E10                     	;# 
   565  0E11                     	;# 
   566  0E12                     	;# 
   567  0E13                     	;# 
   568  0E14                     	;# 
   569  0E15                     	;# 
   570  0E17                     	;# 
   571  0E20                     	;# 
   572  0E21                     	;# 
   573  0E22                     	;# 
   574  0E24                     	;# 
   575  0E25                     	;# 
   576  0E28                     	;# 
   577  0E29                     	;# 
   578  0E2A                     	;# 
   579  0E2B                     	;# 
   580  0E90                     	;# 
   581  0E91                     	;# 
   582  0E92                     	;# 
   583  0E93                     	;# 
   584  0E94                     	;# 
   585  0E95                     	;# 
   586  0E96                     	;# 
   587  0E97                     	;# 
   588  0E98                     	;# 
   589  0E99                     	;# 
   590  0E9A                     	;# 
   591  0E9B                     	;# 
   592  0E9C                     	;# 
   593  0E9D                     	;# 
   594  0E9E                     	;# 
   595  0E9F                     	;# 
   596  0EA0                     	;# 
   597  0EA1                     	;# 
   598  0EA2                     	;# 
   599  0EA3                     	;# 
   600  0EA4                     	;# 
   601  0EA5                     	;# 
   602  0EA6                     	;# 
   603  0EA7                     	;# 
   604  0EA8                     	;# 
   605  0EA9                     	;# 
   606  0EAA                     	;# 
   607  0EAB                     	;# 
   608  0EAC                     	;# 
   609  0EAD                     	;# 
   610  0EAE                     	;# 
   611  0EAF                     	;# 
   612  0EB0                     	;# 
   613  0EB1                     	;# 
   614  0EB2                     	;# 
   615  0F0F                     	;# 
   616  0F10                     	;# 
   617  0F11                     	;# 
   618  0F12                     	;# 
   619  0F13                     	;# 
   620  0F14                     	;# 
   621  0F15                     	;# 
   622  0F16                     	;# 
   623  0F17                     	;# 
   624  0F18                     	;# 
   625  0F19                     	;# 
   626  0F1A                     	;# 
   627  0F1B                     	;# 
   628  0F1C                     	;# 
   629  0F1D                     	;# 
   630  0F1E                     	;# 
   631  0F1F                     	;# 
   632  0F20                     	;# 
   633  0F21                     	;# 
   634  0F22                     	;# 
   635  0F23                     	;# 
   636  0F24                     	;# 
   637  0F25                     	;# 
   638  0F26                     	;# 
   639  0F27                     	;# 
   640  0F28                     	;# 
   641  0F29                     	;# 
   642  0F2A                     	;# 
   643  0F2B                     	;# 
   644  0F2C                     	;# 
   645  0F2D                     	;# 
   646  0F2E                     	;# 
   647  0F2F                     	;# 
   648  0F30                     	;# 
   649  0F31                     	;# 
   650  0F32                     	;# 
   651  0F33                     	;# 
   652  0F34                     	;# 
   653  0F35                     	;# 
   654  0F36                     	;# 
   655  0F37                     	;# 
   656  0FE4                     	;# 
   657  0FE5                     	;# 
   658  0FE6                     	;# 
   659  0FE7                     	;# 
   660  0FE8                     	;# 
   661  0FE9                     	;# 
   662  0FEA                     	;# 
   663  0FEB                     	;# 
   664  0FED                     	;# 
   665  0FEE                     	;# 
   666  0FEF                     	;# 
   667  0016                     _TMR1	set	22
   668  0011                     _PIR1bits	set	17
   669  000B                     _INTCONbits	set	11
   670  0018                     _T1CONbits	set	24
   671  0091                     _PIE1bits	set	145
   672  008F                     _TRISD	set	143
   673  008F                     _TRISDbits	set	143
   674  04CF                     _SPLLEN	set	1231
   675  04CE                     _IRCF3	set	1230
   676  04CD                     _IRCF2	set	1229
   677  04CC                     _IRCF1	set	1228
   678  04CB                     _IRCF0	set	1227
   679  04C9                     _SCS1	set	1225
   680  04C8                     _SCS0	set	1224
   681  010F                     _LATDbits	set	271
   682  018F                     _ANSELD	set	399
   683                           
   684                           ; #config settings
   685  0000                     
   686                           	psect	cinit
   687  001A                     start_initialization:	
   688  001A                     __initialization:	
   689                           
   690                           ; Clear objects allocated to COMMON
   691  001A  01F0               	clrf	__pbssCOMMON& (0+127)
   692  001B                     end_of_initialization:	
   693                           ;End of C runtime variable initialization code
   694                           
   695  001B                     __end_of__initialization:	
   696  001B  107E               	bcf	int$flags,0	;clear compiler interrupt flag (level 1)
   697  001C  0020               	movlb	0
   698  001D  3180  283D         	ljmp	_main	;jump to C main() function
   699                           
   700                           	psect	bssCOMMON
   701  0070                     __pbssCOMMON:	
   702  0070                     isr@count:	
   703  0070                     	ds	1
   704                           
   705                           	psect	cstackCOMMON
   706  0071                     __pcstackCOMMON:	
   707  0071                     ?_internal_16:	
   708  0071                     ?_initMain:	
   709                           ; 1 bytes @ 0x0
   710                           
   711  0071                     ?_main:	
   712                           ; 1 bytes @ 0x0
   713                           
   714  0071                     ?_isr:	
   715                           ; 1 bytes @ 0x0
   716                           
   717  0071                     ??_isr:	
   718                           ; 1 bytes @ 0x0
   719                           
   720                           
   721                           ; 1 bytes @ 0x0
   722  0071                     	ds	1
   723  0072                     ??_internal_16:	
   724  0072                     ??_initMain:	
   725                           ; 1 bytes @ 0x1
   726                           
   727  0072                     ??_main:	
   728                           ; 1 bytes @ 0x1
   729                           
   730                           
   731                           	psect	maintext
   732  003D                     __pmaintext:	
   733                           ; 1 bytes @ 0x1
   734 ;;
   735 ;;Main: autosize = 0, tempsize = 0, incstack = 0, save=0
   736 ;;
   737 ;; *************** function _main *****************
   738 ;; Defined at:
   739 ;;		line 109 in file "Main.c"
   740 ;; Parameters:    Size  Location     Type
   741 ;;		None
   742 ;; Auto vars:     Size  Location     Type
   743 ;;		None
   744 ;; Return value:  Size  Location     Type
   745 ;;                  1    wreg      void 
   746 ;; Registers used:
   747 ;;		wreg, status,2, status,0, pclath, cstack
   748 ;; Tracked objects:
   749 ;;		On entry : B1F/0
   750 ;;		On exit  : 0/0
   751 ;;		Unchanged: 0/0
   752 ;; Data sizes:     COMMON   BANK0   BANK1   BANK2   BANK3   BANK4   BANK5   BANK6   BANK7   BANK8   BANK9  BANK10  BANK1
      +1  BANK12  BANK13  BANK14  BANK15  BANK16  BANK17  BANK18  BANK19  BANK20  BANK21  BANK22  BANK23  BANK24  BANK25
   753 ;;      Params:         0       0       0       0       0       0       0       0       0       0       0       0       
      +0       0       0       0       0       0       0       0       0       0       0       0       0       0       0
   754 ;;      Locals:         0       0       0       0       0       0       0       0       0       0       0       0       
      +0       0       0       0       0       0       0       0       0       0       0       0       0       0       0
   755 ;;      Temps:          0       0       0       0       0       0       0       0       0       0       0       0       
      +0       0       0       0       0       0       0       0       0       0       0       0       0       0       0
   756 ;;      Totals:         0       0       0       0       0       0       0       0       0       0       0       0       
      +0       0       0       0       0       0       0       0       0       0       0       0       0       0       0
   757 ;;Total ram usage:        0 bytes
   758 ;; Hardware stack levels required when called:    3
   759 ;; This function calls:
   760 ;;		_initMain
   761 ;; This function is called by:
   762 ;;		Startup code after reset
   763 ;; This function uses a non-reentrant model
   764 ;;
   765                           
   766                           
   767                           ;psect for function _main
   768  003D                     _main:	
   769                           
   770                           ;Main.c: 110: initMain();
   771                           
   772                           ;incstack = 0
   773                           ; Regs used in _main: [wreg+status,2+status,0+pclath+cstack]
   774  003D  3180  201F  3180   	fcall	_initMain
   775  0040                     l63:	
   776                           ;Main.c: 112: while(1){
   777                           
   778  0040  2840               	goto	l63
   779  0041                     __end_of_main:	
   780                           
   781                           	psect	text1
   782  001F                     __ptext1:	
   783 ;; *************** function _initMain *****************
   784 ;; Defined at:
   785 ;;		line 49 in file "Main.c"
   786 ;; Parameters:    Size  Location     Type
   787 ;;		None
   788 ;; Auto vars:     Size  Location     Type
   789 ;;		None
   790 ;; Return value:  Size  Location     Type
   791 ;;                  1    wreg      void 
   792 ;; Registers used:
   793 ;;		wreg, status,2, status,0, pclath, cstack
   794 ;; Tracked objects:
   795 ;;		On entry : 0/0
   796 ;;		On exit  : 0/0
   797 ;;		Unchanged: 0/0
   798 ;; Data sizes:     COMMON   BANK0   BANK1   BANK2   BANK3   BANK4   BANK5   BANK6   BANK7   BANK8   BANK9  BANK10  BANK1
      +1  BANK12  BANK13  BANK14  BANK15  BANK16  BANK17  BANK18  BANK19  BANK20  BANK21  BANK22  BANK23  BANK24  BANK25
   799 ;;      Params:         0       0       0       0       0       0       0       0       0       0       0       0       
      +0       0       0       0       0       0       0       0       0       0       0       0       0       0       0
   800 ;;      Locals:         0       0       0       0       0       0       0       0       0       0       0       0       
      +0       0       0       0       0       0       0       0       0       0       0       0       0       0       0
   801 ;;      Temps:          0       0       0       0       0       0       0       0       0       0       0       0       
      +0       0       0       0       0       0       0       0       0       0       0       0       0       0       0
   802 ;;      Totals:         0       0       0       0       0       0       0       0       0       0       0       0       
      +0       0       0       0       0       0       0       0       0       0       0       0       0       0       0
   803 ;;Total ram usage:        0 bytes
   804 ;; Hardware stack levels used:    1
   805 ;; Hardware stack levels required when called:    2
   806 ;; This function calls:
   807 ;;		_internal_16
   808 ;; This function is called by:
   809 ;;		_main
   810 ;; This function uses a non-reentrant model
   811 ;;
   812                           
   813                           
   814                           ;psect for function _initMain
   815  001F                     _initMain:	
   816                           
   817                           ;Main.c: 51: internal_16();
   818                           
   819                           ;incstack = 0
   820                           ; Regs used in _initMain: [wreg+status,2+status,0+pclath+cstack]
   821  001F  3180  2034         	fcall	_internal_16
   822                           
   823                           ;Main.c: 54: TRISDbits.TRISD1 = 0;
   824  0021  0021               	movlb	1	; select bank1
   825  0022  108F               	bcf	15,1	;volatile
   826                           
   827                           ;Main.c: 57: LATDbits.LATD1 = 0;
   828  0023  0022               	movlb	2	; select bank2
   829  0024  108F               	bcf	15,1	;volatile
   830                           
   831                           ;Main.c: 60: TRISD = 0;
   832  0025  0021               	movlb	1	; select bank1
   833  0026  018F               	clrf	15	;volatile
   834                           
   835                           ;Main.c: 61: ANSELD = 0;
   836  0027  0023               	movlb	3	; select bank3
   837  0028  018F               	clrf	15	;volatile
   838                           
   839                           ;Main.c: 80: T1CONbits.T1CKPS = 0b00;
   840  0029  30CF               	movlw	-49
   841  002A  0020               	movlb	0	; select bank0
   842  002B  0598               	andwf	24,f	;volatile
   843                           
   844                           ;Main.c: 85: TMR1 = 0;
   845  002C  0196               	clrf	22	;volatile
   846  002D  0197               	clrf	23	;volatile
   847                           
   848                           ;Main.c: 88: T1CONbits.TMR1ON = 1;
   849  002E  1418               	bsf	24,0	;volatile
   850                           
   851                           ;Main.c: 91: PIE1bits.TMR1IE = 1;
   852  002F  0021               	movlb	1	; select bank1
   853  0030  1411               	bsf	17,0	;volatile
   854                           
   855                           ;Main.c: 94: INTCONbits.PEIE = 1;
   856  0031  170B               	bsf	11,6	;volatile
   857                           
   858                           ;Main.c: 97: (INTCONbits.GIE = 1);
   859  0032  178B               	bsf	11,7	;volatile
   860  0033  0008               	return
   861  0034                     __end_of_initMain:	
   862                           
   863                           	psect	text2
   864  0034                     __ptext2:	
   865 ;; *************** function _internal_16 *****************
   866 ;; Defined at:
   867 ;;		line 56 in file "16F1717_Internal.c"
   868 ;; Parameters:    Size  Location     Type
   869 ;;		None
   870 ;; Auto vars:     Size  Location     Type
   871 ;;		None
   872 ;; Return value:  Size  Location     Type
   873 ;;                  1    wreg      void 
   874 ;; Registers used:
   875 ;;		None
   876 ;; Tracked objects:
   877 ;;		On entry : 0/0
   878 ;;		On exit  : 0/0
   879 ;;		Unchanged: 0/0
   880 ;; Data sizes:     COMMON   BANK0   BANK1   BANK2   BANK3   BANK4   BANK5   BANK6   BANK7   BANK8   BANK9  BANK10  BANK1
      +1  BANK12  BANK13  BANK14  BANK15  BANK16  BANK17  BANK18  BANK19  BANK20  BANK21  BANK22  BANK23  BANK24  BANK25
   881 ;;      Params:         0       0       0       0       0       0       0       0       0       0       0       0       
      +0       0       0       0       0       0       0       0       0       0       0       0       0       0       0
   882 ;;      Locals:         0       0       0       0       0       0       0       0       0       0       0       0       
      +0       0       0       0       0       0       0       0       0       0       0       0       0       0       0
   883 ;;      Temps:          0       0       0       0       0       0       0       0       0       0       0       0       
      +0       0       0       0       0       0       0       0       0       0       0       0       0       0       0
   884 ;;      Totals:         0       0       0       0       0       0       0       0       0       0       0       0       
      +0       0       0       0       0       0       0       0       0       0       0       0       0       0       0
   885 ;;Total ram usage:        0 bytes
   886 ;; Hardware stack levels used:    1
   887 ;; Hardware stack levels required when called:    1
   888 ;; This function calls:
   889 ;;		Nothing
   890 ;; This function is called by:
   891 ;;		_initMain
   892 ;; This function uses a non-reentrant model
   893 ;;
   894                           
   895                           
   896                           ;psect for function _internal_16
   897  0034                     _internal_16:	
   898                           
   899                           ;16F1717_Internal.c: 58: SCS0 = 0;
   900                           
   901                           ;incstack = 0
   902                           ; Regs used in _internal_16: []
   903  0034  0021               	movlb	1	; select bank1
   904  0035  1019               	bcf	25,0	;volatile
   905                           
   906                           ;16F1717_Internal.c: 59: SCS1 = 0;
   907  0036  1099               	bcf	25,1	;volatile
   908                           
   909                           ;16F1717_Internal.c: 62: IRCF0 = 1;
   910  0037  1599               	bsf	25,3	;volatile
   911                           
   912                           ;16F1717_Internal.c: 63: IRCF1 = 1;
   913  0038  1619               	bsf	25,4	;volatile
   914                           
   915                           ;16F1717_Internal.c: 64: IRCF2 = 1;
   916  0039  1699               	bsf	25,5	;volatile
   917                           
   918                           ;16F1717_Internal.c: 65: IRCF3 = 1;
   919  003A  1719               	bsf	25,6	;volatile
   920                           
   921                           ;16F1717_Internal.c: 68: SPLLEN = 0;
   922  003B  1399               	bcf	25,7	;volatile
   923  003C  0008               	return
   924  003D                     __end_of_internal_16:	
   925                           
   926                           	psect	intentry
   927  0004                     __pintentry:	
   928 ;; *************** function _isr *****************
   929 ;; Defined at:
   930 ;;		line 127 in file "Main.c"
   931 ;; Parameters:    Size  Location     Type
   932 ;;		None
   933 ;; Auto vars:     Size  Location     Type
   934 ;;		None
   935 ;; Return value:  Size  Location     Type
   936 ;;                  1    wreg      void 
   937 ;; Registers used:
   938 ;;		wreg, status,2, status,0
   939 ;; Tracked objects:
   940 ;;		On entry : 0/0
   941 ;;		On exit  : 0/0
   942 ;;		Unchanged: 0/0
   943 ;; Data sizes:     COMMON   BANK0   BANK1   BANK2   BANK3   BANK4   BANK5   BANK6   BANK7   BANK8   BANK9  BANK10  BANK1
      +1  BANK12  BANK13  BANK14  BANK15  BANK16  BANK17  BANK18  BANK19  BANK20  BANK21  BANK22  BANK23  BANK24  BANK25
   944 ;;      Params:         0       0       0       0       0       0       0       0       0       0       0       0       
      +0       0       0       0       0       0       0       0       0       0       0       0       0       0       0
   945 ;;      Locals:         0       0       0       0       0       0       0       0       0       0       0       0       
      +0       0       0       0       0       0       0       0       0       0       0       0       0       0       0
   946 ;;      Temps:          1       0       0       0       0       0       0       0       0       0       0       0       
      +0       0       0       0       0       0       0       0       0       0       0       0       0       0       0
   947 ;;      Totals:         1       0       0       0       0       0       0       0       0       0       0       0       
      +0       0       0       0       0       0       0       0       0       0       0       0       0       0       0
   948 ;;Total ram usage:        1 bytes
   949 ;; Hardware stack levels used:    1
   950 ;; This function calls:
   951 ;;		Nothing
   952 ;; This function is called by:
   953 ;;		Interrupt level 1
   954 ;; This function uses a non-reentrant model
   955 ;;
   956                           
   957  0004                     _isr:	
   958                           
   959                           ;incstack = 0
   960  0004  147E               	bsf	126,0	;set compiler interrupt flag (level 1)
   961                           
   962                           ; Regs used in _isr: [wreg+status,2+status,0]
   963  0005  3180               	pagesel	$
   964                           
   965                           ;Main.c: 128: static uint8_t count = 0;;Main.c: 130: PIR1bits.TMR1IF = 0;
   966  0006  0020               	movlb	0	; select bank0
   967  0007  1011               	bcf	17,0	;volatile
   968                           
   969                           ;Main.c: 132: count++;
   970  0008  3001               	movlw	1
   971  0009  00F1               	movwf	??_isr
   972  000A  0871               	movf	??_isr,w
   973  000B  07F0               	addwf	isr@count,f
   974                           
   975                           ;Main.c: 135: if (count == 65){
   976  000C  3041               	movlw	65
   977  000D  0670               	xorwf	isr@count,w
   978  000E  1D03               	btfss	3,2
   979  000F  2814               	goto	i1l73
   980                           
   981                           ;Main.c: 136: count = 0;
   982  0010  01F0               	clrf	isr@count
   983                           
   984                           ;Main.c: 137: LATDbits.LATD1 = 1;
   985  0011  0022               	movlb	2	; select bank2
   986  0012  148F               	bsf	15,1	;volatile
   987                           
   988                           ;Main.c: 138: }
   989  0013  2816               	goto	i1l75
   990  0014                     i1l73:	
   991                           
   992                           ;Main.c: 140: else {;Main.c: 141: LATDbits.LATD1 = 0;
   993  0014  0022               	movlb	2	; select bank2
   994  0015  108F               	bcf	15,1	;volatile
   995  0016                     i1l75:	
   996  0016  107E               	bcf	126,0	;clear compiler interrupt flag (level 1)
   997  0017  0009               	retfie
   998  0018                     __end_of_isr:	
   999  007E                     btemp	set	126	;btemp
  1000  007E                     int$flags	set	126
  1001  007E                     wtemp0	set	126


Data Sizes:
    Strings     0
    Constant    0
    Data        0
    BSS         1
    Persistent  32
    Stack       0

Auto Spaces:
    Space          Size  Autos    Used
    COMMON           14      1       2
    BANK0            80      0       0
    BANK1            80      0       0
    BANK2            80      0       0
    BANK3            80      0       0
    BANK4            80      0       0
    BANK5            80      0       0
    BANK6            80      0       0
    BANK7            80      0       0
    BANK8            80      0       0
    BANK9            80      0       0
    BANK10           80      0       0
    BANK11           80      0       0
    BANK12           80      0       0
    BANK13           80      0       0
    BANK14           80      0       0
    BANK15           80      0       0
    BANK16           80      0       0
    BANK17           80      0       0
    BANK18           80      0       0
    BANK19           80      0       0
    BANK20           80      0       0
    BANK21           80      0       0
    BANK22           80      0       0
    BANK23           80      0       0
    BANK24           80      0       0
    BANK25           32      0       0

Pointer List with Targets:

    None.

Critical Paths under _main in COMMON

    None.

Critical Paths under _isr in COMMON

    None.

Critical Paths under _main in BANK0

    None.

Critical Paths under _isr in BANK0

    None.

Critical Paths under _main in BANK1

    None.

Critical Paths under _isr in BANK1

    None.

Critical Paths under _main in BANK2

    None.

Critical Paths under _isr in BANK2

    None.

Critical Paths under _main in BANK3

    None.

Critical Paths under _isr in BANK3

    None.

Critical Paths under _main in BANK4

    None.

Critical Paths under _isr in BANK4

    None.

Critical Paths under _main in BANK5

    None.

Critical Paths under _isr in BANK5

    None.

Critical Paths under _main in BANK6

    None.

Critical Paths under _isr in BANK6

    None.

Critical Paths under _main in BANK7

    None.

Critical Paths under _isr in BANK7

    None.

Critical Paths under _main in BANK8

    None.

Critical Paths under _isr in BANK8

    None.

Critical Paths under _main in BANK9

    None.

Critical Paths under _isr in BANK9

    None.

Critical Paths under _main in BANK10

    None.

Critical Paths under _isr in BANK10

    None.

Critical Paths under _main in BANK11

    None.

Critical Paths under _isr in BANK11

    None.

Critical Paths under _main in BANK12

    None.

Critical Paths under _isr in BANK12

    None.

Critical Paths under _main in BANK13

    None.

Critical Paths under _isr in BANK13

    None.

Critical Paths under _main in BANK14

    None.

Critical Paths under _isr in BANK14

    None.

Critical Paths under _main in BANK15

    None.

Critical Paths under _isr in BANK15

    None.

Critical Paths under _main in BANK16

    None.

Critical Paths under _isr in BANK16

    None.

Critical Paths under _main in BANK17

    None.

Critical Paths under _isr in BANK17

    None.

Critical Paths under _main in BANK18

    None.

Critical Paths under _isr in BANK18

    None.

Critical Paths under _main in BANK19

    None.

Critical Paths under _isr in BANK19

    None.

Critical Paths under _main in BANK20

    None.

Critical Paths under _isr in BANK20

    None.

Critical Paths under _main in BANK21

    None.

Critical Paths under _isr in BANK21

    None.

Critical Paths under _main in BANK22

    None.

Critical Paths under _isr in BANK22

    None.

Critical Paths under _main in BANK23

    None.

Critical Paths under _isr in BANK23

    None.

Critical Paths under _main in BANK24

    None.

Critical Paths under _isr in BANK24

    None.

Critical Paths under _main in BANK25

    None.

Critical Paths under _isr in BANK25

    None.

Call Graph Tables:

 ---------------------------------------------------------------------------------
 (Depth) Function   	        Calls       Base Space   Used Autos Params    Refs
 ---------------------------------------------------------------------------------
 (0) _main                                                 0     0      0       0
                           _initMain
 ---------------------------------------------------------------------------------
 (1) _initMain                                             0     0      0       0
                        _internal_16
 ---------------------------------------------------------------------------------
 (2) _internal_16                                          0     0      0       0
 ---------------------------------------------------------------------------------
 Estimated maximum stack depth 2
 ---------------------------------------------------------------------------------
 (Depth) Function   	        Calls       Base Space   Used Autos Params    Refs
 ---------------------------------------------------------------------------------
 (3) _isr                                                  1     1      0       0
                                              0 COMMON     1     1      0
 ---------------------------------------------------------------------------------
 Estimated maximum stack depth 3
 ---------------------------------------------------------------------------------

 Call Graph Graphs:

 _main (ROOT)
   _initMain
     _internal_16

 _isr (ROOT)

 Address spaces:
Name               Size   Autos  Total    Cost      Usage
BIGRAM             7F0      0       0       0        0.0%
NULL                 0      0       0       0        0.0%
CODE                 0      0       0       0        0.0%
BITCOMMON            E      0       0       1        0.0%
BITSFR0              0      0       0       1        0.0%
SFR0                 0      0       0       1        0.0%
COMMON               E      1       2       2       14.3%
BITSFR1              0      0       0       2        0.0%
SFR1                 0      0       0       2        0.0%
BITSFR2              0      0       0       3        0.0%
SFR2                 0      0       0       3        0.0%
STACK                0      0       0       3        0.0%
BITBANK0            50      0       0       4        0.0%
BITSFR3              0      0       0       4        0.0%
SFR3                 0      0       0       4        0.0%
BANK0               50      0       0       5        0.0%
BITSFR4              0      0       0       5        0.0%
SFR4                 0      0       0       5        0.0%
BITBANK1            50      0       0       6        0.0%
BITSFR5              0      0       0       6        0.0%
SFR5                 0      0       0       6        0.0%
BANK1               50      0       0       7        0.0%
BITSFR6              0      0       0       7        0.0%
SFR6                 0      0       0       7        0.0%
BITBANK2            50      0       0       8        0.0%
BITSFR7              0      0       0       8        0.0%
SFR7                 0      0       0       8        0.0%
BANK2               50      0       0       9        0.0%
BITSFR8              0      0       0       9        0.0%
SFR8                 0      0       0       9        0.0%
BITBANK3            50      0       0      10        0.0%
BITSFR9              0      0       0      10        0.0%
SFR9                 0      0       0      10        0.0%
BANK3               50      0       0      11        0.0%
BITSFR10             0      0       0      11        0.0%
SFR10                0      0       0      11        0.0%
BITBANK4            50      0       0      12        0.0%
BITSFR11             0      0       0      12        0.0%
SFR11                0      0       0      12        0.0%
BANK4               50      0       0      13        0.0%
BITSFR12             0      0       0      13        0.0%
SFR12                0      0       0      13        0.0%
BITSFR13             0      0       0      14        0.0%
SFR13                0      0       0      14        0.0%
ABS                  0      0       2      14        0.0%
BITBANK5            50      0       0      15        0.0%
BITSFR14             0      0       0      15        0.0%
SFR14                0      0       0      15        0.0%
BANK5               50      0       0      16        0.0%
BITSFR15             0      0       0      16        0.0%
SFR15                0      0       0      16        0.0%
BITBANK6            50      0       0      17        0.0%
BITSFR16             0      0       0      17        0.0%
SFR16                0      0       0      17        0.0%
BANK6               50      0       0      18        0.0%
BITSFR17             0      0       0      18        0.0%
SFR17                0      0       0      18        0.0%
BITBANK7            50      0       0      19        0.0%
BITSFR18             0      0       0      19        0.0%
SFR18                0      0       0      19        0.0%
BANK7               50      0       0      20        0.0%
BITSFR19             0      0       0      20        0.0%
SFR19                0      0       0      20        0.0%
BITBANK8            50      0       0      21        0.0%
BITSFR20             0      0       0      21        0.0%
SFR20                0      0       0      21        0.0%
BANK8               50      0       0      22        0.0%
BITSFR21             0      0       0      22        0.0%
SFR21                0      0       0      22        0.0%
BITBANK9            50      0       0      23        0.0%
BITSFR22             0      0       0      23        0.0%
SFR22                0      0       0      23        0.0%
BANK9               50      0       0      24        0.0%
BITSFR23             0      0       0      24        0.0%
SFR23                0      0       0      24        0.0%
BITBANK10           50      0       0      25        0.0%
BITSFR24             0      0       0      25        0.0%
SFR24                0      0       0      25        0.0%
BANK10              50      0       0      26        0.0%
BITSFR25             0      0       0      26        0.0%
SFR25                0      0       0      26        0.0%
BITBANK11           50      0       0      27        0.0%
BITSFR26             0      0       0      27        0.0%
SFR26                0      0       0      27        0.0%
BITSFR27             0      0       0      28        0.0%
SFR27                0      0       0      28        0.0%
DATA                 0      0       2      28        0.0%
BANK11              50      0       0      29        0.0%
BITSFR28             0      0       0      29        0.0%
SFR28                0      0       0      29        0.0%
BITBANK12           50      0       0      30        0.0%
BITSFR29             0      0       0      30        0.0%
SFR29                0      0       0      30        0.0%
BANK12              50      0       0      31        0.0%
BITSFR30             0      0       0      31        0.0%
SFR30                0      0       0      31        0.0%
BITBANK13           50      0       0      32        0.0%
BITSFR31             0      0       0      32        0.0%
SFR31                0      0       0      32        0.0%
BANK13              50      0       0      33        0.0%
BITBANK14           50      0       0      34        0.0%
BANK14              50      0       0      35        0.0%
BITBANK15           50      0       0      36        0.0%
BANK15              50      0       0      37        0.0%
BITBANK16           50      0       0      38        0.0%
BANK16              50      0       0      39        0.0%
BITBANK17           50      0       0      40        0.0%
BANK17              50      0       0      41        0.0%
BITBANK18           50      0       0      42        0.0%
BANK18              50      0       0      43        0.0%
BITBANK19           50      0       0      44        0.0%
BANK19              50      0       0      45        0.0%
BITBANK20           50      0       0      46        0.0%
BANK20              50      0       0      47        0.0%
BITBANK21           50      0       0      48        0.0%
BANK21              50      0       0      49        0.0%
BITBANK22           50      0       0      50        0.0%
BANK22              50      0       0      51        0.0%
BITBANK23           50      0       0      52        0.0%
BANK23              50      0       0      53        0.0%
BITBANK24           50      0       0      54        0.0%
BANK24              50      0       0      55        0.0%
BITBANK25           20      0       0      56        0.0%
BANK25              20      0       0      57        0.0%


Microchip Technology PIC Macro Assembler V2.05 build -831301201 
Symbol Table                                                                                   Sun Apr 21 21:50:23 2019

            __CFG_CP$OFF 0000                       l63 0040                      _isr 0004  
           __CFG_BORV$LO 0000             __CFG_IESO$ON 0000             __CFG_LVP$OFF 0000  
                   ?_isr 0071                     i1l73 0014                     _SCS0 04C8  
                   i1l75 0016                     _SCS1 04C9                     _TMR1 0016  
           __CFG_WRT$OFF 0000                     _main 003D                     btemp 007E  
                   start 0018                    ??_isr 0071                    ?_main 0071  
          __CFG_WDTE$OFF 0000                    _IRCF0 04CB                    _IRCF1 04CC  
                  _IRCF2 04CD                    _IRCF3 04CE                    _TRISD 008F  
         __CFG_FCMEN$OFF 0000           __CFG_BOREN$OFF 0000                    status 0003  
                  wtemp0 007E             ?_internal_16 0071           __CFG_MCLRE$OFF 0000  
        __initialization 001A             __end_of_main 0041           __CFG_LPBOR$OFF 0000  
                 ??_main 0072           __CFG_PLLEN$OFF 0000           __CFG_ZCDDIS$ON 0000  
                 _ANSELD 018F                   _SPLLEN 04CF           __CFG_PWRTE$OFF 0000  
         __CFG_STVREN$ON 0000         __end_of_initMain 0034  __end_of__initialization 001B  
         __pcstackCOMMON 0071               __pmaintext 003D     __size_of_internal_16 0009  
        __CFG_PPS1WAY$ON 0000               __pintentry 0004                ?_initMain 0071  
                __ptext1 001F                  __ptext2 0034                _T1CONbits 0018  
           __size_of_isr 0014     end_of_initialization 001B               ??_initMain 0072  
       __CFG_FOSC$INTOSC 0000                _TRISDbits 008F      start_initialization 001A  
            __end_of_isr 0018              __pbssCOMMON 0070                ___latbits 0003  
          ??_internal_16 0072        __size_of_initMain 0015                 _LATDbits 010F  
               _PIE1bits 0091                 _PIR1bits 0011      __end_of_internal_16 003D  
               _initMain 001F            __size_of_main 0004              _internal_16 0034  
               int$flags 007E               _INTCONbits 000B                 isr@count 0070  
               intlevel1 0000        __CFG_CLKOUTEN$OFF 0000  
