

Microchip MPLAB XC8 Assembler V2.46 build 20240104201356 
                                                                                               Thu Dec 25 19:34:11 2025

Microchip MPLAB XC8 C Compiler v2.46 (Free license) build 20240104201356 Og1 
     1                           	processor	16F1718
     2                           	pagewidth 120
     3                           	opt	flic
     4                           	psect	cinit,global,class=CODE,merge=1,delta=2
     5                           	psect	cstackCOMMON,global,class=COMMON,space=1,delta=1,noexec
     6                           	psect	maintext,global,class=CODE,merge=1,split=1,delta=2
     7                           	psect	text1,local,class=CODE,merge=1,delta=2
     8                           	psect	text2,local,class=CODE,merge=1,delta=2
     9                           	psect	config,global,abs,ovrld,class=CONFIG,space=4,delta=2,noexec
    10                           	dabs	1,0x7E,2
    11     0000                     
    12                           ; Generated 07/09/2023 GMT
    13                           ; 
    14                           ; Copyright © 2023, Microchip Technology Inc. and its subsidiaries ("Microchip")
    15                           ; All rights reserved.
    16                           ; 
    17                           ; This software is developed by Microchip Technology Inc. and its subsidiaries ("Microch
      +                          ip").
    18                           ; 
    19                           ; Redistribution and use in source and binary forms, with or without modification, are
    20                           ; permitted provided that the following conditions are met:
    21                           ; 
    22                           ;     1. Redistributions of source code must retain the above copyright notice, this lis
      +                          t of
    23                           ;        conditions and the following disclaimer.
    24                           ; 
    25                           ;     2. Redistributions in binary form must reproduce the above copyright notice, this 
      +                          list
    26                           ;        of conditions and the following disclaimer in the documentation and/or other
    27                           ;        materials provided with the distribution. Publication is not required when
    28                           ;        this file is used in an embedded application.
    29                           ; 
    30                           ;     3. Microchip's name may not be used to endorse or promote products derived from th
      +                          is
    31                           ;        software without specific prior written permission.
    32                           ; 
    33                           ; THIS SOFTWARE IS PROVIDED BY MICROCHIP "AS IS" AND ANY EXPRESS OR IMPLIED WARRANTIES,
    34                           ; INCLUDING, BUT NOT LIMITED TO, THE IMPLIED WARRANTIES OF MERCHANTABILITY AND FITNESS F
      +                          OR
    35                           ; PURPOSE ARE DISCLAIMED.  IN NO EVENT SHALL MICROCHIP BE LIABLE FOR ANY DIRECT, INDIREC
      +                          T,
    36                           ; INCIDENTAL, SPECIAL, EXEMPLARY, OR CONSEQUENTIAL DAMAGES (INCLUDING BUT NOT LIMITED TO
    37                           ; PROCUREMENT OF SUBSTITUTE GOODS OR SERVICES; LOSS OF USE, DATA OR PROFITS; OR BUSINESS
    38                           ; INTERRUPTION) HOWSOEVER CAUSED AND ON ANY THEORY OF LIABILITY, WHETHER IN CONTRACT, ST
      +                          RICT
    39                           ; LIABILITY, OR TORT (INCLUDING NEGLIGENCE OR OTHERWISE) ARISING IN ANY WAY OUT OF THE U
      +                          SE OF
    40                           ; THIS SOFTWARE, EVEN IF ADVISED OF THE POSSIBILITY OF SUCH DAMAGE.
    41                           ; 
    42                           ; 
    43                           ; Code-generator required, PIC16F1718 Definitions
    44                           ; 
    45                           ; SFR Addresses
    46     0000                     	;# 
    47     0001                     	;# 
    48     0002                     	;# 
    49     0003                     	;# 
    50     0004                     	;# 
    51     0005                     	;# 
    52     0006                     	;# 
    53     0007                     	;# 
    54     0008                     	;# 
    55     0009                     	;# 
    56     000A                     	;# 
    57     000B                     	;# 
    58     000C                     	;# 
    59     000D                     	;# 
    60     000E                     	;# 
    61     0010                     	;# 
    62     0011                     	;# 
    63     0012                     	;# 
    64     0013                     	;# 
    65     0015                     	;# 
    66     0016                     	;# 
    67     0016                     	;# 
    68     0017                     	;# 
    69     0018                     	;# 
    70     0019                     	;# 
    71     001A                     	;# 
    72     001B                     	;# 
    73     001C                     	;# 
    74     008C                     	;# 
    75     008D                     	;# 
    76     008E                     	;# 
    77     0090                     	;# 
    78     0091                     	;# 
    79     0092                     	;# 
    80     0093                     	;# 
    81     0095                     	;# 
    82     0096                     	;# 
    83     0097                     	;# 
    84     0098                     	;# 
    85     0099                     	;# 
    86     009A                     	;# 
    87     009B                     	;# 
    88     009B                     	;# 
    89     009C                     	;# 
    90     009D                     	;# 
    91     009E                     	;# 
    92     009F                     	;# 
    93     010C                     	;# 
    94     010D                     	;# 
    95     010E                     	;# 
    96     0111                     	;# 
    97     0112                     	;# 
    98     0113                     	;# 
    99     0114                     	;# 
   100     0115                     	;# 
   101     0116                     	;# 
   102     0117                     	;# 
   103     0118                     	;# 
   104     0119                     	;# 
   105     011A                     	;# 
   106     011B                     	;# 
   107     011B                     	;# 
   108     011C                     	;# 
   109     018C                     	;# 
   110     018D                     	;# 
   111     018E                     	;# 
   112     0191                     	;# 
   113     0191                     	;# 
   114     0192                     	;# 
   115     0193                     	;# 
   116     0193                     	;# 
   117     0194                     	;# 
   118     0195                     	;# 
   119     0196                     	;# 
   120     0197                     	;# 
   121     0199                     	;# 
   122     0199                     	;# 
   123     0199                     	;# 
   124     019A                     	;# 
   125     019A                     	;# 
   126     019A                     	;# 
   127     019B                     	;# 
   128     019B                     	;# 
   129     019B                     	;# 
   130     019B                     	;# 
   131     019B                     	;# 
   132     019C                     	;# 
   133     019C                     	;# 
   134     019C                     	;# 
   135     019D                     	;# 
   136     019D                     	;# 
   137     019D                     	;# 
   138     019E                     	;# 
   139     019E                     	;# 
   140     019E                     	;# 
   141     019F                     	;# 
   142     019F                     	;# 
   143     019F                     	;# 
   144     019F                     	;# 
   145     019F                     	;# 
   146     020C                     	;# 
   147     020D                     	;# 
   148     020E                     	;# 
   149     0210                     	;# 
   150     0211                     	;# 
   151     0211                     	;# 
   152     0212                     	;# 
   153     0212                     	;# 
   154     0213                     	;# 
   155     0213                     	;# 
   156     0214                     	;# 
   157     0214                     	;# 
   158     0215                     	;# 
   159     0215                     	;# 
   160     0215                     	;# 
   161     0215                     	;# 
   162     0216                     	;# 
   163     0216                     	;# 
   164     0217                     	;# 
   165     0217                     	;# 
   166     028C                     	;# 
   167     028D                     	;# 
   168     028E                     	;# 
   169     0291                     	;# 
   170     0291                     	;# 
   171     0292                     	;# 
   172     0293                     	;# 
   173     0293                     	;# 
   174     0298                     	;# 
   175     0298                     	;# 
   176     0299                     	;# 
   177     029A                     	;# 
   178     029A                     	;# 
   179     029E                     	;# 
   180     030C                     	;# 
   181     030D                     	;# 
   182     030E                     	;# 
   183     038C                     	;# 
   184     038D                     	;# 
   185     038E                     	;# 
   186     0390                     	;# 
   187     0391                     	;# 
   188     0392                     	;# 
   189     0393                     	;# 
   190     0394                     	;# 
   191     0395                     	;# 
   192     0396                     	;# 
   193     0397                     	;# 
   194     0398                     	;# 
   195     0399                     	;# 
   196     039D                     	;# 
   197     039E                     	;# 
   198     039F                     	;# 
   199     0415                     	;# 
   200     0416                     	;# 
   201     0417                     	;# 
   202     041C                     	;# 
   203     041D                     	;# 
   204     041E                     	;# 
   205     0498                     	;# 
   206     0498                     	;# 
   207     0499                     	;# 
   208     049A                     	;# 
   209     049B                     	;# 
   210     049B                     	;# 
   211     049C                     	;# 
   212     049D                     	;# 
   213     049E                     	;# 
   214     049F                     	;# 
   215     0511                     	;# 
   216     0515                     	;# 
   217     0617                     	;# 
   218     0618                     	;# 
   219     0619                     	;# 
   220     0619                     	;# 
   221     061A                     	;# 
   222     061B                     	;# 
   223     061C                     	;# 
   224     061C                     	;# 
   225     0691                     	;# 
   226     0692                     	;# 
   227     0693                     	;# 
   228     0694                     	;# 
   229     0695                     	;# 
   230     0696                     	;# 
   231     0697                     	;# 
   232     0698                     	;# 
   233     0699                     	;# 
   234     069A                     	;# 
   235     069B                     	;# 
   236     069C                     	;# 
   237     069D                     	;# 
   238     069E                     	;# 
   239     069F                     	;# 
   240     0E0F                     	;# 
   241     0E10                     	;# 
   242     0E11                     	;# 
   243     0E12                     	;# 
   244     0E13                     	;# 
   245     0E14                     	;# 
   246     0E15                     	;# 
   247     0E17                     	;# 
   248     0E20                     	;# 
   249     0E21                     	;# 
   250     0E22                     	;# 
   251     0E24                     	;# 
   252     0E25                     	;# 
   253     0E28                     	;# 
   254     0E29                     	;# 
   255     0E2A                     	;# 
   256     0E2B                     	;# 
   257     0E90                     	;# 
   258     0E91                     	;# 
   259     0E92                     	;# 
   260     0E93                     	;# 
   261     0E94                     	;# 
   262     0E95                     	;# 
   263     0E96                     	;# 
   264     0E97                     	;# 
   265     0E98                     	;# 
   266     0E99                     	;# 
   267     0E9A                     	;# 
   268     0E9B                     	;# 
   269     0E9C                     	;# 
   270     0E9D                     	;# 
   271     0E9E                     	;# 
   272     0E9F                     	;# 
   273     0EA0                     	;# 
   274     0EA1                     	;# 
   275     0EA2                     	;# 
   276     0EA3                     	;# 
   277     0EA4                     	;# 
   278     0EA5                     	;# 
   279     0EA6                     	;# 
   280     0EA7                     	;# 
   281     0F0F                     	;# 
   282     0F10                     	;# 
   283     0F11                     	;# 
   284     0F12                     	;# 
   285     0F13                     	;# 
   286     0F14                     	;# 
   287     0F15                     	;# 
   288     0F16                     	;# 
   289     0F17                     	;# 
   290     0F18                     	;# 
   291     0F19                     	;# 
   292     0F1A                     	;# 
   293     0F1B                     	;# 
   294     0F1C                     	;# 
   295     0F1D                     	;# 
   296     0F1E                     	;# 
   297     0F1F                     	;# 
   298     0F20                     	;# 
   299     0F21                     	;# 
   300     0F22                     	;# 
   301     0F23                     	;# 
   302     0F24                     	;# 
   303     0F25                     	;# 
   304     0F26                     	;# 
   305     0F27                     	;# 
   306     0F28                     	;# 
   307     0F29                     	;# 
   308     0F2A                     	;# 
   309     0F2B                     	;# 
   310     0F2C                     	;# 
   311     0F2D                     	;# 
   312     0F2E                     	;# 
   313     0F2F                     	;# 
   314     0F30                     	;# 
   315     0F31                     	;# 
   316     0F32                     	;# 
   317     0F33                     	;# 
   318     0F34                     	;# 
   319     0F35                     	;# 
   320     0F36                     	;# 
   321     0F37                     	;# 
   322     0FE4                     	;# 
   323     0FE5                     	;# 
   324     0FE6                     	;# 
   325     0FE7                     	;# 
   326     0FE8                     	;# 
   327     0FE9                     	;# 
   328     0FEA                     	;# 
   329     0FEB                     	;# 
   330     0FED                     	;# 
   331     0FEE                     	;# 
   332     0FEF                     	;# 
   333     0000                     	;# 
   334     0001                     	;# 
   335     0002                     	;# 
   336     0003                     	;# 
   337     0004                     	;# 
   338     0005                     	;# 
   339     0006                     	;# 
   340     0007                     	;# 
   341     0008                     	;# 
   342     0009                     	;# 
   343     000A                     	;# 
   344     000B                     	;# 
   345     000C                     	;# 
   346     000D                     	;# 
   347     000E                     	;# 
   348     0010                     	;# 
   349     0011                     	;# 
   350     0012                     	;# 
   351     0013                     	;# 
   352     0015                     	;# 
   353     0016                     	;# 
   354     0016                     	;# 
   355     0017                     	;# 
   356     0018                     	;# 
   357     0019                     	;# 
   358     001A                     	;# 
   359     001B                     	;# 
   360     001C                     	;# 
   361     008C                     	;# 
   362     008D                     	;# 
   363     008E                     	;# 
   364     0090                     	;# 
   365     0091                     	;# 
   366     0092                     	;# 
   367     0093                     	;# 
   368     0095                     	;# 
   369     0096                     	;# 
   370     0097                     	;# 
   371     0098                     	;# 
   372     0099                     	;# 
   373     009A                     	;# 
   374     009B                     	;# 
   375     009B                     	;# 
   376     009C                     	;# 
   377     009D                     	;# 
   378     009E                     	;# 
   379     009F                     	;# 
   380     010C                     	;# 
   381     010D                     	;# 
   382     010E                     	;# 
   383     0111                     	;# 
   384     0112                     	;# 
   385     0113                     	;# 
   386     0114                     	;# 
   387     0115                     	;# 
   388     0116                     	;# 
   389     0117                     	;# 
   390     0118                     	;# 
   391     0119                     	;# 
   392     011A                     	;# 
   393     011B                     	;# 
   394     011B                     	;# 
   395     011C                     	;# 
   396     018C                     	;# 
   397     018D                     	;# 
   398     018E                     	;# 
   399     0191                     	;# 
   400     0191                     	;# 
   401     0192                     	;# 
   402     0193                     	;# 
   403     0193                     	;# 
   404     0194                     	;# 
   405     0195                     	;# 
   406     0196                     	;# 
   407     0197                     	;# 
   408     0199                     	;# 
   409     0199                     	;# 
   410     0199                     	;# 
   411     019A                     	;# 
   412     019A                     	;# 
   413     019A                     	;# 
   414     019B                     	;# 
   415     019B                     	;# 
   416     019B                     	;# 
   417     019B                     	;# 
   418     019B                     	;# 
   419     019C                     	;# 
   420     019C                     	;# 
   421     019C                     	;# 
   422     019D                     	;# 
   423     019D                     	;# 
   424     019D                     	;# 
   425     019E                     	;# 
   426     019E                     	;# 
   427     019E                     	;# 
   428     019F                     	;# 
   429     019F                     	;# 
   430     019F                     	;# 
   431     019F                     	;# 
   432     019F                     	;# 
   433     020C                     	;# 
   434     020D                     	;# 
   435     020E                     	;# 
   436     0210                     	;# 
   437     0211                     	;# 
   438     0211                     	;# 
   439     0212                     	;# 
   440     0212                     	;# 
   441     0213                     	;# 
   442     0213                     	;# 
   443     0214                     	;# 
   444     0214                     	;# 
   445     0215                     	;# 
   446     0215                     	;# 
   447     0215                     	;# 
   448     0215                     	;# 
   449     0216                     	;# 
   450     0216                     	;# 
   451     0217                     	;# 
   452     0217                     	;# 
   453     028C                     	;# 
   454     028D                     	;# 
   455     028E                     	;# 
   456     0291                     	;# 
   457     0291                     	;# 
   458     0292                     	;# 
   459     0293                     	;# 
   460     0293                     	;# 
   461     0298                     	;# 
   462     0298                     	;# 
   463     0299                     	;# 
   464     029A                     	;# 
   465     029A                     	;# 
   466     029E                     	;# 
   467     030C                     	;# 
   468     030D                     	;# 
   469     030E                     	;# 
   470     038C                     	;# 
   471     038D                     	;# 
   472     038E                     	;# 
   473     0390                     	;# 
   474     0391                     	;# 
   475     0392                     	;# 
   476     0393                     	;# 
   477     0394                     	;# 
   478     0395                     	;# 
   479     0396                     	;# 
   480     0397                     	;# 
   481     0398                     	;# 
   482     0399                     	;# 
   483     039D                     	;# 
   484     039E                     	;# 
   485     039F                     	;# 
   486     0415                     	;# 
   487     0416                     	;# 
   488     0417                     	;# 
   489     041C                     	;# 
   490     041D                     	;# 
   491     041E                     	;# 
   492     0498                     	;# 
   493     0498                     	;# 
   494     0499                     	;# 
   495     049A                     	;# 
   496     049B                     	;# 
   497     049B                     	;# 
   498     049C                     	;# 
   499     049D                     	;# 
   500     049E                     	;# 
   501     049F                     	;# 
   502     0511                     	;# 
   503     0515                     	;# 
   504     0617                     	;# 
   505     0618                     	;# 
   506     0619                     	;# 
   507     0619                     	;# 
   508     061A                     	;# 
   509     061B                     	;# 
   510     061C                     	;# 
   511     061C                     	;# 
   512     0691                     	;# 
   513     0692                     	;# 
   514     0693                     	;# 
   515     0694                     	;# 
   516     0695                     	;# 
   517     0696                     	;# 
   518     0697                     	;# 
   519     0698                     	;# 
   520     0699                     	;# 
   521     069A                     	;# 
   522     069B                     	;# 
   523     069C                     	;# 
   524     069D                     	;# 
   525     069E                     	;# 
   526     069F                     	;# 
   527     0E0F                     	;# 
   528     0E10                     	;# 
   529     0E11                     	;# 
   530     0E12                     	;# 
   531     0E13                     	;# 
   532     0E14                     	;# 
   533     0E15                     	;# 
   534     0E17                     	;# 
   535     0E20                     	;# 
   536     0E21                     	;# 
   537     0E22                     	;# 
   538     0E24                     	;# 
   539     0E25                     	;# 
   540     0E28                     	;# 
   541     0E29                     	;# 
   542     0E2A                     	;# 
   543     0E2B                     	;# 
   544     0E90                     	;# 
   545     0E91                     	;# 
   546     0E92                     	;# 
   547     0E93                     	;# 
   548     0E94                     	;# 
   549     0E95                     	;# 
   550     0E96                     	;# 
   551     0E97                     	;# 
   552     0E98                     	;# 
   553     0E99                     	;# 
   554     0E9A                     	;# 
   555     0E9B                     	;# 
   556     0E9C                     	;# 
   557     0E9D                     	;# 
   558     0E9E                     	;# 
   559     0E9F                     	;# 
   560     0EA0                     	;# 
   561     0EA1                     	;# 
   562     0EA2                     	;# 
   563     0EA3                     	;# 
   564     0EA4                     	;# 
   565     0EA5                     	;# 
   566     0EA6                     	;# 
   567     0EA7                     	;# 
   568     0F0F                     	;# 
   569     0F10                     	;# 
   570     0F11                     	;# 
   571     0F12                     	;# 
   572     0F13                     	;# 
   573     0F14                     	;# 
   574     0F15                     	;# 
   575     0F16                     	;# 
   576     0F17                     	;# 
   577     0F18                     	;# 
   578     0F19                     	;# 
   579     0F1A                     	;# 
   580     0F1B                     	;# 
   581     0F1C                     	;# 
   582     0F1D                     	;# 
   583     0F1E                     	;# 
   584     0F1F                     	;# 
   585     0F20                     	;# 
   586     0F21                     	;# 
   587     0F22                     	;# 
   588     0F23                     	;# 
   589     0F24                     	;# 
   590     0F25                     	;# 
   591     0F26                     	;# 
   592     0F27                     	;# 
   593     0F28                     	;# 
   594     0F29                     	;# 
   595     0F2A                     	;# 
   596     0F2B                     	;# 
   597     0F2C                     	;# 
   598     0F2D                     	;# 
   599     0F2E                     	;# 
   600     0F2F                     	;# 
   601     0F30                     	;# 
   602     0F31                     	;# 
   603     0F32                     	;# 
   604     0F33                     	;# 
   605     0F34                     	;# 
   606     0F35                     	;# 
   607     0F36                     	;# 
   608     0F37                     	;# 
   609     0FE4                     	;# 
   610     0FE5                     	;# 
   611     0FE6                     	;# 
   612     0FE7                     	;# 
   613     0FE8                     	;# 
   614     0FE9                     	;# 
   615     0FEA                     	;# 
   616     0FEB                     	;# 
   617     0FED                     	;# 
   618     0FEE                     	;# 
   619     0FEF                     	;# 
   620     008C                     _TRISAbits	set	140
   621     04CF                     _SPLLEN	set	1231
   622     04CE                     _IRCF3	set	1230
   623     04CD                     _IRCF2	set	1229
   624     04CC                     _IRCF1	set	1228
   625     04CB                     _IRCF0	set	1227
   626     04C9                     _SCS1	set	1225
   627     04C8                     _SCS0	set	1224
   628     0117                     _FVRCONbits	set	279
   629     0112                     _CM1CON1bits	set	274
   630     0111                     _CM1CON0bits	set	273
   631     018C                     _ANSELAbits	set	396
   632     0E0F                     _PPSLOCKbits	set	3599
   633     0E0F                     _PPSLOCK	set	3599
   634     0E93                     _RA3PPSbits	set	3731
   635                           
   636                           	psect	cinit
   637     07FD                     start_initialization:	
   638                           ; #config settings
   639                           
   640     07FD                     __initialization:
   641     07FD                     end_of_initialization:	
   642                           ;End of C runtime variable initialization code
   643                           
   644     07FD                     __end_of__initialization:
   645     07FD  0020               	movlb	0
   646     07FE  3187  2FC0         	ljmp	_main	;jump to C main() function
   647                           
   648                           	psect	cstackCOMMON
   649     0000                     __pcstackCOMMON:
   650     0000                     ?_internal_32:
   651     0000                     ??_internal_32:	
   652                           ; 1 bytes @ 0x0
   653                           
   654     0000                     ?_initMain:	
   655                           ; 1 bytes @ 0x0
   656                           
   657     0000                     ??_initMain:	
   658                           ; 1 bytes @ 0x0
   659                           
   660     0000                     ?_main:	
   661                           ; 1 bytes @ 0x0
   662                           
   663     0000                     ??_main:	
   664                           ; 1 bytes @ 0x0
   665                           
   666                           
   667                           	psect	maintext
   668     07C0                     __pmaintext:	
   669                           ; 1 bytes @ 0x0
   670 ;;
   671 ;;Main: autosize = 0, tempsize = 0, incstack = 0, save=0
   672 ;;
   673 ;; *************** function _main *****************
   674 ;; Defined at:
   675 ;;		line 119 in file "main.c"
   676 ;; Parameters:    Size  Location     Type
   677 ;;		None
   678 ;; Auto vars:     Size  Location     Type
   679 ;;		None
   680 ;; Return value:  Size  Location     Type
   681 ;;                  1    wreg      void 
   682 ;; Registers used:
   683 ;;		wreg, status,2, status,0, pclath, cstack
   684 ;; Tracked objects:
   685 ;;		On entry : B1F/0
   686 ;;		On exit  : 0/0
   687 ;;		Unchanged: 0/0
   688 ;; Data sizes:     COMMON   BANK0   BANK1   BANK2   BANK3   BANK4   BANK5   BANK6   BANK7   BANK8   BANK9  BANK10  BANK1
      +1  BANK12  BANK13  BANK14  BANK15  BANK16  BANK17  BANK18  BANK19  BANK20  BANK21  BANK22  BANK23  BANK24  BANK25
   689 ;;      Params:         0       0       0       0       0       0       0       0       0       0       0       0       
      +0       0       0       0       0       0       0       0       0       0       0       0       0       0       0
   690 ;;      Locals:         0       0       0       0       0       0       0       0       0       0       0       0       
      +0       0       0       0       0       0       0       0       0       0       0       0       0       0       0
   691 ;;      Temps:          0       0       0       0       0       0       0       0       0       0       0       0       
      +0       0       0       0       0       0       0       0       0       0       0       0       0       0       0
   692 ;;      Totals:         0       0       0       0       0       0       0       0       0       0       0       0       
      +0       0       0       0       0       0       0       0       0       0       0       0       0       0       0
   693 ;;Total ram usage:        0 bytes
   694 ;; Hardware stack levels required when called: 2
   695 ;; This function calls:
   696 ;;		_initMain
   697 ;; This function is called by:
   698 ;;		Startup code after reset
   699 ;; This function uses a non-reentrant model
   700 ;;
   701                           
   702     07C0                     _main:	
   703                           ;psect for function _main
   704                           
   705     07C0                     l646:	
   706                           ;incstack = 0
   707                           ; Regs used in _main: [wreg+status,2+status,0+pclath+cstack]
   708                           
   709                           
   710                           ;main.c: 120:     initMain();
   711     07C0  3187  27D0  3187   	fcall	_initMain
   712     07C3                     l61:	
   713                           ;main.c: 122:     while(1){
   714                           
   715     07C3  0063               	sleep	;# 
   716     07C4  2FC3               	goto	l61
   717     07C5  3180  2802         	ljmp	start
   718     07C7                     __end_of_main:
   719                           
   720                           	psect	text1
   721     07D0                     __ptext1:	
   722 ;; *************** function _initMain *****************
   723 ;; Defined at:
   724 ;;		line 36 in file "main.c"
   725 ;; Parameters:    Size  Location     Type
   726 ;;		None
   727 ;; Auto vars:     Size  Location     Type
   728 ;;		None
   729 ;; Return value:  Size  Location     Type
   730 ;;                  1    wreg      void 
   731 ;; Registers used:
   732 ;;		wreg, status,2, status,0, pclath, cstack
   733 ;; Tracked objects:
   734 ;;		On entry : 0/0
   735 ;;		On exit  : 0/0
   736 ;;		Unchanged: 0/0
   737 ;; Data sizes:     COMMON   BANK0   BANK1   BANK2   BANK3   BANK4   BANK5   BANK6   BANK7   BANK8   BANK9  BANK10  BANK1
      +1  BANK12  BANK13  BANK14  BANK15  BANK16  BANK17  BANK18  BANK19  BANK20  BANK21  BANK22  BANK23  BANK24  BANK25
   738 ;;      Params:         0       0       0       0       0       0       0       0       0       0       0       0       
      +0       0       0       0       0       0       0       0       0       0       0       0       0       0       0
   739 ;;      Locals:         0       0       0       0       0       0       0       0       0       0       0       0       
      +0       0       0       0       0       0       0       0       0       0       0       0       0       0       0
   740 ;;      Temps:          0       0       0       0       0       0       0       0       0       0       0       0       
      +0       0       0       0       0       0       0       0       0       0       0       0       0       0       0
   741 ;;      Totals:         0       0       0       0       0       0       0       0       0       0       0       0       
      +0       0       0       0       0       0       0       0       0       0       0       0       0       0       0
   742 ;;Total ram usage:        0 bytes
   743 ;; Hardware stack levels used: 1
   744 ;; Hardware stack levels required when called: 1
   745 ;; This function calls:
   746 ;;		_internal_32
   747 ;; This function is called by:
   748 ;;		_main
   749 ;; This function uses a non-reentrant model
   750 ;;
   751                           
   752     07D0                     _initMain:	
   753                           ;psect for function _initMain
   754                           
   755     07D0                     l592:	
   756                           ;incstack = 0
   757                           ; Regs used in _initMain: [wreg+status,2+status,0+pclath+cstack]
   758                           
   759                           
   760                           ;main.c: 38:     internal_32();
   761     07D0  3187  27C7  3187   	fcall	_internal_32
   762     07D3                     l594:
   763                           
   764                           ;main.c: 49:     TRISAbits.TRISA0 = 1;
   765     07D3  0021               	movlb	1	; select bank1
   766     07D4  140C               	bsf	12,0	;volatile
   767     07D5                     l596:
   768                           
   769                           ;main.c: 52:     ANSELAbits.ANSA0 = 1;
   770     07D5  0023               	movlb	3	; select bank3
   771     07D6  140C               	bsf	12,0	;volatile
   772     07D7                     l598:
   773                           
   774                           ;main.c: 59:     PPSLOCK = 0x55;
   775     07D7  3055               	movlw	85
   776     07D8  003C               	movlb	28	; select bank28
   777     07D9  008F               	movwf	15	;volsfr
   778     07DA                     l600:
   779                           
   780                           ;main.c: 60:     PPSLOCK = 0xAA;
   781     07DA  30AA               	movlw	170
   782     07DB  008F               	movwf	15	;volsfr
   783     07DC                     l602:
   784                           
   785                           ;main.c: 61:     PPSLOCKbits.PPSLOCKED = 0x00;
   786     07DC  100F               	bcf	15,0	;volsfr
   787     07DD                     l604:
   788                           
   789                           ;main.c: 63:     RA3PPSbits.RA3PPS = 0x16;
   790     07DD  003D               	movlb	29	; select bank29
   791     07DE  0813               	movf	19,w	;volatile
   792     07DF  39E0               	andlw	-32
   793     07E0  3816               	iorlw	22
   794     07E1  0093               	movwf	19	;volatile
   795     07E2                     l606:
   796                           
   797                           ;main.c: 65:     PPSLOCK = 0x55;
   798     07E2  3055               	movlw	85
   799     07E3  003C               	movlb	28	; select bank28
   800     07E4  008F               	movwf	15	;volsfr
   801     07E5                     l608:
   802                           
   803                           ;main.c: 66:     PPSLOCK = 0xAA;
   804     07E5  30AA               	movlw	170
   805     07E6  008F               	movwf	15	;volsfr
   806     07E7                     l610:
   807                           
   808                           ;main.c: 67:     PPSLOCKbits.PPSLOCKED = 0x01;
   809     07E7  140F               	bsf	15,0	;volsfr
   810     07E8                     l612:
   811                           
   812                           ;main.c: 69:     TRISAbits.TRISA3 = 0;
   813     07E8  0021               	movlb	1	; select bank1
   814     07E9  118C               	bcf	12,3	;volatile
   815     07EA                     l614:
   816                           
   817                           ;main.c: 76:     CM1CON0bits.C1ON = 1;
   818     07EA  0022               	movlb	2	; select bank2
   819     07EB  1791               	bsf	17,7	;volatile
   820     07EC                     l616:
   821                           
   822                           ;main.c: 79:     CM1CON0bits.C1POL = 1;
   823     07EC  1611               	bsf	17,4	;volatile
   824     07ED                     l618:
   825                           
   826                           ;main.c: 82:     CM1CON0bits.C1SP = 1;
   827     07ED  1511               	bsf	17,2	;volatile
   828     07EE                     l620:
   829                           
   830                           ;main.c: 85:     CM1CON0bits.C1HYS =0;
   831     07EE  1091               	bcf	17,1	;volatile
   832     07EF                     l622:
   833                           
   834                           ;main.c: 88:     CM1CON0bits.C1SYNC = 0;
   835     07EF  1011               	bcf	17,0	;volatile
   836     07F0                     l624:
   837                           
   838                           ;main.c: 91:     CM1CON0bits.C1ZLF = 1;
   839     07F0  1591               	bsf	17,3	;volatile
   840     07F1                     l626:
   841                           
   842                           ;main.c: 94:     CM1CON1bits.C1PCH = 0b110;
   843     07F1  0812               	movf	18,w	;volatile
   844     07F2  39C7               	andlw	-57
   845     07F3  3830               	iorlw	48
   846     07F4  0092               	movwf	18	;volatile
   847     07F5                     l628:
   848                           
   849                           ;main.c: 97:     CM1CON1bits.C1NCH = 0b00;
   850     07F5  30F8               	movlw	-8
   851     07F6  0592               	andwf	18,f	;volatile
   852     07F7                     l630:
   853                           
   854                           ;main.c: 105:     FVRCONbits.FVREN = 1;
   855     07F7  1797               	bsf	23,7	;volatile
   856     07F8                     l632:
   857                           
   858                           ;main.c: 108:     FVRCONbits.CDAFVR = 0b10;
   859     07F8  0817               	movf	23,w	;volatile
   860     07F9  39F3               	andlw	-13
   861     07FA  3808               	iorlw	8
   862     07FB  0097               	movwf	23	;volatile
   863     07FC                     l56:
   864     07FC  0008               	return
   865     07FD                     __end_of_initMain:
   866                           
   867                           	psect	text2
   868     07C7                     __ptext2:	
   869 ;; *************** function _internal_32 *****************
   870 ;; Defined at:
   871 ;;		line 36 in file "PIC16F1718_Internal.c"
   872 ;; Parameters:    Size  Location     Type
   873 ;;		None
   874 ;; Auto vars:     Size  Location     Type
   875 ;;		None
   876 ;; Return value:  Size  Location     Type
   877 ;;                  1    wreg      void 
   878 ;; Registers used:
   879 ;;		None
   880 ;; Tracked objects:
   881 ;;		On entry : 0/0
   882 ;;		On exit  : 0/0
   883 ;;		Unchanged: 0/0
   884 ;; Data sizes:     COMMON   BANK0   BANK1   BANK2   BANK3   BANK4   BANK5   BANK6   BANK7   BANK8   BANK9  BANK10  BANK1
      +1  BANK12  BANK13  BANK14  BANK15  BANK16  BANK17  BANK18  BANK19  BANK20  BANK21  BANK22  BANK23  BANK24  BANK25
   885 ;;      Params:         0       0       0       0       0       0       0       0       0       0       0       0       
      +0       0       0       0       0       0       0       0       0       0       0       0       0       0       0
   886 ;;      Locals:         0       0       0       0       0       0       0       0       0       0       0       0       
      +0       0       0       0       0       0       0       0       0       0       0       0       0       0       0
   887 ;;      Temps:          0       0       0       0       0       0       0       0       0       0       0       0       
      +0       0       0       0       0       0       0       0       0       0       0       0       0       0       0
   888 ;;      Totals:         0       0       0       0       0       0       0       0       0       0       0       0       
      +0       0       0       0       0       0       0       0       0       0       0       0       0       0       0
   889 ;;Total ram usage:        0 bytes
   890 ;; Hardware stack levels used: 1
   891 ;; This function calls:
   892 ;;		Nothing
   893 ;; This function is called by:
   894 ;;		_initMain
   895 ;; This function uses a non-reentrant model
   896 ;;
   897                           
   898     07C7                     _internal_32:	
   899                           ;psect for function _internal_32
   900                           
   901     07C7                     l590:	
   902                           ;incstack = 0
   903                           ; Regs used in _internal_32: []
   904                           
   905                           
   906                           ;PIC16F1718_Internal.c: 38:     SCS0 = 0;
   907     07C7  0021               	movlb	1	; select bank1
   908     07C8  1019               	bcf	25,0	;volatile
   909                           
   910                           ;PIC16F1718_Internal.c: 39:     SCS1 = 0;
   911     07C9  1099               	bcf	25,1	;volatile
   912                           
   913                           ;PIC16F1718_Internal.c: 42:     IRCF0 = 0;
   914     07CA  1199               	bcf	25,3	;volatile
   915                           
   916                           ;PIC16F1718_Internal.c: 43:     IRCF1 = 1;
   917     07CB  1619               	bsf	25,4	;volatile
   918                           
   919                           ;PIC16F1718_Internal.c: 44:     IRCF2 = 1;
   920     07CC  1699               	bsf	25,5	;volatile
   921                           
   922                           ;PIC16F1718_Internal.c: 45:     IRCF3 = 1;
   923     07CD  1719               	bsf	25,6	;volatile
   924                           
   925                           ;PIC16F1718_Internal.c: 48:     SPLLEN = 1;
   926     07CE  1799               	bsf	25,7	;volatile
   927     07CF                     l17:
   928     07CF  0008               	return
   929     07D0                     __end_of_internal_32:
   930     007E                     btemp	set	126	;btemp
   931     007E                     wtemp0	set	126
   932                           
   933                           	psect	config
   934                           
   935                           ;Config register CONFIG1 @ 0x8007
   936                           ;	Oscillator Selection Bits
   937                           ;	FOSC = INTOSC, INTOSC oscillator: I/O function on CLKIN pin
   938                           ;	Watchdog Timer Enable
   939                           ;	WDTE = OFF, WDT disabled
   940                           ;	Power-up Timer Enable
   941                           ;	PWRTE = OFF, PWRT disabled
   942                           ;	MCLR Pin Function Select
   943                           ;	MCLRE = OFF, MCLR/VPP pin function is digital input if LVP bit is also 0.
   944                           ;	Flash Program Memory Code Protection
   945                           ;	CP = OFF, Program memory code protection is disabled
   946                           ;	Brown-out Reset Enable
   947                           ;	BOREN = OFF, Brown-out Reset disabled
   948                           ;	Clock Out Enable
   949                           ;	CLKOUTEN = OFF, CLKOUT function is disabled. I/O or oscillator function on the CLKOUT 
      +                          pin
   950                           ;	Internal/External Switchover Mode
   951                           ;	IESO = ON, Internal/External Switchover Mode is enabled
   952                           ;	Fail-Safe Clock Monitor Enable
   953                           ;	FCMEN = OFF, Fail-Safe Clock Monitor is disabled
   954     8007                     	org	32775
   955     8007  19A4               	dw	6564
   956                           
   957                           ;Config register CONFIG2 @ 0x8008
   958                           ;	Flash Memory Self-Write Protection
   959                           ;	WRT = OFF, Write protection off
   960                           ;	Peripheral Pin Select one-way control
   961                           ;	PPS1WAY = ON, The PPSLOCK bit cannot be cleared once it is set by software
   962                           ;	Zero-cross detect disable
   963                           ;	ZCDDIS = ON, ZCD disabled. ZCD can be enabled by setting the ZCDSEN bit of ZCDCON
   964                           ;	Phase Lock Loop enable
   965                           ;	PLLEN = OFF, 4x PLL is disabled
   966                           ;	Stack Overflow/Underflow Reset Enable
   967                           ;	STVREN = ON, Stack Overflow or Underflow will cause a Reset
   968                           ;	Brown-out Reset Voltage Selection
   969                           ;	BORV = LO, Brown-out Reset Voltage (Vbor), low trip point selected.
   970                           ;	Low-Power Brown Out Reset
   971                           ;	LPBOR = OFF, Low-Power BOR is disabled
   972                           ;	In-Circuit Debugger Mode
   973                           ;	DEBUG = 0x1, unprogrammed default
   974                           ;	Low-Voltage Programming Enable
   975                           ;	LVP = OFF, High-voltage on MCLR/VPP must be used for programming
   976     8008                     	org	32776
   977     8008  1EFF               	dw	7935

Data Sizes:
    Strings     0
    Constant    0
    Data        0
    BSS         0
    Persistent  32
    Stack       0

Auto Spaces:
    Space          Size  Autos    Used
    COMMON           14      0       0
    BANK0            80      0       0
    BANK1            80      0       0
    BANK2            80      0       0
    BANK3            80      0       0
    BANK4            80      0       0
    BANK5            80      0       0
    BANK6            80      0       0
    BANK7            80      0       0
    BANK8            80      0       0
    BANK9            80      0       0
    BANK10           80      0       0
    BANK11           80      0       0
    BANK12           80      0       0
    BANK13           80      0       0
    BANK14           80      0       0
    BANK15           80      0       0
    BANK16           80      0       0
    BANK17           80      0       0
    BANK18           80      0       0
    BANK19           80      0       0
    BANK20           80      0       0
    BANK21           80      0       0
    BANK22           80      0       0
    BANK23           80      0       0
    BANK24           80      0       0
    BANK25           32      0       0

Pointer List with Targets:

    None.

Critical Paths under _main in COMMON

    None.

Critical Paths under _main in BANK0

    None.

Critical Paths under _main in BANK1

    None.

Critical Paths under _main in BANK2

    None.

Critical Paths under _main in BANK3

    None.

Critical Paths under _main in BANK4

    None.

Critical Paths under _main in BANK5

    None.

Critical Paths under _main in BANK6

    None.

Critical Paths under _main in BANK7

    None.

Critical Paths under _main in BANK8

    None.

Critical Paths under _main in BANK9

    None.

Critical Paths under _main in BANK10

    None.

Critical Paths under _main in BANK11

    None.

Critical Paths under _main in BANK12

    None.

Critical Paths under _main in BANK13

    None.

Critical Paths under _main in BANK14

    None.

Critical Paths under _main in BANK15

    None.

Critical Paths under _main in BANK16

    None.

Critical Paths under _main in BANK17

    None.

Critical Paths under _main in BANK18

    None.

Critical Paths under _main in BANK19

    None.

Critical Paths under _main in BANK20

    None.

Critical Paths under _main in BANK21

    None.

Critical Paths under _main in BANK22

    None.

Critical Paths under _main in BANK23

    None.

Critical Paths under _main in BANK24

    None.

Critical Paths under _main in BANK25

    None.

Call Graph Tables:

 ---------------------------------------------------------------------------------
 (Depth) Function   	        Calls       Base Space   Used Autos Params    Refs
 ---------------------------------------------------------------------------------
 (0) _main                                                 0     0      0       0
                           _initMain
 ---------------------------------------------------------------------------------
 (1) _initMain                                             0     0      0       0
                        _internal_32
 ---------------------------------------------------------------------------------
 (2) _internal_32                                          0     0      0       0
 ---------------------------------------------------------------------------------
 Estimated maximum stack depth 2
 ---------------------------------------------------------------------------------

 Call Graph Graphs:

 _main (ROOT)
   _initMain
     _internal_32

 Address spaces:
Name               Size   Autos  Total    Cost      Usage
BIGRAM             7F0      0       0       0        0.0%
NULL                 0      0       0       0        0.0%
CODE                 0      0       0       0        0.0%
BITCOMMON            E      0       0       1        0.0%
BITSFR0              0      0       0       1        0.0%
SFR0                 0      0       0       1        0.0%
COMMON               E      0       0       2        0.0%
BITSFR1              0      0       0       2        0.0%
SFR1                 0      0       0       2        0.0%
BITSFR2              0      0       0       3        0.0%
SFR2                 0      0       0       3        0.0%
STACK                0      0       0       3        0.0%
BITBANK0            50      0       0       4        0.0%
BITSFR3              0      0       0       4        0.0%
SFR3                 0      0       0       4        0.0%
BANK0               50      0       0       5        0.0%
BITSFR4              0      0       0       5        0.0%
SFR4                 0      0       0       5        0.0%
BITBANK1            50      0       0       6        0.0%
BITSFR5              0      0       0       6        0.0%
SFR5                 0      0       0       6        0.0%
BANK1               50      0       0       7        0.0%
BITSFR6              0      0       0       7        0.0%
SFR6                 0      0       0       7        0.0%
BITBANK2            50      0       0       8        0.0%
BITSFR7              0      0       0       8        0.0%
SFR7                 0      0       0       8        0.0%
BANK2               50      0       0       9        0.0%
BITSFR8              0      0       0       9        0.0%
SFR8                 0      0       0       9        0.0%
BITBANK3            50      0       0      10        0.0%
BITSFR9              0      0       0      10        0.0%
SFR9                 0      0       0      10        0.0%
BANK3               50      0       0      11        0.0%
BITSFR10             0      0       0      11        0.0%
SFR10                0      0       0      11        0.0%
BITBANK4            50      0       0      12        0.0%
BITSFR11             0      0       0      12        0.0%
SFR11                0      0       0      12        0.0%
BANK4               50      0       0      13        0.0%
BITSFR12             0      0       0      13        0.0%
SFR12                0      0       0      13        0.0%
BITSFR13             0      0       0      14        0.0%
SFR13                0      0       0      14        0.0%
ABS                  0      0       0      14        0.0%
BITBANK5            50      0       0      15        0.0%
BITSFR14             0      0       0      15        0.0%
SFR14                0      0       0      15        0.0%
BANK5               50      0       0      16        0.0%
BITSFR15             0      0       0      16        0.0%
SFR15                0      0       0      16        0.0%
BITBANK6            50      0       0      17        0.0%
BITSFR16             0      0       0      17        0.0%
SFR16                0      0       0      17        0.0%
BANK6               50      0       0      18        0.0%
BITSFR17             0      0       0      18        0.0%
SFR17                0      0       0      18        0.0%
BITBANK7            50      0       0      19        0.0%
BITSFR18             0      0       0      19        0.0%
SFR18                0      0       0      19        0.0%
BANK7               50      0       0      20        0.0%
BITSFR19             0      0       0      20        0.0%
SFR19                0      0       0      20        0.0%
BITBANK8            50      0       0      21        0.0%
BITSFR20             0      0       0      21        0.0%
SFR20                0      0       0      21        0.0%
BANK8               50      0       0      22        0.0%
BITSFR21             0      0       0      22        0.0%
SFR21                0      0       0      22        0.0%
BITBANK9            50      0       0      23        0.0%
BITSFR22             0      0       0      23        0.0%
SFR22                0      0       0      23        0.0%
BANK9               50      0       0      24        0.0%
BITSFR23             0      0       0      24        0.0%
SFR23                0      0       0      24        0.0%
BITBANK10           50      0       0      25        0.0%
BITSFR24             0      0       0      25        0.0%
SFR24                0      0       0      25        0.0%
BANK10              50      0       0      26        0.0%
BITSFR25             0      0       0      26        0.0%
SFR25                0      0       0      26        0.0%
BITBANK11           50      0       0      27        0.0%
BITSFR26             0      0       0      27        0.0%
SFR26                0      0       0      27        0.0%
BITSFR27             0      0       0      28        0.0%
SFR27                0      0       0      28        0.0%
DATA                 0      0       0      28        0.0%
BANK11              50      0       0      29        0.0%
BITSFR28             0      0       0      29        0.0%
SFR28                0      0       0      29        0.0%
BITBANK12           50      0       0      30        0.0%
BITSFR29             0      0       0      30        0.0%
SFR29                0      0       0      30        0.0%
BANK12              50      0       0      31        0.0%
BITSFR30             0      0       0      31        0.0%
SFR30                0      0       0      31        0.0%
BITBANK13           50      0       0      32        0.0%
BITSFR31             0      0       0      32        0.0%
SFR31                0      0       0      32        0.0%
BANK13              50      0       0      33        0.0%
BITBANK14           50      0       0      34        0.0%
BANK14              50      0       0      35        0.0%
BITBANK15           50      0       0      36        0.0%
BANK15              50      0       0      37        0.0%
BITBANK16           50      0       0      38        0.0%
BANK16              50      0       0      39        0.0%
BITBANK17           50      0       0      40        0.0%
BANK17              50      0       0      41        0.0%
BITBANK18           50      0       0      42        0.0%
BANK18              50      0       0      43        0.0%
BITBANK19           50      0       0      44        0.0%
BANK19              50      0       0      45        0.0%
BITBANK20           50      0       0      46        0.0%
BANK20              50      0       0      47        0.0%
BITBANK21           50      0       0      48        0.0%
BANK21              50      0       0      49        0.0%
BITBANK22           50      0       0      50        0.0%
BANK22              50      0       0      51        0.0%
BITBANK23           50      0       0      52        0.0%
BANK23              50      0       0      53        0.0%
BITBANK24           50      0       0      54        0.0%
BANK24              50      0       0      55        0.0%
BITBANK25           20      0       0      56        0.0%
BANK25              20      0       0      57        0.0%


Microchip Technology PIC Macro Assembler V2.46 build 20240104201356 
Symbol Table                                                                                   Thu Dec 25 19:34:11 2025

                     l17 07CF                       l61 07C3                       l56 07FC  
                    l600 07DA                      l610 07E7                      l602 07DC  
                    l620 07EE                      l612 07E8                      l604 07DD  
                    l630 07F7                      l622 07EF                      l614 07EA  
                    l606 07E2                      l632 07F8                      l624 07F0  
                    l616 07EC                      l608 07E5                      l626 07F1  
                    l618 07ED                      l628 07F5                      l590 07C7  
                    l646 07C0                      l592 07D0                      l594 07D3  
                    l596 07D5                      l598 07D7                     _SCS0 04C8  
                   _SCS1 04C9                     _main 07C0                     btemp 007E  
                   start 0002                    ?_main 0000                    _IRCF0 04CB  
                  _IRCF1 04CC                    _IRCF2 04CD                    _IRCF3 04CE  
                  wtemp0 007E             ?_internal_32 0000          __initialization 07FD  
           __end_of_main 07C7                   ??_main 0000                   _SPLLEN 04CF  
       __end_of_initMain 07FD  __end_of__initialization 07FD           __pcstackCOMMON 0000  
             __pmaintext 07C0                  _PPSLOCK 0E0F                ?_initMain 0000  
                __ptext1 07D0                  __ptext2 07C7     end_of_initialization 07FD  
             ??_initMain 0000                _TRISAbits 008C              _CM1CON0bits 0111  
            _CM1CON1bits 0112      start_initialization 07FD                ___latbits 0003  
          ??_internal_32 0000      __end_of_internal_32 07D0               _ANSELAbits 018C  
               _initMain 07D0              _internal_32 07C7               _RA3PPSbits 0E93  
             _FVRCONbits 0117              _PPSLOCKbits 0E0F  
