

Microchip MPLAB XC8 Assembler V2.45 build 20230818022343 
                                                                                               Tue Dec 05 06:46:41 2023

Microchip MPLAB XC8 C Compiler v2.45 (Free license) build 20230818022343 Og1 
     1                           	processor	16F1719
     2                           	pagewidth 120
     3                           	opt	flic
     4                           	psect	cinit,global,class=CODE,merge=1,delta=2
     5                           	psect	bssBANK0,global,class=BANK0,space=1,delta=1,noexec
     6                           	psect	cstackCOMMON,global,class=COMMON,space=1,delta=1,noexec
     7                           	psect	cstackBANK0,global,class=BANK0,space=1,delta=1,noexec
     8                           	psect	maintext,global,class=CODE,merge=1,split=1,delta=2
     9                           	psect	text1,local,class=CODE,merge=1,delta=2
    10                           	psect	text2,local,class=CODE,merge=1,delta=2
    11                           	psect	text3,local,class=CODE,merge=1,delta=2
    12                           	psect	text4,local,class=CODE,merge=1,delta=2,group=1
    13                           	psect	text5,local,class=CODE,merge=1,delta=2,group=1
    14                           	psect	config,global,abs,ovrld,class=CONFIG,space=4,delta=2,noexec
    15                           	dabs	1,0x7E,2
    16     0000                     
    17                           ; Generated 06/07/2023 GMT
    18                           ; 
    19                           ; Copyright © 2023, Microchip Technology Inc. and its subsidiaries ("Microchip")
    20                           ; All rights reserved.
    21                           ; 
    22                           ; This software is developed by Microchip Technology Inc. and its subsidiaries ("Microch
      +                          ip").
    23                           ; 
    24                           ; Redistribution and use in source and binary forms, with or without modification, are
    25                           ; permitted provided that the following conditions are met:
    26                           ; 
    27                           ;     1. Redistributions of source code must retain the above copyright notice, this lis
      +                          t of
    28                           ;        conditions and the following disclaimer.
    29                           ; 
    30                           ;     2. Redistributions in binary form must reproduce the above copyright notice, this 
      +                          list
    31                           ;        of conditions and the following disclaimer in the documentation and/or other
    32                           ;        materials provided with the distribution. Publication is not required when
    33                           ;        this file is used in an embedded application.
    34                           ; 
    35                           ;     3. Microchip's name may not be used to endorse or promote products derived from th
      +                          is
    36                           ;        software without specific prior written permission.
    37                           ; 
    38                           ; THIS SOFTWARE IS PROVIDED BY MICROCHIP "AS IS" AND ANY EXPRESS OR IMPLIED WARRANTIES,
    39                           ; INCLUDING, BUT NOT LIMITED TO, THE IMPLIED WARRANTIES OF MERCHANTABILITY AND FITNESS F
      +                          OR
    40                           ; PURPOSE ARE DISCLAIMED.  IN NO EVENT SHALL MICROCHIP BE LIABLE FOR ANY DIRECT, INDIREC
      +                          T,
    41                           ; INCIDENTAL, SPECIAL, EXEMPLARY, OR CONSEQUENTIAL DAMAGES (INCLUDING BUT NOT LIMITED TO
    42                           ; PROCUREMENT OF SUBSTITUTE GOODS OR SERVICES; LOSS OF USE, DATA OR PROFITS; OR BUSINESS
    43                           ; INTERRUPTION) HOWSOEVER CAUSED AND ON ANY THEORY OF LIABILITY, WHETHER IN CONTRACT, ST
      +                          RICT
    44                           ; LIABILITY, OR TORT (INCLUDING NEGLIGENCE OR OTHERWISE) ARISING IN ANY WAY OUT OF THE U
      +                          SE OF
    45                           ; THIS SOFTWARE, EVEN IF ADVISED OF THE POSSIBILITY OF SUCH DAMAGE.
    46                           ; 
    47                           ; 
    48                           ; Code-generator required, PIC16F1719 Definitions
    49                           ; 
    50                           ; SFR Addresses
    51     0000                     	;# 
    52     0001                     	;# 
    53     0002                     	;# 
    54     0003                     	;# 
    55     0004                     	;# 
    56     0005                     	;# 
    57     0006                     	;# 
    58     0007                     	;# 
    59     0008                     	;# 
    60     0009                     	;# 
    61     000A                     	;# 
    62     000B                     	;# 
    63     000C                     	;# 
    64     000D                     	;# 
    65     000E                     	;# 
    66     000F                     	;# 
    67     0010                     	;# 
    68     0011                     	;# 
    69     0012                     	;# 
    70     0013                     	;# 
    71     0015                     	;# 
    72     0016                     	;# 
    73     0016                     	;# 
    74     0017                     	;# 
    75     0018                     	;# 
    76     0019                     	;# 
    77     001A                     	;# 
    78     001B                     	;# 
    79     001C                     	;# 
    80     008C                     	;# 
    81     008D                     	;# 
    82     008E                     	;# 
    83     008F                     	;# 
    84     0090                     	;# 
    85     0091                     	;# 
    86     0092                     	;# 
    87     0093                     	;# 
    88     0095                     	;# 
    89     0096                     	;# 
    90     0097                     	;# 
    91     0098                     	;# 
    92     0099                     	;# 
    93     009A                     	;# 
    94     009B                     	;# 
    95     009B                     	;# 
    96     009C                     	;# 
    97     009D                     	;# 
    98     009E                     	;# 
    99     009F                     	;# 
   100     010C                     	;# 
   101     010D                     	;# 
   102     010E                     	;# 
   103     010F                     	;# 
   104     0110                     	;# 
   105     0111                     	;# 
   106     0112                     	;# 
   107     0113                     	;# 
   108     0114                     	;# 
   109     0115                     	;# 
   110     0116                     	;# 
   111     0117                     	;# 
   112     0118                     	;# 
   113     0119                     	;# 
   114     011A                     	;# 
   115     011B                     	;# 
   116     011B                     	;# 
   117     011C                     	;# 
   118     018C                     	;# 
   119     018D                     	;# 
   120     018E                     	;# 
   121     018F                     	;# 
   122     0190                     	;# 
   123     0191                     	;# 
   124     0191                     	;# 
   125     0192                     	;# 
   126     0193                     	;# 
   127     0193                     	;# 
   128     0194                     	;# 
   129     0195                     	;# 
   130     0196                     	;# 
   131     0197                     	;# 
   132     0199                     	;# 
   133     0199                     	;# 
   134     0199                     	;# 
   135     019A                     	;# 
   136     019A                     	;# 
   137     019A                     	;# 
   138     019B                     	;# 
   139     019B                     	;# 
   140     019B                     	;# 
   141     019B                     	;# 
   142     019B                     	;# 
   143     019C                     	;# 
   144     019C                     	;# 
   145     019C                     	;# 
   146     019D                     	;# 
   147     019D                     	;# 
   148     019D                     	;# 
   149     019E                     	;# 
   150     019E                     	;# 
   151     019E                     	;# 
   152     019F                     	;# 
   153     019F                     	;# 
   154     019F                     	;# 
   155     019F                     	;# 
   156     019F                     	;# 
   157     020C                     	;# 
   158     020D                     	;# 
   159     020E                     	;# 
   160     020F                     	;# 
   161     0210                     	;# 
   162     0211                     	;# 
   163     0211                     	;# 
   164     0212                     	;# 
   165     0212                     	;# 
   166     0213                     	;# 
   167     0213                     	;# 
   168     0214                     	;# 
   169     0214                     	;# 
   170     0215                     	;# 
   171     0215                     	;# 
   172     0215                     	;# 
   173     0215                     	;# 
   174     0216                     	;# 
   175     0216                     	;# 
   176     0217                     	;# 
   177     0217                     	;# 
   178     028C                     	;# 
   179     028D                     	;# 
   180     028E                     	;# 
   181     028F                     	;# 
   182     0290                     	;# 
   183     0291                     	;# 
   184     0291                     	;# 
   185     0292                     	;# 
   186     0293                     	;# 
   187     0293                     	;# 
   188     0298                     	;# 
   189     0298                     	;# 
   190     0299                     	;# 
   191     029A                     	;# 
   192     029A                     	;# 
   193     029E                     	;# 
   194     030C                     	;# 
   195     030D                     	;# 
   196     030E                     	;# 
   197     030F                     	;# 
   198     0310                     	;# 
   199     038C                     	;# 
   200     038D                     	;# 
   201     038E                     	;# 
   202     038F                     	;# 
   203     0390                     	;# 
   204     0391                     	;# 
   205     0392                     	;# 
   206     0393                     	;# 
   207     0394                     	;# 
   208     0395                     	;# 
   209     0396                     	;# 
   210     0397                     	;# 
   211     0398                     	;# 
   212     0399                     	;# 
   213     039D                     	;# 
   214     039E                     	;# 
   215     039F                     	;# 
   216     0415                     	;# 
   217     0416                     	;# 
   218     0417                     	;# 
   219     041C                     	;# 
   220     041D                     	;# 
   221     041E                     	;# 
   222     0498                     	;# 
   223     0498                     	;# 
   224     0499                     	;# 
   225     049A                     	;# 
   226     049B                     	;# 
   227     049B                     	;# 
   228     049C                     	;# 
   229     049D                     	;# 
   230     049E                     	;# 
   231     049F                     	;# 
   232     0511                     	;# 
   233     0515                     	;# 
   234     0617                     	;# 
   235     0618                     	;# 
   236     0619                     	;# 
   237     0619                     	;# 
   238     061A                     	;# 
   239     061B                     	;# 
   240     061C                     	;# 
   241     061C                     	;# 
   242     0691                     	;# 
   243     0692                     	;# 
   244     0693                     	;# 
   245     0694                     	;# 
   246     0695                     	;# 
   247     0696                     	;# 
   248     0697                     	;# 
   249     0698                     	;# 
   250     0699                     	;# 
   251     069A                     	;# 
   252     069B                     	;# 
   253     069C                     	;# 
   254     069D                     	;# 
   255     069E                     	;# 
   256     069F                     	;# 
   257     0E0F                     	;# 
   258     0E10                     	;# 
   259     0E11                     	;# 
   260     0E12                     	;# 
   261     0E13                     	;# 
   262     0E14                     	;# 
   263     0E15                     	;# 
   264     0E17                     	;# 
   265     0E20                     	;# 
   266     0E21                     	;# 
   267     0E22                     	;# 
   268     0E24                     	;# 
   269     0E25                     	;# 
   270     0E28                     	;# 
   271     0E29                     	;# 
   272     0E2A                     	;# 
   273     0E2B                     	;# 
   274     0E90                     	;# 
   275     0E91                     	;# 
   276     0E92                     	;# 
   277     0E93                     	;# 
   278     0E94                     	;# 
   279     0E95                     	;# 
   280     0E96                     	;# 
   281     0E97                     	;# 
   282     0E98                     	;# 
   283     0E99                     	;# 
   284     0E9A                     	;# 
   285     0E9B                     	;# 
   286     0E9C                     	;# 
   287     0E9D                     	;# 
   288     0E9E                     	;# 
   289     0E9F                     	;# 
   290     0EA0                     	;# 
   291     0EA1                     	;# 
   292     0EA2                     	;# 
   293     0EA3                     	;# 
   294     0EA4                     	;# 
   295     0EA5                     	;# 
   296     0EA6                     	;# 
   297     0EA7                     	;# 
   298     0EA8                     	;# 
   299     0EA9                     	;# 
   300     0EAA                     	;# 
   301     0EAB                     	;# 
   302     0EAC                     	;# 
   303     0EAD                     	;# 
   304     0EAE                     	;# 
   305     0EAF                     	;# 
   306     0EB0                     	;# 
   307     0EB1                     	;# 
   308     0EB2                     	;# 
   309     0F0F                     	;# 
   310     0F10                     	;# 
   311     0F11                     	;# 
   312     0F12                     	;# 
   313     0F13                     	;# 
   314     0F14                     	;# 
   315     0F15                     	;# 
   316     0F16                     	;# 
   317     0F17                     	;# 
   318     0F18                     	;# 
   319     0F19                     	;# 
   320     0F1A                     	;# 
   321     0F1B                     	;# 
   322     0F1C                     	;# 
   323     0F1D                     	;# 
   324     0F1E                     	;# 
   325     0F1F                     	;# 
   326     0F20                     	;# 
   327     0F21                     	;# 
   328     0F22                     	;# 
   329     0F23                     	;# 
   330     0F24                     	;# 
   331     0F25                     	;# 
   332     0F26                     	;# 
   333     0F27                     	;# 
   334     0F28                     	;# 
   335     0F29                     	;# 
   336     0F2A                     	;# 
   337     0F2B                     	;# 
   338     0F2C                     	;# 
   339     0F2D                     	;# 
   340     0F2E                     	;# 
   341     0F2F                     	;# 
   342     0F30                     	;# 
   343     0F31                     	;# 
   344     0F32                     	;# 
   345     0F33                     	;# 
   346     0F34                     	;# 
   347     0F35                     	;# 
   348     0F36                     	;# 
   349     0F37                     	;# 
   350     0FE4                     	;# 
   351     0FE5                     	;# 
   352     0FE6                     	;# 
   353     0FE7                     	;# 
   354     0FE8                     	;# 
   355     0FE9                     	;# 
   356     0FEA                     	;# 
   357     0FEB                     	;# 
   358     0FED                     	;# 
   359     0FEE                     	;# 
   360     0FEF                     	;# 
   361     0000                     	;# 
   362     0001                     	;# 
   363     0002                     	;# 
   364     0003                     	;# 
   365     0004                     	;# 
   366     0005                     	;# 
   367     0006                     	;# 
   368     0007                     	;# 
   369     0008                     	;# 
   370     0009                     	;# 
   371     000A                     	;# 
   372     000B                     	;# 
   373     000C                     	;# 
   374     000D                     	;# 
   375     000E                     	;# 
   376     000F                     	;# 
   377     0010                     	;# 
   378     0011                     	;# 
   379     0012                     	;# 
   380     0013                     	;# 
   381     0015                     	;# 
   382     0016                     	;# 
   383     0016                     	;# 
   384     0017                     	;# 
   385     0018                     	;# 
   386     0019                     	;# 
   387     001A                     	;# 
   388     001B                     	;# 
   389     001C                     	;# 
   390     008C                     	;# 
   391     008D                     	;# 
   392     008E                     	;# 
   393     008F                     	;# 
   394     0090                     	;# 
   395     0091                     	;# 
   396     0092                     	;# 
   397     0093                     	;# 
   398     0095                     	;# 
   399     0096                     	;# 
   400     0097                     	;# 
   401     0098                     	;# 
   402     0099                     	;# 
   403     009A                     	;# 
   404     009B                     	;# 
   405     009B                     	;# 
   406     009C                     	;# 
   407     009D                     	;# 
   408     009E                     	;# 
   409     009F                     	;# 
   410     010C                     	;# 
   411     010D                     	;# 
   412     010E                     	;# 
   413     010F                     	;# 
   414     0110                     	;# 
   415     0111                     	;# 
   416     0112                     	;# 
   417     0113                     	;# 
   418     0114                     	;# 
   419     0115                     	;# 
   420     0116                     	;# 
   421     0117                     	;# 
   422     0118                     	;# 
   423     0119                     	;# 
   424     011A                     	;# 
   425     011B                     	;# 
   426     011B                     	;# 
   427     011C                     	;# 
   428     018C                     	;# 
   429     018D                     	;# 
   430     018E                     	;# 
   431     018F                     	;# 
   432     0190                     	;# 
   433     0191                     	;# 
   434     0191                     	;# 
   435     0192                     	;# 
   436     0193                     	;# 
   437     0193                     	;# 
   438     0194                     	;# 
   439     0195                     	;# 
   440     0196                     	;# 
   441     0197                     	;# 
   442     0199                     	;# 
   443     0199                     	;# 
   444     0199                     	;# 
   445     019A                     	;# 
   446     019A                     	;# 
   447     019A                     	;# 
   448     019B                     	;# 
   449     019B                     	;# 
   450     019B                     	;# 
   451     019B                     	;# 
   452     019B                     	;# 
   453     019C                     	;# 
   454     019C                     	;# 
   455     019C                     	;# 
   456     019D                     	;# 
   457     019D                     	;# 
   458     019D                     	;# 
   459     019E                     	;# 
   460     019E                     	;# 
   461     019E                     	;# 
   462     019F                     	;# 
   463     019F                     	;# 
   464     019F                     	;# 
   465     019F                     	;# 
   466     019F                     	;# 
   467     020C                     	;# 
   468     020D                     	;# 
   469     020E                     	;# 
   470     020F                     	;# 
   471     0210                     	;# 
   472     0211                     	;# 
   473     0211                     	;# 
   474     0212                     	;# 
   475     0212                     	;# 
   476     0213                     	;# 
   477     0213                     	;# 
   478     0214                     	;# 
   479     0214                     	;# 
   480     0215                     	;# 
   481     0215                     	;# 
   482     0215                     	;# 
   483     0215                     	;# 
   484     0216                     	;# 
   485     0216                     	;# 
   486     0217                     	;# 
   487     0217                     	;# 
   488     028C                     	;# 
   489     028D                     	;# 
   490     028E                     	;# 
   491     028F                     	;# 
   492     0290                     	;# 
   493     0291                     	;# 
   494     0291                     	;# 
   495     0292                     	;# 
   496     0293                     	;# 
   497     0293                     	;# 
   498     0298                     	;# 
   499     0298                     	;# 
   500     0299                     	;# 
   501     029A                     	;# 
   502     029A                     	;# 
   503     029E                     	;# 
   504     030C                     	;# 
   505     030D                     	;# 
   506     030E                     	;# 
   507     030F                     	;# 
   508     0310                     	;# 
   509     038C                     	;# 
   510     038D                     	;# 
   511     038E                     	;# 
   512     038F                     	;# 
   513     0390                     	;# 
   514     0391                     	;# 
   515     0392                     	;# 
   516     0393                     	;# 
   517     0394                     	;# 
   518     0395                     	;# 
   519     0396                     	;# 
   520     0397                     	;# 
   521     0398                     	;# 
   522     0399                     	;# 
   523     039D                     	;# 
   524     039E                     	;# 
   525     039F                     	;# 
   526     0415                     	;# 
   527     0416                     	;# 
   528     0417                     	;# 
   529     041C                     	;# 
   530     041D                     	;# 
   531     041E                     	;# 
   532     0498                     	;# 
   533     0498                     	;# 
   534     0499                     	;# 
   535     049A                     	;# 
   536     049B                     	;# 
   537     049B                     	;# 
   538     049C                     	;# 
   539     049D                     	;# 
   540     049E                     	;# 
   541     049F                     	;# 
   542     0511                     	;# 
   543     0515                     	;# 
   544     0617                     	;# 
   545     0618                     	;# 
   546     0619                     	;# 
   547     0619                     	;# 
   548     061A                     	;# 
   549     061B                     	;# 
   550     061C                     	;# 
   551     061C                     	;# 
   552     0691                     	;# 
   553     0692                     	;# 
   554     0693                     	;# 
   555     0694                     	;# 
   556     0695                     	;# 
   557     0696                     	;# 
   558     0697                     	;# 
   559     0698                     	;# 
   560     0699                     	;# 
   561     069A                     	;# 
   562     069B                     	;# 
   563     069C                     	;# 
   564     069D                     	;# 
   565     069E                     	;# 
   566     069F                     	;# 
   567     0E0F                     	;# 
   568     0E10                     	;# 
   569     0E11                     	;# 
   570     0E12                     	;# 
   571     0E13                     	;# 
   572     0E14                     	;# 
   573     0E15                     	;# 
   574     0E17                     	;# 
   575     0E20                     	;# 
   576     0E21                     	;# 
   577     0E22                     	;# 
   578     0E24                     	;# 
   579     0E25                     	;# 
   580     0E28                     	;# 
   581     0E29                     	;# 
   582     0E2A                     	;# 
   583     0E2B                     	;# 
   584     0E90                     	;# 
   585     0E91                     	;# 
   586     0E92                     	;# 
   587     0E93                     	;# 
   588     0E94                     	;# 
   589     0E95                     	;# 
   590     0E96                     	;# 
   591     0E97                     	;# 
   592     0E98                     	;# 
   593     0E99                     	;# 
   594     0E9A                     	;# 
   595     0E9B                     	;# 
   596     0E9C                     	;# 
   597     0E9D                     	;# 
   598     0E9E                     	;# 
   599     0E9F                     	;# 
   600     0EA0                     	;# 
   601     0EA1                     	;# 
   602     0EA2                     	;# 
   603     0EA3                     	;# 
   604     0EA4                     	;# 
   605     0EA5                     	;# 
   606     0EA6                     	;# 
   607     0EA7                     	;# 
   608     0EA8                     	;# 
   609     0EA9                     	;# 
   610     0EAA                     	;# 
   611     0EAB                     	;# 
   612     0EAC                     	;# 
   613     0EAD                     	;# 
   614     0EAE                     	;# 
   615     0EAF                     	;# 
   616     0EB0                     	;# 
   617     0EB1                     	;# 
   618     0EB2                     	;# 
   619     0F0F                     	;# 
   620     0F10                     	;# 
   621     0F11                     	;# 
   622     0F12                     	;# 
   623     0F13                     	;# 
   624     0F14                     	;# 
   625     0F15                     	;# 
   626     0F16                     	;# 
   627     0F17                     	;# 
   628     0F18                     	;# 
   629     0F19                     	;# 
   630     0F1A                     	;# 
   631     0F1B                     	;# 
   632     0F1C                     	;# 
   633     0F1D                     	;# 
   634     0F1E                     	;# 
   635     0F1F                     	;# 
   636     0F20                     	;# 
   637     0F21                     	;# 
   638     0F22                     	;# 
   639     0F23                     	;# 
   640     0F24                     	;# 
   641     0F25                     	;# 
   642     0F26                     	;# 
   643     0F27                     	;# 
   644     0F28                     	;# 
   645     0F29                     	;# 
   646     0F2A                     	;# 
   647     0F2B                     	;# 
   648     0F2C                     	;# 
   649     0F2D                     	;# 
   650     0F2E                     	;# 
   651     0F2F                     	;# 
   652     0F30                     	;# 
   653     0F31                     	;# 
   654     0F32                     	;# 
   655     0F33                     	;# 
   656     0F34                     	;# 
   657     0F35                     	;# 
   658     0F36                     	;# 
   659     0F37                     	;# 
   660     0FE4                     	;# 
   661     0FE5                     	;# 
   662     0FE6                     	;# 
   663     0FE7                     	;# 
   664     0FE8                     	;# 
   665     0FE9                     	;# 
   666     0FEA                     	;# 
   667     0FEB                     	;# 
   668     0FED                     	;# 
   669     0FEE                     	;# 
   670     0FEF                     	;# 
   671     000F                     _PORTD	set	15
   672     008F                     _TRISD	set	143
   673     04CF                     _SPLLEN	set	1231
   674     04CE                     _IRCF3	set	1230
   675     04CD                     _IRCF2	set	1229
   676     04CC                     _IRCF1	set	1228
   677     04CB                     _IRCF0	set	1227
   678     04C9                     _SCS1	set	1225
   679     04C8                     _SCS0	set	1224
   680                           
   681                           	psect	cinit
   682     07F6                     start_initialization:	
   683                           ; #config settings
   684                           
   685     07F6                     __initialization:
   686                           
   687                           ; Clear objects allocated to BANK0
   688     07F6  0020               	movlb	0	; select bank0
   689     07F7  01AC               	clrf	__pbssBANK0& (0+127)
   690     07F8  01AD               	clrf	(__pbssBANK0+1)& (0+127)
   691     07F9  01AE               	clrf	(__pbssBANK0+2)& (0+127)
   692     07FA  01AF               	clrf	(__pbssBANK0+3)& (0+127)
   693     07FB  01B0               	clrf	(__pbssBANK0+4)& (0+127)
   694     07FC  01B1               	clrf	(__pbssBANK0+5)& (0+127)
   695     07FD                     end_of_initialization:	
   696                           ;End of C runtime variable initialization code
   697                           
   698     07FD                     __end_of__initialization:
   699     07FD  0020               	movlb	0
   700     07FE  3187  2F8B         	ljmp	_main	;jump to C main() function
   701                           
   702                           	psect	bssBANK0
   703     002C                     __pbssBANK0:
   704     002C                     _i:
   705     002C                     	ds	4
   706     0030                     _digitCount:
   707     0030                     	ds	1
   708     0031                     _digit:
   709     0031                     	ds	1
   710                           
   711                           	psect	cstackCOMMON
   712     0070                     __pcstackCOMMON:
   713     0070                     ?_internal_16:
   714     0070                     ??_internal_16:	
   715                           ; 1 bytes @ 0x0
   716                           
   717     0070                     ?_initMain:	
   718                           ; 1 bytes @ 0x0
   719                           
   720     0070                     ??_initMain:	
   721                           ; 1 bytes @ 0x0
   722                           
   723     0070                     ?_main:	
   724                           ; 1 bytes @ 0x0
   725                           
   726     0070                     ?_seg:	
   727                           ; 1 bytes @ 0x0
   728                           
   729     0070                     ?___lldiv:	
   730                           ; 2 bytes @ 0x0
   731                           
   732     0070                     seg@num:	
   733                           ; 4 bytes @ 0x0
   734                           
   735     0070                     ___lldiv@divisor:	
   736                           ; 2 bytes @ 0x0
   737                           
   738                           
   739                           ; 4 bytes @ 0x0
   740     0070                     	ds	2
   741     0072                     ??_seg:
   742                           
   743                           ; 1 bytes @ 0x2
   744     0072                     	ds	2
   745     0074                     ___lldiv@dividend:
   746                           
   747                           ; 4 bytes @ 0x4
   748     0074                     	ds	4
   749     0078                     ??___lldiv:
   750                           
   751                           ; 1 bytes @ 0x8
   752     0078                     	ds	1
   753     0079                     ___lldiv@quotient:
   754                           
   755                           ; 4 bytes @ 0x9
   756     0079                     	ds	4
   757     007D                     ___lldiv@counter:
   758                           
   759                           ; 1 bytes @ 0xD
   760     007D                     	ds	1
   761                           
   762                           	psect	cstackBANK0
   763     0020                     __pcstackBANK0:
   764     0020                     ?___llmod:
   765     0020                     ___llmod@divisor:	
   766                           ; 4 bytes @ 0x0
   767                           
   768                           
   769                           ; 4 bytes @ 0x0
   770     0020                     	ds	4
   771     0024                     ___llmod@dividend:
   772                           
   773                           ; 4 bytes @ 0x4
   774     0024                     	ds	4
   775     0028                     ??___llmod:
   776                           
   777                           ; 1 bytes @ 0x8
   778     0028                     	ds	1
   779     0029                     ___llmod@counter:
   780                           
   781                           ; 1 bytes @ 0x9
   782     0029                     	ds	1
   783     002A                     ??_main:
   784                           
   785                           ; 1 bytes @ 0xA
   786     002A                     	ds	2
   787                           
   788                           	psect	maintext
   789     078B                     __pmaintext:	
   790 ;;
   791 ;;Main: autosize = 0, tempsize = 2, incstack = 0, save=0
   792 ;;
   793 ;; *************** function _main *****************
   794 ;; Defined at:
   795 ;;		line 84 in file "main.c"
   796 ;; Parameters:    Size  Location     Type
   797 ;;		None
   798 ;; Auto vars:     Size  Location     Type
   799 ;;		None
   800 ;; Return value:  Size  Location     Type
   801 ;;                  1    wreg      void 
   802 ;; Registers used:
   803 ;;		wreg, fsr0l, fsr0h, status,2, status,0, pclath, cstack
   804 ;; Tracked objects:
   805 ;;		On entry : B1F/0
   806 ;;		On exit  : 0/0
   807 ;;		Unchanged: 0/0
   808 ;; Data sizes:     COMMON   BANK0   BANK1   BANK2   BANK3   BANK4   BANK5   BANK6   BANK7   BANK8   BANK9  BANK10  BANK1
      +1  BANK12  BANK13  BANK14  BANK15  BANK16  BANK17  BANK18  BANK19  BANK20  BANK21  BANK22  BANK23  BANK24  BANK25
   809 ;;      Params:         0       0       0       0       0       0       0       0       0       0       0       0       
      +0       0       0       0       0       0       0       0       0       0       0       0       0       0       0
   810 ;;      Locals:         0       0       0       0       0       0       0       0       0       0       0       0       
      +0       0       0       0       0       0       0       0       0       0       0       0       0       0       0
   811 ;;      Temps:          0       2       0       0       0       0       0       0       0       0       0       0       
      +0       0       0       0       0       0       0       0       0       0       0       0       0       0       0
   812 ;;      Totals:         0       2       0       0       0       0       0       0       0       0       0       0       
      +0       0       0       0       0       0       0       0       0       0       0       0       0       0       0
   813 ;;Total ram usage:        2 bytes
   814 ;; Hardware stack levels required when called: 2
   815 ;; This function calls:
   816 ;;		___lldiv
   817 ;;		___llmod
   818 ;;		_initMain
   819 ;;		_seg
   820 ;; This function is called by:
   821 ;;		Startup code after reset
   822 ;; This function uses a non-reentrant model
   823 ;;
   824                           
   825     078B                     _main:	
   826                           ;psect for function _main
   827                           
   828     078B                     l848:	
   829                           ;incstack = 0
   830                           ; Regs used in _main: [wreg-fsr0h+status,2+status,0+pclath+cstack]
   831                           
   832                           
   833                           ;main.c: 85:     initMain();
   834     078B  3186  2680  3187   	fcall	_initMain
   835     078E                     l850:
   836                           
   837                           ;main.c: 88:     TRISD = 0;
   838     078E  0021               	movlb	1	; select bank1
   839     078F  018F               	clrf	15	;volatile
   840     0790                     l852:
   841                           
   842                           ;main.c: 91:     {;main.c: 92:       i++;
   843     0790  3001               	movlw	1
   844     0791  0020               	movlb	0	; select bank0
   845     0792  07AC               	addwf	_i,f
   846     0793  3000               	movlw	0
   847     0794  3DAD               	addwfc	_i+1,f
   848     0795  3000               	movlw	0
   849     0796  3DAE               	addwfc	_i+2,f
   850     0797  3000               	movlw	0
   851     0798  3DAF               	addwfc	_i+3,f
   852     0799                     l854:
   853                           
   854                           ;main.c: 94:       if (i > 9999)
   855     0799  082F               	movf	_i+3,w
   856     079A  1D03               	btfss	3,2
   857     079B  2FA7               	goto	u280
   858     079C  082E               	movf	_i+2,w
   859     079D  1D03               	btfss	3,2
   860     079E  2FA7               	goto	u280
   861     079F  3010               	movlw	16
   862     07A0  022C               	subwf	_i,w
   863     07A1  3027               	movlw	39
   864     07A2  3B2D               	subwfb	_i+1,w
   865     07A3  1C03               	btfss	3,0
   866     07A4  2FA6               	goto	u281
   867     07A5  2FA7               	goto	u280
   868     07A6                     u281:
   869     07A6  2FB0               	goto	l858
   870     07A7                     u280:
   871     07A7                     l856:
   872                           
   873                           ;main.c: 95:       {;main.c: 96:          i = 0;
   874     07A7  3000               	movlw	0
   875     07A8  0020               	movlb	0	; select bank0
   876     07A9  00AF               	movwf	_i+3
   877     07AA  3000               	movlw	0
   878     07AB  00AE               	movwf	_i+2
   879     07AC  3000               	movlw	0
   880     07AD  00AD               	movwf	_i+1
   881     07AE  3000               	movlw	0
   882     07AF  00AC               	movwf	_i
   883     07B0                     l858:
   884                           
   885                           ;main.c: 100:       digit = (i / 1000) % 10;
   886     07B0  3000               	movlw	0
   887     07B1  0020               	movlb	0	; select bank0
   888     07B2  00A3               	movwf	___llmod@divisor+3
   889     07B3  3000               	movlw	0
   890     07B4  00A2               	movwf	___llmod@divisor+2
   891     07B5  3000               	movlw	0
   892     07B6  00A1               	movwf	___llmod@divisor+1
   893     07B7  300A               	movlw	10
   894     07B8  00A0               	movwf	___llmod@divisor
   895     07B9  3000               	movlw	0
   896     07BA  00F3               	movwf	___lldiv@divisor+3
   897     07BB  3000               	movlw	0
   898     07BC  00F2               	movwf	___lldiv@divisor+2
   899     07BD  3003               	movlw	3
   900     07BE  00F1               	movwf	___lldiv@divisor+1
   901     07BF  30E8               	movlw	232
   902     07C0  00F0               	movwf	___lldiv@divisor
   903     07C1  082F               	movf	_i+3,w
   904     07C2  00F7               	movwf	___lldiv@dividend+3
   905     07C3  082E               	movf	_i+2,w
   906     07C4  00F6               	movwf	___lldiv@dividend+2
   907     07C5  082D               	movf	_i+1,w
   908     07C6  00F5               	movwf	___lldiv@dividend+1
   909     07C7  082C               	movf	_i,w
   910     07C8  00F4               	movwf	___lldiv@dividend
   911     07C9  3187  2731  3187   	fcall	___lldiv
   912     07CC  0873               	movf	?___lldiv+3,w
   913     07CD  0020               	movlb	0	; select bank0
   914     07CE  00A7               	movwf	___llmod@dividend+3
   915     07CF  0872               	movf	?___lldiv+2,w
   916     07D0  00A6               	movwf	___llmod@dividend+2
   917     07D1  0871               	movf	?___lldiv+1,w
   918     07D2  00A5               	movwf	___llmod@dividend+1
   919     07D3  0870               	movf	?___lldiv,w
   920     07D4  00A4               	movwf	___llmod@dividend
   921     07D5  3186  268D  3187   	fcall	___llmod
   922     07D8  0020               	movlb	0	; select bank0
   923     07D9  0820               	movf	?___llmod,w
   924     07DA  00B1               	movwf	_digit
   925     07DB                     l860:
   926                           
   927                           ;main.c: 101:       digitCount = seg(digit);
   928     07DB  0831               	movf	_digit,w
   929     07DC  00AA               	movwf	??_main
   930     07DD  01AB               	clrf	??_main+1
   931     07DE  082A               	movf	??_main,w
   932     07DF  00F0               	movwf	seg@num
   933     07E0  082B               	movf	??_main+1,w
   934     07E1  00F1               	movwf	seg@num+1
   935     07E2  3186  26D8  3187   	fcall	_seg
   936     07E5  0870               	movf	?_seg,w
   937     07E6  0020               	movlb	0	; select bank0
   938     07E7  00B0               	movwf	_digitCount
   939     07E8                     l862:
   940                           
   941                           ;main.c: 102:       PORTD = digitCount;
   942     07E8  0830               	movf	_digitCount,w
   943     07E9  008F               	movwf	15	;volatile
   944     07EA                     l864:
   945                           
   946                           ;main.c: 104:       _delay((unsigned long)((2)*(16000000/4000.0)));
   947     07EA  300B               	movlw	11
   948     07EB  0020               	movlb	0	; select bank0
   949     07EC  00AA               	movwf	??_main
   950     07ED  3062               	movlw	98
   951     07EE                     u297:
   952     07EE  0B89               	decfsz	9,f
   953     07EF  2FEE               	goto	u297
   954     07F0  0BAA               	decfsz	??_main,f
   955     07F1  2FEE               	goto	u297
   956     07F2  0000               	nop
   957     07F3  2F90               	goto	l852
   958     07F4  3180  2803         	ljmp	start
   959     07F6                     __end_of_main:
   960                           
   961                           	psect	text1
   962     06D8                     __ptext1:	
   963 ;; *************** function _seg *****************
   964 ;; Defined at:
   965 ;;		line 42 in file "main.c"
   966 ;; Parameters:    Size  Location     Type
   967 ;;  num             2    0[COMMON] unsigned int 
   968 ;; Auto vars:     Size  Location     Type
   969 ;;		None
   970 ;; Return value:  Size  Location     Type
   971 ;;                  2    0[COMMON] unsigned int 
   972 ;; Registers used:
   973 ;;		wreg, fsr0l, fsr0h, status,2, status,0
   974 ;; Tracked objects:
   975 ;;		On entry : 0/0
   976 ;;		On exit  : 0/0
   977 ;;		Unchanged: 0/0
   978 ;; Data sizes:     COMMON   BANK0   BANK1   BANK2   BANK3   BANK4   BANK5   BANK6   BANK7   BANK8   BANK9  BANK10  BANK1
      +1  BANK12  BANK13  BANK14  BANK15  BANK16  BANK17  BANK18  BANK19  BANK20  BANK21  BANK22  BANK23  BANK24  BANK25
   979 ;;      Params:         2       0       0       0       0       0       0       0       0       0       0       0       
      +0       0       0       0       0       0       0       0       0       0       0       0       0       0       0
   980 ;;      Locals:         0       0       0       0       0       0       0       0       0       0       0       0       
      +0       0       0       0       0       0       0       0       0       0       0       0       0       0       0
   981 ;;      Temps:          0       0       0       0       0       0       0       0       0       0       0       0       
      +0       0       0       0       0       0       0       0       0       0       0       0       0       0       0
   982 ;;      Totals:         2       0       0       0       0       0       0       0       0       0       0       0       
      +0       0       0       0       0       0       0       0       0       0       0       0       0       0       0
   983 ;;Total ram usage:        2 bytes
   984 ;; Hardware stack levels used: 1
   985 ;; This function calls:
   986 ;;		Nothing
   987 ;; This function is called by:
   988 ;;		_main
   989 ;; This function uses a non-reentrant model
   990 ;;
   991                           
   992     06D8                     _seg:	
   993                           ;psect for function _seg
   994                           
   995     06D8                     l752:	
   996                           ;incstack = 0
   997                           ; Regs used in _seg: [wreg-fsr0h+status,2+status,0]
   998                           
   999                           
  1000                           ;main.c: 42: unsigned int seg(unsigned int num);main.c: 43: {;main.c: 44:    switch(num)
  1001     06D8  2F0B               	goto	l796
  1002     06D9                     l754:
  1003     06D9  303F               	movlw	63
  1004     06DA  00F0               	movwf	?_seg
  1005     06DB  3000               	movlw	0
  1006     06DC  00F1               	movwf	?_seg+1
  1007     06DD  2F30               	goto	l19
  1008     06DE                     l758:
  1009     06DE  3006               	movlw	6
  1010     06DF  00F0               	movwf	?_seg
  1011     06E0  3000               	movlw	0
  1012     06E1  00F1               	movwf	?_seg+1
  1013     06E2  2F30               	goto	l19
  1014     06E3                     l762:
  1015     06E3  305B               	movlw	91
  1016     06E4  00F0               	movwf	?_seg
  1017     06E5  3000               	movlw	0
  1018     06E6  00F1               	movwf	?_seg+1
  1019     06E7  2F30               	goto	l19
  1020     06E8                     l766:
  1021     06E8  304F               	movlw	79
  1022     06E9  00F0               	movwf	?_seg
  1023     06EA  3000               	movlw	0
  1024     06EB  00F1               	movwf	?_seg+1
  1025     06EC  2F30               	goto	l19
  1026     06ED                     l770:
  1027     06ED  3066               	movlw	102
  1028     06EE  00F0               	movwf	?_seg
  1029     06EF  3000               	movlw	0
  1030     06F0  00F1               	movwf	?_seg+1
  1031     06F1  2F30               	goto	l19
  1032     06F2                     l774:
  1033     06F2  306D               	movlw	109
  1034     06F3  00F0               	movwf	?_seg
  1035     06F4  3000               	movlw	0
  1036     06F5  00F1               	movwf	?_seg+1
  1037     06F6  2F30               	goto	l19
  1038     06F7                     l778:
  1039     06F7  307D               	movlw	125
  1040     06F8  00F0               	movwf	?_seg
  1041     06F9  3000               	movlw	0
  1042     06FA  00F1               	movwf	?_seg+1
  1043     06FB  2F30               	goto	l19
  1044     06FC                     l782:
  1045     06FC  3007               	movlw	7
  1046     06FD  00F0               	movwf	?_seg
  1047     06FE  3000               	movlw	0
  1048     06FF  00F1               	movwf	?_seg+1
  1049     0700  2F30               	goto	l19
  1050     0701                     l786:
  1051     0701  307F               	movlw	127
  1052     0702  00F0               	movwf	?_seg
  1053     0703  3000               	movlw	0
  1054     0704  00F1               	movwf	?_seg+1
  1055     0705  2F30               	goto	l19
  1056     0706                     l790:
  1057     0706  306F               	movlw	111
  1058     0707  00F0               	movwf	?_seg
  1059     0708  3000               	movlw	0
  1060     0709  00F1               	movwf	?_seg+1
  1061     070A  2F30               	goto	l19
  1062     070B                     l796:
  1063                           
  1064                           ; Switch on 2 bytes has been partitioned into a top level switch of size 1, and 1 sub-sw
      +                          itches
  1065                           ; Switch size 1, requested type "simple"
  1066                           ; Number of cases is 1, Range of values is 0 to 0
  1067                           ; switch strategies available:
  1068                           ; Name         Instructions Cycles
  1069                           ; simple_byte            4     3 (average)
  1070                           ; direct_byte            8     6 (fixed)
  1071                           ; jumptable            260     6 (fixed)
  1072                           ;	Chosen strategy is simple_byte
  1073     070B  0871               	movf	seg@num+1,w
  1074     070C  3A00               	xorlw	0	; case 0
  1075     070D  1903               	skipnz
  1076     070E  2F10               	goto	l886
  1077     070F  2F30               	goto	l19
  1078     0710                     l886:
  1079                           
  1080                           ; Switch size 1, requested type "simple"
  1081                           ; Number of cases is 10, Range of values is 0 to 9
  1082                           ; switch strategies available:
  1083                           ; Name         Instructions Cycles
  1084                           ; direct_byte           26     6 (fixed)
  1085                           ; simple_byte           31    16 (average)
  1086                           ; jumptable            260     6 (fixed)
  1087                           ;	Chosen strategy is simple_byte
  1088     0710  0870               	movf	seg@num,w
  1089     0711  3A00               	xorlw	0	; case 0
  1090     0712  1903               	skipnz
  1091     0713  2ED9               	goto	l754
  1092     0714  3A01               	xorlw	1	; case 1
  1093     0715  1903               	skipnz
  1094     0716  2EDE               	goto	l758
  1095     0717  3A03               	xorlw	3	; case 2
  1096     0718  1903               	skipnz
  1097     0719  2EE3               	goto	l762
  1098     071A  3A01               	xorlw	1	; case 3
  1099     071B  1903               	skipnz
  1100     071C  2EE8               	goto	l766
  1101     071D  3A07               	xorlw	7	; case 4
  1102     071E  1903               	skipnz
  1103     071F  2EED               	goto	l770
  1104     0720  3A01               	xorlw	1	; case 5
  1105     0721  1903               	skipnz
  1106     0722  2EF2               	goto	l774
  1107     0723  3A03               	xorlw	3	; case 6
  1108     0724  1903               	skipnz
  1109     0725  2EF7               	goto	l778
  1110     0726  3A01               	xorlw	1	; case 7
  1111     0727  1903               	skipnz
  1112     0728  2EFC               	goto	l782
  1113     0729  3A0F               	xorlw	15	; case 8
  1114     072A  1903               	skipnz
  1115     072B  2F01               	goto	l786
  1116     072C  3A01               	xorlw	1	; case 9
  1117     072D  1903               	skipnz
  1118     072E  2F06               	goto	l790
  1119     072F  2F30               	goto	l19
  1120     0730                     l19:
  1121     0730  0008               	return
  1122     0731                     __end_of_seg:
  1123                           
  1124                           	psect	text2
  1125     0680                     __ptext2:	
  1126 ;; *************** function _initMain *****************
  1127 ;; Defined at:
  1128 ;;		line 69 in file "main.c"
  1129 ;; Parameters:    Size  Location     Type
  1130 ;;		None
  1131 ;; Auto vars:     Size  Location     Type
  1132 ;;		None
  1133 ;; Return value:  Size  Location     Type
  1134 ;;                  1    wreg      void 
  1135 ;; Registers used:
  1136 ;;		status,2, status,0, pclath, cstack
  1137 ;; Tracked objects:
  1138 ;;		On entry : 0/0
  1139 ;;		On exit  : 0/0
  1140 ;;		Unchanged: 0/0
  1141 ;; Data sizes:     COMMON   BANK0   BANK1   BANK2   BANK3   BANK4   BANK5   BANK6   BANK7   BANK8   BANK9  BANK10  BANK1
      +1  BANK12  BANK13  BANK14  BANK15  BANK16  BANK17  BANK18  BANK19  BANK20  BANK21  BANK22  BANK23  BANK24  BANK25
  1142 ;;      Params:         0       0       0       0       0       0       0       0       0       0       0       0       
      +0       0       0       0       0       0       0       0       0       0       0       0       0       0       0
  1143 ;;      Locals:         0       0       0       0       0       0       0       0       0       0       0       0       
      +0       0       0       0       0       0       0       0       0       0       0       0       0       0       0
  1144 ;;      Temps:          0       0       0       0       0       0       0       0       0       0       0       0       
      +0       0       0       0       0       0       0       0       0       0       0       0       0       0       0
  1145 ;;      Totals:         0       0       0       0       0       0       0       0       0       0       0       0       
      +0       0       0       0       0       0       0       0       0       0       0       0       0       0       0
  1146 ;;Total ram usage:        0 bytes
  1147 ;; Hardware stack levels used: 1
  1148 ;; Hardware stack levels required when called: 1
  1149 ;; This function calls:
  1150 ;;		_internal_16
  1151 ;; This function is called by:
  1152 ;;		_main
  1153 ;; This function uses a non-reentrant model
  1154 ;;
  1155                           
  1156     0680                     _initMain:	
  1157                           ;psect for function _initMain
  1158                           
  1159     0680                     l802:	
  1160                           ;incstack = 0
  1161                           ; Regs used in _initMain: [status,2+status,0+pclath+cstack]
  1162                           
  1163                           
  1164                           ;main.c: 71:     internal_16();
  1165     0680  3186  2684  3186   	fcall	_internal_16
  1166     0683                     l32:
  1167     0683  0008               	return
  1168     0684                     __end_of_initMain:
  1169                           
  1170                           	psect	text3
  1171     0684                     __ptext3:	
  1172 ;; *************** function _internal_16 *****************
  1173 ;; Defined at:
  1174 ;;		line 57 in file "PIC16F1719_Internal.c"
  1175 ;; Parameters:    Size  Location     Type
  1176 ;;		None
  1177 ;; Auto vars:     Size  Location     Type
  1178 ;;		None
  1179 ;; Return value:  Size  Location     Type
  1180 ;;                  1    wreg      void 
  1181 ;; Registers used:
  1182 ;;		None
  1183 ;; Tracked objects:
  1184 ;;		On entry : 0/0
  1185 ;;		On exit  : 0/0
  1186 ;;		Unchanged: 0/0
  1187 ;; Data sizes:     COMMON   BANK0   BANK1   BANK2   BANK3   BANK4   BANK5   BANK6   BANK7   BANK8   BANK9  BANK10  BANK1
      +1  BANK12  BANK13  BANK14  BANK15  BANK16  BANK17  BANK18  BANK19  BANK20  BANK21  BANK22  BANK23  BANK24  BANK25
  1188 ;;      Params:         0       0       0       0       0       0       0       0       0       0       0       0       
      +0       0       0       0       0       0       0       0       0       0       0       0       0       0       0
  1189 ;;      Locals:         0       0       0       0       0       0       0       0       0       0       0       0       
      +0       0       0       0       0       0       0       0       0       0       0       0       0       0       0
  1190 ;;      Temps:          0       0       0       0       0       0       0       0       0       0       0       0       
      +0       0       0       0       0       0       0       0       0       0       0       0       0       0       0
  1191 ;;      Totals:         0       0       0       0       0       0       0       0       0       0       0       0       
      +0       0       0       0       0       0       0       0       0       0       0       0       0       0       0
  1192 ;;Total ram usage:        0 bytes
  1193 ;; Hardware stack levels used: 1
  1194 ;; This function calls:
  1195 ;;		Nothing
  1196 ;; This function is called by:
  1197 ;;		_initMain
  1198 ;; This function uses a non-reentrant model
  1199 ;;
  1200                           
  1201     0684                     _internal_16:	
  1202                           ;psect for function _internal_16
  1203                           
  1204     0684                     l750:	
  1205                           ;incstack = 0
  1206                           ; Regs used in _internal_16: []
  1207                           
  1208                           
  1209                           ;PIC16F1719_Internal.c: 59:     SCS0 = 0;
  1210     0684  0021               	movlb	1	; select bank1
  1211     0685  1019               	bcf	25,0	;volatile
  1212                           
  1213                           ;PIC16F1719_Internal.c: 60:     SCS1 = 0;
  1214     0686  1099               	bcf	25,1	;volatile
  1215                           
  1216                           ;PIC16F1719_Internal.c: 63:     IRCF0 = 1;
  1217     0687  1599               	bsf	25,3	;volatile
  1218                           
  1219                           ;PIC16F1719_Internal.c: 64:     IRCF1 = 1;
  1220     0688  1619               	bsf	25,4	;volatile
  1221                           
  1222                           ;PIC16F1719_Internal.c: 65:     IRCF2 = 1;
  1223     0689  1699               	bsf	25,5	;volatile
  1224                           
  1225                           ;PIC16F1719_Internal.c: 66:     IRCF3 = 1;
  1226     068A  1719               	bsf	25,6	;volatile
  1227                           
  1228                           ;PIC16F1719_Internal.c: 69:     SPLLEN = 0;
  1229     068B  1399               	bcf	25,7	;volatile
  1230     068C                     l61:
  1231     068C  0008               	return
  1232     068D                     __end_of_internal_16:
  1233                           
  1234                           	psect	text4
  1235     068D                     __ptext4:	
  1236 ;; *************** function ___llmod *****************
  1237 ;; Defined at:
  1238 ;;		line 5 in file "C:\Program Files\Microchip\xc8\v2.45\pic\sources\c99\common\llmod.c"
  1239 ;; Parameters:    Size  Location     Type
  1240 ;;  divisor         4    0[BANK0 ] unsigned long 
  1241 ;;  dividend        4    4[BANK0 ] unsigned long 
  1242 ;; Auto vars:     Size  Location     Type
  1243 ;;  counter         1    9[BANK0 ] unsigned char 
  1244 ;; Return value:  Size  Location     Type
  1245 ;;                  4    0[BANK0 ] unsigned long 
  1246 ;; Registers used:
  1247 ;;		wreg, status,2, status,0
  1248 ;; Tracked objects:
  1249 ;;		On entry : 0/0
  1250 ;;		On exit  : 0/0
  1251 ;;		Unchanged: 0/0
  1252 ;; Data sizes:     COMMON   BANK0   BANK1   BANK2   BANK3   BANK4   BANK5   BANK6   BANK7   BANK8   BANK9  BANK10  BANK1
      +1  BANK12  BANK13  BANK14  BANK15  BANK16  BANK17  BANK18  BANK19  BANK20  BANK21  BANK22  BANK23  BANK24  BANK25
  1253 ;;      Params:         0       8       0       0       0       0       0       0       0       0       0       0       
      +0       0       0       0       0       0       0       0       0       0       0       0       0       0       0
  1254 ;;      Locals:         0       1       0       0       0       0       0       0       0       0       0       0       
      +0       0       0       0       0       0       0       0       0       0       0       0       0       0       0
  1255 ;;      Temps:          0       1       0       0       0       0       0       0       0       0       0       0       
      +0       0       0       0       0       0       0       0       0       0       0       0       0       0       0
  1256 ;;      Totals:         0      10       0       0       0       0       0       0       0       0       0       0       
      +0       0       0       0       0       0       0       0       0       0       0       0       0       0       0
  1257 ;;Total ram usage:       10 bytes
  1258 ;; Hardware stack levels used: 1
  1259 ;; This function calls:
  1260 ;;		Nothing
  1261 ;; This function is called by:
  1262 ;;		_main
  1263 ;; This function uses a non-reentrant model
  1264 ;;
  1265                           
  1266     068D                     ___llmod:	
  1267                           ;psect for function ___llmod
  1268                           
  1269     068D                     l828:	
  1270                           ;incstack = 0
  1271                           ; Regs used in ___llmod: [wreg+status,2+status,0]
  1272                           
  1273     068D  0020               	movlb	0	; select bank0
  1274     068E  0823               	movf	___llmod@divisor+3,w
  1275     068F  0422               	iorwf	___llmod@divisor+2,w
  1276     0690  0421               	iorwf	___llmod@divisor+1,w
  1277     0691  0420               	iorwf	___llmod@divisor,w
  1278     0692  1903               	skipnz
  1279     0693  2E95               	goto	u221
  1280     0694  2E96               	goto	u220
  1281     0695                     u221:
  1282     0695  2ECF               	goto	l844
  1283     0696                     u220:
  1284     0696                     l830:
  1285     0696  01A9               	clrf	___llmod@counter
  1286     0697  0AA9               	incf	___llmod@counter,f
  1287     0698  2EA4               	goto	l834
  1288     0699                     l832:
  1289     0699  3001               	movlw	1
  1290     069A                     u235:
  1291     069A  35A0               	lslf	___llmod@divisor,f
  1292     069B  0DA1               	rlf	___llmod@divisor+1,f
  1293     069C  0DA2               	rlf	___llmod@divisor+2,f
  1294     069D  0DA3               	rlf	___llmod@divisor+3,f
  1295     069E  0B89               	decfsz	9,f
  1296     069F  2E9A               	goto	u235
  1297     06A0  3001               	movlw	1
  1298     06A1  00A8               	movwf	??___llmod
  1299     06A2  0828               	movf	??___llmod,w
  1300     06A3  07A9               	addwf	___llmod@counter,f
  1301     06A4                     l834:
  1302     06A4  1FA3               	btfss	___llmod@divisor+3,7
  1303     06A5  2EA7               	goto	u241
  1304     06A6  2EA8               	goto	u240
  1305     06A7                     u241:
  1306     06A7  2E99               	goto	l832
  1307     06A8                     u240:
  1308     06A8                     l836:
  1309     06A8  0823               	movf	___llmod@divisor+3,w
  1310     06A9  0227               	subwf	___llmod@dividend+3,w
  1311     06AA  1D03               	skipz
  1312     06AB  2EB6               	goto	u255
  1313     06AC  0822               	movf	___llmod@divisor+2,w
  1314     06AD  0226               	subwf	___llmod@dividend+2,w
  1315     06AE  1D03               	skipz
  1316     06AF  2EB6               	goto	u255
  1317     06B0  0821               	movf	___llmod@divisor+1,w
  1318     06B1  0225               	subwf	___llmod@dividend+1,w
  1319     06B2  1D03               	skipz
  1320     06B3  2EB6               	goto	u255
  1321     06B4  0820               	movf	___llmod@divisor,w
  1322     06B5  0224               	subwf	___llmod@dividend,w
  1323     06B6                     u255:
  1324     06B6  1C03               	skipc
  1325     06B7  2EB9               	goto	u251
  1326     06B8  2EBA               	goto	u250
  1327     06B9                     u251:
  1328     06B9  2EC2               	goto	l840
  1329     06BA                     u250:
  1330     06BA                     l838:
  1331     06BA  0820               	movf	___llmod@divisor,w
  1332     06BB  02A4               	subwf	___llmod@dividend,f
  1333     06BC  0821               	movf	___llmod@divisor+1,w
  1334     06BD  3BA5               	subwfb	___llmod@dividend+1,f
  1335     06BE  0822               	movf	___llmod@divisor+2,w
  1336     06BF  3BA6               	subwfb	___llmod@dividend+2,f
  1337     06C0  0823               	movf	___llmod@divisor+3,w
  1338     06C1  3BA7               	subwfb	___llmod@dividend+3,f
  1339     06C2                     l840:
  1340     06C2  3001               	movlw	1
  1341     06C3                     u265:
  1342     06C3  36A3               	lsrf	___llmod@divisor+3,f
  1343     06C4  0CA2               	rrf	___llmod@divisor+2,f
  1344     06C5  0CA1               	rrf	___llmod@divisor+1,f
  1345     06C6  0CA0               	rrf	___llmod@divisor,f
  1346     06C7  0B89               	decfsz	9,f
  1347     06C8  2EC3               	goto	u265
  1348     06C9                     l842:
  1349     06C9  3001               	movlw	1
  1350     06CA  02A9               	subwf	___llmod@counter,f
  1351     06CB  1D03               	btfss	3,2
  1352     06CC  2ECE               	goto	u271
  1353     06CD  2ECF               	goto	u270
  1354     06CE                     u271:
  1355     06CE  2EA8               	goto	l836
  1356     06CF                     u270:
  1357     06CF                     l844:
  1358     06CF  0827               	movf	___llmod@dividend+3,w
  1359     06D0  00A3               	movwf	?___llmod+3
  1360     06D1  0826               	movf	___llmod@dividend+2,w
  1361     06D2  00A2               	movwf	?___llmod+2
  1362     06D3  0825               	movf	___llmod@dividend+1,w
  1363     06D4  00A1               	movwf	?___llmod+1
  1364     06D5  0824               	movf	___llmod@dividend,w
  1365     06D6  00A0               	movwf	?___llmod
  1366     06D7                     l374:
  1367     06D7  0008               	return
  1368     06D8                     __end_of___llmod:
  1369                           
  1370                           	psect	text5
  1371     0731                     __ptext5:	
  1372 ;; *************** function ___lldiv *****************
  1373 ;; Defined at:
  1374 ;;		line 5 in file "C:\Program Files\Microchip\xc8\v2.45\pic\sources\c99\common\__lldiv.c"
  1375 ;; Parameters:    Size  Location     Type
  1376 ;;  divisor         4    0[COMMON] unsigned long 
  1377 ;;  dividend        4    4[COMMON] unsigned long 
  1378 ;; Auto vars:     Size  Location     Type
  1379 ;;  quotient        4    9[COMMON] unsigned long 
  1380 ;;  counter         1   13[COMMON] unsigned char 
  1381 ;; Return value:  Size  Location     Type
  1382 ;;                  4    0[COMMON] unsigned long 
  1383 ;; Registers used:
  1384 ;;		wreg, status,2, status,0
  1385 ;; Tracked objects:
  1386 ;;		On entry : 0/0
  1387 ;;		On exit  : 0/0
  1388 ;;		Unchanged: 0/0
  1389 ;; Data sizes:     COMMON   BANK0   BANK1   BANK2   BANK3   BANK4   BANK5   BANK6   BANK7   BANK8   BANK9  BANK10  BANK1
      +1  BANK12  BANK13  BANK14  BANK15  BANK16  BANK17  BANK18  BANK19  BANK20  BANK21  BANK22  BANK23  BANK24  BANK25
  1390 ;;      Params:         8       0       0       0       0       0       0       0       0       0       0       0       
      +0       0       0       0       0       0       0       0       0       0       0       0       0       0       0
  1391 ;;      Locals:         5       0       0       0       0       0       0       0       0       0       0       0       
      +0       0       0       0       0       0       0       0       0       0       0       0       0       0       0
  1392 ;;      Temps:          1       0       0       0       0       0       0       0       0       0       0       0       
      +0       0       0       0       0       0       0       0       0       0       0       0       0       0       0
  1393 ;;      Totals:        14       0       0       0       0       0       0       0       0       0       0       0       
      +0       0       0       0       0       0       0       0       0       0       0       0       0       0       0
  1394 ;;Total ram usage:       14 bytes
  1395 ;; Hardware stack levels used: 1
  1396 ;; This function calls:
  1397 ;;		Nothing
  1398 ;; This function is called by:
  1399 ;;		_main
  1400 ;; This function uses a non-reentrant model
  1401 ;;
  1402                           
  1403     0731                     ___lldiv:	
  1404                           ;psect for function ___lldiv
  1405                           
  1406     0731                     l804:	
  1407                           ;incstack = 0
  1408                           ; Regs used in ___lldiv: [wreg+status,2+status,0]
  1409                           
  1410     0731  3000               	movlw	0
  1411     0732  00FC               	movwf	___lldiv@quotient+3
  1412     0733  3000               	movlw	0
  1413     0734  00FB               	movwf	___lldiv@quotient+2
  1414     0735  3000               	movlw	0
  1415     0736  00FA               	movwf	___lldiv@quotient+1
  1416     0737  3000               	movlw	0
  1417     0738  00F9               	movwf	___lldiv@quotient
  1418     0739  0873               	movf	___lldiv@divisor+3,w
  1419     073A  0472               	iorwf	___lldiv@divisor+2,w
  1420     073B  0471               	iorwf	___lldiv@divisor+1,w
  1421     073C  0470               	iorwf	___lldiv@divisor,w
  1422     073D  1903               	skipnz
  1423     073E  2F40               	goto	u151
  1424     073F  2F41               	goto	u150
  1425     0740                     u151:
  1426     0740  2F82               	goto	l824
  1427     0741                     u150:
  1428     0741                     l806:
  1429     0741  01FD               	clrf	___lldiv@counter
  1430     0742  0AFD               	incf	___lldiv@counter,f
  1431     0743  2F4F               	goto	l810
  1432     0744                     l808:
  1433     0744  3001               	movlw	1
  1434     0745                     u165:
  1435     0745  35F0               	lslf	___lldiv@divisor,f
  1436     0746  0DF1               	rlf	___lldiv@divisor+1,f
  1437     0747  0DF2               	rlf	___lldiv@divisor+2,f
  1438     0748  0DF3               	rlf	___lldiv@divisor+3,f
  1439     0749  0B89               	decfsz	9,f
  1440     074A  2F45               	goto	u165
  1441     074B  3001               	movlw	1
  1442     074C  00F8               	movwf	??___lldiv
  1443     074D  0878               	movf	??___lldiv,w
  1444     074E  07FD               	addwf	___lldiv@counter,f
  1445     074F                     l810:
  1446     074F  1FF3               	btfss	___lldiv@divisor+3,7
  1447     0750  2F52               	goto	u171
  1448     0751  2F53               	goto	u170
  1449     0752                     u171:
  1450     0752  2F44               	goto	l808
  1451     0753                     u170:
  1452     0753                     l812:
  1453     0753  3001               	movlw	1
  1454     0754                     u185:
  1455     0754  35F9               	lslf	___lldiv@quotient,f
  1456     0755  0DFA               	rlf	___lldiv@quotient+1,f
  1457     0756  0DFB               	rlf	___lldiv@quotient+2,f
  1458     0757  0DFC               	rlf	___lldiv@quotient+3,f
  1459     0758  0B89               	decfsz	9,f
  1460     0759  2F54               	goto	u185
  1461     075A                     l814:
  1462     075A  0873               	movf	___lldiv@divisor+3,w
  1463     075B  0277               	subwf	___lldiv@dividend+3,w
  1464     075C  1D03               	skipz
  1465     075D  2F68               	goto	u195
  1466     075E  0872               	movf	___lldiv@divisor+2,w
  1467     075F  0276               	subwf	___lldiv@dividend+2,w
  1468     0760  1D03               	skipz
  1469     0761  2F68               	goto	u195
  1470     0762  0871               	movf	___lldiv@divisor+1,w
  1471     0763  0275               	subwf	___lldiv@dividend+1,w
  1472     0764  1D03               	skipz
  1473     0765  2F68               	goto	u195
  1474     0766  0870               	movf	___lldiv@divisor,w
  1475     0767  0274               	subwf	___lldiv@dividend,w
  1476     0768                     u195:
  1477     0768  1C03               	skipc
  1478     0769  2F6B               	goto	u191
  1479     076A  2F6C               	goto	u190
  1480     076B                     u191:
  1481     076B  2F75               	goto	l820
  1482     076C                     u190:
  1483     076C                     l816:
  1484     076C  0870               	movf	___lldiv@divisor,w
  1485     076D  02F4               	subwf	___lldiv@dividend,f
  1486     076E  0871               	movf	___lldiv@divisor+1,w
  1487     076F  3BF5               	subwfb	___lldiv@dividend+1,f
  1488     0770  0872               	movf	___lldiv@divisor+2,w
  1489     0771  3BF6               	subwfb	___lldiv@dividend+2,f
  1490     0772  0873               	movf	___lldiv@divisor+3,w
  1491     0773  3BF7               	subwfb	___lldiv@dividend+3,f
  1492     0774                     l818:
  1493     0774  1479               	bsf	___lldiv@quotient,0
  1494     0775                     l820:
  1495     0775  3001               	movlw	1
  1496     0776                     u205:
  1497     0776  36F3               	lsrf	___lldiv@divisor+3,f
  1498     0777  0CF2               	rrf	___lldiv@divisor+2,f
  1499     0778  0CF1               	rrf	___lldiv@divisor+1,f
  1500     0779  0CF0               	rrf	___lldiv@divisor,f
  1501     077A  0B89               	decfsz	9,f
  1502     077B  2F76               	goto	u205
  1503     077C                     l822:
  1504     077C  3001               	movlw	1
  1505     077D  02FD               	subwf	___lldiv@counter,f
  1506     077E  1D03               	btfss	3,2
  1507     077F  2F81               	goto	u211
  1508     0780  2F82               	goto	u210
  1509     0781                     u211:
  1510     0781  2F53               	goto	l812
  1511     0782                     u210:
  1512     0782                     l824:
  1513     0782  087C               	movf	___lldiv@quotient+3,w
  1514     0783  00F3               	movwf	?___lldiv+3
  1515     0784  087B               	movf	___lldiv@quotient+2,w
  1516     0785  00F2               	movwf	?___lldiv+2
  1517     0786  087A               	movf	___lldiv@quotient+1,w
  1518     0787  00F1               	movwf	?___lldiv+1
  1519     0788  0879               	movf	___lldiv@quotient,w
  1520     0789  00F0               	movwf	?___lldiv
  1521     078A                     l180:
  1522     078A  0008               	return
  1523     078B                     __end_of___lldiv:
  1524     007E                     btemp	set	126	;btemp
  1525     007E                     wtemp0	set	126
  1526                           
  1527                           	psect	config
  1528                           
  1529                           ;Config register CONFIG1 @ 0x8007
  1530                           ;	Oscillator Selection Bits
  1531                           ;	FOSC = INTOSC, INTOSC oscillator: I/O function on CLKIN pin
  1532                           ;	Watchdog Timer Enable
  1533                           ;	WDTE = OFF, WDT disabled
  1534                           ;	Power-up Timer Enable
  1535                           ;	PWRTE = OFF, PWRT disabled
  1536                           ;	MCLR Pin Function Select
  1537                           ;	MCLRE = OFF, MCLR/VPP pin function is digital input if LVP bit is also 0.
  1538                           ;	Flash Program Memory Code Protection
  1539                           ;	CP = OFF, Program memory code protection is disabled
  1540                           ;	Brown-out Reset Enable
  1541                           ;	BOREN = OFF, Brown-out Reset disabled
  1542                           ;	Clock Out Enable
  1543                           ;	CLKOUTEN = OFF, CLKOUT function is disabled. I/O or oscillator function on the CLKOUT 
      +                          pin
  1544                           ;	Internal/External Switchover Mode
  1545                           ;	IESO = ON, Internal/External Switchover Mode is enabled
  1546                           ;	Fail-Safe Clock Monitor Enable
  1547                           ;	FCMEN = OFF, Fail-Safe Clock Monitor is disabled
  1548     8007                     	org	32775
  1549     8007  19A4               	dw	6564
  1550                           
  1551                           ;Config register CONFIG2 @ 0x8008
  1552                           ;	Flash Memory Self-Write Protection
  1553                           ;	WRT = OFF, Write protection off
  1554                           ;	Peripheral Pin Select one-way control
  1555                           ;	PPS1WAY = ON, The PPSLOCK bit cannot be cleared once it is set by software
  1556                           ;	Zero-cross detect disable
  1557                           ;	ZCDDIS = ON, ZCD disabled. ZCD can be enabled by setting the ZCDSEN bit of ZCDCON
  1558                           ;	Phase Lock Loop enable
  1559                           ;	PLLEN = OFF, 4x PLL is disabled
  1560                           ;	Stack Overflow/Underflow Reset Enable
  1561                           ;	STVREN = ON, Stack Overflow or Underflow will cause a Reset
  1562                           ;	Brown-out Reset Voltage Selection
  1563                           ;	BORV = LO, Brown-out Reset Voltage (Vbor), low trip point selected.
  1564                           ;	Low-Power Brown Out Reset
  1565                           ;	LPBOR = OFF, Low-Power BOR is disabled
  1566                           ;	In-Circuit Debugger Mode
  1567                           ;	DEBUG = 0x1, unprogrammed default
  1568                           ;	Low-Voltage Programming Enable
  1569                           ;	LVP = OFF, High-voltage on MCLR/VPP must be used for programming
  1570     8008                     	org	32776
  1571     8008  1EFF               	dw	7935

Data Sizes:
    Strings     0
    Constant    0
    Data        0
    BSS         6
    Persistent  32
    Stack       0

Auto Spaces:
    Space          Size  Autos    Used
    COMMON           14     14      14
    BANK0            80     12      18
    BANK1            80      0       0
    BANK2            80      0       0
    BANK3            80      0       0
    BANK4            80      0       0
    BANK5            80      0       0
    BANK6            80      0       0
    BANK7            80      0       0
    BANK8            80      0       0
    BANK9            80      0       0
    BANK10           80      0       0
    BANK11           80      0       0
    BANK12           80      0       0
    BANK13           80      0       0
    BANK14           80      0       0
    BANK15           80      0       0
    BANK16           80      0       0
    BANK17           80      0       0
    BANK18           80      0       0
    BANK19           80      0       0
    BANK20           80      0       0
    BANK21           80      0       0
    BANK22           80      0       0
    BANK23           80      0       0
    BANK24           80      0       0
    BANK25           32      0       0

Pointer List with Targets:

    None.

Critical Paths under _main in COMMON

    _main->___lldiv
    ___llmod->___lldiv

Critical Paths under _main in BANK0

    _main->___llmod

Critical Paths under _main in BANK1

    None.

Critical Paths under _main in BANK2

    None.

Critical Paths under _main in BANK3

    None.

Critical Paths under _main in BANK4

    None.

Critical Paths under _main in BANK5

    None.

Critical Paths under _main in BANK6

    None.

Critical Paths under _main in BANK7

    None.

Critical Paths under _main in BANK8

    None.

Critical Paths under _main in BANK9

    None.

Critical Paths under _main in BANK10

    None.

Critical Paths under _main in BANK11

    None.

Critical Paths under _main in BANK12

    None.

Critical Paths under _main in BANK13

    None.

Critical Paths under _main in BANK14

    None.

Critical Paths under _main in BANK15

    None.

Critical Paths under _main in BANK16

    None.

Critical Paths under _main in BANK17

    None.

Critical Paths under _main in BANK18

    None.

Critical Paths under _main in BANK19

    None.

Critical Paths under _main in BANK20

    None.

Critical Paths under _main in BANK21

    None.

Critical Paths under _main in BANK22

    None.

Critical Paths under _main in BANK23

    None.

Critical Paths under _main in BANK24

    None.

Critical Paths under _main in BANK25

    None.

Call Graph Tables:

 ---------------------------------------------------------------------------------
 (Depth) Function   	        Calls       Base Space   Used Autos Params    Refs
 ---------------------------------------------------------------------------------
 (0) _main                                                 2     2      0     723
                                             10 BANK0      2     2      0
                            ___lldiv
                            ___llmod
                           _initMain
                                _seg
 ---------------------------------------------------------------------------------
 (1) _seg                                                  2     0      2      98
                                              0 COMMON     2     0      2
 ---------------------------------------------------------------------------------
 (1) _initMain                                             0     0      0       0
                        _internal_16
 ---------------------------------------------------------------------------------
 (2) _internal_16                                          0     0      0       0
 ---------------------------------------------------------------------------------
 (1) ___llmod                                             10     2      8     311
                                              0 BANK0     10     2      8
                            ___lldiv (ARG)
 ---------------------------------------------------------------------------------
 (1) ___lldiv                                             14     6      8     314
                                              0 COMMON    14     6      8
 ---------------------------------------------------------------------------------
 Estimated maximum stack depth 2
 ---------------------------------------------------------------------------------

 Call Graph Graphs:

 _main (ROOT)
   ___lldiv
   ___llmod
     ___lldiv (ARG)
   _initMain
     _internal_16
   _seg

 Address spaces:
Name               Size   Autos  Total    Cost      Usage
BIGRAM             7F0      0       0       0        0.0%
NULL                 0      0       0       0        0.0%
CODE                 0      0       0       0        0.0%
BITCOMMON            E      0       0       1        0.0%
BITSFR0              0      0       0       1        0.0%
SFR0                 0      0       0       1        0.0%
COMMON               E      E       E       2      100.0%
BITSFR1              0      0       0       2        0.0%
SFR1                 0      0       0       2        0.0%
BITSFR2              0      0       0       3        0.0%
SFR2                 0      0       0       3        0.0%
STACK                0      0       0       3        0.0%
BITBANK0            50      0       0       4        0.0%
BITSFR3              0      0       0       4        0.0%
SFR3                 0      0       0       4        0.0%
BANK0               50      C      12       5       22.5%
BITSFR4              0      0       0       5        0.0%
SFR4                 0      0       0       5        0.0%
BITBANK1            50      0       0       6        0.0%
BITSFR5              0      0       0       6        0.0%
SFR5                 0      0       0       6        0.0%
BANK1               50      0       0       7        0.0%
BITSFR6              0      0       0       7        0.0%
SFR6                 0      0       0       7        0.0%
BITBANK2            50      0       0       8        0.0%
BITSFR7              0      0       0       8        0.0%
SFR7                 0      0       0       8        0.0%
BANK2               50      0       0       9        0.0%
BITSFR8              0      0       0       9        0.0%
SFR8                 0      0       0       9        0.0%
BITBANK3            50      0       0      10        0.0%
BITSFR9              0      0       0      10        0.0%
SFR9                 0      0       0      10        0.0%
BANK3               50      0       0      11        0.0%
BITSFR10             0      0       0      11        0.0%
SFR10                0      0       0      11        0.0%
BITBANK4            50      0       0      12        0.0%
BITSFR11             0      0       0      12        0.0%
SFR11                0      0       0      12        0.0%
BANK4               50      0       0      13        0.0%
BITSFR12             0      0       0      13        0.0%
SFR12                0      0       0      13        0.0%
BITSFR13             0      0       0      14        0.0%
SFR13                0      0       0      14        0.0%
ABS                  0      0      20      14        0.0%
BITBANK5            50      0       0      15        0.0%
BITSFR14             0      0       0      15        0.0%
SFR14                0      0       0      15        0.0%
BANK5               50      0       0      16        0.0%
BITSFR15             0      0       0      16        0.0%
SFR15                0      0       0      16        0.0%
BITBANK6            50      0       0      17        0.0%
BITSFR16             0      0       0      17        0.0%
SFR16                0      0       0      17        0.0%
BANK6               50      0       0      18        0.0%
BITSFR17             0      0       0      18        0.0%
SFR17                0      0       0      18        0.0%
BITBANK7            50      0       0      19        0.0%
BITSFR18             0      0       0      19        0.0%
SFR18                0      0       0      19        0.0%
BANK7               50      0       0      20        0.0%
BITSFR19             0      0       0      20        0.0%
SFR19                0      0       0      20        0.0%
BITBANK8            50      0       0      21        0.0%
BITSFR20             0      0       0      21        0.0%
SFR20                0      0       0      21        0.0%
BANK8               50      0       0      22        0.0%
BITSFR21             0      0       0      22        0.0%
SFR21                0      0       0      22        0.0%
BITBANK9            50      0       0      23        0.0%
BITSFR22             0      0       0      23        0.0%
SFR22                0      0       0      23        0.0%
BANK9               50      0       0      24        0.0%
BITSFR23             0      0       0      24        0.0%
SFR23                0      0       0      24        0.0%
BITBANK10           50      0       0      25        0.0%
BITSFR24             0      0       0      25        0.0%
SFR24                0      0       0      25        0.0%
BANK10              50      0       0      26        0.0%
BITSFR25             0      0       0      26        0.0%
SFR25                0      0       0      26        0.0%
BITBANK11           50      0       0      27        0.0%
BITSFR26             0      0       0      27        0.0%
SFR26                0      0       0      27        0.0%
BITSFR27             0      0       0      28        0.0%
SFR27                0      0       0      28        0.0%
DATA                 0      0      20      28        0.0%
BANK11              50      0       0      29        0.0%
BITSFR28             0      0       0      29        0.0%
SFR28                0      0       0      29        0.0%
BITBANK12           50      0       0      30        0.0%
BITSFR29             0      0       0      30        0.0%
SFR29                0      0       0      30        0.0%
BANK12              50      0       0      31        0.0%
BITSFR30             0      0       0      31        0.0%
SFR30                0      0       0      31        0.0%
BITBANK13           50      0       0      32        0.0%
BITSFR31             0      0       0      32        0.0%
SFR31                0      0       0      32        0.0%
BANK13              50      0       0      33        0.0%
BITBANK14           50      0       0      34        0.0%
BANK14              50      0       0      35        0.0%
BITBANK15           50      0       0      36        0.0%
BANK15              50      0       0      37        0.0%
BITBANK16           50      0       0      38        0.0%
BANK16              50      0       0      39        0.0%
BITBANK17           50      0       0      40        0.0%
BANK17              50      0       0      41        0.0%
BITBANK18           50      0       0      42        0.0%
BANK18              50      0       0      43        0.0%
BITBANK19           50      0       0      44        0.0%
BANK19              50      0       0      45        0.0%
BITBANK20           50      0       0      46        0.0%
BANK20              50      0       0      47        0.0%
BITBANK21           50      0       0      48        0.0%
BANK21              50      0       0      49        0.0%
BITBANK22           50      0       0      50        0.0%
BANK22              50      0       0      51        0.0%
BITBANK23           50      0       0      52        0.0%
BANK23              50      0       0      53        0.0%
BITBANK24           50      0       0      54        0.0%
BANK24              50      0       0      55        0.0%
BITBANK25           20      0       0      56        0.0%
BANK25              20      0       0      57        0.0%


Microchip Technology PIC Macro Assembler V2.45 build 20230818022343 
Symbol Table                                                                                   Tue Dec 05 06:46:41 2023

                      _i 002C                       l32 0683                       l19 0730  
                     l61 068C                      l180 078A                      l374 06D7  
                    l810 074F                      l802 0680                      l820 0775  
                    l812 0753                      l804 0731                      l822 077C  
                    l814 075A                      l806 0741                      l830 0696  
                    l750 0684                      l816 076C                      l808 0744  
                    l824 0782                      l840 06C2                      l832 0699  
                    l752 06D8                      l818 0774                      l842 06C9  
                    l834 06A4                      l770 06ED                      l762 06E3  
                    l754 06D9                      l850 078E                      l836 06A8  
                    l844 06CF                      l828 068D                      l860 07DB  
                    l852 0790                      l838 06BA                      l790 0706  
                    l782 06FC                      l774 06F2                      l766 06E8  
                    l758 06DE                      l862 07E8                      l854 0799  
                    l864 07EA                      l856 07A7                      l848 078B  
                    l786 0701                      l778 06F7                      l858 07B0  
                    l796 070B                      l886 0710                      u210 0782  
                    u211 0781                      u220 0696                      u205 0776  
                    u221 0695                      u150 0741                      u151 0740  
                    u240 06A8                      u241 06A7                      u170 0753  
                    u250 06BA                      u171 0752                      u251 06B9  
                    u235 069A                      u165 0745                      u190 076C  
                    u270 06CF                      u191 076B                      u271 06CE  
                    u255 06B6                      u280 07A7                      u185 0754  
                    u265 06C3                      u281 07A6                      u195 0768  
                    u297 07EE                      _seg 06D8                      wreg 0009  
                   ?_seg 0070                     _SCS0 04C8                     _SCS1 04C9  
                   _main 078B                     btemp 007E                     start 0003  
                  ??_seg 0072                    ?_main 0070          __end_of___lldiv 078B  
        __end_of___llmod 06D8                    _IRCF0 04CB                    _IRCF1 04CC  
                  _IRCF2 04CD                    _IRCF3 04CE                    _PORTD 000F  
                  _TRISD 008F                    _digit 0031                    status 0003  
                  wtemp0 007E             ?_internal_16 0070          __initialization 07F6  
           __end_of_main 07F6                   ??_main 002A         ___llmod@dividend 0024  
                 _SPLLEN 04CF                ??___lldiv 0078                ??___llmod 0028  
       __end_of_initMain 0684                   seg@num 0070  __end_of__initialization 07FD  
         __pcstackCOMMON 0070               __pbssBANK0 002C               __pmaintext 078B  
             _digitCount 0030                ?_initMain 0070                  ___lldiv 0731  
                ___llmod 068D                  __ptext1 06D8                  __ptext2 0680  
                __ptext3 0684                  __ptext4 068D                  __ptext5 0731  
   end_of_initialization 07FD               ??_initMain 0070          ___lldiv@divisor 0070  
        ___lldiv@counter 007D      start_initialization 07F6              __end_of_seg 0731  
        ___llmod@divisor 0020          ___llmod@counter 0029                ___latbits 0003  
          __pcstackBANK0 0020            ??_internal_16 0070                 ?___lldiv 0070  
               ?___llmod 0020      __end_of_internal_16 068D                 _initMain 0680  
            _internal_16 0684         ___lldiv@dividend 0074         ___lldiv@quotient 0079  
